28/03/2024 11:27:16:	function generator:  GPIB1::8 stop1 DONE
28/03/2024 11:27:17:	function generator:  GPIB1::8 fn2=SIN *fr2=3000 ph2=0 of2=0 mo2=CONT dy2=0us DONE
28/03/2024 11:27:18:	function generator:  GPIB1::8 start2 DONE
28/03/2024 11:27:18:	NO ACTION	 DONE
28/03/2024 11:27:19:	create file	D:\data\Cycle 195\exp_CRG-3126\rawdata\sc\rockingR_28Mar1127.dat	 DONE
room to enter remarks DONE
28/03/2024 11:27:20:	move motor	S18.axis2.piezo rotation to 0.930750deg	 DONE
28/03/2024 11:27:23:	10	count	time	5.000000s/cts	O Det=16	H Det=184	Mon Det=5	Aux Det=2	O+H=202	 DONE
28/03/2024 11:27:31:	move motor	S18.axis2.piezo rotation to 0.930800deg	 DONE
28/03/2024 11:27:34:	11	count	time	5.000000s/cts	O Det=14	H Det=225	Mon Det=3	Aux Det=1	O+H=240	 DONE
28/03/2024 11:27:42:	move motor	S18.axis2.piezo rotation to 0.930850deg	 DONE
28/03/2024 11:27:45:	12	count	time	5.000000s/cts	O Det=20	H Det=255	Mon Det=6	Aux Det=0	O+H=275	 DONE
28/03/2024 11:27:53:	move motor	S18.axis2.piezo rotation to 0.930900deg	 DONE
28/03/2024 11:27:56:	13	count	time	5.000000s/cts	O Det=37	H Det=293	Mon Det=9	Aux Det=1	O+H=331	 DONE
28/03/2024 11:28:04:	move motor	S18.axis2.piezo rotation to 0.930950deg	 DONE
28/03/2024 11:28:08:	14	count	time	5.000000s/cts	O Det=58	H Det=342	Mon Det=10	Aux Det=2	O+H=402	 DONE
28/03/2024 11:28:15:	move motor	S18.axis2.piezo rotation to 0.931000deg	 DONE
28/03/2024 11:28:18:	15	count	time	5.000000s/cts	O Det=97	H Det=370	Mon Det=8	Aux Det=0	O+H=467	 DONE
28/03/2024 11:28:26:	move motor	S18.axis2.piezo rotation to 0.931050deg	 DONE
28/03/2024 11:28:29:	16	count	time	5.000000s/cts	O Det=156	H Det=461	Mon Det=10	Aux Det=0	O+H=617	 DONE
28/03/2024 11:28:37:	move motor	S18.axis2.piezo rotation to 0.931100deg	 DONE
28/03/2024 11:28:40:	17	count	time	5.000000s/cts	O Det=255	H Det=593	Mon Det=6	Aux Det=2	O+H=850	 DONE
28/03/2024 11:28:48:	move motor	S18.axis2.piezo rotation to 0.931150deg	 DONE
28/03/2024 11:28:51:	18	count	time	5.000000s/cts	O Det=353	H Det=772	Mon Det=7	Aux Det=0	O+H=1125	 DONE
28/03/2024 11:28:59:	move motor	S18.axis2.piezo rotation to 0.931200deg	 DONE
28/03/2024 11:29:02:	19	count	time	5.000000s/cts	O Det=451	H Det=964	Mon Det=9	Aux Det=0	O+H=1415	 DONE
28/03/2024 11:29:10:	move motor	S18.axis2.piezo rotation to 0.931250deg	 DONE
28/03/2024 11:29:13:	20	count	time	5.000000s/cts	O Det=623	H Det=1179	Mon Det=7	Aux Det=0	O+H=1802	 DONE
28/03/2024 11:29:21:	move motor	S18.axis2.piezo rotation to 0.931300deg	 DONE
28/03/2024 11:29:24:	21	count	time	5.000000s/cts	O Det=710	H Det=1479	Mon Det=8	Aux Det=1	O+H=2190	 DONE
28/03/2024 11:29:32:	move motor	S18.axis2.piezo rotation to 0.931350deg	 DONE
28/03/2024 11:29:35:	22	count	time	5.000000s/cts	O Det=758	H Det=1663	Mon Det=6	Aux Det=0	O+H=2421	 DONE
28/03/2024 11:29:43:	move motor	S18.axis2.piezo rotation to 0.931400deg	 DONE
28/03/2024 11:29:46:	23	count	time	5.000000s/cts	O Det=773	H Det=1888	Mon Det=5	Aux Det=0	O+H=2661	 DONE
28/03/2024 11:29:54:	move motor	S18.axis2.piezo rotation to 0.931450deg	 DONE
28/03/2024 11:29:57:	24	count	time	5.000000s/cts	O Det=726	H Det=1868	Mon Det=12	Aux Det=1	O+H=2595	 DONE
28/03/2024 11:30:05:	move motor	S18.axis2.piezo rotation to 0.931500deg	 DONE
28/03/2024 11:30:08:	25	count	time	5.000000s/cts	O Det=586	H Det=1794	Mon Det=7	Aux Det=1	O+H=2381	 DONE
28/03/2024 11:30:16:	move motor	S18.axis2.piezo rotation to 0.931550deg	 DONE
28/03/2024 11:30:19:	26	count	time	5.000000s/cts	O Det=542	H Det=1565	Mon Det=7	Aux Det=2	O+H=2109	 DONE
28/03/2024 11:30:27:	move motor	S18.axis2.piezo rotation to 0.931600deg	 DONE
28/03/2024 11:30:30:	27	count	time	5.000000s/cts	O Det=374	H Det=1188	Mon Det=8	Aux Det=1	O+H=1563	 DONE
28/03/2024 11:30:38:	move motor	S18.axis2.piezo rotation to 0.931650deg	 DONE
28/03/2024 11:30:41:	28	count	time	5.000000s/cts	O Det=336	H Det=945	Mon Det=6	Aux Det=4	O+H=1285	 DONE
28/03/2024 11:30:49:	move motor	S18.axis2.piezo rotation to 0.931700deg	 DONE
28/03/2024 11:30:52:	29	count	time	5.000000s/cts	O Det=239	H Det=767	Mon Det=8	Aux Det=1	O+H=1007	 DONE
28/03/2024 11:31:00:	move motor	S18.axis2.piezo rotation to 0.931750deg	 DONE
28/03/2024 11:31:03:	30	count	time	5.000000s/cts	O Det=168	H Det=666	Mon Det=10	Aux Det=2	O+H=836	 DONE
28/03/2024 11:31:11:	move motor	S18.axis2.piezo rotation to 0.931800deg	 DONE
28/03/2024 11:31:14:	31	count	time	5.000000s/cts	O Det=140	H Det=559	Mon Det=8	Aux Det=1	O+H=700	 DONE
28/03/2024 11:31:22:	move motor	S18.axis2.piezo rotation to 0.931850deg	 DONE
28/03/2024 11:31:25:	32	count	time	5.000000s/cts	O Det=118	H Det=557	Mon Det=4	Aux Det=2	O+H=677	 DONE
28/03/2024 11:31:32:	move motor	S18.axis2.piezo rotation to 0.931900deg	 DONE
28/03/2024 11:31:36:	33	count	time	5.000000s/cts	O Det=52	H Det=457	Mon Det=6	Aux Det=2	O+H=511	 DONE
28/03/2024 11:31:44:	move motor	S18.axis2.piezo rotation to 0.931950deg	 DONE
28/03/2024 11:31:47:	34	count	time	5.000000s/cts	O Det=31	H Det=384	Mon Det=5	Aux Det=0	O+H=415	 DONE
28/03/2024 11:31:54:	move motor	S18.axis2.piezo rotation to 0.932000deg	 DONE
28/03/2024 11:31:58:	35	count	time	5.000000s/cts	O Det=24	H Det=355	Mon Det=10	Aux Det=1	O+H=380	 DONE
28/03/2024 11:32:06:	move motor	S18.axis2.piezo rotation to 0.932050deg	 DONE
28/03/2024 11:32:09:	36	count	time	5.000000s/cts	O Det=26	H Det=307	Mon Det=5	Aux Det=0	O+H=333	 DONE
28/03/2024 11:32:17:	move motor	S18.axis2.piezo rotation to 0.932100deg	 DONE
28/03/2024 11:32:20:	37	count	time	5.000000s/cts	O Det=22	H Det=308	Mon Det=6	Aux Det=0	O+H=330	 DONE
28/03/2024 11:32:27:	move motor	S18.axis2.piezo rotation to 0.932150deg	 DONE
28/03/2024 11:32:31:	38	count	time	5.000000s/cts	O Det=56	H Det=355	Mon Det=4	Aux Det=0	O+H=411	 DONE
28/03/2024 11:32:38:	move motor	S18.axis2.piezo rotation to 0.932200deg	 DONE
28/03/2024 11:32:42:	39	count	time	5.000000s/cts	O Det=85	H Det=370	Mon Det=7	Aux Det=1	O+H=456	 DONE
28/03/2024 11:32:49:	move motor	S18.axis2.piezo rotation to 0.932250deg	 DONE
28/03/2024 11:32:53:	40	count	time	5.000000s/cts	O Det=64	H Det=379	Mon Det=1	Aux Det=1	O+H=444	 DONE
28/03/2024 11:33:00:	move motor	S18.axis2.piezo rotation to 0.932300deg	 DONE
28/03/2024 11:33:04:	41	count	time	5.000000s/cts	O Det=37	H Det=369	Mon Det=3	Aux Det=1	O+H=407	 DONE
28/03/2024 11:33:11:	move motor	S18.axis2.piezo rotation to 0.932350deg	 DONE
28/03/2024 11:33:14:	42	count	time	5.000000s/cts	O Det=49	H Det=388	Mon Det=6	Aux Det=0	O+H=437	 DONE
28/03/2024 11:33:22:	move motor	S18.axis2.piezo rotation to 0.932400deg	 DONE
28/03/2024 11:33:25:	43	count	time	5.000000s/cts	O Det=69	H Det=377	Mon Det=12	Aux Det=0	O+H=446	 DONE
28/03/2024 11:33:33:	move motor	S18.axis2.piezo rotation to 0.932450deg	 DONE
28/03/2024 11:33:36:	44	count	time	5.000000s/cts	O Det=85	H Det=450	Mon Det=9	Aux Det=0	O+H=535	 DONE
28/03/2024 11:33:44:	move motor	S18.axis2.piezo rotation to 0.932500deg	 DONE
28/03/2024 11:33:47:	45	count	time	5.000000s/cts	O Det=140	H Det=519	Mon Det=6	Aux Det=2	O+H=661	 DONE
28/03/2024 11:33:54:	move motor	S18.axis2.piezo rotation to 0.932550deg	 DONE
28/03/2024 11:33:58:	46	count	time	5.000000s/cts	O Det=219	H Det=595	Mon Det=10	Aux Det=0	O+H=814	 DONE
28/03/2024 11:34:06:	move motor	S18.axis2.piezo rotation to 0.932600deg	 DONE
28/03/2024 11:34:09:	47	count	time	5.000000s/cts	O Det=352	H Det=720	Mon Det=4	Aux Det=0	O+H=1072	 DONE
28/03/2024 11:34:17:	move motor	S18.axis2.piezo rotation to 0.932650deg	 DONE
28/03/2024 11:34:20:	48	count	time	5.000000s/cts	O Det=454	H Det=932	Mon Det=8	Aux Det=1	O+H=1387	 DONE
28/03/2024 11:34:27:	move motor	S18.axis2.piezo rotation to 0.932700deg	 DONE
28/03/2024 11:34:31:	49	count	time	5.000000s/cts	O Det=560	H Det=1211	Mon Det=8	Aux Det=2	O+H=1773	 DONE
28/03/2024 11:34:38:	move motor	S18.axis2.piezo rotation to 0.932750deg	 DONE
28/03/2024 11:34:41:	50	count	time	5.000000s/cts	O Det=705	H Det=1589	Mon Det=6	Aux Det=0	O+H=2294	 DONE
28/03/2024 11:34:49:	move motor	S18.axis2.piezo rotation to 0.932800deg	 DONE
28/03/2024 11:34:52:	51	count	time	5.000000s/cts	O Det=741	H Det=1768	Mon Det=9	Aux Det=0	O+H=2509	 DONE
28/03/2024 11:35:00:	move motor	S18.axis2.piezo rotation to 0.932850deg	 DONE
28/03/2024 11:35:03:	52	count	time	5.000000s/cts	O Det=823	H Det=1751	Mon Det=5	Aux Det=3	O+H=2577	 DONE
28/03/2024 11:35:11:	move motor	S18.axis2.piezo rotation to 0.932900deg	 DONE
28/03/2024 11:35:14:	53	count	time	5.000000s/cts	O Det=679	H Det=1804	Mon Det=9	Aux Det=1	O+H=2484	 DONE
28/03/2024 11:35:22:	move motor	S18.axis2.piezo rotation to 0.932950deg	 DONE
28/03/2024 11:35:25:	54	count	time	5.000000s/cts	O Det=669	H Det=1812	Mon Det=7	Aux Det=0	O+H=2481	 DONE
28/03/2024 11:35:33:	move motor	S18.axis2.piezo rotation to 0.933000deg	 DONE
28/03/2024 11:35:36:	55	count	time	5.000000s/cts	O Det=550	H Det=1587	Mon Det=9	Aux Det=1	O+H=2138	 DONE
28/03/2024 11:35:43:	move motor	S18.axis2.piezo rotation to 0.933050deg	 DONE
28/03/2024 11:35:47:	56	count	time	5.000000s/cts	O Det=352	H Det=1210	Mon Det=6	Aux Det=0	O+H=1562	 DONE
28/03/2024 11:35:54:	move motor	S18.axis2.piezo rotation to 0.933100deg	 DONE
28/03/2024 11:35:57:	57	count	time	5.000000s/cts	O Det=291	H Det=942	Mon Det=9	Aux Det=2	O+H=1235	 DONE
28/03/2024 11:36:05:	move motor	S18.axis2.piezo rotation to 0.933150deg	 DONE
28/03/2024 11:36:08:	58	count	time	5.000000s/cts	O Det=175	H Det=717	Mon Det=4	Aux Det=0	O+H=892	 DONE
28/03/2024 11:36:16:	move motor	S18.axis2.piezo rotation to 0.933200deg	 DONE
28/03/2024 11:36:19:	59	count	time	5.000000s/cts	O Det=164	H Det=632	Mon Det=8	Aux Det=2	O+H=798	 DONE
28/03/2024 11:36:27:	move motor	S18.axis2.piezo rotation to 0.933250deg	 DONE
28/03/2024 11:36:30:	60	count	time	5.000000s/cts	O Det=82	H Det=496	Mon Det=10	Aux Det=1	O+H=579	 DONE
28/03/2024 11:36:37:	move motor	S18.axis2.piezo rotation to 0.933300deg	 DONE
28/03/2024 11:36:40:	61	count	time	5.000000s/cts	O Det=62	H Det=365	Mon Det=6	Aux Det=1	O+H=428	 DONE
28/03/2024 11:36:48:	move motor	S18.axis2.piezo rotation to 0.933350deg	 DONE
28/03/2024 11:36:52:	62	count	time	5.000000s/cts	O Det=39	H Det=325	Mon Det=5	Aux Det=0	O+H=364	 DONE
28/03/2024 11:36:59:	move motor	S18.axis2.piezo rotation to 0.933400deg	 DONE
28/03/2024 11:37:02:	63	count	time	5.000000s/cts	O Det=35	H Det=292	Mon Det=8	Aux Det=2	O+H=329	 DONE
28/03/2024 11:37:10:	move motor	S18.axis2.piezo rotation to 0.933450deg	 DONE
28/03/2024 11:37:13:	64	count	time	5.000000s/cts	O Det=25	H Det=220	Mon Det=6	Aux Det=1	O+H=246	 DONE
28/03/2024 11:37:21:	move motor	S18.axis2.piezo rotation to 0.933500deg	 DONE
28/03/2024 11:37:25:	65	count	time	5.000000s/cts	O Det=14	H Det=245	Mon Det=6	Aux Det=4	O+H=263	 DONE
28/03/2024 11:37:32:	move motor	S18.axis2.piezo rotation to 0.933550deg	 DONE
28/03/2024 11:37:36:	66	count	time	5.000000s/cts	O Det=17	H Det=193	Mon Det=7	Aux Det=0	O+H=210	 DONE
28/03/2024 11:37:43:	move motor	S18.axis2.piezo rotation to 0.933600deg	 DONE
28/03/2024 11:37:47:	67	count	time	5.000000s/cts	O Det=12	H Det=161	Mon Det=6	Aux Det=3	O+H=176	 DONE
28/03/2024 11:37:54:	move motor	S18.axis2.piezo rotation to 0.933650deg	 DONE
28/03/2024 11:37:57:	68	count	time	5.000000s/cts	O Det=8	H Det=168	Mon Det=5	Aux Det=2	O+H=178	 DONE
28/03/2024 11:38:05:	move motor	S18.axis2.piezo rotation to 0.933700deg	 DONE
28/03/2024 11:38:08:	69	count	time	5.000000s/cts	O Det=4	H Det=137	Mon Det=7	Aux Det=0	O+H=141	 DONE
28/03/2024 11:38:16:	close file and end scan	 DONE
28/03/2024 11:38:17:	move motor	S18.axis2.piezo rotation to fit SUM RPEAK50	0.932866reached 0.93288  DONE
call of rockingR.sc DONE
28/03/2024 11:38:20:	NO ACTION	 DONE
28/03/2024 11:38:20:	function generator:  GPIB1::8 *am2=1.0 DONE
28/03/2024 11:38:21:	TEMPERATUR	COM3	1	23.6 DONE
 DONE
28/03/2024 11:38:22:	move motor	S18.axis2.phaseshifter 1 to -2.200000deg	 DONE
28/03/2024 11:38:27:	create file	D:\data\Cycle 195\exp_CRG-3126\rawdata\sc\ifg_vs_alpha2_19pt_28Mar1138.dat	 DONE
room to enter remarks DONE
28/03/2024 11:38:28:	move motor	S18.axis2.phaseshifter 1 to -2.100000deg	 DONE
28/03/2024 11:38:32:	1	count	time	20.000000s/cts	O Det=3349	H Det=6953	Mon Det=18	Aux Det=4	O+H=10306	 DONE
28/03/2024 11:38:54:	move motor	S18.axis2.phaseshifter 1 to -1.890000deg	 DONE
28/03/2024 11:38:58:	2	count	time	20.000000s/cts	O Det=2079	H Det=8405	Mon Det=20	Aux Det=2	O+H=10486	 DONE
28/03/2024 11:39:21:	move motor	S18.axis2.phaseshifter 1 to -1.680000deg	 DONE
28/03/2024 11:39:25:	3	count	time	20.000000s/cts	O Det=2130	H Det=8158	Mon Det=29	Aux Det=1	O+H=10289	 DONE
28/03/2024 11:39:47:	move motor	S18.axis2.phaseshifter 1 to -1.470000deg	 DONE
28/03/2024 11:39:51:	4	count	time	20.000000s/cts	O Det=2989	H Det=7517	Mon Det=19	Aux Det=2	O+H=10508	 DONE
28/03/2024 11:40:13:	move motor	S18.axis2.phaseshifter 1 to -1.260000deg	 DONE
28/03/2024 11:40:17:	5	count	time	20.000000s/cts	O Det=3982	H Det=6403	Mon Det=32	Aux Det=0	O+H=10385	 DONE
28/03/2024 11:40:40:	move motor	S18.axis2.phaseshifter 1 to -1.050000deg	 DONE
28/03/2024 11:40:43:	6	count	time	20.000000s/cts	O Det=4939	H Det=5425	Mon Det=25	Aux Det=1	O+H=10365	 DONE
28/03/2024 11:41:06:	move motor	S18.axis2.phaseshifter 1 to -0.840000deg	 DONE
28/03/2024 11:41:10:	7	count	time	20.000000s/cts	O Det=5193	H Det=5131	Mon Det=28	Aux Det=5	O+H=10329	 DONE
28/03/2024 11:41:32:	move motor	S18.axis2.phaseshifter 1 to -0.630000deg	 DONE
28/03/2024 11:41:36:	8	count	time	20.000000s/cts	O Det=4914	H Det=5430	Mon Det=23	Aux Det=3	O+H=10347	 DONE
28/03/2024 11:41:59:	move motor	S18.axis2.phaseshifter 1 to -0.420000deg	 DONE
28/03/2024 11:42:02:	9	count	time	20.000000s/cts	O Det=4234	H Det=6295	Mon Det=21	Aux Det=3	O+H=10532	 DONE
28/03/2024 11:42:25:	move motor	S18.axis2.phaseshifter 1 to -0.210000deg	 DONE
28/03/2024 11:42:29:	10	count	time	20.000000s/cts	O Det=3388	H Det=7003	Mon Det=25	Aux Det=3	O+H=10394	 DONE
28/03/2024 11:42:51:	move motor	S18.axis2.phaseshifter 1 to 0.000000deg	 DONE
28/03/2024 11:42:55:	11	count	time	20.000000s/cts	O Det=2316	H Det=8128	Mon Det=19	Aux Det=1	O+H=10445	 DONE
28/03/2024 11:43:18:	move motor	S18.axis2.phaseshifter 1 to 0.210000deg	 DONE
28/03/2024 11:43:21:	12	count	time	20.000000s/cts	O Det=2195	H Det=8170	Mon Det=9	Aux Det=3	O+H=10368	 DONE
28/03/2024 11:43:44:	move motor	S18.axis2.phaseshifter 1 to 0.420000deg	 DONE
28/03/2024 11:43:48:	13	count	time	20.000000s/cts	O Det=2300	H Det=8158	Mon Det=22	Aux Det=1	O+H=10459	 DONE
28/03/2024 11:44:11:	move motor	S18.axis2.phaseshifter 1 to 0.630000deg	 DONE
28/03/2024 11:44:14:	14	count	time	20.000000s/cts	O Det=2824	H Det=7580	Mon Det=20	Aux Det=4	O+H=10408	 DONE
28/03/2024 11:44:37:	move motor	S18.axis2.phaseshifter 1 to 0.840000deg	 DONE
28/03/2024 11:44:41:	15	count	time	20.000000s/cts	O Det=3783	H Det=6554	Mon Det=27	Aux Det=1	O+H=10338	 DONE
28/03/2024 11:45:03:	move motor	S18.axis2.phaseshifter 1 to 1.050000deg	 DONE
28/03/2024 11:45:07:	16	count	time	20.000000s/cts	O Det=4728	H Det=5513	Mon Det=16	Aux Det=1	O+H=10242	 DONE
28/03/2024 11:45:30:	move motor	S18.axis2.phaseshifter 1 to 1.260000deg	 DONE
28/03/2024 11:45:33:	17	count	time	20.000000s/cts	O Det=5190	H Det=5238	Mon Det=33	Aux Det=3	O+H=10431	 DONE
28/03/2024 11:45:56:	move motor	S18.axis2.phaseshifter 1 to 1.470000deg	 DONE
28/03/2024 11:46:00:	18	count	time	20.000000s/cts	O Det=4881	H Det=5651	Mon Det=22	Aux Det=2	O+H=10534	 DONE
28/03/2024 11:46:22:	move motor	S18.axis2.phaseshifter 1 to 1.680000deg	 DONE
28/03/2024 11:46:26:	19	count	time	20.000000s/cts	O Det=4079	H Det=6173	Mon Det=27	Aux Det=7	O+H=10259	 DONE
28/03/2024 11:46:49:	move motor	S18.axis2.phaseshifter 1 to 1.890000deg	 DONE
28/03/2024 11:46:52:	20	count	time	20.000000s/cts	O Det=3288	H Det=7169	Mon Det=25	Aux Det=3	O+H=10460	 DONE
28/03/2024 11:47:15:	move motor	S18.axis2.phaseshifter 1 to 2.100000deg	 DONE
28/03/2024 11:47:19:	21	count	time	20.000000s/cts	O Det=2458	H Det=7980	Mon Det=20	Aux Det=5	O+H=10443	 DONE
28/03/2024 11:47:41:	move motor	S18.axis2.phaseshifter 1 to 2.310000deg	 DONE
28/03/2024 11:47:45:	22	count	time	20.000000s/cts	O Det=1729	H Det=8637	Mon Det=31	Aux Det=3	O+H=10369	 DONE
28/03/2024 11:48:08:	close file and end scan	 DONE
call of ifgPS1_2p_22pt.sc DONE
28/03/2024 11:48:09:	NO ACTION	 DONE
28/03/2024 11:48:09:	function generator:  GPIB1::8 *am2=1.5 DONE
28/03/2024 11:48:10:	TEMPERATUR	COM3	1	23.45 DONE
 DONE
28/03/2024 11:48:11:	move motor	S18.axis2.phaseshifter 1 to -2.200000deg	 DONE
28/03/2024 11:48:16:	create file	D:\data\Cycle 195\exp_CRG-3126\rawdata\sc\ifg_vs_alpha2_19pt_28Mar1148.dat	 DONE
room to enter remarks DONE
28/03/2024 11:48:17:	move motor	S18.axis2.phaseshifter 1 to -2.100000deg	 DONE
28/03/2024 11:48:21:	1	count	time	20.000000s/cts	O Det=3423	H Det=7040	Mon Det=24	Aux Det=5	O+H=10468	 DONE
28/03/2024 11:48:43:	move motor	S18.axis2.phaseshifter 1 to -1.890000deg	 DONE
28/03/2024 11:48:47:	2	count	time	20.000000s/cts	O Det=3050	H Det=7445	Mon Det=33	Aux Det=4	O+H=10499	 DONE
28/03/2024 11:49:10:	move motor	S18.axis2.phaseshifter 1 to -1.680000deg	 DONE
28/03/2024 11:49:13:	3	count	time	20.000000s/cts	O Det=2785	H Det=7710	Mon Det=23	Aux Det=6	O+H=10501	 DONE
28/03/2024 11:49:36:	move motor	S18.axis2.phaseshifter 1 to -1.470000deg	 DONE
28/03/2024 11:49:39:	4	count	time	20.000000s/cts	