28/03/2024 10:49:42:	function generator:  GPIB1::8 stop1 DONE
28/03/2024 10:49:42:	function generator:  GPIB1::8 fn2=SIN *fr2=3000 ph2=0 of2=0 mo2=CONT dy2=0us DONE
28/03/2024 10:49:43:	function generator:  GPIB1::8 start2 DONE
28/03/2024 10:49:43:	NO ACTION	 DONE
28/03/2024 10:49:44:	create file	D:\data\Cycle 195\exp_CRG-3126\rawdata\sc\rockingR_28Mar1049.dat	 DONE
room to enter remarks DONE
28/03/2024 10:49:45:	move motor	S18.axis2.piezo rotation to 0.930750deg	 DONE
28/03/2024 10:49:50:	1	count	time	5.000000s/cts	O Det=16	H Det=193	Mon Det=3	Aux Det=2	O+H=0	 DONE
28/03/2024 10:49:57:	move motor	S18.axis2.piezo rotation to 0.930800deg	 DONE
28/03/2024 10:50:00:	2	count	time	5.000000s/cts	O Det=18	H Det=228	Mon Det=4	Aux Det=0	O+H=0	 DONE
28/03/2024 10:50:08:	move motor	S18.axis2.piezo rotation to 0.930850deg	 DONE
28/03/2024 10:50:11:	3	count	time	5.000000s/cts	O Det=21	H Det=279	Mon Det=2	Aux Det=1	O+H=0	 DONE
28/03/2024 10:50:19:	move motor	S18.axis2.piezo rotation to 0.930900deg	 DONE
28/03/2024 10:50:22:	4	count	time	5.000000s/cts	O Det=30	H Det=311	Mon Det=4	Aux Det=0	O+H=0	 DONE
28/03/2024 10:50:30:	move motor	S18.axis2.piezo rotation to 0.930950deg	 DONE
28/03/2024 10:50:33:	5	count	time	5.000000s/cts	O Det=49	H Det=370	Mon Det=6	Aux Det=0	O+H=0	 DONE
28/03/2024 10:50:41:	move motor	S18.axis2.piezo rotation to 0.931000deg	 DONE
28/03/2024 10:50:44:	6	count	time	5.000000s/cts	O Det=74	H Det=429	Mon Det=6	Aux Det=0	O+H=0	 DONE
28/03/2024 10:50:52:	move motor	S18.axis2.piezo rotation to 0.931050deg	 DONE
28/03/2024 10:50:56:	7	count	time	5.000000s/cts	O Det=144	H Det=534	Mon Det=4	Aux Det=0	O+H=0	 DONE
28/03/2024 10:51:03:	move motor	S18.axis2.piezo rotation to 0.931100deg	 DONE
28/03/2024 10:51:07:	8	count	time	5.000000s/cts	O Det=177	H Det=604	Mon Det=2	Aux Det=1	O+H=0	 DONE
28/03/2024 10:51:14:	move motor	S18.axis2.piezo rotation to 0.931150deg	 DONE
28/03/2024 10:51:17:	9	count	time	5.000000s/cts	O Det=296	H Det=785	Mon Det=8	Aux Det=0	O+H=0	 DONE
28/03/2024 10:51:25:	move motor	S18.axis2.piezo rotation to 0.931200deg	 DONE
28/03/2024 10:51:28:	10	count	time	5.000000s/cts	O Det=444	H Det=963	Mon Det=6	Aux Det=0	O+H=0	 DONE
28/03/2024 10:51:36:	move motor	S18.axis2.piezo rotation to 0.931250deg	 DONE
28/03/2024 10:51:39:	11	count	time	5.000000s/cts	O Det=636	H Det=1263	Mon Det=4	Aux Det=0	O+H=0	 DONE
28/03/2024 10:51:47:	move motor	S18.axis2.piezo rotation to 0.931300deg	 DONE
28/03/2024 10:51:50:	12	count	time	5.000000s/cts	O Det=713	H Det=1468	Mon Det=4	Aux Det=1	O+H=0	 DONE
28/03/2024 10:51:58:	move motor	S18.axis2.piezo rotation to 0.931350deg	 DONE
28/03/2024 10:52:01:	13	count	time	5.000000s/cts	O Det=847	H Det=1658	Mon Det=3	Aux Det=1	O+H=0	 DONE
28/03/2024 10:52:08:	move motor	S18.axis2.piezo rotation to 0.931400deg	 DONE
28/03/2024 10:52:12:	14	count	time	5.000000s/cts	O Det=860	H Det=1732	Mon Det=3	Aux Det=2	O+H=0	 DONE
28/03/2024 10:52:19:	move motor	S18.axis2.piezo rotation to 0.931450deg	 DONE
28/03/2024 10:52:23:	15	count	time	5.000000s/cts	O Det=887	H Det=1720	Mon Det=7	Aux Det=0	O+H=0	 DONE
28/03/2024 10:52:30:	move motor	S18.axis2.piezo rotation to 0.931500deg	 DONE
28/03/2024 10:52:33:	16	count	time	5.000000s/cts	O Det=813	H Det=1514	Mon Det=7	Aux Det=0	O+H=0	 DONE
28/03/2024 10:52:41:	move motor	S18.axis2.piezo rotation to 0.931550deg	 DONE
28/03/2024 10:52:44:	17	count	time	5.000000s/cts	O Det=737	H Det=1317	Mon Det=6	Aux Det=3	O+H=0	 DONE
28/03/2024 10:52:52:	move motor	S18.axis2.piezo rotation to 0.931600deg	 DONE
28/03/2024 10:52:55:	18	count	time	5.000000s/cts	O Det=521	H Det=999	Mon Det=5	Aux Det=1	O+H=0	 DONE
28/03/2024 10:53:03:	move motor	S18.axis2.piezo rotation to 0.931650deg	 DONE
28/03/2024 10:53:06:	19	count	time	5.000000s/cts	O Det=428	H Det=802	Mon Det=5	Aux Det=0	O+H=0	 DONE
28/03/2024 10:53:13:	move motor	S18.axis2.piezo rotation to 0.931700deg	 DONE
28/03/2024 10:53:16:	20	count	time	5.000000s/cts	O Det=277	H Det=693	Mon Det=5	Aux Det=1	O+H=0	 DONE
28/03/2024 10:53:24:	move motor	S18.axis2.piezo rotation to 0.931750deg	 DONE
28/03/2024 10:53:27:	21	count	time	5.000000s/cts	O Det=171	H Det=584	Mon Det=9	Aux Det=1	O+H=0	 DONE
28/03/2024 10:53:35:	move motor	S18.axis2.piezo rotation to 0.931800deg	 DONE
28/03/2024 10:53:38:	22	count	time	5.000000s/cts	O Det=143	H Det=564	Mon Det=7	Aux Det=0	O+H=0	 DONE
28/03/2024 10:53:46:	move motor	S18.axis2.piezo rotation to 0.931850deg	 DONE
28/03/2024 10:53:49:	23	count	time	5.000000s/cts	O Det=112	H Det=515	Mon Det=3	Aux Det=0	O+H=0	 DONE
28/03/2024 10:53:57:	move motor	S18.axis2.piezo rotation to 0.931900deg	 DONE
28/03/2024 10:54:00:	24	count	time	5.000000s/cts	O Det=59	H Det=439	Mon Det=3	Aux Det=0	O+H=0	 DONE
28/03/2024 10:54:08:	move motor	S18.axis2.piezo rotation to 0.931950deg	 DONE
28/03/2024 10:54:11:	25	count	time	5.000000s/cts	O Det=32	H Det=374	Mon Det=4	Aux Det=3	O+H=0	 DONE
28/03/2024 10:54:19:	move motor	S18.axis2.piezo rotation to 0.932000deg	 DONE
28/03/2024 10:54:23:	26	count	time	5.000000s/cts	O Det=26	H Det=342	Mon Det=6	Aux Det=2	O+H=0	 DONE
28/03/2024 10:54:30:	move motor	S18.axis2.piezo rotation to 0.932050deg	 DONE
28/03/2024 10:54:34:	27	count	time	5.000000s/cts	O Det=18	H Det=342	Mon Det=7	Aux Det=0	O+H=0	 DONE
28/03/2024 10:54:41:	move motor	S18.axis2.piezo rotation to 0.932100deg	 DONE
28/03/2024 10:54:44:	28	count	time	5.000000s/cts	O Det=24	H Det=337	Mon Det=5	Aux Det=1	O+H=0	 DONE
28/03/2024 10:54:52:	move motor	S18.axis2.piezo rotation to 0.932150deg	 DONE
28/03/2024 10:54:55:	29	count	time	5.000000s/cts	O Det=50	H Det=370	Mon Det=5	Aux Det=0	O+H=0	 DONE
28/03/2024 10:55:03:	move motor	S18.axis2.piezo rotation to 0.932200deg	 DONE
28/03/2024 10:55:06:	30	count	time	5.000000s/cts	O Det=76	H Det=441	Mon Det=5	Aux Det=0	O+H=0	 DONE
28/03/2024 10:55:14:	move motor	S18.axis2.piezo rotation to 0.932250deg	 DONE
28/03/2024 10:55:17:	31	count	time	5.000000s/cts	O Det=47	H Det=355	Mon Det=7	Aux Det=3	O+H=0	 DONE
28/03/2024 10:55:25:	move motor	S18.axis2.piezo rotation to 0.932300deg	 DONE
28/03/2024 10:55:28:	32	count	time	5.000000s/cts	O Det=38	H Det=392	Mon Det=4	Aux Det=1	O+H=0	 DONE
28/03/2024 10:55:36:	move motor	S18.axis2.piezo rotation to 0.932350deg	 DONE
28/03/2024 10:55:39:	33	count	time	5.000000s/cts	O Det=36	H Det=371	Mon Det=9	Aux Det=0	O+H=0	 DONE
28/03/2024 10:55:47:	move motor	S18.axis2.piezo rotation to 0.932400deg	 DONE
28/03/2024 10:55:50:	34	count	time	5.000000s/cts	O Det=57	H Det=415	Mon Det=11	Aux Det=1	O+H=0	 DONE
28/03/2024 10:55:57:	move motor	S18.axis2.piezo rotation to 0.932450deg	 DONE
28/03/2024 10:56:01:	35	count	time	5.000000s/cts	O Det=83	H Det=461	Mon Det=13	Aux Det=1	O+H=0	 DONE
28/03/2024 10:56:09:	move motor	S18.axis2.piezo rotation to 0.932500deg	 DONE
28/03/2024 10:56:12:	36	count	time	5.000000s/cts	O Det=123	H Det=565	Mon Det=6	Aux Det=1	O+H=0	 DONE
28/03/2024 10:56:19:	move motor	S18.axis2.piezo rotation to 0.932550deg	 DONE
28/03/2024 10:56:22:	37	count	time	5.000000s/cts	O Det=177	H Det=666	Mon Det=7	Aux Det=1	O+H=0	 DONE
28/03/2024 10:56:30:	move motor	S18.axis2.piezo rotation to 0.932600deg	 DONE
28/03/2024 10:56:33:	38	count	time	5.000000s/cts	O Det=281	H Det=778	Mon Det=10	Aux Det=0	O+H=0	 DONE
28/03/2024 10:56:41:	move motor	S18.axis2.piezo rotation to 0.932650deg	 DONE
28/03/2024 10:56:44:	39	count	time	5.000000s/cts	O Det=431	H Det=998	Mon Det=4	Aux Det=0	O+H=0	 DONE
28/03/2024 10:56:52:	move motor	S18.axis2.piezo rotation to 0.932700deg	 DONE
28/03/2024 10:56:55:	40	count	time	5.000000s/cts	O Det=575	H Det=1179	Mon Det=12	Aux Det=0	O+H=0	 DONE
28/03/2024 10:57:03:	move motor	S18.axis2.piezo rotation to 0.932750deg	 DONE
28/03/2024 10:57:06:	41	count	time	5.000000s/cts	O Det=728	H Det=1511	Mon Det=7	Aux Det=1	O+H=0	 DONE
28/03/2024 10:57:13:	move motor	S18.axis2.piezo rotation to 0.932800deg	 DONE
28/03/2024 10:57:16:	42	count	time	5.000000s/cts	O Det=821	H Det=1587	Mon Det=7	Aux Det=1	O+H=0	 DONE
28/03/2024 10:57:24:	move motor	S18.axis2.piezo rotation to 0.932850deg	 DONE
28/03/2024 10:57:27:	43	count	time	5.000000s/cts	O Det=955	H Det=1616	Mon Det=9	Aux Det=2	O+H=0	 DONE
28/03/2024 10:57:35:	move motor	S18.axis2.piezo rotation to 0.932900deg	 DONE
28/03/2024 10:57:38:	44	count	time	5.000000s/cts	O Det=904	H Det=1689	Mon Det=10	Aux Det=0	O+H=0	 DONE
28/03/2024 10:57:46:	move motor	S18.axis2.piezo rotation to 0.932950deg	 DONE
28/03/2024 10:57:49:	45	count	time	5.000000s/cts	O Det=814	H Det=1500	Mon Det=4	Aux Det=1	O+H=0	 DONE
28/03/2024 10:57:57:	move motor	S18.axis2.piezo rotation to 0.933000deg	 DONE
28/03/2024 10:58:00:	46	count	time	5.000000s/cts	O Det=691	H Det=1311	Mon Det=6	Aux Det=0	O+H=0	 DONE
28/03/2024 10:58:07:	move motor	S18.axis2.piezo rotation to 0.933050deg	 DONE
28/03/2024 10:58:11:	47	count	time	5.000000s/cts	O Det=585	H Det=998	Mon Det=6	Aux Det=1	O+H=0	 DONE
28/03/2024 10:58:18:	move motor	S18.axis2.piezo rotation to 0.933100deg	 DONE
28/03/2024 10:58:21:	48	count	time	5.000000s/cts	O Det=437	H Det=819	Mon Det=10	Aux Det=1	O+H=0	 DONE
28/03/2024 10:58:29:	move motor	S18.axis2.piezo rotation to 0.933150deg	 DONE
28/03/2024 10:58:32:	49	count	time	5.000000s/cts	O Det=299	H Det=636	Mon Det=14	Aux Det=1	O+H=0	 DONE
28/03/2024 10:58:40:	move motor	S18.axis2.piezo rotation to 0.933200deg	 DONE
28/03/2024 10:58:43:	50	count	time	5.000000s/cts	O Det=172	H Det=520	Mon Det=5	Aux Det=0	O+H=0	 DONE
28/03/2024 10:58:51:	move motor	S18.axis2.piezo rotation to 0.933250deg	 DONE
28/03/2024 10:58:54:	51	count	time	5.000000s/cts	O Det=118	H Det=438	Mon Det=5	Aux Det=0	O+H=0	 DONE
28/03/2024 10:59:02:	move motor	S18.axis2.piezo rotation to 0.933300deg	 DONE
28/03/2024 10:59:05:	52	count	time	5.000000s/cts	O Det=81	H Det=338	Mon Det=8	Aux Det=1	O+H=0	 DONE
28/03/2024 10:59:13:	move motor	S18.axis2.piezo rotation to 0.933350deg	 DONE
28/03/2024 10:59:16:	53	count	time	5.000000s/cts	O Det=50	H Det=304	Mon Det=7	Aux Det=2	O+H=0	 DONE
28/03/2024 10:59:23:	move motor	S18.axis2.piezo rotation to 0.933400deg	 DONE
28/03/2024 10:59:27:	54	count	time	5.000000s/cts	O Det=29	H Det=274	Mon Det=8	Aux Det=1	O+H=0	 DONE
28/03/2024 10:59:34:	move motor	S18.axis2.piezo rotation to 0.933450deg	 DONE
28/03/2024 10:59:38:	55	count	time	5.000000s/cts	O Det=19	H Det=208	Mon Det=5	Aux Det=2	O+H=0	 DONE
28/03/2024 10:59:45:	move motor	S18.axis2.piezo rotation to 0.933500deg	 DONE
28/03/2024 10:59:49:	56	count	time	5.000000s/cts	O Det=23	H Det=220	Mon Det=6	Aux Det=0	O+H=0	 DONE
28/03/2024 10:59:57:	move motor	S18.axis2.piezo rotation to 0.933550deg	 DONE
28/03/2024 11:00:00:	57	count	time	5.000000s/cts	O Det=6	H Det=170	Mon Det=8	Aux Det=1	O+H=0	 DONE
28/03/2024 11:00:07:	move motor	S18.axis2.piezo rotation to 0.933600deg	 DONE
28/03/2024 11:00:11:	58	count	time	5.000000s/cts	O Det=5	H Det=194	Mon Det=8	Aux Det=1	O+H=0	 DONE
28/03/2024 11:00:18:	move motor	S18.axis2.piezo rotation to 0.933650deg	 DONE
28/03/2024 11:00:21:	59	count	time	5.000000s/cts	O Det=13	H Det=138	Mon Det=8	Aux Det=0	O+H=0	 DONE
28/03/2024 11:00:29:	move motor	S18.axis2.piezo rotation to 0.933700deg	 DONE
28/03/2024 11:00:32:	60	count	time	5.000000s/cts	O Det=7	H Det=125	Mon Det=8	Aux Det=2	O+H=0	 DONE
28/03/2024 11:00:40:	close file and end scan	 DONE
28/03/2024 11:00:40:	move motor	S18.axis2.piezo rotation to fit SUM RPEAK50	0.932225reached 0.93223  DONE
call of rockingR.sc DONE
28/03/2024 11:00:45:	NO ACTION	 DONE
28/03/2024 11:00:45:	function generator:  GPIB1::8 *am2=1.0 DONE
28/03/2024 11:00:46:	TEMPERATUR	COM3	1	23.6 DONE
 DONE
28/03/2024 11:00:47:	move motor	S18.axis2.phaseshifter 1 to -2.200000deg	 DONE
28/03/2024 11:00:52:	create file	D:\data\Cycle 195\exp_CRG-3126\rawdata\sc\ifg_vs_alpha2_19pt_28Mar1100.dat	 DONE
room to enter remarks DONE
28/03/2024 11:00:53:	move motor	S18.axis2.phaseshifter 1 to -2.100000deg	 DONE
28/03/2024 11:00:57:	1	count	time	20.000000s/cts	O Det=186	H Det=1645	Mon Det=26	Aux Det=6	O+H=0	 DONE
28/03/2024 11:01:19:	move motor	S18.axis2.phaseshifter 1 to -1.890000deg	 DONE
28/03/2024 11:01:23:	2	count	time	20.000000s/cts	O Det=193	H Det=1724	Mon Det=18	Aux Det=6	O+H=0	 DONE
28/03/2024 11:01:46:	move motor	S18.axis2.phaseshifter 1 to -1.680000deg	 DONE
28/03/2024 11:01:49:	3	count	time	20.000000s/cts	O Det=178	H Det=1674	Mon Det=32	Aux Det=1	O+H=0	 DONE
28/03/2024 11:02:12:	move motor	S18.axis2.phaseshifter 1 to -1.470000deg	 DONE
28/03/2024 11:02:16:	4	count	time	20.000000s/cts	O Det=207	H Det=1622	Mon Det=23	Aux Det=1	O+H=0	 DONE
28/03/2024 11:02:38:	move motor	S18.axis2.phaseshifter 1 to -1.260000deg	 DONE
28/03/2024 11:02:42:	5	count	time	20.000000s/cts	O Det=221	H Det=1763	Mon Det=34	Aux Det=5	O+H=0	 DONE
28/03/2024 11:03:05:	move motor	S18.axis2.phaseshifter 1 to -1.050000deg	 DONE
28/03/2024 11:03:08:	6	count	time	20.000000s/cts	O Det=276	H Det=1694	Mon Det=22	Aux Det=3	O+H=0	 DONE
28/03/2024 11:03:31:	move motor	S18.axis2.phaseshifter 1 to -0.840000deg	 DONE
28/03/2024 11:03:35:	7	count	time	20.000000s/cts	O Det=258	H Det=1649	Mon Det=20	Aux Det=3	O+H=0	 DONE
28/03/2024 11:03:58:	move motor	S18.axis2.phaseshifter 1 to -0.630000deg	 DONE
28/03/2024 11:04:01:	8	count	time	20.000000s/cts	O Det=311	H Det=1612	Mon Det=28	Aux Det=3	O+H=0	 DONE
28/03/2024 11:04:24:	move motor	S18.axis2.phaseshifter 1 to -0.420000deg	 DONE
28/03/2024 11:04:27:	9	count	time	20.000000s/cts	O Det=337	H Det=1554	Mon Det=21	Aux Det=4	O+H=0	 DONE
28/03/2024 11:04:50:	move motor	S18.axis2.phaseshifter 1 to -0.210000deg	 DONE
28/03/2024 11:04:54:	10	count	time	20.000000s/cts	O Det=391	H Det=1495	Mon Det=18	Aux Det=5	O+H=0	 DONE
28/03/2024 11:05:16:	move motor	S18.axis2.phaseshifter 1 to 0.000000deg	 DONE
28/03/2024 11:05:20:	11	count	time	20.000000s/cts	O Det=425	H Det=1462	Mon Det=26	Aux Det=3	O+H=0	 DONE
28/03/2024 11:05:43:	move motor	S18.axis2.phaseshifter 1 to 0.210000deg	 DONE
28/03/2024 11:05:46:	12	count	time	20.000000s/cts	O Det=389	H Det=1507	Mon Det=27	Aux Det=4	O+H=0	 DONE
28/03/2024 11:06:09:	move motor	S18.axis2.phaseshifter 1 to 0.420000deg	 DONE
28/03/2024 11:06:13:	13	count	time	20.000000s/cts	O Det=402	H Det=1601	Mon Det=16	Aux Det=2	O+H=0	 DONE
28/03/2024 11:06:36:	move motor	S18.axis2.phaseshifter 1 to 0.630000deg	 DONE
28/03/2024 11:06:39:	14	count	time	20.000000s/cts	O Det=390	H Det=1532	Mon Det=21	Aux Det=1	O+H=0	 DONE
28/03/2024 11:07:02:	move motor	S18.axis2.phaseshifter 1 to 0.840000deg	 DONE
28/03/2024 11:07:06:	15	count	time	20.000000s/cts	O Det=340	H Det=1559	Mon Det=32	Aux Det=4	O+H=0	 DONE
28/03/2024 11:07:28:	move motor	S18.axis2.phaseshifter 1 to 1.050000deg	 DONE
28/03/2024 11:07:32:	16	count	time	20.000000s/cts	O Det=258	H Det=1656	Mon Det=29	Aux Det=2	O+H=0	 DONE
28/03/2024 11:07:55:	move motor	S18.axis2.phaseshifter 1 to 1.260000deg	 DONE
28/03/2024 11:07:58:	17	count	time	20.000000s/cts	O Det=282	H Det=1666	Mon Det=22	Aux Det=2	O+H=0	 DONE
28/03/2024 11:08:21:	move motor	S18.axis2.phaseshifter 1 to 1.470000deg	 DONE
28/03/2024 11:08:24:	18	count	time	20.000000s/cts	O Det=233	H Det=1715	Mon Det=28	Aux Det=2	O+H=0	 DONE
28/03/2024 11:08:47:	move motor	S18.axis2.phaseshifter 1 to 1.680000deg	 DONE
28/03/2024 11:08:51:	19	count	time	20.000000s/cts	O Det=195	H Det=1741	Mon Det=22	Aux Det=1	O+H=0	 DONE
28/03/2024 11:09:13:	move motor	S18.axis2.phaseshifter 1 to 1.890000deg	 DONE
28/03/2024 11:09:17:	20	count	time	20.000000s/cts	O Det=205	H Det=1764	Mon Det=22	Aux Det=3	O+H=0	 DONE
28/03/2024 11:09:40:	move motor	S18.axis2.phaseshifter 1 to 2.100000deg	 DONE
28/03/2024 11:09:43:	21	count	time	20.000000s/cts	O Det=166	H Det=1789	Mon Det=22	Aux Det=4	O+H=0	 DONE
28/03/2024 11:10:06:	move motor	S18.axis2.phaseshifter 1 to 2.310000deg	 DONE
28/03/2024 11:10:10:	22	count	time	20.000000s/cts	O Det=163	H Det=1806	Mon Det=21	Aux Det=1	O+H=0	 DONE
28/03/2024 11:10:32:	close file and end scan	 DONE
call of ifgPS1_2p_22pt.sc DONE
28/03/2024 11:10:33:	NO ACTION	 DONE
28/03/2024 11:10:34:	function generator:  GPIB1::8 *am2=1.5 DONE
28/03/2024 11:10:35:	TEMPERATUR	COM3	1	23.45 DONE
