27/03/2024 17:07:12:	start execution of script D:\data\Cycle 195\exp_CRG-3126\rawdata\sc\pencilDetector.sc	 DONE
27/03/2024 17:07:12:	move motor	S18.auxiliary.LinearBlue to 9.900000mm	 DONE
27/03/2024 17:07:17:	create file	D:\data\Cycle 195\exp_CRG-3126\rawdata\sc\pencilDetector_27Mar1707.dat	 DONE
room to enter remarks DONE
27/03/2024 17:07:18:	move motor	S18.auxiliary.LinearBlue to 10.000000mm	 DONE
27/03/2024 17:07:21:	1	count	time	5.000000s/cts	O Det=799	H Det=2240	Mon Det=27	Aux Det=1	O+H=826	 DONE
27/03/2024 17:07:29:	move motor	S18.auxiliary.LinearBlue to 11.000000mm	 DONE
27/03/2024 17:07:32:	2	count	time	5.000000s/cts	O Det=701	H Det=2162	Mon Det=76	Aux Det=0	O+H=777	 DONE
27/03/2024 17:07:40:	move motor	S18.auxiliary.LinearBlue to 12.000000mm	 DONE
27/03/2024 17:07:43:	3	count	time	5.000000s/cts	O Det=660	H Det=2166	Mon Det=115	Aux Det=2	O+H=775	 DONE
27/03/2024 17:07:51:	move motor	S18.auxiliary.LinearBlue to 13.000000mm	 DONE
27/03/2024 17:07:54:	4	count	time	5.000000s/cts	O Det=581	H Det=2097	Mon Det=208	Aux Det=0	O+H=789	 DONE
27/03/2024 17:08:02:	move motor	S18.auxiliary.LinearBlue to 14.000000mm	 DONE
27/03/2024 17:08:05:	5	count	time	5.000000s/cts	O Det=471	H Det=2161	Mon Det=314	Aux Det=1	O+H=785	 DONE
27/03/2024 17:08:13:	move motor	S18.auxiliary.LinearBlue to 15.000000mm	 DONE
27/03/2024 17:08:16:	6	count	time	5.000000s/cts	O Det=370	H Det=2273	Mon Det=402	Aux Det=0	O+H=772	 DONE
27/03/2024 17:08:24:	move motor	S18.auxiliary.LinearBlue to 16.000000mm	 DONE
27/03/2024 17:08:27:	7	count	time	5.000000s/cts	O Det=281	H Det=2172	Mon Det=477	Aux Det=2	O+H=758	 DONE
27/03/2024 17:08:35:	move motor	S18.auxiliary.LinearBlue to 17.000000mm	 DONE
27/03/2024 17:08:38:	8	count	time	5.000000s/cts	O Det=292	H Det=2226	Mon Det=543	Aux Det=1	O+H=835	 DONE
27/03/2024 17:08:46:	move motor	S18.auxiliary.LinearBlue to 18.000000mm	 DONE
27/03/2024 17:08:49:	9	count	time	5.000000s/cts	O Det=303	H Det=2161	Mon Det=524	Aux Det=0	O+H=827	 DONE
27/03/2024 17:08:57:	move motor	S18.auxiliary.LinearBlue to 19.000000mm	 DONE
27/03/2024 17:09:01:	10	count	time	5.000000s/cts	O Det=382	H Det=2088	Mon Det=418	Aux Det=0	O+H=800	 DONE
27/03/2024 17:09:08:	move motor	S18.auxiliary.LinearBlue to 20.000000mm	 DONE
27/03/2024 17:09:12:	11	count	time	5.000000s/cts	O Det=535	H Det=2178	Mon Det=288	Aux Det=1	O+H=823	 DONE
27/03/2024 17:09:19:	move motor	S18.auxiliary.LinearBlue to 21.000000mm	 DONE
27/03/2024 17:09:23:	12	count	time	5.000000s/cts	O Det=626	H Det=2147	Mon Det=182	Aux Det=1	O+H=808	 DONE
27/03/2024 17:09:31:	move motor	S18.auxiliary.LinearBlue to 22.000000mm	 DONE
27/03/2024 17:09:34:	13	count	time	5.000000s/cts	O Det=702	H Det=2142	Mon Det=89	Aux Det=0	O+H=791	 DONE
27/03/2024 17:09:42:	move motor	S18.auxiliary.LinearBlue to 23.000000mm	 DONE
27/03/2024 17:09:45:	14	count	time	5.000000s/cts	O Det=732	H Det=2149	Mon Det=52	Aux Det=3	O+H=784	 DONE
27/03/2024 17:09:53:	move motor	S18.auxiliary.LinearBlue to 24.000000mm	STOPPED BY USER	27/03/2024 17:09:56:	close file and end scan	 DONE
27/03/2024 17:09:56:	END OF SCRIPT	 DONE
