01/09/2023 22:32:25:	start execution of script D:\data\Cycle 192ter\exp_3-16-14\rawdata\sc\alpha.sc	 DONE
01/09/2023 22:32:25:	create file	D:\data\Cycle 192ter\exp_3-16-14\rawdata\sc\alpha_01Sep2232.dat	 DONE
room to enter remarks DONE
01/09/2023 22:32:27:	NO ACTION	movePS_90.sc DONE
01/09/2023 22:32:27:	set AO_S1Z (PXIDAQ2/ao2) to 0.000000Amps 0.000V DONE
01/09/2023 22:32:28:	1	count	time	20.000000s/cts	O Det=577	H Det=3937	Mon Det=129829	Aux Det=1345	O+H=5859	 DONE
01/09/2023 22:32:50:	set AO_S1Z (PXIDAQ2/ao2) to -0.100000Amps -0.200V DONE
01/09/2023 22:32:51:	2	count	time	20.000000s/cts	O Det=509	H Det=4265	Mon Det=127291	Aux Det=1117	O+H=5891	 DONE
01/09/2023 22:33:13:	set AO_S1Z (PXIDAQ2/ao2) to 0.100000Amps 0.200V DONE
01/09/2023 22:33:14:	3	count	time	20.000000s/cts	O Det=594	H Det=3903	Mon Det=127825	Aux Det=1387	O+H=5884	 DONE
01/09/2023 22:33:37:	set AO_S1Z (PXIDAQ2/ao2) to -0.200000Amps -0.400V DONE
01/09/2023 22:33:37:	4	count	time	20.000000s/cts	O Det=482	H Det=4635	Mon Det=129192	Aux Det=943	O+H=6060	 DONE
01/09/2023 22:34:00:	set AO_S1Z (PXIDAQ2/ao2) to 0.200000Amps 0.400V DONE
01/09/2023 22:34:00:	5	count	time	20.000000s/cts	O Det=647	H Det=3798	Mon Det=128485	Aux Det=1545	O+H=5990	 DONE
01/09/2023 22:34:23:	set AO_S1Z (PXIDAQ2/ao2) to -0.300000Amps -0.600V DONE
01/09/2023 22:34:24:	6	count	time	20.000000s/cts	O Det=427	H Det=4845	Mon Det=129358	Aux Det=836	O+H=6108	 DONE
01/09/2023 22:34:46:	set AO_S1Z (PXIDAQ2/ao2) to 0.300000Amps 0.600V DONE
01/09/2023 22:34:47:	7	count	time	20.000000s/cts	O Det=595	H Det=3516	Mon Det=132902	Aux Det=1685	O+H=5796	 DONE
01/09/2023 22:35:10:	set AO_S1Z (PXIDAQ2/ao2) to -0.400000Amps -0.800V DONE
01/09/2023 22:35:10:	8	count	time	20.000000s/cts	O Det=406	H Det=4979	Mon Det=132543	Aux Det=691	O+H=6076	 DONE
01/09/2023 22:35:33:	set AO_S1Z (PXIDAQ2/ao2) to 0.400000Amps 0.800V DONE
01/09/2023 22:35:33:	9	count	time	20.000000s/cts	O Det=725	H Det=3446	Mon Det=131092	Aux Det=1853	O+H=6024	 DONE
01/09/2023 22:35:56:	set AO_S1Z (PXIDAQ2/ao2) to -0.500000Amps -1.000V DONE
01/09/2023 22:35:57:	10	count	time	20.000000s/cts	O Det=329	H Det=5231	Mon Det=131173	Aux Det=537	O+H=6097	 DONE
01/09/2023 22:36:19:	set AO_S1Z (PXIDAQ2/ao2) to 0.500000Amps 1.000V DONE
01/09/2023 22:36:20:	11	count	time	20.000000s/cts	O Det=661	H Det=3443	Mon Det=132003	Aux Det=1752	O+H=5856	 DONE
01/09/2023 22:36:42:	set AO_S1Z (PXIDAQ2/ao2) to -0.600000Amps -1.200V DONE
01/09/2023 22:36:43:	12	count	time	20.000000s/cts	O Det=310	H Det=5362	Mon Det=131160	Aux Det=436	O+H=6108	 DONE
01/09/2023 22:37:06:	set AO_S1Z (PXIDAQ2/ao2) to 0.600000Amps 1.200V DONE
01/09/2023 22:37:06:	13	count	time	20.000000s/cts	O Det=701	H Det=3031	Mon Det=130816	Aux Det=2046	O+H=5778	 DONE
01/09/2023 22:37:29:	set AO_S1Z (PXIDAQ2/ao2) to -0.700000Amps -1.400V DONE
01/09/2023 22:37:29:	14	count	time	20.000000s/cts	O Det=270	H Det=5419	Mon Det=129580	Aux Det=420	O+H=6109	 DONE
01/09/2023 22:37:52:	set AO_S1Z (PXIDAQ2/ao2) to 0.700000Amps 1.400V DONE
01/09/2023 22:37:53:	15	count	time	20.000000s/cts	O Det=662	H Det=2982	Mon Det=127904	Aux Det=2129	O+H=5773	 DONE
01/09/2023 22:38:15:	set AO_S1Z (PXIDAQ2/ao2) to -0.800000Amps -1.600V DONE
01/09/2023 22:38:16:	16	count	time	20.000000s/cts	O Det=246	H Det=5526	Mon Det=128814	Aux Det=425	O+H=6197	 DONE
01/09/2023 22:38:39:	set AO_S1Z (PXIDAQ2/ao2) to 0.800000Amps 1.600V DONE
01/09/2023 22:38:39:	17	count	time	20.000000s/cts	O Det=689	H Det=2988	Mon Det=128020	Aux Det=2107	O+H=5784	 DONE
01/09/2023 22:39:02:	set AO_S1Z (PXIDAQ2/ao2) to -0.900000Amps -1.800V DONE
01/09/2023 22:39:02:	18	count	time	20.000000s/cts	O Det=260	H Det=5513	Mon Det=126875	Aux Det=451	O+H=6224	 DONE
01/09/2023 22:39:25:	set AO_S1Z (PXIDAQ2/ao2) to 0.900000Amps 1.800V DONE
01/09/2023 22:39:26:	19	count	time	20.000000s/cts	O Det=713	H Det=3061	Mon Det=129164	Aux Det=2101	O+H=5875	 DONE
01/09/2023 22:39:48:	set AO_S1Z (PXIDAQ2/ao2) to -1.000000Amps -2.000V DONE
01/09/2023 22:39:49:	20	count	time	20.000000s/cts	O Det=255	H Det=5144	Mon Det=130349	Aux Det=567	O+H=5966	 DONE
01/09/2023 22:40:12:	set AO_S1Z (PXIDAQ2/ao2) to 1.000000Amps 2.000V DONE
01/09/2023 22:40:12:	21	count	time	20.000000s/cts	O Det=774	H Det=2997	Mon Det=130381	Aux Det=2170	O+H=5941	 DONE
01/09/2023 22:40:35:	set AO_S1Z (PXIDAQ2/ao2) to -1.100000Amps -2.200V DONE
01/09/2023 22:40:35:	22	count	time	20.000000s/cts	O Det=269	H Det=5099	Mon Det=129732	Aux Det=775	O+H=6143	 DONE
01/09/2023 22:40:58:	set AO_S1Z (PXIDAQ2/ao2) to 1.100000Amps 2.200V DONE
01/09/2023 22:40:59:	23	count	time	20.000000s/cts	O Det=733	H Det=2990	Mon Det=130544	Aux Det=2136	O+H=5859	 DONE
01/09/2023 22:41:21:	set AO_S1Z (PXIDAQ2/ao2) to -1.200000Amps -2.400V DONE
01/09/2023 22:41:22:	24	count	time	20.000000s/cts	O Det=346	H Det=4590	Mon Det=132446	Aux Det=978	O+H=5914	 DONE
01/09/2023 22:41:45:	set AO_S1Z (PXIDAQ2/ao2) to 1.200000Amps 2.400V DONE
01/09/2023 22:41:45:	25	count	time	20.000000s/cts	O Det=744	H Det=2900	Mon Det=132741	Aux Det=2244	O+H=5888	 DONE
01/09/2023 22:42:08:	set AO_S1Z (PXIDAQ2/ao2) to -1.300000Amps -2.600V DONE
01/09/2023 22:42:09:	26	count	time	20.000000s/cts	O Det=410	H Det=4496	Mon Det=131185	Aux Det=1197	O+H=6103	 DONE
01/09/2023 22:42:31:	set AO_S1Z (PXIDAQ2/ao2) to 1.300000Amps 2.600V DONE
01/09/2023 22:42:32:	27	count	time	20.000000s/cts	O Det=780	H Det=2756	Mon Det=130625	Aux Det=2315	O+H=5851	 DONE
01/09/2023 22:42:54:	set AO_S1Z (PXIDAQ2/ao2) to -1.400000Amps -2.800V DONE
01/09/2023 22:42:55:	28	count	time	20.000000s/cts	O Det=555	H Det=3738	Mon Det=129565	Aux Det=1666	O+H=5959	 DONE
01/09/2023 22:43:18:	set AO_S1Z (PXIDAQ2/ao2) to 1.400000Amps 2.800V DONE
01/09/2023 22:43:18:	29	count	time	20.000000s/cts	O Det=757	H Det=2762	Mon Det=129896	Aux Det=2306	O+H=5825	 DONE
01/09/2023 22:43:41:	set AO_S1Z (PXIDAQ2/ao2) to -1.500000Amps -3.000V DONE
01/09/2023 22:43:42:	30	count	time	20.000000s/cts	O Det=585	H Det=3505	Mon Det=130648	Aux Det=1750	O+H=5840	 DONE
01/09/2023 22:44:04:	set AO_S1Z (PXIDAQ2/ao2) to 1.500000Amps 3.000V DONE
01/09/2023 22:44:05:	31	count	time	20.000000s/cts	O Det=770	H Det=2607	Mon Det=129077	Aux Det=2366	O+H=5743	 DONE
01/09/2023 22:44:28:	set AO_S1Z (PXIDAQ2/ao2) to -1.600000Amps -3.200V DONE
01/09/2023 22:44:28:	32	count	time	20.000000s/cts	O Det=609	H Det=3068	Mon Det=117806	Aux Det=1933	O+H=5610	 DONE
01/09/2023 22:44:51:	set AO_S1Z (PXIDAQ2/ao2) to 1.600000Amps 3.200V DONE
01/09/2023 22:44:51:	33	count	time	20.000000s/cts	O Det=727	H Det=2829	Mon Det=116205	Aux Det=2277	O+H=5833	 DONE
01/09/2023 22:45:14:	set AO_S1Z (PXIDAQ2/ao2) to -1.700000Amps -3.400V DONE
01/09/2023 22:45:15:	34	count	time	20.000000s/cts	O Det=698	H Det=2878	Mon Det=115862	Aux Det=2129	O+H=5705	 DONE
01/09/2023 22:45:37:	set AO_S1Z (PXIDAQ2/ao2) to 1.700000Amps 3.400V DONE
01/09/2023 22:45:38:	35	count	time	20.000000s/cts	O Det=733	H Det=2807	Mon Det=116189	Aux Det=2166	O+H=5706	 DONE
01/09/2023 22:46:01:	set AO_S1Z (PXIDAQ2/ao2) to -1.800000Amps -3.600V DONE
01/09/2023 22:46:01:	36	count	time	20.000000s/cts	O Det=760	H Det=2645	Mon Det=129598	Aux Det=2253	O+H=5658	 DONE
01/09/2023 22:46:24:	set AO_S1Z (PXIDAQ2/ao2) to 1.800000Amps 3.600V DONE
01/09/2023 22:46:24:	37	count	time	20.000000s/cts	O Det=764	H Det=2779	Mon Det=130652	Aux Det=2211	O+H=5754	 DONE
01/09/2023 22:46:47:	set AO_S1Z (PXIDAQ2/ao2) to -1.900000Amps -3.800V DONE
01/09/2023 22:46:48:	38	count	time	20.000000s/cts	O Det=778	H Det=2710	Mon Det=130540	Aux Det=2203	O+H=5691	 DONE
01/09/2023 22:47:10:	set AO_S1Z (PXIDAQ2/ao2) to 1.900000Amps 3.800V DONE
01/09/2023 22:47:11:	39	count	time	20.000000s/cts	O Det=736	H Det=2797	Mon Det=130624	Aux Det=2221	O+H=5754	 DONE
01/09/2023 22:47:34:	set AO_S1Z (PXIDAQ2/ao2) to -2.000000Amps -4.000V DONE
01/09/2023 22:47:34:	40	count	time	20.000000s/cts	O Det=843	H Det=2813	Mon Det=129987	Aux Det=2175	O+H=5831	 DONE
01/09/2023 22:47:57:	set AO_S1Z (PXIDAQ2/ao2) to 2.000000Amps 4.000V DONE
01/09/2023 22:47:58:	41	count	time	20.000000s/cts	O Det=675	H Det=2860	Mon Det=130671	Aux Det=2165	O+H=5700	 DONE
01/09/2023 22:48:20:	close file and end scan	 DONE
01/09/2023 22:48:21:	END OF SCRIPT	 DONE
