01/09/2023 18:17:01:	start execution of script D:\data\Cycle 192ter\exp_3-16-14\rawdata\sc\alpha.sc	 DONE
01/09/2023 18:17:01:	create file	D:\data\Cycle 192ter\exp_3-16-14\rawdata\sc\alpha_01Sep1817.dat	 DONE
1 DONE
01/09/2023 18:17:03:	create file	D:\data\Cycle 192ter\exp_3-16-14\rawdata\sc\alpha_01Sep1817.dat	 DONE
room to enter remarks DONE
01/09/2023 18:17:04:	move motor	S18.axis2.phaseshifter 1 to -2.000000deg	 DONE
01/09/2023 18:17:09:	1	count	time	10.000000s/cts	O Det=225	H Det=2107	Mon Det=65502	Aux Det=525	O+H=2857	 DONE
01/09/2023 18:17:21:	move motor	S18.axis2.phaseshifter 1 to -1.800000deg	 DONE
01/09/2023 18:17:25:	2	count	time	10.000000s/cts	O Det=156	H Det=2573	Mon Det=66358	Aux Det=238	O+H=2967	 DONE
01/09/2023 18:17:38:	move motor	S18.axis2.phaseshifter 1 to -1.600000deg	 DONE
01/09/2023 18:17:42:	3	count	time	10.000000s/cts	O Det=117	H Det=2796	Mon Det=64958	Aux Det=151	O+H=3064	 DONE
01/09/2023 18:17:55:	move motor	S18.axis2.phaseshifter 1 to -1.400000deg	 DONE
01/09/2023 18:17:59:	4	count	time	10.000000s/cts	O Det=118	H Det=2635	Mon Det=64345	Aux Det=217	O+H=2970	 DONE
01/09/2023 18:18:11:	move motor	S18.axis2.phaseshifter 1 to -1.200000deg	 DONE
01/09/2023 18:18:15:	5	count	time	10.000000s/cts	O Det=181	H Det=2304	Mon Det=64384	Aux Det=521	O+H=3006	 DONE
01/09/2023 18:18:28:	move motor	S18.axis2.phaseshifter 1 to -1.000000deg	 DONE
01/09/2023 18:18:32:	6	count	time	10.000000s/cts	O Det=250	H Det=1956	Mon Det=66256	Aux Det=860	O+H=3066	 DONE
01/09/2023 18:18:45:	move motor	S18.axis2.phaseshifter 1 to -0.800000deg	 DONE
01/09/2023 18:18:48:	7	count	time	10.000000s/cts	O Det=355	H Det=1457	Mon Det=65199	Aux Det=1138	O+H=2950	 DONE
01/09/2023 18:19:01:	move motor	S18.axis2.phaseshifter 1 to -0.600000deg	 DONE
01/09/2023 18:19:05:	8	count	time	10.000000s/cts	O Det=371	H Det=1335	Mon Det=65419	Aux Det=1132	O+H=2838	 DONE
01/09/2023 18:19:18:	move motor	S18.axis2.phaseshifter 1 to -0.400000deg	 DONE
01/09/2023 18:19:22:	9	count	time	10.000000s/cts	O Det=364	H Det=1488	Mon Det=66111	Aux Det=1083	O+H=2935	 DONE
01/09/2023 18:19:34:	move motor	S18.axis2.phaseshifter 1 to -0.200000deg	 DONE
01/09/2023 18:19:39:	10	count	time	10.000000s/cts	O Det=357	H Det=1716	Mon Det=66232	Aux Det=834	O+H=2907	 DONE
01/09/2023 18:19:51:	move motor	S18.axis2.phaseshifter 1 to 0.000000deg	 DONE
01/09/2023 18:19:55:	11	count	time	10.000000s/cts	O Det=248	H Det=2342	Mon Det=65500	Aux Det=496	O+H=3086	 DONE
01/09/2023 18:20:08:	move motor	S18.axis2.phaseshifter 1 to 0.200000deg	 DONE
01/09/2023 18:20:12:	12	count	time	10.000000s/cts	O Det=158	H Det=2814	Mon Det=65908	Aux Det=232	O+H=3204	 DONE
01/09/2023 18:20:25:	move motor	S18.axis2.phaseshifter 1 to 0.400000deg	 DONE
01/09/2023 18:20:29:	13	count	time	10.000000s/cts	O Det=119	H Det=2900	Mon Det=66067	Aux Det=121	O+H=3140	 DONE
01/09/2023 18:20:41:	move motor	S18.axis2.phaseshifter 1 to 0.600000deg	 DONE
01/09/2023 18:20:45:	14	count	time	10.000000s/cts	O Det=114	H Det=2840	Mon Det=65922	Aux Det=164	O+H=3118	 DONE
01/09/2023 18:20:58:	move motor	S18.axis2.phaseshifter 1 to 0.800000deg	 DONE
01/09/2023 18:21:02:	15	count	time	10.000000s/cts	O Det=189	H Det=2339	Mon Det=65625	Aux Det=468	O+H=2996	 DONE
01/09/2023 18:21:15:	move motor	S18.axis2.phaseshifter 1 to 1.000000deg	 DONE
01/09/2023 18:21:19:	16	count	time	10.000000s/cts	O Det=243	H Det=1931	Mon Det=65777	Aux Det=818	O+H=2992	 DONE
01/09/2023 18:21:32:	move motor	S18.axis2.phaseshifter 1 to 1.200000deg	 DONE
01/09/2023 18:21:36:	17	count	time	10.000000s/cts	O Det=362	H Det=1515	Mon Det=66179	Aux Det=1126	O+H=3003	 DONE
01/09/2023 18:21:48:	move motor	S18.axis2.phaseshifter 1 to 1.400000deg	 DONE
01/09/2023 18:21:52:	18	count	time	10.000000s/cts	O Det=393	H Det=1284	Mon Det=66465	Aux Det=1207	O+H=2884	 DONE
01/09/2023 18:22:05:	move motor	S18.axis2.phaseshifter 1 to 1.600000deg	 DONE
01/09/2023 18:22:09:	19	count	time	10.000000s/cts	O Det=369	H Det=1437	Mon Det=65341	Aux Det=1109	O+H=2915	 DONE
01/09/2023 18:22:22:	move motor	S18.axis2.phaseshifter 1 to 1.800000deg	 DONE
01/09/2023 18:22:26:	20	count	time	10.000000s/cts	O Det=357	H Det=1565	Mon Det=65875	Aux Det=948	O+H=2870	 DONE
01/09/2023 18:22:38:	move motor	S18.axis2.phaseshifter 1 to 2.000000deg	 DONE
01/09/2023 18:22:42:	21	count	time	10.000000s/cts	O Det=273	H Det=2130	Mon Det=65974	Aux Det=568	O+H=2971	 DONE
01/09/2023 18:22:55:	close file and end scan	 DONE
01/09/2023 18:22:56:	move motor	S18.axis2.phaseshifter 1 to fit H COS180	1.444730reached 1.45020  DONE
call of movePS_0.sc DONE
01/09/2023 18:22:59:	set AO_S1Z (PXIDAQ2/ao2) to -2.000000Amps -4.000V DONE
01/09/2023 18:23:00:	1	count	time	10.000000s/cts	O Det=129	H Det=2674	Mon Det=66309	Aux Det=252	O+H=3055	 DONE
01/09/2023 18:23:13:	create file	D:\data\Cycle 192ter\exp_3-16-14\rawdata\sc\alpha_01Sep1823.dat	 DONE
room to enter remarks DONE
01/09/2023 18:23:14:	move motor	S18.axis2.phaseshifter 1 to -2.000000deg	 DONE
01/09/2023 18:23:19:	2	count	time	10.000000s/cts	O Det=333	H Det=1464	Mon Det=65247	Aux Det=1014	O+H=2811	 DONE
01/09/2023 18:23:32:	move motor	S18.axis2.phaseshifter 1 to -1.800000deg	 DONE
01/09/2023 18:23:36:	3	count	time	10.000000s/cts	O Det=365	H Det=1415	Mon Det=66583	Aux Det=1034	O+H=2814	 DONE
01/09/2023 18:23:48:	move motor	S18.axis2.phaseshifter 1 to -1.600000deg	 DONE
01/09/2023 18:23:52:	4	count	time	10.000000s/cts	O Det=290	H Det=1829	Mon Det=65590	Aux Det=803	O+H=2922	 DONE
01/09/2023 18:24:05:	move motor	S18.axis2.phaseshifter 1 to -1.400000deg	 DONE
01/09/2023 18:24:09:	5	count	time	10.000000s/cts	O Det=255	H Det=2223	Mon Det=65801	Aux Det=539	O+H=3017	 DONE
01/09/2023 18:24:21:	move motor	S18.axis2.phaseshifter 1 to -1.200000deg	 DONE
01/09/2023 18:24:25:	6	count	time	10.000000s/cts	O Det=167	H Det=2608	Mon Det=65948	Aux Det=254	O+H=3029	 DONE
01/09/2023 18:24:38:	move motor	S18.axis2.phaseshifter 1 to -1.000000deg	 DONE
01/09/2023 18:24:42:	7	count	time	10.000000s/cts	O Det=120	H Det=2824	Mon Det=65545	Aux Det=183	O+H=3127	 DONE
01/09/2023 18:24:55:	move motor	S18.axis2.phaseshifter 1 to -0.800000deg	 DONE
01/09/2023 18:24:59:	8	count	time	10.000000s/cts	O Det=144	H Det=2680	Mon Det=65771	Aux Det=331	O+H=3155	 DONE
01/09/2023 18:25:11:	move motor	S18.axis2.phaseshifter 1 to -0.600000deg	 DONE
01/09/2023 18:25:15:	9	count	time	10.000000s/cts	O Det=241	H Det=2070	Mon Det=65325	Aux Det=703	O+H=3014	 DONE
01/09/2023 18:25:28:	move motor	S18.axis2.phaseshifter 1 to -0.400000deg	 DONE
01/09/2023 18:25:32:	10	count	time	10.000000s/cts	O Det=326	H Det=1606	Mon Det=65661	Aux Det=984	O+H=2916	 DONE
01/09/2023 18:25:45:	move motor	S18.axis2.phaseshifter 1 to -0.200000deg	 DONE
01/09/2023 18:25:49:	11	count	time	10.000000s/cts	O Det=358	H Det=1390	Mon Det=65714	Aux Det=1092	O+H=2840	 DONE
01/09/2023 18:26:02:	move motor	S18.axis2.phaseshifter 1 to 0.000000deg	 DONE
01/09/2023 18:26:06:	12	count	time	10.000000s/cts	O Det=399	H Det=1439	Mon Det=64994	Aux Det=1129	O+H=2967	 DONE
01/09/2023 18:26:18:	move motor	S18.axis2.phaseshifter 1 to 0.200000deg	 DONE
01/09/2023 18:26:22:	13	count	time	10.000000s/cts	O Det=330	H Det=1691	Mon Det=65716	Aux Det=888	O+H=2909	 DONE
01/09/2023 18:26:35:	move motor	S18.axis2.phaseshifter 1 to 0.400000deg	 DONE
01/09/2023 18:26:39:	14	count	time	10.000000s/cts	O Det=235	H Det=2193	Mon Det=65535	Aux Det=623	O+H=3051	 DONE
01/09/2023 18:26:51:	move motor	S18.axis2.phaseshifter 1 to 0.600000deg	 DONE
01/09/2023 18:26:55:	15	count	time	10.000000s/cts	O Det=178	H Det=2562	Mon Det=65676	Aux Det=303	O+H=3043	 DONE
01/09/2023 18:27:08:	move motor	S18.axis2.phaseshifter 1 to 0.800000deg	 DONE
01/09/2023 18:27:12:	16	count	time	10.000000s/cts	O Det=107	H Det=2799	Mon Det=63950	Aux Det=183	O+H=3089	 DONE
01/09/2023 18:27:25:	move motor	S18.axis2.phaseshifter 1 to 1.000000deg	 DONE
01/09/2023 18:27:29:	17	count	time	10.000000s/cts	O Det=111	H Det=2628	Mon Det=63887	Aux Det=305	O+H=3044	 DONE
01/09/2023 18:27:41:	move motor	S18.axis2.phaseshifter 1 to 1.200000deg	 DONE
01/09/2023 18:27:45:	18	count	time	10.000000s/cts	O Det=203	H Det=2292	Mon Det=63346	Aux Det=531	O+H=3026	 DONE
01/09/2023 18:27:58:	move motor	S18.axis2.phaseshifter 1 to 1.400000deg	 DONE
01/09/2023 18:28:02:	19	count	time	10.000000s/cts	O Det=291	H Det=1761	Mon Det=64034	Aux Det=902	O+H=2954	 DONE
01/09/2023 18:28:14:	move motor	S18.axis2.phaseshifter 1 to 1.600000deg	 DONE
01/09/2023 18:28:19:	20	count	time	10.000000s/cts	O Det=356	H Det=1598	Mon Det=63181	Aux Det=906	O+H=2860	 DONE
01/09/2023 18:28:31:	move motor	S18.axis2.phaseshifter 1 to 1.800000deg	 DONE
01/09/2023 18:28:35:	21	count	time	10.000000s/cts	O Det=392	H Det=1356	Mon Det=62900	Aux Det=1053	O+H=2801	 DONE
01/09/2023 18:28:48:	move motor	S18.axis2.phaseshifter 1 to 2.000000deg	 DONE
01/09/2023 18:28:52:	22	count	time	10.000000s/cts	O Det=384	H Det=1457	Mon Det=62653	Aux Det=1041	O+H=2882	 DONE
01/09/2023 18:29:05:	close file and end scan	 DONE
01/09/2023 18:29:05:	move motor	S18.axis2.phaseshifter 1 to fit H COS180	-0.103312reached -0.09888  DONE
call of movePS_0.sc DONE
01/09/2023 18:29:10:	set AO_S1Z (PXIDAQ2/ao2) to -1.750000Amps -3.500V DONE
01/09/2023 18:29:10:	1	count	time	10.000000s/cts	O Det=381	H Det=1317	Mon Det=62399	Aux Det=1182	O+H=2880	 DONE
01/09/2023 18:29:23:	create file	D:\data\Cycle 192ter\exp_3-16-14\rawdata\sc\alpha_01Sep1829.dat	 DONE
room to enter remarks DONE
01/09/2023 18:29:24:	move motor	S18.axis2.phaseshifter 1 to -2.000000deg	 DONE
01/09/2023 18:29:29:	2	count	time	10.000000s/cts	O Det=411	H Det=1343	Mon Det=61862	Aux Det=1130	O+H=2884	 DONE
01/09/2023 18:29:41:	move motor	S18.axis2.phaseshifter 1 to -1.800000deg	 DONE
01/09/2023 18:29:45:	3	count	time	10.000000s/cts	O Det=373	H Det=1723	Mon Det=61304	Aux Det=941	O+H=3037	 DONE
01/09/2023 18:29:58:	move motor	S18.axis2.phaseshifter 1 to -1.600000deg	 DONE
01/09/2023 18:30:02:	4	count	time	10.000000s/cts	O Det=304	H Det=1882	Mon Det=62056	Aux Det=709	O+H=2895	 DONE
01/09/2023 18:30:15:	move motor	S18.axis2.phaseshifter 1 to -1.400000deg	 DONE
01/09/2023 18:30:19:	5	count	time	10.000000s/cts	O Det=213	H Det=2542	Mon Det=63004	Aux Det=373	O+H=3128	 DONE
01/09/2023 18:30:32:	move motor	S18.axis2.phaseshifter 1 to -1.200000deg	 DONE
01/09/2023 18:30:36:	6	count	time	10.000000s/cts	O Det=98	H Det=2781	Mon Det=62320	Aux Det=165	O+H=3044	 DONE
01/09/2023 18:30:48:	move motor	S18.axis2.phaseshifter 1 to -1.000000deg	 DONE
01/09/2023 18:30:52:	7	count	time	10.000000s/cts	O Det=95	H Det=2817	Mon Det=66241	Aux Det=163	O+H=3075	 DONE
01/09/2023 18:31:05:	move motor	S18.axis2.phaseshifter 1 to -0.800000deg	 DONE
01/09/2023 18:31:09:	8	count	time	10.000000s/cts	O Det=130	H Det=2554	Mon Det=67027	Aux Det=330	O+H=3014	 DONE
01/09/2023 18:31:22:	move motor	S18.axis2.phaseshifter 1 to -0.600000deg	 DONE
01/09/2023 18:31:26:	9	count	time	10.000000s/cts	O Det=213	H Det=2223	Mon Det=65551	Aux Det=619	O+H=3055	 DONE
01/09/2023 18:31:38:	move motor	S18.axis2.phaseshifter 1 to -0.400000deg	 DONE
01/09/2023 18:31:43:	10	count	time	10.000000s/cts	O Det=307	H Det=1708	Mon Det=65233	Aux Det=947	O+H=2962	 DONE
01/09/2023 18:31:55:	move motor	S18.axis2.phaseshifter 1 to -0.200000deg	 DONE
01/09/2023 18:32:00:	11	count	time	10.000000s/cts	O Det=306	H Det=1512	Mon Det=64485	Aux Det=1054	O+H=2872	 DONE
01/09/2023 18:32:12:	move motor	S18.axis2.phaseshifter 1 to 0.000000deg	 DONE
01/09/2023 18:32:16:	12	count	time	10.000000s/cts	O Det=407	H Det=1363	Mon Det=63857	Aux Det=1135	O+H=2905	 DONE
01/09/2023 18:32:29:	move motor	S18.axis2.phaseshifter 1 to 0.200000deg	 DONE
01/09/2023 18:32:33:	13	count	time	10.000000s/cts	O Det=408	H Det=1499	Mon Det=65255	Aux Det=1047	O+H=2954	 DONE
01/09/2023 18:32:46:	move motor	S18.axis2.phaseshifter 1 to 0.400000deg	 DONE
01/09/2023 18:32:50:	14	count	time	10.000000s/cts	O Det=325	H Det=1925	Mon Det=65372	Aux Det=750	O+H=3000	 DONE
01/09/2023 18:33:02:	move motor	S18.axis2.phaseshifter 1 to 0.600000deg	 DONE
01/09/2023 18:33:06:	15	count	time	10.000000s/cts	O Det=204	H Det=2314	Mon Det=65501	Aux Det=486	O+H=3004	 DONE
01/09/2023 18:33:19:	move motor	S18.axis2.phaseshifter 1 to 0.800000deg	 DONE
01/09/2023 18:33:23:	16	count	time	10.000000s/cts	O Det=124	H Det=2776	Mon Det=64085	Aux Det=197	O+H=3097	 DONE
01/09/2023 18:33:36:	move motor	S18.axis2.phaseshifter 1 to 1.000000deg	 DONE
01/09/2023 18:33:40:	17	count	time	10.000000s/cts	O Det=95	H Det=2867	Mon Det=63507	Aux Det=148	O+H=3110	 DONE
01/09/2023 18:33:52:	move motor	S18.axis2.phaseshifter 1 to 1.200000deg	 DONE
01/09/2023 18:33:56:	18	count	time	10.000000s/cts	O Det=129	H Det=2605	Mon Det=61662	Aux Det=316	O+H=3050	 DONE
01/09/2023 18:34:09:	move motor	S18.axis2.phaseshifter 1 to 1.400000deg	 DONE
01/09/2023 18:34:13:	19	count	time	10.000000s/cts	O Det=222	H Det=2125	Mon Det=61703	Aux Det=647	O+H=2994	 DONE
01/09/2023 18:34:26:	move motor	S18.axis2.phaseshifter 1 to 1.600000deg	 DONE
01/09/2023 18:34:30:	20	count	time	10.000000s/cts	O Det=310	H Det=1769	Mon Det=61438	Aux Det=922	O+H=3001	 DONE
01/09/2023 18:34:42:	move motor	S18.axis2.phaseshifter 1 to 1.800000deg	 DONE
01/09/2023 18:34:46:	21	count	time	10.000000s/cts	O Det=367	H Det=1432	Mon Det=61817	Aux Det=1040	O+H=2839	 DONE
01/09/2023 18:34:59:	move motor	S18.axis2.phaseshifter 1 to 2.000000deg	 DONE
01/09/2023 18:35:03:	22	count	time	10.000000s/cts	O Det=366	H Det=1363	Mon Det=61480	Aux Det=1137	O+H=2866	 DONE
01/09/2023 18:35:16:	close file and end scan	 DONE
01/09/2023 18:35:16:	move motor	S18.axis2.phaseshifter 1 to fit H COS180	-0.053806reached -0.05493  DONE
call of movePS_0.sc DONE
01/09/2023 18:35:21:	set AO_S1Z (PXIDAQ2/ao2) to -1.500000Amps -3.000V DONE
01/09/2023 18:35:21:	1	count	time	10.000000s/cts	O Det=426	H Det=1407	Mon Det=61636	Aux Det=1152	O+H=2985	 DONE
01/09/2023 18:35:34:	create file	D:\data\Cycle 192ter\exp_3-16-14\rawdata\sc\alpha_01Sep1835.dat	 DONE
room to enter remarks DONE
01/09/2023 18:35:35:	move motor	S18.axis2.phaseshifter 1 to -2.000000deg	 DONE
01/09/2023 18:35:40:	2	count	time	10.000000s/cts	O Det=437	H Det=1384	Mon Det=61553	Aux Det=1105	O+H=2926	 DONE
01/09/2023 18:35:52:	move motor	S18.axis2.phaseshifter 1 to -1.800000deg	 DONE
01/09/2023 18:35:57:	3	count	time	10.000000s/cts	O Det=386	H Det=1373	Mon Det=61247	Aux Det=1123	O+H=2882	 DONE
01/09/2023 18:36:09:	move motor	S18.axis2.phaseshifter 1 to -1.600000deg	 DONE
01/09/2023 18:36:13:	4	count	time	10.000000s/cts	O Det=359	H Det=1631	Mon Det=61167	Aux Det=904	O+H=2894	 DONE
01/09/2023 18:36:26:	move motor	S18.axis2.phaseshifter 1 to -1.400000deg	 DONE
01/09/2023 18:36:30:	5	count	time	10.000000s/cts	O Det=291	H Det=1909	Mon Det=61822	Aux Det=675	O+H=2875	 DONE
01/09/2023 18:36:43:	move motor	S18.axis2.phaseshifter 1 to -1.200000deg	 DONE
01/09/2023 18:36:47:	6	count	time	10.000000s/cts	O Det=203	H Det=2363	Mon Det=61034	Aux Det=415	O+H=2981	 DONE
01/09/2023 18:36:59:	move motor	S18.axis2.phaseshifter 1 to -1.000000deg	 DONE
01/09/2023 18:37:03:	7	count	time	10.000000s/cts	O Det=153	H Det=2673	Mon Det=61789	Aux Det=201	O+H=3027	 DONE
01/09/2023 18:37:16:	move motor	S18.axis2.phaseshifter 1 to -0.800000deg	 DONE
01/09/2023 18:37:20:	8	count	time	10.000000s/cts	O Det=89	H Det=2827	Mon Det=62030	Aux Det=137	O+H=3053	 DONE
01/09/2023 18:37:33:	move motor	S18.axis2.phaseshifter 1 to -0.600000deg	 DONE
01/09/2023 18:37:37:	9	count	time	10.000000s/cts	O Det=115	H Det=2625	Mon Det=61739	Aux Det=301	O+H=3041	 DONE
01/09/2023 18:37:49:	move motor	S18.axis2.phaseshifter 1 to -0.400000deg	 DONE
01/09/2023 18:37:53:	10	count	time	10.000000s/cts	O Det=198	H Det=2176	Mon Det=61420	Aux Det=635	O+H=3009	 DONE
01/09/2023 18:38:06:	move motor	S18.axis2.phaseshifter 1 to -0.200000deg	 DONE
01/09/2023 18:38:10:	11	count	time	10.000000s/cts	O Det=342	H Det=1638	Mon Det=61463	Aux Det=1012	O+H=2992	 DONE
01/09/2023 18:38:23:	move motor	S18.axis2.phaseshifter 1 to 0.000000deg	 DONE
01/09/2023 18:38:27:	12	count	time	10.000000s/cts	O Det=390	H Det=1423	Mon Det=61525	Aux Det=1071	O+H=2884	 DONE
01/09/2023 18:38:39:	move motor	S18.axis2.phaseshifter 1 to 0.200000deg	 DONE
01/09/2023 18:38:43:	13	count	time	10.000000s/cts	O Det=398	H Det=1300	Mon Det=61440	Aux Det=1087	O+H=2785	 DONE
01/09/2023 18:38:56:	move motor	S18.axis2.phaseshifter 1 to 0.400000deg	 DONE
01/09/2023 18:39:00:	14	count	time	10.000000s/cts	O Det=379	H Det=1507	Mon Det=60948	Aux Det=948	O+H=2834	 DONE
01/09/2023 18:39:13:	move motor	S18.axis2.phaseshifter 1 to 0.600000deg	 DONE
01/09/2023 18:39:17:	15	count	time	10.000000s/cts	O Det=290	H Det=1951	Mon Det=61594	Aux Det=670	O+H=2911	 DONE
01/09/2023 18:39:29:	move motor	S18.axis2.phaseshifter 1 to 0.800000deg	 DONE
01/09/2023 18:39:33:	16	count	time	10.000000s/cts	O Det=197	H Det=2364	Mon Det=61405	Aux Det=425	O+H=2986	 DONE
01/09/2023 18:39:46:	move motor	S18.axis2.phaseshifter 1 to 1.000000deg	 DONE
01/09/2023 18:39:50:	17	count	time	10.000000s/cts	O Det=136	H Det=2722	Mon Det=61006	Aux Det=211	O+H=3069	 DONE
01/09/2023 18:40:03:	move motor	S18.axis2.phaseshifter 1 to 1.200000deg	 DONE
01/09/2023 18:40:07:	18	count	time	10.000000s/cts	O Det=94	H Det=2792	Mon Det=61486	Aux Det=160	O+H=3046	 DONE
01/09/2023 18:40:19:	move motor	S18.axis2.phaseshifter 1 to 1.400000deg	 DONE
01/09/2023 18:40:23:	19	count	time	10.000000s/cts	O Det=137	H Det=2667	Mon Det=61493	Aux Det=320	O+H=3124	 DONE
01/09/2023 18:40:36:	move motor	S18.axis2.phaseshifter 1 to 1.600000deg	 DONE
01/09/2023 18:40:40:	20	count	time	10.000000s/cts	O Det=209	H Det=2194	Mon Det=61806	Aux Det=632	O+H=3035	 DONE
01/09/2023 18:40:53:	move motor	S18.axis2.phaseshifter 1 to 1.800000deg	 DONE
01/09/2023 18:40:57:	21	count	time	10.000000s/cts	O Det=269	H Det=1950	Mon Det=61796	Aux Det=783	O+H=3002	 DONE
01/09/2023 18:41:09:	move motor	S18.axis2.phaseshifter 1 to 2.000000deg	 DONE
01/09/2023 18:41:13:	22	count	time	10.000000s/cts	O Det=375	H Det=1593	Mon Det=61903	Aux Det=1122	O+H=3090	 DONE
01/09/2023 18:41:26:	close file and end scan	 DONE
01/09/2023 18:41:26:	move motor	S18.axis2.phaseshifter 1 to fit H COS180	0.166662reached 0.15381  DONE
call of movePS_0.sc DONE
01/09/2023 18:41:31:	set AO_S1Z (PXIDAQ2/ao2) to -1.250000Amps -2.500V DONE
01/09/2023 18:41:31:	1	count	time	10.000000s/cts	O Det=325	H Det=1444	Mon Det=61784	Aux Det=1023	O+H=2792	 DONE
01/09/2023 18:41:44:	create file	D:\data\Cycle 192ter\exp_3-16-14\rawdata\sc\alpha_01Sep1841.dat	 DONE
room to enter remarks DONE
01/09/2023 18:41:45:	move motor	S18.axis2.phaseshifter 1 to -2.000000deg	 DONE
01/09/2023 18:41:49:	2	count	time	10.000000s/cts	O Det=324	H Det=1734	Mon Det=61670	Aux Det=859	O+H=2917	 DONE
01/09/2023 18:42:02:	move motor	S18.axis2.phaseshifter 1 to -1.800000deg	 DONE
01/09/2023 18:42:06:	3	count	time	10.000000s/cts	O Det=377	H Det=1480	Mon Det=62241	Aux Det=1033	O+H=2890	 DONE
01/09/2023 18:42:19:	move motor	S18.axis2.phaseshifter 1 to -1.600000deg	 DONE
01/09/2023 18:42:23:	4	count	time	10.000000s/cts	O Det=380	H Det=1416	Mon Det=61895	Aux Det=1070	O+H=2866	 DONE
01/09/2023 18:42:36:	move motor	S18.axis2.phaseshifter 1 to -1.400000deg	 DONE
01/09/2023 18:42:40:	5	count	time	10.000000s/cts	O Det=361	H Det=1599	Mon Det=62183	Aux Det=992	O+H=2952	 DONE
01/09/2023 18:42:52:	move motor	S18.axis2.phaseshifter 1 to -1.200000deg	 DONE
01/09/2023 18:42:56:	6	count	time	10.000000s/cts	O Det=286	H Det=1917	Mon Det=65731	Aux Det=702	O+H=2905	 DONE
01/09/2023 18:43:09:	move motor	S18.axis2.phaseshifter 1 to -1.000000deg	 DONE
01/09/2023 18:43:13:	7	count	time	10.000000s/cts	O Det=213	H Det=2377	Mon Det=65884	Aux Det=398	O+H=2988	 DONE
01/09/2023 18:43:26:	move motor	S18.axis2.phaseshifter 1 to -0.800000deg	 DONE
01/09/2023 18:43:30:	8	count	time	10.000000s/cts	O Det=129	H Det=2659	Mon Det=66238	Aux Det=258	O+H=3046	 DONE
01/09/2023 18:43:42:	move motor	S18.axis2.phaseshifter 1 to -0.600000deg	 DONE
01/09/2023 18:43:46:	9	count	time	10.000000s/cts	O Det=111	H Det=2862	Mon Det=65709	Aux Det=182	O+H=3155	 DONE
01/09/2023 18:43:59:	move motor	S18.axis2.phaseshifter 1 to -0.400000deg	 DONE
01/09/2023 18:44:03:	10	count	time	10.000000s/cts	O Det=139	H Det=2621	Mon Det=65339	Aux Det=315	O+H=3075	 DONE
01/09/2023 18:44:16:	move motor	S18.axis2.phaseshifter 1 to -0.200000deg	 DONE
01/09/2023 18:44:20:	11	count	time	10.000000s/cts	O Det=212	H Det=2153	Mon Det=66072	Aux Det=542	O+H=2907	 DONE
01/09/2023 18:44:32:	move motor	S18.axis2.phaseshifter 1 to 0.000000deg	 DONE
01/09/2023 18:44:36:	12	count	time	10.000000s/cts	O Det=291	H Det=1836	Mon Det=65818	Aux Det=841	O+H=2968	 DONE
01/09/2023 18:44:49:	move motor	S18.axis2.phaseshifter 1 to 0.200000deg	 DONE
01/09/2023 18:44:53:	13	count	time	10.000000s/cts	O Det=356	H Det=1584	Mon Det=66502	Aux Det=1016	O+H=2956	 DONE
01/09/2023 18:45:06:	move motor	S18.axis2.phaseshifter 1 to 0.400000deg	 DONE
01/09/2023 18:45:10:	14	count	time	10.000000s/cts	O Det=353	H Det=1388	Mon Det=65281	Aux Det=1055	O+H=2796	 DONE
01/09/2023 18:45:22:	move motor	S18.axis2.phaseshifter 1 to 0.600000deg	 DONE
01/09/2023 18:45:27:	15	count	time	10.000000s/cts	O Det=375	H Det=1522	Mon Det=65846	Aux Det=965	O+H=2862	 DONE
01/09/2023 18:45:39:	move motor	S18.axis2.phaseshifter 1 to 0.800000deg	 DONE
01/09/2023 18:45:43:	16	count	time	10.000000s/cts	O Det=308	H Det=1907	Mon Det=64737	Aux Det=773	O+H=2988	 DONE
01/09/2023 18:45:56:	move motor	S18.axis2.phaseshifter 1 to 1.000000deg	 DONE
01/09/2023 18:46:00:	17	count	time	10.000000s/cts	O Det=198	H Det=2357	Mon Det=65809	Aux Det=439	O+H=2994	 DONE
01/09/2023 18:46:13:	move motor	S18.axis2.phaseshifter 1 to 1.200000deg	 DONE
01/09/2023 18:46:17:	18	count	time	10.000000s/cts	O Det=179	H Det=2610	Mon Det=65898	Aux Det=325	O+H=3114	 DONE
01/09/2023 18:46:31:	move motor	S18.axis2.phaseshifter 1 to 1.400000deg	 DONE
01/09/2023 18:46:35:	19	count	time	10.000000s/cts	O Det=103	H Det=2703	Mon Det=66011	Aux Det=178	O+H=2984	 DONE
01/09/2023 18:46:47:	move motor	S18.axis2.phaseshifter 1 to 1.600000deg	 DONE
01/09/2023 18:46:51:	20	count	time	10.000000s/cts	O Det=134	H Det=2709	Mon Det=66088	Aux Det=289	O+H=3132	 DONE
01/09/2023 18:47:04:	move motor	S18.axis2.phaseshifter 1 to 1.800000deg	 DONE
01/09/2023 18:47:08:	21	count	time	10.000000s/cts	O Det=163	H Det=2244	Mon Det=65945	Aux Det=545	O+H=2952	 DONE
01/09/2023 18:47:21:	move motor	S18.axis2.phaseshifter 1 to 2.000000deg	 DONE
01/09/2023 18:47:25:	22	count	time	10.000000s/cts	O Det=309	H Det=1823	Mon Det=65444	Aux Det=891	O+H=3023	 DONE
01/09/2023 18:47:37:	close file and end scan	 DONE
01/09/2023 18:47:38:	move motor	S18.axis2.phaseshifter 1 to fit H COS180	0.377213reached 0.38452  DONE
call of movePS_0.sc DONE
01/09/2023 18:47:42:	set AO_S1Z (PXIDAQ2/ao2) to -1.000000Amps -2.000V DONE
01/09/2023 18:47:43:	1	count	time	10.000000s/cts	O Det=343	H Det=1641	Mon Det=66404	Aux Det=977	O+H=2961	 DONE
01/09/2023 18:47:55:	create file	D:\data\Cycle 192ter\exp_3-16-14\rawdata\sc\alpha_01Sep1847.dat	 DONE
room to enter remarks DONE
01/09/2023 18:47:56:	move motor	S18.axis2.phaseshifter 1 to -2.000000deg	 DONE
01/09/2023 18:48:01:	2	count	time	10.000000s/cts	O Det=187	H Det=2390	Mon Det=65708	Aux Det=482	O+H=3059	 DONE
01/09/2023 18:48:14:	move motor	S18.axis2.phaseshifter 1 to -1.800000deg	 DONE
01/09/2023 18:48:18:	3	count	time	10.000000s/cts	O Det=234	H Det=1864	Mon Det=66177	Aux Det=750	O+H=2848	 DONE
01/09/2023 18:48:31:	move motor	S18.axis2.phaseshifter 1 to -1.600000deg	 DONE
01/09/2023 18:48:35:	4	count	time	10.000000s/cts	O Det=340	H Det=1623	Mon Det=65895	Aux Det=964	O+H=2927	 DONE
01/09/2023 18:48:47:	move motor	S18.axis2.phaseshifter 1 to -1.400000deg	 DONE
01/09/2023 18:48:51:	5	count	time	10.000000s/cts	O Det=362	H Det=1476	Mon Det=66224	Aux Det=1015	O+H=2853	 DONE
01/09/2023 18:49:04:	move motor	S18.axis2.phaseshifter 1 to -1.200000deg	 DONE
01/09/2023 18:49:08:	6	count	time	10.000000s/cts	O Det=365	H Det=1619	Mon Det=65217	Aux Det=943	O+H=2927	 DONE
01/09/2023 18:49:21:	move motor	S18.axis2.phaseshifter 1 to -1.000000deg	 DONE
01/09/2023 18:49:25:	7	count	time	10.000000s/cts	O Det=327	H Det=1773	Mon Det=65093	Aux Det=836	O+H=2936	 DONE
01/09/2023 18:49:38:	move motor	S18.axis2.phaseshifter 1 to -0.800000deg	 DONE
01/09/2023 18:49:42:	8	count	time	10.000000s/cts	O Det=259	H Det=2067	Mon Det=65387	Aux Det=575	O+H=2901	 DONE
01/09/2023 18:49:54:	move motor	S18.axis2.phaseshifter 1 to -0.600000deg	 DONE
01/09/2023 18:49:59:	9	count	time	10.000000s/cts	O Det=206	H Det=2577	Mon Det=65895	Aux Det=329	O+H=3112	 DONE
01/09/2023 18:50:11:	move motor	S18.axis2.phaseshifter 1 to -0.400000deg	 DONE
01/09/2023 18:50:15:	10	count	time	10.000000s/cts	O Det=152	H Det=2714	Mon Det=65625	Aux Det=216	O+H=3082	 DONE
01/09/2023 18:50:28:	move motor	S18.axis2.phaseshifter 1 to -0.200000deg	 DONE
01/09/2023 18:50:32:	11	count	time	10.000000s/cts	O Det=160	H Det=2573	Mon Det=65631	Aux Det=285	O+H=3018	 DONE
01/09/2023 18:50:45:	move motor	S18.axis2.phaseshifter 1 to 0.000000deg	 DONE
01/09/2023 18:50:48:	12	count	time	10.000000s/cts	O Det=204	H Det=2431	Mon Det=65756	Aux Det=492	O+H=3127	 DONE
01/09/2023 18:51:01:	move motor	S18.axis2.phaseshifter 1 to 0.200000deg	 DONE
01/09/2023 18:51:05:	13	count	time	10.000000s/cts	O Det=221	H Det=2110	Mon Det=65486	Aux Det=687	O+H=3018	 DONE
01/09/2023 18:51:18:	move motor	S18.axis2.phaseshifter 1 to 0.400000deg	 DONE
01/09/2023 18:51:22:	14	count	time	10.000000s/cts	O Det=279	H Det=1764	Mon Det=66037	Aux Det=931	O+H=2974	 DONE
01/09/2023 18:51:34:	move motor	S18.axis2.phaseshifter 1 to 0.600000deg	 DONE
01/09/2023 18:51:39:	15	count	time	10.000000s/cts	O Det=348	H Det=1434	Mon Det=65666	Aux Det=1050	O+H=2832	 DONE
01/09/2023 18:51:51:	move motor	S18.axis2.phaseshifter 1 to 0.800000deg	 DONE
01/09/2023 18:51:55:	16	count	time	10.000000s/cts	O Det=397	H Det=1571	Mon Det=65817	Aux Det=1083	O+H=3051	 DONE
01/09/2023 18:52:08:	move motor	S18.axis2.phaseshifter 1 to 1.000000deg	 DONE
01/09/2023 18:52:12:	17	count	time	10.000000s/cts	O Det=324	H Det=1774	Mon Det=65685	Aux Det=831	O+H=2929	 DONE
01/09/2023 18:52:25:	move motor	S18.axis2.phaseshifter 1 to 1.200000deg	 DONE
01/09/2023 18:52:28:	18	count	time	10.000000s/cts	O Det=260	H Det=2179	Mon Det=65516	Aux Det=571	O+H=3010	 DONE
01/09/2023 18:52:41:	move motor	S18.axis2.phaseshifter 1 to 1.400000deg	 DONE
01/09/2023 18:52:45:	19	count	time	10.000000s/cts	O Det=187	H Det=2346	Mon Det=65728	Aux Det=408	O+H=2941	 DONE
01/09/2023 18:52:58:	move motor	S18.axis2.phaseshifter 1 to 1.600000deg	 DONE
01/09/2023 18:53:02:	20	count	time	10.000000s/cts	O Det=131	H Det=2715	Mon Det=66106	Aux Det=240	O+H=3086	 DONE
01/09/2023 18:53:15:	move motor	S18.axis2.phaseshifter 1 to 1.800000deg	 DONE
01/09/2023 18:53:19:	21	count	time	10.000000s/cts	O Det=142	H Det=2729	Mon Det=65715	Aux Det=313	O+H=3184	 DONE
01/09/2023 18:53:31:	move motor	S18.axis2.phaseshifter 1 to 2.000000deg	 DONE
01/09/2023 18:53:35:	22	count	time	10.000000s/cts	O Det=172	H Det=2516	Mon Det=66480	Aux Det=472	O+H=3160	 DONE
01/09/2023 18:53:48:	close file and end scan	 DONE
01/09/2023 18:53:49:	move motor	S18.axis2.phaseshifter 1 to fit H COS180	0.689867reached 0.70313  DONE
call of movePS_0.sc DONE
01/09/2023 18:53:52:	set AO_S1Z (PXIDAQ2/ao2) to -0.750000Amps -1.500V DONE
01/09/2023 18:53:53:	1	count	time	10.000000s/cts	O Det=366	H Det=1516	Mon Det=65451	Aux Det=1051	O+H=2933	 DONE
01/09/2023 18:54:06:	create file	D:\data\Cycle 192ter\exp_3-16-14\rawdata\sc\alpha_01Sep1854.dat	 DONE
room to enter remarks DONE
01/09/2023 18:54:07:	move motor	S18.axis2.phaseshifter 1 to -2.000000deg	 DONE
01/09/2023 18:54:12:	2	count	time	10.000000s/cts	O Det=151	H Det=2556	Mon Det=66059	Aux Det=334	O+H=3041	 DONE
01/09/2023 18:54:24:	move motor	S18.axis2.phaseshifter 1 to -1.800000deg	 DONE
01/09/2023 18:54:28:	3	count	time	10.000000s/cts	O Det=162	H Det=2453	Mon Det=66005	Aux Det=395	O+H=3010	 DONE
01/09/2023 18:54:41:	move motor	S18.axis2.phaseshifter 1 to -1.600000deg	 DONE
01/09/2023 18:54:45:	4	count	time	10.000000s/cts	O Det=261	H Det=2116	Mon Det=65608	Aux Det=688	O+H=3065	 DONE
01/09/2023 18:54:57:	move motor	S18.axis2.phaseshifter 1 to -1.400000deg	 DONE
01/09/2023 18:55:01:	5	count	time	10.000000s/cts	O Det=329	H Det=1679	Mon Det=65622	Aux Det=927	O+H=2935	 DONE
01/09/2023 18:55:14:	move motor	S18.axis2.phaseshifter 1 to -1.200000deg	 DONE
01/09/2023 18:55:18:	6	count	time	10.000000s/cts	O Det=330	H Det=1472	Mon Det=65882	Aux Det=1060	O+H=2862	 DONE
01/09/2023 18:55:31:	move motor	S18.axis2.phaseshifter 1 to -1.000000deg	 DONE
01/09/2023 18:55:35:	7	count	time	10.000000s/cts	O Det=368	H Det=1496	Mon Det=65355	Aux Det=1072	O+H=2936	 DONE
01/09/2023 18:55:47:	move motor	S18.axis2.phaseshifter 1 to -0.800000deg	 DONE
01/09/2023 18:55:51:	8	count	time	10.000000s/cts	O Det=338	H Det=1747	Mon Det=65589	Aux Det=920	O+H=3005	 DONE
01/09/2023 18:56:04:	move motor	S18.axis2.phaseshifter 1 to -0.600000deg	 DONE
01/09/2023 18:56:08:	9	count	time	10.000000s/cts	O Det=262	H Det=1931	Mon Det=65810	Aux Det=692	O+H=2885	 DONE
01/09/2023 18:56:21:	move motor	S18.axis2.phaseshifter 1 to -0.400000deg	 DONE
01/09/2023 18:56:25:	10	count	time	10.000000s/cts	O Det=221	H Det=2399	Mon Det=65970	Aux Det=398	O+H=3018	 DONE
01/09/2023 18:56:38:	move motor	S18.axis2.phaseshifter 1 to -0.200000deg	 DONE
01/09/2023 18:56:42:	11	count	time	10.000000s/cts	O Det=147	H Det=2740	Mon Det=66560	Aux Det=215	O+H=3102	 DONE
01/09/2023 18:56:54:	move motor	S18.axis2.phaseshifter 1 to 0.000000deg	 DONE
01/09/2023 18:56:58:	12	count	time	10.000000s/cts	O Det=133	H Det=2606	Mon Det=65545	Aux Det=248	O+H=2987	 DONE
01/09/2023 18:57:11:	move motor	S18.axis2.phaseshifter 1 to 0.200000deg	 DONE
01/09/2023 18:57:15:	13	count	time	10.000000s/cts	O Det=179	H Det=2326	Mon Det=66336	Aux Det=484	O+H=2989	 DONE
01/09/2023 18:57:28:	move motor	S18.axis2.phaseshifter 1 to 0.400000deg	 DONE
01/09/2023 18:57:32:	14	count	time	10.000000s/cts	O Det=234	H Det=2169	Mon Det=65390	Aux Det=636	O+H=3039	 DONE
01/09/2023 18:57:44:	move motor	S18.axis2.phaseshifter 1 to 0.600000deg	 DONE
01/09/2023 18:57:48:	15	count	time	10.000000s/cts	O Det=292	H Det=1749	Mon Det=64951	Aux Det=858	O+H=2899	 DONE
01/09/2023 18:58:01:	move motor	S18.axis2.phaseshifter 1 to 0.800000deg	 DONE
01/09/2023 18:58:05:	16	count	time	10.000000s/cts	O Det=359	H Det=1494	Mon Det=65517	Aux Det=1087	O+H=2940	 DONE
01/09/2023 18:58:18:	move motor	S18.axis2.phaseshifter 1 to 1.000000deg	 DONE
01/09/2023 18:58:22:	17	count	time	10.000000s/cts	O Det=375	H Det=1519	Mon Det=65314	Aux Det=1012	O+H=2906	 DONE
01/09/2023 18:58:34:	move motor	S18.axis2.phaseshifter 1 to 1.200000deg	 DONE
01/09/2023 18:58:38:	18	count	time	10.000000s/cts	O Det=333	H Det=1701	Mon Det=65316	Aux Det=834	O+H=2868	 DONE
01/09/2023 18:58:51:	move motor	S18.axis2.phaseshifter 1 to 1.400000deg	 DONE
01/09/2023 18:58:55:	19	count	time	10.000000s/cts	O Det=298	H Det=1991	Mon Det=65063	Aux Det=696	O+H=2985	 DONE
01/09/2023 18:59:08:	move motor	S18.axis2.phaseshifter 1 to 1.600000deg	 DONE
01/09/2023 18:59:11:	20	count	time	10.000000s/cts	O Det=226	H Det=2414	Mon Det=65092	Aux Det=427	O+H=3067	 DONE
01/09/2023 18:59:24:	move motor	S18.axis2.phaseshifter 1 to 1.800000deg	 DONE
01/09/2023 18:59:28:	21	count	time	10.000000s/cts	O Det=159	H Det=2693	Mon Det=65722	Aux Det=243	O+H=3095	 DONE
01/09/2023 18:59:41:	move motor	S18.axis2.phaseshifter 1 to 2.000000deg	 DONE
01/09/2023 18:59:45:	22	count	time	10.000000s/cts	O Det=140	H Det=2691	Mon Det=65828	Aux Det=227	O+H=3058	 DONE
01/09/2023 18:59:57:	close file and end scan	 DONE
01/09/2023 18:59:58:	move motor	S18.axis2.phaseshifter 1 to fit H COS180	0.909773reached 0.91187  DONE
call of movePS_0.sc DONE
01/09/2023 19:00:02:	set AO_S1Z (PXIDAQ2/ao2) to -0.500000Amps -1.000V DONE
01/09/2023 19:00:02:	1	count	time	10.000000s/cts	O Det=345	H Det=1614	Mon Det=66179	Aux Det=1011	O+H=2970	 DONE
01/09/2023 19:00:15:	create file	D:\data\Cycle 192ter\exp_3-16-14\rawdata\sc\alpha_01Sep1900.dat	 DONE
room to enter remarks DONE
01/09/2023 19:00:16:	move motor	S18.axis2.phaseshifter 1 to -2.000000deg	 DONE
01/09/2023 19:00:21:	2	count	time	10.000000s/cts	O Det=161	H Det=2635	Mon Det=65358	Aux Det=219	O+H=3015	 DONE
01/09/2023 19:00:34:	move motor	S18.axis2.phaseshifter 1 to -1.800000deg	 DONE
01/09/2023 19:00:38:	3	count	time	10.000000s/cts	O Det=127	H Det=2790	Mon Det=65085	Aux Det=175	O+H=3092	 DONE
01/09/2023 19:00:51:	move motor	S18.axis2.phaseshifter 1 to -1.600000deg	 DONE
01/09/2023 19:00:55:	4	count	time	10.000000s/cts	O Det=134	H Det=2662	Mon Det=65878	Aux Det=282	O+H=3078	 DONE
01/09/2023 19:01:07:	move motor	S18.axis2.phaseshifter 1 to -1.400000deg	 DONE
01/09/2023 19:01:11:	5	count	time	10.000000s/cts	O Det=216	H Det=2124	Mon Det=64669	Aux Det=635	O+H=2975	 DONE
01/09/2023 19:01:24:	move motor	S18.axis2.phaseshifter 1 to -1.200000deg	 DONE
01/09/2023 19:01:28:	6	count	time	10.000000s/cts	O Det=313	H Det=1784	Mon Det=65765	Aux Det=921	O+H=3018	 DONE
01/09/2023 19:01:41:	move motor	S18.axis2.phaseshifter 1 to -1.000000deg	 DONE
01/09/2023 19:01:44:	7	count	time	10.000000s/cts	O Det=378	H Det=1448	Mon Det=65683	Aux Det=1134	O+H=2960	 DONE
01/09/2023 19:01:57:	move motor	S18.axis2.phaseshifter 1 to -0.800000deg	 DONE
01/09/2023 19:02:01:	8	count	time	10.000000s/cts	O Det=383	H Det=1401	Mon Det=65193	Aux Det=1005	O+H=2789	 DONE
01/09/2023 19:02:14:	move motor	S18.axis2.phaseshifter 1 to -0.600000deg	 DONE
01/09/2023 19:02:18:	9	count	time	10.000000s/cts	O Det=371	H Det=1659	Mon Det=65598	Aux Det=954	O+H=2984	 DONE
01/09/2023 19:02:31:	move motor	S18.axis2.phaseshifter 1 to -0.400000deg	 DONE
01/09/2023 19:02:34:	10	count	time	10.000000s/cts	O Det=311	H Det=1913	Mon Det=65810	Aux Det=741	O+H=2965	 DONE
01/09/2023 19:02:47:	move motor	S18.axis2.phaseshifter 1 to -0.200000deg	 DONE
01/09/2023 19:02:51:	11	count	time	10.000000s/cts	O Det=219	H Det=2363	Mon Det=66008	Aux Det=445	O+H=3027	 DONE
01/09/2023 19:03:04:	move motor	S18.axis2.phaseshifter 1 to 0.000000deg	 DONE
01/09/2023 19:03:08:	12	count	time	10.000000s/cts	O Det=150	H Det=2586	Mon Det=65978	Aux Det=200	O+H=2936	 DONE
01/09/2023 19:03:20:	move motor	S18.axis2.phaseshifter 1 to 0.200000deg	 DONE
01/09/2023 19:03:24:	13	count	time	10.000000s/cts	O Det=149	H Det=2731	Mon Det=66226	Aux Det=207	O+H=3087	 DONE
01/09/2023 19:03:37:	move motor	S18.axis2.phaseshifter 1 to 0.400000deg	 DONE
01/09/2023 19:03:41:	14	count	time	10.000000s/cts	O Det=145	H Det=2605	Mon Det=66243	Aux Det=355	O+H=3105	 DONE
01/09/2023 19:03:54:	move motor	S18.axis2.phaseshifter 1 to 0.600000deg	 DONE
01/09/2023 19:03:58:	15	count	time	10.000000s/cts	O Det=184	H Det=2349	Mon Det=65324	Aux Det=544	O+H=3077	 DONE
01/09/2023 19:04:11:	move motor	S18.axis2.phaseshifter 1 to 0.800000deg	 DONE
01/09/2023 19:04:15:	16	count	time	10.000000s/cts	O Det=286	H Det=1847	Mon Det=65454	Aux Det=815	O+H=2948	 DONE
01/09/2023 19:04:28:	move motor	S18.axis2.phaseshifter 1 to 1.000000deg	 DONE
01/09/2023 19:04:31:	17	count	time	10.000000s/cts	O Det=347	H Det=1486	Mon Det=65419	Aux Det=1054	O+H=2887	 DONE
01/09/2023 19:04:44:	move motor	S18.axis2.phaseshifter 1 to 1.200000deg	 DONE
01/09/2023 19:04:48:	18	count	time	10.000000s/cts	O Det=395	H Det=1478	Mon Det=65681	Aux Det=1135	O+H=3008	 DONE
01/09/2023 19:05:01:	move motor	S18.axis2.phaseshifter 1 to 1.400000deg	 DONE
01/09/2023 19:05:05:	19	count	time	10.000000s/cts	O Det=383	H Det=1587	Mon Det=65928	Aux Det=1020	O+H=2990	 DONE
01/09/2023 19:05:18:	move motor	S18.axis2.phaseshifter 1 to 1.600000deg	 DONE
01/09/2023 19:05:22:	20	count	time	10.000000s/cts	O Det=315	H Det=1831	Mon Det=65579	Aux Det=837	O+H=2983	 DONE
01/09/2023 19:05:34:	move motor	S18.axis2.phaseshifter 1 to 1.800000deg	 DONE
01/09/2023 19:05:38:	21	count	time	10.000000s/cts	O Det=222	H Det=2316	Mon Det=66332	Aux Det=514	O+H=3052	 DONE
01/09/2023 19:05:51:	move motor	S18.axis2.phaseshifter 1 to 2.000000deg	 DONE
01/09/2023 19:05:55:	22	count	time	10.000000s/cts	O Det=168	H Det=2717	Mon Det=65465	Aux Det=249	O+H=3134	 DONE
01/09/2023 19:06:08:	close file and end scan	 DONE
01/09/2023 19:06:08:	move motor	S18.axis2.phaseshifter 1 to fit H COS180	1.186879reached 1.18652  DONE
call of movePS_0.sc DONE
01/09/2023 19:06:12:	set AO_S1Z (PXIDAQ2/ao2) to -0.250000Amps -0.500V DONE
01/09/2023 19:06:13:	1	count	time	10.000000s/cts	O Det=390	H Det=1463	Mon Det=65721	Aux Det=1085	O+H=2938	 DONE
01/09/2023 19:06:25:	create file	D:\data\Cycle 192ter\exp_3-16-14\rawdata\sc\alpha_01Sep1906.dat	 DONE
room to enter remarks DONE
01/09/2023 19:06:27:	move motor	S18.axis2.phaseshifter 1 to -2.000000deg	 DONE
01/09/2023 19:06:32:	2	count	time	10.000000s/cts	O Det=183	H Det=2669	Mon Det=65736	Aux Det=326	O+H=3178	 DONE
01/09/2023 19:06:44:	move motor	S18.axis2.phaseshifter 1 to -1.800000deg	 DONE
01/09/2023 19:06:48:	3	count	time	10.000000s/cts	O Det=111	H Det=2774	Mon Det=65883	Aux Det=167	O+H=3052	 DONE
01/09/2023 19:07:01:	move motor	S18.axis2.phaseshifter 1 to -1.600000deg	 DONE
01/09/2023 19:07:05:	4	count	time	10.000000s/cts	O Det=101	H Det=2854	Mon Det=65876	Aux Det=154	O+H=3109	 DONE
01/09/2023 19:07:17:	move motor	S18.axis2.phaseshifter 1 to -1.400000deg	 DONE
01/09/2023 19:07:22:	5	count	time	10.000000s/cts	O Det=169	H Det=2673	Mon Det=65307	Aux Det=343	O+H=3185	 DONE
01/09/2023 19:07:34:	move motor	S18.axis2.phaseshifter 1 to -1.200000deg	 DONE
01/09/2023 19:07:39:	6	count	time	10.000000s/cts	O Det=189	H Det=2217	Mon Det=66305	Aux Det=594	O+H=3000	 DONE
01/09/2023 19:07:51:	move motor	S18.axis2.phaseshifter 1 to -1.000000deg	 DONE
01/09/2023 19:07:55:	7	count	time	10.000000s/cts	O Det=147	H Det=806	Mon Det=32966	Aux Det=436	O+H=1389	STOPPED BY USER	01/09/2023 19:08:03:	close file and end scan	 DONE
01/09/2023 19:08:03:	move motor	S18.axis2.phaseshifter 1 to fit H COS180	-1.614294reached -1.60400  DONE
call of movePS_0.sc DONE
01/09/2023 19:08:07:	set AO_S1Z (PXIDAQ2/ao2) to 0.000000Amps 0.000V DONE
01/09/2023 19:08:08:	1	count	time	10.000000s/cts	O Det=35	H Det=1012	Mon Det=23454	Aux Det=26	O+H=1073	STOPPED BY USER	01/09/2023 19:08:14:	close file and end scan	 DONE
01/09/2023 19:08:14:	move motor	S18.axis2.phaseshifter 1 to fit H COS180	