03/09/2023 06:18:52:	start execution of script D:\data\Cycle 192ter\exp_3-16-14\rawdata\sc\alpha.sc	 DONE
03/09/2023 06:18:53:	create file	D:\data\Cycle 192ter\exp_3-16-14\rawdata\sc\alpha_03Sep0618.dat	 DONE
room to enter remarks DONE
03/09/2023 06:18:54:	NO ACTION	movePS_90.sc DONE
03/09/2023 06:18:54:	set AO_S1Z (PXIDAQ2/ao2) to 0.000000Amps 0.000V DONE
03/09/2023 06:18:55:	1	count	time	20.000000s/cts	O Det=501	H Det=4402	Mon Det=125316	Aux Det=1162	O+H=6065	 DONE
03/09/2023 06:19:17:	set AO_S1Z (PXIDAQ2/ao2) to -0.100000Amps -0.200V DONE
03/09/2023 06:19:18:	2	count	time	20.000000s/cts	O Det=499	H Det=4423	Mon Det=125464	Aux Det=1082	O+H=6004	 DONE
03/09/2023 06:19:41:	set AO_S1Z (PXIDAQ2/ao2) to 0.100000Amps 0.200V DONE
03/09/2023 06:19:41:	3	count	time	20.000000s/cts	O Det=599	H Det=3915	Mon Det=123969	Aux Det=1459	O+H=5973	 DONE
03/09/2023 06:20:04:	set AO_S1Z (PXIDAQ2/ao2) to -0.200000Amps -0.400V DONE
03/09/2023 06:20:05:	4	count	time	20.000000s/cts	O Det=479	H Det=4744	Mon Det=124784	Aux Det=1003	O+H=6226	 DONE
03/09/2023 06:20:27:	set AO_S1Z (PXIDAQ2/ao2) to 0.200000Amps 0.400V DONE
03/09/2023 06:20:28:	5	count	time	20.000000s/cts	O Det=606	H Det=3871	Mon Det=124715	Aux Det=1636	O+H=6113	 DONE
03/09/2023 06:20:51:	set AO_S1Z (PXIDAQ2/ao2) to -0.300000Amps -0.600V DONE
03/09/2023 06:20:51:	6	count	time	20.000000s/cts	O Det=386	H Det=5048	Mon Det=124541	Aux Det=739	O+H=6173	 DONE
03/09/2023 06:21:14:	set AO_S1Z (PXIDAQ2/ao2) to 0.300000Amps 0.600V DONE
03/09/2023 06:21:14:	7	count	time	20.000000s/cts	O Det=671	H Det=3670	Mon Det=128173	Aux Det=1515	O+H=5856	 DONE
03/09/2023 06:21:37:	set AO_S1Z (PXIDAQ2/ao2) to -0.400000Amps -0.800V DONE
03/09/2023 06:21:38:	8	count	time	20.000000s/cts	O Det=392	H Det=5038	Mon Det=132027	Aux Det=669	O+H=6099	 DONE
03/09/2023 06:22:00:	set AO_S1Z (PXIDAQ2/ao2) to 0.400000Amps 0.800V DONE
03/09/2023 06:22:01:	9	count	time	20.000000s/cts	O Det=724	H Det=3351	Mon Det=133318	Aux Det=1868	O+H=5943	 DONE
03/09/2023 06:22:24:	set AO_S1Z (PXIDAQ2/ao2) to -0.500000Amps -1.000V DONE
03/09/2023 06:22:24:	10	count	time	20.000000s/cts	O Det=380	H Det=5330	Mon Det=132632	Aux Det=582	O+H=6292	 DONE
03/09/2023 06:22:47:	set AO_S1Z (PXIDAQ2/ao2) to 0.500000Amps 1.000V DONE
03/09/2023 06:22:47:	11	count	time	20.000000s/cts	O Det=660	H Det=3272	Mon Det=130822	Aux Det=1870	O+H=5802	 DONE
03/09/2023 06:23:10:	set AO_S1Z (PXIDAQ2/ao2) to -0.600000Amps -1.200V DONE
03/09/2023 06:23:11:	12	count	time	20.000000s/cts	O Det=356	H Det=5299	Mon Det=126082	Aux Det=574	O+H=6229	 DONE
03/09/2023 06:23:33:	set AO_S1Z (PXIDAQ2/ao2) to 0.600000Amps 1.200V DONE
03/09/2023 06:23:34:	13	count	time	20.000000s/cts	O Det=693	H Det=3309	Mon Det=125888	Aux Det=1928	O+H=5930	 DONE
03/09/2023 06:23:57:	set AO_S1Z (PXIDAQ2/ao2) to -0.700000Amps -1.400V DONE
03/09/2023 06:23:57:	14	count	time	20.000000s/cts	O Det=283	H Det=5455	Mon Det=126581	Aux Det=436	O+H=6174	 DONE
03/09/2023 06:24:20:	set AO_S1Z (PXIDAQ2/ao2) to 0.700000Amps 1.400V DONE
03/09/2023 06:24:20:	15	count	time	20.000000s/cts	O Det=658	H Det=3194	Mon Det=125702	Aux Det=1928	O+H=5780	 DONE
03/09/2023 06:24:43:	set AO_S1Z (PXIDAQ2/ao2) to -0.800000Amps -1.600V DONE
03/09/2023 06:24:44:	16	count	time	20.000000s/cts	O Det=229	H Det=5438	Mon Det=124403	Aux Det=450	O+H=6117	 DONE
03/09/2023 06:25:06:	set AO_S1Z (PXIDAQ2/ao2) to 0.800000Amps 1.600V DONE
03/09/2023 06:25:07:	17	count	time	20.000000s/cts	O Det=698	H Det=3114	Mon Det=124415	Aux Det=2032	O+H=5844	 DONE
03/09/2023 06:25:30:	set AO_S1Z (PXIDAQ2/ao2) to -0.900000Amps -1.800V DONE
03/09/2023 06:25:30:	18	count	time	20.000000s/cts	O Det=287	H Det=5502	Mon Det=124959	Aux Det=455	O+H=6244	 DONE
03/09/2023 06:25:53:	set AO_S1Z (PXIDAQ2/ao2) to 0.900000Amps 1.800V DONE
03/09/2023 06:25:53:	19	count	time	20.000000s/cts	O Det=691	H Det=3134	Mon Det=125577	Aux Det=2143	O+H=5968	 DONE
03/09/2023 06:26:16:	set AO_S1Z (PXIDAQ2/ao2) to -1.000000Amps -2.000V DONE
03/09/2023 06:26:17:	20	count	time	20.000000s/cts	O Det=299	H Det=5136	Mon Det=127431	Aux Det=628	O+H=6063	 DONE
03/09/2023 06:26:39:	set AO_S1Z (PXIDAQ2/ao2) to 1.000000Amps 2.000V DONE
03/09/2023 06:26:40:	21	count	time	20.000000s/cts	O Det=794	H Det=3020	Mon Det=130973	Aux Det=2098	O+H=5912	 DONE
03/09/2023 06:27:03:	set AO_S1Z (PXIDAQ2/ao2) to -1.100000Amps -2.200V DONE
03/09/2023 06:27:03:	22	count	time	20.000000s/cts	O Det=333	H Det=5014	Mon Det=131330	Aux Det=851	O+H=6198	 DONE
03/09/2023 06:27:26:	set AO_S1Z (PXIDAQ2/ao2) to 1.100000Amps 2.200V DONE
03/09/2023 06:27:27:	23	count	time	20.000000s/cts	O Det=718	H Det=2958	Mon Det=130539	Aux Det=2189	O+H=5865	 DONE
03/09/2023 06:27:49:	set AO_S1Z (PXIDAQ2/ao2) to -1.200000Amps -2.400V DONE
03/09/2023 06:27:50:	24	count	time	20.000000s/cts	O Det=365	H Det=4527	Mon Det=127971	Aux Det=1173	O+H=6065	 DONE
03/09/2023 06:28:13:	set AO_S1Z (PXIDAQ2/ao2) to 1.200000Amps 2.400V DONE
03/09/2023 06:28:13:	25	count	time	20.000000s/cts	O Det=714	H Det=2790	Mon Det=126496	Aux Det=2262	O+H=5766	 DONE
03/09/2023 06:28:36:	set AO_S1Z (PXIDAQ2/ao2) to -1.300000Amps -2.600V DONE
03/09/2023 06:28:36:	26	count	time	20.000000s/cts	O Det=476	H Det=4251	Mon Det=125708	Aux Det=1277	O+H=6004	 DONE
03/09/2023 06:28:59:	set AO_S1Z (PXIDAQ2/ao2) to 1.300000Amps 2.600V DONE
03/09/2023 06:29:00:	27	count	time	20.000000s/cts	O Det=754	H Det=2827	Mon Det=126543	Aux Det=2238	O+H=5819	 DONE
03/09/2023 06:29:22:	set AO_S1Z (PXIDAQ2/ao2) to -1.400000Amps -2.800V DONE
03/09/2023 06:29:23:	28	count	time	20.000000s/cts	O Det=519	H Det=3940	Mon Det=125713	Aux Det=1568	O+H=6027	 DONE
03/09/2023 06:29:46:	set AO_S1Z (PXIDAQ2/ao2) to 1.400000Amps 2.800V DONE
03/09/2023 06:29:46:	29	count	time	20.000000s/cts	O Det=753	H Det=2837	Mon Det=126102	Aux Det=2193	O+H=5783	 DONE
03/09/2023 06:30:09:	set AO_S1Z (PXIDAQ2/ao2) to -1.500000Amps -3.000V DONE
03/09/2023 06:30:09:	30	count	time	20.000000s/cts	O Det=556	H Det=3579	Mon Det=125119	Aux Det=1718	O+H=5853	 DONE
03/09/2023 06:30:32:	set AO_S1Z (PXIDAQ2/ao2) to 1.500000Amps 3.000V DONE
03/09/2023 06:30:33:	31	count	time	20.000000s/cts	O Det=768	H Det=2807	Mon Det=125742	Aux Det=2239	O+H=5814	 DONE
03/09/2023 06:30:55:	set AO_S1Z (PXIDAQ2/ao2) to -1.600000Amps -3.200V DONE
03/09/2023 06:30:56:	32	count	time	20.000000s/cts	O Det=660	H Det=3161	Mon Det=127125	Aux Det=1974	O+H=5795	 DONE
03/09/2023 06:31:19:	set AO_S1Z (PXIDAQ2/ao2) to 1.600000Amps 3.200V DONE
03/09/2023 06:31:19:	33	count	time	20.000000s/cts	O Det=754	H Det=2884	Mon Det=129301	Aux Det=2260	O+H=5898	 DONE
03/09/2023 06:31:42:	set AO_S1Z (PXIDAQ2/ao2) to -1.700000Amps -3.400V DONE
03/09/2023 06:31:42:	34	count	time	20.000000s/cts	O Det=795	H Det=2948	Mon Det=131000	Aux Det=2146	O+H=5889	 DONE
03/09/2023 06:32:05:	set AO_S1Z (PXIDAQ2/ao2) to 1.700000Amps 3.400V DONE
03/09/2023 06:32:06:	35	count	time	20.000000s/cts	O Det=759	H Det=2934	Mon Det=131333	Aux Det=2294	O+H=5987	 DONE
03/09/2023 06:32:28:	set AO_S1Z (PXIDAQ2/ao2) to -1.800000Amps -3.600V DONE
03/09/2023 06:32:29:	36	count	time	20.000000s/cts	O Det=761	H Det=2836	Mon Det=131283	Aux Det=2136	O+H=5733	 DONE
03/09/2023 06:32:51:	set AO_S1Z (PXIDAQ2/ao2) to 1.800000Amps 3.600V DONE
03/09/2023 06:32:52:	37	count	time	20.000000s/cts	O Det=720	H Det=3038	Mon Det=129578	Aux Det=2208	O+H=5966	 DONE
03/09/2023 06:33:15:	set AO_S1Z (PXIDAQ2/ao2) to -1.900000Amps -3.800V DONE
03/09/2023 06:33:15:	38	count	time	20.000000s/cts	O Det=813	H Det=2798	Mon Det=127411	Aux Det=2263	O+H=5874	 DONE
03/09/2023 06:33:38:	set AO_S1Z (PXIDAQ2/ao2) to 1.900000Amps 3.800V DONE
03/09/2023 06:33:38:	39	count	time	20.000000s/cts	O Det=699	H Det=2844	Mon Det=127956	Aux Det=2224	O+H=5767	 DONE
03/09/2023 06:34:01:	set AO_S1Z (PXIDAQ2/ao2) to -2.000000Amps -4.000V DONE
03/09/2023 06:34:02:	40	count	time	20.000000s/cts	O Det=781	H Det=3025	Mon Det=128162	Aux Det=2149	O+H=5955	 DONE
03/09/2023 06:34:24:	set AO_S1Z (PXIDAQ2/ao2) to 2.000000Amps 4.000V DONE
03/09/2023 06:34:25:	41	count	time	20.000000s/cts	O Det=730	H Det=3040	Mon Det=127539	Aux Det=2128	O+H=5898	 DONE
03/09/2023 06:34:48:	close file and end scan	 DONE
03/09/2023 06:34:48:	END OF SCRIPT	 DONE
