03/09/2023 15:55:08:	start execution of script D:\data\Cycle 192ter\exp_3-16-14\rawdata\sc\alpha_ifg.sc	 DONE
03/09/2023 15:55:09:	create file	D:\data\Cycle 192ter\exp_3-16-14\rawdata\sc\alpha_ifg_03Sep1555.dat	 DONE
room to enter remarks DONE
03/09/2023 15:55:10:	create file	D:\data\Cycle 192ter\exp_3-16-14\rawdata\sc\movePS_90_03Sep1555.dat	 DONE
room to enter remarks DONE
03/09/2023 15:55:11:	move motor	S18.axis2.phaseshifter 1 to -2.000000deg	 DONE
03/09/2023 15:55:16:	1	count	time	10.000000s/cts	O Det=211	H Det=1917	Mon Det=66920	Aux Det=416	O+H=2544	 DONE
03/09/2023 15:55:29:	move motor	S18.axis2.phaseshifter 1 to -1.800000deg	 DONE
03/09/2023 15:55:33:	2	count	time	10.000000s/cts	O Det=120	H Det=2295	Mon Det=66551	Aux Det=137	O+H=2552	 DONE
03/09/2023 15:55:46:	move motor	S18.axis2.phaseshifter 1 to -1.600000deg	 DONE
03/09/2023 15:55:50:	3	count	time	10.000000s/cts	O Det=69	H Det=2334	Mon Det=66976	Aux Det=101	O+H=2504	 DONE
03/09/2023 15:56:02:	move motor	S18.axis2.phaseshifter 1 to -1.400000deg	 DONE
03/09/2023 15:56:06:	4	count	time	10.000000s/cts	O Det=104	H Det=2155	Mon Det=66254	Aux Det=276	O+H=2535	 DONE
03/09/2023 15:56:19:	move motor	S18.axis2.phaseshifter 1 to -1.200000deg	 DONE
03/09/2023 15:56:23:	5	count	time	10.000000s/cts	O Det=138	H Det=1871	Mon Det=66831	Aux Det=429	O+H=2438	 DONE
03/09/2023 15:56:36:	move motor	S18.axis2.phaseshifter 1 to -1.000000deg	 DONE
03/09/2023 15:56:40:	6	count	time	10.000000s/cts	O Det=206	H Det=1549	Mon Det=62083	Aux Det=721	O+H=2476	 DONE
03/09/2023 15:56:52:	move motor	S18.axis2.phaseshifter 1 to -0.800000deg	 DONE
03/09/2023 15:56:56:	7	count	time	10.000000s/cts	O Det=293	H Det=1198	Mon Det=62950	Aux Det=892	O+H=2383	 DONE
03/09/2023 15:57:09:	move motor	S18.axis2.phaseshifter 1 to -0.600000deg	 DONE
03/09/2023 15:57:13:	8	count	time	10.000000s/cts	O Det=337	H Det=1078	Mon Det=62633	Aux Det=947	O+H=2362	 DONE
03/09/2023 15:57:26:	move motor	S18.axis2.phaseshifter 1 to -0.400000deg	 DONE
03/09/2023 15:57:30:	9	count	time	10.000000s/cts	O Det=346	H Det=1209	Mon Det=63875	Aux Det=893	O+H=2448	 DONE
03/09/2023 15:57:43:	move motor	S18.axis2.phaseshifter 1 to -0.200000deg	 DONE
03/09/2023 15:57:47:	10	count	time	10.000000s/cts	O Det=318	H Det=1366	Mon Det=62706	Aux Det=789	O+H=2473	 DONE
03/09/2023 15:57:59:	move motor	S18.axis2.phaseshifter 1 to 0.000000deg	 DONE
03/09/2023 15:58:03:	11	count	time	10.000000s/cts	O Det=233	H Det=1778	Mon Det=63201	Aux Det=523	O+H=2534	 DONE
03/09/2023 15:58:16:	move motor	S18.axis2.phaseshifter 1 to 0.200000deg	 DONE
03/09/2023 15:58:20:	12	count	time	10.000000s/cts	O Det=150	H Det=2117	Mon Det=62644	Aux Det=221	O+H=2488	 DONE
03/09/2023 15:58:33:	move motor	S18.axis2.phaseshifter 1 to 0.400000deg	 DONE
03/09/2023 15:58:37:	13	count	time	10.000000s/cts	O Det=85	H Det=2289	Mon Det=62510	Aux Det=110	O+H=2484	 DONE
03/09/2023 15:58:49:	move motor	S18.axis2.phaseshifter 1 to 0.600000deg	 DONE
03/09/2023 15:58:53:	14	count	time	10.000000s/cts	O Det=78	H Det=2352	Mon Det=62784	Aux Det=155	O+H=2585	 DONE
03/09/2023 15:59:06:	move motor	S18.axis2.phaseshifter 1 to 0.800000deg	 DONE
03/09/2023 15:59:10:	15	count	time	10.000000s/cts	O Det=134	H Det=1967	Mon Det=62741	Aux Det=408	O+H=2509	 DONE
03/09/2023 15:59:23:	move motor	S18.axis2.phaseshifter 1 to 1.000000deg	 DONE
03/09/2023 15:59:27:	16	count	time	10.000000s/cts	O Det=179	H Det=1618	Mon Det=63301	Aux Det=649	O+H=2446	 DONE
03/09/2023 15:59:39:	move motor	S18.axis2.phaseshifter 1 to 1.200000deg	 DONE
03/09/2023 15:59:44:	17	count	time	10.000000s/cts	O Det=258	H Det=1305	Mon Det=63345	Aux Det=943	O+H=2506	 DONE
03/09/2023 15:59:56:	move motor	S18.axis2.phaseshifter 1 to 1.400000deg	 DONE
03/09/2023 16:00:00:	18	count	time	10.000000s/cts	O Det=335	H Det=1115	Mon Det=62699	Aux Det=984	O+H=2434	 DONE
03/09/2023 16:00:13:	move motor	S18.axis2.phaseshifter 1 to 1.600000deg	 DONE
03/09/2023 16:00:17:	19	count	time	10.000000s/cts	O Det=315	H Det=1229	Mon Det=63094	Aux Det=961	O+H=2505	 DONE
03/09/2023 16:00:30:	move motor	S18.axis2.phaseshifter 1 to 1.800000deg	 DONE
03/09/2023 16:00:34:	20	count	time	10.000000s/cts	O Det=347	H Det=1317	Mon Det=63503	Aux Det=755	O+H=2419	 DONE
03/09/2023 16:00:46:	move motor	S18.axis2.phaseshifter 1 to 2.000000deg	 DONE
03/09/2023 16:00:50:	21	count	time	10.000000s/cts	O Det=199	H Det=1825	Mon Det=63759	Aux Det=448	O+H=2472	 DONE
03/09/2023 16:01:03:	close file and end scan	 DONE
03/09/2023 16:01:04:	move motor	S18.axis2.phaseshifter 1 to fit H COS270	1.977781reached 1.98853  DONE
call of movePS_90.sc DONE
03/09/2023 16:01:07:	set AO_S1Z (PXIDAQ2/ao2) to 0.000000Amps 0.000V DONE
03/09/2023 16:01:08:	1	count	time	20.000000s/cts	O Det=449	H Det=3548	Mon Det=126874	Aux Det=948	O+H=4945	 DONE
03/09/2023 16:01:30:	create file	D:\data\Cycle 192ter\exp_3-16-14\rawdata\sc\alpha_ifg_03Sep1601.dat	 DONE
room to enter remarks DONE
03/09/2023 16:01:31:	move motor	S18.axis2.phaseshifter 1 to -3.000000deg	 DONE
03/09/2023 16:01:37:	2	count	time	20.000000s/cts	O Det=357	H Det=3324	Mon Det=127821	Aux Det=1244	O+H=4925	 DONE
03/09/2023 16:02:00:	move motor	S18.axis2.phaseshifter 1 to -2.800000deg	 DONE
03/09/2023 16:02:04:	3	count	time	20.000000s/cts	O Det=496	H Det=2643	Mon Det=129940	Aux Det=1705	O+H=4844	 DONE
03/09/2023 16:02:26:	move motor	S18.axis2.phaseshifter 1 to -2.600000deg	 DONE
03/09/2023 16:02:30:	4	count	time	20.000000s/cts	O Det=649	H Det=2194	Mon Det=129651	Aux Det=1922	O+H=4765	 DONE
03/09/2023 16:02:53:	move motor	S18.axis2.phaseshifter 1 to -2.400000deg	 DONE
03/09/2023 16:02:57:	5	count	time	20.000000s/cts	O Det=653	H Det=2476	Mon Det=129337	Aux Det=1827	O+H=4956	 DONE
03/09/2023 16:03:20:	move motor	S18.axis2.phaseshifter 1 to -2.200000deg	 DONE
03/09/2023 16:03:24:	6	count	time	20.000000s/cts	O Det=562	H Det=2934	Mon Det=127162	Aux Det=1352	O+H=4848	 DONE
03/09/2023 16:03:46:	move motor	S18.axis2.phaseshifter 1 to -2.000000deg	 DONE
03/09/2023 16:03:50:	7	count	time	20.000000s/cts	O Det=406	H Det=3756	Mon Det=124978	Aux Det=770	O+H=4932	 DONE
03/09/2023 16:04:13:	move motor	S18.axis2.phaseshifter 1 to -1.800000deg	 DONE
03/09/2023 16:04:17:	8	count	time	20.000000s/cts	O Det=265	H Det=4534	Mon Det=125033	Aux Det=314	O+H=5113	 DONE
03/09/2023 16:04:40:	move motor	S18.axis2.phaseshifter 1 to -1.600000deg	 DONE
03/09/2023 16:04:44:	9	count	time	20.000000s/cts	O Det=186	H Det=4675	Mon Det=124627	Aux Det=212	O+H=5073	 DONE
03/09/2023 16:05:06:	move motor	S18.axis2.phaseshifter 1 to -1.400000deg	 DONE
03/09/2023 16:05:10:	10	count	time	20.000000s/cts	O Det=160	H Det=4488	Mon Det=124792	Aux Det=391	O+H=5039	 DONE
03/09/2023 16:05:33:	move motor	S18.axis2.phaseshifter 1 to -1.200000deg	 DONE
03/09/2023 16:05:37:	11	count	time	20.000000s/cts	O Det=249	H Det=4034	Mon Det=127627	Aux Det=844	O+H=5127	 DONE
03/09/2023 16:06:00:	move motor	S18.axis2.phaseshifter 1 to -1.000000deg	 DONE
03/09/2023 16:06:04:	12	count	time	20.000000s/cts	O Det=349	H Det=3117	Mon Det=126764	Aux Det=1342	O+H=4808	 DONE
03/09/2023 16:06:26:	move motor	S18.axis2.phaseshifter 1 to -0.800000deg	 DONE
03/09/2023 16:06:31:	13	count	time	20.000000s/cts	O Det=538	H Det=2511	Mon Det=126220	Aux Det=1746	O+H=4795	 DONE
03/09/2023 16:06:53:	move motor	S18.axis2.phaseshifter 1 to -0.600000deg	 DONE
03/09/2023 16:06:57:	14	count	time	20.000000s/cts	O Det=671	H Det=2182	Mon Det=128106	Aux Det=1943	O+H=4796	 DONE
03/09/2023 16:07:20:	move motor	S18.axis2.phaseshifter 1 to -0.400000deg	 DONE
03/09/2023 16:07:24:	15	count	time	20.000000s/cts	O Det=640	H Det=2256	Mon Det=131429	Aux Det=1764	O+H=4660	 DONE
03/09/2023 16:07:46:	move motor	S18.axis2.phaseshifter 1 to -0.200000deg	 DONE
03/09/2023 16:07:50:	16	count	time	20.000000s/cts	O Det=591	H Det=3005	Mon Det=131834	Aux Det=1374	O+H=4970	 DONE
03/09/2023 16:08:13:	move motor	S18.axis2.phaseshifter 1 to 0.000000deg	 DONE
03/09/2023 16:08:17:	17	count	time	20.000000s/cts	O Det=459	H Det=3598	Mon Det=133103	Aux Det=854	O+H=4911	 DONE
03/09/2023 16:08:40:	move motor	S18.axis2.phaseshifter 1 to 0.200000deg	 DONE
03/09/2023 16:08:44:	18	count	time	20.000000s/cts	O Det=292	H Det=4241	Mon Det=132171	Aux Det=384	O+H=4917	 DONE
03/09/2023 16:09:06:	move motor	S18.axis2.phaseshifter 1 to 0.400000deg	 DONE
03/09/2023 16:09:10:	19	count	time	20.000000s/cts	O Det=172	H Det=4801	Mon Det=131614	Aux Det=188	O+H=5161	 DONE
03/09/2023 16:09:33:	move motor	S18.axis2.phaseshifter 1 to 0.600000deg	 DONE
03/09/2023 16:09:37:	20	count	time	20.000000s/cts	O Det=152	H Det=4729	Mon Det=130222	Aux Det=312	O+H=5193	 DONE
03/09/2023 16:10:00:	move motor	S18.axis2.phaseshifter 1 to 0.800000deg	 DONE
03/09/2023 16:10:04:	21	count	time	20.000000s/cts	O Det=230	H Det=4038	Mon Det=130087	Aux Det=738	O+H=5006	 DONE
03/09/2023 16:10:26:	move motor	S18.axis2.phaseshifter 1 to 1.000000deg	 DONE
03/09/2023 16:10:30:	22	count	time	20.000000s/cts	O Det=335	H Det=3120	Mon Det=125877	Aux Det=1229	O+H=4684	 DONE
03/09/2023 16:10:53:	move motor	S18.axis2.phaseshifter 1 to 1.200000deg	 DONE
03/09/2023 16:10:57:	23	count	time	20.000000s/cts	O Det=468	H Det=2846	Mon Det=125588	Aux Det=1590	O+H=4904	 DONE
03/09/2023 16:11:20:	move motor	S18.axis2.phaseshifter 1 to 1.400000deg	 DONE
03/09/2023 16:11:24:	24	count	time	20.000000s/cts	O Det=607	H Det=2172	Mon Det=125534	Aux Det=1931	O+H=4710	 DONE
03/09/2023 16:11:47:	move motor	S18.axis2.phaseshifter 1 to 1.600000deg	 DONE
03/09/2023 16:11:50:	25	count	time	20.000000s/cts	O Det=653	H Det=2278	Mon Det=124937	Aux Det=1785	O+H=4716	 DONE
03/09/2023 16:12:13:	move motor	S18.axis2.phaseshifter 1 to 1.800000deg	 DONE
03/09/2023 16:12:17:	26	count	time	20.000000s/cts	O Det=600	H Det=2742	Mon Det=123052	Aux Det=1449	O+H=4791	 DONE
03/09/2023 16:12:40:	move motor	S18.axis2.phaseshifter 1 to 2.000000deg	 DONE
03/09/2023 16:12:44:	27	count	time	20.000000s/cts	O Det=495	H Det=3334	Mon Det=128839	Aux Det=1018	O+H=4847	 DONE
03/09/2023 16:13:06:	move motor	S18.axis2.phaseshifter 1 to 2.200000deg	 DONE
03/09/2023 16:13:10:	28	count	time	20.000000s/cts	O Det=310	H Det=4055	Mon Det=131664	Aux Det=545	O+H=4910	 DONE
03/09/2023 16:13:33:	move motor	S18.axis2.phaseshifter 1 to 2.400000deg	 DONE
03/09/2023 16:13:37:	29	count	time	20.000000s/cts	O Det=195	H Det=4481	Mon Det=132265	Aux Det=240	O+H=4916	 DONE
03/09/2023 16:14:00:	move motor	S18.axis2.phaseshifter 1 to 2.600000deg	 DONE
03/09/2023 16:14:04:	30	count	time	20.000000s/cts	O Det=169	H Det=4681	Mon Det=132813	Aux Det=308	O+H=5158	 DONE
03/09/2023 16:14:27:	move motor	S18.axis2.phaseshifter 1 to 2.800000deg	 DONE
03/09/2023 16:14:31:	31	count	time	20.000000s/cts	O Det=198	H Det=4102	Mon Det=132745	Aux Det=619	O+H=4919	 DONE
03/09/2023 16:14:53:	move motor	S18.axis2.phaseshifter 1 to 3.000000deg	 DONE
03/09/2023 16:14:57:	32	count	time	20.000000s/cts	O Det=332	H Det=3478	Mon Det=133258	Aux Det=1122	O+H=4932	 DONE
03/09/2023 16:15:20:	close file and end scan	 DONE
call of ifg_20s_3p.sc DONE
03/09/2023 16:15:21:	set AO_S1Z (PXIDAQ2/ao2) to -0.100000Amps -0.200V DONE
03/09/2023 16:15:21:	1	count	time	20.000000s/cts	O Det=316	H Det=3365	Mon Det=132035	Aux Det=1142	O+H=4823	 DONE
03/09/2023 16:15:44:	create file	D:\data\Cycle 192ter\exp_3-16-14\rawdata\sc\alpha_ifg_03Sep1615.dat	 DONE
room to enter remarks DONE
03/09/2023 16:15:45:	move motor	S18.axis2.phaseshifter 1 to -3.000000deg	 DONE
03/09/2023 16:15:51:	2	count	time	20.000000s/cts	O Det=321	H Det=3297	Mon Det=131153	Aux Det=1315	O+H=4933	 DONE
03/09/2023 16:16:14:	move motor	S18.axis2.phaseshifter 1 to -2.800000deg	 DONE
03/09/2023 16:16:18:	3	count	time	20.000000s/cts	O Det=491	H Det=2742	Mon Det=131664	Aux Det=1690	O+H=4923	 DONE
03/09/2023 16:16:41:	move motor	S18.axis2.phaseshifter 1 to -2.600000deg	 DONE
03/09/2023 16:16:45:	4	count	time	20.000000s/cts	O Det=584	H Det=2334	Mon Det=131950	Aux Det=1922	O+H=4840	 DONE
03/09/2023 16:17:07:	move motor	S18.axis2.phaseshifter 1 to -2.400000deg	 DONE
03/09/2023 16:17:11:	5	count	time	20.000000s/cts	O Det=615	H Det=2263	Mon Det=131379	Aux Det=1773	O+H=4651	 DONE
03/09/2023 16:17:34:	move motor	S18.axis2.phaseshifter 1 to -2.200000deg	 DONE
03/09/2023 16:17:38:	6	count	time	20.000000s/cts	O Det=587	H Det=2769	Mon Det=131656	Aux Det=1363	O+H=4719	 DONE
03/09/2023 16:18:00:	move motor	S18.axis2.phaseshifter 1 to -2.000000deg	 DONE
03/09/2023 16:18:04:	7	count	time	20.000000s/cts	O Det=437	H Det=3654	Mon Det=132962	Aux Det=855	O+H=4946	 DONE
03/09/2023 16:18:27:	move motor	S18.axis2.phaseshifter 1 to -1.800000deg	 DONE
03/09/2023 16:18:31:	8	count	time	20.000000s/cts	O Det=284	H Det=4344	Mon Det=131378	Aux Det=370	O+H=4998	 DONE
03/09/2023 16:18:54:	move motor	S18.axis2.phaseshifter 1 to -1.600000deg	 DONE
03/09/2023 16:18:58:	9	count	time	20.000000s/cts	O Det=183	H Det=4759	Mon Det=131023	Aux Det=195	O+H=5137	 DONE
03/09/2023 16:19:20:	move motor	S18.axis2.phaseshifter 1 to -1.400000deg	 DONE
03/09/2023 16:19:25:	10	count	time	20.000000s/cts	O Det=144	H Det=4465	Mon Det=131643	Aux Det=332	O+H=4941	 DONE
03/09/2023 16:19:47:	move motor	S18.axis2.phaseshifter 1 to -1.200000deg	 DONE
03/09/2023 16:19:51:	11	count	time	20.000000s/cts	O Det=247	H Det=4033	Mon Det=132282	Aux Det=769	O+H=5049	 DONE
03/09/2023 16:20:14:	move motor	S18.axis2.phaseshifter 1 to -1.000000deg	 DONE
03/09/2023 16:20:18:	12	count	time	20.000000s/cts	O Det=383	H Det=3250	Mon Det=132321	Aux Det=1289	O+H=4922	 DONE
03/09/2023 16:20:41:	move motor	S18.axis2.phaseshifter 1 to -0.800000deg	 DONE
03/09/2023 16:20:45:	13	count	time	20.000000s/cts	O Det=530	H Det=2514	Mon Det=132261	Aux Det=1731	O+H=4775	 DONE
03/09/2023 16:21:07:	move motor	S18.axis2.phaseshifter 1 to -0.600000deg	 DONE
03/09/2023 16:21:11:	14	count	time	20.000000s/cts	O Det=639	H Det=2173	Mon Det=133073	Aux Det=1978	O+H=4790	 DONE
03/09/2023 16:21:34:	move motor	S18.axis2.phaseshifter 1 to -0.400000deg	 DONE
03/09/2023 16:21:38:	15	count	time	20.000000s/cts	O Det=661	H Det=2357	Mon Det=131358	Aux Det=1877	O+H=4895	 DONE
03/09/2023 16:22:01:	move motor	S18.axis2.phaseshifter 1 to -0.200000deg	 DONE
03/09/2023 16:22:05:	16	count	time	20.000000s/cts	O Det=591	H Det=2842	Mon Det=131137	Aux Det=1398	O+H=4831	 DONE
03/09/2023 16:22:27:	move motor	S18.axis2.phaseshifter 1 to 0.000000deg	 DONE
03/09/2023 16:22:31:	17	count	time	20.000000s/cts	O Det=443	H Det=3775	Mon Det=132496	Aux Det=838	O+H=5056	 DONE
03/09/2023 16:22:54:	move motor	S18.axis2.phaseshifter 1 to 0.200000deg	 DONE
03/09/2023 16:22:58:	18	count	time	20.000000s/cts	O Det=321	H Det=4182	Mon Det=131809	Aux Det=458	O+H=4961	 DONE
03/09/2023 16:23:21:	move motor	S18.axis2.phaseshifter 1 to 0.400000deg	 DONE
03/09/2023 16:23:25:	19	count	time	20.000000s/cts	O Det=194	H Det=4635	Mon Det=132853	Aux Det=233	O+H=5062	 DONE
03/09/2023 16:23:48:	move motor	S18.axis2.phaseshifter 1 to 0.600000deg	 DONE
03/09/2023 16:23:52:	20	count	time	20.000000s/cts	O Det=147	H Det=4527	Mon Det=132545	Aux Det=314	O+H=4988	 DONE
03/09/2023 16:24:14:	move motor	S18.axis2.phaseshifter 1 to 0.800000deg	 DONE
03/09/2023 16:24:18:	21	count	time	20.000000s/cts	O Det=236	H Det=4105	Mon Det=132309	Aux Det=746	O+H=5087	 DONE
03/09/2023 16:24:41:	move motor	S18.axis2.phaseshifter 1 to 1.000000deg	 DONE
03/09/2023 16:24:45:	22	count	time	20.000000s/cts	O Det=343	H Det=3342	Mon Det=132097	Aux Det=1205	O+H=4890	 DONE
03/09/2023 16:25:08:	move motor	S18.axis2.phaseshifter 1 to 1.200000deg	 DONE
03/09/2023 16:25:12:	23	count	time	20.000000s/cts	O Det=477	H Det=2682	Mon Det=131954	Aux Det=1580	O+H=4739	 DONE
03/09/2023 16:25:34:	move motor	S18.axis2.phaseshifter 1 to 1.400000deg	 DONE
03/09/2023 16:25:38:	24	count	time	20.000000s/cts	O Det=633	H Det=2286	Mon Det=131911	Aux Det=1988	O+H=4907	 DONE
03/09/2023 16:26:01:	move motor	S18.axis2.phaseshifter 1 to 1.600000deg	 DONE
03/09/2023 16:26:05:	25	count	time	20.000000s/cts	O Det=617	H Det=2211	Mon Det=132067	Aux Det=1877	O+H=4705	 DONE
03/09/2023 16:26:28:	move motor	S18.axis2.phaseshifter 1 to 1.800000deg	 DONE
03/09/2023 16:26:32:	26	count	time	20.000000s/cts	O Det=599	H Det=2670	Mon Det=131309	Aux Det=1493	O+H=4762	 DONE
03/09/2023 16:26:55:	move motor	S18.axis2.phaseshifter 1 to 2.000000deg	 DONE
03/09/2023 16:26:59:	27	count	time	20.000000s/cts	O Det=489	H Det=3551	Mon Det=131414	Aux Det=983	O+H=5023	 DONE
03/09/2023 16:27:21:	move motor	S18.axis2.phaseshifter 1 to 2.200000deg	 DONE
03/09/2023 16:27:25:	28	count	time	20.000000s/cts	O Det=324	H Det=4208	Mon Det=132631	Aux Det=472	O+H=5004	 DONE
03/09/2023 16:27:48:	move motor	S18.axis2.phaseshifter 1 to 2.400000deg	 DONE
03/09/2023 16:27:52:	29	count	time	20.000000s/cts	O Det=193	H Det=4727	Mon Det=131962	Aux Det=214	O+H=5134	 DONE
03/09/2023 16:28:14:	move motor	S18.axis2.phaseshifter 1 to 2.600000deg	 DONE
03/09/2023 16:28:19:	30	count	time	20.000000s/cts	O Det=167	H Det=4700	Mon Det=133034	Aux Det=246	O+H=5113	 DONE
03/09/2023 16:28:41:	move motor	S18.axis2.phaseshifter 1 to 2.800000deg	 DONE
03/09/2023 16:28:45:	31	count	time	20.000000s/cts	O Det=191	H Det=4161	Mon Det=131623	Aux Det=672	O+H=5024	 DONE
03/09/2023 16:29:08:	move motor	S18.axis2.phaseshifter 1 to 3.000000deg	 DONE
03/09/2023 16:29:12:	32	count	time	20.000000s/cts	O Det=335	H Det=3514	Mon Det=132526	Aux Det=1140	O+H=4989	 DONE
03/09/2023 16:29:35:	close file and end scan	 DONE
call of ifg_20s_3p.sc DONE
03/09/2023 16:29:36:	set AO_S1Z (PXIDAQ2/ao2) to 0.100000Amps 0.200V DONE
03/09/2023 16:29:36:	1	count	time	20.000000s/cts	O Det=342	H Det=3285	Mon Det=133146	Aux Det=1172	O+H=4799	 DONE
03/09/2023 16:29:59:	create file	D:\data\Cycle 192ter\exp_3-16-14\rawdata\sc\alpha_ifg_03Sep1629.dat	 DONE
room to enter remarks DONE
03/09/2023 16:30:00:	move motor	S18.axis2.phaseshifter 1 to -3.000000deg	 DONE
03/09/2023 16:30:06:	2	count	time	20.000000s/cts	O Det=318	H Det=3429	Mon Det=132689	Aux Det=1230	O+H=4977	 DONE
03/09/2023 16:30:29:	move motor	S18.axis2.phaseshifter 1 to -2.800000deg	 DONE
03/09/2023 16:30:33:	3	count	time	20.000000s/cts	O Det=461	H Det=2731	Mon Det=132440	Aux Det=1752	O+H=4944	 DONE
03/09/2023 16:30:56:	move motor	S18.axis2.phaseshifter 1 to -2.600000deg	 DONE
03/09/2023 16:31:00:	4	count	time	20.000000s/cts	O Det=664	H Det=2236	Mon Det=133082	Aux Det=1974	O+H=4874	 DONE
03/09/2023 16:31:22:	move motor	S18.axis2.phaseshifter 1 to -2.400000deg	 DONE
03/09/2023 16:31:26:	5	count	time	20.000000s/cts	O Det=628	H Det=2354	Mon Det=131510	Aux Det=1826	O+H=4808	 DONE
03/09/2023 16:31:49:	move motor	S18.axis2.phaseshifter 1 to -2.200000deg	 DONE
03/09/2023 16:31:53:	6	count	time	20.000000s/cts	O Det=631	H Det=2691	Mon Det=132733	Aux Det=1370	O+H=4692	 DONE
03/09/2023 16:32:16:	move motor	S18.axis2.phaseshifter 1 to -2.000000deg	 DONE
03/09/2023 16:32:20:	7	count	time	20.000000s/cts	O Det=495	H Det=3532	Mon Det=133315	Aux Det=978	O+H=5005	 DONE
03/09/2023 16:32:42:	move motor	S18.axis2.phaseshifter 1 to -1.800000deg	 DONE
03/09/2023 16:32:46:	8	count	time	20.000000s/cts	O Det=284	H Det=4300	Mon Det=133236	Aux Det=361	O+H=4945	 DONE
03/09/2023 16:33:09:	move motor	S18.axis2.phaseshifter 1 to -1.600000deg	 DONE
03/09/2023 16:33:13:	9	count	time	20.000000s/cts	O Det=174	H Det=4645	Mon Det=131852	Aux Det=222	O+H=5041	 DONE
03/09/2023 16:33:36:	move motor	S18.axis2.phaseshifter 1 to -1.400000deg	 DONE
03/09/2023 16:33:40:	10	count	time	20.000000s/cts	O Det=171	H Det=4562	Mon Det=132302	Aux Det=391	O+H=5124	 DONE
03/09/2023 16:34:02:	move motor	S18.axis2.phaseshifter 1 to -1.200000deg	 DONE
03/09/2023 16:34:06:	11	count	time	20.000000s/cts	O Det=283	H Det=3950	Mon Det=132827	Aux Det=872	O+H=5105	 DONE
03/09/2023 16:34:29:	move motor	S18.axis2.phaseshifter 1 to -1.000000deg	 DONE
03/09/2023 16:34:33:	12	count	time	20.000000s/cts	O Det=403	H Det=3231	Mon Det=132243	Aux Det=1396	O+H=5030	 DONE
03/09/2023 16:34:55:	move motor	S18.axis2.phaseshifter 1 to -0.800000deg	 DONE
03/09/2023 16:34:59:	13	count	time	20.000000s/cts	O Det=558	H Det=2504	Mon Det=131713	Aux Det=1816	O+H=4878	 DONE
03/09/2023 16:35:22:	move motor	S18.axis2.phaseshifter 1 to -0.600000deg	 DONE
03/09/2023 16:35:26:	14	count	time	20.000000s/cts	O Det=650	H Det=2158	Mon Det=132143	Aux Det=2010	O+H=4818	 DONE
03/09/2023 16:35:49:	move motor	S18.axis2.phaseshifter 1 to -0.400000deg	 DONE
03/09/2023 16:35:53:	15	count	time	20.000000s/cts	O Det=667	H Det=2236	Mon Det=131947	Aux Det=1802	O+H=4705	 DONE
03/09/2023 16:36:16:	move motor	S18.axis2.phaseshifter 1 to -0.200000deg	 DONE
03/09/2023 16:36:20:	16	count	time	20.000000s/cts	O Det=586	H Det=2858	Mon Det=128502	Aux Det=1312	O+H=4756	 DONE
03/09/2023 16:36:42:	close file and end scan	 DONE
call of ifg_20s_3p.sc DONE
03/09/2023 16:36:43:	set AO_S1Z (PXIDAQ2/ao2) to -0.200000Amps -0.400V DONE
03/09/2023 16:36:44:	1	count	time	20.000000s/cts	O Det=63	H Det=381	Mon Det=15971	Aux Det=170	O+H=614	STOPPED BY USER	