24/08/2023 15:55:35:	start execution of script D:\data\Cycle 192ter\exp_3-16-14\rawdata\sc\auxdet.sc	 DONE
24/08/2023 15:55:36:	create file	D:\data\Cycle 192ter\exp_3-16-14\rawdata\sc\auxdet_24Aug1555.dat	 DONE
room to enter remarks DONE
24/08/2023 15:55:37:	move motor	S18.auxiliary.Superspiegel 2 to 19.000000mm	 DONE
24/08/2023 15:55:56:	1	count	time	10.000000s/cts	O Det=1585	H Det=1335	Mon Det=57307	Aux Det=21	O+H=2920	 DONE
24/08/2023 15:56:09:	move motor	S18.auxiliary.Superspiegel 2 to 20.000000mm	 DONE
24/08/2023 15:56:13:	2	count	time	10.000000s/cts	O Det=1521	H Det=1332	Mon Det=57437	Aux Det=49	O+H=2853	 DONE
24/08/2023 15:56:26:	move motor	S18.auxiliary.Superspiegel 2 to 21.000000mm	 DONE
24/08/2023 15:56:30:	3	count	time	10.000000s/cts	O Det=1440	H Det=1270	Mon Det=57907	Aux Det=160	O+H=2710	 DONE
24/08/2023 15:56:42:	move motor	S18.auxiliary.Superspiegel 2 to 22.000000mm	 DONE
24/08/2023 15:56:47:	4	count	time	10.000000s/cts	O Det=1167	H Det=1296	Mon Det=57566	Aux Det=257	O+H=2463	 DONE
24/08/2023 15:56:59:	move motor	S18.auxiliary.Superspiegel 2 to 23.000000mm	 DONE
24/08/2023 15:57:03:	5	count	time	10.000000s/cts	O Det=992	H Det=1235	Mon Det=57000	Aux Det=485	O+H=2227	 DONE
24/08/2023 15:57:16:	move motor	S18.auxiliary.Superspiegel 2 to 24.000000mm	 DONE
24/08/2023 15:57:20:	6	count	time	10.000000s/cts	O Det=704	H Det=1356	Mon Det=57316	Aux Det=766	O+H=2060	 DONE
24/08/2023 15:57:33:	move motor	S18.auxiliary.Superspiegel 2 to 25.000000mm	 DONE
24/08/2023 15:57:37:	7	count	time	10.000000s/cts	O Det=462	H Det=1297	Mon Det=56625	Aux Det=964	O+H=1759	 DONE
24/08/2023 15:57:50:	move motor	S18.auxiliary.Superspiegel 2 to 26.000000mm	 DONE
24/08/2023 15:57:54:	8	count	time	10.000000s/cts	O Det=361	H Det=1302	Mon Det=58379	Aux Det=1023	O+H=1663	 DONE
24/08/2023 15:58:06:	move motor	S18.auxiliary.Superspiegel 2 to 27.000000mm	 DONE
24/08/2023 15:58:10:	9	count	time	10.000000s/cts	O Det=442	H Det=1264	Mon Det=58170	Aux Det=931	O+H=1706	 DONE
24/08/2023 15:58:23:	move motor	S18.auxiliary.Superspiegel 2 to 28.000000mm	 DONE
24/08/2023 15:58:27:	10	count	time	10.000000s/cts	O Det=678	H Det=1320	Mon Det=57996	Aux Det=768	O+H=1998	 DONE
24/08/2023 15:58:40:	move motor	S18.auxiliary.Superspiegel 2 to 29.000000mm	 DONE
24/08/2023 15:58:44:	11	count	time	10.000000s/cts	O Det=900	H Det=1244	Mon Det=58750	Aux Det=538	O+H=2144	 DONE
24/08/2023 15:58:57:	close file and end scan	 DONE
24/08/2023 15:58:57:	END OF SCRIPT	 DONE
