23/08/2023 17:56:27:	start execution of script D:\data\Cycle 192ter\exp_3-16-14\rawdata\sc\auxdet.sc	 DONE
23/08/2023 17:56:27:	create file	D:\data\Cycle 192ter\exp_3-16-14\rawdata\sc\auxdet_23Aug1756.dat	 DONE
room to enter remarks DONE
23/08/2023 17:56:29:	move motor	S18.auxiliary.Superspiegel 2 to 19.000000mm	 DONE
23/08/2023 17:56:35:	1	count	time	10.000000s/cts	O Det=562	H Det=2262	Mon Det=58222	Aux Det=0	O+H=2824	 DONE
23/08/2023 17:56:48:	move motor	S18.auxiliary.Superspiegel 2 to 20.000000mm	 DONE
23/08/2023 17:56:52:	2	count	time	10.000000s/cts	O Det=535	H Det=2377	Mon Det=57661	Aux Det=0	O+H=2912	 DONE
23/08/2023 17:57:05:	move motor	S18.auxiliary.Superspiegel 2 to 21.000000mm	 DONE
23/08/2023 17:57:09:	3	count	time	10.000000s/cts	O Det=509	H Det=2359	Mon Det=57332	Aux Det=0	O+H=2868	 DONE
23/08/2023 17:57:22:	move motor	S18.auxiliary.Superspiegel 2 to 22.000000mm	 DONE
23/08/2023 17:57:26:	4	count	time	10.000000s/cts	O Det=499	H Det=2305	Mon Det=57618	Aux Det=0	O+H=2804	 DONE
23/08/2023 17:57:39:	move motor	S18.auxiliary.Superspiegel 2 to 23.000000mm	 DONE
23/08/2023 17:57:43:	5	count	time	10.000000s/cts	O Det=416	H Det=2278	Mon Det=57267	Aux Det=0	O+H=2694	 DONE
23/08/2023 17:57:56:	move motor	S18.auxiliary.Superspiegel 2 to 24.000000mm	 DONE
23/08/2023 17:58:00:	6	count	time	10.000000s/cts	O Det=311	H Det=2367	Mon Det=57393	Aux Det=0	O+H=2678	 DONE
23/08/2023 17:58:13:	move motor	S18.auxiliary.Superspiegel 2 to 25.000000mm	 DONE
23/08/2023 17:58:17:	7	count	time	10.000000s/cts	O Det=255	H Det=2297	Mon Det=57867	Aux Det=0	O+H=2552	 DONE
23/08/2023 17:58:30:	move motor	S18.auxiliary.Superspiegel 2 to 26.000000mm	 DONE
23/08/2023 17:58:34:	8	count	time	10.000000s/cts	O Det=161	H Det=2313	Mon Det=57718	Aux Det=0	O+H=2474	 DONE
23/08/2023 17:58:47:	move motor	S18.auxiliary.Superspiegel 2 to 27.000000mm	 DONE
23/08/2023 17:58:52:	9	count	time	10.000000s/cts	O Det=153	H Det=2214	Mon Det=58175	Aux Det=1	O+H=2367	 DONE
23/08/2023 17:59:04:	move motor	S18.auxiliary.Superspiegel 2 to 28.000000mm	 DONE
23/08/2023 17:59:08:	10	count	time	10.000000s/cts	O Det=227	H Det=2343	Mon Det=58024	Aux Det=0	O+H=2570	 DONE
23/08/2023 17:59:21:	move motor	S18.auxiliary.Superspiegel 2 to 29.000000mm	 DONE
23/08/2023 17:59:25:	11	count	time	10.000000s/cts	O Det=301	H Det=2320	Mon Det=57912	Aux Det=0	O+H=2621	 DONE
23/08/2023 17:59:38:	close file and end scan	 DONE
23/08/2023 17:59:39:	END OF SCRIPT	 DONE
