29/08/2023 01:34:32:	start execution of script D:\data\Cycle 192ter\exp_3-16-14\rawdata\sc\ifg_20s_3p.sc	 DONE
29/08/2023 01:34:32:	create file	D:\data\Cycle 192ter\exp_3-16-14\rawdata\sc\ifg_20s_3p_29Aug0134.dat	 DONE
room to enter remarks DONE
29/08/2023 01:34:33:	move motor	S18.axis2.phaseshifter 1 to -3.000000deg	 DONE
29/08/2023 01:34:39:	1	count	time	20.000000s/cts	O Det=370	H Det=5227	Mon Det=123820	Aux Det=603	O+H=6200	 DONE
29/08/2023 01:35:02:	move motor	S18.axis2.phaseshifter 1 to -2.800000deg	 DONE
29/08/2023 01:35:06:	2	count	time	20.000000s/cts	O Det=281	H Det=5513	Mon Det=123374	Aux Det=439	O+H=6233	 DONE
29/08/2023 01:35:28:	move motor	S18.axis2.phaseshifter 1 to -2.600000deg	 DONE
29/08/2023 01:35:32:	3	count	time	20.000000s/cts	O Det=342	H Det=5108	Mon Det=123634	Aux Det=572	O+H=6022	 DONE
29/08/2023 01:35:55:	move motor	S18.axis2.phaseshifter 1 to -2.400000deg	 DONE
29/08/2023 01:35:59:	4	count	time	20.000000s/cts	O Det=505	H Det=4084	Mon Det=124222	Aux Det=1502	O+H=6091	 DONE
29/08/2023 01:36:22:	move motor	S18.axis2.phaseshifter 1 to -2.200000deg	 DONE
29/08/2023 01:36:26:	5	count	time	20.000000s/cts	O Det=648	H Det=3311	Mon Det=124480	Aux Det=2035	O+H=5994	 DONE
29/08/2023 01:36:49:	move motor	S18.axis2.phaseshifter 1 to -2.000000deg	 DONE
29/08/2023 01:36:53:	6	count	time	20.000000s/cts	O Det=711	H Det=3064	Mon Det=127356	Aux Det=2059	O+H=5834	 DONE
29/08/2023 01:37:16:	move motor	S18.axis2.phaseshifter 1 to -1.800000deg	 DONE
29/08/2023 01:37:20:	7	count	time	20.000000s/cts	O Det=680	H Det=3200	Mon Det=128488	Aux Det=2021	O+H=5901	 DONE
29/08/2023 01:37:42:	move motor	S18.axis2.phaseshifter 1 to -1.600000deg	 DONE
29/08/2023 01:37:46:	8	count	time	20.000000s/cts	O Det=631	H Det=3560	Mon Det=129159	Aux Det=1755	O+H=5946	 DONE
29/08/2023 01:38:09:	move motor	S18.axis2.phaseshifter 1 to -1.400000deg	 DONE
29/08/2023 01:38:13:	9	count	time	20.000000s/cts	O Det=479	H Det=4610	Mon Det=128799	Aux Det=1040	O+H=6129	 DONE
29/08/2023 01:38:36:	move motor	S18.axis2.phaseshifter 1 to -1.200000deg	 DONE
29/08/2023 01:38:40:	10	count	time	20.000000s/cts	O Det=349	H Det=5056	Mon Det=126840	Aux Det=718	O+H=6123	 DONE
29/08/2023 01:39:03:	move motor	S18.axis2.phaseshifter 1 to -1.000000deg	 DONE
29/08/2023 01:39:07:	11	count	time	20.000000s/cts	O Det=280	H Det=5616	Mon Det=126566	Aux Det=415	O+H=6311	 DONE
29/08/2023 01:39:29:	move motor	S18.axis2.phaseshifter 1 to -0.800000deg	 DONE
29/08/2023 01:39:34:	12	count	time	20.000000s/cts	O Det=300	H Det=5509	Mon Det=127651	Aux Det=509	O+H=6318	 DONE
29/08/2023 01:39:56:	move motor	S18.axis2.phaseshifter 1 to -0.600000deg	 DONE
29/08/2023 01:40:00:	13	count	time	20.000000s/cts	O Det=396	H Det=4643	Mon Det=125797	Aux Det=1084	O+H=6123	 DONE
29/08/2023 01:40:23:	move motor	S18.axis2.phaseshifter 1 to -0.400000deg	 DONE
29/08/2023 01:40:27:	14	count	time	20.000000s/cts	O Det=495	H Det=4209	Mon Det=126500	Aux Det=1336	O+H=6040	 DONE
29/08/2023 01:40:50:	move motor	S18.axis2.phaseshifter 1 to -0.200000deg	 DONE
29/08/2023 01:40:54:	15	count	time	20.000000s/cts	O Det=655	H Det=3348	Mon Det=127443	Aux Det=1966	O+H=5969	 DONE
29/08/2023 01:41:16:	move motor	S18.axis2.phaseshifter 1 to 0.000000deg	 DONE
29/08/2023 01:41:21:	16	count	time	20.000000s/cts	O Det=681	H Det=3028	Mon Det=125592	Aux Det=2140	O+H=5849	 DONE
29/08/2023 01:41:43:	move motor	S18.axis2.phaseshifter 1 to 0.200000deg	 DONE
29/08/2023 01:41:47:	17	count	time	20.000000s/cts	O Det=763	H Det=2969	Mon Det=125709	Aux Det=2140	O+H=5872	 DONE
29/08/2023 01:42:10:	move motor	S18.axis2.phaseshifter 1 to 0.400000deg	 DONE
29/08/2023 01:42:14:	18	count	time	20.000000s/cts	O Det=674	H Det=3757	Mon Det=126767	Aux Det=1684	O+H=6115	 DONE
29/08/2023 01:42:37:	move motor	S18.axis2.phaseshifter 1 to 0.600000deg	 DONE
29/08/2023 01:42:41:	19	count	time	20.000000s/cts	O Det=536	H Det=4394	Mon Det=127148	Aux Det=1183	O+H=6113	 DONE
29/08/2023 01:43:04:	move motor	S18.axis2.phaseshifter 1 to 0.800000deg	 DONE
29/08/2023 01:43:08:	20	count	time	20.000000s/cts	O Det=357	H Det=5189	Mon Det=126828	Aux Det=701	O+H=6247	 DONE
29/08/2023 01:43:30:	move motor	S18.axis2.phaseshifter 1 to 1.000000deg	 DONE
29/08/2023 01:43:34:	21	count	time	20.000000s/cts	O Det=283	H Det=5548	Mon Det=123667	Aux Det=402	O+H=6233	 DONE
29/08/2023 01:43:57:	move motor	S18.axis2.phaseshifter 1 to 1.200000deg	 DONE
29/08/2023 01:44:01:	22	count	time	20.000000s/cts	O Det=252	H Det=5542	Mon Det=123761	Aux Det=348	O+H=6142	 DONE
29/08/2023 01:44:24:	move motor	S18.axis2.phaseshifter 1 to 1.400000deg	 DONE
29/08/2023 01:44:28:	23	count	time	20.000000s/cts	O Det=341	H Det=5213	Mon Det=123001	Aux Det=805	O+H=6359	 DONE
29/08/2023 01:44:51:	move motor	S18.axis2.phaseshifter 1 to 1.600000deg	 DONE
29/08/2023 01:44:55:	24	count	time	20.000000s/cts	O Det=484	H Det=4253	Mon Det=124079	Aux Det=1409	O+H=6146	 DONE
29/08/2023 01:45:18:	move motor	S18.axis2.phaseshifter 1 to 1.800000deg	 DONE
29/08/2023 01:45:22:	25	count	time	20.000000s/cts	O Det=580	H Det=3582	Mon Det=128095	Aux Det=1831	O+H=5993	 DONE
29/08/2023 01:45:45:	move motor	S18.axis2.phaseshifter 1 to 2.000000deg	 DONE
29/08/2023 01:45:49:	26	count	time	20.000000s/cts	O Det=755	H Det=2937	Mon Det=127262	Aux Det=2290	O+H=5982	 DONE
29/08/2023 01:46:12:	move motor	S18.axis2.phaseshifter 1 to 2.200000deg	 DONE
29/08/2023 01:46:16:	27	count	time	20.000000s/cts	O Det=757	H Det=3029	Mon Det=128626	Aux Det=2208	O+H=5994	 DONE
29/08/2023 01:46:38:	move motor	S18.axis2.phaseshifter 1 to 2.400000deg	 DONE
29/08/2023 01:46:42:	28	count	time	20.000000s/cts	O Det=772	H Det=3164	Mon Det=125704	Aux Det=1962	O+H=5898	 DONE
29/08/2023 01:47:05:	move motor	S18.axis2.phaseshifter 1 to 2.600000deg	 DONE
29/08/2023 01:47:09:	29	count	time	20.000000s/cts	O Det=552	H Det=4268	Mon Det=124468	Aux Det=1069	O+H=5889	 DONE
29/08/2023 01:47:32:	move motor	S18.axis2.phaseshifter 1 to 2.800000deg	 DONE
29/08/2023 01:47:36:	30	count	time	20.000000s/cts	O Det=332	H Det=5255	Mon Det=124440	Aux Det=619	O+H=6206	 DONE
29/08/2023 01:47:59:	move motor	S18.axis2.phaseshifter 1 to 3.000000deg	 DONE
29/08/2023 01:48:03:	31	count	time	20.000000s/cts	O Det=283	H Det=5567	Mon Det=124817	Aux Det=366	O+H=6216	 DONE
29/08/2023 01:48:25:	close file and end scan	 DONE
29/08/2023 01:48:26:	END OF SCRIPT	 DONE
