25/08/2023 05:22:06:	start execution of script D:\data\Cycle 192ter\exp_3-16-14\rawdata\sc\ifg_5s_1p.sc	 DONE
25/08/2023 05:22:06:	create file	D:\data\Cycle 192ter\exp_3-16-14\rawdata\sc\ifg_5s_1p_25Aug0522.dat	 DONE
room to enter remarks DONE
25/08/2023 05:22:07:	move motor	S18.axis2.phaseshifter 1 to -1.500000deg	 DONE
25/08/2023 05:22:12:	1	count	time	5.000000s/cts	O Det=172	H Det=799	Mon Det=29327	Aux Det=246	O+H=1217	 DONE
25/08/2023 05:22:20:	move motor	S18.axis2.phaseshifter 1 to -1.300000deg	 DONE
25/08/2023 05:22:24:	2	count	time	5.000000s/cts	O Det=73	H Det=1048	Mon Det=29672	Aux Det=147	O+H=1268	 DONE
25/08/2023 05:22:32:	move motor	S18.axis2.phaseshifter 1 to -1.100000deg	 DONE
25/08/2023 05:22:36:	3	count	time	5.000000s/cts	O Det=57	H Det=1049	Mon Det=29867	Aux Det=110	O+H=1216	 DONE
25/08/2023 05:22:43:	move motor	S18.axis2.phaseshifter 1 to -0.900000deg	 DONE
25/08/2023 05:22:47:	4	count	time	5.000000s/cts	O Det=75	H Det=1067	Mon Det=30009	Aux Det=67	O+H=1209	 DONE
25/08/2023 05:22:55:	move motor	S18.axis2.phaseshifter 1 to -0.700000deg	 DONE
25/08/2023 05:22:59:	5	count	time	5.000000s/cts	O Det=104	H Det=983	Mon Det=29304	Aux Det=110	O+H=1197	 DONE
25/08/2023 05:23:06:	move motor	S18.axis2.phaseshifter 1 to -0.500000deg	 DONE
25/08/2023 05:23:10:	6	count	time	5.000000s/cts	O Det=211	H Det=874	Mon Det=29863	Aux Det=149	O+H=1234	 DONE
25/08/2023 05:23:18:	move motor	S18.axis2.phaseshifter 1 to -0.300000deg	 DONE
25/08/2023 05:23:22:	7	count	time	5.000000s/cts	O Det=263	H Det=681	Mon Det=29943	Aux Det=246	O+H=1190	 DONE
25/08/2023 05:23:30:	move motor	S18.axis2.phaseshifter 1 to -0.100000deg	 DONE
25/08/2023 05:23:34:	8	count	time	5.000000s/cts	O Det=273	H Det=616	Mon Det=29915	Aux Det=308	O+H=1197	 DONE
25/08/2023 05:23:41:	move motor	S18.axis2.phaseshifter 1 to 0.100000deg	 DONE
25/08/2023 05:23:45:	9	count	time	5.000000s/cts	O Det=224	H Det=598	Mon Det=29621	Aux Det=317	O+H=1139	 DONE
25/08/2023 05:23:53:	move motor	S18.axis2.phaseshifter 1 to 0.300000deg	 DONE
25/08/2023 05:23:57:	10	count	time	5.000000s/cts	O Det=202	H Det=675	Mon Det=29397	Aux Det=290	O+H=1167	 DONE
25/08/2023 05:24:04:	move motor	S18.axis2.phaseshifter 1 to 0.500000deg	 DONE
25/08/2023 05:24:08:	11	count	time	5.000000s/cts	O Det=151	H Det=837	Mon Det=29879	Aux Det=234	O+H=1222	 DONE
25/08/2023 05:24:16:	move motor	S18.axis2.phaseshifter 1 to 0.700000deg	 DONE
25/08/2023 05:24:20:	12	count	time	5.000000s/cts	O Det=78	H Det=1008	Mon Det=29797	Aux Det=161	O+H=1247	 DONE
25/08/2023 05:24:28:	move motor	S18.axis2.phaseshifter 1 to 0.900000deg	 DONE
25/08/2023 05:24:32:	13	count	time	5.000000s/cts	O Det=50	H Det=1050	Mon Det=29661	Aux Det=87	O+H=1187	 DONE
25/08/2023 05:24:39:	move motor	S18.axis2.phaseshifter 1 to 1.100000deg	 DONE
25/08/2023 05:24:43:	14	count	time	5.000000s/cts	O Det=77	H Det=1074	Mon Det=29847	Aux Det=92	O+H=1243	 DONE
25/08/2023 05:24:51:	move motor	S18.axis2.phaseshifter 1 to 1.300000deg	 DONE
25/08/2023 05:24:55:	15	count	time	5.000000s/cts	O Det=119	H Det=1036	Mon Det=29783	Aux Det=94	O+H=1249	 DONE
25/08/2023 05:25:02:	move motor	S18.axis2.phaseshifter 1 to 1.500000deg	 DONE
25/08/2023 05:25:07:	16	count	time	5.000000s/cts	O Det=177	H Det=856	Mon Det=29979	Aux Det=135	O+H=1168	 DONE
25/08/2023 05:25:14:	close file and end scan	 DONE
25/08/2023 05:25:15:	END OF SCRIPT	 DONE
