24/08/2023 11:35:10:	start execution of script D:\data\Cycle 192ter\exp_3-16-14\rawdata\sc\ifg_5s_1p.sc	 DONE
24/08/2023 11:35:11:	create file	D:\data\Cycle 192ter\exp_3-16-14\rawdata\sc\ifg_5s_1p_24Aug1135.dat	 DONE
room to enter remarks DONE
24/08/2023 11:35:12:	move motor	S18.axis2.phaseshifter 1 to -1.500000deg	 DONE
24/08/2023 11:35:17:	1	count	time	5.000000s/cts	O Det=194	H Det=816	Mon Det=29263	Aux Det=0	O+H=1010	 DONE
24/08/2023 11:35:24:	move motor	S18.axis2.phaseshifter 1 to -1.300000deg	 DONE
24/08/2023 11:35:28:	2	count	time	5.000000s/cts	O Det=291	H Det=833	Mon Det=29541	Aux Det=0	O+H=1124	 DONE
24/08/2023 11:35:36:	move motor	S18.axis2.phaseshifter 1 to -1.100000deg	 DONE
24/08/2023 11:35:40:	3	count	time	5.000000s/cts	O Det=384	H Det=735	Mon Det=29310	Aux Det=0	O+H=1119	 DONE
24/08/2023 11:35:48:	move motor	S18.axis2.phaseshifter 1 to -0.900000deg	 DONE
24/08/2023 11:35:52:	4	count	time	5.000000s/cts	O Det=439	H Det=593	Mon Det=29682	Aux Det=0	O+H=1032	 DONE
24/08/2023 11:35:59:	move motor	S18.axis2.phaseshifter 1 to -0.700000deg	 DONE
24/08/2023 11:36:03:	5	count	time	5.000000s/cts	O Det=490	H Det=571	Mon Det=29327	Aux Det=0	O+H=1061	 DONE
24/08/2023 11:36:11:	move motor	S18.axis2.phaseshifter 1 to -0.500000deg	 DONE
24/08/2023 11:36:15:	6	count	time	5.000000s/cts	O Det=436	H Det=645	Mon Det=29492	Aux Det=0	O+H=1081	 DONE
24/08/2023 11:36:23:	move motor	S18.axis2.phaseshifter 1 to -0.300000deg	 DONE
24/08/2023 11:36:27:	7	count	time	5.000000s/cts	O Det=328	H Det=722	Mon Det=29360	Aux Det=0	O+H=1050	 DONE
24/08/2023 11:36:34:	move motor	S18.axis2.phaseshifter 1 to -0.100000deg	 DONE
24/08/2023 11:36:38:	8	count	time	5.000000s/cts	O Det=260	H Det=838	Mon Det=29426	Aux Det=0	O+H=1098	 DONE
24/08/2023 11:36:46:	move motor	S18.axis2.phaseshifter 1 to 0.100000deg	 DONE
24/08/2023 11:36:50:	9	count	time	5.000000s/cts	O Det=191	H Det=853	Mon Det=29591	Aux Det=0	O+H=1044	 DONE
24/08/2023 11:36:58:	move motor	S18.axis2.phaseshifter 1 to 0.300000deg	 DONE
24/08/2023 11:37:01:	10	count	time	5.000000s/cts	O Det=195	H Det=929	Mon Det=29701	Aux Det=0	O+H=1124	 DONE
24/08/2023 11:37:09:	move motor	S18.axis2.phaseshifter 1 to 0.500000deg	 DONE
24/08/2023 11:37:13:	11	count	time	5.000000s/cts	O Det=199	H Det=857	Mon Det=29234	Aux Det=0	O+H=1056	 DONE
24/08/2023 11:37:21:	move motor	S18.axis2.phaseshifter 1 to 0.700000deg	 DONE
24/08/2023 11:37:25:	12	count	time	5.000000s/cts	O Det=252	H Det=813	Mon Det=29281	Aux Det=0	O+H=1065	 DONE
24/08/2023 11:37:32:	move motor	S18.axis2.phaseshifter 1 to 0.900000deg	 DONE
24/08/2023 11:37:36:	13	count	time	5.000000s/cts	O Det=384	H Det=750	Mon Det=29325	Aux Det=0	O+H=1134	 DONE
24/08/2023 11:37:44:	move motor	S18.axis2.phaseshifter 1 to 1.100000deg	 DONE
24/08/2023 11:37:48:	14	count	time	5.000000s/cts	O Det=395	H Det=675	Mon Det=29453	Aux Det=0	O+H=1070	 DONE
24/08/2023 11:37:56:	move motor	S18.axis2.phaseshifter 1 to 1.300000deg	 DONE
24/08/2023 11:38:00:	15	count	time	5.000000s/cts	O Det=485	H Det=637	Mon Det=29610	Aux Det=0	O+H=1122	 DONE
24/08/2023 11:38:08:	move motor	S18.axis2.phaseshifter 1 to 1.500000deg	 DONE
24/08/2023 11:38:11:	16	count	time	5.000000s/cts	O Det=447	H Det=620	Mon Det=29580	Aux Det=0	O+H=1067	 DONE
24/08/2023 11:38:19:	close file and end scan	 DONE
24/08/2023 11:38:20:	END OF SCRIPT	 DONE
