24/08/2023 17:20:28:	start execution of script D:\data\Cycle 192ter\exp_3-16-14\rawdata\sc\ifg_5s_1p.sc	 DONE
24/08/2023 17:20:29:	create file	D:\data\Cycle 192ter\exp_3-16-14\rawdata\sc\ifg_5s_1p_24Aug1720.dat	 DONE
room to enter remarks DONE
24/08/2023 17:20:30:	move motor	S18.axis2.phaseshifter 1 to -1.500000deg	 DONE
24/08/2023 17:20:34:	1	count	time	5.000000s/cts	O Det=222	H Det=832	Mon Det=29598	Aux Det=359	O+H=1054	 DONE
24/08/2023 17:20:42:	move motor	S18.axis2.phaseshifter 1 to -1.300000deg	 DONE
24/08/2023 17:20:46:	2	count	time	5.000000s/cts	O Det=136	H Det=1138	Mon Det=29506	Aux Det=240	O+H=1274	 DONE
24/08/2023 17:20:54:	move motor	S18.axis2.phaseshifter 1 to -1.100000deg	 DONE
24/08/2023 17:20:58:	3	count	time	5.000000s/cts	O Det=67	H Det=1301	Mon Det=29445	Aux Det=168	O+H=1368	 DONE
24/08/2023 17:21:06:	move motor	S18.axis2.phaseshifter 1 to -0.900000deg	 DONE
24/08/2023 17:21:10:	4	count	time	5.000000s/cts	O Det=54	H Det=1328	Mon Det=29615	Aux Det=90	O+H=1382	 DONE
24/08/2023 17:21:17:	move motor	S18.axis2.phaseshifter 1 to -0.700000deg	 DONE
24/08/2023 17:21:21:	5	count	time	5.000000s/cts	O Det=85	H Det=1337	Mon Det=29988	Aux Det=61	O+H=1422	 DONE
24/08/2023 17:21:29:	move motor	S18.axis2.phaseshifter 1 to -0.500000deg	 DONE
24/08/2023 17:21:33:	6	count	time	5.000000s/cts	O Det=173	H Det=1241	Mon Det=29839	Aux Det=115	O+H=1414	 DONE
24/08/2023 17:21:41:	move motor	S18.axis2.phaseshifter 1 to -0.300000deg	 DONE
24/08/2023 17:21:45:	7	count	time	5.000000s/cts	O Det=278	H Det=1039	Mon Det=30184	Aux Det=196	O+H=1317	 DONE
24/08/2023 17:21:53:	move motor	S18.axis2.phaseshifter 1 to -0.100000deg	 DONE
24/08/2023 17:21:57:	8	count	time	5.000000s/cts	O Det=351	H Det=844	Mon Det=29812	Aux Det=329	O+H=1195	 DONE
24/08/2023 17:22:05:	move motor	S18.axis2.phaseshifter 1 to 0.100000deg	 DONE
24/08/2023 17:22:09:	9	count	time	5.000000s/cts	O Det=389	H Det=694	Mon Det=29292	Aux Det=410	O+H=1083	 DONE
24/08/2023 17:22:16:	move motor	S18.axis2.phaseshifter 1 to 0.300000deg	 DONE
24/08/2023 17:22:20:	10	count	time	5.000000s/cts	O Det=349	H Det=636	Mon Det=30016	Aux Det=411	O+H=985	 DONE
24/08/2023 17:22:28:	move motor	S18.axis2.phaseshifter 1 to 0.500000deg	 DONE
24/08/2023 17:22:32:	11	count	time	5.000000s/cts	O Det=279	H Det=742	Mon Det=29820	Aux Det=399	O+H=1021	 DONE
24/08/2023 17:22:40:	move motor	S18.axis2.phaseshifter 1 to 0.700000deg	 DONE
24/08/2023 17:22:44:	12	count	time	5.000000s/cts	O Det=149	H Det=880	Mon Det=29912	Aux Det=305	O+H=1029	 DONE
24/08/2023 17:22:52:	move motor	S18.axis2.phaseshifter 1 to 0.900000deg	 DONE
24/08/2023 17:22:56:	13	count	time	5.000000s/cts	O Det=115	H Det=1202	Mon Det=29786	Aux Det=230	O+H=1317	 DONE
24/08/2023 17:23:03:	move motor	S18.axis2.phaseshifter 1 to 1.100000deg	 DONE
24/08/2023 17:23:07:	14	count	time	5.000000s/cts	O Det=57	H Det=1335	Mon Det=29435	Aux Det=108	O+H=1392	 DONE
24/08/2023 17:23:15:	move motor	S18.axis2.phaseshifter 1 to 1.300000deg	 DONE
24/08/2023 17:23:19:	15	count	time	5.000000s/cts	O Det=80	H Det=1415	Mon Det=29548	Aux Det=89	O+H=1495	 DONE
24/08/2023 17:23:27:	move motor	S18.axis2.phaseshifter 1 to 1.500000deg	 DONE
24/08/2023 17:23:31:	16	count	time	5.000000s/cts	O Det=143	H Det=1256	Mon Det=29041	Aux Det=76	O+H=1399	 DONE
24/08/2023 17:23:39:	close file and end scan	 DONE
24/08/2023 17:23:39:	END OF SCRIPT	 DONE
