09/09/2023 12:10:51:	start execution of script D:\data\Cycle 192ter\exp_3-16-14\rawdata\sc\ifg_20s_3p.sc	 DONE
09/09/2023 12:10:51:	create file	D:\data\Cycle 192ter\exp_3-16-14\rawdata\sc\ifg_20s_3p_09Sep1210.dat	 DONE
room to enter remarks DONE
09/09/2023 12:10:52:	move motor	S18.axis2.phaseshifter 1 to -3.000000deg	 DONE
09/09/2023 12:10:57:	1	count	time	20.000000s/cts	O Det=415	H Det=2812	Mon Det=128561	Aux Det=1089	O+H=3227	 DONE
09/09/2023 12:11:20:	move motor	S18.axis2.phaseshifter 1 to -2.800000deg	 DONE
09/09/2023 12:11:24:	2	count	time	20.000000s/cts	O Det=228	H Det=3584	Mon Det=130288	Aux Det=654	O+H=3812	 DONE
09/09/2023 12:11:47:	move motor	S18.axis2.phaseshifter 1 to -2.600000deg	 DONE
09/09/2023 12:11:51:	3	count	time	20.000000s/cts	O Det=185	H Det=3815	Mon Det=130253	Aux Det=472	O+H=4000	 DONE
09/09/2023 12:12:13:	move motor	S18.axis2.phaseshifter 1 to -2.400000deg	 DONE
09/09/2023 12:12:17:	4	count	time	20.000000s/cts	O Det=191	H Det=3802	Mon Det=130798	Aux Det=492	O+H=3993	 DONE
09/09/2023 12:12:40:	move motor	S18.axis2.phaseshifter 1 to -2.200000deg	 DONE
09/09/2023 12:12:44:	5	count	time	20.000000s/cts	O Det=208	H Det=3613	Mon Det=129689	Aux Det=534	O+H=3821	 DONE
09/09/2023 12:13:07:	move motor	S18.axis2.phaseshifter 1 to -2.000000deg	 DONE
09/09/2023 12:13:11:	6	count	time	20.000000s/cts	O Det=274	H Det=3464	Mon Det=129355	Aux Det=661	O+H=3738	 DONE
09/09/2023 12:13:33:	move motor	S18.axis2.phaseshifter 1 to -1.800000deg	 DONE
09/09/2023 12:13:37:	7	count	time	20.000000s/cts	O Det=256	H Det=3326	Mon Det=129315	Aux Det=718	O+H=3582	 DONE
09/09/2023 12:14:00:	move motor	S18.axis2.phaseshifter 1 to -1.600000deg	 DONE
09/09/2023 12:14:04:	8	count	time	20.000000s/cts	O Det=324	H Det=2844	Mon Det=129845	Aux Det=1073	O+H=3168	 DONE
09/09/2023 12:14:27:	move motor	S18.axis2.phaseshifter 1 to -1.400000deg	 DONE
09/09/2023 12:14:30:	9	count	time	20.000000s/cts	O Det=387	H Det=2466	Mon Det=129029	Aux Det=1228	O+H=2853	 DONE
09/09/2023 12:14:53:	move motor	S18.axis2.phaseshifter 1 to -1.200000deg	 DONE
09/09/2023 12:14:57:	10	count	time	20.000000s/cts	O Det=515	H Det=2333	Mon Det=133847	Aux Det=1364	O+H=2848	 DONE
09/09/2023 12:15:20:	move motor	S18.axis2.phaseshifter 1 to -1.000000deg	 DONE
09/09/2023 12:15:24:	11	count	time	20.000000s/cts	O Det=541	H Det=2265	Mon Det=135164	Aux Det=1414	O+H=2806	 DONE
09/09/2023 12:15:46:	move motor	S18.axis2.phaseshifter 1 to -0.800000deg	 DONE
09/09/2023 12:15:50:	12	count	time	20.000000s/cts	O Det=588	H Det=2460	Mon Det=134497	Aux Det=1251	O+H=3048	 DONE
09/09/2023 12:16:13:	move motor	S18.axis2.phaseshifter 1 to -0.600000deg	 DONE
09/09/2023 12:16:17:	13	count	time	20.000000s/cts	O Det=541	H Det=2728	Mon Det=135162	Aux Det=1024	O+H=3269	 DONE
09/09/2023 12:16:40:	move motor	S18.axis2.phaseshifter 1 to -0.400000deg	 DONE
09/09/2023 12:16:44:	14	count	time	20.000000s/cts	O Det=431	H Det=3194	Mon Det=130098	Aux Det=646	O+H=3625	 DONE
09/09/2023 12:17:07:	move motor	S18.axis2.phaseshifter 1 to -0.200000deg	 DONE
09/09/2023 12:17:10:	15	count	time	20.000000s/cts	O Det=316	H Det=3675	Mon Det=130387	Aux Det=434	O+H=3991	 DONE
09/09/2023 12:17:33:	move motor	S18.axis2.phaseshifter 1 to 0.000000deg	 DONE
09/09/2023 12:17:37:	16	count	time	20.000000s/cts	O Det=205	H Det=4096	Mon Det=130705	Aux Det=188	O+H=4301	 DONE
09/09/2023 12:18:00:	move motor	S18.axis2.phaseshifter 1 to 0.200000deg	 DONE
09/09/2023 12:18:04:	17	count	time	20.000000s/cts	O Det=170	H Det=4025	Mon Det=130789	Aux Det=212	O+H=4195	 DONE
09/09/2023 12:18:26:	move motor	S18.axis2.phaseshifter 1 to 0.400000deg	 DONE
09/09/2023 12:18:30:	18	count	time	20.000000s/cts	O Det=157	H Det=3826	Mon Det=130017	Aux Det=334	O+H=3983	 DONE
09/09/2023 12:18:53:	move motor	S18.axis2.phaseshifter 1 to 0.600000deg	 DONE
09/09/2023 12:18:57:	19	count	time	20.000000s/cts	O Det=249	H Det=3336	Mon Det=136701	Aux Det=710	O+H=3585	 DONE
09/09/2023 12:19:20:	move motor	S18.axis2.phaseshifter 1 to 0.800000deg	 DONE
09/09/2023 12:19:23:	20	count	time	20.000000s/cts	O Det=304	H Det=2910	Mon Det=136387	Aux Det=995	O+H=3214	 DONE
09/09/2023 12:19:46:	move motor	S18.axis2.phaseshifter 1 to 1.000000deg	 DONE
09/09/2023 12:19:50:	21	count	time	20.000000s/cts	O Det=464	H Det=2394	Mon Det=135758	Aux Det=1398	O+H=2858	 DONE
09/09/2023 12:20:13:	move motor	S18.axis2.phaseshifter 1 to 1.200000deg	 DONE
09/09/2023 12:20:17:	22	count	time	20.000000s/cts	O Det=498	H Det=2316	Mon Det=137076	Aux Det=1340	O+H=2814	 DONE
09/09/2023 12:20:39:	move motor	S18.axis2.phaseshifter 1 to 1.400000deg	 DONE
09/09/2023 12:20:43:	23	count	time	20.000000s/cts	O Det=509	H Det=2384	Mon Det=131189	Aux Det=1286	O+H=2893	 DONE
09/09/2023 12:21:06:	move motor	S18.axis2.phaseshifter 1 to 1.600000deg	 DONE
09/09/2023 12:21:10:	24	count	time	20.000000s/cts	O Det=495	H Det=2798	Mon Det=131106	Aux Det=948	O+H=3293	 DONE
09/09/2023 12:21:33:	move motor	S18.axis2.phaseshifter 1 to 1.800000deg	 DONE
09/09/2023 12:21:37:	25	count	time	20.000000s/cts	O Det=375	H Det=3413	Mon Det=130537	Aux Det=558	O+H=3788	 DONE
09/09/2023 12:22:00:	move motor	S18.axis2.phaseshifter 1 to 2.000000deg	 DONE
09/09/2023 12:22:04:	26	count	time	20.000000s/cts	O Det=257	H Det=3805	Mon Det=132156	Aux Det=331	O+H=4062	 DONE
09/09/2023 12:22:26:	move motor	S18.axis2.phaseshifter 1 to 2.200000deg	 DONE
09/09/2023 12:22:30:	27	count	time	20.000000s/cts	O Det=191	H Det=4053	Mon Det=134217	Aux Det=189	O+H=4244	 DONE
09/09/2023 12:22:53:	move motor	S18.axis2.phaseshifter 1 to 2.400000deg	 DONE
09/09/2023 12:22:57:	28	count	time	20.000000s/cts	O Det=162	H Det=3968	Mon Det=133416	Aux Det=277	O+H=4130	 DONE
09/09/2023 12:23:20:	move motor	S18.axis2.phaseshifter 1 to 2.600000deg	 DONE
09/09/2023 12:23:24:	29	count	time	20.000000s/cts	O Det=217	H Det=3614	Mon Det=134591	Aux Det=533	O+H=3831	 DONE
09/09/2023 12:23:46:	move motor	S18.axis2.phaseshifter 1 to 2.800000deg	 DONE
09/09/2023 12:23:50:	30	count	time	20.000000s/cts	O Det=279	H Det=3146	Mon Det=133982	Aux Det=932	O+H=3425	 DONE
09/09/2023 12:24:13:	move motor	S18.axis2.phaseshifter 1 to 3.000000deg	 DONE
09/09/2023 12:24:17:	31	count	time	20.000000s/cts	O Det=360	H Det=2699	Mon Det=135265	Aux Det=1131	O+H=3059	 DONE
09/09/2023 12:24:40:	close file and end scan	 DONE
09/09/2023 12:24:40:	END OF SCRIPT	 DONE
