27/08/2023 20:46:38:	start execution of script D:\data\Cycle 192ter\exp_3-16-14\rawdata\sc\ifg_20s_3p.sc	 DONE
27/08/2023 20:46:38:	create file	D:\data\Cycle 192ter\exp_3-16-14\rawdata\sc\ifg_20s_3p_27Aug2046.dat	 DONE
room to enter remarks DONE
27/08/2023 20:46:39:	move motor	S18.axis2.phaseshifter 1 to -3.000000deg	 DONE
27/08/2023 20:46:45:	1	count	time	20.000000s/cts	O Det=265	H Det=4597	Mon Det=118211	Aux Det=723	O+H=5585	 DONE
27/08/2023 20:47:08:	move motor	S18.axis2.phaseshifter 1 to -2.800000deg	 DONE
27/08/2023 20:47:12:	2	count	time	20.000000s/cts	O Det=421	H Det=3690	Mon Det=120889	Aux Det=1342	O+H=5453	 DONE
27/08/2023 20:47:34:	move motor	S18.axis2.phaseshifter 1 to -2.600000deg	 DONE
27/08/2023 20:47:38:	3	count	time	20.000000s/cts	O Det=617	H Det=2566	Mon Det=119976	Aux Det=2081	O+H=5264	 DONE
27/08/2023 20:48:01:	move motor	S18.axis2.phaseshifter 1 to -2.400000deg	 DONE
27/08/2023 20:48:05:	4	count	time	20.000000s/cts	O Det=698	H Det=2444	Mon Det=120695	Aux Det=2321	O+H=5463	 DONE
27/08/2023 20:48:28:	move motor	S18.axis2.phaseshifter 1 to -2.200000deg	 DONE
27/08/2023 20:48:32:	5	count	time	20.000000s/cts	O Det=723	H Det=2668	Mon Det=121518	Aux Det=1940	O+H=5331	 DONE
27/08/2023 20:48:54:	move motor	S18.axis2.phaseshifter 1 to -2.000000deg	 DONE
27/08/2023 20:48:59:	6	count	time	20.000000s/cts	O Det=561	H Det=3452	Mon Det=120895	Aux Det=1277	O+H=5290	 DONE
27/08/2023 20:49:21:	move motor	S18.axis2.phaseshifter 1 to -1.800000deg	 DONE
27/08/2023 20:49:25:	7	count	time	20.000000s/cts	O Det=360	H Det=4711	Mon Det=121113	Aux Det=589	O+H=5660	 DONE
27/08/2023 20:49:48:	move motor	S18.axis2.phaseshifter 1 to -1.600000deg	 DONE
27/08/2023 20:49:52:	8	count	time	20.000000s/cts	O Det=269	H Det=4776	Mon Det=120895	Aux Det=384	O+H=5429	 DONE
27/08/2023 20:50:15:	move motor	S18.axis2.phaseshifter 1 to -1.400000deg	 DONE
27/08/2023 20:50:19:	9	count	time	20.000000s/cts	O Det=157	H Det=5212	Mon Det=120213	Aux Det=205	O+H=5574	 DONE
27/08/2023 20:50:41:	move motor	S18.axis2.phaseshifter 1 to -1.200000deg	 DONE
27/08/2023 20:50:45:	10	count	time	20.000000s/cts	O Det=187	H Det=5081	Mon Det=119844	Aux Det=383	O+H=5651	 DONE
27/08/2023 20:51:08:	move motor	S18.axis2.phaseshifter 1 to -1.000000deg	 DONE
27/08/2023 20:51:12:	11	count	time	20.000000s/cts	O Det=261	H Det=4467	Mon Det=120078	Aux Det=775	O+H=5503	 DONE
27/08/2023 20:51:35:	move motor	S18.axis2.phaseshifter 1 to -0.800000deg	 DONE
27/08/2023 20:51:39:	12	count	time	20.000000s/cts	O Det=431	H Det=3692	Mon Det=119653	Aux Det=1355	O+H=5478	 DONE
27/08/2023 20:52:01:	move motor	S18.axis2.phaseshifter 1 to -0.600000deg	 DONE
27/08/2023 20:52:05:	13	count	time	20.000000s/cts	O Det=533	H Det=2940	Mon Det=119904	Aux Det=1808	O+H=5281	 DONE
27/08/2023 20:52:28:	move motor	S18.axis2.phaseshifter 1 to -0.400000deg	 DONE
27/08/2023 20:52:32:	14	count	time	20.000000s/cts	O Det=698	H Det=2347	Mon Det=119529	Aux Det=2192	O+H=5237	 DONE
27/08/2023 20:52:55:	move motor	S18.axis2.phaseshifter 1 to -0.200000deg	 DONE
27/08/2023 20:52:59:	15	count	time	20.000000s/cts	O Det=739	H Det=2658	Mon Det=119873	Aux Det=1921	O+H=5318	 DONE
27/08/2023 20:53:21:	move motor	S18.axis2.phaseshifter 1 to 0.000000deg	 DONE
27/08/2023 20:53:25:	16	count	time	20.000000s/cts	O Det=613	H Det=3189	Mon Det=120200	Aux Det=1652	O+H=5454	 DONE
27/08/2023 20:53:48:	move motor	S18.axis2.phaseshifter 1 to 0.200000deg	 DONE
27/08/2023 20:53:52:	17	count	time	20.000000s/cts	O Det=337	H Det=4464	Mon Det=120562	Aux Det=713	O+H=5514	 DONE
27/08/2023 20:54:15:	move motor	S18.axis2.phaseshifter 1 to 0.400000deg	 DONE
27/08/2023 20:54:18:	18	count	time	20.000000s/cts	O Det=309	H Det=4767	Mon Det=119382	Aux Det=519	O+H=5595	 DONE
27/08/2023 20:54:41:	move motor	S18.axis2.phaseshifter 1 to 0.600000deg	 DONE
27/08/2023 20:54:45:	19	count	time	20.000000s/cts	O Det=237	H Det=4890	Mon Det=119441	Aux Det=323	O+H=5450	 DONE
27/08/2023 20:55:08:	move motor	S18.axis2.phaseshifter 1 to 0.800000deg	 DONE
27/08/2023 20:55:12:	20	count	time	20.000000s/cts	O Det=221	H Det=4780	Mon Det=118004	Aux Det=488	O+H=5489	 DONE
27/08/2023 20:55:34:	move motor	S18.axis2.phaseshifter 1 to 1.000000deg	 DONE
27/08/2023 20:55:38:	21	count	time	20.000000s/cts	O Det=347	H Det=3961	Mon Det=118833	Aux Det=1067	O+H=5375	 DONE
27/08/2023 20:56:01:	move motor	S18.axis2.phaseshifter 1 to 1.200000deg	 DONE
27/08/2023 20:56:05:	22	count	time	20.000000s/cts	O Det=524	H Det=3230	Mon Det=119948	Aux Det=1626	O+H=5380	 DONE
27/08/2023 20:56:28:	move motor	S18.axis2.phaseshifter 1 to 1.400000deg	 DONE
27/08/2023 20:56:32:	23	count	time	20.000000s/cts	O Det=624	H Det=2596	Mon Det=119478	Aux Det=2009	O+H=5229	 DONE
27/08/2023 20:56:54:	move motor	S18.axis2.phaseshifter 1 to 1.600000deg	 DONE
27/08/2023 20:56:58:	24	count	time	20.000000s/cts	O Det=704	H Det=2345	Mon Det=119719	Aux Det=2112	O+H=5161	 DONE
27/08/2023 20:57:21:	move motor	S18.axis2.phaseshifter 1 to 1.800000deg	 DONE
27/08/2023 20:57:25:	25	count	time	20.000000s/cts	O Det=689	H Det=2497	Mon Det=119476	Aux Det=2045	O+H=5231	 DONE
27/08/2023 20:57:48:	move motor	S18.axis2.phaseshifter 1 to 2.000000deg	 DONE
27/08/2023 20:57:52:	26	count	time	20.000000s/cts	O Det=500	H Det=3756	Mon Det=119389	Aux Det=1172	O+H=5428	 DONE
27/08/2023 20:58:14:	move motor	S18.axis2.phaseshifter 1 to 2.200000deg	 DONE
27/08/2023 20:58:18:	27	count	time	20.000000s/cts	O Det=411	H Det=3891	Mon Det=119244	Aux Det=960	O+H=5262	 DONE
27/08/2023 20:58:41:	move motor	S18.axis2.phaseshifter 1 to 2.400000deg	 DONE
27/08/2023 20:58:45:	28	count	time	20.000000s/cts	O Det=325	H Det=4546	Mon Det=119080	Aux Det=616	O+H=5487	 DONE
27/08/2023 20:59:08:	move motor	S18.axis2.phaseshifter 1 to 2.600000deg	 DONE
27/08/2023 20:59:12:	29	count	time	20.000000s/cts	O Det=178	H Det=5122	Mon Det=120296	Aux Det=189	O+H=5489	 DONE
27/08/2023 20:59:35:	move motor	S18.axis2.phaseshifter 1 to 2.800000deg	 DONE
27/08/2023 20:59:39:	30	count	time	20.000000s/cts	O Det=152	H Det=5110	Mon Det=119509	Aux Det=247	O+H=5509	 DONE
27/08/2023 21:00:01:	move motor	S18.axis2.phaseshifter 1 to 3.000000deg	 DONE
27/08/2023 21:00:05:	31	count	time	20.000000s/cts	O Det=257	H Det=4273	Mon Det=119520	Aux Det=870	O+H=5400	 DONE
27/08/2023 21:00:28:	close file and end scan	 DONE
27/08/2023 21:00:29:	END OF SCRIPT	 DONE
