24/08/2023 17:37:26:	start execution of script D:\data\Cycle 192ter\exp_3-16-14\rawdata\sc\ifg_5s_1p.sc	 DONE
24/08/2023 17:37:27:	create file	D:\data\Cycle 192ter\exp_3-16-14\rawdata\sc\ifg_5s_1p_24Aug1737.dat	 DONE
room to enter remarks DONE
24/08/2023 17:37:28:	move motor	S18.axis2.phaseshifter 1 to -1.500000deg	 DONE
24/08/2023 17:37:33:	1	count	time	5.000000s/cts	O Det=198	H Det=948	Mon Det=29488	Aux Det=363	O+H=1146	 DONE
24/08/2023 17:37:41:	move motor	S18.axis2.phaseshifter 1 to -1.300000deg	 DONE
24/08/2023 17:37:45:	2	count	time	5.000000s/cts	O Det=88	H Det=1170	Mon Det=29165	Aux Det=212	O+H=1258	 DONE
24/08/2023 17:37:52:	move motor	S18.axis2.phaseshifter 1 to -1.100000deg	 DONE
24/08/2023 17:37:56:	3	count	time	5.000000s/cts	O Det=54	H Det=1342	Mon Det=29321	Aux Det=134	O+H=1396	 DONE
24/08/2023 17:38:04:	move motor	S18.axis2.phaseshifter 1 to -0.900000deg	 DONE
24/08/2023 17:38:08:	4	count	time	5.000000s/cts	O Det=69	H Det=1383	Mon Det=29393	Aux Det=85	O+H=1452	 DONE
24/08/2023 17:38:16:	move motor	S18.axis2.phaseshifter 1 to -0.700000deg	 DONE
24/08/2023 17:38:20:	5	count	time	5.000000s/cts	O Det=119	H Det=1274	Mon Det=29114	Aux Det=79	O+H=1393	 DONE
24/08/2023 17:38:28:	move motor	S18.axis2.phaseshifter 1 to -0.500000deg	 DONE
24/08/2023 17:38:32:	6	count	time	5.000000s/cts	O Det=219	H Det=1120	Mon Det=29241	Aux Det=133	O+H=1339	 DONE
24/08/2023 17:38:39:	move motor	S18.axis2.phaseshifter 1 to -0.300000deg	 DONE
24/08/2023 17:38:43:	7	count	time	5.000000s/cts	O Det=294	H Det=945	Mon Det=29632	Aux Det=248	O+H=1239	 DONE
24/08/2023 17:38:51:	move motor	S18.axis2.phaseshifter 1 to -0.100000deg	 DONE
24/08/2023 17:38:55:	8	count	time	5.000000s/cts	O Det=323	H Det=735	Mon Det=29717	Aux Det=328	O+H=1058	 DONE
24/08/2023 17:39:03:	move motor	S18.axis2.phaseshifter 1 to 0.100000deg	 DONE
24/08/2023 17:39:07:	9	count	time	5.000000s/cts	O Det=352	H Det=648	Mon Det=29925	Aux Det=395	O+H=1000	 DONE
24/08/2023 17:39:15:	move motor	S18.axis2.phaseshifter 1 to 0.300000deg	 DONE
24/08/2023 17:39:19:	10	count	time	5.000000s/cts	O Det=290	H Det=674	Mon Det=29455	Aux Det=446	O+H=964	 DONE
24/08/2023 17:39:26:	move motor	S18.axis2.phaseshifter 1 to 0.500000deg	 DONE
24/08/2023 17:39:30:	11	count	time	5.000000s/cts	O Det=254	H Det=849	Mon Det=29566	Aux Det=347	O+H=1103	 DONE
24/08/2023 17:39:38:	move motor	S18.axis2.phaseshifter 1 to 0.700000deg	 DONE
24/08/2023 17:39:42:	12	count	time	5.000000s/cts	O Det=109	H Det=1063	Mon Det=29256	Aux Det=254	O+H=1172	 DONE
24/08/2023 17:39:50:	move motor	S18.axis2.phaseshifter 1 to 0.900000deg	 DONE
24/08/2023 17:39:54:	13	count	time	5.000000s/cts	O Det=89	H Det=1245	Mon Det=30090	Aux Det=185	O+H=1334	 DONE
24/08/2023 17:40:02:	move motor	S18.axis2.phaseshifter 1 to 1.100000deg	 DONE
24/08/2023 17:40:06:	14	count	time	5.000000s/cts	O Det=44	H Det=1312	Mon Det=29361	Aux Det=120	O+H=1356	 DONE
24/08/2023 17:40:13:	move motor	S18.axis2.phaseshifter 1 to 1.300000deg	 DONE
24/08/2023 17:40:17:	15	count	time	5.000000s/cts	O Det=83	H Det=1395	Mon Det=29404	Aux Det=80	O+H=1478	 DONE
24/08/2023 17:40:25:	move motor	S18.axis2.phaseshifter 1 to 1.500000deg	 DONE
24/08/2023 17:40:29:	16	count	time	5.000000s/cts	O Det=166	H Det=1279	Mon Det=29401	Aux Det=94	O+H=1445	 DONE
24/08/2023 17:40:37:	close file and end scan	 DONE
24/08/2023 17:40:37:	END OF SCRIPT	 DONE
