25/08/2023 14:04:16:	start execution of script D:\data\Cycle 192ter\exp_3-16-14\rawdata\sc\ifg_20s_3p.sc	 DONE
25/08/2023 14:04:17:	create file	D:\data\Cycle 193\exp_CRG-3033\rawdata\sc\ifg_20s_3p_25Aug1404.dat	 DONE
room to enter remarks DONE
25/08/2023 14:04:18:	move motor	S18.axis2.phaseshifter 1 to -3.000000deg	 DONE
25/08/2023 14:04:23:	1	count	time	20.000000s/cts	O Det=218	H Det=5302	Mon Det=120314	Aux Det=376	O+H=5896	 DONE
25/08/2023 14:04:45:	move motor	S18.axis2.phaseshifter 1 to -2.800000deg	 DONE
25/08/2023 14:04:49:	2	count	time	20.000000s/cts	O Det=229	H Det=5087	Mon Det=119984	Aux Det=449	O+H=5765	 DONE
25/08/2023 14:05:12:	move motor	S18.axis2.phaseshifter 1 to -2.600000deg	 DONE
25/08/2023 14:05:16:	3	count	time	20.000000s/cts	O Det=0	H Det=3	Mon Det=2343	Aux Det=8	O+H=11	 DONE
25/08/2023 14:05:39:	move motor	S18.axis2.phaseshifter 1 to -2.400000deg	 DONE
25/08/2023 14:05:42:	4	count	time	20.000000s/cts	O Det=18	H Det=2	Mon Det=2302	Aux Det=8	O+H=28	 DONE
25/08/2023 14:06:05:	move motor	S18.axis2.phaseshifter 1 to -2.200000deg	 DONE
25/08/2023 14:06:09:	5	count	time	20.000000s/cts	O Det=3	H Det=1	Mon Det=2228	Aux Det=8	O+H=12	 DONE
25/08/2023 14:06:32:	move motor	S18.axis2.phaseshifter 1 to -2.000000deg	 DONE
25/08/2023 14:06:36:	6	count	time	20.000000s/cts	O Det=2	H Det=4	Mon Det=2195	Aux Det=11	O+H=17	 DONE
25/08/2023 14:06:58:	move motor	S18.axis2.phaseshifter 1 to -1.800000deg	 DONE
25/08/2023 14:07:02:	7	count	time	20.000000s/cts	O Det=1	H Det=1	Mon Det=2150	Aux Det=13	O+H=15	 DONE
25/08/2023 14:07:25:	move motor	S18.axis2.phaseshifter 1 to -1.600000deg	 DONE
25/08/2023 14:07:29:	8	count	time	20.000000s/cts	O Det=0	H Det=2	Mon Det=2155	Aux Det=8	O+H=10	 DONE
25/08/2023 14:07:52:	move motor	S18.axis2.phaseshifter 1 to -1.400000deg	 DONE
25/08/2023 14:07:56:	9	count	time	20.000000s/cts	O Det=2	H Det=0	Mon Det=2088	Aux Det=17	O+H=19	 DONE
25/08/2023 14:08:18:	move motor	S18.axis2.phaseshifter 1 to -1.200000deg	 DONE
25/08/2023 14:08:22:	10	count	time	20.000000s/cts	O Det=218	H Det=1	Mon Det=2168	Aux Det=10	O+H=229	 DONE
25/08/2023 14:08:45:	move motor	S18.axis2.phaseshifter 1 to -1.000000deg	 DONE
25/08/2023 14:08:49:	11	count	time	20.000000s/cts	O Det=6439	H Det=3	Mon Det=2195	Aux Det=17	O+H=6459	 DONE
25/08/2023 14:09:12:	move motor	S18.axis2.phaseshifter 1 to -0.800000deg	 DONE
25/08/2023 14:09:16:	12	count	time	20.000000s/cts	O Det=169	H Det=1516	Mon Det=111278	Aux Det=367	O+H=2052	 DONE
25/08/2023 14:09:38:	move motor	S18.axis2.phaseshifter 1 to -0.600000deg	 DONE
25/08/2023 14:09:42:	13	count	time	20.000000s/cts	O Det=172	H Det=1640	Mon Det=120164	Aux Det=437	O+H=2249	 DONE
25/08/2023 14:10:05:	move motor	S18.axis2.phaseshifter 1 to -0.400000deg	 DONE
25/08/2023 14:10:09:	14	count	time	20.000000s/cts	O Det=164	H Det=1678	Mon Det=120573	Aux Det=464	O+H=2306	 DONE
25/08/2023 14:10:32:	move motor	S18.axis2.phaseshifter 1 to -0.200000deg	 DONE
25/08/2023 14:10:36:	15	count	time	20.000000s/cts	O Det=171	H Det=1717	Mon Det=119866	Aux Det=460	O+H=2348	 DONE
25/08/2023 14:10:58:	move motor	S18.axis2.phaseshifter 1 to 0.000000deg	 DONE
25/08/2023 14:11:03:	16	count	time	20.000000s/cts	O Det=167	H Det=1735	Mon Det=119819	Aux Det=426	O+H=2328	 DONE
25/08/2023 14:11:25:	move motor	S18.axis2.phaseshifter 1 to 0.200000deg	 DONE
25/08/2023 14:11:29:	17	count	time	20.000000s/cts	O Det=163	H Det=1666	Mon Det=117801	Aux Det=441	O+H=2270	 DONE
25/08/2023 14:11:52:	move motor	S18.axis2.phaseshifter 1 to 0.400000deg	 DONE
25/08/2023 14:11:56:	18	count	time	20.000000s/cts	O Det=166	H Det=1727	Mon Det=117880	Aux Det=406	O+H=2299	 DONE
25/08/2023 14:12:19:	move motor	S18.axis2.phaseshifter 1 to 0.600000deg	 DONE
25/08/2023 14:12:23:	19	count	time	20.000000s/cts	O Det=196	H Det=1720	Mon Det=116878	Aux Det=376	O+H=2292	 DONE
25/08/2023 14:12:45:	move motor	S18.axis2.phaseshifter 1 to 0.800000deg	 DONE
25/08/2023 14:12:49:	20	count	time	20.000000s/cts	O Det=11	H Det=1	Mon Det=2325	Aux Det=8	O+H=20	 DONE
25/08/2023 14:13:12:	move motor	S18.axis2.phaseshifter 1 to 1.000000deg	 DONE
25/08/2023 14:13:16:	21	count	time	20.000000s/cts	O Det=2	H Det=1	Mon Det=2169	Aux Det=11	O+H=14	 DONE
25/08/2023 14:13:38:	move motor	S18.axis2.phaseshifter 1 to 1.200000deg	 DONE
25/08/2023 14:13:42:	22	count	time	20.000000s/cts	O Det=10	H Det=1	Mon Det=2163	Aux Det=5	O+H=16	 DONE
25/08/2023 14:14:05:	move motor	S18.axis2.phaseshifter 1 to 1.400000deg	 DONE
25/08/2023 14:14:09:	23	count	time	20.000000s/cts	O Det=0	H Det=3	Mon Det=2181	Aux Det=11	O+H=14	 DONE
25/08/2023 14:14:32:	move motor	S18.axis2.phaseshifter 1 to 1.600000deg	 DONE
25/08/2023 14:14:36:	24	count	time	20.000000s/cts	O Det=194	H Det=1690	Mon Det=117731	Aux Det=441	O+H=2325	 DONE
25/08/2023 14:14:58:	move motor	S18.axis2.phaseshifter 1 to 1.800000deg	 DONE
25/08/2023 14:15:02:	25	count	time	20.000000s/cts	O Det=204	H Det=1626	Mon Det=117785	Aux Det=433	O+H=2263	 DONE
25/08/2023 14:15:25:	move motor	S18.axis2.phaseshifter 1 to 2.000000deg	 DONE
25/08/2023 14:15:29:	26	count	time	20.000000s/cts	O Det=158	H Det=1690	Mon Det=117535	Aux Det=414	O+H=2262	 DONE
25/08/2023 14:15:52:	move motor	S18.axis2.phaseshifter 1 to 2.200000deg	 DONE
25/08/2023 14:15:56:	27	count	time	20.000000s/cts	O Det=167	H Det=1662	Mon Det=117774	Aux Det=427	O+H=2256	 DONE
25/08/2023 14:16:19:	move motor	S18.axis2.phaseshifter 1 to 2.400000deg	 DONE
25/08/2023 14:16:22:	28	count	time	20.000000s/cts	O Det=180	H Det=1687	Mon Det=116389	Aux Det=418	O+H=2285	 DONE
25/08/2023 14:16:45:	move motor	S18.axis2.phaseshifter 1 to 2.600000deg	 DONE
25/08/2023 14:16:49:	29	count	time	20.000000s/cts	O Det=203	H Det=1758	Mon Det=115756	Aux Det=431	O+H=2392	 DONE
25/08/2023 14:17:12:	move motor	S18.axis2.phaseshifter 1 to 2.800000deg	 DONE
25/08/2023 14:17:16:	30	count	time	20.000000s/cts	O Det=172	H Det=1650	Mon Det=116684	Aux Det=442	O+H=2264	 DONE
25/08/2023 14:17:38:	move motor	S18.axis2.phaseshifter 1 to 3.000000deg	 DONE
25/08/2023 14:17:42:	31	count	time	20.000000s/cts	O Det=191	H Det=1777	Mon Det=116942	Aux Det=437	O+H=2405	 DONE
25/08/2023 14:18:05:	close file and end scan	 DONE
25/08/2023 14:18:05:	END OF SCRIPT	 DONE
