23/08/2023 18:54:35:	start execution of script D:\data\Cycle 192ter\exp_3-16-14\rawdata\sc\ifg_5s_1p.sc	 DONE
23/08/2023 18:54:35:	create file	D:\data\Cycle 192ter\exp_3-16-14\rawdata\sc\ifg_5s_1p_23Aug1854.dat	 DONE
room to enter remarks DONE
23/08/2023 18:54:36:	move motor	S18.axis2.phaseshifter 1 to -1.500000deg	 DONE
23/08/2023 18:54:41:	1	count	time	5.000000s/cts	O Det=293	H Det=994	Mon Det=29225	Aux Det=0	O+H=1287	 DONE
23/08/2023 18:54:49:	move motor	S18.axis2.phaseshifter 1 to -1.300000deg	 DONE
23/08/2023 18:54:52:	2	count	time	5.000000s/cts	O Det=404	H Det=874	Mon Det=29536	Aux Det=0	O+H=1278	 DONE
23/08/2023 18:55:00:	move motor	S18.axis2.phaseshifter 1 to -1.100000deg	 DONE
23/08/2023 18:55:04:	3	count	time	5.000000s/cts	O Det=513	H Det=746	Mon Det=29362	Aux Det=0	O+H=1259	 DONE
23/08/2023 18:55:12:	move motor	S18.axis2.phaseshifter 1 to -0.900000deg	 DONE
23/08/2023 18:55:16:	4	count	time	5.000000s/cts	O Det=567	H Det=689	Mon Det=29132	Aux Det=0	O+H=1256	 DONE
23/08/2023 18:55:24:	move motor	S18.axis2.phaseshifter 1 to -0.700000deg	 DONE
23/08/2023 18:55:28:	5	count	time	5.000000s/cts	O Det=589	H Det=644	Mon Det=29354	Aux Det=0	O+H=1233	 DONE
23/08/2023 18:55:35:	move motor	S18.axis2.phaseshifter 1 to -0.500000deg	 DONE
23/08/2023 18:55:40:	6	count	time	5.000000s/cts	O Det=510	H Det=725	Mon Det=29437	Aux Det=0	O+H=1235	 DONE
23/08/2023 18:55:47:	move motor	S18.axis2.phaseshifter 1 to -0.300000deg	 DONE
23/08/2023 18:55:51:	7	count	time	5.000000s/cts	O Det=464	H Det=812	Mon Det=29017	Aux Det=0	O+H=1276	 DONE
23/08/2023 18:55:59:	move motor	S18.axis2.phaseshifter 1 to -0.100000deg	 DONE
23/08/2023 18:56:03:	8	count	time	5.000000s/cts	O Det=354	H Det=929	Mon Det=29589	Aux Det=0	O+H=1283	 DONE
23/08/2023 18:56:11:	move motor	S18.axis2.phaseshifter 1 to 0.100000deg	 DONE
23/08/2023 18:56:15:	9	count	time	5.000000s/cts	O Det=275	H Det=1008	Mon Det=29356	Aux Det=0	O+H=1283	 DONE
23/08/2023 18:56:22:	move motor	S18.axis2.phaseshifter 1 to 0.300000deg	 DONE
23/08/2023 18:56:26:	10	count	time	5.000000s/cts	O Det=185	H Det=1138	Mon Det=29444	Aux Det=0	O+H=1323	 DONE
23/08/2023 18:56:34:	move motor	S18.axis2.phaseshifter 1 to 0.500000deg	 DONE
23/08/2023 18:56:38:	11	count	time	5.000000s/cts	O Det=210	H Det=1043	Mon Det=29184	Aux Det=0	O+H=1253	 DONE
23/08/2023 18:56:46:	move motor	S18.axis2.phaseshifter 1 to 0.700000deg	 DONE
23/08/2023 18:56:50:	12	count	time	5.000000s/cts	O Det=277	H Det=922	Mon Det=29552	Aux Det=0	O+H=1199	 DONE
23/08/2023 18:56:58:	move motor	S18.axis2.phaseshifter 1 to 0.900000deg	 DONE
23/08/2023 18:57:02:	13	count	time	5.000000s/cts	O Det=407	H Det=856	Mon Det=29650	Aux Det=0	O+H=1263	 DONE
23/08/2023 18:57:09:	move motor	S18.axis2.phaseshifter 1 to 1.100000deg	 DONE
23/08/2023 18:57:13:	14	count	time	5.000000s/cts	O Det=512	H Det=753	Mon Det=29701	Aux Det=0	O+H=1265	 DONE
23/08/2023 18:57:21:	move motor	S18.axis2.phaseshifter 1 to 1.300000deg	 DONE
23/08/2023 18:57:25:	15	count	time	5.000000s/cts	O Det=577	H Det=642	Mon Det=29202	Aux Det=0	O+H=1219	 DONE
23/08/2023 18:57:33:	move motor	S18.axis2.phaseshifter 1 to 1.500000deg	 DONE
23/08/2023 18:57:37:	16	count	time	5.000000s/cts	O Det=614	H Det=660	Mon Det=29238	Aux Det=0	O+H=1274	 DONE
23/08/2023 18:57:45:	close file and end scan	 DONE
23/08/2023 18:57:45:	END OF SCRIPT	 DONE
