27/08/2023 16:03:13:	start execution of script D:\data\Cycle 192ter\exp_3-16-14\rawdata\sc\ifg_20s_3p.sc	 DONE
27/08/2023 16:03:14:	create file	D:\data\Cycle 193\exp_CRG-3033\rawdata\sc\ifg_20s_3p_27Aug1603.dat	 DONE
room to enter remarks DONE
27/08/2023 16:03:15:	move motor	S18.axis2.phaseshifter 1 to -3.000000deg	 DONE
27/08/2023 16:03:19:	1	count	time	20.000000s/cts	O Det=718	H Det=2969	Mon Det=115470	Aux Det=2121	O+H=5808	 DONE
27/08/2023 16:03:42:	move motor	S18.axis2.phaseshifter 1 to -2.800000deg	 DONE
27/08/2023 16:03:46:	2	count	time	20.000000s/cts	O Det=765	H Det=2633	Mon Det=114520	Aux Det=2430	O+H=5828	 DONE
27/08/2023 16:04:09:	move motor	S18.axis2.phaseshifter 1 to -2.600000deg	 DONE
27/08/2023 16:04:13:	3	count	time	20.000000s/cts	O Det=800	H Det=2850	Mon Det=115268	Aux Det=2202	O+H=5852	 DONE
27/08/2023 16:04:35:	move motor	S18.axis2.phaseshifter 1 to -2.400000deg	 DONE
27/08/2023 16:04:39:	4	count	time	20.000000s/cts	O Det=606	H Det=3936	Mon Det=115445	Aux Det=1415	O+H=5957	 DONE
27/08/2023 16:05:02:	move motor	S18.axis2.phaseshifter 1 to -2.200000deg	 DONE
27/08/2023 16:05:06:	5	count	time	20.000000s/cts	O Det=408	H Det=4807	Mon Det=115661	Aux Det=834	O+H=6049	 DONE
27/08/2023 16:05:29:	move motor	S18.axis2.phaseshifter 1 to -2.000000deg	 DONE
27/08/2023 16:05:33:	6	count	time	20.000000s/cts	O Det=235	H Det=5710	Mon Det=115458	Aux Det=326	O+H=6271	 DONE
27/08/2023 16:05:56:	move motor	S18.axis2.phaseshifter 1 to -1.800000deg	 DONE
27/08/2023 16:06:00:	7	count	time	20.000000s/cts	O Det=185	H Det=5864	Mon Det=115402	Aux Det=277	O+H=6326	 DONE
27/08/2023 16:06:22:	move motor	S18.axis2.phaseshifter 1 to -1.600000deg	 DONE
27/08/2023 16:06:26:	8	count	time	20.000000s/cts	O Det=254	H Det=5225	Mon Det=115472	Aux Det=573	O+H=6052	 DONE
27/08/2023 16:06:49:	move motor	S18.axis2.phaseshifter 1 to -1.400000deg	 DONE
27/08/2023 16:06:53:	9	count	time	20.000000s/cts	O Det=297	H Det=5000	Mon Det=116361	Aux Det=825	O+H=6122	 DONE
27/08/2023 16:07:16:	move motor	S18.axis2.phaseshifter 1 to -1.200000deg	 DONE
27/08/2023 16:07:20:	10	count	time	20.000000s/cts	O Det=580	H Det=3522	Mon Det=115825	Aux Det=1890	O+H=5992	 DONE
27/08/2023 16:07:43:	move motor	S18.axis2.phaseshifter 1 to -1.000000deg	 DONE
27/08/2023 16:07:47:	11	count	time	20.000000s/cts	O Det=789	H Det=2675	Mon Det=115867	Aux Det=2328	O+H=5792	 DONE
27/08/2023 16:08:09:	move motor	S18.axis2.phaseshifter 1 to -0.800000deg	 DONE
27/08/2023 16:08:14:	12	count	time	20.000000s/cts	O Det=791	H Det=2636	Mon Det=115068	Aux Det=2306	O+H=5733	 DONE
27/08/2023 16:08:36:	move motor	S18.axis2.phaseshifter 1 to -0.600000deg	 DONE
27/08/2023 16:08:40:	13	count	time	20.000000s/cts	O Det=813	H Det=2795	Mon Det=116177	Aux Det=2161	O+H=5769	 DONE
27/08/2023 16:09:03:	move motor	S18.axis2.phaseshifter 1 to -0.400000deg	 DONE
27/08/2023 16:09:07:	14	count	time	20.000000s/cts	O Det=624	H Det=3882	Mon Det=115445	Aux Det=1400	O+H=5906	 DONE
27/08/2023 16:09:30:	move motor	S18.axis2.phaseshifter 1 to -0.200000deg	 DONE
27/08/2023 16:09:34:	15	count	time	20.000000s/cts	O Det=418	H Det=4900	Mon Det=115817	Aux Det=889	O+H=6207	 DONE
27/08/2023 16:09:56:	move motor	S18.axis2.phaseshifter 1 to 0.000000deg	 DONE
27/08/2023 16:10:01:	16	count	time	20.000000s/cts	O Det=266	H Det=5561	Mon Det=115735	Aux Det=395	O+H=6222	 DONE
27/08/2023 16:10:23:	move motor	S18.axis2.phaseshifter 1 to 0.200000deg	 DONE
27/08/2023 16:10:27:	17	count	time	20.000000s/cts	O Det=167	H Det=5719	Mon Det=115354	Aux Det=230	O+H=6116	 DONE
27/08/2023 16:10:50:	move motor	S18.axis2.phaseshifter 1 to 0.400000deg	 DONE
27/08/2023 16:10:54:	18	count	time	20.000000s/cts	O Det=235	H Det=5429	Mon Det=115509	Aux Det=477	O+H=6141	 DONE
27/08/2023 16:11:17:	move motor	S18.axis2.phaseshifter 1 to 0.600000deg	 DONE
27/08/2023 16:11:21:	19	count	time	20.000000s/cts	O Det=331	H Det=5058	Mon Det=115059	Aux Det=864	O+H=6253	 DONE
27/08/2023 16:11:44:	move motor	S18.axis2.phaseshifter 1 to 0.800000deg	 DONE
27/08/2023 16:11:48:	20	count	time	20.000000s/cts	O Det=459	H Det=4332	Mon Det=114932	Aux Det=1300	O+H=6091	 DONE
27/08/2023 16:12:11:	move motor	S18.axis2.phaseshifter 1 to 1.000000deg	 DONE
27/08/2023 16:12:15:	21	count	time	20.000000s/cts	O Det=701	H Det=2973	Mon Det=115335	Aux Det=2188	O+H=5862	 DONE
27/08/2023 16:12:37:	move motor	S18.axis2.phaseshifter 1 to 1.200000deg	 DONE
27/08/2023 16:12:41:	22	count	time	20.000000s/cts	O Det=799	H Det=2646	Mon Det=115523	Aux Det=2434	O+H=5879	 DONE
27/08/2023 16:13:04:	move motor	S18.axis2.phaseshifter 1 to 1.400000deg	 DONE
27/08/2023 16:13:08:	23	count	time	20.000000s/cts	O Det=793	H Det=2875	Mon Det=114788	Aux Det=2077	O+H=5745	 DONE
27/08/2023 16:13:31:	move motor	S18.axis2.phaseshifter 1 to 1.600000deg	 DONE
27/08/2023 16:13:35:	24	count	time	20.000000s/cts	O Det=687	H Det=3421	Mon Det=114765	Aux Det=1765	O+H=5873	 DONE
27/08/2023 16:13:58:	move motor	S18.axis2.phaseshifter 1 to 1.800000deg	 DONE
27/08/2023 16:14:02:	25	count	time	20.000000s/cts	O Det=504	H Det=4339	Mon Det=114867	Aux Det=1115	O+H=5958	 DONE
27/08/2023 16:14:25:	move motor	S18.axis2.phaseshifter 1 to 2.000000deg	 DONE
27/08/2023 16:14:29:	26	count	time	20.000000s/cts	O Det=307	H Det=5318	Mon Det=115580	Aux Det=567	O+H=6192	 DONE
27/08/2023 16:14:52:	move motor	S18.axis2.phaseshifter 1 to 2.200000deg	 DONE
27/08/2023 16:14:56:	27	count	time	20.000000s/cts	O Det=196	H Det=5802	Mon Det=114973	Aux Det=260	O+H=6258	 DONE
27/08/2023 16:15:18:	move motor	S18.axis2.phaseshifter 1 to 2.400000deg	 DONE
27/08/2023 16:15:22:	28	count	time	20.000000s/cts	O Det=173	H Det=5854	Mon Det=115726	Aux Det=256	O+H=6283	 DONE
27/08/2023 16:15:45:	move motor	S18.axis2.phaseshifter 1 to 2.600000deg	 DONE
27/08/2023 16:15:49:	29	count	time	20.000000s/cts	O Det=263	H Det=5039	Mon Det=115716	Aux Det=765	O+H=6067	 DONE
27/08/2023 16:16:12:	move motor	S18.axis2.phaseshifter 1 to 2.800000deg	 DONE
27/08/2023 16:16:16:	30	count	time	20.000000s/cts	O Det=454	H Det=4126	Mon Det=115234	Aux Det=1478	O+H=6058	 DONE
27/08/2023 16:16:39:	move motor	S18.axis2.phaseshifter 1 to 3.000000deg	 DONE
27/08/2023 16:16:43:	31	count	time	20.000000s/cts	O Det=648	H Det=3266	Mon Det=115408	Aux Det=2010	O+H=5924	 DONE
27/08/2023 16:17:05:	close file and end scan	 DONE
27/08/2023 16:17:06:	END OF SCRIPT	 DONE
