24/08/2023 06:08:46:	start execution of script D:\data\Cycle 192ter\exp_3-16-14\rawdata\sc\ifg_5s_1p.sc	 DONE
24/08/2023 06:08:47:	create file	D:\data\Cycle 192ter\exp_3-16-14\rawdata\sc\ifg_5s_1p_24Aug0608.dat	 DONE
room to enter remarks DONE
24/08/2023 06:08:48:	move motor	S18.axis2.phaseshifter 1 to -1.500000deg	 DONE
24/08/2023 06:08:53:	1	count	time	5.000000s/cts	O Det=249	H Det=1012	Mon Det=29451	Aux Det=0	O+H=1261	 DONE
24/08/2023 06:09:00:	move motor	S18.axis2.phaseshifter 1 to -1.300000deg	 DONE
24/08/2023 06:09:05:	2	count	time	5.000000s/cts	O Det=378	H Det=875	Mon Det=29039	Aux Det=0	O+H=1253	 DONE
24/08/2023 06:09:12:	move motor	S18.axis2.phaseshifter 1 to -1.100000deg	 DONE
24/08/2023 06:09:16:	3	count	time	5.000000s/cts	O Det=478	H Det=737	Mon Det=28980	Aux Det=0	O+H=1215	 DONE
24/08/2023 06:09:24:	move motor	S18.axis2.phaseshifter 1 to -0.900000deg	 DONE
24/08/2023 06:09:28:	4	count	time	5.000000s/cts	O Det=553	H Det=657	Mon Det=29467	Aux Det=0	O+H=1210	 DONE
24/08/2023 06:09:35:	move motor	S18.axis2.phaseshifter 1 to -0.700000deg	 DONE
24/08/2023 06:09:39:	5	count	time	5.000000s/cts	O Det=537	H Det=633	Mon Det=29472	Aux Det=0	O+H=1170	 DONE
24/08/2023 06:09:47:	move motor	S18.axis2.phaseshifter 1 to -0.500000deg	 DONE
24/08/2023 06:09:51:	6	count	time	5.000000s/cts	O Det=521	H Det=779	Mon Det=29231	Aux Det=0	O+H=1300	 DONE
24/08/2023 06:09:59:	move motor	S18.axis2.phaseshifter 1 to -0.300000deg	 DONE
24/08/2023 06:10:03:	7	count	time	5.000000s/cts	O Det=416	H Det=760	Mon Det=29220	Aux Det=0	O+H=1176	 DONE
24/08/2023 06:10:10:	move motor	S18.axis2.phaseshifter 1 to -0.100000deg	 DONE
24/08/2023 06:10:14:	8	count	time	5.000000s/cts	O Det=277	H Det=946	Mon Det=29482	Aux Det=0	O+H=1223	 DONE
24/08/2023 06:10:22:	move motor	S18.axis2.phaseshifter 1 to 0.100000deg	 DONE
24/08/2023 06:10:26:	9	count	time	5.000000s/cts	O Det=213	H Det=942	Mon Det=29053	Aux Det=0	O+H=1155	 DONE
24/08/2023 06:10:34:	move motor	S18.axis2.phaseshifter 1 to 0.300000deg	 DONE
24/08/2023 06:10:38:	10	count	time	5.000000s/cts	O Det=193	H Det=1033	Mon Det=29283	Aux Det=0	O+H=1226	 DONE
24/08/2023 06:10:45:	move motor	S18.axis2.phaseshifter 1 to 0.500000deg	 DONE
24/08/2023 06:10:50:	11	count	time	5.000000s/cts	O Det=183	H Det=984	Mon Det=29039	Aux Det=0	O+H=1167	 DONE
24/08/2023 06:10:57:	move motor	S18.axis2.phaseshifter 1 to 0.700000deg	 DONE
24/08/2023 06:11:01:	12	count	time	5.000000s/cts	O Det=282	H Det=919	Mon Det=29191	Aux Det=0	O+H=1201	 DONE
24/08/2023 06:11:09:	move motor	S18.axis2.phaseshifter 1 to 0.900000deg	 DONE
24/08/2023 06:11:13:	13	count	time	5.000000s/cts	O Det=423	H Det=829	Mon Det=29413	Aux Det=0	O+H=1252	 DONE
24/08/2023 06:11:21:	move motor	S18.axis2.phaseshifter 1 to 1.100000deg	 DONE
24/08/2023 06:11:25:	14	count	time	5.000000s/cts	O Det=473	H Det=788	Mon Det=29089	Aux Det=0	O+H=1261	 DONE
24/08/2023 06:11:32:	move motor	S18.axis2.phaseshifter 1 to 1.300000deg	 DONE
24/08/2023 06:11:36:	15	count	time	5.000000s/cts	O Det=502	H Det=723	Mon Det=28959	Aux Det=0	O+H=1225	 DONE
24/08/2023 06:11:44:	move motor	S18.axis2.phaseshifter 1 to 1.500000deg	 DONE
24/08/2023 06:11:48:	16	count	time	5.000000s/cts	O Det=559	H Det=706	Mon Det=29257	Aux Det=0	O+H=1265	 DONE
24/08/2023 06:11:56:	close file and end scan	 DONE
24/08/2023 06:11:56:	END OF SCRIPT	 DONE
