17/09/2023 14:55:30:	start execution of script D:\data\Cycle 192ter\exp_3-16-14\rawdata\sc\ifg_TOF_S2.sc	 DONE
17/09/2023 14:55:31:	function generator:  GPIB1::8 start2 DONE
17/09/2023 14:55:32:	create file	D:\data\Cycle 192ter\exp_3-16-14\rawdata\sc\ifg_TOF_S2_17Sep1455.dat	 DONE
room to enter remarks DONE
17/09/2023 14:55:33:	move motor	S18.axis2.phaseshifter 1 to -2.000000deg	 DONE
17/09/2023 14:55:37:	1	TOF	5	time=20	period=434µ	binwidth=3µ	delay=95µO Det=217	H Det=43	Mon Det=30813	Aux Det=431	O+H=260	 DONE
17/09/2023 14:56:01:	move motor	S18.axis2.phaseshifter 1 to -1.800000deg	 DONE
17/09/2023 14:56:05:	2	TOF	5	time=20	period=434µ	binwidth=3µ	delay=95µO Det=231	H Det=43	Mon Det=30813	Aux Det=526	O+H=274	 DONE
17/09/2023 14:56:29:	move motor	S18.axis2.phaseshifter 1 to -1.600000deg	 DONE
17/09/2023 14:56:33:	3	TOF	5	time=20	period=434µ	binwidth=3µ	delay=95µO Det=273	H Det=43	Mon Det=30813	Aux Det=862	O+H=316	 DONE
17/09/2023 14:56:56:	move motor	S18.axis2.phaseshifter 1 to -1.400000deg	 DONE
17/09/2023 14:57:00:	4	TOF	5	time=20	period=434µ	binwidth=3µ	delay=95µO Det=383	H Det=43	Mon Det=30813	Aux Det=1190	O+H=426	 DONE
17/09/2023 14:57:24:	move motor	S18.axis2.phaseshifter 1 to -1.200000deg	 DONE
17/09/2023 14:57:28:	5	TOF	5	time=20	period=434µ	binwidth=3µ	delay=95µO Det=454	H Det=43	Mon Det=30813	Aux Det=1368	O+H=497	 DONE
17/09/2023 14:57:52:	move motor	S18.axis2.phaseshifter 1 to -1.000000deg	 DONE
17/09/2023 14:57:56:	6	TOF	5	time=20	period=434µ	binwidth=3µ	delay=95µO Det=476	H Det=43	Mon Det=30813	Aux Det=1260	O+H=519	 DONE
17/09/2023 14:58:20:	move motor	S18.axis2.phaseshifter 1 to -0.800000deg	 DONE
17/09/2023 14:58:24:	7	TOF	5	time=20	period=434µ	binwidth=3µ	delay=95µO Det=465	H Det=43	Mon Det=30813	Aux Det=1167	O+H=508	 DONE
17/09/2023 14:58:48:	move motor	S18.axis2.phaseshifter 1 to -0.600000deg	 DONE
17/09/2023 14:58:52:	8	TOF	5	time=20	period=434µ	binwidth=3µ	delay=95µO Det=367	H Det=43	Mon Det=30813	Aux Det=928	O+H=410	 DONE
17/09/2023 14:59:15:	move motor	S18.axis2.phaseshifter 1 to -0.400000deg	 DONE
17/09/2023 14:59:20:	9	TOF	5	time=20	period=434µ	binwidth=3µ	delay=95µO Det=278	H Det=43	Mon Det=30813	Aux Det=639	O+H=321	 DONE
17/09/2023 14:59:43:	move motor	S18.axis2.phaseshifter 1 to -0.200000deg	 DONE
17/09/2023 14:59:47:	10	TOF	5	time=20	period=434µ	binwidth=3µ	delay=95µO Det=204	H Det=43	Mon Det=30813	Aux Det=412	O+H=247	 DONE
17/09/2023 15:00:11:	move motor	S18.axis2.phaseshifter 1 to 0.000000deg	 DONE
17/09/2023 15:00:15:	11	TOF	5	time=20	period=434µ	binwidth=3µ	delay=95µO Det=220	H Det=43	Mon Det=30813	Aux Det=432	O+H=263	 DONE
17/09/2023 15:00:39:	move motor	S18.axis2.phaseshifter 1 to 0.200000deg	 DONE
17/09/2023 15:00:43:	12	TOF	5	time=20	period=434µ	binwidth=3µ	delay=95µO Det=231	H Det=43	Mon Det=30813	Aux Det=534	O+H=274	 DONE
17/09/2023 15:01:07:	move motor	S18.axis2.phaseshifter 1 to 0.400000deg	 DONE
17/09/2023 15:01:11:	13	TOF	5	time=20	period=434µ	binwidth=3µ	delay=95µO Det=286	H Det=43	Mon Det=30813	Aux Det=806	O+H=329	 DONE
17/09/2023 15:01:34:	move motor	S18.axis2.phaseshifter 1 to 0.600000deg	 DONE
17/09/2023 15:01:38:	14	TOF	5	time=20	period=434µ	binwidth=3µ	delay=95µO Det=347	H Det=43	Mon Det=30813	Aux Det=1200	O+H=390	 DONE
17/09/2023 15:02:02:	move motor	S18.axis2.phaseshifter 1 to 0.800000deg	 DONE
17/09/2023 15:02:06:	15	TOF	5	time=20	period=434µ	binwidth=3µ	delay=95µO Det=432	H Det=43	Mon Det=30813	Aux Det=1323	O+H=475	 DONE
17/09/2023 15:02:30:	move motor	S18.axis2.phaseshifter 1 to 1.000000deg	 DONE
17/09/2023 15:02:34:	16	TOF	5	time=20	period=434µ	binwidth=3µ	delay=95µO Det=471	H Det=43	Mon Det=30813	Aux Det=1308	O+H=514	 DONE
17/09/2023 15:02:57:	move motor	S18.axis2.phaseshifter 1 to 1.200000deg	 DONE
17/09/2023 15:03:01:	17	TOF	5	time=20	period=434µ	binwidth=3µ	delay=95µO Det=476	H Det=43	Mon Det=30813	Aux Det=1145	O+H=519	 DONE
17/09/2023 15:03:25:	move motor	S18.axis2.phaseshifter 1 to 1.400000deg	 DONE
17/09/2023 15:03:29:	18	TOF	5	time=20	period=434µ	binwidth=3µ	delay=95µO Det=357	H Det=43	Mon Det=30813	Aux Det=891	O+H=400	 DONE
17/09/2023 15:03:53:	move motor	S18.axis2.phaseshifter 1 to 1.600000deg	 DONE
17/09/2023 15:03:57:	19	TOF	5	time=20	period=434µ	binwidth=3µ	delay=95µO Det=271	H Det=43	Mon Det=30813	Aux Det=576	O+H=314	 DONE
17/09/2023 15:04:21:	move motor	S18.axis2.phaseshifter 1 to 1.800000deg	 DONE
17/09/2023 15:04:25:	20	TOF	5	time=20	period=434µ	binwidth=3µ	delay=95µO Det=188	H Det=43	Mon Det=30813	Aux Det=500	O+H=231	 DONE
17/09/2023 15:04:48:	move motor	S18.axis2.phaseshifter 1 to 2.000000deg	 DONE
17/09/2023 15:04:53:	21	TOF	5	time=20	period=434µ	binwidth=3µ	delay=95µO Det=179	H Det=43	Mon Det=30813	Aux Det=414	O+H=222	 DONE
17/09/2023 15:05:16:	function generator:  GPIB1::8 stop2 DONE
17/09/2023 15:05:17:	close file and end scan	 DONE
17/09/2023 15:05:17:	move motor	S18.axis2.phaseshifter 1 to fit AUX COS45	-0.834721reached -0.83496  DONE
17/09/2023 15:05:21:	END OF SCRIPT	 DONE
