25/08/2023 14:19:33:	start execution of script D:\data\Cycle 192ter\exp_3-16-14\rawdata\sc\ifg_5s_1p.sc	 DONE
25/08/2023 14:19:34:	create file	D:\data\Cycle 192ter\exp_3-16-14\rawdata\sc\ifg_5s_1p_25Aug1419.dat	 DONE
room to enter remarks DONE
25/08/2023 14:19:35:	move motor	S18.axis2.phaseshifter 1 to -1.500000deg	 DONE
25/08/2023 14:19:40:	1	count	time	5.000000s/cts	O Det=49	H Det=524	Mon Det=29488	Aux Det=132	O+H=705	 DONE
25/08/2023 14:19:48:	move motor	S18.axis2.phaseshifter 1 to -1.300000deg	 DONE
25/08/2023 14:19:52:	2	count	time	5.000000s/cts	O Det=61	H Det=507	Mon Det=28954	Aux Det=119	O+H=687	 DONE
25/08/2023 14:20:00:	move motor	S18.axis2.phaseshifter 1 to -1.100000deg	 DONE
25/08/2023 14:20:04:	3	count	time	5.000000s/cts	O Det=63	H Det=555	Mon Det=29371	Aux Det=133	O+H=751	 DONE
25/08/2023 14:20:11:	move motor	S18.axis2.phaseshifter 1 to -0.900000deg	 DONE
25/08/2023 14:20:15:	4	count	time	5.000000s/cts	O Det=54	H Det=515	Mon Det=29070	Aux Det=127	O+H=696	 DONE
25/08/2023 14:20:23:	move motor	S18.axis2.phaseshifter 1 to -0.700000deg	 DONE
25/08/2023 14:20:27:	5	count	time	5.000000s/cts	O Det=59	H Det=507	Mon Det=29212	Aux Det=140	O+H=706	 DONE
25/08/2023 14:20:35:	move motor	S18.axis2.phaseshifter 1 to -0.500000deg	 DONE
25/08/2023 14:20:39:	6	count	time	5.000000s/cts	O Det=63	H Det=477	Mon Det=29419	Aux Det=126	O+H=666	 DONE
25/08/2023 14:20:46:	move motor	S18.axis2.phaseshifter 1 to -0.300000deg	 DONE
25/08/2023 14:20:50:	7	count	time	5.000000s/cts	O Det=57	H Det=527	Mon Det=29843	Aux Det=147	O+H=731	 DONE
25/08/2023 14:20:58:	move motor	S18.axis2.phaseshifter 1 to -0.100000deg	 DONE
25/08/2023 14:21:02:	8	count	time	5.000000s/cts	O Det=64	H Det=521	Mon Det=29013	Aux Det=143	O+H=728	 DONE
25/08/2023 14:21:10:	move motor	S18.axis2.phaseshifter 1 to 0.100000deg	 DONE
25/08/2023 14:21:14:	9	count	time	5.000000s/cts	O Det=57	H Det=505	Mon Det=29624	Aux Det=139	O+H=701	 DONE
25/08/2023 14:21:21:	move motor	S18.axis2.phaseshifter 1 to 0.300000deg	 DONE
25/08/2023 14:21:25:	10	count	time	5.000000s/cts	O Det=54	H Det=496	Mon Det=29425	Aux Det=150	O+H=700	 DONE
25/08/2023 14:21:33:	move motor	S18.axis2.phaseshifter 1 to 0.500000deg	 DONE
25/08/2023 14:21:37:	11	count	time	5.000000s/cts	O Det=58	H Det=508	Mon Det=29535	Aux Det=129	O+H=695	 DONE
25/08/2023 14:21:45:	move motor	S18.axis2.phaseshifter 1 to 0.700000deg	 DONE
25/08/2023 14:21:49:	12	count	time	5.000000s/cts	O Det=51	H Det=533	Mon Det=29395	Aux Det=126	O+H=710	 DONE
25/08/2023 14:21:57:	move motor	S18.axis2.phaseshifter 1 to 0.900000deg	 DONE
25/08/2023 14:22:01:	13	count	time	5.000000s/cts	O Det=49	H Det=516	Mon Det=29385	Aux Det=134	O+H=699	 DONE
25/08/2023 14:22:08:	move motor	S18.axis2.phaseshifter 1 to 1.100000deg	 DONE
25/08/2023 14:22:12:	14	count	time	5.000000s/cts	O Det=59	H Det=529	Mon Det=28729	Aux Det=130	O+H=718	 DONE
25/08/2023 14:22:20:	move motor	S18.axis2.phaseshifter 1 to 1.300000deg	 DONE
25/08/2023 14:22:24:	15	count	time	5.000000s/cts	O Det=42	H Det=529	Mon Det=29420	Aux Det=142	O+H=713	 DONE
25/08/2023 14:22:32:	move motor	S18.axis2.phaseshifter 1 to 1.500000deg	 DONE
25/08/2023 14:22:36:	16	count	time	5.000000s/cts	O Det=56	H Det=483	Mon Det=29640	Aux Det=141	O+H=680	 DONE
25/08/2023 14:22:43:	close file and end scan	 DONE
25/08/2023 14:22:44:	END OF SCRIPT	 DONE
