10/09/2023 17:04:37:	start execution of script D:\data\Cycle 192ter\exp_3-16-14\rawdata\sc\ifg_20s_3p.sc	 DONE
10/09/2023 17:04:37:	create file	D:\data\Cycle 192ter\exp_3-16-14\rawdata\sc\ifg_20s_3p_10Sep1704.dat	 DONE
room to enter remarks DONE
10/09/2023 17:04:38:	move motor	S18.axis2.phaseshifter 1 to -3.000000deg	 DONE
10/09/2023 17:04:44:	1	count	time	20.000000s/cts	O Det=650	H Det=3358	Mon Det=129463	Aux Det=2040	O+H=4008	 DONE
10/09/2023 17:05:07:	move motor	S18.axis2.phaseshifter 1 to -2.800000deg	 DONE
10/09/2023 17:05:11:	2	count	time	20.000000s/cts	O Det=752	H Det=2862	Mon Det=129304	Aux Det=2375	O+H=3614	 DONE
10/09/2023 17:05:33:	move motor	S18.axis2.phaseshifter 1 to -2.600000deg	 DONE
10/09/2023 17:05:37:	3	count	time	20.000000s/cts	O Det=804	H Det=2654	Mon Det=129907	Aux Det=2392	O+H=3458	 DONE
10/09/2023 17:06:00:	move motor	S18.axis2.phaseshifter 1 to -2.400000deg	 DONE
10/09/2023 17:06:04:	4	count	time	20.000000s/cts	O Det=774	H Det=3411	Mon Det=128738	Aux Det=1838	O+H=4185	 DONE
10/09/2023 17:06:26:	move motor	S18.axis2.phaseshifter 1 to -2.200000deg	 DONE
10/09/2023 17:06:30:	5	count	time	20.000000s/cts	O Det=592	H Det=4263	Mon Det=128332	Aux Det=1195	O+H=4855	 DONE
10/09/2023 17:06:53:	move motor	S18.axis2.phaseshifter 1 to -2.000000deg	 DONE
10/09/2023 17:06:57:	6	count	time	20.000000s/cts	O Det=425	H Det=5147	Mon Det=128640	Aux Det=659	O+H=5572	 DONE
10/09/2023 17:07:20:	move motor	S18.axis2.phaseshifter 1 to -1.800000deg	 DONE
10/09/2023 17:07:24:	7	count	time	20.000000s/cts	O Det=237	H Det=5827	Mon Det=128077	Aux Det=264	O+H=6064	 DONE
10/09/2023 17:07:46:	move motor	S18.axis2.phaseshifter 1 to -1.600000deg	 DONE
10/09/2023 17:07:50:	8	count	time	20.000000s/cts	O Det=163	H Det=5765	Mon Det=128494	Aux Det=282	O+H=5928	 DONE
10/09/2023 17:08:13:	move motor	S18.axis2.phaseshifter 1 to -1.400000deg	 DONE
10/09/2023 17:08:17:	9	count	time	20.000000s/cts	O Det=250	H Det=5344	Mon Det=129858	Aux Det=664	O+H=5594	 DONE
10/09/2023 17:08:40:	move motor	S18.axis2.phaseshifter 1 to -1.200000deg	 DONE
10/09/2023 17:08:44:	10	count	time	20.000000s/cts	O Det=419	H Det=4260	Mon Det=130352	Aux Det=1352	O+H=4679	 DONE
10/09/2023 17:09:06:	move motor	S18.axis2.phaseshifter 1 to -1.000000deg	 DONE
10/09/2023 17:09:10:	11	count	time	20.000000s/cts	O Det=637	H Det=3307	Mon Det=129649	Aux Det=2060	O+H=3944	 DONE
10/09/2023 17:09:33:	move motor	S18.axis2.phaseshifter 1 to -0.800000deg	 DONE
10/09/2023 17:09:37:	12	count	time	20.000000s/cts	O Det=832	H Det=2823	Mon Det=128743	Aux Det=2357	O+H=3655	 DONE
10/09/2023 17:09:59:	move motor	S18.axis2.phaseshifter 1 to -0.600000deg	 DONE
10/09/2023 17:10:03:	13	count	time	20.000000s/cts	O Det=842	H Det=2639	Mon Det=127519	Aux Det=2355	O+H=3481	 DONE
10/09/2023 17:10:26:	move motor	S18.axis2.phaseshifter 1 to -0.400000deg	 DONE
10/09/2023 17:10:30:	14	count	time	20.000000s/cts	O Det=777	H Det=3258	Mon Det=127432	Aux Det=1995	O+H=4035	 DONE
10/09/2023 17:10:53:	move motor	S18.axis2.phaseshifter 1 to -0.200000deg	 DONE
10/09/2023 17:10:57:	15	count	time	20.000000s/cts	O Det=627	H Det=4084	Mon Det=128730	Aux Det=1296	O+H=4711	 DONE
10/09/2023 17:11:19:	move motor	S18.axis2.phaseshifter 1 to 0.000000deg	 DONE
10/09/2023 17:11:24:	16	count	time	20.000000s/cts	O Det=455	H Det=4954	Mon Det=127537	Aux Det=722	O+H=5409	 DONE
10/09/2023 17:11:46:	move motor	S18.axis2.phaseshifter 1 to 0.200000deg	 DONE
10/09/2023 17:11:50:	17	count	time	20.000000s/cts	O Det=294	H Det=5714	Mon Det=133193	Aux Det=337	O+H=6008	 DONE
10/09/2023 17:12:13:	move motor	S18.axis2.phaseshifter 1 to 0.400000deg	 DONE
10/09/2023 17:12:17:	18	count	time	20.000000s/cts	O Det=165	H Det=5788	Mon Det=133799	Aux Det=247	O+H=5953	 DONE
10/09/2023 17:12:39:	move motor	S18.axis2.phaseshifter 1 to 0.600000deg	 DONE
10/09/2023 17:12:43:	19	count	time	20.000000s/cts	O Det=218	H Det=5266	Mon Det=133383	Aux Det=628	O+H=5484	 DONE
10/09/2023 17:13:06:	move motor	S18.axis2.phaseshifter 1 to 0.800000deg	 DONE
10/09/2023 17:13:10:	20	count	time	20.000000s/cts	O Det=407	H Det=4322	Mon Det=132939	Aux Det=1291	O+H=4729	 DONE
10/09/2023 17:13:33:	move motor	S18.axis2.phaseshifter 1 to 1.000000deg	 DONE
10/09/2023 17:13:37:	21	count	time	20.000000s/cts	O Det=546	H Det=3572	Mon Det=133424	Aux Det=1879	O+H=4118	 DONE
10/09/2023 17:14:00:	move motor	S18.axis2.phaseshifter 1 to 1.200000deg	 DONE
10/09/2023 17:14:04:	22	count	time	20.000000s/cts	O Det=749	H Det=2824	Mon Det=133665	Aux Det=2320	O+H=3573	 DONE
10/09/2023 17:14:26:	move motor	S18.axis2.phaseshifter 1 to 1.400000deg	 DONE
10/09/2023 17:14:30:	23	count	time	20.000000s/cts	O Det=865	H Det=2610	Mon Det=134673	Aux Det=2447	O+H=3475	 DONE
10/09/2023 17:14:53:	move motor	S18.axis2.phaseshifter 1 to 1.600000deg	 DONE
10/09/2023 17:14:57:	24	count	time	20.000000s/cts	O Det=418	H Det=1640	Mon Det=72754	Aux Det=1142	O+H=2058	STOPPED BY USER	10/09/2023 17:15:10:	close file and end scan	 DONE
