28/08/2023 19:57:48:	start execution of script D:\data\Cycle 192ter\exp_3-16-14\rawdata\sc\ifg_20s_3p.sc	 DONE
28/08/2023 19:57:49:	create file	D:\data\Cycle 192ter\exp_3-16-14\rawdata\sc\ifg_20s_3p_28Aug1957.dat	 DONE
room to enter remarks DONE
28/08/2023 19:57:50:	move motor	S18.axis2.phaseshifter 1 to -3.000000deg	 DONE
28/08/2023 19:57:55:	1	count	time	20.000000s/cts	O Det=298	H Det=5310	Mon Det=123182	Aux Det=516	O+H=6124	 DONE
28/08/2023 19:58:18:	move motor	S18.axis2.phaseshifter 1 to -2.800000deg	 DONE
28/08/2023 19:58:22:	2	count	time	20.000000s/cts	O Det=325	H Det=5128	Mon Det=122559	Aux Det=759	O+H=6212	 DONE
28/08/2023 19:58:44:	move motor	S18.axis2.phaseshifter 1 to -2.600000deg	 DONE
28/08/2023 19:58:48:	3	count	time	20.000000s/cts	O Det=530	H Det=3905	Mon Det=123172	Aux Det=1537	O+H=5972	 DONE
28/08/2023 19:59:11:	move motor	S18.axis2.phaseshifter 1 to -2.400000deg	 DONE
28/08/2023 19:59:15:	4	count	time	20.000000s/cts	O Det=587	H Det=3680	Mon Det=124027	Aux Det=1800	O+H=6067	 DONE
28/08/2023 19:59:38:	move motor	S18.axis2.phaseshifter 1 to -2.200000deg	 DONE
28/08/2023 19:59:42:	5	count	time	20.000000s/cts	O Det=695	H Det=3107	Mon Det=124781	Aux Det=2167	O+H=5969	 DONE
28/08/2023 20:00:04:	move motor	S18.axis2.phaseshifter 1 to -2.000000deg	 DONE
28/08/2023 20:00:09:	6	count	time	20.000000s/cts	O Det=716	H Det=2859	Mon Det=124140	Aux Det=2215	O+H=5790	 DONE
28/08/2023 20:00:31:	move motor	S18.axis2.phaseshifter 1 to -1.800000deg	 DONE
28/08/2023 20:00:35:	7	count	time	20.000000s/cts	O Det=623	H Det=3419	Mon Det=125584	Aux Det=1868	O+H=5910	 DONE
28/08/2023 20:00:58:	move motor	S18.axis2.phaseshifter 1 to -1.600000deg	 DONE
28/08/2023 20:01:02:	8	count	time	20.000000s/cts	O Det=533	H Det=4077	Mon Det=127743	Aux Det=1350	O+H=5960	 DONE
28/08/2023 20:01:24:	move motor	S18.axis2.phaseshifter 1 to -1.400000deg	 DONE
28/08/2023 20:01:28:	9	count	time	20.000000s/cts	O Det=370	H Det=5071	Mon Det=128455	Aux Det=686	O+H=6127	 DONE
28/08/2023 20:01:51:	move motor	S18.axis2.phaseshifter 1 to -1.200000deg	 DONE
28/08/2023 20:01:55:	10	count	time	20.000000s/cts	O Det=260	H Det=5612	Mon Det=129301	Aux Det=303	O+H=6175	 DONE
28/08/2023 20:02:18:	move motor	S18.axis2.phaseshifter 1 to -1.000000deg	 DONE
28/08/2023 20:02:22:	11	count	time	20.000000s/cts	O Det=259	H Det=5434	Mon Det=125916	Aux Det=375	O+H=6068	 DONE
28/08/2023 20:02:44:	move motor	S18.axis2.phaseshifter 1 to -0.800000deg	 DONE
28/08/2023 20:02:48:	12	count	time	20.000000s/cts	O Det=319	H Det=4990	Mon Det=125245	Aux Det=709	O+H=6018	 DONE
28/08/2023 20:03:11:	move motor	S18.axis2.phaseshifter 1 to -0.600000deg	 DONE
28/08/2023 20:03:15:	13	count	time	20.000000s/cts	O Det=490	H Det=4091	Mon Det=124184	Aux Det=1461	O+H=6042	 DONE
28/08/2023 20:03:37:	move motor	S18.axis2.phaseshifter 1 to -0.400000deg	 DONE
28/08/2023 20:03:41:	14	count	time	20.000000s/cts	O Det=593	H Det=3613	Mon Det=126042	Aux Det=1732	O+H=5938	 DONE
28/08/2023 20:04:04:	move motor	S18.axis2.phaseshifter 1 to -0.200000deg	 DONE
28/08/2023 20:04:08:	15	count	time	20.000000s/cts	O Det=721	H Det=2873	Mon Det=123261	Aux Det=2245	O+H=5839	 DONE
28/08/2023 20:04:31:	move motor	S18.axis2.phaseshifter 1 to 0.000000deg	 DONE
28/08/2023 20:04:34:	16	count	time	20.000000s/cts	O Det=768	H Det=2807	Mon Det=123460	Aux Det=2230	O+H=5805	 DONE
28/08/2023 20:04:57:	move motor	S18.axis2.phaseshifter 1 to 0.200000deg	 DONE
28/08/2023 20:05:01:	17	count	time	20.000000s/cts	O Det=693	H Det=3345	Mon Det=124574	Aux Det=1896	O+H=5934	 DONE
28/08/2023 20:05:24:	move motor	S18.axis2.phaseshifter 1 to 0.400000deg	 DONE
28/08/2023 20:05:28:	18	count	time	20.000000s/cts	O Det=543	H Det=4199	Mon Det=123417	Aux Det=1294	O+H=6036	 DONE
28/08/2023 20:05:51:	move motor	S18.axis2.phaseshifter 1 to 0.600000deg	 DONE
28/08/2023 20:05:55:	19	count	time	20.000000s/cts	O Det=511	H Det=4501	Mon Det=125036	Aux Det=1044	O+H=6056	 DONE
28/08/2023 20:06:17:	move motor	S18.axis2.phaseshifter 1 to 0.800000deg	 DONE
28/08/2023 20:06:21:	20	count	time	20.000000s/cts	O Det=313	H Det=5358	Mon Det=123626	Aux Det=439	O+H=6110	 DONE
28/08/2023 20:06:44:	move motor	S18.axis2.phaseshifter 1 to 1.000000deg	 DONE
28/08/2023 20:06:48:	21	count	time	20.000000s/cts	O Det=275	H Det=5632	Mon Det=123889	Aux Det=379	O+H=6286	 DONE
28/08/2023 20:07:10:	move motor	S18.axis2.phaseshifter 1 to 1.200000deg	 DONE
28/08/2023 20:07:14:	22	count	time	20.000000s/cts	O Det=264	H Det=5317	Mon Det=124492	Aux Det=631	O+H=6212	 DONE
28/08/2023 20:07:37:	move motor	S18.axis2.phaseshifter 1 to 1.400000deg	 DONE
28/08/2023 20:07:41:	23	count	time	20.000000s/cts	O Det=387	H Det=4815	Mon Det=124891	Aux Det=1026	O+H=6228	 DONE
28/08/2023 20:08:04:	move motor	S18.axis2.phaseshifter 1 to 1.600000deg	 DONE
28/08/2023 20:08:08:	24	count	time	20.000000s/cts	O Det=638	H Det=3547	Mon Det=123889	Aux Det=1884	O+H=6069	 DONE
28/08/2023 20:08:30:	move motor	S18.axis2.phaseshifter 1 to 1.800000deg	 DONE
28/08/2023 20:08:34:	25	count	time	20.000000s/cts	O Det=709	H Det=2984	Mon Det=124078	Aux Det=2161	O+H=5854	 DONE
28/08/2023 20:08:57:	move motor	S18.axis2.phaseshifter 1 to 2.000000deg	 DONE
28/08/2023 20:09:01:	26	count	time	20.000000s/cts	O Det=743	H Det=2890	Mon Det=124822	Aux Det=2203	O+H=5836	 DONE
28/08/2023 20:09:24:	move motor	S18.axis2.phaseshifter 1 to 2.200000deg	 DONE
28/08/2023 20:09:28:	27	count	time	20.000000s/cts	O Det=759	H Det=3289	Mon Det=124258	Aux Det=1813	O+H=5861	 DONE
28/08/2023 20:09:51:	move motor	S18.axis2.phaseshifter 1 to 2.400000deg	 DONE
28/08/2023 20:09:55:	28	count	time	20.000000s/cts	O Det=532	H Det=4028	Mon Det=125256	Aux Det=1377	O+H=5937	 DONE
28/08/2023 20:10:17:	move motor	S18.axis2.phaseshifter 1 to 2.600000deg	 DONE
28/08/2023 20:10:21:	29	count	time	20.000000s/cts	O Det=376	H Det=5100	Mon Det=125080	Aux Det=629	O+H=6105	 DONE
28/08/2023 20:10:44:	move motor	S18.axis2.phaseshifter 1 to 2.800000deg	 DONE
28/08/2023 20:10:48:	30	count	time	20.000000s/cts	O Det=259	H Det=5403	Mon Det=127477	Aux Det=442	O+H=6104	 DONE
28/08/2023 20:11:11:	move motor	S18.axis2.phaseshifter 1 to 3.000000deg	 DONE
28/08/2023 20:11:15:	31	count	time	20.000000s/cts	O Det=265	H Det=5428	Mon Det=128091	Aux Det=412	O+H=6105	 DONE
28/08/2023 20:11:38:	close file and end scan	 DONE
28/08/2023 20:11:38:	END OF SCRIPT	 DONE
