04/09/2023 03:00:40:	start execution of script D:\data\Cycle 192ter\exp_3-16-14\rawdata\sc\ifg_20s_3p.sc	 DONE
04/09/2023 03:00:40:	create file	D:\data\Cycle 192ter\exp_3-16-14\rawdata\sc\ifg_20s_3p_04Sep0300.dat	 DONE
room to enter remarks DONE
04/09/2023 03:00:41:	move motor	S18.axis2.phaseshifter 1 to -3.000000deg	 DONE
04/09/2023 03:00:47:	1	count	time	20.000000s/cts	O Det=270	H Det=4301	Mon Det=125772	Aux Det=899	O+H=4571	 DONE
04/09/2023 03:01:10:	move motor	S18.axis2.phaseshifter 1 to -2.800000deg	 DONE
04/09/2023 03:01:14:	2	count	time	20.000000s/cts	O Det=451	H Det=3339	Mon Det=126413	Aux Det=1494	O+H=3790	 DONE
04/09/2023 03:01:37:	move motor	S18.axis2.phaseshifter 1 to -2.600000deg	 DONE
04/09/2023 03:01:41:	3	count	time	20.000000s/cts	O Det=648	H Det=2546	Mon Det=127359	Aux Det=2085	O+H=3194	 DONE
04/09/2023 03:02:03:	move motor	S18.axis2.phaseshifter 1 to -2.400000deg	 DONE
04/09/2023 03:02:08:	4	count	time	20.000000s/cts	O Det=765	H Det=2368	Mon Det=127163	Aux Det=2185	O+H=3133	 DONE
04/09/2023 03:02:30:	move motor	S18.axis2.phaseshifter 1 to -2.200000deg	 DONE
04/09/2023 03:02:34:	5	count	time	20.000000s/cts	O Det=709	H Det=2752	Mon Det=126602	Aux Det=1810	O+H=3461	 DONE
04/09/2023 03:02:57:	move motor	S18.axis2.phaseshifter 1 to -2.000000deg	 DONE
04/09/2023 03:03:01:	6	count	time	20.000000s/cts	O Det=602	H Det=3570	Mon Det=126814	Aux Det=1217	O+H=4172	 DONE
04/09/2023 03:03:24:	move motor	S18.axis2.phaseshifter 1 to -1.800000deg	 DONE
04/09/2023 03:03:28:	7	count	time	20.000000s/cts	O Det=390	H Det=4534	Mon Det=127113	Aux Det=624	O+H=4924	 DONE
04/09/2023 03:03:50:	move motor	S18.axis2.phaseshifter 1 to -1.600000deg	 DONE
04/09/2023 03:03:55:	8	count	time	20.000000s/cts	O Det=270	H Det=4930	Mon Det=126797	Aux Det=324	O+H=5200	 DONE
04/09/2023 03:04:17:	move motor	S18.axis2.phaseshifter 1 to -1.400000deg	 DONE
04/09/2023 03:04:21:	9	count	time	20.000000s/cts	O Det=138	H Det=5241	Mon Det=125602	Aux Det=263	O+H=5379	 DONE
04/09/2023 03:04:44:	move motor	S18.axis2.phaseshifter 1 to -1.200000deg	 DONE
04/09/2023 03:04:48:	10	count	time	20.000000s/cts	O Det=164	H Det=4761	Mon Det=126059	Aux Det=563	O+H=4925	 DONE
04/09/2023 03:05:11:	move motor	S18.axis2.phaseshifter 1 to -1.000000deg	 DONE
04/09/2023 03:05:15:	11	count	time	20.000000s/cts	O Det=300	H Det=4006	Mon Det=125808	Aux Det=1115	O+H=4306	 DONE
04/09/2023 03:05:37:	move motor	S18.axis2.phaseshifter 1 to -0.800000deg	 DONE
04/09/2023 03:05:41:	12	count	time	20.000000s/cts	O Det=469	H Det=3239	Mon Det=125669	Aux Det=1712	O+H=3708	 DONE
04/09/2023 03:06:04:	move motor	S18.axis2.phaseshifter 1 to -0.600000deg	 DONE
04/09/2023 03:06:08:	13	count	time	20.000000s/cts	O Det=668	H Det=2470	Mon Det=126502	Aux Det=2113	O+H=3138	 DONE
04/09/2023 03:06:31:	move motor	S18.axis2.phaseshifter 1 to -0.400000deg	 DONE
04/09/2023 03:06:35:	14	count	time	20.000000s/cts	O Det=739	H Det=2412	Mon Det=127127	Aux Det=2095	O+H=3151	 DONE
04/09/2023 03:06:58:	move motor	S18.axis2.phaseshifter 1 to -0.200000deg	 DONE
04/09/2023 03:07:01:	15	count	time	20.000000s/cts	O Det=740	H Det=2775	Mon Det=126911	Aux Det=1784	O+H=3515	 DONE
04/09/2023 03:07:24:	move motor	S18.axis2.phaseshifter 1 to 0.000000deg	 DONE
04/09/2023 03:07:28:	16	count	time	20.000000s/cts	O Det=556	H Det=3739	Mon Det=126149	Aux Det=1087	O+H=4295	 DONE
04/09/2023 03:07:51:	move motor	S18.axis2.phaseshifter 1 to 0.200000deg	 DONE
04/09/2023 03:07:55:	17	count	time	20.000000s/cts	O Det=368	H Det=4424	Mon Det=130796	Aux Det=670	O+H=4792	 DONE
04/09/2023 03:08:17:	move motor	S18.axis2.phaseshifter 1 to 0.400000deg	 DONE
04/09/2023 03:08:22:	18	count	time	20.000000s/cts	O Det=293	H Det=4968	Mon Det=131700	Aux Det=299	O+H=5261	 DONE
04/09/2023 03:08:44:	move motor	S18.axis2.phaseshifter 1 to 0.600000deg	 DONE
04/09/2023 03:08:48:	19	count	time	20.000000s/cts	O Det=162	H Det=5227	Mon Det=130636	Aux Det=218	O+H=5389	 DONE
04/09/2023 03:09:11:	move motor	S18.axis2.phaseshifter 1 to 0.800000deg	 DONE
04/09/2023 03:09:15:	20	count	time	20.000000s/cts	O Det=151	H Det=4830	Mon Det=133156	Aux Det=511	O+H=4981	 DONE
04/09/2023 03:09:38:	move motor	S18.axis2.phaseshifter 1 to 1.000000deg	 DONE
04/09/2023 03:09:42:	21	count	time	20.000000s/cts	O Det=332	H Det=3964	Mon Det=136264	Aux Det=1107	O+H=4296	 DONE
04/09/2023 03:10:04:	move motor	S18.axis2.phaseshifter 1 to 1.200000deg	 DONE
04/09/2023 03:10:09:	22	count	time	20.000000s/cts	O Det=446	H Det=3370	Mon Det=135518	Aux Det=1649	O+H=3816	 DONE
04/09/2023 03:10:31:	move motor	S18.axis2.phaseshifter 1 to 1.400000deg	 DONE
04/09/2023 03:10:35:	23	count	time	20.000000s/cts	O Det=601	H Det=2601	Mon Det=134577	Aux Det=2064	O+H=3202	 DONE
04/09/2023 03:10:58:	move motor	S18.axis2.phaseshifter 1 to 1.600000deg	 DONE
04/09/2023 03:11:02:	24	count	time	20.000000s/cts	O Det=719	H Det=2323	Mon Det=134928	Aux Det=2122	O+H=3042	 DONE
04/09/2023 03:11:25:	move motor	S18.axis2.phaseshifter 1 to 1.800000deg	 DONE
04/09/2023 03:11:29:	25	count	time	20.000000s/cts	O Det=710	H Det=2557	Mon Det=134693	Aux Det=1943	O+H=3267	 DONE
04/09/2023 03:11:51:	move motor	S18.axis2.phaseshifter 1 to 2.000000deg	 DONE
04/09/2023 03:11:55:	26	count	time	20.000000s/cts	O Det=620	H Det=3409	Mon Det=133292	Aux Det=1324	O+H=4029	 DONE
04/09/2023 03:12:18:	move motor	S18.axis2.phaseshifter 1 to 2.200000deg	 DONE
04/09/2023 03:12:22:	27	count	time	20.000000s/cts	O Det=406	H Det=4277	Mon Det=131134	Aux Det=702	O+H=4683	 DONE
04/09/2023 03:12:45:	move motor	S18.axis2.phaseshifter 1 to 2.400000deg	 DONE
04/09/2023 03:12:49:	28	count	time	20.000000s/cts	O Det=262	H Det=5050	Mon Det=128174	Aux Det=324	O+H=5312	 DONE
04/09/2023 03:13:12:	move motor	S18.axis2.phaseshifter 1 to 2.600000deg	 DONE
04/09/2023 03:13:16:	29	count	time	20.000000s/cts	O Det=149	H Det=5126	Mon Det=127735	Aux Det=219	O+H=5275	 DONE
04/09/2023 03:13:38:	move motor	S18.axis2.phaseshifter 1 to 2.800000deg	 DONE
04/09/2023 03:13:42:	30	count	time	20.000000s/cts	O Det=133	H Det=4962	Mon Det=126926	Aux Det=415	O+H=5095	 DONE
04/09/2023 03:14:05:	move motor	S18.axis2.phaseshifter 1 to 3.000000deg	 DONE
04/09/2023 03:14:09:	31	count	time	20.000000s/cts	O Det=310	H Det=4108	Mon Det=127594	Aux Det=1043	O+H=4418	 DONE
04/09/2023 03:14:32:	close file and end scan	 DONE
04/09/2023 03:14:32:	END OF SCRIPT	 DONE
