24/08/2023 00:31:40:	start execution of script D:\data\Cycle 192ter\exp_3-16-14\rawdata\sc\ifg_5s_1p.sc	 DONE
24/08/2023 00:31:41:	create file	D:\data\Cycle 192ter\exp_3-16-14\rawdata\sc\ifg_5s_1p_24Aug0031.dat	 DONE
room to enter remarks DONE
24/08/2023 00:31:42:	move motor	S18.axis2.phaseshifter 1 to -1.500000deg	 DONE
24/08/2023 00:31:47:	1	count	time	5.000000s/cts	O Det=266	H Det=1176	Mon Det=29341	Aux Det=0	O+H=1442	 DONE
24/08/2023 00:31:55:	move motor	S18.axis2.phaseshifter 1 to -1.300000deg	 DONE
24/08/2023 00:31:59:	2	count	time	5.000000s/cts	O Det=367	H Det=988	Mon Det=29123	Aux Det=0	O+H=1355	 DONE
24/08/2023 00:32:06:	move motor	S18.axis2.phaseshifter 1 to -1.100000deg	 DONE
24/08/2023 00:32:10:	3	count	time	5.000000s/cts	O Det=543	H Det=904	Mon Det=29016	Aux Det=0	O+H=1447	 DONE
24/08/2023 00:32:18:	move motor	S18.axis2.phaseshifter 1 to -0.900000deg	 DONE
24/08/2023 00:32:22:	4	count	time	5.000000s/cts	O Det=652	H Det=792	Mon Det=28867	Aux Det=0	O+H=1444	 DONE
24/08/2023 00:32:30:	move motor	S18.axis2.phaseshifter 1 to -0.700000deg	 DONE
24/08/2023 00:32:34:	5	count	time	5.000000s/cts	O Det=660	H Det=727	Mon Det=29306	Aux Det=0	O+H=1387	 DONE
24/08/2023 00:32:41:	move motor	S18.axis2.phaseshifter 1 to -0.500000deg	 DONE
24/08/2023 00:32:45:	6	count	time	5.000000s/cts	O Det=627	H Det=736	Mon Det=29102	Aux Det=0	O+H=1363	 DONE
24/08/2023 00:32:53:	move motor	S18.axis2.phaseshifter 1 to -0.300000deg	 DONE
24/08/2023 00:32:57:	7	count	time	5.000000s/cts	O Det=609	H Det=868	Mon Det=29149	Aux Det=0	O+H=1477	 DONE
24/08/2023 00:33:05:	move motor	S18.axis2.phaseshifter 1 to -0.100000deg	 DONE
24/08/2023 00:33:08:	8	count	time	5.000000s/cts	O Det=424	H Det=987	Mon Det=29105	Aux Det=0	O+H=1411	 DONE
24/08/2023 00:33:16:	move motor	S18.axis2.phaseshifter 1 to 0.100000deg	 DONE
24/08/2023 00:33:20:	9	count	time	5.000000s/cts	O Det=339	H Det=1120	Mon Det=29269	Aux Det=0	O+H=1459	 DONE
24/08/2023 00:33:28:	move motor	S18.axis2.phaseshifter 1 to 0.300000deg	 DONE
24/08/2023 00:33:32:	10	count	time	5.000000s/cts	O Det=246	H Det=1203	Mon Det=29297	Aux Det=0	O+H=1449	 DONE
24/08/2023 00:33:39:	move motor	S18.axis2.phaseshifter 1 to 0.500000deg	 DONE
24/08/2023 00:33:43:	11	count	time	5.000000s/cts	O Det=236	H Det=1192	Mon Det=29536	Aux Det=0	O+H=1428	 DONE
24/08/2023 00:33:51:	move motor	S18.axis2.phaseshifter 1 to 0.700000deg	 DONE
24/08/2023 00:33:55:	12	count	time	5.000000s/cts	O Det=289	H Det=1146	Mon Det=29291	Aux Det=0	O+H=1435	 DONE
24/08/2023 00:34:03:	move motor	S18.axis2.phaseshifter 1 to 0.900000deg	 DONE
24/08/2023 00:34:07:	13	count	time	5.000000s/cts	O Det=399	H Det=932	Mon Det=29422	Aux Det=0	O+H=1331	 DONE
24/08/2023 00:34:14:	move motor	S18.axis2.phaseshifter 1 to 1.100000deg	 DONE
24/08/2023 00:34:18:	14	count	time	5.000000s/cts	O Det=509	H Det=883	Mon Det=28936	Aux Det=0	O+H=1392	 DONE
24/08/2023 00:34:26:	move motor	S18.axis2.phaseshifter 1 to 1.300000deg	 DONE
24/08/2023 00:34:30:	15	count	time	5.000000s/cts	O Det=645	H Det=723	Mon Det=29108	Aux Det=0	O+H=1368	 DONE
24/08/2023 00:34:37:	move motor	S18.axis2.phaseshifter 1 to 1.500000deg	 DONE
24/08/2023 00:34:41:	16	count	time	5.000000s/cts	O Det=699	H Det=690	Mon Det=28963	Aux Det=0	O+H=1389	 DONE
24/08/2023 00:34:49:	close file and end scan	 DONE
24/08/2023 00:34:49:	END OF SCRIPT	 DONE
