24/08/2023 15:22:48:	start execution of script D:\data\Cycle 192ter\exp_3-16-14\rawdata\sc\ifg_5s_1p.sc	 DONE
24/08/2023 15:22:48:	create file	D:\data\Cycle 192ter\exp_3-16-14\rawdata\sc\ifg_5s_1p_24Aug1522.dat	 DONE
room to enter remarks DONE
24/08/2023 15:22:49:	move motor	S18.axis2.phaseshifter 1 to -1.500000deg	 DONE
24/08/2023 15:22:53:	1	count	time	5.000000s/cts	O Det=437	H Det=1042	Mon Det=29233	Aux Det=2	O+H=1479	 DONE
24/08/2023 15:23:01:	move motor	S18.axis2.phaseshifter 1 to -1.300000deg	 DONE
24/08/2023 15:23:05:	2	count	time	5.000000s/cts	O Det=617	H Det=963	Mon Det=29527	Aux Det=2	O+H=1580	 DONE
24/08/2023 15:23:13:	move motor	S18.axis2.phaseshifter 1 to -1.100000deg	 DONE
24/08/2023 15:23:17:	3	count	time	5.000000s/cts	O Det=718	H Det=824	Mon Det=29644	Aux Det=1	O+H=1542	 DONE
24/08/2023 15:23:25:	move motor	S18.axis2.phaseshifter 1 to -0.900000deg	 DONE
24/08/2023 15:23:29:	4	count	time	5.000000s/cts	O Det=735	H Det=744	Mon Det=29056	Aux Det=5	O+H=1479	 DONE
24/08/2023 15:23:36:	move motor	S18.axis2.phaseshifter 1 to -0.700000deg	 DONE
24/08/2023 15:23:40:	5	count	time	5.000000s/cts	O Det=690	H Det=788	Mon Det=28310	Aux Det=4	O+H=1478	 DONE
24/08/2023 15:23:48:	move motor	S18.axis2.phaseshifter 1 to -0.500000deg	 DONE
24/08/2023 15:23:52:	6	count	time	5.000000s/cts	O Det=592	H Det=882	Mon Det=28790	Aux Det=9	O+H=1474	 DONE
24/08/2023 15:23:59:	move motor	S18.axis2.phaseshifter 1 to -0.300000deg	 DONE
24/08/2023 15:24:03:	7	count	time	5.000000s/cts	O Det=450	H Det=1091	Mon Det=28865	Aux Det=2	O+H=1541	 DONE
24/08/2023 15:24:11:	move motor	S18.axis2.phaseshifter 1 to -0.100000deg	 DONE
24/08/2023 15:24:15:	8	count	time	5.000000s/cts	O Det=367	H Det=1223	Mon Det=28459	Aux Det=8	O+H=1590	 DONE
24/08/2023 15:24:23:	move motor	S18.axis2.phaseshifter 1 to 0.100000deg	 DONE
24/08/2023 15:24:27:	9	count	time	5.000000s/cts	O Det=267	H Det=1260	Mon Det=28432	Aux Det=4	O+H=1527	 DONE
24/08/2023 15:24:34:	move motor	S18.axis2.phaseshifter 1 to 0.300000deg	 DONE
24/08/2023 15:24:38:	10	count	time	5.000000s/cts	O Det=746	H Det=774	Mon Det=28339	Aux Det=4	O+H=1520	 DONE
24/08/2023 15:24:46:	move motor	S18.axis2.phaseshifter 1 to 0.500000deg	 DONE
24/08/2023 15:24:50:	11	count	time	5.000000s/cts	O Det=290	H Det=1239	Mon Det=28602	Aux Det=0	O+H=1529	 DONE
24/08/2023 15:24:58:	move motor	S18.axis2.phaseshifter 1 to 0.700000deg	 DONE
24/08/2023 15:25:02:	12	count	time	5.000000s/cts	O Det=288	H Det=1273	Mon Det=28268	Aux Det=4	O+H=1561	 DONE
24/08/2023 15:25:10:	move motor	S18.axis2.phaseshifter 1 to 0.900000deg	 DONE
24/08/2023 15:25:14:	13	count	time	5.000000s/cts	O Det=372	H Det=1204	Mon Det=28760	Aux Det=1	O+H=1576	 DONE
24/08/2023 15:25:21:	move motor	S18.axis2.phaseshifter 1 to 1.100000deg	 DONE
24/08/2023 15:25:25:	14	count	time	5.000000s/cts	O Det=238	H Det=1279	Mon Det=28717	Aux Det=6	O+H=1517	 DONE
24/08/2023 15:25:33:	move motor	S18.axis2.phaseshifter 1 to 1.300000deg	 DONE
24/08/2023 15:25:37:	15	count	time	5.000000s/cts	O Det=312	H Det=1215	Mon Det=28710	Aux Det=1	O+H=1527	 DONE
24/08/2023 15:25:44:	move motor	S18.axis2.phaseshifter 1 to 1.500000deg	 DONE
24/08/2023 15:25:48:	16	count	time	5.000000s/cts	O Det=555	H Det=961	Mon Det=28330	Aux Det=1	O+H=1516	 DONE
24/08/2023 15:25:56:	close file and end scan	 DONE
24/08/2023 15:25:57:	END OF SCRIPT	 DONE
24/08/2023 15:25:57:	start execution of script D:\data\Cycle 192ter\exp_3-16-14\rawdata\sc\ifg_5s_1p.sc	 DONE
24/08/2023 15:25:58:	create file	D:\data\Cycle 192ter\exp_3-16-14\rawdata\sc\ifg_5s_1p_24Aug1525.dat	 DONE
room to enter remarks DONE
24/08/2023 15:25:59:	move motor	S18.axis2.phaseshifter 1 to -1.500000deg	 DONE
24/08/2023 15:26:04:	1	count	time	5.000000s/cts	O Det=276	H Det=1242	Mon Det=28609	Aux Det=3	O+H=1518	 DONE
24/08/2023 15:26:11:	move motor	S18.axis2.phaseshifter 1 to -1.300000deg	 DONE
24/08/2023 15:26:15:	2	count	time	5.000000s/cts	O Det=176	H Det=1351	Mon Det=28694	Aux Det=5	O+H=1527	 DONE
24/08/2023 15:26:23:	move motor	S18.axis2.phaseshifter 1 to -1.100000deg	 DONE
24/08/2023 15:26:27:	3	count	time	5.000000s/cts	O Det=290	H Det=1247	Mon Det=28628	Aux Det=5	O+H=1537	 DONE
24/08/2023 15:26:34:	move motor	S18.axis2.phaseshifter 1 to -0.900000deg	 DONE
24/08/2023 15:26:38:	4	count	time	5.000000s/cts	O Det=515	H Det=990	Mon Det=28666	Aux Det=3	O+H=1505	 DONE
24/08/2023 15:26:46:	move motor	S18.axis2.phaseshifter 1 to -0.700000deg	 DONE
24/08/2023 15:26:50:	5	count	time	5.000000s/cts	O Det=778	H Det=698	Mon Det=28286	Aux Det=3	O+H=1476	 DONE
24/08/2023 15:26:58:	move motor	S18.axis2.phaseshifter 1 to -0.500000deg	 DONE
24/08/2023 15:27:02:	6	count	time	5.000000s/cts	O Det=850	H Det=630	Mon Det=28563	Aux Det=2	O+H=1480	 DONE
24/08/2023 15:27:09:	move motor	S18.axis2.phaseshifter 1 to -0.300000deg	 DONE
24/08/2023 15:27:13:	7	count	time	5.000000s/cts	O Det=701	H Det=853	Mon Det=28494	Aux Det=3	O+H=1554	 DONE
24/08/2023 15:27:21:	move motor	S18.axis2.phaseshifter 1 to -0.100000deg	 DONE
24/08/2023 15:27:25:	8	count	time	5.000000s/cts	O Det=381	H Det=1123	Mon Det=28933	Aux Det=2	O+H=1504	 DONE
24/08/2023 15:27:33:	move motor	S18.axis2.phaseshifter 1 to 0.100000deg	 DONE
24/08/2023 15:27:37:	9	count	time	5.000000s/cts	O Det=163	H Det=1351	Mon Det=28745	Aux Det=0	O+H=1514	 DONE
24/08/2023 15:27:44:	move motor	S18.axis2.phaseshifter 1 to 0.300000deg	 DONE
24/08/2023 15:27:48:	10	count	time	5.000000s/cts	O Det=144	H Det=1321	Mon Det=28696	Aux Det=2	O+H=1465	 DONE
24/08/2023 15:27:56:	move motor	S18.axis2.phaseshifter 1 to 0.500000deg	 DONE
24/08/2023 15:28:00:	11	count	time	5.000000s/cts	O Det=320	H Det=1163	Mon Det=28804	Aux Det=3	O+H=1483	 DONE
24/08/2023 15:28:08:	move motor	S18.axis2.phaseshifter 1 to 0.700000deg	 DONE
24/08/2023 15:28:12:	12	count	time	5.000000s/cts	O Det=619	H Det=873	Mon Det=28789	Aux Det=4	O+H=1492	 DONE
24/08/2023 15:28:19:	move motor	S18.axis2.phaseshifter 1 to 0.900000deg	 DONE
24/08/2023 15:28:23:	13	count	time	5.000000s/cts	O Det=818	H Det=633	Mon Det=28719	Aux Det=6	O+H=1451	 DONE
24/08/2023 15:28:31:	move motor	S18.axis2.phaseshifter 1 to 1.100000deg	 DONE
24/08/2023 15:28:35:	14	count	time	5.000000s/cts	O Det=829	H Det=690	Mon Det=28902	Aux Det=3	O+H=1519	 DONE
24/08/2023 15:28:43:	move motor	S18.axis2.phaseshifter 1 to 1.300000deg	 DONE
24/08/2023 15:28:47:	15	count	time	5.000000s/cts	O Det=624	H Det=833	Mon Det=28690	Aux Det=1	O+H=1457	 DONE
24/08/2023 15:28:54:	move motor	S18.axis2.phaseshifter 1 to 1.500000deg	 DONE
24/08/2023 15:28:58:	16	count	time	5.000000s/cts	O Det=363	H Det=1205	Mon Det=28561	Aux Det=1	O+H=1568	 DONE
24/08/2023 15:29:06:	close file and end scan	 DONE
24/08/2023 15:29:06:	END OF SCRIPT	 DONE
24/08/2023 15:29:07:	start execution of script D:\data\Cycle 192ter\exp_3-16-14\rawdata\sc\ifg_5s_1p.sc	 DONE
24/08/2023 15:29:07:	create file	D:\data\Cycle 192ter\exp_3-16-14\rawdata\sc\ifg_5s_1p_24Aug1529.dat	 DONE
room to enter remarks DONE
24/08/2023 15:29:08:	move motor	S18.axis2.phaseshifter 1 to -1.500000deg	 DONE
24/08/2023 15:29:13:	1	count	time	5.000000s/cts	O Det=709	H Det=839	Mon Det=28915	Aux Det=2	O+H=1548	 DONE
24/08/2023 15:29:21:	move motor	S18.axis2.phaseshifter 1 to -1.300000deg	 DONE
24/08/2023 15:29:25:	2	count	time	5.000000s/cts	O Det=818	H Det=677	Mon Det=28847	Aux Det=6	O+H=1495	 DONE
24/08/2023 15:29:33:	move motor	S18.axis2.phaseshifter 1 to -1.100000deg	 DONE
24/08/2023 15:29:37:	3	count	time	5.000000s/cts	O Det=775	H Det=705	Mon Det=28429	Aux Det=3	O+H=1480	 DONE
24/08/2023 15:29:44:	move motor	S18.axis2.phaseshifter 1 to -0.900000deg	 DONE
24/08/2023 15:29:48:	4	count	time	5.000000s/cts	O Det=537	H Det=944	Mon Det=28922	Aux Det=3	O+H=1481	 DONE
24/08/2023 15:29:56:	move motor	S18.axis2.phaseshifter 1 to -0.700000deg	 DONE
24/08/2023 15:30:00:	5	count	time	5.000000s/cts	O Det=299	H Det=1245	Mon Det=28622	Aux Det=4	O+H=1544	 DONE
24/08/2023 15:30:07:	move motor	S18.axis2.phaseshifter 1 to -0.500000deg	 DONE
24/08/2023 15:30:11:	6	count	time	5.000000s/cts	O Det=163	H Det=1421	Mon Det=28691	Aux Det=2	O+H=1584	 DONE
24/08/2023 15:30:19:	move motor	S18.axis2.phaseshifter 1 to -0.300000deg	 DONE
24/08/2023 15:30:23:	7	count	time	5.000000s/cts	O Det=224	H Det=1331	Mon Det=28877	Aux Det=3	O+H=1555	 DONE
24/08/2023 15:30:31:	move motor	S18.axis2.phaseshifter 1 to -0.100000deg	 DONE
24/08/2023 15:30:35:	8	count	time	5.000000s/cts	O Det=401	H Det=1109	Mon Det=28661	Aux Det=1	O+H=1510	 DONE
24/08/2023 15:30:42:	move motor	S18.axis2.phaseshifter 1 to 0.100000deg	 DONE
24/08/2023 15:30:46:	9	count	time	5.000000s/cts	O Det=601	H Det=870	Mon Det=28135	Aux Det=2	O+H=1471	 DONE
24/08/2023 15:30:54:	move motor	S18.axis2.phaseshifter 1 to 0.300000deg	 DONE
24/08/2023 15:30:58:	10	count	time	5.000000s/cts	O Det=839	H Det=696	Mon Det=28876	Aux Det=1	O+H=1535	 DONE
24/08/2023 15:31:05:	move motor	S18.axis2.phaseshifter 1 to 0.500000deg	 DONE
24/08/2023 15:31:09:	11	count	time	5.000000s/cts	O Det=787	H Det=736	Mon Det=28879	Aux Det=1	O+H=1523	 DONE
24/08/2023 15:31:17:	move motor	S18.axis2.phaseshifter 1 to 0.700000deg	 DONE
24/08/2023 15:31:21:	12	count	time	5.000000s/cts	O Det=644	H Det=851	Mon Det=28708	Aux Det=3	O+H=1495	 DONE
24/08/2023 15:31:29:	move motor	S18.axis2.phaseshifter 1 to 0.900000deg	 DONE
24/08/2023 15:31:33:	13	count	time	5.000000s/cts	O Det=406	H Det=1111	Mon Det=28498	Aux Det=2	O+H=1517	 DONE
24/08/2023 15:31:40:	move motor	S18.axis2.phaseshifter 1 to 1.100000deg	 DONE
24/08/2023 15:31:44:	14	count	time	5.000000s/cts	O Det=271	H Det=1293	Mon Det=28364	Aux Det=3	O+H=1564	 DONE
24/08/2023 15:31:52:	move motor	S18.axis2.phaseshifter 1 to 1.300000deg	 DONE
24/08/2023 15:31:56:	15	count	time	5.000000s/cts	O Det=174	H Det=1327	Mon Det=28445	Aux Det=3	O+H=1501	 DONE
24/08/2023 15:32:03:	move motor	S18.axis2.phaseshifter 1 to 1.500000deg	 DONE
24/08/2023 15:32:07:	16	count	time	5.000000s/cts	O Det=209	H Det=1313	Mon Det=28809	Aux Det=0	O+H=1522	 DONE
24/08/2023 15:32:15:	close file and end scan	 DONE
24/08/2023 15:32:16:	END OF SCRIPT	 DONE
24/08/2023 15:32:16:	start execution of script D:\data\Cycle 192ter\exp_3-16-14\rawdata\sc\ifg_5s_1p.sc	 DONE
24/08/2023 15:32:17:	create file	D:\data\Cycle 192ter\exp_3-16-14\rawdata\sc\ifg_5s_1p_24Aug1532.dat	 DONE
room to enter remarks DONE
24/08/2023 15:32:18:	move motor	S18.axis2.phaseshifter 1 to -1.500000deg	 DONE
24/08/2023 15:32:23:	1	count	time	5.000000s/cts	O Det=690	H Det=804	Mon Det=29653	Aux Det=0	O+H=1494	 DONE
24/08/2023 15:32:30:	move motor	S18.axis2.phaseshifter 1 to -1.300000deg	 DONE
24/08/2023 15:32:34:	2	count	time	5.000000s/cts	O Det=611	H Det=955	Mon Det=29509	Aux Det=5	O+H=1566	 DONE
24/08/2023 15:32:42:	move motor	S18.axis2.phaseshifter 1 to -1.100000deg	 DONE
24/08/2023 15:32:46:	3	count	time	5.000000s/cts	O Det=397	H Det=1144	Mon Det=29565	Aux Det=8	O+H=1541	 DONE
24/08/2023 15:32:53:	move motor	S18.axis2.phaseshifter 1 to -0.900000deg	 DONE
24/08/2023 15:32:57:	4	count	time	5.000000s/cts	O Det=218	H Det=1311	Mon Det=29443	Aux Det=2	O+H=1529	 DONE
24/08/2023 15:33:05:	move motor	S18.axis2.phaseshifter 1 to -0.700000deg	 DONE
24/08/2023 15:33:09:	5	count	time	5.000000s/cts	O Det=156	H Det=1350	Mon Det=29875	Aux Det=3	O+H=1506	 DONE
24/08/2023 15:33:17:	move motor	S18.axis2.phaseshifter 1 to -0.500000deg	 DONE
24/08/2023 15:33:21:	6	count	time	5.000000s/cts	O Det=254	H Det=1315	Mon Det=29454	Aux Det=2	O+H=1569	 DONE
24/08/2023 15:33:28:	move motor	S18.axis2.phaseshifter 1 to -0.300000deg	 DONE
24/08/2023 15:33:32:	7	count	time	5.000000s/cts	O Det=379	H Det=1131	Mon Det=29370	Aux Det=2	O+H=1510	 DONE
24/08/2023 15:33:40:	move motor	S18.axis2.phaseshifter 1 to -0.100000deg	 DONE
24/08/2023 15:33:44:	8	count	time	5.000000s/cts	O Det=603	H Det=881	Mon Det=29292	Aux Det=5	O+H=1484	 DONE
24/08/2023 15:33:51:	move motor	S18.axis2.phaseshifter 1 to 0.100000deg	 DONE
24/08/2023 15:33:55:	9	count	time	5.000000s/cts	O Det=748	H Det=805	Mon Det=29173	Aux Det=1	O+H=1553	 DONE
24/08/2023 15:34:03:	move motor	S18.axis2.phaseshifter 1 to 0.300000deg	 DONE
24/08/2023 15:34:07:	10	count	time	5.000000s/cts	O Det=836	H Det=722	Mon Det=29617	Aux Det=3	O+H=1558	 DONE
24/08/2023 15:34:15:	move motor	S18.axis2.phaseshifter 1 to 0.500000deg	 DONE
24/08/2023 15:34:19:	11	count	time	5.000000s/cts	O Det=777	H Det=714	Mon Det=29368	Aux Det=2	O+H=1491	 DONE
24/08/2023 15:34:26:	move motor	S18.axis2.phaseshifter 1 to 0.700000deg	 DONE
24/08/2023 15:34:30:	12	count	time	5.000000s/cts	O Det=639	H Det=953	Mon Det=29662	Aux Det=4	O+H=1592	 DONE
24/08/2023 15:34:38:	move motor	S18.axis2.phaseshifter 1 to 0.900000deg	 DONE
24/08/2023 15:34:42:	13	count	time	5.000000s/cts	O Det=399	H Det=1132	Mon Det=29965	Aux Det=1	O+H=1531	 DONE
24/08/2023 15:34:50:	move motor	S18.axis2.phaseshifter 1 to 1.100000deg	 DONE
24/08/2023 15:34:53:	14	count	time	5.000000s/cts	O Det=229	H Det=1265	Mon Det=29319	Aux Det=3	O+H=1494	 DONE
24/08/2023 15:35:01:	move motor	S18.axis2.phaseshifter 1 to 1.300000deg	 DONE
24/08/2023 15:35:05:	15	count	time	5.000000s/cts	O Det=184	H Det=1306	Mon Det=29533	Aux Det=4	O+H=1490	 DONE
24/08/2023 15:35:13:	move motor	S18.axis2.phaseshifter 1 to 1.500000deg	 DONE
24/08/2023 15:35:17:	16	count	time	5.000000s/cts	O Det=181	H Det=1276	Mon Det=29619	Aux Det=5	O+H=1457	 DONE
24/08/2023 15:35:24:	close file and end scan	 DONE
24/08/2023 15:35:25:	END OF SCRIPT	 DONE
24/08/2023 15:35:25:	start execution of script D:\data\Cycle 192ter\exp_3-16-14\rawdata\sc\ifg_5s_1p.sc	 DONE
24/08/2023 15:35:26:	create file	D:\data\Cycle 192ter\exp_3-16-14\rawdata\sc\ifg_5s_1p_24Aug1535.dat	 DONE
room to enter remarks DONE
24/08/2023 15:35:27:	move motor	S18.axis2.phaseshifter 1 to -1.500000deg	 DONE
24/08/2023 15:35:32:	1	count	time	5.000000s/cts	O Det=728	H Det=744	Mon Det=29692	Aux Det=1	O+H=1472	 DONE
24/08/2023 15:35:40:	move motor	S18.axis2.phaseshifter 1 to -1.300000deg	 DONE
24/08/2023 15:35:43:	2	count	time	5.000000s/cts	O Det=566	H Det=917	Mon Det=29404	Aux Det=6	O+H=1483	 DONE
24/08/2023 15:35:51:	move motor	S18.axis2.phaseshifter 1 to -1.100000deg	 DONE
24/08/2023 15:35:55:	3	count	time	5.000000s/cts	O Det=385	H Det=1035	Mon Det=29560	Aux Det=2	O+H=1420	 DONE
24/08/2023 15:36:03:	move motor	S18.axis2.phaseshifter 1 to -0.900000deg	 DONE
24/08/2023 15:36:07:	4	count	time	5.000000s/cts	O Det=217	H Det=1276	Mon Det=29516	Aux Det=7	O+H=1493	 DONE
24/08/2023 15:36:14:	move motor	S18.axis2.phaseshifter 1 to -0.700000deg	 DONE
24/08/2023 15:36:18:	5	count	time	5.000000s/cts	O Det=136	H Det=1353	Mon Det=29178	Aux Det=3	O+H=1489	 DONE
24/08/2023 15:36:26:	move motor	S18.axis2.phaseshifter 1 to -0.500000deg	 DONE
24/08/2023 15:36:30:	6	count	time	5.000000s/cts	O Det=239	H Det=1343	Mon Det=29610	Aux Det=3	O+H=1582	 DONE
24/08/2023 15:36:38:	move motor	S18.axis2.phaseshifter 1 to -0.300000deg	 DONE
24/08/2023 15:36:42:	7	count	time	5.000000s/cts	O Det=404	H Det=1114	Mon Det=29190	Aux Det=11	O+H=1518	 DONE
24/08/2023 15:36:49:	move motor	S18.axis2.phaseshifter 1 to -0.100000deg	 DONE
24/08/2023 15:36:53:	8	count	time	5.000000s/cts	O Det=533	H Det=868	Mon Det=29228	Aux Det=4	O+H=1401	 DONE
24/08/2023 15:37:01:	move motor	S18.axis2.phaseshifter 1 to 0.100000deg	 DONE
24/08/2023 15:37:05:	9	count	time	5.000000s/cts	O Det=718	H Det=775	Mon Det=29486	Aux Det=4	O+H=1493	 DONE
24/08/2023 15:37:13:	move motor	S18.axis2.phaseshifter 1 to 0.300000deg	 DONE
24/08/2023 15:37:17:	10	count	time	5.000000s/cts	O Det=787	H Det=657	Mon Det=29233	Aux Det=4	O+H=1444	 DONE
24/08/2023 15:37:24:	move motor	S18.axis2.phaseshifter 1 to 0.500000deg	 DONE
24/08/2023 15:37:28:	11	count	time	5.000000s/cts	O Det=769	H Det=766	Mon Det=29434	Aux Det=3	O+H=1535	 DONE
24/08/2023 15:37:36:	move motor	S18.axis2.phaseshifter 1 to 0.700000deg	 DONE
24/08/2023 15:37:40:	12	count	time	5.000000s/cts	O Det=646	H Det=898	Mon Det=29252	Aux Det=2	O+H=1544	 DONE
24/08/2023 15:37:47:	move motor	S18.axis2.phaseshifter 1 to 0.900000deg	 DONE
24/08/2023 15:37:51:	13	count	time	5.000000s/cts	O Det=469	H Det=1058	Mon Det=29623	Aux Det=3	O+H=1527	 DONE
24/08/2023 15:37:59:	move motor	S18.axis2.phaseshifter 1 to 1.100000deg	 DONE
24/08/2023 15:38:03:	14	count	time	5.000000s/cts	O Det=271	H Det=1203	Mon Det=29555	Aux Det=3	O+H=1474	 DONE
24/08/2023 15:38:11:	move motor	S18.axis2.phaseshifter 1 to 1.300000deg	 DONE
24/08/2023 15:38:15:	15	count	time	5.000000s/cts	O Det=149	H Det=1306	Mon Det=29653	Aux Det=5	O+H=1455	 DONE
24/08/2023 15:38:22:	move motor	S18.axis2.phaseshifter 1 to 1.500000deg	 DONE
24/08/2023 15:38:27:	16	count	time	5.000000s/cts	O Det=175	H Det=1308	Mon Det=29274	Aux Det=2	O+H=1483	 DONE
24/08/2023 15:38:34:	close file and end scan	 DONE
24/08/2023 15:38:35:	END OF SCRIPT	 DONE
24/08/2023 15:38:35:	start execution of script D:\data\Cycle 192ter\exp_3-16-14\rawdata\sc\ifg_5s_1p.sc	 DONE
24/08/2023 15:38:36:	create file	D:\data\Cycle 192ter\exp_3-16-14\rawdata\sc\ifg_5s_1p_24Aug1538.dat	 DONE
room to enter remarks DONE
24/08/2023 15:38:37:	move motor	S18.axis2.phaseshifter 1 to -1.500000deg	 DONE
24/08/2023 15:38:42:	1	count	time	5.000000s/cts	O Det=781	H Det=723	Mon Det=29295	Aux Det=4	O+H=1504	 DONE
24/08/2023 15:38:49:	move motor	S18.axis2.phaseshifter 1 to -1.300000deg	 DONE
24/08/2023 15:38:53:	2	count	time	5.000000s/cts	O Det=582	H Det=857	Mon Det=29702	Aux Det=4	O+H=1439	 DONE
24/08/2023 15:39:01:	move motor	S18.axis2.phaseshifter 1 to -1.100000deg	 DONE
24/08/2023 15:39:05:	3	count	time	5.000000s/cts	O Det=388	H Det=1088	Mon Det=29376	Aux Det=4	O+H=1476	 DONE
24/08/2023 15:39:13:	move motor	S18.axis2.phaseshifter 1 to -0.900000deg	 DONE
24/08/2023 15:39:17:	4	count	time	5.000000s/cts	O Det=223	H Det=1252	Mon Det=29876	Aux Det=3	O+H=1475	 DONE
24/08/2023 15:39:24:	move motor	S18.axis2.phaseshifter 1 to -0.700000deg	 DONE
24/08/2023 15:39:28:	5	count	time	5.000000s/cts	O Det=167	H Det=1345	Mon Det=29868	Aux Det=1	O+H=1512	 DONE
24/08/2023 15:39:36:	move motor	S18.axis2.phaseshifter 1 to -0.500000deg	 DONE
24/08/2023 15:39:40:	6	count	time	5.000000s/cts	O Det=192	H Det=1297	Mon Det=29309	Aux Det=1	O+H=1489	 DONE
24/08/2023 15:39:48:	move motor	S18.axis2.phaseshifter 1 to -0.300000deg	 DONE
24/08/2023 15:39:52:	7	count	time	5.000000s/cts	O Det=370	H Det=1117	Mon Det=29777	Aux Det=0	O+H=1487	 DONE
24/08/2023 15:39:59:	move motor	S18.axis2.phaseshifter 1 to -0.100000deg	 DONE
24/08/2023 15:40:03:	8	count	time	5.000000s/cts	O Det=572	H Det=937	Mon Det=29456	Aux Det=6	O+H=1509	 DONE
24/08/2023 15:40:11:	move motor	S18.axis2.phaseshifter 1 to 0.100000deg	 DONE
24/08/2023 15:40:15:	9	count	time	5.000000s/cts	O Det=737	H Det=766	Mon Det=29234	Aux Det=7	O+H=1503	 DONE
24/08/2023 15:40:23:	move motor	S18.axis2.phaseshifter 1 to 0.300000deg	 DONE
24/08/2023 15:40:26:	10	count	time	5.000000s/cts	O Det=835	H Det=684	Mon Det=29615	Aux Det=1	O+H=1519	 DONE
24/08/2023 15:40:34:	move motor	S18.axis2.phaseshifter 1 to 0.500000deg	 DONE
24/08/2023 15:40:38:	11	count	time	5.000000s/cts	O Det=761	H Det=704	Mon Det=28201	Aux Det=2	O+H=1465	 DONE
24/08/2023 15:40:46:	move motor	S18.axis2.phaseshifter 1 to 0.700000deg	 DONE
24/08/2023 15:40:50:	12	count	time	5.000000s/cts	O Det=614	H Det=874	Mon Det=29241	Aux Det=3	O+H=1488	 DONE
24/08/2023 15:40:57:	move motor	S18.axis2.phaseshifter 1 to 0.900000deg	 DONE
24/08/2023 15:41:01:	13	count	time	5.000000s/cts	O Det=454	H Det=1079	Mon Det=28927	Aux Det=3	O+H=1533	 DONE
24/08/2023 15:41:09:	move motor	S18.axis2.phaseshifter 1 to 1.100000deg	 DONE
24/08/2023 15:41:13:	14	count	time	5.000000s/cts	O Det=248	H Det=1270	Mon Det=29512	Aux Det=2	O+H=1518	 DONE
24/08/2023 15:41:21:	move motor	S18.axis2.phaseshifter 1 to 1.300000deg	 DONE
24/08/2023 15:41:25:	15	count	time	5.000000s/cts	O Det=161	H Det=1370	Mon Det=29189	Aux Det=0	O+H=1531	 DONE
24/08/2023 15:41:32:	move motor	S18.axis2.phaseshifter 1 to 1.500000deg	 DONE
24/08/2023 15:41:36:	16	count	time	5.000000s/cts	O Det=231	H Det=1344	Mon Det=28938	Aux Det=2	O+H=1575	 DONE
24/08/2023 15:41:44:	close file and end scan	 DONE
24/08/2023 15:41:45:	END OF SCRIPT	 DONE
24/08/2023 15:41:45:	start execution of script D:\data\Cycle 192ter\exp_3-16-14\rawdata\sc\ifg_5s_1p.sc	 DONE
24/08/2023 15:41:46:	create file	D:\data\Cycle 192ter\exp_3-16-14\rawdata\sc\ifg_5s_1p_24Aug1541.dat	 DONE
room to enter remarks DONE
24/08/2023 15:41:47:	move motor	S18.axis2.phaseshifter 1 to -1.500000deg	 DONE
24/08/2023 15:41:51:	1	count	time	5.000000s/cts	O Det=756	H Det=748	Mon Det=28860	Aux Det=4	O+H=1504	 DONE
24/08/2023 15:41:59:	move motor	S18.axis2.phaseshifter 1 to -1.300000deg	 DONE
24/08/2023 15:42:03:	2	count	time	5.000000s/cts	O Det=565	H Det=895	Mon Det=29028	Aux Det=3	O+H=1460	 DONE
24/08/2023 15:42:11:	move motor	S18.axis2.phaseshifter 1 to -1.100000deg	 DONE
24/08/2023 15:42:15:	3	count	time	5.000000s/cts	O Det=341	H Det=1063	Mon Det=28868	Aux Det=4	O+H=1404	 DONE
24/08/2023 15:42:23:	move motor	S18.axis2.phaseshifter 1 to -0.900000deg	 DONE
24/08/2023 15:42:27:	4	count	time	5.000000s/cts	O Det=200	H Det=1342	Mon Det=29067	Aux Det=5	O+H=1542	 DONE
24/08/2023 15:42:34:	move motor	S18.axis2.phaseshifter 1 to -0.700000deg	 DONE
24/08/2023 15:42:38:	5	count	time	5.000000s/cts	O Det=148	H Det=1359	Mon Det=29113	Aux Det=3	O+H=1507	 DONE
24/08/2023 15:42:46:	move motor	S18.axis2.phaseshifter 1 to -0.500000deg	 DONE
24/08/2023 15:42:50:	6	count	time	5.000000s/cts	O Det=212	H Det=1265	Mon Det=29093	Aux Det=1	O+H=1477	 DONE
24/08/2023 15:42:58:	move motor	S18.axis2.phaseshifter 1 to -0.300000deg	 DONE
24/08/2023 15:43:01:	7	count	time	5.000000s/cts	O Det=371	H Det=1135	Mon Det=29321	Aux Det=3	O+H=1506	 DONE
24/08/2023 15:43:09:	move motor	S18.axis2.phaseshifter 1 to -0.100000deg	 DONE
24/08/2023 15:43:13:	8	count	time	5.000000s/cts	O Det=568	H Det=964	Mon Det=28985	Aux Det=4	O+H=1532	 DONE
24/08/2023 15:43:21:	move motor	S18.axis2.phaseshifter 1 to 0.100000deg	 DONE
24/08/2023 15:43:25:	9	count	time	5.000000s/cts	O Det=726	H Det=715	Mon Det=28786	Aux Det=1	O+H=1441	 DONE
24/08/2023 15:43:32:	move motor	S18.axis2.phaseshifter 1 to 0.300000deg	 DONE
24/08/2023 15:43:36:	10	count	time	5.000000s/cts	O Det=776	H Det=696	Mon Det=29024	Aux Det=4	O+H=1472	 DONE
24/08/2023 15:43:44:	move motor	S18.axis2.phaseshifter 1 to 0.500000deg	 DONE
24/08/2023 15:43:48:	11	count	time	5.000000s/cts	O Det=724	H Det=734	Mon Det=29174	Aux Det=3	O+H=1458	 DONE
24/08/2023 15:43:56:	move motor	S18.axis2.phaseshifter 1 to 0.700000deg	 DONE
24/08/2023 15:44:00:	12	count	time	5.000000s/cts	O Det=610	H Det=889	Mon Det=28965	Aux Det=1	O+H=1499	 DONE
24/08/2023 15:44:07:	move motor	S18.axis2.phaseshifter 1 to 0.900000deg	 DONE
24/08/2023 15:44:11:	13	count	time	5.000000s/cts	O Det=422	H Det=1074	Mon Det=29190	Aux Det=1	O+H=1496	 DONE
24/08/2023 15:44:19:	move motor	S18.axis2.phaseshifter 1 to 1.100000deg	 DONE
24/08/2023 15:44:23:	14	count	time	5.000000s/cts	O Det=243	H Det=1248	Mon Det=28932	Aux Det=1	O+H=1491	 DONE
24/08/2023 15:44:31:	move motor	S18.axis2.phaseshifter 1 to 1.300000deg	 DONE
24/08/2023 15:44:34:	15	count	time	5.000000s/cts	O Det=149	H Det=1421	Mon Det=29340	Aux Det=0	O+H=1570	 DONE
24/08/2023 15:44:42:	move motor	S18.axis2.phaseshifter 1 to 1.500000deg	 DONE
24/08/2023 15:44:46:	16	count	time	5.000000s/cts	O Det=184	H Det=1290	Mon Det=29126	Aux Det=5	O+H=1474	 DONE
24/08/2023 15:44:54:	close file and end scan	 DONE
24/08/2023 15:44:54:	END OF SCRIPT	 DONE
24/08/2023 15:44:55:	start execution of script D:\data\Cycle 192ter\exp_3-16-14\rawdata\sc\ifg_5s_1p.sc	 DONE
24/08/2023 15:44:55:	create file	D:\data\Cycle 192ter\exp_3-16-14\rawdata\sc\ifg_5s_1p_24Aug1544.dat	 DONE
room to enter remarks DONE
24/08/2023 15:44:56:	move motor	S18.axis2.phaseshifter 1 to -1.500000deg	 DONE
24/08/2023 15:45:01:	1	count	time	5.000000s/cts	O Det=771	H Det=731	Mon Det=28938	Aux Det=5	O+H=1502	 DONE
24/08/2023 15:45:09:	move motor	S18.axis2.phaseshifter 1 to -1.300000deg	 DONE
24/08/2023 15:45:13:	2	count	time	5.000000s/cts	O Det=574	H Det=928	Mon Det=28945	Aux Det=5	O+H=1502	 DONE
24/08/2023 15:45:21:	move motor	S18.axis2.phaseshifter 1 to -1.100000deg	 DONE
24/08/2023 15:45:25:	3	count	time	5.000000s/cts	O Det=342	H Det=1113	Mon Det=29481	Aux Det=3	O+H=1455	 DONE
24/08/2023 15:45:32:	move motor	S18.axis2.phaseshifter 1 to -0.900000deg	 DONE
24/08/2023 15:45:36:	4	count	time	5.000000s/cts	O Det=192	H Det=1265	Mon Det=29079	Aux Det=5	O+H=1457	 DONE
24/08/2023 15:45:44:	move motor	S18.axis2.phaseshifter 1 to -0.700000deg	 DONE
24/08/2023 15:45:48:	5	count	time	5.000000s/cts	O Det=144	H Det=1341	Mon Det=28890	Aux Det=4	O+H=1485	 DONE
24/08/2023 15:45:56:	move motor	S18.axis2.phaseshifter 1 to -0.500000deg	 DONE
24/08/2023 15:46:00:	6	count	time	5.000000s/cts	O Det=209	H Det=1262	Mon Det=29223	Aux Det=5	O+H=1471	 DONE
24/08/2023 15:46:07:	move motor	S18.axis2.phaseshifter 1 to -0.300000deg	 DONE
24/08/2023 15:46:11:	7	count	time	5.000000s/cts	O Det=393	H Det=1065	Mon Det=28825	Aux Det=2	O+H=1458	 DONE
24/08/2023 15:46:19:	move motor	S18.axis2.phaseshifter 1 to -0.100000deg	 DONE
24/08/2023 15:46:23:	8	count	time	5.000000s/cts	O Det=573	H Det=871	Mon Det=28986	Aux Det=1	O+H=1444	 DONE
24/08/2023 15:46:31:	move motor	S18.axis2.phaseshifter 1 to 0.100000deg	 DONE
24/08/2023 15:46:35:	9	count	time	5.000000s/cts	O Det=705	H Det=719	Mon Det=29200	Aux Det=5	O+H=1424	 DONE
24/08/2023 15:46:42:	move motor	S18.axis2.phaseshifter 1 to 0.300000deg	 DONE
24/08/2023 15:46:46:	10	count	time	5.000000s/cts	O Det=777	H Det=639	Mon Det=28784	Aux Det=1	O+H=1416	 DONE
24/08/2023 15:46:54:	move motor	S18.axis2.phaseshifter 1 to 0.500000deg	 DONE
24/08/2023 15:46:58:	11	count	time	5.000000s/cts	O Det=743	H Det=744	Mon Det=29178	Aux Det=3	O+H=1487	 DONE
24/08/2023 15:47:05:	move motor	S18.axis2.phaseshifter 1 to 0.700000deg	 DONE
24/08/2023 15:47:09:	12	count	time	5.000000s/cts	O Det=553	H Det=843	Mon Det=28903	Aux Det=1	O+H=1396	 DONE
24/08/2023 15:47:17:	move motor	S18.axis2.phaseshifter 1 to 0.900000deg	 DONE
24/08/2023 15:47:21:	13	count	time	5.000000s/cts	O Det=399	H Det=1080	Mon Det=29430	Aux Det=6	O+H=1479	 DONE
24/08/2023 15:47:29:	move motor	S18.axis2.phaseshifter 1 to 1.100000deg	 DONE
24/08/2023 15:47:33:	14	count	time	5.000000s/cts	O Det=247	H Det=1249	Mon Det=29368	Aux Det=1	O+H=1496	 DONE
24/08/2023 15:47:40:	move motor	S18.axis2.phaseshifter 1 to 1.300000deg	 DONE
24/08/2023 15:47:44:	15	count	time	5.000000s/cts	O Det=143	H Det=1361	Mon Det=28845	Aux Det=3	O+H=1504	 DONE
24/08/2023 15:47:52:	move motor	S18.axis2.phaseshifter 1 to 1.500000deg	 DONE
24/08/2023 15:47:56:	16	count	time	5.000000s/cts	O Det=144	H Det=1269	Mon Det=29086	Aux Det=5	O+H=1413	 DONE
24/08/2023 15:48:04:	close file and end scan	 DONE
24/08/2023 15:48:04:	END OF SCRIPT	 DONE
24/08/2023 15:48:05:	start execution of script D:\data\Cycle 192ter\exp_3-16-14\rawdata\sc\ifg_5s_1p.sc	 DONE
24/08/2023 15:48:05:	create file	D:\data\Cycle 192ter\exp_3-16-14\rawdata\sc\ifg_5s_1p_24Aug1548.dat	 DONE
room to enter remarks DONE
24/08/2023 15:48:06:	move motor	S18.axis2.phaseshifter 1 to -1.500000deg	 DONE
24/08/2023 15:48:11:	1	count	time	5.000000s/cts	O Det=756	H Det=778	Mon Det=29008	Aux Det=7	O+H=1534	 DONE
24/08/2023 15:48:19:	move motor	S18.axis2.phaseshifter 1 to -1.300000deg	 DONE
24/08/2023 15:48:23:	2	count	time	5.000000s/cts	O Det=515	H Det=955	Mon Det=29067	Aux Det=3	O+H=1470	 DONE
24/08/2023 15:48:31:	move motor	S18.axis2.phaseshifter 1 to -1.100000deg	 DONE
24/08/2023 15:48:35:	3	count	time	5.000000s/cts	O Det=371	H Det=1111	Mon Det=29079	Aux Det=2	O+H=1482	 DONE
24/08/2023 15:48:42:	move motor	S18.axis2.phaseshifter 1 to -0.900000deg	 DONE
24/08/2023 15:48:46:	4	count	time	5.000000s/cts	O Det=228	H Det=1300	Mon Det=29038	Aux Det=4	O+H=1528	 DONE
24/08/2023 15:48:54:	move motor	S18.axis2.phaseshifter 1 to -0.700000deg	 DONE
24/08/2023 15:48:58:	5	count	time	5.000000s/cts	O Det=142	H Det=1354	Mon Det=29099	Aux Det=4	O+H=1496	 DONE
24/08/2023 15:49:05:	move motor	S18.axis2.phaseshifter 1 to -0.500000deg	 DONE
24/08/2023 15:49:09:	6	count	time	5.000000s/cts	O Det=201	H Det=1206	Mon Det=27556	Aux Det=2	O+H=1407	 DONE
24/08/2023 15:49:17:	move motor	S18.axis2.phaseshifter 1 to -0.300000deg	 DONE
24/08/2023 15:49:21:	7	count	time	5.000000s/cts	O Det=383	H Det=1091	Mon Det=28636	Aux Det=3	O+H=1474	 DONE
24/08/2023 15:49:29:	move motor	S18.axis2.phaseshifter 1 to -0.100000deg	 DONE
24/08/2023 15:49:33:	8	count	time	5.000000s/cts	O Det=549	H Det=913	Mon Det=29204	Aux Det=4	O+H=1462	 DONE
24/08/2023 15:49:40:	move motor	S18.axis2.phaseshifter 1 to 0.100000deg	 DONE
24/08/2023 15:49:44:	9	count	time	5.000000s/cts	O Det=725	H Det=770	Mon Det=28504	Aux Det=1	O+H=1495	 DONE
24/08/2023 15:49:52:	move motor	S18.axis2.phaseshifter 1 to 0.300000deg	 DONE
24/08/2023 15:49:56:	10	count	time	5.000000s/cts	O Det=801	H Det=691	Mon Det=29051	Aux Det=1	O+H=1492	 DONE
24/08/2023 15:50:03:	move motor	S18.axis2.phaseshifter 1 to 0.500000deg	 DONE
24/08/2023 15:50:07:	11	count	time	5.000000s/cts	O Det=763	H Det=725	Mon Det=29053	Aux Det=5	O+H=1488	 DONE
24/08/2023 15:50:15:	move motor	S18.axis2.phaseshifter 1 to 0.700000deg	 DONE
24/08/2023 15:50:19:	12	count	time	5.000000s/cts	O Det=584	H Det=833	Mon Det=28623	Aux Det=3	O+H=1417	 DONE
24/08/2023 15:50:27:	move motor	S18.axis2.phaseshifter 1 to 0.900000deg	 DONE
24/08/2023 15:50:31:	13	count	time	5.000000s/cts	O Det=433	H Det=1113	Mon Det=28950	Aux Det=2	O+H=1546	 DONE
24/08/2023 15:50:38:	move motor	S18.axis2.phaseshifter 1 to 1.100000deg	 DONE
24/08/2023 15:50:42:	14	count	time	5.000000s/cts	O Det=220	H Det=1259	Mon Det=28786	Aux Det=4	O+H=1479	 DONE
24/08/2023 15:50:50:	move motor	S18.axis2.phaseshifter 1 to 1.300000deg	 DONE
24/08/2023 15:50:54:	15	count	time	5.000000s/cts	O Det=136	H Det=1309	Mon Det=28725	Aux Det=6	O+H=1445	 DONE
24/08/2023 15:51:01:	move motor	S18.axis2.phaseshifter 1 to 1.500000deg	 DONE
24/08/2023 15:51:05:	16	count	time	5.000000s/cts	O Det=193	H Det=1310	Mon Det=28911	Aux Det=3	O+H=1503	 DONE
24/08/2023 15:51:13:	close file and end scan	 DONE
24/08/2023 15:51:14:	END OF SCRIPT	 DONE
24/08/2023 15:51:14:	start execution of script D:\data\Cycle 192ter\exp_3-16-14\rawdata\sc\ifg_5s_1p.sc	 DONE
24/08/2023 15:51:15:	create file	D:\data\Cycle 192ter\exp_3-16-14\rawdata\sc\ifg_5s_1p_24Aug1551.dat	 DONE
room to enter remarks DONE
24/08/2023 15:51:16:	move motor	S18.axis2.phaseshifter 1 to -1.500000deg	 DONE
24/08/2023 15:51:20:	1	count	time	5.000000s/cts	O Det=725	H Det=675	Mon Det=28987	Aux Det=3	O+H=1400	 DONE
24/08/2023 15:51:28:	move motor	S18.axis2.phaseshifter 1 to -1.300000deg	 DONE
24/08/2023 15:51:32:	2	count	time	5.000000s/cts	O Det=559	H Det=927	Mon Det=28457	Aux Det=4	O+H=1486	 DONE
24/08/2023 15:51:40:	move motor	S18.axis2.phaseshifter 1 to -1.100000deg	 DONE
24/08/2023 15:51:44:	3	count	time	5.000000s/cts	O Det=383	H Det=1115	Mon Det=28940	Aux Det=2	O+H=1498	 DONE
24/08/2023 15:51:52:	move motor	S18.axis2.phaseshifter 1 to -0.900000deg	 DONE
24/08/2023 15:51:55:	4	count	time	5.000000s/cts	O Det=197	H Det=1320	Mon Det=28804	Aux Det=2	O+H=1517	 DONE
24/08/2023 15:52:03:	move motor	S18.axis2.phaseshifter 1 to -0.700000deg	 DONE
24/08/2023 15:52:07:	5	count	time	5.000000s/cts	O Det=132	H Det=1265	Mon Det=28695	Aux Det=6	O+H=1397	 DONE
24/08/2023 15:52:15:	move motor	S18.axis2.phaseshifter 1 to -0.500000deg	 DONE
24/08/2023 15:52:19:	6	count	time	5.000000s/cts	O Det=195	H Det=1290	Mon Det=29028	Aux Det=6	O+H=1485	 DONE
24/08/2023 15:52:26:	move motor	S18.axis2.phaseshifter 1 to -0.300000deg	 DONE
24/08/2023 15:52:30:	7	count	time	5.000000s/cts	O Det=376	H Det=1103	Mon Det=28784	Aux Det=3	O+H=1479	 DONE
24/08/2023 15:52:38:	move motor	S18.axis2.phaseshifter 1 to -0.100000deg	 DONE
24/08/2023 15:52:42:	8	count	time	5.000000s/cts	O Det=545	H Det=831	Mon Det=28691	Aux Det=4	O+H=1376	 DONE
24/08/2023 15:52:50:	move motor	S18.axis2.phaseshifter 1 to 0.100000deg	 DONE
24/08/2023 15:52:54:	9	count	time	5.000000s/cts	O Det=711	H Det=715	Mon Det=28685	Aux Det=7	O+H=1426	 DONE
24/08/2023 15:53:01:	move motor	S18.axis2.phaseshifter 1 to 0.300000deg	 DONE
24/08/2023 15:53:05:	10	count	time	5.000000s/cts	O Det=800	H Det=644	Mon Det=28868	Aux Det=2	O+H=1444	 DONE
24/08/2023 15:53:13:	move motor	S18.axis2.phaseshifter 1 to 0.500000deg	 DONE
24/08/2023 15:53:17:	11	count	time	5.000000s/cts	O Det=758	H Det=695	Mon Det=29102	Aux Det=7	O+H=1453	 DONE
24/08/2023 15:53:25:	move motor	S18.axis2.phaseshifter 1 to 0.700000deg	 DONE
24/08/2023 15:53:28:	12	count	time	5.000000s/cts	O Det=551	H Det=917	Mon Det=28850	Aux Det=0	O+H=1468	 DONE
24/08/2023 15:53:36:	move motor	S18.axis2.phaseshifter 1 to 0.900000deg	 DONE
24/08/2023 15:53:40:	close file and end scan	 DONE
24/08/2023 15:53:41:	END OF SCRIPT	 DONE
