26/08/2023 16:59:19:	start execution of script D:\data\Cycle 192ter\exp_3-16-14\rawdata\sc\ifg_5s_1p.sc	 DONE
26/08/2023 16:59:20:	create file	D:\data\Cycle 192ter\exp_3-16-14\rawdata\sc\ifg_5s_1p_26Aug1659.dat	 DONE
room to enter remarks DONE
26/08/2023 16:59:21:	move motor	S18.axis2.phaseshifter 1 to -1.500000deg	 DONE
26/08/2023 16:59:26:	1	count	time	5.000000s/cts	O Det=157	H Det=791	Mon Det=28045	Aux Det=390	O+H=1338	 DONE
26/08/2023 16:59:34:	move motor	S18.axis2.phaseshifter 1 to -1.300000deg	 DONE
26/08/2023 16:59:38:	2	count	time	5.000000s/cts	O Det=119	H Det=978	Mon Det=27977	Aux Det=250	O+H=1347	 DONE
26/08/2023 16:59:46:	move motor	S18.axis2.phaseshifter 1 to -1.100000deg	 DONE
26/08/2023 16:59:50:	3	count	time	5.000000s/cts	O Det=71	H Det=1156	Mon Det=28032	Aux Det=128	O+H=1355	 DONE
26/08/2023 16:59:57:	move motor	S18.axis2.phaseshifter 1 to -0.900000deg	 DONE
26/08/2023 17:00:01:	4	count	time	5.000000s/cts	O Det=33	H Det=1317	Mon Det=28032	Aux Det=73	O+H=1423	 DONE
26/08/2023 17:00:09:	move motor	S18.axis2.phaseshifter 1 to -0.700000deg	 DONE
26/08/2023 17:00:13:	5	count	time	5.000000s/cts	O Det=37	H Det=1224	Mon Det=28002	Aux Det=46	O+H=1307	 DONE
26/08/2023 17:00:21:	move motor	S18.axis2.phaseshifter 1 to -0.500000deg	 DONE
26/08/2023 17:00:25:	6	count	time	5.000000s/cts	O Det=30	H Det=1156	Mon Det=28021	Aux Det=135	O+H=1321	 DONE
26/08/2023 17:00:33:	move motor	S18.axis2.phaseshifter 1 to -0.300000deg	 DONE
26/08/2023 17:00:37:	7	count	time	5.000000s/cts	O Det=85	H Det=1024	Mon Det=28202	Aux Det=242	O+H=1351	 DONE
26/08/2023 17:00:44:	move motor	S18.axis2.phaseshifter 1 to -0.100000deg	 DONE
26/08/2023 17:00:48:	8	count	time	5.000000s/cts	O Det=131	H Det=812	Mon Det=27994	Aux Det=360	O+H=1303	 DONE
26/08/2023 17:00:56:	move motor	S18.axis2.phaseshifter 1 to 0.100000deg	 DONE
26/08/2023 17:01:00:	9	count	time	5.000000s/cts	O Det=167	H Det=620	Mon Det=28214	Aux Det=509	O+H=1296	 DONE
26/08/2023 17:01:08:	move motor	S18.axis2.phaseshifter 1 to 0.300000deg	 DONE
26/08/2023 17:01:12:	10	count	time	5.000000s/cts	O Det=160	H Det=554	Mon Det=27991	Aux Det=563	O+H=1277	 DONE
26/08/2023 17:01:20:	move motor	S18.axis2.phaseshifter 1 to 0.500000deg	 DONE
26/08/2023 17:01:24:	11	count	time	5.000000s/cts	O Det=210	H Det=599	Mon Det=28121	Aux Det=495	O+H=1304	 DONE
26/08/2023 17:01:31:	move motor	S18.axis2.phaseshifter 1 to 0.700000deg	 DONE
26/08/2023 17:01:35:	12	count	time	5.000000s/cts	O Det=164	H Det=714	Mon Det=28372	Aux Det=385	O+H=1263	 DONE
26/08/2023 17:01:43:	move motor	S18.axis2.phaseshifter 1 to 0.900000deg	 DONE
26/08/2023 17:01:47:	13	count	time	5.000000s/cts	O Det=119	H Det=973	Mon Det=28208	Aux Det=289	O+H=1381	 DONE
26/08/2023 17:01:55:	move motor	S18.axis2.phaseshifter 1 to 1.100000deg	 DONE
26/08/2023 17:01:59:	14	count	time	5.000000s/cts	O Det=81	H Det=1237	Mon Det=27715	Aux Det=128	O+H=1446	 DONE
26/08/2023 17:02:07:	move motor	S18.axis2.phaseshifter 1 to 1.300000deg	 DONE
26/08/2023 17:02:11:	15	count	time	5.000000s/cts	O Det=41	H Det=1304	Mon Det=27914	Aux Det=82	O+H=1427	 DONE
26/08/2023 17:02:18:	move motor	S18.axis2.phaseshifter 1 to 1.500000deg	 DONE
26/08/2023 17:02:23:	16	count	time	5.000000s/cts	O Det=32	H Det=1282	Mon Det=28042	Aux Det=85	O+H=1399	 DONE
26/08/2023 17:02:30:	close file and end scan	 DONE
26/08/2023 17:02:31:	END OF SCRIPT	 DONE
