23/08/2023 14:43:12:	start execution of script D:\data\Cycle 192ter\exp_3-16-14\rawdata\sc\ifg_20s_3p.sc	 DONE
23/08/2023 14:43:12:	create file	D:\data\Cycle 193\exp_CRG-3033\rawdata\sc\ifg_20s_3p_23Aug1443.dat	 DONE
room to enter remarks DONE
23/08/2023 14:43:13:	move motor	S18.axis2.phaseshifter 1 to -3.000000deg	 DONE
23/08/2023 14:43:19:	1	count	time	20.000000s/cts	O Det=93	H Det=509	Mon Det=117214	Aux Det=334	O+H=602	 DONE
23/08/2023 14:43:42:	move motor	S18.axis2.phaseshifter 1 to -2.800000deg	 DONE
23/08/2023 14:43:45:	2	count	time	20.000000s/cts	O Det=151	H Det=441	Mon Det=117759	Aux Det=323	O+H=592	 DONE
23/08/2023 14:44:08:	move motor	S18.axis2.phaseshifter 1 to -2.600000deg	 DONE
23/08/2023 14:44:12:	3	count	time	20.000000s/cts	O Det=214	H Det=375	Mon Det=117011	Aux Det=346	O+H=589	 DONE
23/08/2023 14:44:35:	move motor	S18.axis2.phaseshifter 1 to -2.400000deg	 DONE
23/08/2023 14:44:39:	4	count	time	20.000000s/cts	O Det=272	H Det=284	Mon Det=117232	Aux Det=350	O+H=556	 DONE
23/08/2023 14:45:01:	move motor	S18.axis2.phaseshifter 1 to -2.200000deg	 DONE
23/08/2023 14:45:06:	5	count	time	20.000000s/cts	O Det=332	H Det=267	Mon Det=116580	Aux Det=329	O+H=599	 DONE
23/08/2023 14:45:28:	move motor	S18.axis2.phaseshifter 1 to -2.000000deg	 DONE
23/08/2023 14:45:32:	6	count	time	20.000000s/cts	O Det=330	H Det=259	Mon Det=117277	Aux Det=316	O+H=589	 DONE
23/08/2023 14:45:55:	move motor	S18.axis2.phaseshifter 1 to -1.800000deg	 DONE
23/08/2023 14:45:59:	7	count	time	20.000000s/cts	O Det=301	H Det=279	Mon Det=116548	Aux Det=321	O+H=580	 DONE
23/08/2023 14:46:22:	move motor	S18.axis2.phaseshifter 1 to -1.600000deg	 DONE
23/08/2023 14:46:26:	8	count	time	20.000000s/cts	O Det=245	H Det=350	Mon Det=117641	Aux Det=340	O+H=595	 DONE
23/08/2023 14:46:49:	move motor	S18.axis2.phaseshifter 1 to -1.400000deg	 DONE
23/08/2023 14:46:53:	9	count	time	20.000000s/cts	O Det=155	H Det=411	Mon Det=117340	Aux Det=354	O+H=566	 DONE
23/08/2023 14:47:15:	move motor	S18.axis2.phaseshifter 1 to -1.200000deg	 DONE
23/08/2023 14:47:19:	10	count	time	20.000000s/cts	O Det=94	H Det=530	Mon Det=116931	Aux Det=321	O+H=624	 DONE
23/08/2023 14:47:42:	move motor	S18.axis2.phaseshifter 1 to -1.000000deg	 DONE
23/08/2023 14:47:46:	11	count	time	20.000000s/cts	O Det=79	H Det=541	Mon Det=116539	Aux Det=338	O+H=620	 DONE
23/08/2023 14:48:09:	move motor	S18.axis2.phaseshifter 1 to -0.800000deg	 DONE
23/08/2023 14:48:13:	12	count	time	20.000000s/cts	O Det=120	H Det=516	Mon Det=116436	Aux Det=356	O+H=636	 DONE
23/08/2023 14:48:35:	move motor	S18.axis2.phaseshifter 1 to -0.600000deg	 DONE
23/08/2023 14:48:40:	13	count	time	20.000000s/cts	O Det=188	H Det=455	Mon Det=117728	Aux Det=357	O+H=643	 DONE
23/08/2023 14:49:02:	move motor	S18.axis2.phaseshifter 1 to -0.400000deg	 DONE
23/08/2023 14:49:07:	14	count	time	20.000000s/cts	O Det=242	H Det=353	Mon Det=117365	Aux Det=345	O+H=595	 DONE
23/08/2023 14:49:29:	move motor	S18.axis2.phaseshifter 1 to -0.200000deg	 DONE
23/08/2023 14:49:33:	15	count	time	20.000000s/cts	O Det=341	H Det=283	Mon Det=117450	Aux Det=331	O+H=624	 DONE
23/08/2023 14:49:56:	move motor	S18.axis2.phaseshifter 1 to 0.000000deg	 DONE
23/08/2023 14:50:00:	16	count	time	20.000000s/cts	O Det=342	H Det=258	Mon Det=117103	Aux Det=315	O+H=600	 DONE
23/08/2023 14:50:23:	move motor	S18.axis2.phaseshifter 1 to 0.200000deg	 DONE
23/08/2023 14:50:27:	17	count	time	20.000000s/cts	O Det=316	H Det=275	Mon Det=116759	Aux Det=301	O+H=591	 DONE
23/08/2023 14:50:49:	move motor	S18.axis2.phaseshifter 1 to 0.400000deg	 DONE
23/08/2023 14:50:54:	18	count	time	20.000000s/cts	O Det=262	H Det=312	Mon Det=118103	Aux Det=324	O+H=574	 DONE
23/08/2023 14:51:16:	move motor	S18.axis2.phaseshifter 1 to 0.600000deg	 DONE
23/08/2023 14:51:20:	19	count	time	20.000000s/cts	O Det=206	H Det=432	Mon Det=116860	Aux Det=323	O+H=638	 DONE
23/08/2023 14:51:43:	move motor	S18.axis2.phaseshifter 1 to 0.800000deg	 DONE
23/08/2023 14:51:47:	20	count	time	20.000000s/cts	O Det=116	H Det=500	Mon Det=117619	Aux Det=356	O+H=616	 DONE
23/08/2023 14:52:10:	move motor	S18.axis2.phaseshifter 1 to 1.000000deg	 DONE
23/08/2023 14:52:14:	21	count	time	20.000000s/cts	O Det=86	H Det=548	Mon Det=118459	Aux Det=359	O+H=634	 DONE
23/08/2023 14:52:36:	move motor	S18.axis2.phaseshifter 1 to 1.200000deg	 DONE
23/08/2023 14:52:40:	22	count	time	20.000000s/cts	O Det=80	H Det=503	Mon Det=117609	Aux Det=351	O+H=583	 DONE
23/08/2023 14:53:03:	move motor	S18.axis2.phaseshifter 1 to 1.400000deg	 DONE
23/08/2023 14:53:07:	23	count	time	20.000000s/cts	O Det=132	H Det=460	Mon Det=118016	Aux Det=359	O+H=592	 DONE
23/08/2023 14:53:29:	move motor	S18.axis2.phaseshifter 1 to 1.600000deg	 DONE
23/08/2023 14:53:34:	24	count	time	20.000000s/cts	O Det=192	H Det=373	Mon Det=118004	Aux Det=322	O+H=565	 DONE
23/08/2023 14:53:56:	move motor	S18.axis2.phaseshifter 1 to 1.800000deg	 DONE
23/08/2023 14:54:00:	25	count	time	20.000000s/cts	O Det=256	H Det=340	Mon Det=118065	Aux Det=330	O+H=596	 DONE
23/08/2023 14:54:23:	move motor	S18.axis2.phaseshifter 1 to 2.000000deg	 DONE
23/08/2023 14:54:27:	26	count	time	20.000000s/cts	O Det=317	H Det=264	Mon Det=117210	Aux Det=341	O+H=581	 DONE
23/08/2023 14:54:50:	move motor	S18.axis2.phaseshifter 1 to 2.200000deg	 DONE
23/08/2023 14:54:54:	27	count	time	20.000000s/cts	O Det=320	H Det=276	Mon Det=118039	Aux Det=317	O+H=596	 DONE
23/08/2023 14:55:17:	move motor	S18.axis2.phaseshifter 1 to 2.400000deg	 DONE
23/08/2023 14:55:20:	28	count	time	20.000000s/cts	O Det=247	H Det=322	Mon Det=117518	Aux Det=372	O+H=569	 DONE
23/08/2023 14:55:43:	move motor	S18.axis2.phaseshifter 1 to 2.600000deg	 DONE
23/08/2023 14:55:47:	29	count	time	20.000000s/cts	O Det=213	H Det=361	Mon Det=118308	Aux Det=374	O+H=574	 DONE
23/08/2023 14:56:10:	move motor	S18.axis2.phaseshifter 1 to 2.800000deg	 DONE
23/08/2023 14:56:14:	30	count	time	20.000000s/cts	O Det=151	H Det=477	Mon Det=117387	Aux Det=321	O+H=628	 DONE
23/08/2023 14:56:37:	move motor	S18.axis2.phaseshifter 1 to 3.000000deg	 DONE
23/08/2023 14:56:41:	31	count	time	20.000000s/cts	O Det=97	H Det=504	Mon Det=117716	Aux Det=314	O+H=601	 DONE
23/08/2023 14:57:04:	close file and end scan	 DONE
23/08/2023 14:57:04:	END OF SCRIPT	 DONE
