02/09/2023 19:59:25:	start execution of script D:\data\Cycle 192ter\exp_3-16-14\rawdata\sc\ifg_20s_3p.sc	 DONE
02/09/2023 19:59:25:	create file	D:\data\Cycle 192ter\exp_3-16-14\rawdata\sc\ifg_20s_3p_02Sep1959.dat	 DONE
room to enter remarks DONE
02/09/2023 19:59:26:	move motor	S18.axis2.phaseshifter 1 to -3.000000deg	 DONE
02/09/2023 19:59:32:	1	count	time	20.000000s/cts	O Det=773	H Det=2769	Mon Det=125083	Aux Det=2320	O+H=5862	 DONE
02/09/2023 19:59:55:	move motor	S18.axis2.phaseshifter 1 to -2.800000deg	 DONE
02/09/2023 19:59:59:	2	count	time	20.000000s/cts	O Det=795	H Det=2628	Mon Det=128082	Aux Det=2189	O+H=5612	 DONE
02/09/2023 20:00:21:	move motor	S18.axis2.phaseshifter 1 to -2.600000deg	 DONE
02/09/2023 20:00:25:	3	count	time	20.000000s/cts	O Det=752	H Det=2900	Mon Det=127238	Aux Det=2129	O+H=5781	 DONE
02/09/2023 20:00:48:	move motor	S18.axis2.phaseshifter 1 to -2.400000deg	 DONE
02/09/2023 20:00:52:	4	count	time	20.000000s/cts	O Det=639	H Det=3763	Mon Det=126288	Aux Det=1464	O+H=5866	 DONE
02/09/2023 20:01:15:	move motor	S18.axis2.phaseshifter 1 to -2.200000deg	 DONE
02/09/2023 20:01:19:	5	count	time	20.000000s/cts	O Det=525	H Det=4299	Mon Det=126102	Aux Det=1163	O+H=5987	 DONE
02/09/2023 20:01:41:	move motor	S18.axis2.phaseshifter 1 to -2.000000deg	 DONE
02/09/2023 20:01:45:	6	count	time	20.000000s/cts	O Det=382	H Det=5057	Mon Det=131529	Aux Det=626	O+H=6065	 DONE
02/09/2023 20:02:08:	move motor	S18.axis2.phaseshifter 1 to -1.800000deg	 DONE
02/09/2023 20:02:12:	7	count	time	20.000000s/cts	O Det=243	H Det=5784	Mon Det=131586	Aux Det=259	O+H=6286	 DONE
02/09/2023 20:02:35:	move motor	S18.axis2.phaseshifter 1 to -1.600000deg	 DONE
02/09/2023 20:02:39:	8	count	time	20.000000s/cts	O Det=236	H Det=5673	Mon Det=130485	Aux Det=286	O+H=6195	 DONE
02/09/2023 20:03:01:	move motor	S18.axis2.phaseshifter 1 to -1.400000deg	 DONE
02/09/2023 20:03:06:	9	count	time	20.000000s/cts	O Det=244	H Det=5312	Mon Det=129499	Aux Det=587	O+H=6143	 DONE
02/09/2023 20:03:28:	move motor	S18.axis2.phaseshifter 1 to -1.200000deg	 DONE
02/09/2023 20:03:32:	10	count	time	20.000000s/cts	O Det=359	H Det=4590	Mon Det=126494	Aux Det=1074	O+H=6023	 DONE
02/09/2023 20:03:55:	move motor	S18.axis2.phaseshifter 1 to -1.000000deg	 DONE
02/09/2023 20:03:59:	11	count	time	20.000000s/cts	O Det=541	H Det=3700	Mon Det=125701	Aux Det=1742	O+H=5983	 DONE
02/09/2023 20:04:22:	move motor	S18.axis2.phaseshifter 1 to -0.800000deg	 DONE
02/09/2023 20:04:26:	12	count	time	20.000000s/cts	O Det=687	H Det=2977	Mon Det=126986	Aux Det=2160	O+H=5824	 DONE
02/09/2023 20:04:48:	move motor	S18.axis2.phaseshifter 1 to -0.600000deg	 DONE
02/09/2023 20:04:52:	13	count	time	20.000000s/cts	O Det=747	H Det=2716	Mon Det=126671	Aux Det=2341	O+H=5804	 DONE
02/09/2023 20:05:15:	move motor	S18.axis2.phaseshifter 1 to -0.400000deg	 DONE
02/09/2023 20:05:19:	14	count	time	20.000000s/cts	O Det=784	H Det=2990	Mon Det=125210	Aux Det=2027	O+H=5801	 DONE
02/09/2023 20:05:42:	move motor	S18.axis2.phaseshifter 1 to -0.200000deg	 DONE
02/09/2023 20:05:46:	15	count	time	20.000000s/cts	O Det=655	H Det=3615	Mon Det=125452	Aux Det=1675	O+H=5945	 DONE
02/09/2023 20:06:08:	move motor	S18.axis2.phaseshifter 1 to 0.000000deg	 DONE
02/09/2023 20:06:12:	16	count	time	20.000000s/cts	O Det=513	H Det=4468	Mon Det=126988	Aux Det=1139	O+H=6120	 DONE
02/09/2023 20:06:35:	move motor	S18.axis2.phaseshifter 1 to 0.200000deg	 DONE
02/09/2023 20:06:39:	17	count	time	20.000000s/cts	O Det=318	H Det=5313	Mon Det=126971	Aux Det=460	O+H=6091	 DONE
02/09/2023 20:07:02:	move motor	S18.axis2.phaseshifter 1 to 0.400000deg	 DONE
02/09/2023 20:07:06:	18	count	time	20.000000s/cts	O Det=177	H Det=5573	Mon Det=129272	Aux Det=261	O+H=6011	 DONE
02/09/2023 20:07:28:	move motor	S18.axis2.phaseshifter 1 to 0.600000deg	 DONE
02/09/2023 20:07:32:	19	count	time	20.000000s/cts	O Det=206	H Det=5685	Mon Det=128909	Aux Det=295	O+H=6186	 DONE
02/09/2023 20:07:55:	move motor	S18.axis2.phaseshifter 1 to 0.800000deg	 DONE
02/09/2023 20:07:59:	20	count	time	20.000000s/cts	O Det=333	H Det=5034	Mon Det=128212	Aux Det=844	O+H=6211	 DONE
02/09/2023 20:08:22:	move motor	S18.axis2.phaseshifter 1 to 1.000000deg	 DONE
02/09/2023 20:08:26:	21	count	time	20.000000s/cts	O Det=463	H Det=4014	Mon Det=124850	Aux Det=1478	O+H=5955	 DONE
02/09/2023 20:08:49:	move motor	S18.axis2.phaseshifter 1 to 1.200000deg	 DONE
02/09/2023 20:08:53:	22	count	time	20.000000s/cts	O Det=654	H Det=3379	Mon Det=125604	Aux Det=1851	O+H=5884	 DONE
02/09/2023 20:09:15:	move motor	S18.axis2.phaseshifter 1 to 1.400000deg	 DONE
02/09/2023 20:09:19:	23	count	time	20.000000s/cts	O Det=738	H Det=2721	Mon Det=125343	Aux Det=2342	O+H=5801	 DONE
02/09/2023 20:09:42:	move motor	S18.axis2.phaseshifter 1 to 1.600000deg	 DONE
02/09/2023 20:09:46:	24	count	time	20.000000s/cts	O Det=771	H Det=2802	Mon Det=127162	Aux Det=2269	O+H=5842	 DONE
02/09/2023 20:10:09:	move motor	S18.axis2.phaseshifter 1 to 1.800000deg	 DONE
02/09/2023 20:10:13:	25	count	time	20.000000s/cts	O Det=706	H Det=3287	Mon Det=126583	Aux Det=1743	O+H=5736	 DONE
02/09/2023 20:10:36:	move motor	S18.axis2.phaseshifter 1 to 2.000000deg	 DONE
02/09/2023 20:10:40:	26	count	time	20.000000s/cts	O Det=529	H Det=4267	Mon Det=126357	Aux Det=1244	O+H=6040	 DONE
02/09/2023 20:11:02:	move motor	S18.axis2.phaseshifter 1 to 2.200000deg	 DONE
02/09/2023 20:11:06:	27	count	time	20.000000s/cts	O Det=394	H Det=4989	Mon Det=125678	Aux Det=744	O+H=6127	 DONE
02/09/2023 20:11:29:	move motor	S18.axis2.phaseshifter 1 to 2.400000deg	 DONE
02/09/2023 20:11:33:	28	count	time	20.000000s/cts	O Det=233	H Det=5702	Mon Det=125078	Aux Det=272	O+H=6207	 DONE
02/09/2023 20:11:56:	move motor	S18.axis2.phaseshifter 1 to 2.600000deg	 DONE
02/09/2023 20:12:00:	29	count	time	20.000000s/cts	O Det=225	H Det=5682	Mon Det=125708	Aux Det=295	O+H=6202	 DONE
02/09/2023 20:12:22:	move motor	S18.axis2.phaseshifter 1 to 2.800000deg	 DONE
02/09/2023 20:12:26:	30	count	time	20.000000s/cts	O Det=284	H Det=5342	Mon Det=124821	Aux Det=635	O+H=6261	 DONE
02/09/2023 20:12:49:	move motor	S18.axis2.phaseshifter 1 to 3.000000deg	 DONE
02/09/2023 20:12:53:	31	count	time	20.000000s/cts	O Det=403	H Det=4520	Mon Det=125468	Aux Det=1069	O+H=5992	 DONE
02/09/2023 20:13:16:	close file and end scan	 DONE
02/09/2023 20:13:16:	END OF SCRIPT	 DONE
