24/08/2023 00:20:58:	start execution of script D:\data\Cycle 192ter\exp_3-16-14\rawdata\sc\ifg_5s_1p.sc	 DONE
24/08/2023 00:20:59:	create file	D:\data\Cycle 192ter\exp_3-16-14\rawdata\sc\ifg_5s_1p_24Aug0020.dat	 DONE
room to enter remarks DONE
24/08/2023 00:21:00:	move motor	S18.axis2.phaseshifter 1 to -1.500000deg	 DONE
24/08/2023 00:21:05:	1	count	time	5.000000s/cts	O Det=185	H Det=997	Mon Det=29325	Aux Det=0	O+H=1182	 DONE
24/08/2023 00:21:12:	move motor	S18.axis2.phaseshifter 1 to -1.300000deg	 DONE
24/08/2023 00:21:17:	2	count	time	5.000000s/cts	O Det=212	H Det=1022	Mon Det=28865	Aux Det=0	O+H=1234	 DONE
24/08/2023 00:21:24:	move motor	S18.axis2.phaseshifter 1 to -1.100000deg	 DONE
24/08/2023 00:21:28:	3	count	time	5.000000s/cts	O Det=300	H Det=918	Mon Det=29357	Aux Det=0	O+H=1218	 DONE
24/08/2023 00:21:36:	move motor	S18.axis2.phaseshifter 1 to -0.900000deg	 DONE
24/08/2023 00:21:40:	4	count	time	5.000000s/cts	O Det=429	H Det=790	Mon Det=29270	Aux Det=0	O+H=1219	 DONE
24/08/2023 00:21:48:	move motor	S18.axis2.phaseshifter 1 to -0.700000deg	 DONE
24/08/2023 00:21:51:	5	count	time	5.000000s/cts	O Det=499	H Det=677	Mon Det=29076	Aux Det=0	O+H=1176	 DONE
24/08/2023 00:21:59:	move motor	S18.axis2.phaseshifter 1 to -0.500000deg	 DONE
24/08/2023 00:22:03:	6	count	time	5.000000s/cts	O Det=572	H Det=609	Mon Det=29245	Aux Det=0	O+H=1181	 DONE
24/08/2023 00:22:11:	move motor	S18.axis2.phaseshifter 1 to -0.300000deg	 DONE
24/08/2023 00:22:15:	7	count	time	5.000000s/cts	O Det=544	H Det=687	Mon Det=28774	Aux Det=0	O+H=1231	 DONE
24/08/2023 00:22:22:	move motor	S18.axis2.phaseshifter 1 to -0.100000deg	 DONE
24/08/2023 00:22:26:	8	count	time	5.000000s/cts	O Det=471	H Det=801	Mon Det=28706	Aux Det=0	O+H=1272	 DONE
24/08/2023 00:22:34:	move motor	S18.axis2.phaseshifter 1 to 0.100000deg	 DONE
24/08/2023 00:22:38:	9	count	time	5.000000s/cts	O Det=340	H Det=938	Mon Det=28404	Aux Det=0	O+H=1278	 DONE
24/08/2023 00:22:46:	move motor	S18.axis2.phaseshifter 1 to 0.300000deg	 DONE
24/08/2023 00:22:49:	10	count	time	5.000000s/cts	O Det=260	H Det=998	Mon Det=28661	Aux Det=0	O+H=1258	 DONE
24/08/2023 00:22:57:	move motor	S18.axis2.phaseshifter 1 to 0.500000deg	 DONE
24/08/2023 00:23:01:	11	count	time	5.000000s/cts	O Det=197	H Det=1050	Mon Det=28621	Aux Det=0	O+H=1247	 DONE
24/08/2023 00:23:09:	move motor	S18.axis2.phaseshifter 1 to 0.700000deg	 DONE
24/08/2023 00:23:13:	12	count	time	5.000000s/cts	O Det=184	H Det=1016	Mon Det=28616	Aux Det=0	O+H=1200	 DONE
24/08/2023 00:23:20:	move motor	S18.axis2.phaseshifter 1 to 0.900000deg	 DONE
24/08/2023 00:23:24:	13	count	time	5.000000s/cts	O Det=275	H Det=939	Mon Det=28776	Aux Det=0	O+H=1214	 DONE
24/08/2023 00:23:32:	move motor	S18.axis2.phaseshifter 1 to 1.100000deg	 DONE
24/08/2023 00:23:36:	14	count	time	5.000000s/cts	O Det=358	H Det=873	Mon Det=28769	Aux Det=0	O+H=1231	 DONE
24/08/2023 00:23:44:	move motor	S18.axis2.phaseshifter 1 to 1.300000deg	 DONE
24/08/2023 00:23:47:	15	count	time	5.000000s/cts	O Det=469	H Det=763	Mon Det=28489	Aux Det=0	O+H=1232	 DONE
24/08/2023 00:23:55:	move motor	S18.axis2.phaseshifter 1 to 1.500000deg	 DONE
24/08/2023 00:23:59:	16	count	time	5.000000s/cts	O Det=525	H Det=669	Mon Det=28502	Aux Det=0	O+H=1194	 DONE
24/08/2023 00:24:07:	close file and end scan	 DONE
24/08/2023 00:24:07:	END OF SCRIPT	 DONE
