10/09/2023 23:26:39:	start execution of script D:\data\Cycle 192ter\exp_3-16-14\rawdata\sc\ifg_20s_3p.sc	 DONE
10/09/2023 23:26:39:	create file	D:\data\Cycle 192ter\exp_3-16-14\rawdata\sc\ifg_20s_3p_10Sep2326.dat	 DONE
room to enter remarks DONE
10/09/2023 23:26:40:	move motor	S18.axis2.phaseshifter 1 to -3.000000deg	 DONE
10/09/2023 23:26:46:	1	count	time	20.000000s/cts	O Det=829	H Det=2863	Mon Det=130490	Aux Det=2401	O+H=3692	 DONE
10/09/2023 23:27:09:	move motor	S18.axis2.phaseshifter 1 to -2.800000deg	 DONE
10/09/2023 23:27:13:	2	count	time	20.000000s/cts	O Det=767	H Det=3109	Mon Det=131548	Aux Det=2036	O+H=3876	 DONE
10/09/2023 23:27:35:	move motor	S18.axis2.phaseshifter 1 to -2.600000deg	 DONE
10/09/2023 23:27:39:	3	count	time	20.000000s/cts	O Det=731	H Det=3722	Mon Det=130815	Aux Det=1614	O+H=4453	 DONE
10/09/2023 23:28:02:	move motor	S18.axis2.phaseshifter 1 to -2.400000deg	 DONE
10/09/2023 23:28:06:	4	count	time	20.000000s/cts	O Det=536	H Det=4958	Mon Det=132319	Aux Det=934	O+H=5494	 DONE
10/09/2023 23:28:29:	move motor	S18.axis2.phaseshifter 1 to -2.200000deg	 DONE
10/09/2023 23:28:33:	5	count	time	20.000000s/cts	O Det=346	H Det=5498	Mon Det=129973	Aux Det=452	O+H=5844	 DONE
10/09/2023 23:28:55:	move motor	S18.axis2.phaseshifter 1 to -2.000000deg	 DONE
10/09/2023 23:28:59:	6	count	time	20.000000s/cts	O Det=191	H Det=5940	Mon Det=133049	Aux Det=252	O+H=6131	 DONE
10/09/2023 23:29:22:	move motor	S18.axis2.phaseshifter 1 to -1.800000deg	 DONE
10/09/2023 23:29:26:	7	count	time	20.000000s/cts	O Det=182	H Det=5566	Mon Det=132560	Aux Det=402	O+H=5748	 DONE
10/09/2023 23:29:49:	move motor	S18.axis2.phaseshifter 1 to -1.600000deg	 DONE
10/09/2023 23:29:53:	8	count	time	20.000000s/cts	O Det=332	H Det=5058	Mon Det=132806	Aux Det=961	O+H=5390	 DONE
10/09/2023 23:30:15:	move motor	S18.axis2.phaseshifter 1 to -1.400000deg	 DONE
10/09/2023 23:30:19:	9	count	time	20.000000s/cts	O Det=532	H Det=4004	Mon Det=131999	Aux Det=1605	O+H=4536	 DONE
10/09/2023 23:30:42:	move motor	S18.axis2.phaseshifter 1 to -1.200000deg	 DONE
10/09/2023 23:30:46:	10	count	time	20.000000s/cts	O Det=689	H Det=3085	Mon Det=130627	Aux Det=2312	O+H=3774	 DONE
10/09/2023 23:31:08:	move motor	S18.axis2.phaseshifter 1 to -1.000000deg	 DONE
10/09/2023 23:31:12:	11	count	time	20.000000s/cts	O Det=801	H Det=2740	Mon Det=131039	Aux Det=2355	O+H=3541	 DONE
10/09/2023 23:31:35:	move motor	S18.axis2.phaseshifter 1 to -0.800000deg	 DONE
10/09/2023 23:31:39:	12	count	time	20.000000s/cts	O Det=796	H Det=2900	Mon Det=131578	Aux Det=2169	O+H=3696	 DONE
10/09/2023 23:32:02:	move motor	S18.axis2.phaseshifter 1 to -0.600000deg	 DONE
10/09/2023 23:32:06:	13	count	time	20.000000s/cts	O Det=713	H Det=3761	Mon Det=130829	Aux Det=1651	O+H=4474	 DONE
10/09/2023 23:32:28:	move motor	S18.axis2.phaseshifter 1 to -0.400000deg	 DONE
10/09/2023 23:32:32:	14	count	time	20.000000s/cts	O Det=536	H Det=4461	Mon Det=133471	Aux Det=1051	O+H=4997	 DONE
10/09/2023 23:32:55:	move motor	S18.axis2.phaseshifter 1 to -0.200000deg	 DONE
10/09/2023 23:32:59:	15	count	time	20.000000s/cts	O Det=345	H Det=5491	Mon Det=133232	Aux Det=512	O+H=5836	 DONE
10/09/2023 23:33:22:	move motor	S18.axis2.phaseshifter 1 to 0.000000deg	 DONE
10/09/2023 23:33:26:	16	count	time	20.000000s/cts	O Det=237	H Det=5864	Mon Det=133453	Aux Det=274	O+H=6101	 DONE
10/09/2023 23:33:48:	move motor	S18.axis2.phaseshifter 1 to 0.200000deg	 DONE
10/09/2023 23:33:52:	17	count	time	20.000000s/cts	O Det=217	H Det=5808	Mon Det=133649	Aux Det=331	O+H=6025	 DONE
10/09/2023 23:34:15:	move motor	S18.axis2.phaseshifter 1 to 0.400000deg	 DONE
10/09/2023 23:34:19:	18	count	time	20.000000s/cts	O Det=268	H Det=5087	Mon Det=129976	Aux Det=771	O+H=5355	 DONE
10/09/2023 23:34:42:	move motor	S18.axis2.phaseshifter 1 to 0.600000deg	 DONE
10/09/2023 23:34:46:	19	count	time	20.000000s/cts	O Det=398	H Det=4679	Mon Det=131118	Aux Det=1260	O+H=5077	 DONE
10/09/2023 23:35:08:	move motor	S18.axis2.phaseshifter 1 to 0.800000deg	 DONE
10/09/2023 23:35:12:	20	count	time	20.000000s/cts	O Det=599	H Det=3438	Mon Det=131913	Aux Det=1981	O+H=4037	 DONE
10/09/2023 23:35:35:	move motor	S18.axis2.phaseshifter 1 to 1.000000deg	 DONE
10/09/2023 23:35:39:	21	count	time	20.000000s/cts	O Det=784	H Det=2806	Mon Det=130029	Aux Det=2382	O+H=3590	 DONE
10/09/2023 23:36:02:	move motor	S18.axis2.phaseshifter 1 to 1.200000deg	 DONE
10/09/2023 23:36:06:	22	count	time	20.000000s/cts	O Det=840	H Det=2727	Mon Det=131777	Aux Det=2430	O+H=3567	 DONE
10/09/2023 23:36:28:	move motor	S18.axis2.phaseshifter 1 to 1.400000deg	 DONE
10/09/2023 23:36:32:	23	count	time	20.000000s/cts	O Det=831	H Det=3282	Mon Det=133672	Aux Det=1880	O+H=4113	 DONE
10/09/2023 23:36:55:	move motor	S18.axis2.phaseshifter 1 to 1.600000deg	 DONE
10/09/2023 23:36:59:	24	count	time	20.000000s/cts	O Det=606	H Det=4173	Mon Det=133600	Aux Det=1320	O+H=4779	 DONE
10/09/2023 23:37:22:	move motor	S18.axis2.phaseshifter 1 to 1.800000deg	 DONE
10/09/2023 23:37:26:	25	count	time	20.000000s/cts	O Det=471	H Det=5094	Mon Det=133841	Aux Det=802	O+H=5565	 DONE
10/09/2023 23:37:48:	move motor	S18.axis2.phaseshifter 1 to 2.000000deg	 DONE
10/09/2023 23:37:52:	26	count	time	20.000000s/cts	O Det=272	H Det=5635	Mon Det=132907	Aux Det=387	O+H=5907	 DONE
10/09/2023 23:38:15:	move motor	S18.axis2.phaseshifter 1 to 2.200000deg	 DONE
10/09/2023 23:38:19:	27	count	time	20.000000s/cts	O Det=201	H Det=5984	Mon Det=131404	Aux Det=280	O+H=6185	 DONE
10/09/2023 23:38:42:	move motor	S18.axis2.phaseshifter 1 to 2.400000deg	 DONE
10/09/2023 23:38:46:	28	count	time	20.000000s/cts	O Det=233	H Det=5352	Mon Det=130485	Aux Det=701	O+H=5585	 DONE
10/09/2023 23:39:08:	move motor	S18.axis2.phaseshifter 1 to 2.600000deg	 DONE
10/09/2023 23:39:12:	29	count	time	20.000000s/cts	O Det=369	H Det=4656	Mon Det=130583	Aux Det=1250	O+H=5025	 DONE
10/09/2023 23:39:35:	move motor	S18.axis2.phaseshifter 1 to 2.800000deg	 DONE
10/09/2023 23:39:39:	30	count	time	20.000000s/cts	O Det=546	H Det=3704	Mon Det=132030	Aux Det=1834	O+H=4250	 DONE
10/09/2023 23:40:02:	move motor	S18.axis2.phaseshifter 1 to 3.000000deg	 DONE
10/09/2023 23:40:06:	31	count	time	20.000000s/cts	O Det=756	H Det=2920	Mon Det=130825	Aux Det=2410	O+H=3676	 DONE
10/09/2023 23:40:28:	close file and end scan	 DONE
10/09/2023 23:40:29:	END OF SCRIPT	 DONE
