28/08/2023 02:23:18:	start execution of script D:\data\Cycle 192ter\exp_3-16-14\rawdata\sc\ifg_5s_1p.sc	 DONE
28/08/2023 02:23:19:	create file	D:\data\Cycle 192ter\exp_3-16-14\rawdata\sc\ifg_5s_1p_28Aug0223.dat	 DONE
room to enter remarks DONE
28/08/2023 02:23:20:	move motor	S18.axis2.phaseshifter 1 to -1.500000deg	 DONE
28/08/2023 02:23:25:	1	count	time	5.000000s/cts	O Det=41	H Det=708	Mon Det=29065	Aux Det=81	O+H=830	 DONE
28/08/2023 02:23:33:	move motor	S18.axis2.phaseshifter 1 to -1.300000deg	 DONE
28/08/2023 02:23:37:	2	count	time	5.000000s/cts	O Det=33	H Det=712	Mon Det=28905	Aux Det=36	O+H=781	 DONE
28/08/2023 02:23:45:	move motor	S18.axis2.phaseshifter 1 to -1.100000deg	 DONE
28/08/2023 02:23:48:	3	count	time	5.000000s/cts	O Det=28	H Det=729	Mon Det=28795	Aux Det=59	O+H=816	 DONE
28/08/2023 02:23:56:	move motor	S18.axis2.phaseshifter 1 to -0.900000deg	 DONE
28/08/2023 02:24:00:	4	count	time	5.000000s/cts	O Det=42	H Det=603	Mon Det=29140	Aux Det=140	O+H=785	 DONE
28/08/2023 02:24:08:	move motor	S18.axis2.phaseshifter 1 to -0.700000deg	 DONE
28/08/2023 02:24:12:	5	count	time	5.000000s/cts	O Det=54	H Det=526	Mon Det=28799	Aux Det=179	O+H=759	 DONE
28/08/2023 02:24:19:	move motor	S18.axis2.phaseshifter 1 to -0.500000deg	 DONE
28/08/2023 02:24:23:	6	count	time	5.000000s/cts	O Det=67	H Det=501	Mon Det=28767	Aux Det=200	O+H=768	 DONE
28/08/2023 02:24:31:	move motor	S18.axis2.phaseshifter 1 to -0.300000deg	 DONE
28/08/2023 02:24:35:	7	count	time	5.000000s/cts	O Det=81	H Det=402	Mon Det=28969	Aux Det=219	O+H=702	 DONE
28/08/2023 02:24:43:	move motor	S18.axis2.phaseshifter 1 to -0.100000deg	 DONE
28/08/2023 02:24:47:	8	count	time	5.000000s/cts	O Det=94	H Det=422	Mon Det=28785	Aux Det=217	O+H=733	 DONE
28/08/2023 02:24:54:	move motor	S18.axis2.phaseshifter 1 to 0.100000deg	 DONE
28/08/2023 02:24:58:	9	count	time	5.000000s/cts	O Det=92	H Det=464	Mon Det=28561	Aux Det=191	O+H=747	 DONE
28/08/2023 02:25:06:	move motor	S18.axis2.phaseshifter 1 to 0.300000deg	 DONE
28/08/2023 02:25:10:	10	count	time	5.000000s/cts	O Det=66	H Det=598	Mon Det=28953	Aux Det=98	O+H=762	 DONE
28/08/2023 02:25:18:	move motor	S18.axis2.phaseshifter 1 to 0.500000deg	 DONE
28/08/2023 02:25:21:	11	count	time	5.000000s/cts	O Det=40	H Det=684	Mon Det=29008	Aux Det=50	O+H=774	 DONE
28/08/2023 02:25:29:	move motor	S18.axis2.phaseshifter 1 to 0.700000deg	 DONE
28/08/2023 02:25:33:	12	count	time	5.000000s/cts	O Det=33	H Det=715	Mon Det=28930	Aux Det=50	O+H=798	 DONE
28/08/2023 02:25:41:	move motor	S18.axis2.phaseshifter 1 to 0.900000deg	 DONE
28/08/2023 02:25:45:	13	count	time	5.000000s/cts	O Det=23	H Det=710	Mon Det=28751	Aux Det=68	O+H=801	 DONE
28/08/2023 02:25:53:	move motor	S18.axis2.phaseshifter 1 to 1.100000deg	 DONE
28/08/2023 02:25:56:	14	count	time	5.000000s/cts	O Det=41	H Det=628	Mon Det=29163	Aux Det=114	O+H=783	 DONE
28/08/2023 02:26:04:	move motor	S18.axis2.phaseshifter 1 to 1.300000deg	 DONE
28/08/2023 02:26:08:	15	count	time	5.000000s/cts	O Det=63	H Det=521	Mon Det=28823	Aux Det=212	O+H=796	 DONE
28/08/2023 02:26:16:	move motor	S18.axis2.phaseshifter 1 to 1.500000deg	 DONE
28/08/2023 02:26:20:	16	count	time	5.000000s/cts	O Det=66	H Det=463	Mon Det=29407	Aux Det=224	O+H=753	 DONE
28/08/2023 02:26:28:	close file and end scan	 DONE
28/08/2023 02:26:28:	END OF SCRIPT	 DONE
