28/08/2023 07:49:18:	start execution of script D:\data\Cycle 192ter\exp_3-16-14\rawdata\sc\ifg_5s_1p.sc	 DONE
28/08/2023 07:49:19:	create file	D:\data\Cycle 192ter\exp_3-16-14\rawdata\sc\ifg_5s_1p_28Aug0749.dat	 DONE
room to enter remarks DONE
28/08/2023 07:49:20:	move motor	S18.axis2.phaseshifter 1 to -1.500000deg	 DONE
28/08/2023 07:49:25:	1	count	time	5.000000s/cts	O Det=11	H Det=384	Mon Det=28894	Aux Det=19	O+H=414	 DONE
28/08/2023 07:49:32:	move motor	S18.axis2.phaseshifter 1 to -1.300000deg	 DONE
28/08/2023 07:49:36:	2	count	time	5.000000s/cts	O Det=13	H Det=422	Mon Det=28950	Aux Det=22	O+H=457	 DONE
28/08/2023 07:49:44:	move motor	S18.axis2.phaseshifter 1 to -1.100000deg	 DONE
28/08/2023 07:49:48:	3	count	time	5.000000s/cts	O Det=14	H Det=391	Mon Det=28599	Aux Det=28	O+H=433	 DONE
28/08/2023 07:49:56:	move motor	S18.axis2.phaseshifter 1 to -0.900000deg	 DONE
28/08/2023 07:50:00:	4	count	time	5.000000s/cts	O Det=11	H Det=386	Mon Det=28670	Aux Det=40	O+H=437	 DONE
28/08/2023 07:50:08:	move motor	S18.axis2.phaseshifter 1 to -0.700000deg	 DONE
28/08/2023 07:50:12:	5	count	time	5.000000s/cts	O Det=21	H Det=346	Mon Det=28836	Aux Det=57	O+H=424	 DONE
28/08/2023 07:50:19:	move motor	S18.axis2.phaseshifter 1 to -0.500000deg	 DONE
28/08/2023 07:50:23:	6	count	time	5.000000s/cts	O Det=37	H Det=347	Mon Det=29077	Aux Det=68	O+H=452	 DONE
28/08/2023 07:50:31:	move motor	S18.axis2.phaseshifter 1 to -0.300000deg	 DONE
28/08/2023 07:50:35:	7	count	time	5.000000s/cts	O Det=30	H Det=342	Mon Det=28857	Aux Det=67	O+H=439	 DONE
28/08/2023 07:50:42:	move motor	S18.axis2.phaseshifter 1 to -0.100000deg	 DONE
28/08/2023 07:50:46:	8	count	time	5.000000s/cts	O Det=26	H Det=376	Mon Det=28690	Aux Det=56	O+H=458	 DONE
28/08/2023 07:50:54:	move motor	S18.axis2.phaseshifter 1 to 0.100000deg	 DONE
28/08/2023 07:50:58:	9	count	time	5.000000s/cts	O Det=27	H Det=344	Mon Det=28633	Aux Det=55	O+H=426	 DONE
28/08/2023 07:51:06:	move motor	S18.axis2.phaseshifter 1 to 0.300000deg	 DONE
28/08/2023 07:51:10:	10	count	time	5.000000s/cts	O Det=34	H Det=370	Mon Det=28707	Aux Det=31	O+H=435	 DONE
28/08/2023 07:51:17:	move motor	S18.axis2.phaseshifter 1 to 0.500000deg	 DONE
28/08/2023 07:51:21:	11	count	time	5.000000s/cts	O Det=22	H Det=369	Mon Det=28696	Aux Det=30	O+H=421	 DONE
28/08/2023 07:51:29:	move motor	S18.axis2.phaseshifter 1 to 0.700000deg	 DONE
28/08/2023 07:51:33:	12	count	time	5.000000s/cts	O Det=20	H Det=382	Mon Det=28891	Aux Det=24	O+H=426	 DONE
28/08/2023 07:51:41:	move motor	S18.axis2.phaseshifter 1 to 0.900000deg	 DONE
28/08/2023 07:51:44:	13	count	time	5.000000s/cts	O Det=9	H Det=407	Mon Det=28693	Aux Det=15	O+H=431	 DONE
28/08/2023 07:51:52:	move motor	S18.axis2.phaseshifter 1 to 1.100000deg	 DONE
28/08/2023 07:51:56:	14	count	time	5.000000s/cts	O Det=11	H Det=417	Mon Det=28552	Aux Det=28	O+H=456	 DONE
28/08/2023 07:52:04:	move motor	S18.axis2.phaseshifter 1 to 1.300000deg	 DONE
28/08/2023 07:52:08:	15	count	time	5.000000s/cts	O Det=11	H Det=359	Mon Det=28802	Aux Det=45	O+H=415	 DONE
28/08/2023 07:52:16:	move motor	S18.axis2.phaseshifter 1 to 1.500000deg	 DONE
28/08/2023 07:52:20:	16	count	time	5.000000s/cts	O Det=22	H Det=347	Mon Det=28773	Aux Det=50	O+H=419	 DONE
28/08/2023 07:52:27:	close file and end scan	 DONE
28/08/2023 07:52:28:	END OF SCRIPT	 DONE
