24/08/2023 17:26:43:	start execution of script D:\data\Cycle 192ter\exp_3-16-14\rawdata\sc\ifg_5s_1p.sc	 DONE
24/08/2023 17:26:43:	create file	D:\data\Cycle 192ter\exp_3-16-14\rawdata\sc\ifg_5s_1p_24Aug1726.dat	 DONE
room to enter remarks DONE
24/08/2023 17:26:44:	move motor	S18.axis2.phaseshifter 1 to -1.500000deg	 DONE
24/08/2023 17:26:49:	1	count	time	5.000000s/cts	O Det=227	H Det=884	Mon Det=28968	Aux Det=390	O+H=1111	 DONE
24/08/2023 17:26:57:	move motor	S18.axis2.phaseshifter 1 to -1.300000deg	 DONE
24/08/2023 17:27:01:	2	count	time	5.000000s/cts	O Det=122	H Det=1093	Mon Det=29241	Aux Det=283	O+H=1215	 DONE
24/08/2023 17:27:09:	move motor	S18.axis2.phaseshifter 1 to -1.100000deg	 DONE
24/08/2023 17:27:13:	3	count	time	5.000000s/cts	O Det=76	H Det=1273	Mon Det=29382	Aux Det=172	O+H=1349	 DONE
24/08/2023 17:27:20:	move motor	S18.axis2.phaseshifter 1 to -0.900000deg	 DONE
24/08/2023 17:27:24:	4	count	time	5.000000s/cts	O Det=69	H Det=1396	Mon Det=29233	Aux Det=98	O+H=1465	 DONE
24/08/2023 17:27:32:	move motor	S18.axis2.phaseshifter 1 to -0.700000deg	 DONE
24/08/2023 17:27:36:	5	count	time	5.000000s/cts	O Det=91	H Det=1391	Mon Det=29137	Aux Det=53	O+H=1482	 DONE
24/08/2023 17:27:44:	move motor	S18.axis2.phaseshifter 1 to -0.500000deg	 DONE
24/08/2023 17:27:48:	6	count	time	5.000000s/cts	O Det=180	H Det=1168	Mon Det=29437	Aux Det=125	O+H=1348	 DONE
24/08/2023 17:27:56:	move motor	S18.axis2.phaseshifter 1 to -0.300000deg	 DONE
24/08/2023 17:28:00:	7	count	time	5.000000s/cts	O Det=243	H Det=1036	Mon Det=29097	Aux Det=229	O+H=1279	 DONE
24/08/2023 17:28:07:	move motor	S18.axis2.phaseshifter 1 to -0.100000deg	 DONE
24/08/2023 17:28:11:	8	count	time	5.000000s/cts	O Det=329	H Det=787	Mon Det=28862	Aux Det=300	O+H=1116	 DONE
24/08/2023 17:28:19:	move motor	S18.axis2.phaseshifter 1 to 0.100000deg	 DONE
24/08/2023 17:28:23:	9	count	time	5.000000s/cts	O Det=372	H Det=710	Mon Det=29018	Aux Det=381	O+H=1082	 DONE
24/08/2023 17:28:31:	move motor	S18.axis2.phaseshifter 1 to 0.300000deg	 DONE
24/08/2023 17:28:35:	10	count	time	5.000000s/cts	O Det=321	H Det=675	Mon Det=29325	Aux Det=452	O+H=996	 DONE
24/08/2023 17:28:43:	move motor	S18.axis2.phaseshifter 1 to 0.500000deg	 DONE
24/08/2023 17:28:47:	11	count	time	5.000000s/cts	O Det=248	H Det=823	Mon Det=29049	Aux Det=376	O+H=1071	 DONE
24/08/2023 17:28:54:	move motor	S18.axis2.phaseshifter 1 to 0.700000deg	 DONE
24/08/2023 17:28:58:	12	count	time	5.000000s/cts	O Det=158	H Det=998	Mon Det=29272	Aux Det=329	O+H=1156	 DONE
24/08/2023 17:29:06:	move motor	S18.axis2.phaseshifter 1 to 0.900000deg	 DONE
24/08/2023 17:29:10:	13	count	time	5.000000s/cts	O Det=88	H Det=1216	Mon Det=29030	Aux Det=218	O+H=1304	 DONE
24/08/2023 17:29:18:	move motor	S18.axis2.phaseshifter 1 to 1.100000deg	 DONE
24/08/2023 17:29:22:	14	count	time	5.000000s/cts	O Det=61	H Det=1292	Mon Det=29000	Aux Det=119	O+H=1353	 DONE
24/08/2023 17:29:30:	move motor	S18.axis2.phaseshifter 1 to 1.300000deg	 DONE
24/08/2023 17:29:34:	15	count	time	5.000000s/cts	O Det=85	H Det=1383	Mon Det=29102	Aux Det=76	O+H=1468	 DONE
24/08/2023 17:29:41:	move motor	S18.axis2.phaseshifter 1 to 1.500000deg	 DONE
24/08/2023 17:29:45:	16	count	time	5.000000s/cts	O Det=160	H Det=1326	Mon Det=29098	Aux Det=98	O+H=1486	 DONE
24/08/2023 17:29:53:	close file and end scan	 DONE
24/08/2023 17:29:53:	END OF SCRIPT	 DONE
