03/09/2023 06:34:54:	start execution of script D:\data\Cycle 192ter\exp_3-16-14\rawdata\sc\ifg_20s_3p.sc	 DONE
03/09/2023 06:34:54:	create file	D:\data\Cycle 192ter\exp_3-16-14\rawdata\sc\ifg_20s_3p_03Sep0634.dat	 DONE
room to enter remarks DONE
03/09/2023 06:34:55:	move motor	S18.axis2.phaseshifter 1 to -3.000000deg	 DONE
03/09/2023 06:35:00:	1	count	time	20.000000s/cts	O Det=774	H Det=2721	Mon Det=127107	Aux Det=2390	O+H=5885	 DONE
03/09/2023 06:35:23:	move motor	S18.axis2.phaseshifter 1 to -2.800000deg	 DONE
03/09/2023 06:35:27:	2	count	time	20.000000s/cts	O Det=799	H Det=2586	Mon Det=127058	Aux Det=2346	O+H=5731	 DONE
03/09/2023 06:35:50:	move motor	S18.axis2.phaseshifter 1 to -2.600000deg	 DONE
03/09/2023 06:35:54:	3	count	time	20.000000s/cts	O Det=810	H Det=2967	Mon Det=128250	Aux Det=2128	O+H=5905	 DONE
03/09/2023 06:36:16:	move motor	S18.axis2.phaseshifter 1 to -2.400000deg	 DONE
03/09/2023 06:36:20:	4	count	time	20.000000s/cts	O Det=728	H Det=3526	Mon Det=128033	Aux Det=1841	O+H=6095	 DONE
03/09/2023 06:36:43:	move motor	S18.axis2.phaseshifter 1 to -2.200000deg	 DONE
03/09/2023 06:36:47:	5	count	time	20.000000s/cts	O Det=552	H Det=4159	Mon Det=127373	Aux Det=1309	O+H=6020	 DONE
03/09/2023 06:37:09:	move motor	S18.axis2.phaseshifter 1 to -2.000000deg	 DONE
03/09/2023 06:37:14:	6	count	time	20.000000s/cts	O Det=359	H Det=5113	Mon Det=127477	Aux Det=616	O+H=6088	 DONE
03/09/2023 06:37:36:	move motor	S18.axis2.phaseshifter 1 to -1.800000deg	 DONE
03/09/2023 06:37:40:	7	count	time	20.000000s/cts	O Det=230	H Det=5601	Mon Det=128451	Aux Det=301	O+H=6132	 DONE
03/09/2023 06:38:03:	move motor	S18.axis2.phaseshifter 1 to -1.600000deg	 DONE
03/09/2023 06:38:07:	8	count	time	20.000000s/cts	O Det=197	H Det=5866	Mon Det=132282	Aux Det=249	O+H=6312	 DONE
03/09/2023 06:38:30:	move motor	S18.axis2.phaseshifter 1 to -1.400000deg	 DONE
03/09/2023 06:38:34:	9	count	time	20.000000s/cts	O Det=256	H Det=5562	Mon Det=131174	Aux Det=490	O+H=6308	 DONE
03/09/2023 06:38:56:	move motor	S18.axis2.phaseshifter 1 to -1.200000deg	 DONE
03/09/2023 06:39:00:	10	count	time	20.000000s/cts	O Det=366	H Det=4635	Mon Det=132510	Aux Det=1033	O+H=6034	 DONE
03/09/2023 06:39:23:	move motor	S18.axis2.phaseshifter 1 to -1.000000deg	 DONE
03/09/2023 06:39:27:	11	count	time	20.000000s/cts	O Det=523	H Det=3822	Mon Det=130608	Aux Det=1571	O+H=5916	 DONE
03/09/2023 06:39:50:	move motor	S18.axis2.phaseshifter 1 to -0.800000deg	 DONE
03/09/2023 06:39:54:	12	count	time	20.000000s/cts	O Det=647	H Det=3185	Mon Det=132771	Aux Det=1961	O+H=5793	 DONE
03/09/2023 06:40:16:	move motor	S18.axis2.phaseshifter 1 to -0.600000deg	 DONE
03/09/2023 06:40:20:	13	count	time	20.000000s/cts	O Det=789	H Det=2678	Mon Det=133626	Aux Det=2395	O+H=5862	 DONE
03/09/2023 06:40:43:	move motor	S18.axis2.phaseshifter 1 to -0.400000deg	 DONE
03/09/2023 06:40:47:	14	count	time	20.000000s/cts	O Det=767	H Det=2783	Mon Det=132053	Aux Det=2276	O+H=5826	 DONE
03/09/2023 06:41:09:	move motor	S18.axis2.phaseshifter 1 to -0.200000deg	 DONE
03/09/2023 06:41:13:	15	count	time	20.000000s/cts	O Det=726	H Det=3396	Mon Det=129665	Aux Det=1902	O+H=6024	 DONE
03/09/2023 06:41:36:	move motor	S18.axis2.phaseshifter 1 to 0.000000deg	 DONE
03/09/2023 06:41:40:	16	count	time	20.000000s/cts	O Det=535	H Det=4178	Mon Det=129461	Aux Det=1240	O+H=5953	 DONE
03/09/2023 06:42:03:	move motor	S18.axis2.phaseshifter 1 to 0.200000deg	 DONE
03/09/2023 06:42:07:	17	count	time	20.000000s/cts	O Det=459	H Det=4938	Mon Det=128336	Aux Det=918	O+H=6315	 DONE
03/09/2023 06:42:29:	move motor	S18.axis2.phaseshifter 1 to 0.400000deg	 DONE
03/09/2023 06:42:33:	18	count	time	20.000000s/cts	O Det=269	H Det=5468	Mon Det=127516	Aux Det=454	O+H=6191	 DONE
03/09/2023 06:42:56:	move motor	S18.axis2.phaseshifter 1 to 0.600000deg	 DONE
03/09/2023 06:43:00:	19	count	time	20.000000s/cts	O Det=219	H Det=5688	Mon Det=128996	Aux Det=283	O+H=6190	 DONE
03/09/2023 06:43:23:	move motor	S18.axis2.phaseshifter 1 to 0.800000deg	 DONE
03/09/2023 06:43:27:	20	count	time	20.000000s/cts	O Det=266	H Det=5274	Mon Det=130109	Aux Det=577	O+H=6117	 DONE
03/09/2023 06:43:50:	move motor	S18.axis2.phaseshifter 1 to 1.000000deg	 DONE
03/09/2023 06:43:54:	21	count	time	20.000000s/cts	O Det=363	H Det=4759	Mon Det=129281	Aux Det=976	O+H=6098	 DONE
03/09/2023 06:44:16:	move motor	S18.axis2.phaseshifter 1 to 1.200000deg	 DONE
03/09/2023 06:44:20:	22	count	time	20.000000s/cts	O Det=573	H Det=3558	Mon Det=129675	Aux Det=1837	O+H=5968	 DONE
03/09/2023 06:44:43:	move motor	S18.axis2.phaseshifter 1 to 1.400000deg	 DONE
03/09/2023 06:44:47:	23	count	time	20.000000s/cts	O Det=721	H Det=3072	Mon Det=126377	Aux Det=2172	O+H=5965	 DONE
03/09/2023 06:45:10:	move motor	S18.axis2.phaseshifter 1 to 1.600000deg	 DONE
03/09/2023 06:45:14:	24	count	time	20.000000s/cts	O Det=814	H Det=2750	Mon Det=126733	Aux Det=2349	O+H=5913	 DONE
03/09/2023 06:45:37:	move motor	S18.axis2.phaseshifter 1 to 1.800000deg	 DONE
03/09/2023 06:45:40:	25	count	time	20.000000s/cts	O Det=786	H Det=3121	Mon Det=126510	Aux Det=2110	O+H=6017	 DONE
03/09/2023 06:46:03:	move motor	S18.axis2.phaseshifter 1 to 2.000000deg	 DONE
03/09/2023 06:46:07:	26	count	time	20.000000s/cts	O Det=675	H Det=3734	Mon Det=126429	Aux Det=1588	O+H=5997	 DONE
03/09/2023 06:46:30:	move motor	S18.axis2.phaseshifter 1 to 2.200000deg	 DONE
03/09/2023 06:46:34:	27	count	time	20.000000s/cts	O Det=419	H Det=4814	Mon Det=124761	Aux Det=770	O+H=6003	 DONE
03/09/2023 06:46:57:	move motor	S18.axis2.phaseshifter 1 to 2.400000deg	 DONE
03/09/2023 06:47:01:	28	count	time	20.000000s/cts	O Det=289	H Det=5588	Mon Det=125434	Aux Det=368	O+H=6245	 DONE
03/09/2023 06:47:23:	move motor	S18.axis2.phaseshifter 1 to 2.600000deg	 DONE
03/09/2023 06:47:27:	29	count	time	20.000000s/cts	O Det=223	H Det=5832	Mon Det=125371	Aux Det=241	O+H=6296	 DONE
03/09/2023 06:47:50:	move motor	S18.axis2.phaseshifter 1 to 2.800000deg	 DONE
03/09/2023 06:47:54:	30	count	time	20.000000s/cts	O Det=241	H Det=5396	Mon Det=126049	Aux Det=492	O+H=6129	 DONE
03/09/2023 06:48:17:	move motor	S18.axis2.phaseshifter 1 to 3.000000deg	 DONE
03/09/2023 06:48:21:	31	count	time	20.000000s/cts	O Det=358	H Det=4760	Mon Det=127047	Aux Det=957	O+H=6075	 DONE
03/09/2023 06:48:43:	close file and end scan	 DONE
03/09/2023 06:48:44:	END OF SCRIPT	 DONE
