24/08/2023 18:19:41:	start execution of script D:\data\Cycle 192ter\exp_3-16-14\rawdata\sc\ifg_5s_1p.sc	 DONE
24/08/2023 18:19:41:	create file	D:\data\Cycle 192ter\exp_3-16-14\rawdata\sc\ifg_5s_1p_24Aug1819.dat	 DONE
room to enter remarks DONE
24/08/2023 18:19:42:	move motor	S18.axis2.phaseshifter 1 to -1.500000deg	 DONE
24/08/2023 18:19:46:	1	count	time	5.000000s/cts	O Det=208	H Det=941	Mon Det=29756	Aux Det=332	O+H=1481	 DONE
24/08/2023 18:19:54:	move motor	S18.axis2.phaseshifter 1 to -1.300000deg	 DONE
24/08/2023 18:19:58:	2	count	time	5.000000s/cts	O Det=91	H Det=1081	Mon Det=29503	Aux Det=208	O+H=1380	 DONE
24/08/2023 18:20:06:	move motor	S18.axis2.phaseshifter 1 to -1.100000deg	 DONE
24/08/2023 18:20:10:	3	count	time	5.000000s/cts	O Det=49	H Det=1285	Mon Det=29358	Aux Det=127	O+H=1461	 DONE
24/08/2023 18:20:17:	move motor	S18.axis2.phaseshifter 1 to -0.900000deg	 DONE
24/08/2023 18:20:21:	4	count	time	5.000000s/cts	O Det=57	H Det=1338	Mon Det=30117	Aux Det=70	O+H=1465	 DONE
24/08/2023 18:20:29:	move motor	S18.axis2.phaseshifter 1 to -0.700000deg	 DONE
24/08/2023 18:20:33:	5	count	time	5.000000s/cts	O Det=108	H Det=1268	Mon Det=30002	Aux Det=80	O+H=1456	 DONE
24/08/2023 18:20:40:	move motor	S18.axis2.phaseshifter 1 to -0.500000deg	 DONE
24/08/2023 18:20:44:	6	count	time	5.000000s/cts	O Det=222	H Det=1057	Mon Det=29754	Aux Det=129	O+H=1408	 DONE
24/08/2023 18:20:52:	move motor	S18.axis2.phaseshifter 1 to -0.300000deg	 DONE
24/08/2023 18:20:56:	7	count	time	5.000000s/cts	O Det=271	H Det=916	Mon Det=30053	Aux Det=251	O+H=1438	 DONE
24/08/2023 18:21:04:	move motor	S18.axis2.phaseshifter 1 to -0.100000deg	 DONE
24/08/2023 18:21:08:	8	count	time	5.000000s/cts	O Det=331	H Det=767	Mon Det=29756	Aux Det=337	O+H=1435	 DONE
24/08/2023 18:21:15:	move motor	S18.axis2.phaseshifter 1 to 0.100000deg	 DONE
24/08/2023 18:21:19:	9	count	time	5.000000s/cts	O Det=316	H Det=666	Mon Det=29791	Aux Det=392	O+H=1374	 DONE
24/08/2023 18:21:27:	move motor	S18.axis2.phaseshifter 1 to 0.300000deg	 DONE
24/08/2023 18:21:31:	10	count	time	5.000000s/cts	O Det=280	H Det=715	Mon Det=30232	Aux Det=424	O+H=1419	 DONE
24/08/2023 18:21:38:	move motor	S18.axis2.phaseshifter 1 to 0.500000deg	 DONE
24/08/2023 18:21:42:	11	count	time	5.000000s/cts	O Det=193	H Det=865	Mon Det=29659	Aux Det=368	O+H=1426	 DONE
24/08/2023 18:21:50:	move motor	S18.axis2.phaseshifter 1 to 0.700000deg	 DONE
24/08/2023 18:21:54:	12	count	time	5.000000s/cts	O Det=141	H Det=1039	Mon Det=29814	Aux Det=272	O+H=1452	 DONE
24/08/2023 18:22:02:	move motor	S18.axis2.phaseshifter 1 to 0.900000deg	 DONE
24/08/2023 18:22:06:	13	count	time	5.000000s/cts	O Det=74	H Det=1251	Mon Det=30008	Aux Det=189	O+H=1514	 DONE
24/08/2023 18:22:13:	move motor	S18.axis2.phaseshifter 1 to 1.100000deg	 DONE
24/08/2023 18:22:17:	14	count	time	5.000000s/cts	O Det=59	H Det=1364	Mon Det=29756	Aux Det=90	O+H=1513	 DONE
24/08/2023 18:22:25:	move motor	S18.axis2.phaseshifter 1 to 1.300000deg	 DONE
24/08/2023 18:22:29:	15	count	time	5.000000s/cts	O Det=75	H Det=1315	Mon Det=29807	Aux Det=85	O+H=1475	 DONE
24/08/2023 18:22:36:	move motor	S18.axis2.phaseshifter 1 to 1.500000deg	 DONE
24/08/2023 18:22:41:	16	count	time	5.000000s/cts	O Det=146	H Det=1175	Mon Det=29537	Aux Det=117	O+H=1438	 DONE
24/08/2023 18:22:48:	close file and end scan	 DONE
24/08/2023 18:22:49:	END OF SCRIPT	 DONE
