23/08/2023 15:06:14:	start execution of script D:\data\Cycle 192ter\exp_3-16-14\rawdata\sc\ifg_5s_1p.sc	 DONE
23/08/2023 15:06:14:	create file	D:\data\Cycle 192ter\exp_3-16-14\rawdata\sc\ifg_5s_1p_23Aug1506.dat	 DONE
room to enter remarks DONE
23/08/2023 15:06:15:	move motor	S18.axis2.phaseshifter 1 to -1.500000deg	 DONE
23/08/2023 15:06:20:	1	count	time	5.000000s/cts	O Det=222	H Det=1347	Mon Det=29488	Aux Det=810	O+H=1569	 DONE
23/08/2023 15:06:28:	move motor	S18.axis2.phaseshifter 1 to -1.300000deg	 DONE
23/08/2023 15:06:32:	2	count	time	5.000000s/cts	O Det=311	H Det=1213	Mon Det=28900	Aux Det=796	O+H=1524	 DONE
23/08/2023 15:06:40:	move motor	S18.axis2.phaseshifter 1 to -1.100000deg	 DONE
23/08/2023 15:06:44:	3	count	time	5.000000s/cts	O Det=455	H Det=1100	Mon Det=29542	Aux Det=832	O+H=1555	 DONE
23/08/2023 15:06:51:	move motor	S18.axis2.phaseshifter 1 to -0.900000deg	 DONE
23/08/2023 15:06:55:	4	count	time	5.000000s/cts	O Det=649	H Det=869	Mon Det=29588	Aux Det=865	O+H=1518	 DONE
23/08/2023 15:07:03:	move motor	S18.axis2.phaseshifter 1 to -0.700000deg	 DONE
23/08/2023 15:07:07:	5	count	time	5.000000s/cts	O Det=743	H Det=803	Mon Det=29477	Aux Det=860	O+H=1546	 DONE
23/08/2023 15:07:15:	move motor	S18.axis2.phaseshifter 1 to -0.500000deg	 DONE
23/08/2023 15:07:19:	6	count	time	5.000000s/cts	O Det=761	H Det=731	Mon Det=29558	Aux Det=825	O+H=1492	 DONE
23/08/2023 15:07:27:	move motor	S18.axis2.phaseshifter 1 to -0.300000deg	 DONE
23/08/2023 15:07:30:	7	count	time	5.000000s/cts	O Det=737	H Det=806	Mon Det=29452	Aux Det=772	O+H=1543	 DONE
23/08/2023 15:07:38:	move motor	S18.axis2.phaseshifter 1 to -0.100000deg	 DONE
23/08/2023 15:07:42:	8	count	time	5.000000s/cts	O Det=631	H Det=906	Mon Det=29821	Aux Det=778	O+H=1537	 DONE
23/08/2023 15:07:50:	move motor	S18.axis2.phaseshifter 1 to 0.100000deg	 DONE
23/08/2023 15:07:54:	9	count	time	5.000000s/cts	O Det=447	H Det=1109	Mon Det=29445	Aux Det=762	O+H=1556	 DONE
23/08/2023 15:08:02:	move motor	S18.axis2.phaseshifter 1 to 0.300000deg	 DONE
23/08/2023 15:08:06:	10	count	time	5.000000s/cts	O Det=307	H Det=1226	Mon Det=29175	Aux Det=794	O+H=1533	 DONE
23/08/2023 15:08:13:	move motor	S18.axis2.phaseshifter 1 to 0.500000deg	 DONE
23/08/2023 15:08:17:	11	count	time	5.000000s/cts	O Det=207	H Det=1360	Mon Det=29491	Aux Det=858	O+H=1567	 DONE
23/08/2023 15:08:25:	move motor	S18.axis2.phaseshifter 1 to 0.700000deg	 DONE
23/08/2023 15:08:29:	12	count	time	5.000000s/cts	O Det=238	H Det=1387	Mon Det=29252	Aux Det=809	O+H=1625	 DONE
23/08/2023 15:08:37:	move motor	S18.axis2.phaseshifter 1 to 0.900000deg	 DONE
23/08/2023 15:08:41:	13	count	time	5.000000s/cts	O Det=316	H Det=1275	Mon Det=29446	Aux Det=838	O+H=1591	 DONE
23/08/2023 15:08:49:	move motor	S18.axis2.phaseshifter 1 to 1.100000deg	 DONE
23/08/2023 15:08:53:	14	count	time	5.000000s/cts	O Det=435	H Det=1116	Mon Det=29475	Aux Det=848	O+H=1551	 DONE
23/08/2023 15:09:00:	move motor	S18.axis2.phaseshifter 1 to 1.300000deg	 DONE
23/08/2023 15:09:04:	15	count	time	5.000000s/cts	O Det=656	H Det=949	Mon Det=29627	Aux Det=805	O+H=1605	 DONE
23/08/2023 15:09:12:	move motor	S18.axis2.phaseshifter 1 to 1.500000deg	 DONE
23/08/2023 15:09:16:	16	count	time	5.000000s/cts	O Det=779	H Det=813	Mon Det=29314	Aux Det=825	O+H=1592	 DONE
23/08/2023 15:09:24:	close file and end scan	 DONE
23/08/2023 15:09:24:	END OF SCRIPT	 DONE
