24/08/2023 17:43:42:	start execution of script D:\data\Cycle 192ter\exp_3-16-14\rawdata\sc\ifg_5s_1p.sc	 DONE
24/08/2023 17:43:42:	create file	D:\data\Cycle 192ter\exp_3-16-14\rawdata\sc\ifg_5s_1p_24Aug1743.dat	 DONE
room to enter remarks DONE
24/08/2023 17:43:43:	move motor	S18.axis2.phaseshifter 1 to -1.500000deg	 DONE
24/08/2023 17:43:48:	1	count	time	5.000000s/cts	O Det=192	H Det=938	Mon Det=29884	Aux Det=344	O+H=1130	 DONE
24/08/2023 17:43:56:	move motor	S18.axis2.phaseshifter 1 to -1.300000deg	 DONE
24/08/2023 17:44:00:	2	count	time	5.000000s/cts	O Det=134	H Det=1138	Mon Det=29374	Aux Det=221	O+H=1272	 DONE
24/08/2023 17:44:08:	move motor	S18.axis2.phaseshifter 1 to -1.100000deg	 DONE
24/08/2023 17:44:12:	3	count	time	5.000000s/cts	O Det=69	H Det=1317	Mon Det=29718	Aux Det=133	O+H=1386	 DONE
24/08/2023 17:44:20:	move motor	S18.axis2.phaseshifter 1 to -0.900000deg	 DONE
24/08/2023 17:44:24:	4	count	time	5.000000s/cts	O Det=67	H Det=1370	Mon Det=29581	Aux Det=73	O+H=1437	 DONE
24/08/2023 17:44:31:	move motor	S18.axis2.phaseshifter 1 to -0.700000deg	 DONE
24/08/2023 17:44:35:	5	count	time	5.000000s/cts	O Det=104	H Det=1389	Mon Det=29336	Aux Det=84	O+H=1493	 DONE
24/08/2023 17:44:43:	move motor	S18.axis2.phaseshifter 1 to -0.500000deg	 DONE
24/08/2023 17:44:47:	6	count	time	5.000000s/cts	O Det=196	H Det=1112	Mon Det=29470	Aux Det=125	O+H=1308	 DONE
24/08/2023 17:44:55:	move motor	S18.axis2.phaseshifter 1 to -0.300000deg	 DONE
24/08/2023 17:44:59:	7	count	time	5.000000s/cts	O Det=317	H Det=929	Mon Det=29321	Aux Det=220	O+H=1246	 DONE
24/08/2023 17:45:07:	move motor	S18.axis2.phaseshifter 1 to -0.100000deg	 DONE
24/08/2023 17:45:11:	8	count	time	5.000000s/cts	O Det=348	H Det=768	Mon Det=29524	Aux Det=337	O+H=1116	 DONE
24/08/2023 17:45:18:	move motor	S18.axis2.phaseshifter 1 to 0.100000deg	 DONE
24/08/2023 17:45:22:	9	count	time	5.000000s/cts	O Det=363	H Det=694	Mon Det=29341	Aux Det=411	O+H=1057	 DONE
24/08/2023 17:45:30:	move motor	S18.axis2.phaseshifter 1 to 0.300000deg	 DONE
24/08/2023 17:45:34:	10	count	time	5.000000s/cts	O Det=311	H Det=703	Mon Det=29827	Aux Det=409	O+H=1014	 DONE
24/08/2023 17:45:42:	move motor	S18.axis2.phaseshifter 1 to 0.500000deg	 DONE
24/08/2023 17:45:46:	11	count	time	5.000000s/cts	O Det=212	H Det=854	Mon Det=29330	Aux Det=343	O+H=1066	 DONE
24/08/2023 17:45:54:	move motor	S18.axis2.phaseshifter 1 to 0.700000deg	 DONE
24/08/2023 17:45:58:	12	count	time	5.000000s/cts	O Det=133	H Det=1061	Mon Det=29424	Aux Det=292	O+H=1194	 DONE
24/08/2023 17:46:05:	move motor	S18.axis2.phaseshifter 1 to 0.900000deg	 DONE
24/08/2023 17:46:09:	13	count	time	5.000000s/cts	O Det=73	H Det=1277	Mon Det=29257	Aux Det=162	O+H=1350	 DONE
24/08/2023 17:46:17:	move motor	S18.axis2.phaseshifter 1 to 1.100000deg	 DONE
24/08/2023 17:46:21:	14	count	time	5.000000s/cts	O Det=68	H Det=1393	Mon Det=29453	Aux Det=102	O+H=1461	 DONE
24/08/2023 17:46:29:	move motor	S18.axis2.phaseshifter 1 to 1.300000deg	 DONE
24/08/2023 17:46:33:	15	count	time	5.000000s/cts	O Det=100	H Det=1395	Mon Det=29756	Aux Det=76	O+H=1495	 DONE
24/08/2023 17:46:40:	move motor	S18.axis2.phaseshifter 1 to 1.500000deg	 DONE
24/08/2023 17:46:44:	16	count	time	5.000000s/cts	O Det=176	H Det=1162	Mon Det=29669	Aux Det=101	O+H=1338	 DONE
24/08/2023 17:46:52:	close file and end scan	 DONE
24/08/2023 17:46:53:	END OF SCRIPT	 DONE
