02/09/2023 09:23:55:	start execution of script D:\data\Cycle 192ter\exp_3-16-14\rawdata\sc\ifg_20s_3p.sc	 DONE
02/09/2023 09:23:55:	create file	D:\data\Cycle 192ter\exp_3-16-14\rawdata\sc\ifg_20s_3p_02Sep0923.dat	 DONE
room to enter remarks DONE
02/09/2023 09:23:57:	move motor	S18.axis2.phaseshifter 1 to -3.000000deg	 DONE
02/09/2023 09:24:02:	1	count	time	20.000000s/cts	O Det=751	H Det=2591	Mon Det=125943	Aux Det=2393	O+H=5735	 DONE
02/09/2023 09:24:24:	move motor	S18.axis2.phaseshifter 1 to -2.800000deg	 DONE
02/09/2023 09:24:28:	2	count	time	20.000000s/cts	O Det=789	H Det=2595	Mon Det=124645	Aux Det=2331	O+H=5715	 DONE
02/09/2023 09:24:51:	move motor	S18.axis2.phaseshifter 1 to -2.600000deg	 DONE
02/09/2023 09:24:55:	3	count	time	20.000000s/cts	O Det=873	H Det=2722	Mon Det=125821	Aux Det=2265	O+H=5860	 DONE
02/09/2023 09:25:17:	move motor	S18.axis2.phaseshifter 1 to -2.400000deg	 DONE
02/09/2023 09:25:21:	4	count	time	20.000000s/cts	O Det=780	H Det=3110	Mon Det=124885	Aux Det=2033	O+H=5923	 DONE
02/09/2023 09:25:44:	move motor	S18.axis2.phaseshifter 1 to -2.200000deg	 DONE
02/09/2023 09:25:48:	5	count	time	20.000000s/cts	O Det=550	H Det=3976	Mon Det=126213	Aux Det=1362	O+H=5888	 DONE
02/09/2023 09:26:11:	move motor	S18.axis2.phaseshifter 1 to -2.000000deg	 DONE
02/09/2023 09:26:15:	6	count	time	20.000000s/cts	O Det=434	H Det=4809	Mon Det=124930	Aux Det=875	O+H=6118	 DONE
02/09/2023 09:26:37:	move motor	S18.axis2.phaseshifter 1 to -1.800000deg	 DONE
02/09/2023 09:26:41:	7	count	time	20.000000s/cts	O Det=295	H Det=5457	Mon Det=124644	Aux Det=435	O+H=6187	 DONE
02/09/2023 09:27:04:	move motor	S18.axis2.phaseshifter 1 to -1.600000deg	 DONE
02/09/2023 09:27:08:	8	count	time	20.000000s/cts	O Det=197	H Det=5806	Mon Det=123864	Aux Det=220	O+H=6223	 DONE
02/09/2023 09:27:31:	move motor	S18.axis2.phaseshifter 1 to -1.400000deg	 DONE
02/09/2023 09:27:35:	9	count	time	20.000000s/cts	O Det=235	H Det=5319	Mon Det=124902	Aux Det=550	O+H=6104	 DONE
02/09/2023 09:27:58:	move motor	S18.axis2.phaseshifter 1 to -1.200000deg	 DONE
02/09/2023 09:28:01:	10	count	time	20.000000s/cts	O Det=316	H Det=4876	Mon Det=125974	Aux Det=837	O+H=6029	 DONE
02/09/2023 09:28:24:	move motor	S18.axis2.phaseshifter 1 to -1.000000deg	 DONE
02/09/2023 09:28:28:	11	count	time	20.000000s/cts	O Det=440	H Det=4053	Mon Det=126726	Aux Det=1382	O+H=5875	 DONE
02/09/2023 09:28:51:	move motor	S18.axis2.phaseshifter 1 to -0.800000deg	 DONE
02/09/2023 09:28:55:	12	count	time	20.000000s/cts	O Det=610	H Det=3303	Mon Det=125628	Aux Det=2034	O+H=5947	 DONE
02/09/2023 09:29:17:	move motor	S18.axis2.phaseshifter 1 to -0.600000deg	 DONE
02/09/2023 09:29:21:	13	count	time	20.000000s/cts	O Det=715	H Det=2738	Mon Det=125886	Aux Det=2308	O+H=5761	 DONE
02/09/2023 09:29:44:	move motor	S18.axis2.phaseshifter 1 to -0.400000deg	 DONE
02/09/2023 09:29:48:	14	count	time	20.000000s/cts	O Det=790	H Det=2720	Mon Det=125740	Aux Det=2354	O+H=5864	 DONE
02/09/2023 09:30:11:	move motor	S18.axis2.phaseshifter 1 to -0.200000deg	 DONE
02/09/2023 09:30:15:	15	count	time	20.000000s/cts	O Det=735	H Det=3429	Mon Det=125659	Aux Det=1813	O+H=5977	 DONE
02/09/2023 09:30:37:	move motor	S18.axis2.phaseshifter 1 to 0.000000deg	 DONE
02/09/2023 09:30:41:	16	count	time	20.000000s/cts	O Det=510	H Det=4311	Mon Det=125622	Aux Det=1232	O+H=6053	 DONE
02/09/2023 09:31:04:	move motor	S18.axis2.phaseshifter 1 to 0.200000deg	 DONE
02/09/2023 09:31:08:	17	count	time	20.000000s/cts	O Det=319	H Det=5049	Mon Det=125433	Aux Det=673	O+H=6041	 DONE
02/09/2023 09:31:31:	move motor	S18.axis2.phaseshifter 1 to 0.400000deg	 DONE
02/09/2023 09:31:34:	18	count	time	20.000000s/cts	O Det=241	H Det=5461	Mon Det=126490	Aux Det=310	O+H=6012	 DONE
02/09/2023 09:31:57:	move motor	S18.axis2.phaseshifter 1 to 0.600000deg	 DONE
02/09/2023 09:32:01:	19	count	time	20.000000s/cts	O Det=173	H Det=5896	Mon Det=126052	Aux Det=296	O+H=6365	 DONE
02/09/2023 09:32:24:	move motor	S18.axis2.phaseshifter 1 to 0.800000deg	 DONE
02/09/2023 09:32:28:	20	count	time	20.000000s/cts	O Det=265	H Det=5142	Mon Det=125444	Aux Det=611	O+H=6018	 DONE
02/09/2023 09:32:51:	move motor	S18.axis2.phaseshifter 1 to 1.000000deg	 DONE
02/09/2023 09:32:55:	21	count	time	20.000000s/cts	O Det=360	H Det=4619	Mon Det=124980	Aux Det=1176	O+H=6155	 DONE
02/09/2023 09:33:17:	move motor	S18.axis2.phaseshifter 1 to 1.200000deg	 DONE
02/09/2023 09:33:21:	22	count	time	20.000000s/cts	O Det=557	H Det=3501	Mon Det=125007	Aux Det=1855	O+H=5913	 DONE
02/09/2023 09:33:44:	move motor	S18.axis2.phaseshifter 1 to 1.400000deg	 DONE
02/09/2023 09:33:48:	23	count	time	20.000000s/cts	O Det=764	H Det=2757	Mon Det=125722	Aux Det=2300	O+H=5821	 DONE
02/09/2023 09:34:11:	move motor	S18.axis2.phaseshifter 1 to 1.600000deg	 DONE
02/09/2023 09:34:15:	24	count	time	20.000000s/cts	O Det=787	H Det=2646	Mon Det=125298	Aux Det=2419	O+H=5852	 DONE
02/09/2023 09:34:38:	move motor	S18.axis2.phaseshifter 1 to 1.800000deg	 DONE
02/09/2023 09:34:42:	25	count	time	20.000000s/cts	O Det=737	H Det=3036	Mon Det=125224	Aux Det=2148	O+H=5921	 DONE
02/09/2023 09:35:04:	move motor	S18.axis2.phaseshifter 1 to 2.000000deg	 DONE
02/09/2023 09:35:08:	26	count	time	20.000000s/cts	O Det=597	H Det=3808	Mon Det=124503	Aux Det=1522	O+H=5927	 DONE
02/09/2023 09:35:31:	move motor	S18.axis2.phaseshifter 1 to 2.200000deg	 DONE
02/09/2023 09:35:35:	27	count	time	20.000000s/cts	O Det=466	H Det=4556	Mon Det=125242	Aux Det=967	O+H=5989	 DONE
02/09/2023 09:35:57:	move motor	S18.axis2.phaseshifter 1 to 2.400000deg	 DONE
02/09/2023 09:36:02:	28	count	time	20.000000s/cts	O Det=317	H Det=5458	Mon Det=126440	Aux Det=441	O+H=6216	 DONE
02/09/2023 09:36:24:	move motor	S18.axis2.phaseshifter 1 to 2.600000deg	 DONE
02/09/2023 09:36:28:	29	count	time	20.000000s/cts	O Det=191	H Det=5722	Mon Det=125085	Aux Det=211	O+H=6124	 DONE
02/09/2023 09:36:51:	move motor	S18.axis2.phaseshifter 1 to 2.800000deg	 DONE
02/09/2023 09:36:55:	30	count	time	20.000000s/cts	O Det=205	H Det=5527	Mon Det=125890	Aux Det=510	O+H=6242	 DONE
02/09/2023 09:37:18:	move motor	S18.axis2.phaseshifter 1 to 3.000000deg	 DONE
02/09/2023 09:37:22:	31	count	time	20.000000s/cts	O Det=384	H Det=4614	Mon Det=126126	Aux Det=1139	O+H=6137	 DONE
02/09/2023 09:37:44:	close file and end scan	 DONE
02/09/2023 09:37:45:	END OF SCRIPT	 DONE
