24/08/2023 23:45:34:	start execution of script D:\data\Cycle 192ter\exp_3-16-14\rawdata\sc\ifg_5s_1p.sc	 DONE
24/08/2023 23:45:34:	create file	D:\data\Cycle 192ter\exp_3-16-14\rawdata\sc\ifg_5s_1p_24Aug2345.dat	 DONE
room to enter remarks DONE
24/08/2023 23:45:36:	move motor	S18.axis2.phaseshifter 1 to -1.500000deg	 DONE
24/08/2023 23:45:40:	1	count	time	5.000000s/cts	O Det=199	H Det=630	Mon Det=29876	Aux Det=300	O+H=1129	 DONE
24/08/2023 23:45:48:	move motor	S18.axis2.phaseshifter 1 to -1.300000deg	 DONE
24/08/2023 23:45:52:	2	count	time	5.000000s/cts	O Det=119	H Det=848	Mon Det=29774	Aux Det=240	O+H=1207	 DONE
24/08/2023 23:46:00:	move motor	S18.axis2.phaseshifter 1 to -1.100000deg	 DONE
24/08/2023 23:46:04:	3	count	time	5.000000s/cts	O Det=72	H Det=1042	Mon Det=29972	Aux Det=137	O+H=1251	 DONE
24/08/2023 23:46:11:	move motor	S18.axis2.phaseshifter 1 to -0.900000deg	 DONE
24/08/2023 23:46:15:	4	count	time	5.000000s/cts	O Det=52	H Det=1077	Mon Det=29906	Aux Det=88	O+H=1217	 DONE
24/08/2023 23:46:23:	move motor	S18.axis2.phaseshifter 1 to -0.700000deg	 DONE
24/08/2023 23:46:27:	5	count	time	5.000000s/cts	O Det=62	H Det=1114	Mon Det=30031	Aux Det=73	O+H=1249	 DONE
24/08/2023 23:46:35:	move motor	S18.axis2.phaseshifter 1 to -0.500000deg	 DONE
24/08/2023 23:46:39:	6	count	time	5.000000s/cts	O Det=135	H Det=1023	Mon Det=29452	Aux Det=103	O+H=1261	 DONE
24/08/2023 23:46:46:	move motor	S18.axis2.phaseshifter 1 to -0.300000deg	 DONE
24/08/2023 23:46:50:	7	count	time	5.000000s/cts	O Det=160	H Det=841	Mon Det=29693	Aux Det=139	O+H=1140	 DONE
24/08/2023 23:46:58:	move motor	S18.axis2.phaseshifter 1 to -0.100000deg	 DONE
24/08/2023 23:47:02:	8	count	time	5.000000s/cts	O Det=255	H Det=714	Mon Det=29871	Aux Det=251	O+H=1220	 DONE
24/08/2023 23:47:09:	move motor	S18.axis2.phaseshifter 1 to 0.100000deg	 DONE
24/08/2023 23:47:13:	9	count	time	5.000000s/cts	O Det=271	H Det=615	Mon Det=29595	Aux Det=278	O+H=1164	 DONE
24/08/2023 23:47:21:	move motor	S18.axis2.phaseshifter 1 to 0.300000deg	 DONE
24/08/2023 23:47:25:	10	count	time	5.000000s/cts	O Det=247	H Det=629	Mon Det=29885	Aux Det=332	O+H=1208	 DONE
24/08/2023 23:47:33:	move motor	S18.axis2.phaseshifter 1 to 0.500000deg	 DONE
24/08/2023 23:47:37:	11	count	time	5.000000s/cts	O Det=181	H Det=717	Mon Det=30113	Aux Det=298	O+H=1196	 DONE
24/08/2023 23:47:44:	move motor	S18.axis2.phaseshifter 1 to 0.700000deg	 DONE
24/08/2023 23:47:48:	12	count	time	5.000000s/cts	O Det=107	H Det=847	Mon Det=29789	Aux Det=206	O+H=1160	 DONE
24/08/2023 23:47:56:	move motor	S18.axis2.phaseshifter 1 to 0.900000deg	 DONE
24/08/2023 23:48:00:	13	count	time	5.000000s/cts	O Det=79	H Det=1020	Mon Det=30012	Aux Det=144	O+H=1243	 DONE
24/08/2023 23:48:07:	move motor	S18.axis2.phaseshifter 1 to 1.100000deg	 DONE
24/08/2023 23:48:11:	14	count	time	5.000000s/cts	O Det=42	H Det=1119	Mon Det=29909	Aux Det=80	O+H=1241	 DONE
24/08/2023 23:48:19:	move motor	S18.axis2.phaseshifter 1 to 1.300000deg	 DONE
24/08/2023 23:48:23:	15	count	time	5.000000s/cts	O Det=64	H Det=1029	Mon Det=29892	Aux Det=58	O+H=1151	 DONE
24/08/2023 23:48:31:	move motor	S18.axis2.phaseshifter 1 to 1.500000deg	 DONE
24/08/2023 23:48:35:	16	count	time	5.000000s/cts	O Det=117	H Det=1035	Mon Det=29755	Aux Det=82	O+H=1234	 DONE
24/08/2023 23:48:42:	close file and end scan	 DONE
24/08/2023 23:48:43:	END OF SCRIPT	 DONE
