01/09/2023 22:48:26:	start execution of script D:\data\Cycle 192ter\exp_3-16-14\rawdata\sc\ifg_20s_3p.sc	 DONE
01/09/2023 22:48:27:	create file	D:\data\Cycle 192ter\exp_3-16-14\rawdata\sc\ifg_20s_3p_01Sep2248.dat	 DONE
room to enter remarks DONE
01/09/2023 22:48:28:	move motor	S18.axis2.phaseshifter 1 to -3.000000deg	 DONE
01/09/2023 22:48:33:	1	count	time	20.000000s/cts	O Det=733	H Det=2724	Mon Det=130982	Aux Det=2248	O+H=5705	 DONE
01/09/2023 22:48:55:	move motor	S18.axis2.phaseshifter 1 to -2.800000deg	 DONE
01/09/2023 22:49:00:	2	count	time	20.000000s/cts	O Det=789	H Det=2660	Mon Det=128293	Aux Det=2400	O+H=5849	 DONE
01/09/2023 22:49:22:	move motor	S18.axis2.phaseshifter 1 to -2.600000deg	 DONE
01/09/2023 22:49:26:	3	count	time	20.000000s/cts	O Det=769	H Det=2644	Mon Det=126083	Aux Det=2208	O+H=5621	 DONE
01/09/2023 22:49:49:	move motor	S18.axis2.phaseshifter 1 to -2.400000deg	 DONE
01/09/2023 22:49:53:	4	count	time	20.000000s/cts	O Det=750	H Det=3096	Mon Det=125100	Aux Det=2004	O+H=5850	 DONE
01/09/2023 22:50:16:	move motor	S18.axis2.phaseshifter 1 to -2.200000deg	 DONE
01/09/2023 22:50:20:	5	count	time	20.000000s/cts	O Det=558	H Det=3750	Mon Det=125402	Aux Det=1619	O+H=5927	 DONE
01/09/2023 22:50:42:	move motor	S18.axis2.phaseshifter 1 to -2.000000deg	 DONE
01/09/2023 22:50:46:	6	count	time	20.000000s/cts	O Det=432	H Det=4629	Mon Det=126640	Aux Det=921	O+H=5982	 DONE
01/09/2023 22:51:09:	move motor	S18.axis2.phaseshifter 1 to -1.800000deg	 DONE
01/09/2023 22:51:13:	7	count	time	20.000000s/cts	O Det=332	H Det=5289	Mon Det=125202	Aux Det=508	O+H=6129	 DONE
01/09/2023 22:51:36:	move motor	S18.axis2.phaseshifter 1 to -1.600000deg	 DONE
01/09/2023 22:51:40:	8	count	time	20.000000s/cts	O Det=201	H Det=5697	Mon Det=125772	Aux Det=228	O+H=6126	 DONE
01/09/2023 22:52:03:	move motor	S18.axis2.phaseshifter 1 to -1.400000deg	 DONE
01/09/2023 22:52:07:	9	count	time	20.000000s/cts	O Det=201	H Det=5528	Mon Det=124757	Aux Det=341	O+H=6070	 DONE
01/09/2023 22:52:29:	move motor	S18.axis2.phaseshifter 1 to -1.200000deg	 DONE
01/09/2023 22:52:33:	10	count	time	20.000000s/cts	O Det=301	H Det=5084	Mon Det=124270	Aux Det=679	O+H=6064	 DONE
01/09/2023 22:52:56:	move motor	S18.axis2.phaseshifter 1 to -1.000000deg	 DONE
01/09/2023 22:53:00:	11	count	time	20.000000s/cts	O Det=455	H Det=4212	Mon Det=125046	Aux Det=1338	O+H=6005	 DONE
01/09/2023 22:53:23:	move motor	S18.axis2.phaseshifter 1 to -0.800000deg	 DONE
01/09/2023 22:53:26:	12	count	time	20.000000s/cts	O Det=635	H Det=3294	Mon Det=125062	Aux Det=1926	O+H=5855	 DONE
01/09/2023 22:53:49:	move motor	S18.axis2.phaseshifter 1 to -0.600000deg	 DONE
01/09/2023 22:53:53:	13	count	time	20.000000s/cts	O Det=775	H Det=2787	Mon Det=124866	Aux Det=2279	O+H=5841	 DONE
01/09/2023 22:54:16:	move motor	S18.axis2.phaseshifter 1 to -0.400000deg	 DONE
01/09/2023 22:54:20:	14	count	time	20.000000s/cts	O Det=825	H Det=2615	Mon Det=124865	Aux Det=2321	O+H=5761	 DONE
01/09/2023 22:54:42:	move motor	S18.axis2.phaseshifter 1 to -0.200000deg	 DONE
01/09/2023 22:54:46:	15	count	time	20.000000s/cts	O Det=709	H Det=3136	Mon Det=125249	Aux Det=2053	O+H=5898	 DONE
01/09/2023 22:55:09:	move motor	S18.axis2.phaseshifter 1 to 0.000000deg	 DONE
01/09/2023 22:55:13:	16	count	time	20.000000s/cts	O Det=577	H Det=4044	Mon Det=125727	Aux Det=1364	O+H=5985	 DONE
01/09/2023 22:55:36:	move motor	S18.axis2.phaseshifter 1 to 0.200000deg	 DONE
01/09/2023 22:55:40:	17	count	time	20.000000s/cts	O Det=434	H Det=4661	Mon Det=124902	Aux Det=863	O+H=5958	 DONE
01/09/2023 22:56:02:	move motor	S18.axis2.phaseshifter 1 to 0.400000deg	 DONE
01/09/2023 22:56:06:	18	count	time	20.000000s/cts	O Det=296	H Det=5570	Mon Det=125865	Aux Det=376	O+H=6242	 DONE
01/09/2023 22:56:29:	move motor	S18.axis2.phaseshifter 1 to 0.600000deg	 DONE
01/09/2023 22:56:33:	19	count	time	20.000000s/cts	O Det=199	H Det=5673	Mon Det=127146	Aux Det=246	O+H=6118	 DONE
01/09/2023 22:56:56:	move motor	S18.axis2.phaseshifter 1 to 0.800000deg	 DONE
01/09/2023 22:57:00:	20	count	time	20.000000s/cts	O Det=240	H Det=5289	Mon Det=126313	Aux Det=603	O+H=6132	 DONE
01/09/2023 22:57:23:	move motor	S18.axis2.phaseshifter 1 to 1.000000deg	 DONE
01/09/2023 22:57:27:	21	count	time	20.000000s/cts	O Det=374	H Det=4581	Mon Det=126362	Aux Det=1142	O+H=6097	 DONE
01/09/2023 22:57:49:	move motor	S18.axis2.phaseshifter 1 to 1.200000deg	 DONE
01/09/2023 22:57:53:	22	count	time	20.000000s/cts	O Det=581	H Det=3464	Mon Det=127133	Aux Det=1878	O+H=5923	 DONE
01/09/2023 22:58:16:	move motor	S18.axis2.phaseshifter 1 to 1.400000deg	 DONE
01/09/2023 22:58:20:	23	count	time	20.000000s/cts	O Det=710	H Det=2897	Mon Det=127041	Aux Det=2188	O+H=5795	 DONE
01/09/2023 22:58:43:	move motor	S18.axis2.phaseshifter 1 to 1.600000deg	 DONE
01/09/2023 22:58:47:	24	count	time	20.000000s/cts	O Det=786	H Det=2627	Mon Det=128362	Aux Det=2327	O+H=5740	 DONE
01/09/2023 22:59:10:	move motor	S18.axis2.phaseshifter 1 to 1.800000deg	 DONE
01/09/2023 22:59:14:	25	count	time	20.000000s/cts	O Det=767	H Det=2819	Mon Det=130716	Aux Det=2178	O+H=5764	 DONE
01/09/2023 22:59:36:	move motor	S18.axis2.phaseshifter 1 to 2.000000deg	 DONE
01/09/2023 22:59:40:	26	count	time	20.000000s/cts	O Det=669	H Det=3501	Mon Det=128212	Aux Det=1723	O+H=5893	 DONE
01/09/2023 23:00:03:	move motor	S18.axis2.phaseshifter 1 to 2.200000deg	 DONE
01/09/2023 23:00:07:	27	count	time	20.000000s/cts	O Det=516	H Det=4519	Mon Det=129969	Aux Det=1043	O+H=6078	 DONE
01/09/2023 23:00:30:	move motor	S18.axis2.phaseshifter 1 to 2.400000deg	 DONE
01/09/2023 23:00:34:	28	count	time	20.000000s/cts	O Det=277	H Det=5508	Mon Det=129246	Aux Det=388	O+H=6173	 DONE
01/09/2023 23:00:56:	move motor	S18.axis2.phaseshifter 1 to 2.600000deg	 DONE
01/09/2023 23:01:00:	29	count	time	20.000000s/cts	O Det=205	H Det=5807	Mon Det=127752	Aux Det=243	O+H=6255	 DONE
01/09/2023 23:01:23:	move motor	S18.axis2.phaseshifter 1 to 2.800000deg	 DONE
01/09/2023 23:01:27:	30	count	time	20.000000s/cts	O Det=212	H Det=5403	Mon Det=127825	Aux Det=415	O+H=6030	 DONE
01/09/2023 23:01:50:	move motor	S18.axis2.phaseshifter 1 to 3.000000deg	 DONE
01/09/2023 23:01:54:	31	count	time	20.000000s/cts	O Det=323	H Det=4771	Mon Det=128047	Aux Det=974	O+H=6068	 DONE
01/09/2023 23:02:17:	close file and end scan	 DONE
01/09/2023 23:02:17:	END OF SCRIPT	 DONE
