17/09/2023 14:45:38:	start execution of script D:\data\Cycle 192ter\exp_3-16-14\rawdata\sc\ifg_TOF_A1.sc	 DONE
17/09/2023 14:45:38:	function generator:  GPIB1::8 start1 DONE
17/09/2023 14:45:39:	create file	D:\data\Cycle 192ter\exp_3-16-14\rawdata\sc\ifg_TOF_A1_17Sep1445.dat	 DONE
room to enter remarks DONE
17/09/2023 14:45:40:	move motor	S18.axis2.phaseshifter 1 to -2.000000deg	 DONE
17/09/2023 14:45:45:	1	TOF	5	time=20	period=434µ	binwidth=3µ	delay=95µO Det=200	H Det=43	Mon Det=30813	Aux Det=447	O+H=243	 DONE
17/09/2023 14:46:09:	move motor	S18.axis2.phaseshifter 1 to -1.800000deg	 DONE
17/09/2023 14:46:13:	2	TOF	5	time=20	period=434µ	binwidth=3µ	delay=95µO Det=239	H Det=43	Mon Det=30813	Aux Det=526	O+H=282	 DONE
17/09/2023 14:46:37:	move motor	S18.axis2.phaseshifter 1 to -1.600000deg	 DONE
17/09/2023 14:46:41:	3	TOF	5	time=20	period=434µ	binwidth=3µ	delay=95µO Det=288	H Det=43	Mon Det=30813	Aux Det=852	O+H=331	 DONE
17/09/2023 14:47:04:	move motor	S18.axis2.phaseshifter 1 to -1.400000deg	 DONE
17/09/2023 14:47:08:	4	TOF	5	time=20	period=434µ	binwidth=3µ	delay=95µO Det=407	H Det=43	Mon Det=30813	Aux Det=1178	O+H=450	 DONE
17/09/2023 14:47:32:	move motor	S18.axis2.phaseshifter 1 to -1.200000deg	 DONE
17/09/2023 14:47:36:	5	TOF	5	time=20	period=434µ	binwidth=3µ	delay=95µO Det=427	H Det=43	Mon Det=30813	Aux Det=1265	O+H=470	 DONE
17/09/2023 14:48:00:	move motor	S18.axis2.phaseshifter 1 to -1.000000deg	 DONE
17/09/2023 14:48:04:	6	TOF	5	time=20	period=434µ	binwidth=3µ	delay=95µO Det=453	H Det=43	Mon Det=30813	Aux Det=1387	O+H=496	 DONE
17/09/2023 14:48:28:	move motor	S18.axis2.phaseshifter 1 to -0.800000deg	 DONE
17/09/2023 14:48:32:	7	TOF	5	time=20	period=434µ	binwidth=3µ	delay=95µO Det=425	H Det=43	Mon Det=30813	Aux Det=1203	O+H=468	 DONE
17/09/2023 14:48:56:	move motor	S18.axis2.phaseshifter 1 to -0.600000deg	 DONE
17/09/2023 14:49:00:	8	TOF	5	time=20	period=434µ	binwidth=3µ	delay=95µO Det=386	H Det=43	Mon Det=30813	Aux Det=909	O+H=429	 DONE
17/09/2023 14:49:23:	move motor	S18.axis2.phaseshifter 1 to -0.400000deg	 DONE
17/09/2023 14:49:27:	9	TOF	5	time=20	period=434µ	binwidth=3µ	delay=95µO Det=329	H Det=43	Mon Det=30813	Aux Det=681	O+H=372	 DONE
17/09/2023 14:49:51:	move motor	S18.axis2.phaseshifter 1 to -0.200000deg	 DONE
17/09/2023 14:49:55:	10	TOF	5	time=20	period=434µ	binwidth=3µ	delay=95µO Det=235	H Det=43	Mon Det=30813	Aux Det=455	O+H=278	 DONE
17/09/2023 14:50:19:	move motor	S18.axis2.phaseshifter 1 to 0.000000deg	 DONE
17/09/2023 14:50:23:	11	TOF	5	time=20	period=434µ	binwidth=3µ	delay=95µO Det=177	H Det=43	Mon Det=30813	Aux Det=415	O+H=220	 DONE
17/09/2023 14:50:47:	move motor	S18.axis2.phaseshifter 1 to 0.200000deg	 DONE
17/09/2023 14:50:51:	12	TOF	5	time=20	period=434µ	binwidth=3µ	delay=95µO Det=245	H Det=43	Mon Det=30813	Aux Det=608	O+H=288	 DONE
17/09/2023 14:51:14:	move motor	S18.axis2.phaseshifter 1 to 0.400000deg	 DONE
17/09/2023 14:51:19:	13	TOF	5	time=20	period=434µ	binwidth=3µ	delay=95µO Det=258	H Det=43	Mon Det=30813	Aux Det=745	O+H=301	 DONE
17/09/2023 14:51:42:	move motor	S18.axis2.phaseshifter 1 to 0.600000deg	 DONE
17/09/2023 14:51:46:	14	TOF	5	time=20	period=434µ	binwidth=3µ	delay=95µO Det=363	H Det=43	Mon Det=30813	Aux Det=1096	O+H=406	 DONE
17/09/2023 14:52:10:	move motor	S18.axis2.phaseshifter 1 to 0.800000deg	 DONE
17/09/2023 14:52:14:	15	TOF	5	time=20	period=434µ	binwidth=3µ	delay=95µO Det=439	H Det=43	Mon Det=30813	Aux Det=1293	O+H=482	 DONE
17/09/2023 14:52:38:	move motor	S18.axis2.phaseshifter 1 to 1.000000deg	 DONE
17/09/2023 14:52:42:	16	TOF	5	time=20	period=434µ	binwidth=3µ	delay=95µO Det=419	H Det=43	Mon Det=30813	Aux Det=1339	O+H=462	 DONE
17/09/2023 14:53:06:	move motor	S18.axis2.phaseshifter 1 to 1.200000deg	 DONE
17/09/2023 14:53:10:	17	TOF	5	time=20	period=434µ	binwidth=3µ	delay=95µO Det=420	H Det=43	Mon Det=30813	Aux Det=1216	O+H=463	 DONE
17/09/2023 14:53:34:	move motor	S18.axis2.phaseshifter 1 to 1.400000deg	 DONE
17/09/2023 14:53:38:	18	TOF	5	time=20	period=434µ	binwidth=3µ	delay=95µO Det=401	H Det=43	Mon Det=30813	Aux Det=988	O+H=444	 DONE
17/09/2023 14:54:01:	move motor	S18.axis2.phaseshifter 1 to 1.600000deg	 DONE
17/09/2023 14:54:05:	19	TOF	5	time=20	period=434µ	binwidth=3µ	delay=95µO Det=289	H Det=43	Mon Det=30813	Aux Det=684	O+H=332	 DONE
17/09/2023 14:54:29:	move motor	S18.axis2.phaseshifter 1 to 1.800000deg	 DONE
17/09/2023 14:54:33:	20	TOF	5	time=20	period=434µ	binwidth=3µ	delay=95µO Det=216	H Det=43	Mon Det=30813	Aux Det=473	O+H=259	 DONE
17/09/2023 14:54:57:	move motor	S18.axis2.phaseshifter 1 to 2.000000deg	 DONE
17/09/2023 14:55:01:	21	TOF	5	time=20	period=434µ	binwidth=3µ	delay=95µO Det=206	H Det=43	Mon Det=30813	Aux Det=397	O+H=249	 DONE
17/09/2023 14:55:25:	function generator:  GPIB1::8 stop1 DONE
17/09/2023 14:55:25:	close file and end scan	 DONE
17/09/2023 14:55:26:	move motor	S18.axis2.phaseshifter 1 to fit AUX COS45	-0.817793reached -0.80200  DONE
17/09/2023 14:55:30:	END OF SCRIPT	 DONE
