05/09/2023 18:30:12:	start execution of script D:\data\Cycle 192ter\exp_3-16-14\rawdata\sc\ifg_5s_1p.sc	 DONE
05/09/2023 18:30:12:	create file	D:\data\Cycle 192ter\exp_3-16-14\rawdata\sc\ifg_5s_1p_05Sep1830.dat	 DONE
room to enter remarks DONE
05/09/2023 18:30:13:	move motor	S18.axis2.phaseshifter 1 to -1.500000deg	 DONE
05/09/2023 18:30:17:	1	count	time	5.000000s/cts	O Det=41	H Det=1488	Mon Det=29536	Aux Det=70	O+H=1529	 DONE
05/09/2023 18:30:25:	move motor	S18.axis2.phaseshifter 1 to -1.300000deg	 DONE
05/09/2023 18:30:29:	2	count	time	5.000000s/cts	O Det=52	H Det=1350	Mon Det=29821	Aux Det=160	O+H=1402	 DONE
05/09/2023 18:30:37:	move motor	S18.axis2.phaseshifter 1 to -1.100000deg	 DONE
05/09/2023 18:30:41:	3	count	time	5.000000s/cts	O Det=110	H Det=1044	Mon Det=29822	Aux Det=304	O+H=1154	 DONE
05/09/2023 18:30:48:	move motor	S18.axis2.phaseshifter 1 to -0.900000deg	 DONE
05/09/2023 18:30:52:	4	count	time	5.000000s/cts	O Det=124	H Det=856	Mon Det=29653	Aux Det=512	O+H=980	 DONE
05/09/2023 18:31:00:	move motor	S18.axis2.phaseshifter 1 to -0.700000deg	 DONE
05/09/2023 18:31:04:	5	count	time	5.000000s/cts	O Det=180	H Det=653	Mon Det=29567	Aux Det=610	O+H=833	 DONE
05/09/2023 18:31:12:	move motor	S18.axis2.phaseshifter 1 to -0.500000deg	 DONE
05/09/2023 18:31:16:	6	count	time	5.000000s/cts	O Det=180	H Det=701	Mon Det=29634	Aux Det=584	O+H=881	 DONE
05/09/2023 18:31:23:	move motor	S18.axis2.phaseshifter 1 to -0.300000deg	 DONE
05/09/2023 18:31:27:	7	count	time	5.000000s/cts	O Det=219	H Det=858	Mon Det=29485	Aux Det=458	O+H=1077	 DONE
05/09/2023 18:31:35:	move motor	S18.axis2.phaseshifter 1 to -0.100000deg	 DONE
05/09/2023 18:31:39:	8	count	time	5.000000s/cts	O Det=158	H Det=1054	Mon Det=29514	Aux Det=320	O+H=1212	 DONE
05/09/2023 18:31:47:	move motor	S18.axis2.phaseshifter 1 to 0.100000deg	 DONE
05/09/2023 18:31:51:	9	count	time	5.000000s/cts	O Det=110	H Det=1253	Mon Det=29903	Aux Det=165	O+H=1363	 DONE
05/09/2023 18:31:58:	move motor	S18.axis2.phaseshifter 1 to 0.300000deg	 DONE
05/09/2023 18:32:02:	10	count	time	5.000000s/cts	O Det=65	H Det=1450	Mon Det=29659	Aux Det=65	O+H=1515	 DONE
05/09/2023 18:32:10:	move motor	S18.axis2.phaseshifter 1 to 0.500000deg	 DONE
05/09/2023 18:32:14:	11	count	time	5.000000s/cts	O Det=50	H Det=1450	Mon Det=29669	Aux Det=70	O+H=1500	 DONE
05/09/2023 18:32:22:	move motor	S18.axis2.phaseshifter 1 to 0.700000deg	 DONE
05/09/2023 18:32:26:	12	count	time	5.000000s/cts	O Det=46	H Det=1297	Mon Det=29587	Aux Det=169	O+H=1343	 DONE
05/09/2023 18:32:34:	move motor	S18.axis2.phaseshifter 1 to 0.900000deg	 DONE
05/09/2023 18:32:38:	13	count	time	5.000000s/cts	O Det=94	H Det=1133	Mon Det=29842	Aux Det=321	O+H=1227	 DONE
05/09/2023 18:32:45:	move motor	S18.axis2.phaseshifter 1 to 1.100000deg	 DONE
05/09/2023 18:32:49:	14	count	time	5.000000s/cts	O Det=145	H Det=918	Mon Det=30048	Aux Det=429	O+H=1063	 DONE
05/09/2023 18:32:57:	move motor	S18.axis2.phaseshifter 1 to 1.300000deg	 DONE
05/09/2023 18:33:01:	15	count	time	5.000000s/cts	O Det=171	H Det=724	Mon Det=29516	Aux Det=528	O+H=895	 DONE
05/09/2023 18:33:09:	move motor	S18.axis2.phaseshifter 1 to 1.500000deg	 DONE
05/09/2023 18:33:13:	16	count	time	5.000000s/cts	O Det=222	H Det=692	Mon Det=29358	Aux Det=617	O+H=914	 DONE
05/09/2023 18:33:21:	close file and end scan	 DONE
05/09/2023 18:33:21:	END OF SCRIPT	 DONE
