18/09/2023 17:45:03:	start execution of script D:\data\Cycle 192ter\exp_3-16-14\rawdata\sc\ifg_TOF_A1_pi8.sc	 DONE
18/09/2023 17:45:04:	function generator:  GPIB1::8 fn1=SIN *am1=0.74 *fr1=10000 *ph1=0 of1=0 bt1=4 dy1=29.43us DONE
18/09/2023 17:45:04:	function generator:  GPIB1::8 start1 DONE
18/09/2023 17:45:05:	create file	D:\data\Cycle 192ter\exp_3-16-14\rawdata\sc\ifg_TOF_A1_18Sep1745.dat	 DONE
room to enter remarks DONE
18/09/2023 17:45:06:	move motor	S18.axis2.phaseshifter 1 to -2.000000deg	 DONE
18/09/2023 17:45:11:	1	TOF	5	time=20	period=434µ	binwidth=3µ	delay=95µO Det=280	H Det=130	Mon Det=31171	Aux Det=656	O+H=410	 DONE
18/09/2023 17:45:35:	move motor	S18.axis2.phaseshifter 1 to -1.800000deg	 DONE
18/09/2023 17:45:39:	2	TOF	5	time=20	period=434µ	binwidth=3µ	delay=95µO Det=227	H Det=130	Mon Det=31171	Aux Det=445	O+H=357	 DONE
18/09/2023 17:46:03:	move motor	S18.axis2.phaseshifter 1 to -1.600000deg	 DONE
18/09/2023 17:46:07:	3	TOF	5	time=20	period=434µ	binwidth=3µ	delay=95µO Det=248	H Det=130	Mon Det=31171	Aux Det=577	O+H=378	 DONE
18/09/2023 17:46:31:	move motor	S18.axis2.phaseshifter 1 to -1.400000deg	 DONE
18/09/2023 17:46:35:	4	TOF	5	time=20	period=434µ	binwidth=3µ	delay=95µO Det=293	H Det=130	Mon Det=31171	Aux Det=742	O+H=423	 DONE
18/09/2023 17:46:59:	move motor	S18.axis2.phaseshifter 1 to -1.200000deg	 DONE
18/09/2023 17:47:03:	5	TOF	5	time=20	period=434µ	binwidth=3µ	delay=95µO Det=394	H Det=130	Mon Det=31171	Aux Det=1102	O+H=524	 DONE
18/09/2023 17:47:27:	move motor	S18.axis2.phaseshifter 1 to -1.000000deg	 DONE
18/09/2023 17:47:31:	6	TOF	5	time=20	period=434µ	binwidth=3µ	delay=95µO Det=471	H Det=130	Mon Det=31171	Aux Det=1320	O+H=601	 DONE
18/09/2023 17:47:54:	move motor	S18.axis2.phaseshifter 1 to -0.800000deg	 DONE
18/09/2023 17:47:58:	7	TOF	5	time=20	period=434µ	binwidth=3µ	delay=95µO Det=475	H Det=130	Mon Det=31171	Aux Det=1231	O+H=605	 DONE
18/09/2023 17:48:22:	move motor	S18.axis2.phaseshifter 1 to -0.600000deg	 DONE
18/09/2023 17:48:26:	8	TOF	5	time=20	period=434µ	binwidth=3µ	delay=95µO Det=458	H Det=130	Mon Det=31171	Aux Det=1200	O+H=588	 DONE
18/09/2023 17:48:50:	move motor	S18.axis2.phaseshifter 1 to -0.400000deg	 DONE
18/09/2023 17:48:54:	9	TOF	5	time=20	period=434µ	binwidth=3µ	delay=95µO Det=388	H Det=130	Mon Det=31171	Aux Det=971	O+H=518	 DONE
18/09/2023 17:49:18:	move motor	S18.axis2.phaseshifter 1 to -0.200000deg	 DONE
18/09/2023 17:49:22:	10	TOF	5	time=20	period=434µ	binwidth=3µ	delay=95µO Det=276	H Det=130	Mon Det=31171	Aux Det=676	O+H=406	 DONE
18/09/2023 17:49:46:	move motor	S18.axis2.phaseshifter 1 to 0.000000deg	 DONE
18/09/2023 17:49:50:	11	TOF	5	time=20	period=434µ	binwidth=3µ	delay=95µO Det=236	H Det=130	Mon Det=31171	Aux Det=462	O+H=366	 DONE
18/09/2023 17:50:13:	move motor	S18.axis2.phaseshifter 1 to 0.200000deg	 DONE
18/09/2023 17:50:17:	12	TOF	5	time=20	period=434µ	binwidth=3µ	delay=95µO Det=215	H Det=130	Mon Det=31171	Aux Det=451	O+H=345	 DONE
18/09/2023 17:50:41:	move motor	S18.axis2.phaseshifter 1 to 0.400000deg	 DONE
18/09/2023 17:50:45:	13	TOF	5	time=20	period=434µ	binwidth=3µ	delay=95µO Det=209	H Det=130	Mon Det=31171	Aux Det=542	O+H=339	 DONE
18/09/2023 17:51:09:	move motor	S18.axis2.phaseshifter 1 to 0.600000deg	 DONE
18/09/2023 17:51:13:	14	TOF	5	time=20	period=434µ	binwidth=3µ	delay=95µO Det=262	H Det=130	Mon Det=31171	Aux Det=731	O+H=392	 DONE
18/09/2023 17:51:37:	move motor	S18.axis2.phaseshifter 1 to 0.800000deg	 DONE
18/09/2023 17:51:41:	15	TOF	5	time=20	period=434µ	binwidth=3µ	delay=95µO Det=384	H Det=130	Mon Det=31171	Aux Det=1024	O+H=514	 DONE
18/09/2023 17:52:05:	move motor	S18.axis2.phaseshifter 1 to 1.000000deg	 DONE
18/09/2023 17:52:09:	16	TOF	5	time=20	period=434µ	binwidth=3µ	delay=95µO Det=426	H Det=130	Mon Det=31171	Aux Det=1295	O+H=556	 DONE
18/09/2023 17:52:33:	move motor	S18.axis2.phaseshifter 1 to 1.200000deg	 DONE
18/09/2023 17:52:37:	17	TOF	5	time=20	period=434µ	binwidth=3µ	delay=95µO Det=446	H Det=130	Mon Det=31171	Aux Det=1271	O+H=576	 DONE
18/09/2023 17:53:00:	move motor	S18.axis2.phaseshifter 1 to 1.400000deg	 DONE
18/09/2023 17:53:04:	18	TOF	5	time=20	period=434µ	binwidth=3µ	delay=95µO Det=447	H Det=130	Mon Det=31171	Aux Det=1242	O+H=577	 DONE
18/09/2023 17:53:28:	move motor	S18.axis2.phaseshifter 1 to 1.600000deg	 DONE
18/09/2023 17:53:32:	19	TOF	5	time=20	period=434µ	binwidth=3µ	delay=95µO Det=384	H Det=130	Mon Det=31171	Aux Det=914	O+H=514	 DONE
18/09/2023 17:53:56:	move motor	S18.axis2.phaseshifter 1 to 1.800000deg	 DONE
18/09/2023 17:54:00:	20	TOF	5	time=20	period=434µ	binwidth=3µ	delay=95µO Det=305	H Det=130	Mon Det=31171	Aux Det=685	O+H=435	 DONE
18/09/2023 17:54:24:	move motor	S18.axis2.phaseshifter 1 to 2.000000deg	 DONE
18/09/2023 17:54:28:	21	TOF	5	time=20	period=434µ	binwidth=3µ	delay=95µO Det=207	H Det=130	Mon Det=31171	Aux Det=437	O+H=337	 DONE
18/09/2023 17:54:52:	function generator:  GPIB1::8 stop1 DONE
18/09/2023 17:54:52:	close file and end scan	 DONE
18/09/2023 17:54:53:	END OF SCRIPT	 DONE
