01/09/2023 22:26:28:	start execution of script D:\data\Cycle 192ter\exp_3-16-14\rawdata\sc\movePS_90.sc	 DONE
01/09/2023 22:26:29:	create file	D:\data\Cycle 192ter\exp_3-16-14\rawdata\sc\movePS_90_01Sep2226.dat	 DONE
room to enter remarks DONE
01/09/2023 22:26:30:	move motor	S18.axis2.phaseshifter 1 to -2.000000deg	 DONE
01/09/2023 22:26:34:	1	count	time	10.000000s/cts	O Det=323	H Det=1736	Mon Det=61474	Aux Det=896	O+H=2955	 DONE
01/09/2023 22:26:47:	move motor	S18.axis2.phaseshifter 1 to -1.800000deg	 DONE
01/09/2023 22:26:51:	2	count	time	10.000000s/cts	O Det=229	H Det=2231	Mon Det=61839	Aux Det=479	O+H=2939	 DONE
01/09/2023 22:27:04:	move motor	S18.axis2.phaseshifter 1 to -1.600000deg	 DONE
01/09/2023 22:27:08:	3	count	time	10.000000s/cts	O Det=144	H Det=2540	Mon Det=61968	Aux Det=251	O+H=2935	 DONE
01/09/2023 22:27:20:	move motor	S18.axis2.phaseshifter 1 to -1.400000deg	 DONE
01/09/2023 22:27:25:	4	count	time	10.000000s/cts	O Det=104	H Det=2864	Mon Det=61845	Aux Det=117	O+H=3085	 DONE
01/09/2023 22:27:37:	move motor	S18.axis2.phaseshifter 1 to -1.200000deg	 DONE
01/09/2023 22:27:41:	5	count	time	10.000000s/cts	O Det=120	H Det=2564	Mon Det=62128	Aux Det=267	O+H=2951	 DONE
01/09/2023 22:27:54:	move motor	S18.axis2.phaseshifter 1 to -1.000000deg	 DONE
01/09/2023 22:27:58:	6	count	time	10.000000s/cts	O Det=196	H Det=2260	Mon Det=62073	Aux Det=582	O+H=3038	 DONE
01/09/2023 22:28:10:	move motor	S18.axis2.phaseshifter 1 to -0.800000deg	 DONE
01/09/2023 22:28:15:	7	count	time	10.000000s/cts	O Det=274	H Det=1775	Mon Det=62138	Aux Det=841	O+H=2890	 DONE
01/09/2023 22:28:27:	move motor	S18.axis2.phaseshifter 1 to -0.600000deg	 DONE
01/09/2023 22:28:31:	8	count	time	10.000000s/cts	O Det=324	H Det=1509	Mon Det=61800	Aux Det=1041	O+H=2874	 DONE
01/09/2023 22:28:44:	move motor	S18.axis2.phaseshifter 1 to -0.400000deg	 DONE
01/09/2023 22:28:48:	9	count	time	10.000000s/cts	O Det=393	H Det=1321	Mon Det=62763	Aux Det=1208	O+H=2922	 DONE
01/09/2023 22:29:00:	move motor	S18.axis2.phaseshifter 1 to -0.200000deg	 DONE
01/09/2023 22:29:05:	10	count	time	10.000000s/cts	O Det=364	H Det=1451	Mon Det=62407	Aux Det=1084	O+H=2899	 DONE
01/09/2023 22:29:17:	move motor	S18.axis2.phaseshifter 1 to 0.000000deg	 DONE
01/09/2023 22:29:21:	11	count	time	10.000000s/cts	O Det=319	H Det=1946	Mon Det=62286	Aux Det=691	O+H=2956	 DONE
01/09/2023 22:29:34:	move motor	S18.axis2.phaseshifter 1 to 0.200000deg	 DONE
01/09/2023 22:29:38:	12	count	time	10.000000s/cts	O Det=196	H Det=2433	Mon Det=62685	Aux Det=429	O+H=3058	 DONE
01/09/2023 22:29:51:	move motor	S18.axis2.phaseshifter 1 to 0.400000deg	 DONE
01/09/2023 22:29:54:	13	count	time	10.000000s/cts	O Det=132	H Det=2686	Mon Det=63246	Aux Det=210	O+H=3028	 DONE
01/09/2023 22:30:07:	move motor	S18.axis2.phaseshifter 1 to 0.600000deg	 DONE
01/09/2023 22:30:11:	14	count	time	10.000000s/cts	O Det=110	H Det=2816	Mon Det=64009	Aux Det=119	O+H=3045	 DONE
01/09/2023 22:30:24:	move motor	S18.axis2.phaseshifter 1 to 0.800000deg	 DONE
01/09/2023 22:30:28:	15	count	time	10.000000s/cts	O Det=109	H Det=2532	Mon Det=63206	Aux Det=239	O+H=2880	 DONE
01/09/2023 22:30:40:	move motor	S18.axis2.phaseshifter 1 to 1.000000deg	 DONE
01/09/2023 22:30:44:	16	count	time	10.000000s/cts	O Det=180	H Det=2397	Mon Det=63532	Aux Det=477	O+H=3054	 DONE
01/09/2023 22:30:57:	move motor	S18.axis2.phaseshifter 1 to 1.200000deg	 DONE
01/09/2023 22:31:01:	17	count	time	10.000000s/cts	O Det=236	H Det=1950	Mon Det=63233	Aux Det=826	O+H=3012	 DONE
01/09/2023 22:31:14:	move motor	S18.axis2.phaseshifter 1 to 1.400000deg	 DONE
01/09/2023 22:31:18:	18	count	time	10.000000s/cts	O Det=320	H Det=1458	Mon Det=64512	Aux Det=1067	O+H=2845	 DONE
01/09/2023 22:31:30:	move motor	S18.axis2.phaseshifter 1 to 1.600000deg	 DONE
01/09/2023 22:31:34:	19	count	time	10.000000s/cts	O Det=386	H Det=1323	Mon Det=64323	Aux Det=1151	O+H=2860	 DONE
01/09/2023 22:31:47:	move motor	S18.axis2.phaseshifter 1 to 1.800000deg	 DONE
01/09/2023 22:31:51:	20	count	time	10.000000s/cts	O Det=387	H Det=1432	Mon Det=65731	Aux Det=1092	O+H=2911	 DONE
01/09/2023 22:32:03:	move motor	S18.axis2.phaseshifter 1 to 2.000000deg	 DONE
01/09/2023 22:32:07:	21	count	time	10.000000s/cts	O Det=324	H Det=1729	Mon Det=64624	Aux Det=834	O+H=2887	 DONE
01/09/2023 22:32:20:	close file and end scan	 DONE
01/09/2023 22:32:21:	move motor	S18.axis2.phaseshifter 1 to fit H COS270	0.104385reached 0.10986  DONE
01/09/2023 22:32:24:	END OF SCRIPT	 DONE
