01/09/2023 17:25:07:	start execution of script D:\data\Cycle 192ter\exp_3-16-14\rawdata\sc\movePS_0.sc	 DONE
01/09/2023 17:25:08:	create file	D:\data\Cycle 192ter\exp_3-16-14\rawdata\sc\movePS_0_01Sep1725.dat	 DONE
room to enter remarks DONE
01/09/2023 17:25:09:	move motor	S18.axis2.phaseshifter 1 to -2.000000deg	 DONE
01/09/2023 17:25:14:	1	count	time	10.000000s/cts	O Det=192	H Det=2548	Mon Det=62662	Aux Det=303	O+H=3043	 DONE
01/09/2023 17:25:26:	move motor	S18.axis2.phaseshifter 1 to -1.800000deg	 DONE
01/09/2023 17:25:30:	2	count	time	10.000000s/cts	O Det=129	H Det=2798	Mon Det=62520	Aux Det=189	O+H=3116	 DONE
01/09/2023 17:25:43:	move motor	S18.axis2.phaseshifter 1 to -1.600000deg	 DONE
01/09/2023 17:25:47:	3	count	time	10.000000s/cts	O Det=115	H Det=2836	Mon Det=62757	Aux Det=151	O+H=3102	 DONE
01/09/2023 17:26:00:	move motor	S18.axis2.phaseshifter 1 to -1.400000deg	 DONE
01/09/2023 17:26:04:	4	count	time	10.000000s/cts	O Det=159	H Det=2458	Mon Det=62597	Aux Det=410	O+H=3027	 DONE
01/09/2023 17:26:17:	move motor	S18.axis2.phaseshifter 1 to -1.200000deg	 DONE
01/09/2023 17:26:21:	5	count	time	10.000000s/cts	O Det=240	H Det=2074	Mon Det=62018	Aux Det=720	O+H=3034	 DONE
01/09/2023 17:26:34:	move motor	S18.axis2.phaseshifter 1 to -1.000000deg	 DONE
01/09/2023 17:26:38:	6	count	time	10.000000s/cts	O Det=339	H Det=1702	Mon Det=62736	Aux Det=936	O+H=2977	 DONE
01/09/2023 17:26:51:	move motor	S18.axis2.phaseshifter 1 to -0.800000deg	 DONE
01/09/2023 17:26:55:	7	count	time	10.000000s/cts	O Det=397	H Det=1418	Mon Det=63781	Aux Det=1118	O+H=2933	 DONE
01/09/2023 17:27:07:	move motor	S18.axis2.phaseshifter 1 to -0.600000deg	 DONE
01/09/2023 17:27:11:	8	count	time	10.000000s/cts	O Det=425	H Det=1362	Mon Det=62406	Aux Det=1097	O+H=2884	 DONE
01/09/2023 17:27:24:	move motor	S18.axis2.phaseshifter 1 to -0.400000deg	 DONE
01/09/2023 17:27:28:	9	count	time	10.000000s/cts	O Det=354	H Det=1640	Mon Det=62082	Aux Det=900	O+H=2894	 DONE
01/09/2023 17:27:41:	move motor	S18.axis2.phaseshifter 1 to -0.200000deg	 DONE
01/09/2023 17:27:45:	10	count	time	10.000000s/cts	O Det=242	H Det=2094	Mon Det=63145	Aux Det=580	O+H=2916	 DONE
01/09/2023 17:27:58:	move motor	S18.axis2.phaseshifter 1 to 0.000000deg	 DONE
01/09/2023 17:28:02:	11	count	time	10.000000s/cts	O Det=185	H Det=2513	Mon Det=62210	Aux Det=350	O+H=3048	 DONE
01/09/2023 17:28:15:	move motor	S18.axis2.phaseshifter 1 to 0.200000deg	 DONE
01/09/2023 17:28:18:	12	count	time	10.000000s/cts	O Det=139	H Det=2840	Mon Det=63005	Aux Det=172	O+H=3151	 DONE
01/09/2023 17:28:31:	move motor	S18.axis2.phaseshifter 1 to 0.400000deg	 DONE
01/09/2023 17:28:35:	13	count	time	10.000000s/cts	O Det=118	H Det=2942	Mon Det=62797	Aux Det=132	O+H=3192	 DONE
01/09/2023 17:28:48:	move motor	S18.axis2.phaseshifter 1 to 0.600000deg	 DONE
01/09/2023 17:28:52:	14	count	time	10.000000s/cts	O Det=154	H Det=2618	Mon Det=62690	Aux Det=299	O+H=3071	 DONE
01/09/2023 17:29:05:	move motor	S18.axis2.phaseshifter 1 to 0.800000deg	 DONE
01/09/2023 17:29:09:	15	count	time	10.000000s/cts	O Det=194	H Det=2266	Mon Det=62948	Aux Det=529	O+H=2989	 DONE
01/09/2023 17:29:22:	move motor	S18.axis2.phaseshifter 1 to 1.000000deg	 DONE
01/09/2023 17:29:26:	16	count	time	10.000000s/cts	O Det=298	H Det=1861	Mon Det=62330	Aux Det=873	O+H=3032	 DONE
01/09/2023 17:29:39:	move motor	S18.axis2.phaseshifter 1 to 1.200000deg	 DONE
01/09/2023 17:29:42:	17	count	time	10.000000s/cts	O Det=352	H Det=1413	Mon Det=63069	Aux Det=1111	O+H=2876	 DONE
01/09/2023 17:29:55:	move motor	S18.axis2.phaseshifter 1 to 1.400000deg	 DONE
01/09/2023 17:29:59:	18	count	time	10.000000s/cts	O Det=387	H Det=1354	Mon Det=62583	Aux Det=1179	O+H=2920	 DONE
01/09/2023 17:30:12:	move motor	S18.axis2.phaseshifter 1 to 1.600000deg	 DONE
01/09/2023 17:30:16:	19	count	time	10.000000s/cts	O Det=365	H Det=1521	Mon Det=62973	Aux Det=980	O+H=2866	 DONE
01/09/2023 17:30:29:	move motor	S18.axis2.phaseshifter 1 to 1.800000deg	 DONE
01/09/2023 17:30:33:	20	count	time	10.000000s/cts	O Det=323	H Det=1891	Mon Det=62893	Aux Det=748	O+H=2962	 DONE
01/09/2023 17:30:46:	move motor	S18.axis2.phaseshifter 1 to 2.000000deg	 DONE
01/09/2023 17:30:49:	21	count	time	10.000000s/cts	O Det=227	H Det=2397	Mon Det=62535	Aux Det=483	O+H=3107	 DONE
01/09/2023 17:31:02:	close file and end scan	 DONE
01/09/2023 17:31:03:	move motor	S18.axis2.phaseshifter 1 to fit H COS180	1.369649reached 1.38428  DONE
01/09/2023 17:31:06:	END OF SCRIPT	 DONE
