06/09/2023 19:46:53:	start execution of script D:\data\Cycle 192ter\exp_3-16-14\rawdata\sc\movePS_270.sc	 DONE
06/09/2023 19:46:53:	create file	D:\data\Cycle 192ter\exp_3-16-14\rawdata\sc\movePS_270_06Sep1946.dat	 DONE
room to enter remarks DONE
06/09/2023 19:46:54:	move motor	S18.axis2.phaseshifter 1 to -2.000000deg	 DONE
06/09/2023 19:46:59:	1	count	time	10.000000s/cts	O Det=149	H Det=2779	Mon Det=60104	Aux Det=210	O+H=2928	 DONE
06/09/2023 19:47:12:	move motor	S18.axis2.phaseshifter 1 to -1.800000deg	 DONE
06/09/2023 19:47:16:	2	count	time	10.000000s/cts	O Det=95	H Det=2865	Mon Det=59854	Aux Det=93	O+H=2960	 DONE
06/09/2023 19:47:29:	move motor	S18.axis2.phaseshifter 1 to -1.600000deg	 DONE
06/09/2023 19:47:33:	3	count	time	10.000000s/cts	O Det=95	H Det=2879	Mon Det=59922	Aux Det=157	O+H=2974	 DONE
06/09/2023 19:47:45:	move motor	S18.axis2.phaseshifter 1 to -1.400000deg	 DONE
06/09/2023 19:47:50:	4	count	time	10.000000s/cts	O Det=127	H Det=2577	Mon Det=60256	Aux Det=393	O+H=2704	 DONE
06/09/2023 19:48:02:	move motor	S18.axis2.phaseshifter 1 to -1.200000deg	 DONE
06/09/2023 19:48:07:	5	count	time	10.000000s/cts	O Det=206	H Det=2062	Mon Det=60054	Aux Det=757	O+H=2268	 DONE
06/09/2023 19:48:19:	move motor	S18.axis2.phaseshifter 1 to -1.000000deg	 DONE
06/09/2023 19:48:24:	6	count	time	10.000000s/cts	O Det=351	H Det=1615	Mon Det=60131	Aux Det=1093	O+H=1966	 DONE
06/09/2023 19:48:36:	move motor	S18.axis2.phaseshifter 1 to -0.800000deg	 DONE
06/09/2023 19:48:40:	7	count	time	10.000000s/cts	O Det=435	H Det=1312	Mon Det=60186	Aux Det=1216	O+H=1747	 DONE
06/09/2023 19:48:53:	move motor	S18.axis2.phaseshifter 1 to -0.600000deg	 DONE
06/09/2023 19:48:57:	8	count	time	10.000000s/cts	O Det=419	H Det=1363	Mon Det=59645	Aux Det=1165	O+H=1782	 DONE
06/09/2023 19:49:10:	move motor	S18.axis2.phaseshifter 1 to -0.400000deg	 DONE
06/09/2023 19:49:14:	9	count	time	10.000000s/cts	O Det=361	H Det=1608	Mon Det=60555	Aux Det=951	O+H=1969	 DONE
06/09/2023 19:49:27:	move motor	S18.axis2.phaseshifter 1 to -0.200000deg	 DONE
06/09/2023 19:49:31:	10	count	time	10.000000s/cts	O Det=312	H Det=2026	Mon Det=60338	Aux Det=775	O+H=2338	 DONE
06/09/2023 19:49:44:	move motor	S18.axis2.phaseshifter 1 to 0.000000deg	 DONE
06/09/2023 19:49:48:	11	count	time	10.000000s/cts	O Det=228	H Det=2505	Mon Det=60358	Aux Det=368	O+H=2733	 DONE
06/09/2023 19:50:01:	move motor	S18.axis2.phaseshifter 1 to 0.200000deg	 DONE
06/09/2023 19:50:05:	12	count	time	10.000000s/cts	O Det=127	H Det=2952	Mon Det=60493	Aux Det=157	O+H=3079	 DONE
06/09/2023 19:50:18:	move motor	S18.axis2.phaseshifter 1 to 0.400000deg	 DONE
06/09/2023 19:50:22:	13	count	time	10.000000s/cts	O Det=89	H Det=2902	Mon Det=60428	Aux Det=141	O+H=2991	 DONE
06/09/2023 19:50:35:	move motor	S18.axis2.phaseshifter 1 to 0.600000deg	 DONE
06/09/2023 19:50:39:	14	count	time	10.000000s/cts	O Det=158	H Det=2719	Mon Det=60391	Aux Det=313	O+H=2877	 DONE
06/09/2023 19:50:52:	move motor	S18.axis2.phaseshifter 1 to 0.800000deg	 DONE
06/09/2023 19:50:56:	15	count	time	10.000000s/cts	O Det=197	H Det=2206	Mon Det=60368	Aux Det=607	O+H=2403	 DONE
06/09/2023 19:51:09:	move motor	S18.axis2.phaseshifter 1 to 1.000000deg	 DONE
06/09/2023 19:51:13:	16	count	time	10.000000s/cts	O Det=286	H Det=1774	Mon Det=60896	Aux Det=893	O+H=2060	 DONE
06/09/2023 19:51:26:	move motor	S18.axis2.phaseshifter 1 to 1.200000deg	 DONE
06/09/2023 19:51:30:	17	count	time	10.000000s/cts	O Det=417	H Det=1414	Mon Det=59955	Aux Det=1180	O+H=1831	 DONE
06/09/2023 19:51:42:	move motor	S18.axis2.phaseshifter 1 to 1.400000deg	 DONE
06/09/2023 19:51:46:	18	count	time	10.000000s/cts	O Det=428	H Det=1319	Mon Det=60894	Aux Det=1149	O+H=1747	 DONE
06/09/2023 19:51:59:	move motor	S18.axis2.phaseshifter 1 to 1.600000deg	 DONE
06/09/2023 19:52:03:	19	count	time	10.000000s/cts	O Det=419	H Det=1571	Mon Det=60188	Aux Det=1037	O+H=1990	 DONE
06/09/2023 19:52:16:	move motor	S18.axis2.phaseshifter 1 to 1.800000deg	 DONE
06/09/2023 19:52:20:	20	count	time	10.000000s/cts	O Det=331	H Det=2036	Mon Det=60213	Aux Det=692	O+H=2367	 DONE
06/09/2023 19:52:33:	move motor	S18.axis2.phaseshifter 1 to 2.000000deg	 DONE
06/09/2023 19:52:37:	21	count	time	10.000000s/cts	O Det=228	H Det=2412	Mon Det=60338	Aux Det=447	O+H=2640	 DONE
06/09/2023 19:52:49:	close file and end scan	 DONE
06/09/2023 19:52:50:	move motor	S18.axis2.phaseshifter 1 to fit H COS90	0.839584reached 0.83496  DONE
06/09/2023 19:52:54:	END OF SCRIPT	 DONE
