28/08/2023 16:02:29:	start execution of script D:\data\Cycle 192ter\exp_3-16-14\rawdata\sc\movePS_270.sc	 DONE
28/08/2023 16:02:29:	create file	D:\data\Cycle 192ter\exp_3-16-14\rawdata\sc\movePS_270_28Aug1602.dat	 DONE
room to enter remarks DONE
28/08/2023 16:02:30:	move motor	S18.axis2.phaseshifter 1 to -2.000000deg	 DONE
28/08/2023 16:02:35:	1	count	time	10.000000s/cts	O Det=383	H Det=1535	Mon Det=61825	Aux Det=1105	O+H=1918	 DONE
28/08/2023 16:02:47:	move motor	S18.axis2.phaseshifter 1 to -1.800000deg	 DONE
28/08/2023 16:02:51:	2	count	time	10.000000s/cts	O Det=326	H Det=1922	Mon Det=62232	Aux Det=810	O+H=2248	 DONE
28/08/2023 16:03:04:	move motor	S18.axis2.phaseshifter 1 to -1.600000deg	 DONE
28/08/2023 16:03:08:	3	count	time	10.000000s/cts	O Det=229	H Det=2205	Mon Det=61803	Aux Det=557	O+H=2434	 DONE
28/08/2023 16:03:21:	move motor	S18.axis2.phaseshifter 1 to -1.400000deg	 DONE
28/08/2023 16:03:25:	4	count	time	10.000000s/cts	O Det=162	H Det=2765	Mon Det=62195	Aux Det=249	O+H=2927	 DONE
28/08/2023 16:03:37:	move motor	S18.axis2.phaseshifter 1 to -1.200000deg	 DONE
28/08/2023 16:03:41:	5	count	time	10.000000s/cts	O Det=140	H Det=2731	Mon Det=63470	Aux Det=225	O+H=2871	 DONE
28/08/2023 16:03:54:	move motor	S18.axis2.phaseshifter 1 to -1.000000deg	 DONE
28/08/2023 16:03:58:	6	count	time	10.000000s/cts	O Det=138	H Det=2646	Mon Det=64150	Aux Det=258	O+H=2784	 DONE
28/08/2023 16:04:11:	move motor	S18.axis2.phaseshifter 1 to -0.800000deg	 DONE
28/08/2023 16:04:14:	7	count	time	10.000000s/cts	O Det=218	H Det=2334	Mon Det=63040	Aux Det=572	O+H=2552	 DONE
28/08/2023 16:04:27:	move motor	S18.axis2.phaseshifter 1 to -0.600000deg	 DONE
28/08/2023 16:04:31:	8	count	time	10.000000s/cts	O Det=264	H Det=1988	Mon Det=63210	Aux Det=732	O+H=2252	 DONE
28/08/2023 16:04:44:	move motor	S18.axis2.phaseshifter 1 to -0.400000deg	 DONE
28/08/2023 16:04:48:	9	count	time	10.000000s/cts	O Det=332	H Det=1658	Mon Det=63295	Aux Det=1040	O+H=1990	 DONE
28/08/2023 16:05:01:	move motor	S18.axis2.phaseshifter 1 to -0.200000deg	 DONE
28/08/2023 16:05:04:	10	count	time	10.000000s/cts	O Det=375	H Det=1557	Mon Det=62970	Aux Det=1127	O+H=1932	 DONE
28/08/2023 16:05:17:	move motor	S18.axis2.phaseshifter 1 to 0.000000deg	 DONE
28/08/2023 16:05:21:	11	count	time	10.000000s/cts	O Det=363	H Det=1559	Mon Det=63501	Aux Det=1020	O+H=1922	 DONE
28/08/2023 16:05:34:	move motor	S18.axis2.phaseshifter 1 to 0.200000deg	 DONE
28/08/2023 16:05:38:	12	count	time	10.000000s/cts	O Det=323	H Det=1740	Mon Det=63090	Aux Det=891	O+H=2063	 DONE
28/08/2023 16:05:50:	move motor	S18.axis2.phaseshifter 1 to 0.400000deg	 DONE
28/08/2023 16:05:54:	13	count	time	10.000000s/cts	O Det=229	H Det=2295	Mon Det=63375	Aux Det=486	O+H=2524	 DONE
28/08/2023 16:06:07:	move motor	S18.axis2.phaseshifter 1 to 0.600000deg	 DONE
28/08/2023 16:06:11:	14	count	time	10.000000s/cts	O Det=170	H Det=2730	Mon Det=63461	Aux Det=276	O+H=2900	 DONE
28/08/2023 16:06:24:	move motor	S18.axis2.phaseshifter 1 to 0.800000deg	 DONE
28/08/2023 16:06:27:	15	count	time	10.000000s/cts	O Det=129	H Det=2983	Mon Det=62675	Aux Det=148	O+H=3112	 DONE
28/08/2023 16:06:40:	move motor	S18.axis2.phaseshifter 1 to 1.000000deg	 DONE
28/08/2023 16:06:44:	16	count	time	10.000000s/cts	O Det=146	H Det=2818	Mon Det=62151	Aux Det=216	O+H=2964	 DONE
28/08/2023 16:06:57:	move motor	S18.axis2.phaseshifter 1 to 1.200000deg	 DONE
28/08/2023 16:07:01:	17	count	time	10.000000s/cts	O Det=164	H Det=2483	Mon Det=61814	Aux Det=531	O+H=2647	 DONE
28/08/2023 16:07:13:	move motor	S18.axis2.phaseshifter 1 to 1.400000deg	 DONE
28/08/2023 16:07:17:	18	count	time	10.000000s/cts	O Det=282	H Det=1752	Mon Det=61170	Aux Det=943	O+H=2034	 DONE
28/08/2023 16:07:30:	move motor	S18.axis2.phaseshifter 1 to 1.600000deg	 DONE
28/08/2023 16:07:34:	19	count	time	10.000000s/cts	O Det=311	H Det=1541	Mon Det=62265	Aux Det=1022	O+H=1852	 DONE
28/08/2023 16:07:47:	move motor	S18.axis2.phaseshifter 1 to 1.800000deg	 DONE
28/08/2023 16:07:50:	20	count	time	10.000000s/cts	O Det=374	H Det=1409	Mon Det=61761	Aux Det=1143	O+H=1783	 DONE
28/08/2023 16:08:03:	move motor	S18.axis2.phaseshifter 1 to 2.000000deg	 DONE
28/08/2023 16:08:07:	21	count	time	10.000000s/cts	O Det=403	H Det=1408	Mon Det=61525	Aux Det=1134	O+H=1811	 DONE
28/08/2023 16:08:20:	close file and end scan	 DONE
28/08/2023 16:08:20:	move motor	S18.axis2.phaseshifter 1 to fit H COS90	-0.682313reached -0.68115  DONE
28/08/2023 16:08:24:	END OF SCRIPT	 DONE
