06/09/2023 19:12:45:	start execution of script D:\data\Cycle 192ter\exp_3-16-14\rawdata\sc\movePS_270.sc	 DONE
06/09/2023 19:12:46:	create file	D:\data\Cycle 192ter\exp_3-16-14\rawdata\sc\movePS_270_06Sep1912.dat	 DONE
room to enter remarks DONE
06/09/2023 19:12:47:	move motor	S18.axis2.phaseshifter 1 to -2.000000deg	 DONE
06/09/2023 19:12:52:	1	count	time	10.000000s/cts	O Det=214	H Det=2492	Mon Det=59524	Aux Det=355	O+H=2706	 DONE
06/09/2023 19:13:04:	move motor	S18.axis2.phaseshifter 1 to -1.800000deg	 DONE
06/09/2023 19:13:09:	2	count	time	10.000000s/cts	O Det=151	H Det=2938	Mon Det=59791	Aux Det=155	O+H=3089	 DONE
06/09/2023 19:13:21:	move motor	S18.axis2.phaseshifter 1 to -1.600000deg	 DONE
06/09/2023 19:13:25:	3	count	time	10.000000s/cts	O Det=97	H Det=2907	Mon Det=60350	Aux Det=136	O+H=3004	 DONE
06/09/2023 19:13:38:	move motor	S18.axis2.phaseshifter 1 to -1.400000deg	 DONE
06/09/2023 19:13:42:	4	count	time	10.000000s/cts	O Det=115	H Det=2706	Mon Det=59904	Aux Det=257	O+H=2821	 DONE
06/09/2023 19:13:55:	move motor	S18.axis2.phaseshifter 1 to -1.200000deg	 DONE
06/09/2023 19:13:59:	5	count	time	10.000000s/cts	O Det=148	H Det=2384	Mon Det=59904	Aux Det=535	O+H=2532	 DONE
06/09/2023 19:14:12:	move motor	S18.axis2.phaseshifter 1 to -1.000000deg	 DONE
06/09/2023 19:14:16:	6	count	time	10.000000s/cts	O Det=288	H Det=1749	Mon Det=59934	Aux Det=932	O+H=2037	 DONE
06/09/2023 19:14:29:	move motor	S18.axis2.phaseshifter 1 to -0.800000deg	 DONE
06/09/2023 19:14:33:	7	count	time	10.000000s/cts	O Det=356	H Det=1519	Mon Det=60285	Aux Det=1169	O+H=1875	 DONE
06/09/2023 19:14:45:	move motor	S18.axis2.phaseshifter 1 to -0.600000deg	 DONE
06/09/2023 19:14:50:	8	count	time	10.000000s/cts	O Det=466	H Det=1293	Mon Det=60547	Aux Det=1156	O+H=1759	 DONE
06/09/2023 19:15:02:	move motor	S18.axis2.phaseshifter 1 to -0.400000deg	 DONE
06/09/2023 19:15:07:	9	count	time	10.000000s/cts	O Det=427	H Det=1640	Mon Det=59908	Aux Det=970	O+H=2067	 DONE
06/09/2023 19:15:19:	move motor	S18.axis2.phaseshifter 1 to -0.200000deg	 DONE
06/09/2023 19:15:23:	10	count	time	10.000000s/cts	O Det=305	H Det=2042	Mon Det=60167	Aux Det=660	O+H=2347	 DONE
06/09/2023 19:15:36:	move motor	S18.axis2.phaseshifter 1 to 0.000000deg	 DONE
06/09/2023 19:15:40:	11	count	time	10.000000s/cts	O Det=238	H Det=2408	Mon Det=60168	Aux Det=369	O+H=2646	 DONE
06/09/2023 19:15:53:	move motor	S18.axis2.phaseshifter 1 to 0.200000deg	 DONE
06/09/2023 19:15:57:	12	count	time	10.000000s/cts	O Det=156	H Det=2718	Mon Det=60398	Aux Det=225	O+H=2874	 DONE
06/09/2023 19:16:10:	move motor	S18.axis2.phaseshifter 1 to 0.400000deg	 DONE
06/09/2023 19:16:14:	13	count	time	10.000000s/cts	O Det=116	H Det=2879	Mon Det=60281	Aux Det=128	O+H=2995	 DONE
06/09/2023 19:16:26:	move motor	S18.axis2.phaseshifter 1 to 0.600000deg	 DONE
06/09/2023 19:16:30:	14	count	time	10.000000s/cts	O Det=90	H Det=2815	Mon Det=60246	Aux Det=234	O+H=2905	 DONE
06/09/2023 19:16:43:	move motor	S18.axis2.phaseshifter 1 to 0.800000deg	 DONE
06/09/2023 19:16:47:	15	count	time	10.000000s/cts	O Det=183	H Det=2181	Mon Det=59921	Aux Det=614	O+H=2364	 DONE
06/09/2023 19:17:00:	move motor	S18.axis2.phaseshifter 1 to 1.000000deg	 DONE
06/09/2023 19:17:04:	16	count	time	10.000000s/cts	O Det=273	H Det=1778	Mon Det=59512	Aux Det=903	O+H=2051	 DONE
06/09/2023 19:17:17:	move motor	S18.axis2.phaseshifter 1 to 1.200000deg	 DONE
06/09/2023 19:17:21:	17	count	time	10.000000s/cts	O Det=369	H Det=1429	Mon Det=59705	Aux Det=1147	O+H=1798	 DONE
06/09/2023 19:17:34:	move motor	S18.axis2.phaseshifter 1 to 1.400000deg	 DONE
06/09/2023 19:17:38:	18	count	time	10.000000s/cts	O Det=424	H Det=1273	Mon Det=59540	Aux Det=1183	O+H=1697	 DONE
06/09/2023 19:17:51:	move motor	S18.axis2.phaseshifter 1 to 1.600000deg	 DONE
06/09/2023 19:17:55:	19	count	time	10.000000s/cts	O Det=426	H Det=1491	Mon Det=59778	Aux Det=1076	O+H=1917	 DONE
06/09/2023 19:18:08:	move motor	S18.axis2.phaseshifter 1 to 1.800000deg	 DONE
06/09/2023 19:18:12:	20	count	time	10.000000s/cts	O Det=330	H Det=1954	Mon Det=60282	Aux Det=760	O+H=2284	 DONE
06/09/2023 19:18:24:	move motor	S18.axis2.phaseshifter 1 to 2.000000deg	 DONE
06/09/2023 19:18:28:	21	count	time	10.000000s/cts	O Det=240	H Det=2517	Mon Det=60196	Aux Det=387	O+H=2757	 DONE
06/09/2023 19:18:41:	close file and end scan	 DONE
06/09/2023 19:18:42:	move motor	S18.axis2.phaseshifter 1 to fit H COS90	0.857257reached 0.85693  DONE
06/09/2023 19:18:45:	END OF SCRIPT	 DONE
