31/08/2023 15:06:45:	start execution of script D:\data\Cycle 192ter\exp_3-16-14\rawdata\sc\movePS_90.sc	 DONE
31/08/2023 15:06:45:	create file	D:\data\Cycle 192ter\exp_3-16-14\rawdata\sc\movePS_90_31Aug1506.dat	 DONE
room to enter remarks DONE
31/08/2023 15:06:46:	move motor	S18.axis2.phaseshifter 1 to -2.000000deg	 DONE
31/08/2023 15:06:51:	1	count	time	10.000000s/cts	O Det=376	H Det=1793	Mon Det=62107	Aux Det=854	O+H=3023	 DONE
31/08/2023 15:07:04:	move motor	S18.axis2.phaseshifter 1 to -1.800000deg	 DONE
31/08/2023 15:07:07:	2	count	time	10.000000s/cts	O Det=225	H Det=2261	Mon Det=62133	Aux Det=484	O+H=2970	 DONE
31/08/2023 15:07:20:	move motor	S18.axis2.phaseshifter 1 to -1.600000deg	 DONE
31/08/2023 15:07:24:	3	count	time	10.000000s/cts	O Det=157	H Det=2769	Mon Det=62454	Aux Det=252	O+H=3178	 DONE
31/08/2023 15:07:37:	move motor	S18.axis2.phaseshifter 1 to -1.400000deg	 DONE
31/08/2023 15:07:41:	4	count	time	10.000000s/cts	O Det=108	H Det=2836	Mon Det=62140	Aux Det=115	O+H=3059	 DONE
31/08/2023 15:07:53:	move motor	S18.axis2.phaseshifter 1 to -1.200000deg	 DONE
31/08/2023 15:07:57:	5	count	time	10.000000s/cts	O Det=129	H Det=2594	Mon Det=61548	Aux Det=256	O+H=2979	 DONE
31/08/2023 15:08:10:	move motor	S18.axis2.phaseshifter 1 to -1.000000deg	 DONE
31/08/2023 15:08:14:	6	count	time	10.000000s/cts	O Det=220	H Det=2412	Mon Det=62650	Aux Det=533	O+H=3165	 DONE
31/08/2023 15:08:27:	move motor	S18.axis2.phaseshifter 1 to -0.800000deg	 DONE
31/08/2023 15:08:31:	7	count	time	10.000000s/cts	O Det=260	H Det=1849	Mon Det=64796	Aux Det=790	O+H=2899	 DONE
31/08/2023 15:08:43:	move motor	S18.axis2.phaseshifter 1 to -0.600000deg	 DONE
31/08/2023 15:08:47:	8	count	time	10.000000s/cts	O Det=366	H Det=1520	Mon Det=64795	Aux Det=1016	O+H=2902	 DONE
31/08/2023 15:09:00:	move motor	S18.axis2.phaseshifter 1 to -0.400000deg	 DONE
31/08/2023 15:09:04:	9	count	time	10.000000s/cts	O Det=415	H Det=1347	Mon Det=65002	Aux Det=1159	O+H=2921	 DONE
31/08/2023 15:09:17:	move motor	S18.axis2.phaseshifter 1 to -0.200000deg	 DONE
31/08/2023 15:09:21:	10	count	time	10.000000s/cts	O Det=355	H Det=1543	Mon Det=65099	Aux Det=1009	O+H=2907	 DONE
31/08/2023 15:09:34:	move motor	S18.axis2.phaseshifter 1 to 0.000000deg	 DONE
31/08/2023 15:09:38:	11	count	time	10.000000s/cts	O Det=305	H Det=1905	Mon Det=65013	Aux Det=727	O+H=2937	 DONE
31/08/2023 15:09:50:	move motor	S18.axis2.phaseshifter 1 to 0.200000deg	 DONE
31/08/2023 15:09:54:	12	count	time	10.000000s/cts	O Det=238	H Det=2388	Mon Det=65707	Aux Det=439	O+H=3065	 DONE
31/08/2023 15:10:07:	move motor	S18.axis2.phaseshifter 1 to 0.400000deg	 DONE
31/08/2023 15:10:11:	13	count	time	10.000000s/cts	O Det=160	H Det=2691	Mon Det=64913	Aux Det=187	O+H=3038	 DONE
31/08/2023 15:10:24:	move motor	S18.axis2.phaseshifter 1 to 0.600000deg	 DONE
31/08/2023 15:10:28:	14	count	time	10.000000s/cts	O Det=120	H Det=2915	Mon Det=64198	Aux Det=144	O+H=3179	 DONE
31/08/2023 15:10:40:	move motor	S18.axis2.phaseshifter 1 to 0.800000deg	 DONE
31/08/2023 15:10:44:	15	count	time	10.000000s/cts	O Det=159	H Det=2496	Mon Det=64400	Aux Det=347	O+H=3002	 DONE
31/08/2023 15:10:57:	move motor	S18.axis2.phaseshifter 1 to 1.000000deg	 DONE
31/08/2023 15:11:01:	16	count	time	10.000000s/cts	O Det=204	H Det=2236	Mon Det=64202	Aux Det=556	O+H=2996	 DONE
31/08/2023 15:11:14:	move motor	S18.axis2.phaseshifter 1 to 1.200000deg	 DONE
31/08/2023 15:11:18:	17	count	time	10.000000s/cts	O Det=285	H Det=1719	Mon Det=63979	Aux Det=945	O+H=2949	 DONE
31/08/2023 15:11:30:	move motor	S18.axis2.phaseshifter 1 to 1.400000deg	 DONE
31/08/2023 15:11:34:	18	count	time	10.000000s/cts	O Det=357	H Det=1452	Mon Det=64189	Aux Det=1020	O+H=2829	 DONE
31/08/2023 15:11:47:	move motor	S18.axis2.phaseshifter 1 to 1.600000deg	 DONE
31/08/2023 15:11:51:	19	count	time	10.000000s/cts	O Det=380	H Det=1399	Mon Det=63059	Aux Det=1109	O+H=2888	 DONE
31/08/2023 15:12:04:	move motor	S18.axis2.phaseshifter 1 to 1.800000deg	 DONE
31/08/2023 15:12:08:	20	count	time	10.000000s/cts	O Det=343	H Det=1577	Mon Det=63508	Aux Det=1013	O+H=2933	 DONE
31/08/2023 15:12:21:	move motor	S18.axis2.phaseshifter 1 to 2.000000deg	 DONE
31/08/2023 15:12:25:	21	count	time	10.000000s/cts	O Det=309	H Det=1887	Mon Det=63193	Aux Det=740	O+H=2936	 DONE
31/08/2023 15:12:38:	close file and end scan	 DONE
31/08/2023 15:12:38:	move motor	S18.axis2.phaseshifter 1 to fit H COS270	0.073951reached 0.07690  DONE
31/08/2023 15:12:42:	END OF SCRIPT	 DONE
