07/09/2023 12:48:30:	start execution of script D:\data\Cycle 192ter\exp_3-16-14\rawdata\sc\movePS_270.sc	 DONE
07/09/2023 12:48:30:	create file	D:\data\Cycle 192ter\exp_3-16-14\rawdata\sc\movePS_270_07Sep1248.dat	 DONE
room to enter remarks DONE
07/09/2023 12:48:31:	move motor	S18.axis2.phaseshifter 1 to -2.000000deg	 DONE
07/09/2023 12:48:36:	1	count	time	10.000000s/cts	O Det=258	H Det=2421	Mon Det=61583	Aux Det=440	O+H=2679	 DONE
07/09/2023 12:48:49:	move motor	S18.axis2.phaseshifter 1 to -1.800000deg	 DONE
07/09/2023 12:48:53:	2	count	time	10.000000s/cts	O Det=162	H Det=2729	Mon Det=61676	Aux Det=222	O+H=2891	 DONE
07/09/2023 12:49:06:	move motor	S18.axis2.phaseshifter 1 to -1.600000deg	 DONE
07/09/2023 12:49:10:	3	count	time	10.000000s/cts	O Det=85	H Det=2867	Mon Det=61439	Aux Det=110	O+H=2952	 DONE
07/09/2023 12:49:22:	move motor	S18.axis2.phaseshifter 1 to -1.400000deg	 DONE
07/09/2023 12:49:26:	4	count	time	10.000000s/cts	O Det=99	H Det=2822	Mon Det=61783	Aux Det=285	O+H=2921	 DONE
07/09/2023 12:49:39:	move motor	S18.axis2.phaseshifter 1 to -1.200000deg	 DONE
07/09/2023 12:49:43:	5	count	time	10.000000s/cts	O Det=165	H Det=2300	Mon Det=61815	Aux Det=612	O+H=2465	 DONE
07/09/2023 12:49:56:	move motor	S18.axis2.phaseshifter 1 to -1.000000deg	 DONE
07/09/2023 12:50:00:	6	count	time	10.000000s/cts	O Det=291	H Det=1826	Mon Det=61590	Aux Det=936	O+H=2117	 DONE
07/09/2023 12:50:13:	move motor	S18.axis2.phaseshifter 1 to -0.800000deg	 DONE
07/09/2023 12:50:17:	7	count	time	10.000000s/cts	O Det=361	H Det=1446	Mon Det=61699	Aux Det=1119	O+H=1807	 DONE
07/09/2023 12:50:29:	move motor	S18.axis2.phaseshifter 1 to -0.600000deg	 DONE
07/09/2023 12:50:34:	8	count	time	10.000000s/cts	O Det=414	H Det=1395	Mon Det=61718	Aux Det=1210	O+H=1809	 DONE
07/09/2023 12:50:46:	move motor	S18.axis2.phaseshifter 1 to -0.400000deg	 DONE
07/09/2023 12:50:50:	9	count	time	10.000000s/cts	O Det=403	H Det=1525	Mon Det=61162	Aux Det=1015	O+H=1928	 DONE
07/09/2023 12:51:03:	move motor	S18.axis2.phaseshifter 1 to -0.200000deg	 DONE
07/09/2023 12:51:07:	10	count	time	10.000000s/cts	O Det=332	H Det=1978	Mon Det=61483	Aux Det=690	O+H=2310	 DONE
07/09/2023 12:51:20:	move motor	S18.axis2.phaseshifter 1 to 0.000000deg	 DONE
07/09/2023 12:51:24:	11	count	time	10.000000s/cts	O Det=243	H Det=2438	Mon Det=61575	Aux Det=367	O+H=2681	 DONE
07/09/2023 12:51:37:	move motor	S18.axis2.phaseshifter 1 to 0.200000deg	 DONE
07/09/2023 12:51:41:	12	count	time	10.000000s/cts	O Det=124	H Det=2768	Mon Det=61879	Aux Det=172	O+H=2892	 DONE
07/09/2023 12:51:53:	move motor	S18.axis2.phaseshifter 1 to 0.400000deg	 DONE
07/09/2023 12:51:57:	13	count	time	10.000000s/cts	O Det=92	H Det=2811	Mon Det=61653	Aux Det=112	O+H=2903	 DONE
07/09/2023 12:52:10:	move motor	S18.axis2.phaseshifter 1 to 0.600000deg	 DONE
07/09/2023 12:52:14:	14	count	time	10.000000s/cts	O Det=99	H Det=2770	Mon Det=61425	Aux Det=223	O+H=2869	 DONE
07/09/2023 12:52:27:	move motor	S18.axis2.phaseshifter 1 to 0.800000deg	 DONE
07/09/2023 12:52:31:	15	count	time	10.000000s/cts	O Det=166	H Det=2374	Mon Det=61567	Aux Det=579	O+H=2540	 DONE
07/09/2023 12:52:44:	move motor	S18.axis2.phaseshifter 1 to 1.000000deg	 DONE
07/09/2023 12:52:48:	16	count	time	10.000000s/cts	O Det=228	H Det=1955	Mon Det=61513	Aux Det=846	O+H=2183	 DONE
07/09/2023 12:53:00:	move motor	S18.axis2.phaseshifter 1 to 1.200000deg	 DONE
07/09/2023 12:53:04:	17	count	time	10.000000s/cts	O Det=390	H Det=1557	Mon Det=61708	Aux Det=1145	O+H=1947	 DONE
07/09/2023 12:53:17:	move motor	S18.axis2.phaseshifter 1 to 1.400000deg	 DONE
07/09/2023 12:53:21:	18	count	time	10.000000s/cts	O Det=415	H Det=1245	Mon Det=61718	Aux Det=1243	O+H=1660	 DONE
07/09/2023 12:53:34:	move motor	S18.axis2.phaseshifter 1 to 1.600000deg	 DONE
07/09/2023 12:53:38:	19	count	time	10.000000s/cts	O Det=425	H Det=1498	Mon Det=60833	Aux Det=1037	O+H=1923	 DONE
07/09/2023 12:53:51:	move motor	S18.axis2.phaseshifter 1 to 1.800000deg	 DONE
07/09/2023 12:53:55:	20	count	time	10.000000s/cts	O Det=354	H Det=1763	Mon Det=62063	Aux Det=842	O+H=2117	 DONE
07/09/2023 12:54:08:	move motor	S18.axis2.phaseshifter 1 to 2.000000deg	 DONE
07/09/2023 12:54:12:	21	count	time	10.000000s/cts	O Det=273	H Det=2266	Mon Det=61787	Aux Det=473	O+H=2539	 DONE
07/09/2023 12:54:24:	close file and end scan	 DONE
07/09/2023 12:54:25:	move motor	S18.axis2.phaseshifter 1 to fit H COS90	0.908446reached 0.91187  DONE
07/09/2023 12:54:28:	END OF SCRIPT	 DONE
