01/09/2023 17:37:20:	start execution of script D:\data\Cycle 192ter\exp_3-16-14\rawdata\sc\movePS_0.sc	 DONE
01/09/2023 17:37:21:	create file	D:\data\Cycle 192ter\exp_3-16-14\rawdata\sc\movePS_0_01Sep1737.dat	 DONE
room to enter remarks DONE
01/09/2023 17:37:22:	move motor	S18.axis2.phaseshifter 1 to -2.000000deg	 DONE
01/09/2023 17:37:27:	1	count	time	10.000000s/cts	O Det=218	H Det=2368	Mon Det=62577	Aux Det=444	O+H=3030	 DONE
01/09/2023 17:37:40:	move motor	S18.axis2.phaseshifter 1 to -1.800000deg	 DONE
01/09/2023 17:37:44:	2	count	time	10.000000s/cts	O Det=162	H Det=2734	Mon Det=61957	Aux Det=215	O+H=3111	 DONE
01/09/2023 17:37:56:	move motor	S18.axis2.phaseshifter 1 to -1.600000deg	 DONE
01/09/2023 17:38:00:	3	count	time	10.000000s/cts	O Det=133	H Det=2843	Mon Det=62564	Aux Det=106	O+H=3082	 DONE
01/09/2023 17:38:13:	move motor	S18.axis2.phaseshifter 1 to -1.400000deg	 DONE
01/09/2023 17:38:17:	4	count	time	10.000000s/cts	O Det=131	H Det=2577	Mon Det=62793	Aux Det=297	O+H=3005	 DONE
01/09/2023 17:38:30:	move motor	S18.axis2.phaseshifter 1 to -1.200000deg	 DONE
01/09/2023 17:38:34:	5	count	time	10.000000s/cts	O Det=190	H Det=2417	Mon Det=62576	Aux Det=523	O+H=3130	 DONE
01/09/2023 17:38:47:	move motor	S18.axis2.phaseshifter 1 to -1.000000deg	 DONE
01/09/2023 17:38:51:	6	count	time	10.000000s/cts	O Det=267	H Det=1946	Mon Det=62996	Aux Det=792	O+H=3005	 DONE
01/09/2023 17:39:04:	move motor	S18.axis2.phaseshifter 1 to -0.800000deg	 DONE
01/09/2023 17:39:08:	7	count	time	10.000000s/cts	O Det=361	H Det=1540	Mon Det=63086	Aux Det=1066	O+H=2967	 DONE
01/09/2023 17:39:21:	move motor	S18.axis2.phaseshifter 1 to -0.600000deg	 DONE
01/09/2023 17:39:25:	8	count	time	10.000000s/cts	O Det=356	H Det=1346	Mon Det=62867	Aux Det=1188	O+H=2890	 DONE
01/09/2023 17:39:38:	move motor	S18.axis2.phaseshifter 1 to -0.400000deg	 DONE
01/09/2023 17:39:42:	9	count	time	10.000000s/cts	O Det=398	H Det=1467	Mon Det=63016	Aux Det=1067	O+H=2932	 DONE
01/09/2023 17:39:55:	move motor	S18.axis2.phaseshifter 1 to -0.200000deg	 DONE
01/09/2023 17:39:59:	10	count	time	10.000000s/cts	O Det=313	H Det=1790	Mon Det=62885	Aux Det=845	O+H=2948	 DONE
01/09/2023 17:40:11:	move motor	S18.axis2.phaseshifter 1 to 0.000000deg	 DONE
01/09/2023 17:40:15:	11	count	time	10.000000s/cts	O Det=245	H Det=2351	Mon Det=63666	Aux Det=492	O+H=3088	 DONE
01/09/2023 17:40:28:	move motor	S18.axis2.phaseshifter 1 to 0.200000deg	 DONE
01/09/2023 17:40:32:	12	count	time	10.000000s/cts	O Det=160	H Det=2651	Mon Det=63246	Aux Det=220	O+H=3031	 DONE
01/09/2023 17:40:45:	move motor	S18.axis2.phaseshifter 1 to 0.400000deg	 DONE
01/09/2023 17:40:49:	13	count	time	10.000000s/cts	O Det=86	H Det=2841	Mon Det=62787	Aux Det=112	O+H=3039	 DONE
01/09/2023 17:41:02:	move motor	S18.axis2.phaseshifter 1 to 0.600000deg	 DONE
01/09/2023 17:41:06:	14	count	time	10.000000s/cts	O Det=122	H Det=2681	Mon Det=62868	Aux Det=213	O+H=3016	 DONE
01/09/2023 17:41:19:	move motor	S18.axis2.phaseshifter 1 to 0.800000deg	 DONE
01/09/2023 17:41:23:	15	count	time	10.000000s/cts	O Det=162	H Det=2371	Mon Det=62888	Aux Det=485	O+H=3018	 DONE
01/09/2023 17:41:36:	move motor	S18.axis2.phaseshifter 1 to 1.000000deg	 DONE
01/09/2023 17:41:40:	16	count	time	10.000000s/cts	O Det=237	H Det=1963	Mon Det=62354	Aux Det=729	O+H=2929	 DONE
01/09/2023 17:41:52:	move motor	S18.axis2.phaseshifter 1 to 1.200000deg	 DONE
01/09/2023 17:41:56:	17	count	time	10.000000s/cts	O Det=317	H Det=1566	Mon Det=62881	Aux Det=1019	O+H=2902	 DONE
01/09/2023 17:42:09:	move motor	S18.axis2.phaseshifter 1 to 1.400000deg	 DONE
01/09/2023 17:42:13:	18	count	time	10.000000s/cts	O Det=388	H Det=1393	Mon Det=62480	Aux Det=1195	O+H=2976	 DONE
01/09/2023 17:42:26:	move motor	S18.axis2.phaseshifter 1 to 1.600000deg	 DONE
01/09/2023 17:42:30:	19	count	time	10.000000s/cts	O Det=382	H Det=1401	Mon Det=62263	Aux Det=1146	O+H=2929	 DONE
01/09/2023 17:42:43:	move motor	S18.axis2.phaseshifter 1 to 1.800000deg	 DONE
01/09/2023 17:42:47:	20	count	time	10.000000s/cts	O Det=351	H Det=1712	Mon Det=62780	Aux Det=925	O+H=2988	 DONE
01/09/2023 17:42:59:	move motor	S18.axis2.phaseshifter 1 to 2.000000deg	 DONE
01/09/2023 17:43:03:	21	count	time	10.000000s/cts	O Det=257	H Det=2218	Mon Det=62447	Aux Det=624	O+H=3099	 DONE
01/09/2023 17:43:16:	close file and end scan	 DONE
01/09/2023 17:43:17:	move motor	S18.axis2.phaseshifter 1 to fit H COS180	1.444128reached 1.45020  DONE
01/09/2023 17:43:20:	END OF SCRIPT	 DONE
