31/08/2023 14:23:46:	start execution of script D:\data\Cycle 192ter\exp_3-16-14\rawdata\sc\movePS_90.sc	 DONE
31/08/2023 14:23:46:	create file	D:\data\Cycle 192ter\exp_3-16-14\rawdata\sc\movePS_90_31Aug1423.dat	 DONE
room to enter remarks DONE
31/08/2023 14:23:47:	move motor	S18.axis2.phaseshifter 1 to -2.000000deg	 DONE
31/08/2023 14:23:51:	1	count	time	10.000000s/cts	O Det=346	H Det=1701	Mon Det=63653	Aux Det=904	O+H=2951	 DONE
31/08/2023 14:24:04:	move motor	S18.axis2.phaseshifter 1 to -1.800000deg	 DONE
31/08/2023 14:24:08:	2	count	time	10.000000s/cts	O Det=258	H Det=2205	Mon Det=62738	Aux Det=617	O+H=3080	 DONE
31/08/2023 14:24:21:	move motor	S18.axis2.phaseshifter 1 to -1.600000deg	 DONE
31/08/2023 14:24:25:	3	count	time	10.000000s/cts	O Det=174	H Det=2629	Mon Det=63200	Aux Det=283	O+H=3086	 DONE
31/08/2023 14:24:37:	move motor	S18.axis2.phaseshifter 1 to -1.400000deg	 DONE
31/08/2023 14:24:42:	4	count	time	10.000000s/cts	O Det=115	H Det=2855	Mon Det=62936	Aux Det=138	O+H=3108	 DONE
31/08/2023 14:24:54:	move motor	S18.axis2.phaseshifter 1 to -1.200000deg	 DONE
31/08/2023 14:24:58:	5	count	time	10.000000s/cts	O Det=141	H Det=2641	Mon Det=63428	Aux Det=300	O+H=3082	 DONE
31/08/2023 14:25:11:	move motor	S18.axis2.phaseshifter 1 to -1.000000deg	 DONE
31/08/2023 14:25:15:	6	count	time	10.000000s/cts	O Det=207	H Det=2255	Mon Det=62584	Aux Det=495	O+H=2957	 DONE
31/08/2023 14:25:27:	move motor	S18.axis2.phaseshifter 1 to -0.800000deg	 DONE
31/08/2023 14:25:32:	7	count	time	10.000000s/cts	O Det=286	H Det=1844	Mon Det=62063	Aux Det=848	O+H=2978	 DONE
31/08/2023 14:25:44:	move motor	S18.axis2.phaseshifter 1 to -0.600000deg	 DONE
31/08/2023 14:25:48:	8	count	time	10.000000s/cts	O Det=348	H Det=1562	Mon Det=62146	Aux Det=1094	O+H=3004	 DONE
31/08/2023 14:26:01:	move motor	S18.axis2.phaseshifter 1 to -0.400000deg	 DONE
31/08/2023 14:26:05:	9	count	time	10.000000s/cts	O Det=391	H Det=1403	Mon Det=62532	Aux Det=1127	O+H=2921	 DONE
31/08/2023 14:26:18:	move motor	S18.axis2.phaseshifter 1 to -0.200000deg	 DONE
31/08/2023 14:26:22:	10	count	time	10.000000s/cts	O Det=377	H Det=1442	Mon Det=62217	Aux Det=1047	O+H=2866	 DONE
31/08/2023 14:26:34:	move motor	S18.axis2.phaseshifter 1 to 0.000000deg	 DONE
31/08/2023 14:26:38:	11	count	time	10.000000s/cts	O Det=326	H Det=1793	Mon Det=62910	Aux Det=813	O+H=2932	 DONE
31/08/2023 14:26:51:	move motor	S18.axis2.phaseshifter 1 to 0.200000deg	 DONE
31/08/2023 14:26:55:	12	count	time	10.000000s/cts	O Det=210	H Det=2319	Mon Det=62045	Aux Det=486	O+H=3015	 DONE
31/08/2023 14:27:08:	move motor	S18.axis2.phaseshifter 1 to 0.400000deg	 DONE
31/08/2023 14:27:12:	13	count	time	10.000000s/cts	O Det=172	H Det=2622	Mon Det=62647	Aux Det=250	O+H=3044	 DONE
31/08/2023 14:27:24:	move motor	S18.axis2.phaseshifter 1 to 0.600000deg	 DONE
31/08/2023 14:27:28:	14	count	time	10.000000s/cts	O Det=100	H Det=2892	Mon Det=61971	Aux Det=143	O+H=3135	 DONE
31/08/2023 14:27:41:	move motor	S18.axis2.phaseshifter 1 to 0.800000deg	 DONE
31/08/2023 14:27:45:	15	count	time	10.000000s/cts	O Det=121	H Det=2687	Mon Det=61494	Aux Det=262	O+H=3070	 DONE
31/08/2023 14:27:58:	move motor	S18.axis2.phaseshifter 1 to 1.000000deg	 DONE
31/08/2023 14:28:02:	16	count	time	10.000000s/cts	O Det=198	H Det=2423	Mon Det=62313	Aux Det=570	O+H=3191	 DONE
31/08/2023 14:28:14:	move motor	S18.axis2.phaseshifter 1 to 1.200000deg	 DONE
31/08/2023 14:28:18:	17	count	time	10.000000s/cts	O Det=276	H Det=1814	Mon Det=61760	Aux Det=897	O+H=2987	 DONE
31/08/2023 14:28:31:	move motor	S18.axis2.phaseshifter 1 to 1.400000deg	 DONE
31/08/2023 14:28:35:	18	count	time	10.000000s/cts	O Det=312	H Det=1600	Mon Det=65806	Aux Det=1075	O+H=2987	 DONE
31/08/2023 14:28:48:	move motor	S18.axis2.phaseshifter 1 to 1.600000deg	 DONE
31/08/2023 14:28:52:	19	count	time	10.000000s/cts	O Det=378	H Det=1365	Mon Det=66104	Aux Det=1199	O+H=2942	 DONE
31/08/2023 14:29:04:	move motor	S18.axis2.phaseshifter 1 to 1.800000deg	 DONE
31/08/2023 14:29:08:	20	count	time	10.000000s/cts	O Det=405	H Det=1438	Mon Det=65680	Aux Det=1083	O+H=2926	 DONE
31/08/2023 14:29:21:	move motor	S18.axis2.phaseshifter 1 to 2.000000deg	 DONE
31/08/2023 14:29:25:	21	count	time	10.000000s/cts	O Det=326	H Det=1833	Mon Det=65754	Aux Det=858	O+H=3017	 DONE
31/08/2023 14:29:38:	close file and end scan	 DONE
31/08/2023 14:29:38:	move motor	S18.axis2.phaseshifter 1 to fit H COS270	0.114587reached 0.10986  DONE
31/08/2023 14:29:42:	END OF SCRIPT	 DONE
