29/08/2023 07:18:58:	start execution of script D:\data\Cycle 192ter\exp_3-16-14\rawdata\sc\movePS_90.sc	 DONE
29/08/2023 07:18:59:	create file	D:\data\Cycle 192ter\exp_3-16-14\rawdata\sc\movePS_90_29Aug0718.dat	 DONE
room to enter remarks DONE
29/08/2023 07:19:00:	move motor	S18.axis2.phaseshifter 1 to -2.000000deg	 DONE
29/08/2023 07:19:05:	1	count	time	10.000000s/cts	O Det=197	H Det=1218	Mon Det=64742	Aux Det=483	O+H=1898	 DONE
29/08/2023 07:19:18:	move motor	S18.axis2.phaseshifter 1 to -1.800000deg	 DONE
29/08/2023 07:19:22:	2	count	time	10.000000s/cts	O Det=212	H Det=1150	Mon Det=64781	Aux Det=545	O+H=1907	 DONE
29/08/2023 07:19:35:	move motor	S18.axis2.phaseshifter 1 to -1.600000deg	 DONE
29/08/2023 07:19:39:	3	count	time	10.000000s/cts	O Det=200	H Det=1107	Mon Det=64798	Aux Det=509	O+H=1816	 DONE
29/08/2023 07:19:51:	move motor	S18.axis2.phaseshifter 1 to -1.400000deg	 DONE
29/08/2023 07:19:56:	4	count	time	10.000000s/cts	O Det=204	H Det=1319	Mon Det=65244	Aux Det=416	O+H=1939	 DONE
29/08/2023 07:20:08:	move motor	S18.axis2.phaseshifter 1 to -1.200000deg	 DONE
29/08/2023 07:20:13:	5	count	time	10.000000s/cts	O Det=196	H Det=1384	Mon Det=64659	Aux Det=358	O+H=1938	 DONE
29/08/2023 07:20:25:	move motor	S18.axis2.phaseshifter 1 to -1.000000deg	 DONE
29/08/2023 07:20:29:	6	count	time	10.000000s/cts	O Det=142	H Det=1636	Mon Det=62184	Aux Det=136	O+H=1914	 DONE
29/08/2023 07:20:42:	move motor	S18.axis2.phaseshifter 1 to -0.800000deg	 DONE
29/08/2023 07:20:46:	7	count	time	10.000000s/cts	O Det=91	H Det=1797	Mon Det=61909	Aux Det=115	O+H=2003	 DONE
29/08/2023 07:20:59:	move motor	S18.axis2.phaseshifter 1 to -0.600000deg	 DONE
29/08/2023 07:21:03:	8	count	time	10.000000s/cts	O Det=116	H Det=1623	Mon Det=62416	Aux Det=161	O+H=1900	 DONE
29/08/2023 07:21:16:	move motor	S18.axis2.phaseshifter 1 to -0.400000deg	 DONE
29/08/2023 07:21:20:	9	count	time	10.000000s/cts	O Det=106	H Det=1680	Mon Det=61979	Aux Det=213	O+H=1999	 DONE
29/08/2023 07:21:32:	move motor	S18.axis2.phaseshifter 1 to -0.200000deg	 DONE
29/08/2023 07:21:37:	10	count	time	10.000000s/cts	O Det=145	H Det=1386	Mon Det=62298	Aux Det=438	O+H=1969	 DONE
29/08/2023 07:21:49:	move motor	S18.axis2.phaseshifter 1 to 0.000000deg	 DONE
29/08/2023 07:21:54:	11	count	time	10.000000s/cts	O Det=201	H Det=1200	Mon Det=62208	Aux Det=503	O+H=1904	 DONE
29/08/2023 07:22:06:	move motor	S18.axis2.phaseshifter 1 to 0.200000deg	 DONE
29/08/2023 07:22:10:	12	count	time	10.000000s/cts	O Det=221	H Det=1067	Mon Det=61815	Aux Det=525	O+H=1813	 DONE
29/08/2023 07:22:23:	move motor	S18.axis2.phaseshifter 1 to 0.400000deg	 DONE
29/08/2023 07:22:27:	13	count	time	10.000000s/cts	O Det=218	H Det=1105	Mon Det=62165	Aux Det=494	O+H=1817	 DONE
29/08/2023 07:22:40:	move motor	S18.axis2.phaseshifter 1 to 0.600000deg	 DONE
29/08/2023 07:22:44:	14	count	time	10.000000s/cts	O Det=179	H Det=1402	Mon Det=61690	Aux Det=307	O+H=1888	 DONE
29/08/2023 07:22:56:	move motor	S18.axis2.phaseshifter 1 to 0.800000deg	 DONE
29/08/2023 07:23:01:	15	count	time	10.000000s/cts	O Det=157	H Det=1463	Mon Det=61644	Aux Det=249	O+H=1869	 DONE
29/08/2023 07:23:13:	move motor	S18.axis2.phaseshifter 1 to 1.000000deg	 DONE
29/08/2023 07:23:17:	16	count	time	10.000000s/cts	O Det=126	H Det=1659	Mon Det=61682	Aux Det=131	O+H=1916	 DONE
29/08/2023 07:23:30:	move motor	S18.axis2.phaseshifter 1 to 1.200000deg	 DONE
29/08/2023 07:23:34:	17	count	time	10.000000s/cts	O Det=97	H Det=1684	Mon Det=61832	Aux Det=86	O+H=1867	 DONE
29/08/2023 07:23:47:	move motor	S18.axis2.phaseshifter 1 to 1.400000deg	 DONE
29/08/2023 07:23:51:	18	count	time	10.000000s/cts	O Det=77	H Det=1713	Mon Det=62783	Aux Det=116	O+H=1906	 DONE
29/08/2023 07:24:04:	move motor	S18.axis2.phaseshifter 1 to 1.600000deg	 DONE
29/08/2023 07:24:08:	19	count	time	10.000000s/cts	O Det=114	H Det=1490	Mon Det=63275	Aux Det=332	O+H=1936	 DONE
29/08/2023 07:24:21:	move motor	S18.axis2.phaseshifter 1 to 1.800000deg	 DONE
29/08/2023 07:24:25:	20	count	time	10.000000s/cts	O Det=176	H Det=1208	Mon Det=63123	Aux Det=486	O+H=1870	 DONE
29/08/2023 07:24:37:	move motor	S18.axis2.phaseshifter 1 to 2.000000deg	 DONE
29/08/2023 07:24:41:	21	count	time	10.000000s/cts	O Det=205	H Det=1215	Mon Det=62509	Aux Det=525	O+H=1945	 DONE
29/08/2023 07:24:54:	close file and end scan	 DONE
29/08/2023 07:24:54:	move motor	S18.axis2.phaseshifter 1 to fit H COS270	0.705734reached 0.70313  DONE
29/08/2023 07:24:58:	END OF SCRIPT	 DONE
