27/08/2023 19:00:03:	start execution of script D:\data\Cycle 192ter\exp_3-16-14\rawdata\sc\movePS_0.sc	 DONE
27/08/2023 19:00:04:	create file	D:\data\Cycle 192ter\exp_3-16-14\rawdata\sc\movePS_0_27Aug1900.dat	 DONE
room to enter remarks DONE
27/08/2023 19:00:05:	move motor	S18.axis2.phaseshifter 1 to -2.000000deg	 DONE
27/08/2023 19:00:10:	1	count	time	10.000000s/cts	O Det=240	H Det=2212	Mon Det=58199	Aux Det=527	O+H=2979	 DONE
27/08/2023 19:00:23:	move motor	S18.axis2.phaseshifter 1 to -1.800000deg	 DONE
27/08/2023 19:00:27:	2	count	time	10.000000s/cts	O Det=174	H Det=2794	Mon Det=58317	Aux Det=282	O+H=3250	 DONE
27/08/2023 19:00:39:	move motor	S18.axis2.phaseshifter 1 to -1.600000deg	 DONE
27/08/2023 19:00:43:	3	count	time	10.000000s/cts	O Det=99	H Det=2884	Mon Det=57990	Aux Det=114	O+H=3097	 DONE
27/08/2023 19:00:56:	move motor	S18.axis2.phaseshifter 1 to -1.400000deg	 DONE
27/08/2023 19:01:00:	4	count	time	10.000000s/cts	O Det=127	H Det=2701	Mon Det=58751	Aux Det=268	O+H=3096	 DONE
27/08/2023 19:01:13:	move motor	S18.axis2.phaseshifter 1 to -1.200000deg	 DONE
27/08/2023 19:01:17:	5	count	time	10.000000s/cts	O Det=171	H Det=2403	Mon Det=58227	Aux Det=496	O+H=3070	 DONE
27/08/2023 19:01:29:	move motor	S18.axis2.phaseshifter 1 to -1.000000deg	 DONE
27/08/2023 19:01:33:	6	count	time	10.000000s/cts	O Det=201	H Det=2221	Mon Det=58128	Aux Det=614	O+H=3036	 DONE
27/08/2023 19:01:46:	move motor	S18.axis2.phaseshifter 1 to -0.800000deg	 DONE
27/08/2023 19:01:50:	7	count	time	10.000000s/cts	O Det=309	H Det=1722	Mon Det=58145	Aux Det=988	O+H=3019	 DONE
27/08/2023 19:02:03:	move motor	S18.axis2.phaseshifter 1 to -0.600000deg	 DONE
27/08/2023 19:02:07:	8	count	time	10.000000s/cts	O Det=397	H Det=1332	Mon Det=58160	Aux Det=1166	O+H=2895	 DONE
27/08/2023 19:02:19:	move motor	S18.axis2.phaseshifter 1 to -0.400000deg	 DONE
27/08/2023 19:02:23:	9	count	time	10.000000s/cts	O Det=405	H Det=1453	Mon Det=58183	Aux Det=1161	O+H=3019	 DONE
27/08/2023 19:02:36:	move motor	S18.axis2.phaseshifter 1 to -0.200000deg	 DONE
27/08/2023 19:02:40:	10	count	time	10.000000s/cts	O Det=311	H Det=1715	Mon Det=58360	Aux Det=956	O+H=2982	 DONE
27/08/2023 19:02:53:	move motor	S18.axis2.phaseshifter 1 to 0.000000deg	 DONE
27/08/2023 19:02:57:	11	count	time	10.000000s/cts	O Det=300	H Det=2038	Mon Det=58138	Aux Det=700	O+H=3038	 DONE
27/08/2023 19:03:09:	move motor	S18.axis2.phaseshifter 1 to 0.200000deg	 DONE
27/08/2023 19:03:13:	12	count	time	10.000000s/cts	O Det=161	H Det=2475	Mon Det=58601	Aux Det=327	O+H=2963	 DONE
27/08/2023 19:03:26:	move motor	S18.axis2.phaseshifter 1 to 0.400000deg	 DONE
27/08/2023 19:03:30:	13	count	time	10.000000s/cts	O Det=98	H Det=2872	Mon Det=58705	Aux Det=137	O+H=3107	 DONE
27/08/2023 19:03:43:	move motor	S18.axis2.phaseshifter 1 to 0.600000deg	 DONE
27/08/2023 19:03:47:	14	count	time	10.000000s/cts	O Det=81	H Det=2834	Mon Det=58158	Aux Det=221	O+H=3136	 DONE
27/08/2023 19:03:59:	move motor	S18.axis2.phaseshifter 1 to 0.800000deg	 DONE
27/08/2023 19:04:03:	15	count	time	10.000000s/cts	O Det=133	H Det=2774	Mon Det=58295	Aux Det=311	O+H=3218	 DONE
27/08/2023 19:04:16:	move motor	S18.axis2.phaseshifter 1 to 1.000000deg	 DONE
27/08/2023 19:04:20:	16	count	time	10.000000s/cts	O Det=228	H Det=2047	Mon Det=57808	Aux Det=710	O+H=2985	 DONE
27/08/2023 19:04:33:	move motor	S18.axis2.phaseshifter 1 to 1.200000deg	 DONE
27/08/2023 19:04:37:	17	count	time	10.000000s/cts	O Det=307	H Det=1725	Mon Det=58649	Aux Det=927	O+H=2959	 DONE
27/08/2023 19:04:50:	move motor	S18.axis2.phaseshifter 1 to 1.400000deg	 DONE
27/08/2023 19:04:53:	18	count	time	10.000000s/cts	O Det=331	H Det=1476	Mon Det=58257	Aux Det=1105	O+H=2912	 DONE
27/08/2023 19:05:06:	move motor	S18.axis2.phaseshifter 1 to 1.600000deg	 DONE
27/08/2023 19:05:10:	19	count	time	10.000000s/cts	O Det=417	H Det=1339	Mon Det=57809	Aux Det=1189	O+H=2945	 DONE
27/08/2023 19:05:23:	move motor	S18.axis2.phaseshifter 1 to 1.800000deg	 DONE
27/08/2023 19:05:27:	20	count	time	10.000000s/cts	O Det=347	H Det=1722	Mon Det=58425	Aux Det=876	O+H=2945	 DONE
27/08/2023 19:05:40:	move motor	S18.axis2.phaseshifter 1 to 2.000000deg	 DONE
27/08/2023 19:05:44:	21	count	time	10.000000s/cts	O Det=243	H Det=2312	Mon Det=58262	Aux Det=537	O+H=3092	 DONE
27/08/2023 19:05:57:	close file and end scan	 DONE
27/08/2023 19:05:57:	move motor	S18.axis2.phaseshifter 1 to fit H COS180	1.499795reached 1.50513  DONE
27/08/2023 19:06:00:	END OF SCRIPT	 DONE
