01/09/2023 22:11:11:	start execution of script D:\data\Cycle 192ter\exp_3-16-14\rawdata\sc\movePS_90.sc	 DONE
01/09/2023 22:11:11:	create file	D:\data\Cycle 192ter\exp_3-16-14\rawdata\sc\movePS_90_01Sep2211.dat	 DONE
room to enter remarks DONE
01/09/2023 22:11:12:	move motor	S18.axis2.phaseshifter 1 to -2.000000deg	 DONE
01/09/2023 22:11:17:	1	count	time	10.000000s/cts	O Det=34	H Det=423	Mon Det=63602	Aux Det=63	O+H=520	 DONE
01/09/2023 22:11:30:	move motor	S18.axis2.phaseshifter 1 to -1.800000deg	 DONE
01/09/2023 22:11:34:	2	count	time	10.000000s/cts	O Det=25	H Det=441	Mon Det=63591	Aux Det=37	O+H=503	 DONE
01/09/2023 22:11:46:	move motor	S18.axis2.phaseshifter 1 to -1.600000deg	 DONE
01/09/2023 22:11:50:	3	count	time	10.000000s/cts	O Det=18	H Det=469	Mon Det=63217	Aux Det=26	O+H=513	 DONE
01/09/2023 22:12:03:	move motor	S18.axis2.phaseshifter 1 to -1.400000deg	 DONE
01/09/2023 22:12:07:	4	count	time	10.000000s/cts	O Det=14	H Det=455	Mon Det=63288	Aux Det=19	O+H=488	 DONE
01/09/2023 22:12:20:	move motor	S18.axis2.phaseshifter 1 to -1.200000deg	 DONE
01/09/2023 22:12:24:	5	count	time	10.000000s/cts	O Det=10	H Det=516	Mon Det=63855	Aux Det=18	O+H=544	 DONE
01/09/2023 22:12:36:	move motor	S18.axis2.phaseshifter 1 to -1.000000deg	 DONE
01/09/2023 22:12:40:	6	count	time	10.000000s/cts	O Det=21	H Det=497	Mon Det=63693	Aux Det=28	O+H=546	 DONE
01/09/2023 22:12:53:	move motor	S18.axis2.phaseshifter 1 to -0.800000deg	 DONE
01/09/2023 22:12:57:	7	count	time	10.000000s/cts	O Det=17	H Det=480	Mon Det=64182	Aux Det=39	O+H=536	 DONE
01/09/2023 22:13:10:	move motor	S18.axis2.phaseshifter 1 to -0.600000deg	 DONE
01/09/2023 22:13:14:	8	count	time	10.000000s/cts	O Det=22	H Det=426	Mon Det=63621	Aux Det=45	O+H=493	 DONE
01/09/2023 22:13:26:	move motor	S18.axis2.phaseshifter 1 to -0.400000deg	 DONE
01/09/2023 22:13:31:	9	count	time	10.000000s/cts	O Det=27	H Det=432	Mon Det=64082	Aux Det=60	O+H=519	 DONE
01/09/2023 22:13:43:	move motor	S18.axis2.phaseshifter 1 to -0.200000deg	 DONE
01/09/2023 22:13:47:	10	count	time	10.000000s/cts	O Det=27	H Det=435	Mon Det=64199	Aux Det=69	O+H=531	 DONE
01/09/2023 22:14:00:	move motor	S18.axis2.phaseshifter 1 to 0.000000deg	 DONE
01/09/2023 22:14:04:	11	count	time	10.000000s/cts	O Det=38	H Det=415	Mon Det=64123	Aux Det=50	O+H=503	 DONE
01/09/2023 22:14:17:	move motor	S18.axis2.phaseshifter 1 to 0.200000deg	 DONE
01/09/2023 22:14:20:	12	count	time	10.000000s/cts	O Det=31	H Det=455	Mon Det=63745	Aux Det=44	O+H=530	 DONE
01/09/2023 22:14:33:	move motor	S18.axis2.phaseshifter 1 to 0.400000deg	 DONE
01/09/2023 22:14:37:	13	count	time	10.000000s/cts	O Det=24	H Det=417	Mon Det=57366	Aux Det=21	O+H=462	STOPPED BY USER	01/09/2023 22:14:49:	close file and end scan	 DONE
01/09/2023 22:14:49:	move motor	S18.axis2.phaseshifter 1 to fit H COS270	-0.580611reached -0.57129  DONE
01/09/2023 22:14:53:	END OF SCRIPT	 DONE
