02/09/2023 09:01:55:	start execution of script D:\data\Cycle 192ter\exp_3-16-14\rawdata\sc\movePS_90.sc	 DONE
02/09/2023 09:01:56:	create file	D:\data\Cycle 192ter\exp_3-16-14\rawdata\sc\movePS_90_02Sep0901.dat	 DONE
room to enter remarks DONE
02/09/2023 09:01:57:	move motor	S18.axis2.phaseshifter 1 to -2.000000deg	 DONE
02/09/2023 09:02:03:	1	count	time	10.000000s/cts	O Det=256	H Det=2064	Mon Det=65978	Aux Det=618	O+H=2938	 DONE
02/09/2023 09:02:15:	move motor	S18.axis2.phaseshifter 1 to -1.800000deg	 DONE
02/09/2023 09:02:19:	2	count	time	10.000000s/cts	O Det=195	H Det=2455	Mon Det=65501	Aux Det=368	O+H=3018	 DONE
02/09/2023 09:02:32:	move motor	S18.axis2.phaseshifter 1 to -1.600000deg	 DONE
02/09/2023 09:02:36:	3	count	time	10.000000s/cts	O Det=132	H Det=2799	Mon Det=66242	Aux Det=143	O+H=3074	 DONE
02/09/2023 09:02:49:	move motor	S18.axis2.phaseshifter 1 to -1.400000deg	 DONE
02/09/2023 09:02:53:	4	count	time	10.000000s/cts	O Det=109	H Det=2873	Mon Det=64952	Aux Det=153	O+H=3135	 DONE
02/09/2023 09:03:05:	move motor	S18.axis2.phaseshifter 1 to -1.200000deg	 DONE
02/09/2023 09:03:09:	5	count	time	10.000000s/cts	O Det=145	H Det=2606	Mon Det=65018	Aux Det=378	O+H=3129	 DONE
02/09/2023 09:03:22:	move motor	S18.axis2.phaseshifter 1 to -1.000000deg	 DONE
02/09/2023 09:03:26:	6	count	time	10.000000s/cts	O Det=208	H Det=2229	Mon Det=64392	Aux Det=636	O+H=3073	 DONE
02/09/2023 09:03:39:	move motor	S18.axis2.phaseshifter 1 to -0.800000deg	 DONE
02/09/2023 09:03:43:	7	count	time	10.000000s/cts	O Det=312	H Det=1715	Mon Det=65061	Aux Det=1016	O+H=3043	 DONE
02/09/2023 09:03:55:	move motor	S18.axis2.phaseshifter 1 to -0.600000deg	 DONE
02/09/2023 09:03:59:	8	count	time	10.000000s/cts	O Det=389	H Det=1381	Mon Det=64738	Aux Det=1168	O+H=2938	 DONE
02/09/2023 09:04:12:	move motor	S18.axis2.phaseshifter 1 to -0.400000deg	 DONE
02/09/2023 09:04:16:	9	count	time	10.000000s/cts	O Det=417	H Det=1324	Mon Det=65041	Aux Det=1233	O+H=2974	 DONE
02/09/2023 09:04:29:	move motor	S18.axis2.phaseshifter 1 to -0.200000deg	 DONE
02/09/2023 09:04:33:	10	count	time	10.000000s/cts	O Det=362	H Det=1687	Mon Det=65311	Aux Det=933	O+H=2982	 DONE
02/09/2023 09:04:45:	move motor	S18.axis2.phaseshifter 1 to 0.000000deg	 DONE
02/09/2023 09:04:49:	11	count	time	10.000000s/cts	O Det=276	H Det=2073	Mon Det=62905	Aux Det=565	O+H=2914	 DONE
02/09/2023 09:05:02:	move motor	S18.axis2.phaseshifter 1 to 0.200000deg	 DONE
02/09/2023 09:05:06:	12	count	time	10.000000s/cts	O Det=211	H Det=2433	Mon Det=63276	Aux Det=400	O+H=3044	 DONE
02/09/2023 09:05:18:	move motor	S18.axis2.phaseshifter 1 to 0.400000deg	 DONE
02/09/2023 09:05:22:	13	count	time	10.000000s/cts	O Det=137	H Det=2785	Mon Det=63687	Aux Det=182	O+H=3104	 DONE
02/09/2023 09:05:35:	move motor	S18.axis2.phaseshifter 1 to 0.600000deg	 DONE
02/09/2023 09:05:39:	14	count	time	10.000000s/cts	O Det=90	H Det=2858	Mon Det=63693	Aux Det=134	O+H=3082	 DONE
02/09/2023 09:05:52:	move motor	S18.axis2.phaseshifter 1 to 0.800000deg	 DONE
02/09/2023 09:05:56:	15	count	time	10.000000s/cts	O Det=139	H Det=2483	Mon Det=63944	Aux Det=333	O+H=2955	 DONE
02/09/2023 09:06:09:	move motor	S18.axis2.phaseshifter 1 to 1.000000deg	 DONE
02/09/2023 09:06:13:	16	count	time	10.000000s/cts	O Det=228	H Det=2135	Mon Det=63570	Aux Det=706	O+H=3069	 DONE
02/09/2023 09:06:25:	move motor	S18.axis2.phaseshifter 1 to 1.200000deg	 DONE
02/09/2023 09:06:29:	17	count	time	10.000000s/cts	O Det=324	H Det=1657	Mon Det=64227	Aux Det=921	O+H=2902	 DONE
02/09/2023 09:06:42:	move motor	S18.axis2.phaseshifter 1 to 1.400000deg	 DONE
02/09/2023 09:06:46:	18	count	time	10.000000s/cts	O Det=407	H Det=1489	Mon Det=65209	Aux Det=1109	O+H=3005	 DONE
02/09/2023 09:06:59:	move motor	S18.axis2.phaseshifter 1 to 1.600000deg	 DONE
02/09/2023 09:07:03:	19	count	time	10.000000s/cts	O Det=385	H Det=1291	Mon Det=64916	Aux Det=1148	O+H=2824	 DONE
02/09/2023 09:07:15:	move motor	S18.axis2.phaseshifter 1 to 1.800000deg	 DONE
02/09/2023 09:07:19:	20	count	time	10.000000s/cts	O Det=357	H Det=1494	Mon Det=64109	Aux Det=1035	O+H=2886	 DONE
02/09/2023 09:07:32:	move motor	S18.axis2.phaseshifter 1 to 2.000000deg	 DONE
02/09/2023 09:07:36:	21	count	time	10.000000s/cts	O Det=311	H Det=1909	Mon Det=64654	Aux Det=772	O+H=2992	 DONE
02/09/2023 09:07:49:	close file and end scan	 DONE
02/09/2023 09:07:49:	move motor	S18.axis2.phaseshifter 1 to fit H COS270	0.028156reached 0.02197  DONE
02/09/2023 09:07:53:	END OF SCRIPT	 DONE
