07/09/2023 13:14:37:	start execution of script D:\data\Cycle 192ter\exp_3-16-14\rawdata\sc\movePS_270.sc	 DONE
07/09/2023 13:14:38:	create file	D:\data\Cycle 192ter\exp_3-16-14\rawdata\sc\movePS_270_07Sep1314.dat	 DONE
room to enter remarks DONE
07/09/2023 13:14:39:	move motor	S18.axis2.phaseshifter 1 to -2.000000deg	 DONE
07/09/2023 13:14:44:	1	count	time	10.000000s/cts	O Det=198	H Det=2732	Mon Det=61533	Aux Det=244	O+H=2930	 DONE
07/09/2023 13:14:56:	move motor	S18.axis2.phaseshifter 1 to -1.800000deg	 DONE
07/09/2023 13:15:01:	2	count	time	10.000000s/cts	O Det=124	H Det=2946	Mon Det=61655	Aux Det=136	O+H=3070	 DONE
07/09/2023 13:15:13:	move motor	S18.axis2.phaseshifter 1 to -1.600000deg	 DONE
07/09/2023 13:15:17:	3	count	time	10.000000s/cts	O Det=76	H Det=2943	Mon Det=61211	Aux Det=147	O+H=3019	 DONE
07/09/2023 13:15:30:	move motor	S18.axis2.phaseshifter 1 to -1.400000deg	 DONE
07/09/2023 13:15:34:	4	count	time	10.000000s/cts	O Det=101	H Det=2810	Mon Det=61808	Aux Det=316	O+H=2911	 DONE
07/09/2023 13:15:47:	move motor	S18.axis2.phaseshifter 1 to -1.200000deg	 DONE
07/09/2023 13:15:51:	5	count	time	10.000000s/cts	O Det=210	H Det=2157	Mon Det=61344	Aux Det=725	O+H=2367	 DONE
07/09/2023 13:16:04:	move motor	S18.axis2.phaseshifter 1 to -1.000000deg	 DONE
07/09/2023 13:16:08:	6	count	time	10.000000s/cts	O Det=297	H Det=1673	Mon Det=61040	Aux Det=955	O+H=1970	 DONE
07/09/2023 13:16:20:	move motor	S18.axis2.phaseshifter 1 to -0.800000deg	 DONE
07/09/2023 13:16:24:	7	count	time	10.000000s/cts	O Det=360	H Det=1369	Mon Det=61563	Aux Det=1167	O+H=1729	 DONE
07/09/2023 13:16:37:	move motor	S18.axis2.phaseshifter 1 to -0.600000deg	 DONE
07/09/2023 13:16:41:	8	count	time	10.000000s/cts	O Det=414	H Det=1353	Mon Det=61547	Aux Det=1230	O+H=1767	 DONE
07/09/2023 13:16:54:	move motor	S18.axis2.phaseshifter 1 to -0.400000deg	 DONE
07/09/2023 13:16:58:	9	count	time	10.000000s/cts	O Det=400	H Det=1549	Mon Det=61679	Aux Det=1052	O+H=1949	 DONE
07/09/2023 13:17:10:	move motor	S18.axis2.phaseshifter 1 to -0.200000deg	 DONE
07/09/2023 13:17:14:	10	count	time	10.000000s/cts	O Det=347	H Det=1867	Mon Det=61352	Aux Det=724	O+H=2214	 DONE
07/09/2023 13:17:27:	move motor	S18.axis2.phaseshifter 1 to 0.000000deg	 DONE
07/09/2023 13:17:31:	11	count	time	10.000000s/cts	O Det=242	H Det=2312	Mon Det=60975	Aux Det=447	O+H=2554	 DONE
07/09/2023 13:17:44:	move motor	S18.axis2.phaseshifter 1 to 0.200000deg	 DONE
07/09/2023 13:17:48:	12	count	time	10.000000s/cts	O Det=149	H Det=2826	Mon Det=61306	Aux Det=226	O+H=2975	 DONE
07/09/2023 13:18:01:	move motor	S18.axis2.phaseshifter 1 to 0.400000deg	 DONE
07/09/2023 13:18:05:	13	count	time	10.000000s/cts	O Det=81	H Det=3041	Mon Det=61527	Aux Det=134	O+H=3122	 DONE
07/09/2023 13:18:17:	move motor	S18.axis2.phaseshifter 1 to 0.600000deg	 DONE
07/09/2023 13:18:21:	14	count	time	10.000000s/cts	O Det=106	H Det=2805	Mon Det=61764	Aux Det=205	O+H=2911	 DONE
07/09/2023 13:18:34:	move motor	S18.axis2.phaseshifter 1 to 0.800000deg	 DONE
07/09/2023 13:18:38:	15	count	time	10.000000s/cts	O Det=153	H Det=2306	Mon Det=61201	Aux Det=565	O+H=2459	 DONE
07/09/2023 13:18:51:	move motor	S18.axis2.phaseshifter 1 to 1.000000deg	 DONE
07/09/2023 13:18:55:	16	count	time	10.000000s/cts	O Det=248	H Det=1878	Mon Det=61630	Aux Det=915	O+H=2126	 DONE
07/09/2023 13:19:08:	move motor	S18.axis2.phaseshifter 1 to 1.200000deg	 DONE
07/09/2023 13:19:12:	17	count	time	10.000000s/cts	O Det=347	H Det=1488	Mon Det=61689	Aux Det=1088	O+H=1835	 DONE
07/09/2023 13:19:24:	move motor	S18.axis2.phaseshifter 1 to 1.400000deg	 DONE
07/09/2023 13:19:28:	18	count	time	10.000000s/cts	O Det=422	H Det=1354	Mon Det=62146	Aux Det=1182	O+H=1776	 DONE
07/09/2023 13:19:41:	move motor	S18.axis2.phaseshifter 1 to 1.600000deg	 DONE
07/09/2023 13:19:45:	19	count	time	10.000000s/cts	O Det=443	H Det=1435	Mon Det=61492	Aux Det=1070	O+H=1878	 DONE
07/09/2023 13:19:58:	move motor	S18.axis2.phaseshifter 1 to 1.800000deg	 DONE
07/09/2023 13:20:02:	20	count	time	10.000000s/cts	O Det=367	H Det=1845	Mon Det=61622	Aux Det=747	O+H=2212	 DONE
07/09/2023 13:20:15:	move motor	S18.axis2.phaseshifter 1 to 2.000000deg	 DONE
07/09/2023 13:20:19:	21	count	time	10.000000s/cts	O Det=260	H Det=2269	Mon Det=61043	Aux Det=477	O+H=2529	 DONE
07/09/2023 13:20:32:	close file and end scan	 DONE
07/09/2023 13:20:32:	move motor	S18.axis2.phaseshifter 1 to fit H COS90	0.901826reached 0.90088  DONE
07/09/2023 13:20:36:	END OF SCRIPT	 DONE
