31/08/2023 19:12:49:	start execution of script D:\data\Cycle 192ter\exp_3-16-14\rawdata\sc\movePS_90.sc	 DONE
31/08/2023 19:12:49:	create file	D:\data\Cycle 192ter\exp_3-16-14\rawdata\sc\movePS_90_31Aug1912.dat	 DONE
room to enter remarks DONE
31/08/2023 19:12:51:	move motor	S18.axis2.phaseshifter 1 to -2.000000deg	 DONE
31/08/2023 19:12:55:	1	count	time	10.000000s/cts	O Det=368	H Det=1412	Mon Det=63359	Aux Det=1106	O+H=2886	 DONE
31/08/2023 19:13:08:	move motor	S18.axis2.phaseshifter 1 to -1.800000deg	 DONE
31/08/2023 19:13:12:	2	count	time	10.000000s/cts	O Det=378	H Det=1495	Mon Det=63195	Aux Det=1086	O+H=2959	 DONE
31/08/2023 19:13:25:	move motor	S18.axis2.phaseshifter 1 to -1.600000deg	 DONE
31/08/2023 19:13:29:	3	count	time	10.000000s/cts	O Det=327	H Det=1689	Mon Det=62648	Aux Det=812	O+H=2828	 DONE
31/08/2023 19:13:41:	move motor	S18.axis2.phaseshifter 1 to -1.400000deg	 DONE
31/08/2023 19:13:46:	4	count	time	10.000000s/cts	O Det=261	H Det=2405	Mon Det=62584	Aux Det=456	O+H=3122	 DONE
31/08/2023 19:13:58:	move motor	S18.axis2.phaseshifter 1 to -1.200000deg	 DONE
31/08/2023 19:14:03:	5	count	time	10.000000s/cts	O Det=158	H Det=2785	Mon Det=62543	Aux Det=231	O+H=3174	 DONE
31/08/2023 19:14:15:	move motor	S18.axis2.phaseshifter 1 to -1.000000deg	 DONE
31/08/2023 19:14:19:	6	count	time	10.000000s/cts	O Det=146	H Det=2855	Mon Det=62374	Aux Det=154	O+H=3155	 DONE
31/08/2023 19:14:32:	move motor	S18.axis2.phaseshifter 1 to -0.800000deg	 DONE
31/08/2023 19:14:36:	7	count	time	10.000000s/cts	O Det=132	H Det=2631	Mon Det=61452	Aux Det=298	O+H=3061	 DONE
31/08/2023 19:14:49:	move motor	S18.axis2.phaseshifter 1 to -0.600000deg	 DONE
31/08/2023 19:14:53:	8	count	time	10.000000s/cts	O Det=169	H Det=2426	Mon Det=61872	Aux Det=455	O+H=3050	 DONE
31/08/2023 19:15:06:	move motor	S18.axis2.phaseshifter 1 to -0.400000deg	 DONE
31/08/2023 19:15:10:	9	count	time	10.000000s/cts	O Det=264	H Det=2028	Mon Det=62662	Aux Det=776	O+H=3068	 DONE
31/08/2023 19:15:23:	move motor	S18.axis2.phaseshifter 1 to -0.200000deg	 DONE
31/08/2023 19:15:27:	10	count	time	10.000000s/cts	O Det=311	H Det=1478	Mon Det=62269	Aux Det=1023	O+H=2812	 DONE
31/08/2023 19:15:40:	move motor	S18.axis2.phaseshifter 1 to 0.000000deg	 DONE
31/08/2023 19:15:44:	11	count	time	10.000000s/cts	O Det=398	H Det=1402	Mon Det=62776	Aux Det=1107	O+H=2907	 DONE
31/08/2023 19:15:57:	move motor	S18.axis2.phaseshifter 1 to 0.200000deg	 DONE
31/08/2023 19:16:01:	12	count	time	10.000000s/cts	O Det=393	H Det=1628	Mon Det=62116	Aux Det=991	O+H=3012	 DONE
31/08/2023 19:16:14:	move motor	S18.axis2.phaseshifter 1 to 0.400000deg	 DONE
31/08/2023 19:16:18:	13	count	time	10.000000s/cts	O Det=338	H Det=1873	Mon Det=62242	Aux Det=813	O+H=3024	 DONE
31/08/2023 19:16:31:	move motor	S18.axis2.phaseshifter 1 to 0.600000deg	 DONE
31/08/2023 19:16:35:	14	count	time	10.000000s/cts	O Det=271	H Det=2392	Mon Det=64842	Aux Det=510	O+H=3173	 DONE
31/08/2023 19:16:48:	move motor	S18.axis2.phaseshifter 1 to 0.800000deg	 DONE
31/08/2023 19:16:52:	15	count	time	10.000000s/cts	O Det=183	H Det=2517	Mon Det=64404	Aux Det=257	O+H=2957	 DONE
31/08/2023 19:17:05:	move motor	S18.axis2.phaseshifter 1 to 1.000000deg	 DONE
31/08/2023 19:17:09:	16	count	time	10.000000s/cts	O Det=125	H Det=2906	Mon Det=64539	Aux Det=113	O+H=3144	 DONE
31/08/2023 19:17:22:	move motor	S18.axis2.phaseshifter 1 to 1.200000deg	 DONE
31/08/2023 19:17:26:	17	count	time	10.000000s/cts	O Det=124	H Det=2763	Mon Det=64384	Aux Det=228	O+H=3115	 DONE
31/08/2023 19:17:38:	move motor	S18.axis2.phaseshifter 1 to 1.400000deg	 DONE
31/08/2023 19:17:43:	18	count	time	10.000000s/cts	O Det=137	H Det=2595	Mon Det=64646	Aux Det=423	O+H=3155	 DONE
31/08/2023 19:17:55:	move motor	S18.axis2.phaseshifter 1 to 1.600000deg	 DONE
31/08/2023 19:18:00:	19	count	time	10.000000s/cts	O Det=289	H Det=1883	Mon Det=63512	Aux Det=891	O+H=3063	 DONE
31/08/2023 19:18:12:	move motor	S18.axis2.phaseshifter 1 to 1.800000deg	 DONE
31/08/2023 19:18:16:	20	count	time	10.000000s/cts	O Det=366	H Det=1506	Mon Det=65795	Aux Det=1135	O+H=3007	 DONE
31/08/2023 19:18:29:	move motor	S18.axis2.phaseshifter 1 to 2.000000deg	 DONE
31/08/2023 19:18:33:	21	count	time	10.000000s/cts	O Det=405	H Det=1297	Mon Det=65052	Aux Det=1174	O+H=2876	 DONE
31/08/2023 19:18:46:	close file and end scan	 DONE
31/08/2023 19:18:47:	move motor	S18.axis2.phaseshifter 1 to fit H COS270	0.518657reached 0.52734  DONE
31/08/2023 19:18:50:	END OF SCRIPT	 DONE
