28/08/2023 19:38:14:	start execution of script D:\data\Cycle 192ter\exp_3-16-14\rawdata\sc\movePS_90.sc	 DONE
28/08/2023 19:38:15:	create file	D:\data\Cycle 192ter\exp_3-16-14\rawdata\sc\movePS_90_28Aug1938.dat	 DONE
room to enter remarks DONE
28/08/2023 19:38:16:	move motor	S18.axis2.phaseshifter 1 to -2.000000deg	 DONE
28/08/2023 19:38:20:	1	count	time	10.000000s/cts	O Det=361	H Det=1446	Mon Det=58804	Aux Det=1191	O+H=2998	 DONE
28/08/2023 19:38:33:	move motor	S18.axis2.phaseshifter 1 to -1.800000deg	 DONE
28/08/2023 19:38:37:	2	count	time	10.000000s/cts	O Det=343	H Det=1780	Mon Det=59243	Aux Det=875	O+H=2998	 DONE
28/08/2023 19:38:50:	move motor	S18.axis2.phaseshifter 1 to -1.600000deg	 DONE
28/08/2023 19:38:54:	3	count	time	10.000000s/cts	O Det=267	H Det=2026	Mon Det=58954	Aux Det=623	O+H=2916	 DONE
28/08/2023 19:39:06:	move motor	S18.axis2.phaseshifter 1 to -1.400000deg	 DONE
28/08/2023 19:39:11:	4	count	time	10.000000s/cts	O Det=195	H Det=2487	Mon Det=59892	Aux Det=341	O+H=3023	 DONE
28/08/2023 19:39:23:	move motor	S18.axis2.phaseshifter 1 to -1.200000deg	 DONE
28/08/2023 19:39:27:	5	count	time	10.000000s/cts	O Det=154	H Det=2739	Mon Det=61589	Aux Det=178	O+H=3071	 DONE
28/08/2023 19:39:40:	move motor	S18.axis2.phaseshifter 1 to -1.000000deg	 DONE
28/08/2023 19:39:44:	6	count	time	10.000000s/cts	O Det=128	H Det=2770	Mon Det=61798	Aux Det=190	O+H=3088	 DONE
28/08/2023 19:39:57:	move motor	S18.axis2.phaseshifter 1 to -0.800000deg	 DONE
28/08/2023 19:40:01:	7	count	time	10.000000s/cts	O Det=164	H Det=2440	Mon Det=61314	Aux Det=440	O+H=3044	 DONE
28/08/2023 19:40:14:	move motor	S18.axis2.phaseshifter 1 to -0.600000deg	 DONE
28/08/2023 19:40:18:	8	count	time	10.000000s/cts	O Det=287	H Det=1934	Mon Det=61434	Aux Det=762	O+H=2983	 DONE
28/08/2023 19:40:30:	move motor	S18.axis2.phaseshifter 1 to -0.400000deg	 DONE
28/08/2023 19:40:34:	9	count	time	10.000000s/cts	O Det=324	H Det=1543	Mon Det=61623	Aux Det=1078	O+H=2945	 DONE
28/08/2023 19:40:47:	move motor	S18.axis2.phaseshifter 1 to -0.200000deg	 DONE
28/08/2023 19:40:51:	10	count	time	10.000000s/cts	O Det=386	H Det=1375	Mon Det=58476	Aux Det=1191	O+H=2952	 DONE
28/08/2023 19:41:04:	move motor	S18.axis2.phaseshifter 1 to 0.000000deg	 DONE
28/08/2023 19:41:08:	11	count	time	10.000000s/cts	O Det=376	H Det=1460	Mon Det=62763	Aux Det=1121	O+H=2957	 DONE
28/08/2023 19:41:21:	move motor	S18.axis2.phaseshifter 1 to 0.200000deg	 DONE
28/08/2023 19:41:25:	12	count	time	10.000000s/cts	O Det=362	H Det=1673	Mon Det=62398	Aux Det=953	O+H=2988	 DONE
28/08/2023 19:41:37:	move motor	S18.axis2.phaseshifter 1 to 0.400000deg	 DONE
28/08/2023 19:41:42:	13	count	time	10.000000s/cts	O Det=314	H Det=1898	Mon Det=62202	Aux Det=772	O+H=2984	 DONE
28/08/2023 19:41:54:	move motor	S18.axis2.phaseshifter 1 to 0.600000deg	 DONE
28/08/2023 19:41:59:	14	count	time	10.000000s/cts	O Det=213	H Det=2456	Mon Det=62162	Aux Det=402	O+H=3071	 DONE
28/08/2023 19:42:11:	move motor	S18.axis2.phaseshifter 1 to 0.800000deg	 DONE
28/08/2023 19:42:15:	15	count	time	10.000000s/cts	O Det=134	H Det=2920	Mon Det=62675	Aux Det=185	O+H=3239	 DONE
28/08/2023 19:42:28:	move motor	S18.axis2.phaseshifter 1 to 1.000000deg	 DONE
28/08/2023 19:42:32:	16	count	time	10.000000s/cts	O Det=141	H Det=2600	Mon Det=61492	Aux Det=302	O+H=3043	 DONE
28/08/2023 19:42:45:	move motor	S18.axis2.phaseshifter 1 to 1.200000deg	 DONE
28/08/2023 19:42:49:	17	count	time	10.000000s/cts	O Det=148	H Det=2658	Mon Det=61993	Aux Det=339	O+H=3145	 DONE
28/08/2023 19:43:01:	move motor	S18.axis2.phaseshifter 1 to 1.400000deg	 DONE
28/08/2023 19:43:05:	18	count	time	10.000000s/cts	O Det=238	H Det=2110	Mon Det=62189	Aux Det=718	O+H=3066	 DONE
28/08/2023 19:43:18:	move motor	S18.axis2.phaseshifter 1 to 1.600000deg	 DONE
28/08/2023 19:43:22:	19	count	time	10.000000s/cts	O Det=309	H Det=1800	Mon Det=62802	Aux Det=922	O+H=3031	 DONE
28/08/2023 19:43:35:	move motor	S18.axis2.phaseshifter 1 to 1.800000deg	 DONE
28/08/2023 19:43:39:	20	count	time	10.000000s/cts	O Det=348	H Det=1495	Mon Det=61941	Aux Det=1137	O+H=2980	 DONE
28/08/2023 19:43:52:	move motor	S18.axis2.phaseshifter 1 to 2.000000deg	 DONE
28/08/2023 19:43:56:	21	count	time	10.000000s/cts	O Det=364	H Det=1404	Mon Det=62080	Aux Det=1177	O+H=2945	 DONE
28/08/2023 19:44:08:	close file and end scan	 DONE
28/08/2023 19:44:09:	move motor	S18.axis2.phaseshifter 1 to fit H COS270	0.411199reached 0.40649  DONE
28/08/2023 19:44:13:	END OF SCRIPT	 DONE
