06/09/2023 19:20:45:	start execution of script D:\data\Cycle 192ter\exp_3-16-14\rawdata\sc\movePS_270.sc	 DONE
06/09/2023 19:20:45:	create file	D:\data\Cycle 192ter\exp_3-16-14\rawdata\sc\movePS_270_06Sep1920.dat	 DONE
room to enter remarks DONE
06/09/2023 19:20:46:	move motor	S18.axis2.phaseshifter 1 to -2.000000deg	 DONE
06/09/2023 19:20:51:	1	count	time	10.000000s/cts	O Det=225	H Det=2585	Mon Det=60057	Aux Det=364	O+H=2810	 DONE
06/09/2023 19:21:04:	move motor	S18.axis2.phaseshifter 1 to -1.800000deg	 DONE
06/09/2023 19:21:08:	2	count	time	10.000000s/cts	O Det=132	H Det=2868	Mon Det=59933	Aux Det=151	O+H=3000	 DONE
06/09/2023 19:21:21:	move motor	S18.axis2.phaseshifter 1 to -1.600000deg	 DONE
06/09/2023 19:21:25:	3	count	time	10.000000s/cts	O Det=99	H Det=2990	Mon Det=59310	Aux Det=136	O+H=3089	 DONE
06/09/2023 19:21:38:	move motor	S18.axis2.phaseshifter 1 to -1.400000deg	 DONE
06/09/2023 19:21:42:	4	count	time	10.000000s/cts	O Det=108	H Det=2778	Mon Det=59262	Aux Det=362	O+H=2886	 DONE
06/09/2023 19:21:54:	move motor	S18.axis2.phaseshifter 1 to -1.200000deg	 DONE
06/09/2023 19:21:58:	5	count	time	10.000000s/cts	O Det=166	H Det=2302	Mon Det=59693	Aux Det=579	O+H=2468	 DONE
06/09/2023 19:22:11:	move motor	S18.axis2.phaseshifter 1 to -1.000000deg	 DONE
06/09/2023 19:22:15:	6	count	time	10.000000s/cts	O Det=271	H Det=1771	Mon Det=59523	Aux Det=917	O+H=2042	 DONE
06/09/2023 19:22:28:	move motor	S18.axis2.phaseshifter 1 to -0.800000deg	 DONE
06/09/2023 19:22:32:	7	count	time	10.000000s/cts	O Det=373	H Det=1451	Mon Det=60076	Aux Det=1184	O+H=1824	 DONE
06/09/2023 19:22:45:	move motor	S18.axis2.phaseshifter 1 to -0.600000deg	 DONE
06/09/2023 19:22:49:	8	count	time	10.000000s/cts	O Det=410	H Det=1405	Mon Det=60060	Aux Det=1240	O+H=1815	 DONE
06/09/2023 19:23:01:	move motor	S18.axis2.phaseshifter 1 to -0.400000deg	 DONE
06/09/2023 19:23:06:	9	count	time	10.000000s/cts	O Det=385	H Det=1471	Mon Det=60685	Aux Det=991	O+H=1856	 DONE
06/09/2023 19:23:19:	move motor	S18.axis2.phaseshifter 1 to -0.200000deg	 DONE
06/09/2023 19:23:23:	10	count	time	10.000000s/cts	O Det=336	H Det=1954	Mon Det=60282	Aux Det=697	O+H=2290	 DONE
06/09/2023 19:23:35:	move motor	S18.axis2.phaseshifter 1 to 0.000000deg	 DONE
06/09/2023 19:23:39:	11	count	time	10.000000s/cts	O Det=227	H Det=2549	Mon Det=59860	Aux Det=324	O+H=2776	 DONE
06/09/2023 19:23:52:	move motor	S18.axis2.phaseshifter 1 to 0.200000deg	 DONE
06/09/2023 19:23:56:	12	count	time	10.000000s/cts	O Det=131	H Det=2863	Mon Det=60454	Aux Det=166	O+H=2994	 DONE
06/09/2023 19:24:09:	move motor	S18.axis2.phaseshifter 1 to 0.400000deg	 DONE
06/09/2023 19:24:13:	13	count	time	10.000000s/cts	O Det=81	H Det=2925	Mon Det=60229	Aux Det=131	O+H=3006	 DONE
06/09/2023 19:24:26:	move motor	S18.axis2.phaseshifter 1 to 0.600000deg	 DONE
06/09/2023 19:24:30:	14	count	time	10.000000s/cts	O Det=126	H Det=2682	Mon Det=59884	Aux Det=341	O+H=2808	 DONE
06/09/2023 19:24:42:	move motor	S18.axis2.phaseshifter 1 to 0.800000deg	 DONE
06/09/2023 19:24:47:	15	count	time	10.000000s/cts	O Det=186	H Det=2312	Mon Det=60325	Aux Det=612	O+H=2498	 DONE
06/09/2023 19:24:59:	move motor	S18.axis2.phaseshifter 1 to 1.000000deg	 DONE
06/09/2023 19:25:03:	16	count	time	10.000000s/cts	O Det=284	H Det=1821	Mon Det=59687	Aux Det=860	O+H=2105	 DONE
06/09/2023 19:25:16:	move motor	S18.axis2.phaseshifter 1 to 1.200000deg	 DONE
06/09/2023 19:25:20:	17	count	time	10.000000s/cts	O Det=384	H Det=1331	Mon Det=60366	Aux Det=1161	O+H=1715	 DONE
06/09/2023 19:25:33:	move motor	S18.axis2.phaseshifter 1 to 1.400000deg	 DONE
06/09/2023 19:25:37:	18	count	time	10.000000s/cts	O Det=409	H Det=1304	Mon Det=60133	Aux Det=1191	O+H=1713	 DONE
06/09/2023 19:25:50:	move motor	S18.axis2.phaseshifter 1 to 1.600000deg	 DONE
06/09/2023 19:25:54:	19	count	time	10.000000s/cts	O Det=417	H Det=1556	Mon Det=59822	Aux Det=1030	O+H=1973	 DONE
06/09/2023 19:26:07:	move motor	S18.axis2.phaseshifter 1 to 1.800000deg	 DONE
06/09/2023 19:26:11:	20	count	time	10.000000s/cts	O Det=321	H Det=1846	Mon Det=59645	Aux Det=708	O+H=2167	 DONE
06/09/2023 19:26:24:	move motor	S18.axis2.phaseshifter 1 to 2.000000deg	 DONE
06/09/2023 19:26:28:	21	count	time	10.000000s/cts	O Det=232	H Det=2420	Mon Det=60036	Aux Det=400	O+H=2652	 DONE
06/09/2023 19:26:40:	close file and end scan	 DONE
06/09/2023 19:26:41:	move motor	S18.axis2.phaseshifter 1 to fit H COS90	0.865894reached 0.86792  DONE
06/09/2023 19:26:44:	END OF SCRIPT	 DONE
