01/09/2023 14:51:44:	start execution of script D:\data\Cycle 192ter\exp_3-16-14\rawdata\sc\movePS_90.sc	 DONE
01/09/2023 14:51:45:	create file	D:\data\Cycle 192ter\exp_3-16-14\rawdata\sc\movePS_90_01Sep1451.dat	 DONE
room to enter remarks DONE
01/09/2023 14:51:46:	move motor	S18.axis2.phaseshifter 1 to -2.000000deg	 DONE
01/09/2023 14:51:51:	1	count	time	10.000000s/cts	O Det=275	H Det=1944	Mon Det=62439	Aux Det=713	O+H=2932	 DONE
01/09/2023 14:52:04:	move motor	S18.axis2.phaseshifter 1 to -1.800000deg	 DONE
01/09/2023 14:52:08:	2	count	time	10.000000s/cts	O Det=229	H Det=2357	Mon Det=62275	Aux Det=471	O+H=3057	 DONE
01/09/2023 14:52:20:	move motor	S18.axis2.phaseshifter 1 to -1.600000deg	 DONE
01/09/2023 14:52:24:	3	count	time	10.000000s/cts	O Det=136	H Det=2766	Mon Det=62595	Aux Det=189	O+H=3091	 DONE
01/09/2023 14:52:37:	move motor	S18.axis2.phaseshifter 1 to -1.400000deg	 DONE
01/09/2023 14:52:41:	4	count	time	10.000000s/cts	O Det=116	H Det=2816	Mon Det=62738	Aux Det=147	O+H=3079	 DONE
01/09/2023 14:52:54:	move motor	S18.axis2.phaseshifter 1 to -1.200000deg	 DONE
01/09/2023 14:52:58:	5	count	time	10.000000s/cts	O Det=142	H Det=2667	Mon Det=62083	Aux Det=297	O+H=3106	 DONE
01/09/2023 14:53:11:	move motor	S18.axis2.phaseshifter 1 to -1.000000deg	 DONE
01/09/2023 14:53:15:	6	count	time	10.000000s/cts	O Det=190	H Det=2260	Mon Det=61810	Aux Det=510	O+H=2960	 DONE
01/09/2023 14:53:28:	move motor	S18.axis2.phaseshifter 1 to -0.800000deg	 DONE
01/09/2023 14:53:32:	7	count	time	10.000000s/cts	O Det=285	H Det=1865	Mon Det=62577	Aux Det=960	O+H=3110	 DONE
01/09/2023 14:53:45:	move motor	S18.axis2.phaseshifter 1 to -0.600000deg	 DONE
01/09/2023 14:53:49:	8	count	time	10.000000s/cts	O Det=376	H Det=1377	Mon Det=63157	Aux Det=1113	O+H=2866	 DONE
01/09/2023 14:54:02:	move motor	S18.axis2.phaseshifter 1 to -0.400000deg	 DONE
01/09/2023 14:54:06:	9	count	time	10.000000s/cts	O Det=399	H Det=1354	Mon Det=62254	Aux Det=1101	O+H=2854	 DONE
01/09/2023 14:54:19:	move motor	S18.axis2.phaseshifter 1 to -0.200000deg	 DONE
01/09/2023 14:54:23:	10	count	time	10.000000s/cts	O Det=358	H Det=1628	Mon Det=62244	Aux Det=975	O+H=2961	 DONE
01/09/2023 14:54:35:	move motor	S18.axis2.phaseshifter 1 to 0.000000deg	 DONE
01/09/2023 14:54:39:	11	count	time	10.000000s/cts	O Det=284	H Det=1991	Mon Det=62281	Aux Det=693	O+H=2968	 DONE
01/09/2023 14:54:52:	move motor	S18.axis2.phaseshifter 1 to 0.200000deg	 DONE
01/09/2023 14:54:56:	12	count	time	10.000000s/cts	O Det=216	H Det=2387	Mon Det=62561	Aux Det=413	O+H=3016	 DONE
01/09/2023 14:55:09:	move motor	S18.axis2.phaseshifter 1 to 0.400000deg	 DONE
01/09/2023 14:55:13:	13	count	time	10.000000s/cts	O Det=186	H Det=2647	Mon Det=62527	Aux Det=242	O+H=3075	 DONE
01/09/2023 14:55:25:	move motor	S18.axis2.phaseshifter 1 to 0.600000deg	 DONE
01/09/2023 14:55:30:	14	count	time	10.000000s/cts	O Det=103	H Det=2905	Mon Det=61985	Aux Det=139	O+H=3147	 DONE
01/09/2023 14:55:42:	move motor	S18.axis2.phaseshifter 1 to 0.800000deg	 DONE
01/09/2023 14:55:47:	15	count	time	10.000000s/cts	O Det=147	H Det=2638	Mon Det=62878	Aux Det=314	O+H=3099	 DONE
01/09/2023 14:55:59:	move motor	S18.axis2.phaseshifter 1 to 1.000000deg	 DONE
01/09/2023 14:56:03:	16	count	time	10.000000s/cts	O Det=197	H Det=2294	Mon Det=62170	Aux Det=490	O+H=2981	 DONE
01/09/2023 14:56:16:	move motor	S18.axis2.phaseshifter 1 to 1.200000deg	 DONE
01/09/2023 14:56:20:	17	count	time	10.000000s/cts	O Det=259	H Det=1900	Mon Det=62610	Aux Det=896	O+H=3055	 DONE
01/09/2023 14:56:33:	move motor	S18.axis2.phaseshifter 1 to 1.400000deg	 DONE
01/09/2023 14:56:37:	18	count	time	10.000000s/cts	O Det=304	H Det=1411	Mon Det=62284	Aux Det=1118	O+H=2833	 DONE
01/09/2023 14:56:50:	move motor	S18.axis2.phaseshifter 1 to 1.600000deg	 DONE
01/09/2023 14:56:54:	19	count	time	10.000000s/cts	O Det=362	H Det=1428	Mon Det=62175	Aux Det=1129	O+H=2919	 DONE
01/09/2023 14:57:07:	move motor	S18.axis2.phaseshifter 1 to 1.800000deg	 DONE
01/09/2023 14:57:11:	20	count	time	10.000000s/cts	O Det=380	H Det=1440	Mon Det=62289	Aux Det=1019	O+H=2839	 DONE
01/09/2023 14:57:23:	move motor	S18.axis2.phaseshifter 1 to 2.000000deg	 DONE
01/09/2023 14:57:27:	21	count	time	10.000000s/cts	O Det=332	H Det=2012	Mon Det=63080	Aux Det=725	O+H=3069	 DONE
01/09/2023 14:57:40:	close file and end scan	 DONE
01/09/2023 14:57:41:	move motor	S18.axis2.phaseshifter 1 to fit H COS270	0.066815reached 0.06592  DONE
01/09/2023 14:57:44:	END OF SCRIPT	 DONE
