27/08/2023 18:00:20:	start execution of script D:\data\Cycle 192ter\exp_3-16-14\rawdata\sc\movePS_0.sc	 DONE
27/08/2023 18:00:20:	create file	D:\data\Cycle 192ter\exp_3-16-14\rawdata\sc\movePS_0_27Aug1800.dat	 DONE
room to enter remarks DONE
27/08/2023 18:00:21:	move motor	S18.axis2.phaseshifter 1 to -2.000000deg	 DONE
27/08/2023 18:00:26:	1	count	time	10.000000s/cts	O Det=221	H Det=2228	Mon Det=59417	Aux Det=402	O+H=2851	 DONE
27/08/2023 18:00:39:	move motor	S18.axis2.phaseshifter 1 to -1.800000deg	 DONE
27/08/2023 18:00:43:	2	count	time	10.000000s/cts	O Det=145	H Det=2456	Mon Det=59230	Aux Det=207	O+H=2808	 DONE
27/08/2023 18:00:56:	move motor	S18.axis2.phaseshifter 1 to -1.600000deg	 DONE
27/08/2023 18:00:59:	3	count	time	10.000000s/cts	O Det=59	H Det=2651	Mon Det=58832	Aux Det=97	O+H=2807	 DONE
27/08/2023 18:01:12:	move motor	S18.axis2.phaseshifter 1 to -1.400000deg	 DONE
27/08/2023 18:01:16:	4	count	time	10.000000s/cts	O Det=85	H Det=2462	Mon Det=58672	Aux Det=185	O+H=2732	 DONE
27/08/2023 18:01:29:	move motor	S18.axis2.phaseshifter 1 to -1.200000deg	 DONE
27/08/2023 18:01:33:	5	count	time	10.000000s/cts	O Det=228	H Det=1880	Mon Det=58611	Aux Det=704	O+H=2812	 DONE
27/08/2023 18:01:46:	move motor	S18.axis2.phaseshifter 1 to -1.000000deg	 DONE
27/08/2023 18:01:50:	6	count	time	10.000000s/cts	O Det=284	H Det=1474	Mon Det=58920	Aux Det=922	O+H=2680	 DONE
27/08/2023 18:02:02:	move motor	S18.axis2.phaseshifter 1 to -0.800000deg	 DONE
27/08/2023 18:02:06:	7	count	time	10.000000s/cts	O Det=305	H Det=1344	Mon Det=58781	Aux Det=1056	O+H=2705	 DONE
27/08/2023 18:02:19:	move motor	S18.axis2.phaseshifter 1 to -0.600000deg	 DONE
27/08/2023 18:02:23:	8	count	time	10.000000s/cts	O Det=353	H Det=1225	Mon Det=59356	Aux Det=1129	O+H=2707	 DONE
27/08/2023 18:02:36:	move motor	S18.axis2.phaseshifter 1 to -0.400000deg	 DONE
27/08/2023 18:02:40:	9	count	time	10.000000s/cts	O Det=315	H Det=1378	Mon Det=58713	Aux Det=879	O+H=2572	 DONE
27/08/2023 18:02:52:	move motor	S18.axis2.phaseshifter 1 to -0.200000deg	 DONE
27/08/2023 18:02:57:	10	count	time	10.000000s/cts	O Det=267	H Det=1870	Mon Det=58527	Aux Det=615	O+H=2752	 DONE
27/08/2023 18:03:09:	move motor	S18.axis2.phaseshifter 1 to 0.000000deg	 DONE
27/08/2023 18:03:13:	11	count	time	10.000000s/cts	O Det=179	H Det=2312	Mon Det=58656	Aux Det=325	O+H=2816	 DONE
27/08/2023 18:03:26:	move motor	S18.axis2.phaseshifter 1 to 0.200000deg	 DONE
27/08/2023 18:03:30:	12	count	time	10.000000s/cts	O Det=131	H Det=2463	Mon Det=59380	Aux Det=276	O+H=2870	 DONE
27/08/2023 18:03:43:	move motor	S18.axis2.phaseshifter 1 to 0.400000deg	 DONE
27/08/2023 18:03:47:	13	count	time	10.000000s/cts	O Det=86	H Det=2653	Mon Det=59226	Aux Det=129	O+H=2868	 DONE
27/08/2023 18:03:59:	move motor	S18.axis2.phaseshifter 1 to 0.600000deg	 DONE
27/08/2023 18:04:03:	14	count	time	10.000000s/cts	O Det=60	H Det=2656	Mon Det=58996	Aux Det=104	O+H=2820	 DONE
27/08/2023 18:04:16:	move motor	S18.axis2.phaseshifter 1 to 0.800000deg	 DONE
27/08/2023 18:04:20:	15	count	time	10.000000s/cts	O Det=139	H Det=2123	Mon Det=58956	Aux Det=492	O+H=2754	 DONE
27/08/2023 18:04:33:	move motor	S18.axis2.phaseshifter 1 to 1.000000deg	 DONE
27/08/2023 18:04:37:	16	count	time	10.000000s/cts	O Det=194	H Det=1974	Mon Det=59449	Aux Det=585	O+H=2753	 DONE
27/08/2023 18:04:49:	move motor	S18.axis2.phaseshifter 1 to 1.200000deg	 DONE
27/08/2023 18:04:53:	17	count	time	10.000000s/cts	O Det=285	H Det=1590	Mon Det=59137	Aux Det=879	O+H=2754	 DONE
27/08/2023 18:05:06:	move motor	S18.axis2.phaseshifter 1 to 1.400000deg	 DONE
27/08/2023 18:05:10:	18	count	time	10.000000s/cts	O Det=388	H Det=1203	Mon Det=58500	Aux Det=1088	O+H=2679	 DONE
27/08/2023 18:05:23:	move motor	S18.axis2.phaseshifter 1 to 1.600000deg	 DONE
27/08/2023 18:05:27:	19	count	time	10.000000s/cts	O Det=375	H Det=1214	Mon Det=58657	Aux Det=1045	O+H=2634	 DONE
27/08/2023 18:05:39:	move motor	S18.axis2.phaseshifter 1 to 1.800000deg	 DONE
27/08/2023 18:05:44:	20	count	time	10.000000s/cts	O Det=336	H Det=1429	Mon Det=59313	Aux Det=816	O+H=2581	 DONE
27/08/2023 18:05:56:	move motor	S18.axis2.phaseshifter 1 to 2.000000deg	 DONE
27/08/2023 18:06:00:	21	count	time	10.000000s/cts	O Det=221	H Det=2067	Mon Det=59128	Aux Det=489	O+H=2777	 DONE
27/08/2023 18:06:13:	close file and end scan	 DONE
27/08/2023 18:06:13:	move motor	S18.axis2.phaseshifter 1 to fit H COS180	1.469822reached 1.47217  DONE
27/08/2023 18:06:16:	END OF SCRIPT	 DONE
