31/08/2023 20:06:02:	start execution of script D:\data\Cycle 192ter\exp_3-16-14\rawdata\sc\movePS_90.sc	 DONE
31/08/2023 20:06:02:	create file	D:\data\Cycle 192ter\exp_3-16-14\rawdata\sc\movePS_90_31Aug2006.dat	 DONE
room to enter remarks DONE
31/08/2023 20:06:03:	move motor	S18.axis2.phaseshifter 1 to -2.000000deg	 DONE
31/08/2023 20:06:08:	1	count	time	10.000000s/cts	O Det=266	H Det=1971	Mon Det=62856	Aux Det=706	O+H=2943	 DONE
31/08/2023 20:06:21:	move motor	S18.axis2.phaseshifter 1 to -1.800000deg	 DONE
31/08/2023 20:06:25:	2	count	time	10.000000s/cts	O Det=193	H Det=2497	Mon Det=62878	Aux Det=415	O+H=3105	 DONE
31/08/2023 20:06:38:	move motor	S18.axis2.phaseshifter 1 to -1.600000deg	 DONE
31/08/2023 20:06:42:	3	count	time	10.000000s/cts	O Det=163	H Det=2708	Mon Det=62103	Aux Det=173	O+H=3044	 DONE
31/08/2023 20:06:55:	move motor	S18.axis2.phaseshifter 1 to -1.400000deg	 DONE
31/08/2023 20:06:59:	4	count	time	10.000000s/cts	O Det=130	H Det=2762	Mon Det=62833	Aux Det=152	O+H=3044	 DONE
31/08/2023 20:07:12:	move motor	S18.axis2.phaseshifter 1 to -1.200000deg	 DONE
31/08/2023 20:07:16:	5	count	time	10.000000s/cts	O Det=134	H Det=2589	Mon Det=62411	Aux Det=283	O+H=3006	 DONE
31/08/2023 20:07:28:	move motor	S18.axis2.phaseshifter 1 to -1.000000deg	 DONE
31/08/2023 20:07:33:	6	count	time	10.000000s/cts	O Det=172	H Det=2427	Mon Det=62180	Aux Det=459	O+H=3058	 DONE
31/08/2023 20:07:45:	move motor	S18.axis2.phaseshifter 1 to -0.800000deg	 DONE
31/08/2023 20:07:50:	7	count	time	10.000000s/cts	O Det=300	H Det=1795	Mon Det=62159	Aux Det=903	O+H=2998	 DONE
31/08/2023 20:08:02:	move motor	S18.axis2.phaseshifter 1 to -0.600000deg	 DONE
31/08/2023 20:08:06:	8	count	time	10.000000s/cts	O Det=359	H Det=1487	Mon Det=62394	Aux Det=1089	O+H=2935	 DONE
31/08/2023 20:08:19:	move motor	S18.axis2.phaseshifter 1 to -0.400000deg	 DONE
31/08/2023 20:08:23:	9	count	time	10.000000s/cts	O Det=398	H Det=1401	Mon Det=62370	Aux Det=1125	O+H=2924	 DONE
31/08/2023 20:08:36:	move motor	S18.axis2.phaseshifter 1 to -0.200000deg	 DONE
31/08/2023 20:08:40:	10	count	time	10.000000s/cts	O Det=396	H Det=1560	Mon Det=62232	Aux Det=995	O+H=2951	 DONE
31/08/2023 20:08:53:	move motor	S18.axis2.phaseshifter 1 to 0.000000deg	 DONE
31/08/2023 20:08:57:	11	count	time	10.000000s/cts	O Det=346	H Det=1887	Mon Det=62525	Aux Det=773	O+H=3006	 DONE
31/08/2023 20:09:10:	move motor	S18.axis2.phaseshifter 1 to 0.200000deg	 DONE
31/08/2023 20:09:14:	12	count	time	10.000000s/cts	O Det=259	H Det=2175	Mon Det=62369	Aux Det=488	O+H=2922	 DONE
31/08/2023 20:09:27:	move motor	S18.axis2.phaseshifter 1 to 0.400000deg	 DONE
31/08/2023 20:09:31:	13	count	time	10.000000s/cts	O Det=132	H Det=2814	Mon Det=62150	Aux Det=149	O+H=3095	 DONE
31/08/2023 20:09:44:	move motor	S18.axis2.phaseshifter 1 to 0.600000deg	 DONE
31/08/2023 20:09:48:	14	count	time	10.000000s/cts	O Det=118	H Det=2866	Mon Det=62392	Aux Det=165	O+H=3149	 DONE
31/08/2023 20:10:01:	move motor	S18.axis2.phaseshifter 1 to 0.800000deg	 DONE
31/08/2023 20:10:05:	15	count	time	10.000000s/cts	O Det=152	H Det=2650	Mon Det=65541	Aux Det=302	O+H=3104	 DONE
31/08/2023 20:10:18:	move motor	S18.axis2.phaseshifter 1 to 1.000000deg	 DONE
31/08/2023 20:10:22:	16	count	time	10.000000s/cts	O Det=192	H Det=2389	Mon Det=65157	Aux Det=478	O+H=3059	 DONE
31/08/2023 20:10:35:	move motor	S18.axis2.phaseshifter 1 to 1.200000deg	 DONE
31/08/2023 20:10:39:	17	count	time	10.000000s/cts	O Det=261	H Det=1987	Mon Det=65252	Aux Det=790	O+H=3038	 DONE
31/08/2023 20:10:52:	move motor	S18.axis2.phaseshifter 1 to 1.400000deg	 DONE
31/08/2023 20:10:56:	18	count	time	10.000000s/cts	O Det=315	H Det=1584	Mon Det=65858	Aux Det=1048	O+H=2947	 DONE
31/08/2023 20:11:08:	move motor	S18.axis2.phaseshifter 1 to 1.600000deg	 DONE
31/08/2023 20:11:13:	19	count	time	10.000000s/cts	O Det=368	H Det=1418	Mon Det=65631	Aux Det=1125	O+H=2911	 DONE
31/08/2023 20:11:25:	move motor	S18.axis2.phaseshifter 1 to 1.800000deg	 DONE
31/08/2023 20:11:30:	20	count	time	10.000000s/cts	O Det=367	H Det=1579	Mon Det=65147	Aux Det=1074	O+H=3020	 DONE
31/08/2023 20:11:42:	move motor	S18.axis2.phaseshifter 1 to 2.000000deg	 DONE
31/08/2023 20:11:46:	21	count	time	10.000000s/cts	O Det=318	H Det=1949	Mon Det=65437	Aux Det=692	O+H=2959	 DONE
31/08/2023 20:11:59:	close file and end scan	 DONE
31/08/2023 20:12:00:	move motor	S18.axis2.phaseshifter 1 to fit H COS270	0.091743reached 0.08789  DONE
31/08/2023 20:12:03:	END OF SCRIPT	 DONE
