07/09/2023 11:36:43:	start execution of script D:\data\Cycle 192ter\exp_3-16-14\rawdata\sc\movePS_270.sc	 DONE
07/09/2023 11:36:44:	create file	D:\data\Cycle 192ter\exp_3-16-14\rawdata\sc\movePS_270_07Sep1136.dat	 DONE
room to enter remarks DONE
07/09/2023 11:36:45:	move motor	S18.axis2.phaseshifter 1 to -2.000000deg	 DONE
07/09/2023 11:36:50:	1	count	time	10.000000s/cts	O Det=257	H Det=2228	Mon Det=59330	Aux Det=541	O+H=2485	 DONE
07/09/2023 11:37:02:	move motor	S18.axis2.phaseshifter 1 to -1.800000deg	 DONE
07/09/2023 11:37:06:	2	count	time	10.000000s/cts	O Det=183	H Det=2717	Mon Det=59661	Aux Det=250	O+H=2900	 DONE
07/09/2023 11:37:19:	move motor	S18.axis2.phaseshifter 1 to -1.600000deg	 DONE
07/09/2023 11:37:23:	3	count	time	10.000000s/cts	O Det=106	H Det=2964	Mon Det=60299	Aux Det=109	O+H=3070	 DONE
07/09/2023 11:37:36:	move motor	S18.axis2.phaseshifter 1 to -1.400000deg	 DONE
07/09/2023 11:37:40:	4	count	time	10.000000s/cts	O Det=96	H Det=2735	Mon Det=59982	Aux Det=266	O+H=2831	 DONE
07/09/2023 11:37:53:	move motor	S18.axis2.phaseshifter 1 to -1.200000deg	 DONE
07/09/2023 11:37:57:	5	count	time	10.000000s/cts	O Det=177	H Det=2358	Mon Det=59780	Aux Det=546	O+H=2535	 DONE
07/09/2023 11:38:09:	move motor	S18.axis2.phaseshifter 1 to -1.000000deg	 DONE
07/09/2023 11:38:13:	6	count	time	10.000000s/cts	O Det=274	H Det=1916	Mon Det=59470	Aux Det=903	O+H=2190	 DONE
07/09/2023 11:38:26:	move motor	S18.axis2.phaseshifter 1 to -0.800000deg	 DONE
07/09/2023 11:38:30:	7	count	time	10.000000s/cts	O Det=340	H Det=1489	Mon Det=60486	Aux Det=1097	O+H=1829	 DONE
07/09/2023 11:38:43:	move motor	S18.axis2.phaseshifter 1 to -0.600000deg	 DONE
07/09/2023 11:38:47:	8	count	time	10.000000s/cts	O Det=428	H Det=1331	Mon Det=60187	Aux Det=1185	O+H=1759	 DONE
07/09/2023 11:39:00:	move motor	S18.axis2.phaseshifter 1 to -0.400000deg	 DONE
07/09/2023 11:39:04:	9	count	time	10.000000s/cts	O Det=441	H Det=1538	Mon Det=59981	Aux Det=1081	O+H=1979	 DONE
07/09/2023 11:39:16:	move motor	S18.axis2.phaseshifter 1 to -0.200000deg	 DONE
07/09/2023 11:39:20:	10	count	time	10.000000s/cts	O Det=332	H Det=1939	Mon Det=59702	Aux Det=721	O+H=2271	 DONE
07/09/2023 11:39:33:	move motor	S18.axis2.phaseshifter 1 to 0.000000deg	 DONE
07/09/2023 11:39:37:	11	count	time	10.000000s/cts	O Det=213	H Det=2507	Mon Det=59696	Aux Det=394	O+H=2720	 DONE
07/09/2023 11:39:50:	move motor	S18.axis2.phaseshifter 1 to 0.200000deg	 DONE
07/09/2023 11:39:54:	12	count	time	10.000000s/cts	O Det=151	H Det=2789	Mon Det=60008	Aux Det=148	O+H=2940	 DONE
07/09/2023 11:40:07:	move motor	S18.axis2.phaseshifter 1 to 0.400000deg	 DONE
07/09/2023 11:40:11:	13	count	time	10.000000s/cts	O Det=102	H Det=2905	Mon Det=59562	Aux Det=134	O+H=3007	 DONE
07/09/2023 11:40:23:	move motor	S18.axis2.phaseshifter 1 to 0.600000deg	 DONE
07/09/2023 11:40:27:	14	count	time	10.000000s/cts	O Det=77	H Det=2842	Mon Det=59619	Aux Det=206	O+H=2919	 DONE
07/09/2023 11:40:40:	move motor	S18.axis2.phaseshifter 1 to 0.800000deg	 DONE
07/09/2023 11:40:44:	15	count	time	10.000000s/cts	O Det=156	H Det=2420	Mon Det=59571	Aux Det=490	O+H=2576	 DONE
07/09/2023 11:40:57:	move motor	S18.axis2.phaseshifter 1 to 1.000000deg	 DONE
07/09/2023 11:41:01:	16	count	time	10.000000s/cts	O Det=257	H Det=1942	Mon Det=60120	Aux Det=816	O+H=2199	 DONE
07/09/2023 11:41:14:	move motor	S18.axis2.phaseshifter 1 to 1.200000deg	 DONE
07/09/2023 11:41:18:	17	count	time	10.000000s/cts	O Det=337	H Det=1494	Mon Det=61093	Aux Det=1148	O+H=1831	 DONE
07/09/2023 11:41:31:	move motor	S18.axis2.phaseshifter 1 to 1.400000deg	 DONE
07/09/2023 11:41:35:	18	count	time	10.000000s/cts	O Det=422	H Det=1368	Mon Det=60227	Aux Det=1169	O+H=1790	 DONE
07/09/2023 11:41:48:	move motor	S18.axis2.phaseshifter 1 to 1.600000deg	 DONE
07/09/2023 11:41:52:	19	count	time	10.000000s/cts	O Det=434	H Det=1525	Mon Det=60716	Aux Det=1156	O+H=1959	 DONE
07/09/2023 11:42:05:	move motor	S18.axis2.phaseshifter 1 to 1.800000deg	 DONE
07/09/2023 11:42:09:	20	count	time	10.000000s/cts	O Det=357	H Det=1914	Mon Det=60649	Aux Det=782	O+H=2271	 DONE
07/09/2023 11:42:22:	move motor	S18.axis2.phaseshifter 1 to 2.000000deg	 DONE
07/09/2023 11:42:26:	21	count	time	10.000000s/cts	O Det=269	H Det=2330	Mon Det=60108	Aux Det=466	O+H=2599	 DONE
07/09/2023 11:42:39:	close file and end scan	 DONE
07/09/2023 11:42:39:	move motor	S18.axis2.phaseshifter 1 to fit H COS90	0.896092reached 0.90088  DONE
07/09/2023 11:42:43:	END OF SCRIPT	 DONE
