30/09/2023 10:39:28:	start execution of script D:\data\Cycle 192ter\exp_3-16-14\rawdata\sc\rockingCamWide.sc	 DONE
30/09/2023 10:39:29:	COUNT MODE	Camera DONE
30/09/2023 10:39:29:	create file	D:\data\Cycle 192ter\exp_3-16-14\rawdata\temperedSiTest\rockingCam_30Sep1039.dat	 DONE
room to enter remarks DONE
30/09/2023 10:39:30:	move motor	S18.axis2.piezo rotation to 1.327200deg	 DONE
30/09/2023 10:39:33:	1	count	time	600.000000s/cts	O Det=33290	H Det=10990	Mon Det=4133710	Aux Det=18956	O+H=44280	 DONE
30/09/2023 10:49:48:	move motor	S18.axis2.piezo rotation to 1.327400deg	 DONE
30/09/2023 10:49:51:	2	count	time	600.000000s/cts	O Det=36512	H Det=11844	Mon Det=4125711	Aux Det=19060	O+H=48356	 DONE
30/09/2023 11:00:04:	move motor	S18.axis2.piezo rotation to 1.327600deg	 DONE
30/09/2023 11:00:08:	3	count	time	600.000000s/cts	O Det=39960	H Det=12637	Mon Det=4126336	Aux Det=18924	O+H=52597	 DONE
30/09/2023 11:10:20:	move motor	S18.axis2.piezo rotation to 1.327800deg	 DONE
30/09/2023 11:10:24:	4	count	time	600.000000s/cts	O Det=45002	H Det=13633	Mon Det=4140759	Aux Det=18850	O+H=58635	 DONE
30/09/2023 11:20:38:	move motor	S18.axis2.piezo rotation to 1.328000deg	 DONE
30/09/2023 11:20:41:	5	count	time	600.000000s/cts	O Det=50558	H Det=15036	Mon Det=4138392	Aux Det=19176	O+H=65594	 DONE
30/09/2023 11:30:53:	move motor	S18.axis2.piezo rotation to 1.328200deg	 DONE
30/09/2023 11:30:56:	6	count	time	600.000000s/cts	O Det=56257	H Det=16105	Mon Det=4138646	Aux Det=19277	O+H=72362	 DONE
30/09/2023 11:41:08:	move motor	S18.axis2.piezo rotation to 1.328400deg	 DONE
30/09/2023 11:41:11:	7	count	time	600.000000s/cts	O Det=64541	H Det=17931	Mon Det=4133467	Aux Det=19316	O+H=82472	 DONE
30/09/2023 11:51:21:	move motor	S18.axis2.piezo rotation to 1.328600deg	 DONE
30/09/2023 11:51:24:	8	count	time	600.000000s/cts	O Det=75304	H Det=19962	Mon Det=4132655	Aux Det=19205	O+H=95266	 DONE
30/09/2023 12:01:37:	move motor	S18.axis2.piezo rotation to 1.328800deg	 DONE
30/09/2023 12:01:41:	9	count	time	600.000000s/cts	O Det=86717	H Det=22126	Mon Det=4127049	Aux Det=19451	O+H=108843	 DONE
30/09/2023 12:11:50:	move motor	S18.axis2.piezo rotation to 1.329000deg	 DONE
30/09/2023 12:11:53:	10	count	time	600.000000s/cts	O Det=104617	H Det=25027	Mon Det=4128722	Aux Det=19448	O+H=129644	 DONE
30/09/2023 12:22:02:	move motor	S18.axis2.piezo rotation to 1.329200deg	 DONE
30/09/2023 12:22:06:	11	count	time	600.000000s/cts	O Det=125356	H Det=28494	Mon Det=4125760	Aux Det=19426	O+H=153850	 DONE
30/09/2023 12:32:14:	move motor	S18.axis2.piezo rotation to 1.329400deg	 DONE
30/09/2023 12:32:17:	12	count	time	600.000000s/cts	O Det=157854	H Det=33032	Mon Det=4131111	Aux Det=19674	O+H=190886	 DONE
30/09/2023 12:42:25:	move motor	S18.axis2.piezo rotation to 1.329600deg	 DONE
30/09/2023 12:42:29:	13	count	time	600.000000s/cts	O Det=204329	H Det=38592	Mon Det=4132412	Aux Det=19571	O+H=242921	 DONE
30/09/2023 12:52:37:	move motor	S18.axis2.piezo rotation to 1.329800deg	 DONE
30/09/2023 12:52:40:	14	count	time	600.000000s/cts	O Det=274641	H Det=44886	Mon Det=4134087	Aux Det=19894	O+H=319527	 DONE
30/09/2023 13:02:51:	move motor	S18.axis2.piezo rotation to 1.330000deg	 DONE
30/09/2023 13:02:55:	15	count	time	600.000000s/cts	O Det=368251	H Det=51736	Mon Det=4134016	Aux Det=19972	O+H=419987	 DONE
30/09/2023 13:13:04:	move motor	S18.axis2.piezo rotation to 1.330200deg	 DONE
30/09/2023 13:13:08:	16	count	time	600.000000s/cts	O Det=484048	H Det=61402	Mon Det=4127184	Aux Det=19869	O+H=545450	 DONE
30/09/2023 13:23:16:	move motor	S18.axis2.piezo rotation to 1.330400deg	 DONE
30/09/2023 13:23:20:	17	count	time	600.000000s/cts	O Det=599306	H Det=76226	Mon Det=4121718	Aux Det=19964	O+H=675532	 DONE
30/09/2023 13:33:28:	move motor	S18.axis2.piezo rotation to 1.330600deg	 DONE
30/09/2023 13:33:31:	18	count	time	600.000000s/cts	O Det=652075	H Det=96878	Mon Det=4123406	Aux Det=19937	O+H=748953	 DONE
30/09/2023 13:43:40:	move motor	S18.axis2.piezo rotation to 1.330800deg	 DONE
30/09/2023 13:43:44:	19	count	time	600.000000s/cts	O Det=653246	H Det=122328	Mon Det=4107467	Aux Det=20018	O+H=775574	 DONE
30/09/2023 13:53:52:	move motor	S18.axis2.piezo rotation to 1.331000deg	 DONE
30/09/2023 13:53:56:	20	count	time	600.000000s/cts	O Det=613647	H Det=143601	Mon Det=4078578	Aux Det=19979	O+H=757248	 DONE
30/09/2023 14:04:08:	move motor	S18.axis2.piezo rotation to 1.331200deg	 DONE
30/09/2023 14:04:12:	21	count	time	600.000000s/cts	O Det=528069	H Det=146181	Mon Det=4061524	Aux Det=20097	O+H=674250	 DONE
30/09/2023 14:14:21:	move motor	S18.axis2.piezo rotation to 1.331400deg	 DONE
30/09/2023 14:14:24:	22	count	time	600.000000s/cts	O Det=420270	H Det=129741	Mon Det=4060026	Aux Det=20498	O+H=550011	 DONE
30/09/2023 14:24:35:	move motor	S18.axis2.piezo rotation to 1.331600deg	 DONE
30/09/2023 14:24:38:	23	count	time	600.000000s/cts	O Det=324645	H Det=111040	Mon Det=4056713	Aux Det=20173	O+H=435685	 DONE
30/09/2023 14:34:47:	move motor	S18.axis2.piezo rotation to 1.331800deg	 DONE
30/09/2023 14:34:50:	24	count	time	600.000000s/cts	O Det=235286	H Det=88098	Mon Det=4050310	Aux Det=20470	O+H=323384	 DONE
30/09/2023 14:44:58:	move motor	S18.axis2.piezo rotation to 1.332000deg	 DONE
30/09/2023 14:45:02:	25	count	time	600.000000s/cts	O Det=186587	H Det=71409	Mon Det=4054722	Aux Det=19882	O+H=257996	 DONE
30/09/2023 14:55:11:	move motor	S18.axis2.piezo rotation to 1.332200deg	 DONE
30/09/2023 14:55:15:	26	count	time	600.000000s/cts	O Det=144291	H Det=55819	Mon Det=4056326	Aux Det=19985	O+H=200110	 DONE
30/09/2023 15:05:24:	move motor	S18.axis2.piezo rotation to 1.332400deg	 DONE
30/09/2023 15:05:28:	27	count	time	600.000000s/cts	O Det=121546	H Det=45250	Mon Det=4047576	Aux Det=19878	O+H=166796	 DONE
30/09/2023 15:15:37:	move motor	S18.axis2.piezo rotation to 1.332600deg	 DONE
30/09/2023 15:15:41:	28	count	time	600.000000s/cts	O Det=101913	H Det=37631	Mon Det=4037819	Aux Det=19802	O+H=139544	 DONE
30/09/2023 15:25:49:	move motor	S18.axis2.piezo rotation to 1.332800deg	 DONE
30/09/2023 15:25:53:	29	count	time	600.000000s/cts	O Det=87811	H Det=31158	Mon Det=4036961	Aux Det=19847	O+H=118969	 DONE
30/09/2023 15:36:01:	move motor	S18.axis2.piezo rotation to 1.333000deg	 DONE
30/09/2023 15:36:05:	30	count	time	600.000000s/cts	O Det=75350	H Det=26684	Mon Det=4029023	Aux Det=19816	O+H=102034	 DONE
30/09/2023 15:46:14:	move motor	S18.axis2.piezo rotation to 1.333200deg	 DONE
30/09/2023 15:46:17:	31	count	time	600.000000s/cts	O Det=67380	H Det=23149	Mon Det=4037618	Aux Det=19721	O+H=90529	 DONE
30/09/2023 15:56:29:	move motor	S18.axis2.piezo rotation to 1.333400deg	 DONE
30/09/2023 15:56:32:	32	count	time	600.000000s/cts	O Det=60729	H Det=20450	Mon Det=4032530	Aux Det=19793	O+H=81179	 DONE
30/09/2023 16:06:43:	move motor	S18.axis2.piezo rotation to 1.333600deg	 DONE
30/09/2023 16:06:46:	33	count	time	600.000000s/cts	O Det=53991	H Det=18065	Mon Det=4034385	Aux Det=19753	O+H=72056	 DONE
30/09/2023 16:16:59:	move motor	S18.axis2.piezo rotation to 1.333800deg	 DONE
30/09/2023 16:17:02:	34	count	time	600.000000s/cts	O Det=49492	H Det=16193	Mon Det=4036339	Aux Det=19513	O+H=65685	 DONE
30/09/2023 16:27:16:	move motor	S18.axis2.piezo rotation to 1.334000deg	 DONE
30/09/2023 16:27:19:	35	count	time	600.000000s/cts	O Det=45528	H Det=14842	Mon Det=4040720	Aux Det=19640	O+H=60370	 DONE
30/09/2023 16:37:35:	move motor	S18.axis2.piezo rotation to 1.334200deg	 DONE
30/09/2023 16:37:38:	36	count	time	600.000000s/cts	O Det=41859	H Det=13376	Mon Det=4040239	Aux Det=19521	O+H=55235	 DONE
30/09/2023 16:47:53:	COUNT MODE	standard DONE
30/09/2023 16:47:54:	close file and end scan	saving D:\data\Cycle 192ter\exp_3-16-14\rawdata\temperedSiTest\rockingCam_30Sep1039.tif  DONE
30/09/2023 16:47:54:	END OF SCRIPT	 DONE
