26/08/2023 11:14:18:	start execution of script D:\data\Cycle 192ter\exp_3-16-14\rawdata\sc\rocking.sc	 DONE
26/08/2023 11:14:19:	create file	D:\data\Cycle 192ter\exp_3-16-14\rawdata\sc\rocking_26Aug1114.dat	 DONE
room to enter remarks DONE
26/08/2023 11:14:20:	move motor	S18.axis2.piezo rotation to 0.147200deg	 DONE
26/08/2023 11:14:24:	1	count	time	5.000000s/cts	O Det=1	H Det=86	Mon Det=29437	Aux Det=7	O+H=94	 DONE
26/08/2023 11:14:32:	move motor	S18.axis2.piezo rotation to 0.147250deg	 DONE
26/08/2023 11:14:35:	2	count	time	5.000000s/cts	O Det=5	H Det=78	Mon Det=29552	Aux Det=4	O+H=87	 DONE
26/08/2023 11:14:43:	move motor	S18.axis2.piezo rotation to 0.147300deg	 DONE
26/08/2023 11:14:46:	3	count	time	5.000000s/cts	O Det=1	H Det=89	Mon Det=29415	Aux Det=4	O+H=94	 DONE
26/08/2023 11:14:54:	move motor	S18.axis2.piezo rotation to 0.147350deg	 DONE
26/08/2023 11:14:57:	4	count	time	5.000000s/cts	O Det=6	H Det=109	Mon Det=29460	Aux Det=8	O+H=123	 DONE
26/08/2023 11:15:05:	move motor	S18.axis2.piezo rotation to 0.147400deg	 DONE
26/08/2023 11:15:09:	5	count	time	5.000000s/cts	O Det=2	H Det=133	Mon Det=29718	Aux Det=7	O+H=142	 DONE
26/08/2023 11:15:16:	move motor	S18.axis2.piezo rotation to 0.147450deg	 DONE
26/08/2023 11:15:20:	6	count	time	5.000000s/cts	O Det=2	H Det=98	Mon Det=29160	Aux Det=6	O+H=106	 DONE
26/08/2023 11:15:27:	move motor	S18.axis2.piezo rotation to 0.147500deg	 DONE
26/08/2023 11:15:31:	7	count	time	5.000000s/cts	O Det=2	H Det=151	Mon Det=29342	Aux Det=8	O+H=161	 DONE
26/08/2023 11:15:39:	move motor	S18.axis2.piezo rotation to 0.147550deg	 DONE
26/08/2023 11:15:42:	8	count	time	5.000000s/cts	O Det=2	H Det=151	Mon Det=29626	Aux Det=7	O+H=160	 DONE
26/08/2023 11:15:50:	move motor	S18.axis2.piezo rotation to 0.147600deg	 DONE
26/08/2023 11:15:53:	9	count	time	5.000000s/cts	O Det=7	H Det=153	Mon Det=29859	Aux Det=10	O+H=170	 DONE
26/08/2023 11:16:01:	move motor	S18.axis2.piezo rotation to 0.147650deg	 DONE
26/08/2023 11:16:04:	10	count	time	5.000000s/cts	O Det=6	H Det=182	Mon Det=29651	Aux Det=9	O+H=197	 DONE
26/08/2023 11:16:12:	move motor	S18.axis2.piezo rotation to 0.147700deg	 DONE
26/08/2023 11:16:15:	11	count	time	5.000000s/cts	O Det=8	H Det=236	Mon Det=29969	Aux Det=12	O+H=256	 DONE
26/08/2023 11:16:23:	move motor	S18.axis2.piezo rotation to 0.147750deg	 DONE
26/08/2023 11:16:27:	12	count	time	5.000000s/cts	O Det=8	H Det=294	Mon Det=29467	Aux Det=16	O+H=318	 DONE
26/08/2023 11:16:34:	move motor	S18.axis2.piezo rotation to 0.147800deg	 DONE
26/08/2023 11:16:37:	13	count	time	5.000000s/cts	O Det=9	H Det=291	Mon Det=29305	Aux Det=12	O+H=312	 DONE
26/08/2023 11:16:45:	move motor	S18.axis2.piezo rotation to 0.147850deg	 DONE
26/08/2023 11:16:48:	14	count	time	5.000000s/cts	O Det=14	H Det=382	Mon Det=29523	Aux Det=17	O+H=413	 DONE
26/08/2023 11:16:56:	move motor	S18.axis2.piezo rotation to 0.147900deg	 DONE
26/08/2023 11:16:59:	15	count	time	5.000000s/cts	O Det=16	H Det=476	Mon Det=29520	Aux Det=14	O+H=506	 DONE
26/08/2023 11:17:07:	move motor	S18.axis2.piezo rotation to 0.147950deg	 DONE
26/08/2023 11:17:10:	16	count	time	5.000000s/cts	O Det=26	H Det=576	Mon Det=29262	Aux Det=19	O+H=621	 DONE
26/08/2023 11:17:18:	move motor	S18.axis2.piezo rotation to 0.148000deg	 DONE
26/08/2023 11:17:21:	17	count	time	5.000000s/cts	O Det=23	H Det=676	Mon Det=29494	Aux Det=28	O+H=727	 DONE
26/08/2023 11:17:29:	move motor	S18.axis2.piezo rotation to 0.148050deg	 DONE
26/08/2023 11:17:32:	18	count	time	5.000000s/cts	O Det=31	H Det=814	Mon Det=29699	Aux Det=34	O+H=879	 DONE
26/08/2023 11:17:40:	move motor	S18.axis2.piezo rotation to 0.148100deg	 DONE
26/08/2023 11:17:43:	19	count	time	5.000000s/cts	O Det=37	H Det=974	Mon Det=29444	Aux Det=54	O+H=1065	 DONE
26/08/2023 11:17:51:	move motor	S18.axis2.piezo rotation to 0.148150deg	 DONE
26/08/2023 11:17:54:	20	count	time	5.000000s/cts	O Det=49	H Det=1102	Mon Det=29329	Aux Det=81	O+H=1232	 DONE
26/08/2023 11:18:02:	move motor	S18.axis2.piezo rotation to 0.148200deg	 DONE
26/08/2023 11:18:05:	21	count	time	5.000000s/cts	O Det=45	H Det=1193	Mon Det=29681	Aux Det=84	O+H=1322	 DONE
26/08/2023 11:18:13:	move motor	S18.axis2.piezo rotation to 0.148250deg	 DONE
26/08/2023 11:18:16:	22	count	time	5.000000s/cts	O Det=47	H Det=1330	Mon Det=30056	Aux Det=104	O+H=1481	 DONE
26/08/2023 11:18:24:	move motor	S18.axis2.piezo rotation to 0.148300deg	 DONE
26/08/2023 11:18:27:	23	count	time	5.000000s/cts	O Det=56	H Det=1334	Mon Det=29372	Aux Det=104	O+H=1494	 DONE
26/08/2023 11:18:35:	move motor	S18.axis2.piezo rotation to 0.148350deg	 DONE
26/08/2023 11:18:38:	24	count	time	5.000000s/cts	O Det=49	H Det=1361	Mon Det=29655	Aux Det=113	O+H=1523	 DONE
26/08/2023 11:18:46:	move motor	S18.axis2.piezo rotation to 0.148400deg	 DONE
26/08/2023 11:18:49:	25	count	time	5.000000s/cts	O Det=47	H Det=1221	Mon Det=29133	Aux Det=107	O+H=1375	 DONE
26/08/2023 11:18:57:	move motor	S18.axis2.piezo rotation to 0.148450deg	 DONE
26/08/2023 11:19:00:	26	count	time	5.000000s/cts	O Det=33	H Det=1132	Mon Det=29715	Aux Det=81	O+H=1246	 DONE
26/08/2023 11:19:08:	move motor	S18.axis2.piezo rotation to 0.148500deg	 DONE
26/08/2023 11:19:11:	27	count	time	5.000000s/cts	O Det=39	H Det=981	Mon Det=29725	Aux Det=95	O+H=1115	 DONE
26/08/2023 11:19:19:	move motor	S18.axis2.piezo rotation to 0.148550deg	 DONE
26/08/2023 11:19:22:	28	count	time	5.000000s/cts	O Det=14	H Det=858	Mon Det=29348	Aux Det=50	O+H=922	 DONE
26/08/2023 11:19:30:	move motor	S18.axis2.piezo rotation to 0.148600deg	 DONE
26/08/2023 11:19:33:	29	count	time	5.000000s/cts	O Det=29	H Det=679	Mon Det=29666	Aux Det=65	O+H=773	 DONE
26/08/2023 11:19:41:	move motor	S18.axis2.piezo rotation to 0.148650deg	 DONE
26/08/2023 11:19:44:	30	count	time	5.000000s/cts	O Det=27	H Det=652	Mon Det=29646	Aux Det=37	O+H=716	 DONE
26/08/2023 11:19:52:	move motor	S18.axis2.piezo rotation to 0.148700deg	 DONE
26/08/2023 11:19:55:	31	count	time	5.000000s/cts	O Det=17	H Det=493	Mon Det=29637	Aux Det=36	O+H=546	 DONE
26/08/2023 11:20:03:	move motor	S18.axis2.piezo rotation to 0.148750deg	 DONE
26/08/2023 11:20:07:	32	count	time	5.000000s/cts	O Det=10	H Det=408	Mon Det=29794	Aux Det=16	O+H=434	 DONE
26/08/2023 11:20:14:	move motor	S18.axis2.piezo rotation to 0.148800deg	 DONE
26/08/2023 11:20:18:	33	count	time	5.000000s/cts	O Det=16	H Det=367	Mon Det=29698	Aux Det=16	O+H=399	 DONE
26/08/2023 11:20:25:	move motor	S18.axis2.piezo rotation to 0.148850deg	 DONE
26/08/2023 11:20:28:	34	count	time	5.000000s/cts	O Det=9	H Det=369	Mon Det=29259	Aux Det=13	O+H=391	 DONE
26/08/2023 11:20:36:	move motor	S18.axis2.piezo rotation to 0.148900deg	 DONE
26/08/2023 11:20:39:	35	count	time	5.000000s/cts	O Det=14	H Det=342	Mon Det=29334	Aux Det=22	O+H=378	 DONE
26/08/2023 11:20:47:	move motor	S18.axis2.piezo rotation to 0.148950deg	 DONE
26/08/2023 11:20:50:	36	count	time	5.000000s/cts	O Det=12	H Det=397	Mon Det=29449	Aux Det=27	O+H=436	 DONE
26/08/2023 11:20:58:	move motor	S18.axis2.piezo rotation to 0.149000deg	 DONE
26/08/2023 11:21:01:	37	count	time	5.000000s/cts	O Det=22	H Det=406	Mon Det=29167	Aux Det=25	O+H=453	 DONE
26/08/2023 11:21:09:	move motor	S18.axis2.piezo rotation to 0.149050deg	 DONE
26/08/2023 11:21:12:	38	count	time	5.000000s/cts	O Det=19	H Det=383	Mon Det=29956	Aux Det=21	O+H=423	 DONE
26/08/2023 11:21:20:	move motor	S18.axis2.piezo rotation to 0.149100deg	 DONE
26/08/2023 11:21:23:	39	count	time	5.000000s/cts	O Det=12	H Det=420	Mon Det=29315	Aux Det=20	O+H=452	 DONE
26/08/2023 11:21:31:	move motor	S18.axis2.piezo rotation to 0.149150deg	 DONE
26/08/2023 11:21:34:	40	count	time	5.000000s/cts	O Det=12	H Det=412	Mon Det=29384	Aux Det=18	O+H=442	 DONE
26/08/2023 11:21:42:	move motor	S18.axis2.piezo rotation to 0.149200deg	 DONE
26/08/2023 11:21:46:	41	count	time	5.000000s/cts	O Det=20	H Det=534	Mon Det=29107	Aux Det=24	O+H=578	 DONE
26/08/2023 11:21:54:	close file and end scan	 DONE
26/08/2023 11:21:54:	move motor	S18.axis2.piezo rotation to fit AUX PEAK65	0.148338reached 0.14830  DONE
26/08/2023 11:21:57:	END OF SCRIPT	 DONE
