25/09/2023 15:28:22:	start execution of script D:\data\Cycle 192ter\exp_3-16-14\rawdata\sc\rockingL.sc	 DONE
25/09/2023 15:28:23:	create file	D:\data\Cycle 192ter\exp_3-16-14\rawdata\sc\rocking_25Sep1528.dat	 DONE
room to enter remarks DONE
25/09/2023 15:28:24:	move motor	S18.axis2.piezo rotation to 0.146500deg	 DONE
25/09/2023 15:28:27:	1	count	time	5.000000s/cts	O Det=61	H Det=0	Mon Det=31274	Aux Det=97	O+H=61	 DONE
25/09/2023 15:28:36:	move motor	S18.axis2.piezo rotation to 0.146550deg	 DONE
25/09/2023 15:28:39:	2	count	time	5.000000s/cts	O Det=58	H Det=0	Mon Det=31168	Aux Det=108	O+H=58	 DONE
25/09/2023 15:28:47:	move motor	S18.axis2.piezo rotation to 0.146600deg	 DONE
25/09/2023 15:28:50:	3	count	time	5.000000s/cts	O Det=94	H Det=1	Mon Det=31114	Aux Det=139	O+H=95	 DONE
25/09/2023 15:28:58:	move motor	S18.axis2.piezo rotation to 0.146650deg	 DONE
25/09/2023 15:29:01:	4	count	time	5.000000s/cts	O Det=99	H Det=0	Mon Det=30979	Aux Det=174	O+H=99	 DONE
25/09/2023 15:29:09:	move motor	S18.axis2.piezo rotation to 0.146700deg	 DONE
25/09/2023 15:29:12:	5	count	time	5.000000s/cts	O Det=122	H Det=0	Mon Det=30682	Aux Det=190	O+H=122	 DONE
25/09/2023 15:29:20:	move motor	S18.axis2.piezo rotation to 0.146750deg	 DONE
25/09/2023 15:29:23:	6	count	time	5.000000s/cts	O Det=127	H Det=0	Mon Det=31061	Aux Det=228	O+H=127	 DONE
25/09/2023 15:29:32:	move motor	S18.axis2.piezo rotation to 0.146800deg	 DONE
25/09/2023 15:29:35:	7	count	time	5.000000s/cts	O Det=127	H Det=0	Mon Det=31161	Aux Det=231	O+H=127	 DONE
25/09/2023 15:29:43:	move motor	S18.axis2.piezo rotation to 0.146850deg	 DONE
25/09/2023 15:29:46:	8	count	time	5.000000s/cts	O Det=126	H Det=1	Mon Det=30934	Aux Det=235	O+H=127	 DONE
25/09/2023 15:29:54:	move motor	S18.axis2.piezo rotation to 0.146900deg	 DONE
25/09/2023 15:29:57:	9	count	time	5.000000s/cts	O Det=133	H Det=0	Mon Det=30739	Aux Det=233	O+H=133	 DONE
25/09/2023 15:30:06:	move motor	S18.axis2.piezo rotation to 0.146950deg	 DONE
25/09/2023 15:30:09:	10	count	time	5.000000s/cts	O Det=115	H Det=0	Mon Det=30307	Aux Det=205	O+H=115	 DONE
25/09/2023 15:30:17:	move motor	S18.axis2.piezo rotation to 0.147000deg	 DONE
25/09/2023 15:30:20:	11	count	time	5.000000s/cts	O Det=111	H Det=1	Mon Det=30750	Aux Det=198	O+H=112	 DONE
25/09/2023 15:30:28:	move motor	S18.axis2.piezo rotation to 0.147050deg	 DONE
25/09/2023 15:30:31:	12	count	time	5.000000s/cts	O Det=107	H Det=0	Mon Det=30878	Aux Det=175	O+H=107	 DONE
25/09/2023 15:30:39:	move motor	S18.axis2.piezo rotation to 0.147100deg	 DONE
25/09/2023 15:30:42:	13	count	time	5.000000s/cts	O Det=96	H Det=0	Mon Det=30316	Aux Det=127	O+H=96	 DONE
25/09/2023 15:30:50:	move motor	S18.axis2.piezo rotation to 0.147150deg	 DONE
25/09/2023 15:30:54:	14	count	time	5.000000s/cts	O Det=65	H Det=0	Mon Det=30902	Aux Det=79	O+H=65	 DONE
25/09/2023 15:31:02:	move motor	S18.axis2.piezo rotation to 0.147200deg	 DONE
25/09/2023 15:31:05:	15	count	time	5.000000s/cts	O Det=50	H Det=1	Mon Det=30706	Aux Det=101	O+H=51	 DONE
25/09/2023 15:31:13:	move motor	S18.axis2.piezo rotation to 0.147250deg	 DONE
25/09/2023 15:31:16:	16	count	time	5.000000s/cts	O Det=54	H Det=1	Mon Det=31079	Aux Det=61	O+H=55	 DONE
25/09/2023 15:31:24:	move motor	S18.axis2.piezo rotation to 0.147300deg	 DONE
25/09/2023 15:31:27:	17	count	time	5.000000s/cts	O Det=33	H Det=0	Mon Det=30802	Aux Det=38	O+H=33	 DONE
25/09/2023 15:31:35:	move motor	S18.axis2.piezo rotation to 0.147350deg	 DONE
25/09/2023 15:31:38:	18	count	time	5.000000s/cts	O Det=14	H Det=0	Mon Det=30514	Aux Det=21	O+H=14	 DONE
25/09/2023 15:31:47:	move motor	S18.axis2.piezo rotation to 0.147400deg	 DONE
25/09/2023 15:31:50:	19	count	time	5.000000s/cts	O Det=11	H Det=0	Mon Det=30746	Aux Det=16	O+H=11	 DONE
25/09/2023 15:31:58:	move motor	S18.axis2.piezo rotation to 0.147450deg	 DONE
25/09/2023 15:32:01:	20	count	time	5.000000s/cts	O Det=15	H Det=0	Mon Det=30439	Aux Det=19	O+H=15	 DONE
25/09/2023 15:32:09:	move motor	S18.axis2.piezo rotation to 0.147500deg	 DONE
25/09/2023 15:32:12:	21	count	time	5.000000s/cts	O Det=18	H Det=0	Mon Det=31017	Aux Det=31	O+H=18	 DONE
25/09/2023 15:32:20:	move motor	S18.axis2.piezo rotation to 0.147550deg	 DONE
25/09/2023 15:32:23:	22	count	time	5.000000s/cts	O Det=26	H Det=0	Mon Det=31232	Aux Det=29	O+H=26	 DONE
25/09/2023 15:32:32:	move motor	S18.axis2.piezo rotation to 0.147600deg	 DONE
25/09/2023 15:32:35:	23	count	time	5.000000s/cts	O Det=28	H Det=0	Mon Det=31237	Aux Det=26	O+H=28	 DONE
25/09/2023 15:32:43:	move motor	S18.axis2.piezo rotation to 0.147650deg	 DONE
25/09/2023 15:32:46:	24	count	time	5.000000s/cts	O Det=14	H Det=0	Mon Det=30705	Aux Det=20	O+H=14	 DONE
25/09/2023 15:32:54:	move motor	S18.axis2.piezo rotation to 0.147700deg	 DONE
25/09/2023 15:32:57:	25	count	time	5.000000s/cts	O Det=15	H Det=0	Mon Det=30808	Aux Det=28	O+H=15	 DONE
25/09/2023 15:33:05:	move motor	S18.axis2.piezo rotation to 0.147750deg	 DONE
25/09/2023 15:33:08:	26	count	time	5.000000s/cts	O Det=36	H Det=0	Mon Det=30748	Aux Det=33	O+H=36	 DONE
25/09/2023 15:33:17:	move motor	S18.axis2.piezo rotation to 0.147800deg	 DONE
25/09/2023 15:33:20:	27	count	time	5.000000s/cts	O Det=42	H Det=0	Mon Det=30693	Aux Det=63	O+H=42	 DONE
25/09/2023 15:33:28:	move motor	S18.axis2.piezo rotation to 0.147850deg	 DONE
25/09/2023 15:33:31:	28	count	time	5.000000s/cts	O Det=52	H Det=0	Mon Det=30769	Aux Det=73	O+H=52	 DONE
25/09/2023 15:33:39:	move motor	S18.axis2.piezo rotation to 0.147900deg	 DONE
25/09/2023 15:33:43:	29	count	time	5.000000s/cts	O Det=76	H Det=0	Mon Det=31076	Aux Det=106	O+H=76	 DONE
25/09/2023 15:33:51:	move motor	S18.axis2.piezo rotation to 0.147950deg	 DONE
25/09/2023 15:33:54:	30	count	time	5.000000s/cts	O Det=93	H Det=0	Mon Det=31158	Aux Det=129	O+H=93	 DONE
25/09/2023 15:34:02:	move motor	S18.axis2.piezo rotation to 0.148000deg	 DONE
25/09/2023 15:34:05:	31	count	time	5.000000s/cts	O Det=97	H Det=0	Mon Det=31188	Aux Det=155	O+H=97	 DONE
25/09/2023 15:34:13:	move motor	S18.axis2.piezo rotation to 0.148050deg	 DONE
25/09/2023 15:34:16:	32	count	time	5.000000s/cts	O Det=94	H Det=0	Mon Det=30859	Aux Det=182	O+H=94	 DONE
25/09/2023 15:34:24:	move motor	S18.axis2.piezo rotation to 0.148100deg	 DONE
25/09/2023 15:34:27:	33	count	time	5.000000s/cts	O Det=117	H Det=0	Mon Det=30441	Aux Det=215	O+H=117	 DONE
25/09/2023 15:34:36:	move motor	S18.axis2.piezo rotation to 0.148150deg	 DONE
25/09/2023 15:34:39:	34	count	time	5.000000s/cts	O Det=100	H Det=0	Mon Det=30956	Aux Det=170	O+H=100	 DONE
25/09/2023 15:34:47:	move motor	S18.axis2.piezo rotation to 0.148200deg	 DONE
25/09/2023 15:34:50:	35	count	time	5.000000s/cts	O Det=121	H Det=0	Mon Det=30810	Aux Det=188	O+H=121	 DONE
25/09/2023 15:34:58:	move motor	S18.axis2.piezo rotation to 0.148250deg	 DONE
25/09/2023 15:35:01:	36	count	time	5.000000s/cts	O Det=107	H Det=1	Mon Det=30749	Aux Det=154	O+H=108	 DONE
25/09/2023 15:35:09:	move motor	S18.axis2.piezo rotation to 0.148300deg	 DONE
25/09/2023 15:35:13:	37	count	time	5.000000s/cts	O Det=78	H Det=1	Mon Det=30803	Aux Det=140	O+H=79	 DONE
25/09/2023 15:35:21:	move motor	S18.axis2.piezo rotation to 0.148350deg	 DONE
25/09/2023 15:35:24:	38	count	time	5.000000s/cts	O Det=93	H Det=0	Mon Det=31043	Aux Det=124	O+H=93	 DONE
25/09/2023 15:35:32:	move motor	S18.axis2.piezo rotation to 0.148400deg	 DONE
25/09/2023 15:35:35:	39	count	time	5.000000s/cts	O Det=68	H Det=0	Mon Det=30638	Aux Det=118	O+H=68	 DONE
25/09/2023 15:35:43:	move motor	S18.axis2.piezo rotation to 0.148450deg	 DONE
25/09/2023 15:35:47:	40	count	time	5.000000s/cts	O Det=59	H Det=0	Mon Det=30782	Aux Det=74	O+H=59	 DONE
25/09/2023 15:35:55:	move motor	S18.axis2.piezo rotation to 0.148500deg	 DONE
25/09/2023 15:35:58:	41	count	time	5.000000s/cts	O Det=51	H Det=0	Mon Det=30905	Aux Det=44	O+H=51	 DONE
25/09/2023 15:36:07:	move motor	S18.axis2.piezo rotation to 0.148550deg	 DONE
25/09/2023 15:36:10:	42	count	time	5.000000s/cts	O Det=28	H Det=0	Mon Det=30729	Aux Det=44	O+H=28	 DONE
25/09/2023 15:36:18:	move motor	S18.axis2.piezo rotation to 0.148600deg	 DONE
25/09/2023 15:36:21:	43	count	time	5.000000s/cts	O Det=15	H Det=0	Mon Det=30796	Aux Det=26	O+H=15	 DONE
25/09/2023 15:36:29:	move motor	S18.axis2.piezo rotation to 0.148650deg	 DONE
25/09/2023 15:36:32:	44	count	time	5.000000s/cts	O Det=21	H Det=0	Mon Det=30726	Aux Det=23	O+H=21	 DONE
25/09/2023 15:36:41:	move motor	S18.axis2.piezo rotation to 0.148700deg	 DONE
25/09/2023 15:36:44:	45	count	time	5.000000s/cts	O Det=8	H Det=0	Mon Det=30449	Aux Det=15	O+H=8	 DONE
25/09/2023 15:36:52:	move motor	S18.axis2.piezo rotation to 0.148750deg	 DONE
25/09/2023 15:36:55:	46	count	time	5.000000s/cts	O Det=9	H Det=0	Mon Det=30715	Aux Det=9	O+H=9	 DONE
25/09/2023 15:37:03:	move motor	S18.axis2.piezo rotation to 0.148800deg	 DONE
25/09/2023 15:37:06:	47	count	time	5.000000s/cts	O Det=4	H Det=1	Mon Det=30386	Aux Det=16	O+H=5	 DONE
25/09/2023 15:37:14:	move motor	S18.axis2.piezo rotation to 0.148850deg	 DONE
25/09/2023 15:37:18:	48	count	time	5.000000s/cts	O Det=4	H Det=0	Mon Det=30550	Aux Det=6	O+H=4	 DONE
25/09/2023 15:37:26:	move motor	S18.axis2.piezo rotation to 0.148900deg	 DONE
25/09/2023 15:37:29:	49	count	time	5.000000s/cts	O Det=3	H Det=1	Mon Det=30664	Aux Det=9	O+H=4	 DONE
25/09/2023 15:37:37:	move motor	S18.axis2.piezo rotation to 0.148950deg	 DONE
25/09/2023 15:37:40:	50	count	time	5.000000s/cts	O Det=4	H Det=0	Mon Det=31077	Aux Det=9	O+H=4	 DONE
25/09/2023 15:37:48:	move motor	S18.axis2.piezo rotation to 0.149000deg	 DONE
25/09/2023 15:37:52:	51	count	time	5.000000s/cts	O Det=4	H Det=0	Mon Det=30754	Aux Det=6	O+H=4	 DONE
25/09/2023 15:38:00:	move motor	S18.axis2.piezo rotation to 0.149050deg	 DONE
25/09/2023 15:38:03:	52	count	time	5.000000s/cts	O Det=2	H Det=0	Mon Det=30375	Aux Det=7	O+H=2	 DONE
25/09/2023 15:38:11:	move motor	S18.axis2.piezo rotation to 0.149100deg	 DONE
25/09/2023 15:38:14:	53	count	time	5.000000s/cts	O Det=0	H Det=0	Mon Det=30624	Aux Det=3	O+H=0	 DONE
25/09/2023 15:38:22:	move motor	S18.axis2.piezo rotation to 0.149150deg	 DONE
25/09/2023 15:38:25:	54	count	time	5.000000s/cts	O Det=2	H Det=0	Mon Det=30480	Aux Det=4	O+H=2	 DONE
25/09/2023 15:38:33:	move motor	S18.axis2.piezo rotation to 0.149200deg	 DONE
25/09/2023 15:38:37:	55	count	time	5.000000s/cts	O Det=1	H Det=0	Mon Det=31181	Aux Det=9	O+H=1	 DONE
25/09/2023 15:38:45:	move motor	S18.axis2.piezo rotation to 0.149250deg	 DONE
25/09/2023 15:38:48:	56	count	time	5.000000s/cts	O Det=2	H Det=0	Mon Det=30710	Aux Det=10	O+H=2	 DONE
25/09/2023 15:38:56:	move motor	S18.axis2.piezo rotation to 0.149300deg	 DONE
25/09/2023 15:38:59:	57	count	time	5.000000s/cts	O Det=2	H Det=0	Mon Det=31028	Aux Det=6	O+H=2	 DONE
25/09/2023 15:39:07:	move motor	S18.axis2.piezo rotation to 0.149350deg	 DONE
25/09/2023 15:39:10:	58	count	time	5.000000s/cts	O Det=0	H Det=0	Mon Det=30450	Aux Det=3	O+H=0	 DONE
25/09/2023 15:39:18:	move motor	S18.axis2.piezo rotation to 0.149400deg	 DONE
25/09/2023 15:39:22:	59	count	time	5.000000s/cts	O Det=2	H Det=0	Mon Det=30916	Aux Det=3	O+H=2	 DONE
25/09/2023 15:39:30:	move motor	S18.axis2.piezo rotation to 0.149450deg	 DONE
25/09/2023 15:39:33:	60	count	time	5.000000s/cts	O Det=1	H Det=0	Mon Det=31125	Aux Det=5	O+H=1	 DONE
25/09/2023 15:39:41:	move motor	S18.axis2.piezo rotation to 0.149500deg	 DONE
25/09/2023 15:39:44:	61	count	time	5.000000s/cts	O Det=1	H Det=0	Mon Det=30762	Aux Det=4	O+H=1	 DONE
25/09/2023 15:39:52:	close file and end scan	saving D:\data\Cycle 192ter\exp_3-16-14\rawdata\sc\rocking_25Sep1528.tif  DONE
25/09/2023 15:39:53:	move motor	S18.axis2.piezo rotation to fit AUX LPEAK45	0.146849reached 0.14687  DONE
25/09/2023 15:39:56:	END OF SCRIPT	 DONE
