17/09/2023 15:40:45:	start execution of script D:\data\Cycle 192ter\exp_3-16-14\rawdata\sc\rockingL.sc	 DONE
17/09/2023 15:40:46:	create file	D:\data\Cycle 192ter\exp_3-16-14\rawdata\sc\rocking_17Sep1540.dat	 DONE
room to enter remarks DONE
17/09/2023 15:40:47:	move motor	S18.axis2.piezo rotation to 0.146500deg	 DONE
17/09/2023 15:40:49:	1	count	time	5.000000s/cts	O Det=2	H Det=133	Mon Det=29899	Aux Det=8	O+H=135	 DONE
17/09/2023 15:40:57:	move motor	S18.axis2.piezo rotation to 0.146550deg	 DONE
17/09/2023 15:41:00:	2	count	time	5.000000s/cts	O Det=3	H Det=138	Mon Det=29812	Aux Det=13	O+H=141	 DONE
17/09/2023 15:41:08:	move motor	S18.axis2.piezo rotation to 0.146600deg	 DONE
17/09/2023 15:41:11:	3	count	time	5.000000s/cts	O Det=1	H Det=167	Mon Det=29623	Aux Det=8	O+H=168	 DONE
17/09/2023 15:41:19:	move motor	S18.axis2.piezo rotation to 0.146650deg	 DONE
17/09/2023 15:41:22:	4	count	time	5.000000s/cts	O Det=4	H Det=169	Mon Det=29702	Aux Det=8	O+H=173	 DONE
17/09/2023 15:41:30:	move motor	S18.axis2.piezo rotation to 0.146700deg	 DONE
17/09/2023 15:41:33:	5	count	time	5.000000s/cts	O Det=1	H Det=193	Mon Det=29572	Aux Det=10	O+H=194	 DONE
17/09/2023 15:41:41:	move motor	S18.axis2.piezo rotation to 0.146750deg	 DONE
17/09/2023 15:41:44:	6	count	time	5.000000s/cts	O Det=7	H Det=257	Mon Det=29821	Aux Det=10	O+H=264	 DONE
17/09/2023 15:41:52:	move motor	S18.axis2.piezo rotation to 0.146800deg	 DONE
17/09/2023 15:41:55:	7	count	time	5.000000s/cts	O Det=3	H Det=276	Mon Det=29295	Aux Det=16	O+H=279	 DONE
17/09/2023 15:42:03:	move motor	S18.axis2.piezo rotation to 0.146850deg	 DONE
17/09/2023 15:42:06:	8	count	time	5.000000s/cts	O Det=6	H Det=296	Mon Det=29939	Aux Det=21	O+H=302	 DONE
17/09/2023 15:42:14:	move motor	S18.axis2.piezo rotation to 0.146900deg	 DONE
17/09/2023 15:42:17:	9	count	time	5.000000s/cts	O Det=13	H Det=361	Mon Det=29946	Aux Det=22	O+H=374	 DONE
17/09/2023 15:42:25:	move motor	S18.axis2.piezo rotation to 0.146950deg	 DONE
17/09/2023 15:42:28:	10	count	time	5.000000s/cts	O Det=12	H Det=389	Mon Det=29993	Aux Det=12	O+H=401	 DONE
17/09/2023 15:42:35:	move motor	S18.axis2.piezo rotation to 0.147000deg	 DONE
17/09/2023 15:42:39:	11	count	time	5.000000s/cts	O Det=26	H Det=472	Mon Det=29892	Aux Det=27	O+H=498	 DONE
17/09/2023 15:42:46:	move motor	S18.axis2.piezo rotation to 0.147050deg	 DONE
17/09/2023 15:42:49:	12	count	time	5.000000s/cts	O Det=29	H Det=567	Mon Det=29633	Aux Det=41	O+H=596	 DONE
17/09/2023 15:42:57:	move motor	S18.axis2.piezo rotation to 0.147100deg	 DONE
17/09/2023 15:43:00:	13	count	time	5.000000s/cts	O Det=32	H Det=568	Mon Det=29597	Aux Det=63	O+H=600	 DONE
17/09/2023 15:43:08:	move motor	S18.axis2.piezo rotation to 0.147150deg	 DONE
17/09/2023 15:43:11:	14	count	time	5.000000s/cts	O Det=45	H Det=649	Mon Det=29488	Aux Det=71	O+H=694	 DONE
17/09/2023 15:43:19:	move motor	S18.axis2.piezo rotation to 0.147200deg	 DONE
17/09/2023 15:43:22:	15	count	time	5.000000s/cts	O Det=42	H Det=713	Mon Det=29635	Aux Det=112	O+H=755	 DONE
17/09/2023 15:43:30:	move motor	S18.axis2.piezo rotation to 0.147250deg	 DONE
17/09/2023 15:43:33:	16	count	time	5.000000s/cts	O Det=54	H Det=716	Mon Det=29769	Aux Det=127	O+H=770	 DONE
17/09/2023 15:43:41:	move motor	S18.axis2.piezo rotation to 0.147300deg	 DONE
17/09/2023 15:43:44:	17	count	time	5.000000s/cts	O Det=68	H Det=769	Mon Det=29693	Aux Det=150	O+H=837	 DONE
17/09/2023 15:43:52:	move motor	S18.axis2.piezo rotation to 0.147350deg	 DONE
17/09/2023 15:43:55:	18	count	time	5.000000s/cts	O Det=63	H Det=742	Mon Det=29810	Aux Det=162	O+H=805	 DONE
17/09/2023 15:44:03:	move motor	S18.axis2.piezo rotation to 0.147400deg	 DONE
17/09/2023 15:44:06:	19	count	time	5.000000s/cts	O Det=63	H Det=726	Mon Det=29571	Aux Det=171	O+H=789	 DONE
17/09/2023 15:44:14:	move motor	S18.axis2.piezo rotation to 0.147450deg	 DONE
17/09/2023 15:44:17:	20	count	time	5.000000s/cts	O Det=46	H Det=713	Mon Det=29606	Aux Det=145	O+H=759	 DONE
17/09/2023 15:44:25:	move motor	S18.axis2.piezo rotation to 0.147500deg	 DONE
17/09/2023 15:44:28:	21	count	time	5.000000s/cts	O Det=47	H Det=702	Mon Det=29778	Aux Det=126	O+H=749	 DONE
17/09/2023 15:44:36:	move motor	S18.axis2.piezo rotation to 0.147550deg	 DONE
17/09/2023 15:44:39:	22	count	time	5.000000s/cts	O Det=43	H Det=656	Mon Det=29318	Aux Det=91	O+H=699	 DONE
17/09/2023 15:44:47:	move motor	S18.axis2.piezo rotation to 0.147600deg	 DONE
17/09/2023 15:44:50:	23	count	time	5.000000s/cts	O Det=27	H Det=600	Mon Det=29643	Aux Det=67	O+H=627	 DONE
17/09/2023 15:44:57:	move motor	S18.axis2.piezo rotation to 0.147650deg	 DONE
17/09/2023 15:45:01:	24	count	time	5.000000s/cts	O Det=28	H Det=541	Mon Det=29237	Aux Det=62	O+H=569	 DONE
17/09/2023 15:45:08:	move motor	S18.axis2.piezo rotation to 0.147700deg	 DONE
17/09/2023 15:45:12:	25	count	time	5.000000s/cts	O Det=24	H Det=515	Mon Det=29871	Aux Det=56	O+H=539	 DONE
17/09/2023 15:45:19:	move motor	S18.axis2.piezo rotation to 0.147750deg	 DONE
17/09/2023 15:45:23:	26	count	time	5.000000s/cts	O Det=18	H Det=480	Mon Det=29785	Aux Det=30	O+H=498	 DONE
17/09/2023 15:45:30:	move motor	S18.axis2.piezo rotation to 0.147800deg	 DONE
17/09/2023 15:45:33:	27	count	time	5.000000s/cts	O Det=18	H Det=420	Mon Det=29871	Aux Det=31	O+H=438	 DONE
17/09/2023 15:45:41:	move motor	S18.axis2.piezo rotation to 0.147850deg	 DONE
17/09/2023 15:45:44:	28	count	time	5.000000s/cts	O Det=5	H Det=354	Mon Det=29353	Aux Det=23	O+H=359	 DONE
17/09/2023 15:45:52:	move motor	S18.axis2.piezo rotation to 0.147900deg	 DONE
17/09/2023 15:45:55:	29	count	time	5.000000s/cts	O Det=10	H Det=367	Mon Det=29871	Aux Det=24	O+H=377	 DONE
17/09/2023 15:46:03:	move motor	S18.axis2.piezo rotation to 0.147950deg	 DONE
17/09/2023 15:46:06:	30	count	time	5.000000s/cts	O Det=9	H Det=320	Mon Det=29359	Aux Det=23	O+H=329	 DONE
17/09/2023 15:46:14:	move motor	S18.axis2.piezo rotation to 0.148000deg	 DONE
17/09/2023 15:46:17:	31	count	time	5.000000s/cts	O Det=7	H Det=380	Mon Det=29920	Aux Det=12	O+H=387	 DONE
17/09/2023 15:46:25:	move motor	S18.axis2.piezo rotation to 0.148050deg	 DONE
17/09/2023 15:46:28:	32	count	time	5.000000s/cts	O Det=12	H Det=337	Mon Det=29768	Aux Det=24	O+H=349	 DONE
17/09/2023 15:46:36:	move motor	S18.axis2.piezo rotation to 0.148100deg	 DONE
17/09/2023 15:46:39:	33	count	time	5.000000s/cts	O Det=10	H Det=368	Mon Det=29579	Aux Det=17	O+H=378	 DONE
17/09/2023 15:46:47:	move motor	S18.axis2.piezo rotation to 0.148150deg	 DONE
17/09/2023 15:46:50:	34	count	time	5.000000s/cts	O Det=3	H Det=385	Mon Det=29833	Aux Det=14	O+H=388	 DONE
17/09/2023 15:46:58:	move motor	S18.axis2.piezo rotation to 0.148200deg	 DONE
17/09/2023 15:47:01:	35	count	time	5.000000s/cts	O Det=12	H Det=388	Mon Det=29579	Aux Det=13	O+H=400	 DONE
17/09/2023 15:47:09:	move motor	S18.axis2.piezo rotation to 0.148250deg	 DONE
17/09/2023 15:47:12:	36	count	time	5.000000s/cts	O Det=6	H Det=436	Mon Det=29468	Aux Det=29	O+H=442	 DONE
17/09/2023 15:47:20:	move motor	S18.axis2.piezo rotation to 0.148300deg	 DONE
17/09/2023 15:47:23:	37	count	time	5.000000s/cts	O Det=20	H Det=538	Mon Det=29703	Aux Det=28	O+H=558	 DONE
17/09/2023 15:47:30:	move motor	S18.axis2.piezo rotation to 0.148350deg	 DONE
17/09/2023 15:47:33:	38	count	time	5.000000s/cts	O Det=24	H Det=564	Mon Det=29707	Aux Det=49	O+H=588	 DONE
17/09/2023 15:47:41:	move motor	S18.axis2.piezo rotation to 0.148400deg	 DONE
17/09/2023 15:47:44:	39	count	time	5.000000s/cts	O Det=25	H Det=610	Mon Det=30051	Aux Det=58	O+H=635	 DONE
17/09/2023 15:47:52:	move motor	S18.axis2.piezo rotation to 0.148450deg	 DONE
17/09/2023 15:47:55:	40	count	time	5.000000s/cts	O Det=30	H Det=641	Mon Det=29776	Aux Det=86	O+H=671	 DONE
17/09/2023 15:48:03:	move motor	S18.axis2.piezo rotation to 0.148500deg	 DONE
17/09/2023 15:48:06:	41	count	time	5.000000s/cts	O Det=46	H Det=731	Mon Det=29594	Aux Det=94	O+H=777	 DONE
17/09/2023 15:48:14:	move motor	S18.axis2.piezo rotation to 0.148550deg	 DONE
17/09/2023 15:48:17:	42	count	time	5.000000s/cts	O Det=44	H Det=758	Mon Det=29524	Aux Det=120	O+H=802	 DONE
17/09/2023 15:48:25:	move motor	S18.axis2.piezo rotation to 0.148600deg	 DONE
17/09/2023 15:48:28:	43	count	time	5.000000s/cts	O Det=68	H Det=753	Mon Det=29811	Aux Det=150	O+H=821	 DONE
17/09/2023 15:48:36:	move motor	S18.axis2.piezo rotation to 0.148650deg	 DONE
17/09/2023 15:48:39:	44	count	time	5.000000s/cts	O Det=58	H Det=722	Mon Det=29592	Aux Det=141	O+H=780	 DONE
17/09/2023 15:48:47:	move motor	S18.axis2.piezo rotation to 0.148700deg	 DONE
17/09/2023 15:48:50:	45	count	time	5.000000s/cts	O Det=76	H Det=706	Mon Det=29792	Aux Det=151	O+H=782	 DONE
17/09/2023 15:48:58:	move motor	S18.axis2.piezo rotation to 0.148750deg	 DONE
17/09/2023 15:49:01:	46	count	time	5.000000s/cts	O Det=54	H Det=686	Mon Det=29651	Aux Det=144	O+H=740	 DONE
17/09/2023 15:49:08:	move motor	S18.axis2.piezo rotation to 0.148800deg	 DONE
17/09/2023 15:49:12:	47	count	time	5.000000s/cts	O Det=46	H Det=627	Mon Det=29813	Aux Det=115	O+H=673	 DONE
17/09/2023 15:49:19:	move motor	S18.axis2.piezo rotation to 0.148850deg	 DONE
17/09/2023 15:49:22:	48	count	time	5.000000s/cts	O Det=32	H Det=638	Mon Det=29624	Aux Det=87	O+H=670	 DONE
17/09/2023 15:49:30:	move motor	S18.axis2.piezo rotation to 0.148900deg	 DONE
17/09/2023 15:49:33:	49	count	time	5.000000s/cts	O Det=33	H Det=533	Mon Det=29923	Aux Det=72	O+H=566	 DONE
17/09/2023 15:49:41:	move motor	S18.axis2.piezo rotation to 0.148950deg	 DONE
17/09/2023 15:49:44:	50	count	time	5.000000s/cts	O Det=23	H Det=463	Mon Det=29475	Aux Det=65	O+H=486	 DONE
17/09/2023 15:49:52:	move motor	S18.axis2.piezo rotation to 0.149000deg	 DONE
17/09/2023 15:49:55:	51	count	time	5.000000s/cts	O Det=16	H Det=420	Mon Det=29198	Aux Det=40	O+H=436	 DONE
17/09/2023 15:50:03:	move motor	S18.axis2.piezo rotation to 0.149050deg	 DONE
17/09/2023 15:50:06:	52	count	time	5.000000s/cts	O Det=18	H Det=346	Mon Det=29584	Aux Det=30	O+H=364	 DONE
17/09/2023 15:50:14:	move motor	S18.axis2.piezo rotation to 0.149100deg	 DONE
17/09/2023 15:50:17:	53	count	time	5.000000s/cts	O Det=13	H Det=327	Mon Det=29847	Aux Det=36	O+H=340	 DONE
17/09/2023 15:50:25:	move motor	S18.axis2.piezo rotation to 0.149150deg	 DONE
17/09/2023 15:50:28:	54	count	time	5.000000s/cts	O Det=8	H Det=258	Mon Det=29864	Aux Det=18	O+H=266	 DONE
17/09/2023 15:50:36:	move motor	S18.axis2.piezo rotation to 0.149200deg	 DONE
17/09/2023 15:50:39:	55	count	time	5.000000s/cts	O Det=6	H Det=222	Mon Det=30149	Aux Det=25	O+H=228	 DONE
17/09/2023 15:50:47:	move motor	S18.axis2.piezo rotation to 0.149250deg	 DONE
17/09/2023 15:50:50:	56	count	time	5.000000s/cts	O Det=6	H Det=205	Mon Det=29628	Aux Det=13	O+H=211	 DONE
17/09/2023 15:50:57:	move motor	S18.axis2.piezo rotation to 0.149300deg	 DONE
17/09/2023 15:51:01:	57	count	time	5.000000s/cts	O Det=3	H Det=179	Mon Det=29534	Aux Det=15	O+H=182	 DONE
17/09/2023 15:51:09:	move motor	S18.axis2.piezo rotation to 0.149350deg	 DONE
17/09/2023 15:51:12:	58	count	time	5.000000s/cts	O Det=1	H Det=153	Mon Det=29474	Aux Det=13	O+H=154	 DONE
17/09/2023 15:51:20:	move motor	S18.axis2.piezo rotation to 0.149400deg	 DONE
17/09/2023 15:51:23:	59	count	time	5.000000s/cts	O Det=3	H Det=142	Mon Det=29547	Aux Det=8	O+H=145	 DONE
17/09/2023 15:51:31:	move motor	S18.axis2.piezo rotation to 0.149450deg	 DONE
17/09/2023 15:51:34:	60	count	time	5.000000s/cts	O Det=5	H Det=106	Mon Det=29550	Aux Det=5	O+H=111	 DONE
17/09/2023 15:51:42:	move motor	S18.axis2.piezo rotation to 0.149500deg	 DONE
17/09/2023 15:51:45:	61	count	time	5.000000s/cts	O Det=7	H Det=109	Mon Det=29352	Aux Det=7	O+H=116	 DONE
17/09/2023 15:51:52:	close file and end scan	 DONE
17/09/2023 15:51:53:	move motor	S18.axis2.piezo rotation to fit AUX LPEAK45	0.147371reached 0.14738  DONE
17/09/2023 15:51:56:	END OF SCRIPT	 DONE
