29/09/2023 14:03:18:	start execution of script D:\data\Cycle 192ter\exp_3-16-14\rawdata\sc\rockingCam.sc	 DONE
29/09/2023 14:03:19:	COUNT MODE	Camera DONE
29/09/2023 14:03:19:	create file	D:\data\Cycle 192ter\exp_3-16-14\rawdata\polarizertest\rockingCam_29Sep1403.dat	 DONE
room to enter remarks DONE
29/09/2023 14:03:20:	move motor	S18.axis2.piezo rotation to 0.146600deg	 DONE
29/09/2023 14:03:24:	1	count	time	600.000000s/cts	O Det=11604	H Det=519	Mon Det=4276024	Aux Det=2242	O+H=12123	 DONE
29/09/2023 14:13:49:	move motor	S18.axis2.piezo rotation to 0.146700deg	 DONE
29/09/2023 14:13:52:	2	count	time	600.000000s/cts	O Det=16974	H Det=671	Mon Det=4259375	Aux Det=4320	O+H=17645	 DONE
29/09/2023 14:24:12:	move motor	S18.axis2.piezo rotation to 0.146800deg	 DONE
29/09/2023 14:24:15:	3	count	time	600.000000s/cts	O Det=24561	H Det=960	Mon Det=4265446	Aux Det=8889	O+H=25521	 DONE
29/09/2023 14:34:38:	move motor	S18.axis2.piezo rotation to 0.146900deg	 DONE
29/09/2023 14:34:41:	4	count	time	600.000000s/cts	O Det=39194	H Det=1435	Mon Det=4270688	Aux Det=18907	O+H=40629	 DONE
29/09/2023 14:45:01:	move motor	S18.axis2.piezo rotation to 0.147000deg	 DONE
29/09/2023 14:45:04:	5	count	time	600.000000s/cts	O Det=55794	H Det=2029	Mon Det=4261520	Aux Det=27548	O+H=57823	 DONE
29/09/2023 14:55:26:	move motor	S18.axis2.piezo rotation to 0.147100deg	 DONE
29/09/2023 14:55:29:	6	count	time	600.000000s/cts	O Det=66031	H Det=2329	Mon Det=4264974	Aux Det=29442	O+H=68360	 DONE
29/09/2023 15:05:52:	move motor	S18.axis2.piezo rotation to 0.147200deg	 DONE
29/09/2023 15:05:55:	7	count	time	600.000000s/cts	O Det=64924	H Det=2229	Mon Det=4262504	Aux Det=27036	O+H=67153	 DONE
29/09/2023 15:16:13:	move motor	S18.axis2.piezo rotation to 0.147300deg	 DONE
29/09/2023 15:16:16:	8	count	time	600.000000s/cts	O Det=56906	H Det=2066	Mon Det=4255334	Aux Det=22181	O+H=58972	 DONE
29/09/2023 15:26:38:	move motor	S18.axis2.piezo rotation to 0.147400deg	 DONE
29/09/2023 15:26:41:	9	count	time	600.000000s/cts	O Det=45943	H Det=2918	Mon Det=4263544	Aux Det=15734	O+H=48861	 DONE
29/09/2023 15:37:01:	move motor	S18.axis2.piezo rotation to 0.147500deg	 DONE
29/09/2023 15:37:04:	10	count	time	600.000000s/cts	O Det=40334	H Det=2920	Mon Det=4247193	Aux Det=12671	O+H=43254	 DONE
29/09/2023 15:47:26:	move motor	S18.axis2.piezo rotation to 0.147600deg	 DONE
29/09/2023 15:47:29:	11	count	time	600.000000s/cts	O Det=34684	H Det=2058	Mon Det=4265973	Aux Det=6704	O+H=36742	 DONE
29/09/2023 15:57:51:	move motor	S18.axis2.piezo rotation to 0.147700deg	 DONE
29/09/2023 15:57:55:	12	count	time	600.000000s/cts	O Det=32285	H Det=2175	Mon Det=4296370	Aux Det=5859	O+H=34460	 DONE
29/09/2023 16:08:18:	move motor	S18.axis2.piezo rotation to 0.147800deg	 DONE
29/09/2023 16:08:22:	13	count	time	600.000000s/cts	O Det=33190	H Det=2748	Mon Det=4307550	Aux Det=8159	O+H=35938	 DONE
29/09/2023 16:18:44:	move motor	S18.axis2.piezo rotation to 0.147900deg	 DONE
29/09/2023 16:18:47:	14	count	time	600.000000s/cts	O Det=35065	H Det=1662	Mon Det=4293010	Aux Det=6723	O+H=36727	 DONE
29/09/2023 16:29:10:	move motor	S18.axis2.piezo rotation to 0.148000deg	 DONE
29/09/2023 16:29:13:	15	count	time	600.000000s/cts	O Det=40615	H Det=1494	Mon Det=4305259	Aux Det=9862	O+H=42109	 DONE
29/09/2023 16:39:37:	move motor	S18.axis2.piezo rotation to 0.148100deg	 DONE
29/09/2023 16:39:41:	16	count	time	600.000000s/cts	O Det=47014	H Det=1759	Mon Det=4306093	Aux Det=14120	O+H=48773	 DONE
29/09/2023 16:50:03:	move motor	S18.axis2.piezo rotation to 0.148200deg	 DONE
29/09/2023 16:50:06:	17	count	time	600.000000s/cts	O Det=56719	H Det=2019	Mon Det=4300189	Aux Det=21307	O+H=58738	 DONE
29/09/2023 17:00:25:	move motor	S18.axis2.piezo rotation to 0.148300deg	 DONE
29/09/2023 17:00:28:	18	count	time	600.000000s/cts	O Det=65125	H Det=2283	Mon Det=4307377	Aux Det=27067	O+H=67408	 DONE
29/09/2023 17:10:51:	move motor	S18.axis2.piezo rotation to 0.148400deg	 DONE
29/09/2023 17:10:54:	19	count	time	600.000000s/cts	O Det=64478	H Det=2172	Mon Det=4302633	Aux Det=27453	O+H=66650	 DONE
29/09/2023 17:21:18:	move motor	S18.axis2.piezo rotation to 0.148500deg	 DONE
29/09/2023 17:21:21:	20	count	time	600.000000s/cts	O Det=53735	H Det=1824	Mon Det=4296063	Aux Det=23008	O+H=55559	 DONE
29/09/2023 17:31:44:	move motor	S18.axis2.piezo rotation to 0.148600deg	 DONE
29/09/2023 17:31:48:	21	count	time	600.000000s/cts	O Det=37068	H Det=1303	Mon Det=4293481	Aux Det=15986	O+H=38371	 DONE
29/09/2023 17:42:11:	move motor	S18.axis2.piezo rotation to 0.148700deg	 DONE
29/09/2023 17:42:14:	22	count	time	600.000000s/cts	O Det=25379	H Det=924	Mon Det=4303082	Aux Det=10163	O+H=26303	 DONE
29/09/2023 17:52:35:	move motor	S18.axis2.piezo rotation to 0.148800deg	 DONE
29/09/2023 17:52:38:	23	count	time	600.000000s/cts	O Det=16510	H Det=655	Mon Det=4284771	Aux Det=4419	O+H=17165	 DONE
29/09/2023 18:02:58:	move motor	S18.axis2.piezo rotation to 0.148900deg	 DONE
29/09/2023 18:03:01:	24	count	time	600.000000s/cts	O Det=11952	H Det=519	Mon Det=4291710	Aux Det=2302	O+H=12471	 DONE
29/09/2023 18:13:25:	move motor	S18.axis2.piezo rotation to 0.149000deg	 DONE
29/09/2023 18:13:28:	25	count	time	600.000000s/cts	O Det=8875	H Det=432	Mon Det=4280933	Aux Det=1481	O+H=9307	 DONE
29/09/2023 18:23:52:	COUNT MODE	standard DONE
29/09/2023 18:23:53:	close file and end scan	saving D:\data\Cycle 192ter\exp_3-16-14\rawdata\polarizertest\rockingCam_29Sep1403.tif  DONE
29/09/2023 18:23:53:	END OF SCRIPT	 DONE
