22/09/2023 11:22:47:	start execution of script D:\data\Cycle 192ter\exp_3-16-14\rawdata\sc\rockingL.sc	 DONE
22/09/2023 11:22:48:	create file	D:\data\Cycle 192ter\exp_3-16-14\rawdata\sc\rocking_22Sep1122.dat	 DONE
room to enter remarks DONE
22/09/2023 11:22:49:	move motor	S18.axis2.piezo rotation to 0.146500deg	 DONE
22/09/2023 11:22:53:	1	count	time	5.000000s/cts	O Det=4	H Det=136	Mon Det=31579	Aux Det=7	O+H=140	 DONE
22/09/2023 11:23:01:	move motor	S18.axis2.piezo rotation to 0.146550deg	 DONE
22/09/2023 11:23:04:	2	count	time	5.000000s/cts	O Det=8	H Det=173	Mon Det=31683	Aux Det=15	O+H=181	 DONE
22/09/2023 11:23:12:	move motor	S18.axis2.piezo rotation to 0.146600deg	 DONE
22/09/2023 11:23:15:	3	count	time	5.000000s/cts	O Det=8	H Det=196	Mon Det=31966	Aux Det=12	O+H=204	 DONE
22/09/2023 11:23:23:	move motor	S18.axis2.piezo rotation to 0.146650deg	 DONE
22/09/2023 11:23:26:	4	count	time	5.000000s/cts	O Det=11	H Det=201	Mon Det=31485	Aux Det=8	O+H=212	 DONE
22/09/2023 11:23:34:	move motor	S18.axis2.piezo rotation to 0.146700deg	 DONE
22/09/2023 11:23:37:	5	count	time	5.000000s/cts	O Det=20	H Det=204	Mon Det=31847	Aux Det=21	O+H=224	 DONE
22/09/2023 11:23:44:	move motor	S18.axis2.piezo rotation to 0.146750deg	 DONE
22/09/2023 11:23:47:	6	count	time	5.000000s/cts	O Det=24	H Det=251	Mon Det=31626	Aux Det=22	O+H=275	 DONE
22/09/2023 11:23:55:	move motor	S18.axis2.piezo rotation to 0.146800deg	 DONE
22/09/2023 11:23:58:	7	count	time	5.000000s/cts	O Det=29	H Det=295	Mon Det=31533	Aux Det=32	O+H=324	 DONE
22/09/2023 11:24:06:	move motor	S18.axis2.piezo rotation to 0.146850deg	 DONE
22/09/2023 11:24:09:	8	count	time	5.000000s/cts	O Det=25	H Det=356	Mon Det=31612	Aux Det=46	O+H=381	 DONE
22/09/2023 11:24:17:	move motor	S18.axis2.piezo rotation to 0.146900deg	 DONE
22/09/2023 11:24:20:	9	count	time	5.000000s/cts	O Det=35	H Det=413	Mon Det=31995	Aux Det=79	O+H=448	 DONE
22/09/2023 11:24:27:	move motor	S18.axis2.piezo rotation to 0.146950deg	 DONE
22/09/2023 11:24:31:	10	count	time	5.000000s/cts	O Det=68	H Det=500	Mon Det=31570	Aux Det=90	O+H=568	 DONE
22/09/2023 11:24:38:	move motor	S18.axis2.piezo rotation to 0.147000deg	 DONE
22/09/2023 11:24:41:	11	count	time	5.000000s/cts	O Det=78	H Det=573	Mon Det=31756	Aux Det=106	O+H=651	 DONE
22/09/2023 11:24:49:	move motor	S18.axis2.piezo rotation to 0.147050deg	 DONE
22/09/2023 11:24:52:	12	count	time	5.000000s/cts	O Det=98	H Det=686	Mon Det=31809	Aux Det=139	O+H=784	 DONE
22/09/2023 11:25:00:	move motor	S18.axis2.piezo rotation to 0.147100deg	 DONE
22/09/2023 11:25:03:	13	count	time	5.000000s/cts	O Det=86	H Det=868	Mon Det=31593	Aux Det=149	O+H=954	 DONE
22/09/2023 11:25:11:	move motor	S18.axis2.piezo rotation to 0.147150deg	 DONE
22/09/2023 11:25:14:	14	count	time	5.000000s/cts	O Det=98	H Det=1062	Mon Det=31853	Aux Det=182	O+H=1160	 DONE
22/09/2023 11:25:21:	move motor	S18.axis2.piezo rotation to 0.147200deg	 DONE
22/09/2023 11:25:25:	15	count	time	5.000000s/cts	O Det=108	H Det=1030	Mon Det=31283	Aux Det=241	O+H=1138	 DONE
22/09/2023 11:25:32:	move motor	S18.axis2.piezo rotation to 0.147250deg	 DONE
22/09/2023 11:25:35:	16	count	time	5.000000s/cts	O Det=125	H Det=1094	Mon Det=32173	Aux Det=261	O+H=1219	 DONE
22/09/2023 11:25:43:	move motor	S18.axis2.piezo rotation to 0.147300deg	 DONE
22/09/2023 11:25:46:	17	count	time	5.000000s/cts	O Det=128	H Det=1090	Mon Det=31756	Aux Det=235	O+H=1218	 DONE
22/09/2023 11:25:54:	move motor	S18.axis2.piezo rotation to 0.147350deg	 DONE
22/09/2023 11:25:57:	18	count	time	5.000000s/cts	O Det=90	H Det=1132	Mon Det=32059	Aux Det=179	O+H=1222	 DONE
22/09/2023 11:26:05:	move motor	S18.axis2.piezo rotation to 0.147400deg	 DONE
22/09/2023 11:26:08:	19	count	time	5.000000s/cts	O Det=103	H Det=1018	Mon Det=31535	Aux Det=172	O+H=1121	 DONE
22/09/2023 11:26:16:	move motor	S18.axis2.piezo rotation to 0.147450deg	 DONE
22/09/2023 11:26:19:	20	count	time	5.000000s/cts	O Det=88	H Det=920	Mon Det=31710	Aux Det=156	O+H=1008	 DONE
22/09/2023 11:26:26:	move motor	S18.axis2.piezo rotation to 0.147500deg	 DONE
22/09/2023 11:26:29:	21	count	time	5.000000s/cts	O Det=74	H Det=771	Mon Det=32175	Aux Det=144	O+H=845	 DONE
22/09/2023 11:26:37:	move motor	S18.axis2.piezo rotation to 0.147550deg	 DONE
22/09/2023 11:26:40:	22	count	time	5.000000s/cts	O Det=65	H Det=605	Mon Det=31843	Aux Det=111	O+H=670	 DONE
22/09/2023 11:26:48:	move motor	S18.axis2.piezo rotation to 0.147600deg	 DONE
22/09/2023 11:26:51:	23	count	time	5.000000s/cts	O Det=50	H Det=611	Mon Det=31903	Aux Det=90	O+H=661	 DONE
22/09/2023 11:26:59:	move motor	S18.axis2.piezo rotation to 0.147650deg	 DONE
22/09/2023 11:27:02:	24	count	time	5.000000s/cts	O Det=35	H Det=559	Mon Det=31165	Aux Det=63	O+H=594	 DONE
22/09/2023 11:27:09:	move motor	S18.axis2.piezo rotation to 0.147700deg	 DONE
22/09/2023 11:27:13:	25	count	time	5.000000s/cts	O Det=26	H Det=454	Mon Det=31429	Aux Det=41	O+H=480	 DONE
22/09/2023 11:27:20:	move motor	S18.axis2.piezo rotation to 0.147750deg	 DONE
22/09/2023 11:27:23:	26	count	time	5.000000s/cts	O Det=25	H Det=378	Mon Det=31910	Aux Det=36	O+H=403	 DONE
22/09/2023 11:27:31:	move motor	S18.axis2.piezo rotation to 0.147800deg	 DONE
22/09/2023 11:27:34:	27	count	time	5.000000s/cts	O Det=13	H Det=377	Mon Det=31758	Aux Det=24	O+H=390	 DONE
22/09/2023 11:27:42:	move motor	S18.axis2.piezo rotation to 0.147850deg	 DONE
22/09/2023 11:27:45:	28	count	time	5.000000s/cts	O Det=8	H Det=312	Mon Det=31823	Aux Det=31	O+H=320	 DONE
22/09/2023 11:27:53:	move motor	S18.axis2.piezo rotation to 0.147900deg	 DONE
22/09/2023 11:27:56:	29	count	time	5.000000s/cts	O Det=17	H Det=360	Mon Det=31748	Aux Det=32	O+H=377	 DONE
22/09/2023 11:28:04:	move motor	S18.axis2.piezo rotation to 0.147950deg	 DONE
22/09/2023 11:28:07:	30	count	time	5.000000s/cts	O Det=29	H Det=370	Mon Det=31529	Aux Det=41	O+H=399	 DONE
22/09/2023 11:28:15:	move motor	S18.axis2.piezo rotation to 0.148000deg	 DONE
22/09/2023 11:28:18:	31	count	time	5.000000s/cts	O Det=21	H Det=377	Mon Det=32064	Aux Det=38	O+H=398	 DONE
22/09/2023 11:28:26:	move motor	S18.axis2.piezo rotation to 0.148050deg	 DONE
22/09/2023 11:28:29:	32	count	time	5.000000s/cts	O Det=16	H Det=377	Mon Det=31969	Aux Det=28	O+H=393	 DONE
22/09/2023 11:28:37:	move motor	S18.axis2.piezo rotation to 0.148100deg	 DONE
22/09/2023 11:28:41:	33	count	time	5.000000s/cts	O Det=26	H Det=382	Mon Det=31756	Aux Det=37	O+H=408	 DONE
22/09/2023 11:28:48:	move motor	S18.axis2.piezo rotation to 0.148150deg	 DONE
22/09/2023 11:28:52:	34	count	time	5.000000s/cts	O Det=28	H Det=411	Mon Det=31560	Aux Det=46	O+H=439	 DONE
22/09/2023 11:28:59:	move motor	S18.axis2.piezo rotation to 0.148200deg	 DONE
22/09/2023 11:29:02:	35	count	time	5.000000s/cts	O Det=43	H Det=482	Mon Det=32160	Aux Det=49	O+H=525	 DONE
22/09/2023 11:29:10:	move motor	S18.axis2.piezo rotation to 0.148250deg	 DONE
22/09/2023 11:29:13:	36	count	time	5.000000s/cts	O Det=65	H Det=531	Mon Det=31997	Aux Det=82	O+H=596	 DONE
22/09/2023 11:29:21:	move motor	S18.axis2.piezo rotation to 0.148300deg	 DONE
22/09/2023 11:29:24:	37	count	time	5.000000s/cts	O Det=86	H Det=631	Mon Det=31741	Aux Det=114	O+H=717	 DONE
22/09/2023 11:29:32:	move motor	S18.axis2.piezo rotation to 0.148350deg	 DONE
22/09/2023 11:29:35:	38	count	time	5.000000s/cts	O Det=70	H Det=681	Mon Det=32374	Aux Det=160	O+H=751	 DONE
22/09/2023 11:29:43:	move motor	S18.axis2.piezo rotation to 0.148400deg	 DONE
22/09/2023 11:29:46:	39	count	time	5.000000s/cts	O Det=97	H Det=933	Mon Det=31631	Aux Det=171	O+H=1030	 DONE
22/09/2023 11:29:53:	move motor	S18.axis2.piezo rotation to 0.148450deg	 DONE
22/09/2023 11:29:57:	40	count	time	5.000000s/cts	O Det=106	H Det=1019	Mon Det=31546	Aux Det=191	O+H=1125	 DONE
22/09/2023 11:30:04:	move motor	S18.axis2.piezo rotation to 0.148500deg	 DONE
22/09/2023 11:30:07:	41	count	time	5.000000s/cts	O Det=84	H Det=1053	Mon Det=32114	Aux Det=197	O+H=1137	 DONE
22/09/2023 11:30:15:	move motor	S18.axis2.piezo rotation to 0.148550deg	 DONE
22/09/2023 11:30:19:	42	count	time	5.000000s/cts	O Det=125	H Det=1070	Mon Det=31484	Aux Det=239	O+H=1195	 DONE
22/09/2023 11:30:26:	move motor	S18.axis2.piezo rotation to 0.148600deg	 DONE
22/09/2023 11:30:29:	43	count	time	5.000000s/cts	O Det=103	H Det=1173	Mon Det=31247	Aux Det=197	O+H=1276	 DONE
22/09/2023 11:30:37:	move motor	S18.axis2.piezo rotation to 0.148650deg	 DONE
22/09/2023 11:30:40:	44	count	time	5.000000s/cts	O Det=115	H Det=1075	Mon Det=31546	Aux Det=198	O+H=1190	 DONE
22/09/2023 11:30:48:	move motor	S18.axis2.piezo rotation to 0.148700deg	 DONE
22/09/2023 11:30:51:	45	count	time	5.000000s/cts	O Det=106	H Det=920	Mon Det=31693	Aux Det=164	O+H=1026	 DONE
22/09/2023 11:30:59:	move motor	S18.axis2.piezo rotation to 0.148750deg	 DONE
22/09/2023 11:31:02:	46	count	time	5.000000s/cts	O Det=87	H Det=804	Mon Det=31957	Aux Det=174	O+H=891	 DONE
22/09/2023 11:31:10:	move motor	S18.axis2.piezo rotation to 0.148800deg	 DONE
22/09/2023 11:31:13:	47	count	time	5.000000s/cts	O Det=75	H Det=637	Mon Det=31849	Aux Det=120	O+H=712	 DONE
22/09/2023 11:31:20:	move motor	S18.axis2.piezo rotation to 0.148850deg	 DONE
22/09/2023 11:31:23:	48	count	time	5.000000s/cts	O Det=66	H Det=596	Mon Det=31993	Aux Det=97	O+H=662	 DONE
22/09/2023 11:31:31:	move motor	S18.axis2.piezo rotation to 0.148900deg	 DONE
22/09/2023 11:31:34:	49	count	time	5.000000s/cts	O Det=37	H Det=419	Mon Det=31651	Aux Det=105	O+H=456	 DONE
22/09/2023 11:31:42:	move motor	S18.axis2.piezo rotation to 0.148950deg	 DONE
22/09/2023 11:31:45:	50	count	time	5.000000s/cts	O Det=36	H Det=400	Mon Det=31628	Aux Det=66	O+H=436	 DONE
22/09/2023 11:31:53:	move motor	S18.axis2.piezo rotation to 0.149000deg	 DONE
22/09/2023 11:31:56:	51	count	time	5.000000s/cts	O Det=27	H Det=343	Mon Det=32044	Aux Det=45	O+H=370	 DONE
22/09/2023 11:32:03:	move motor	S18.axis2.piezo rotation to 0.149050deg	 DONE
22/09/2023 11:32:07:	52	count	time	5.000000s/cts	O Det=19	H Det=282	Mon Det=32093	Aux Det=37	O+H=301	 DONE
22/09/2023 11:32:14:	move motor	S18.axis2.piezo rotation to 0.149100deg	 DONE
22/09/2023 11:32:18:	53	count	time	5.000000s/cts	O Det=12	H Det=221	Mon Det=31684	Aux Det=24	O+H=233	 DONE
22/09/2023 11:32:25:	move motor	S18.axis2.piezo rotation to 0.149150deg	 DONE
22/09/2023 11:32:28:	54	count	time	5.000000s/cts	O Det=7	H Det=213	Mon Det=31507	Aux Det=22	O+H=220	 DONE
22/09/2023 11:32:36:	move motor	S18.axis2.piezo rotation to 0.149200deg	 DONE
22/09/2023 11:32:39:	55	count	time	5.000000s/cts	O Det=7	H Det=192	Mon Det=31424	Aux Det=26	O+H=199	 DONE
22/09/2023 11:32:47:	move motor	S18.axis2.piezo rotation to 0.149250deg	 DONE
22/09/2023 11:32:50:	56	count	time	5.000000s/cts	O Det=3	H Det=134	Mon Det=31702	Aux Det=10	O+H=137	 DONE
22/09/2023 11:32:58:	move motor	S18.axis2.piezo rotation to 0.149300deg	 DONE
22/09/2023 11:33:01:	57	count	time	5.000000s/cts	O Det=12	H Det=138	Mon Det=32037	Aux Det=13	O+H=150	 DONE
22/09/2023 11:33:09:	move motor	S18.axis2.piezo rotation to 0.149350deg	 DONE
22/09/2023 11:33:12:	58	count	time	5.000000s/cts	O Det=2	H Det=154	Mon Det=32223	Aux Det=8	O+H=156	 DONE
22/09/2023 11:33:20:	move motor	S18.axis2.piezo rotation to 0.149400deg	 DONE
22/09/2023 11:33:23:	59	count	time	5.000000s/cts	O Det=7	H Det=140	Mon Det=31639	Aux Det=13	O+H=147	 DONE
22/09/2023 11:33:31:	move motor	S18.axis2.piezo rotation to 0.149450deg	 DONE
22/09/2023 11:33:34:	60	count	time	5.000000s/cts	O Det=4	H Det=110	Mon Det=32081	Aux Det=10	O+H=114	 DONE
22/09/2023 11:33:41:	move motor	S18.axis2.piezo rotation to 0.149500deg	 DONE
22/09/2023 11:33:45:	61	count	time	5.000000s/cts	O Det=1	H Det=92	Mon Det=31962	Aux Det=12	O+H=93	 DONE
22/09/2023 11:33:52:	close file and end scan	 DONE
22/09/2023 11:33:53:	move motor	S18.axis2.piezo rotation to fit AUX LPEAK45	0.147274reached 0.14728  DONE
22/09/2023 11:33:56:	END OF SCRIPT	 DONE
