08/09/2023 19:01:33:	start execution of script D:\data\Cycle 192ter\exp_3-16-14\rawdata\sc\rocking.sc	 DONE
08/09/2023 19:01:34:	create file	D:\data\Cycle 192ter\exp_3-16-14\rawdata\sc\rocking_08Sep1901.dat	 DONE
room to enter remarks DONE
08/09/2023 19:01:35:	move motor	S18.axis2.piezo rotation to 0.146000deg	 DONE
08/09/2023 19:01:39:	1	count	time	5.000000s/cts	O Det=1	H Det=57	Mon Det=31932	Aux Det=4	O+H=58	 DONE
08/09/2023 19:01:46:	move motor	S18.axis2.piezo rotation to 0.146050deg	 DONE
08/09/2023 19:01:50:	2	count	time	5.000000s/cts	O Det=0	H Det=45	Mon Det=31800	Aux Det=4	O+H=45	 DONE
08/09/2023 19:01:57:	move motor	S18.axis2.piezo rotation to 0.146100deg	 DONE
08/09/2023 19:02:01:	3	count	time	5.000000s/cts	O Det=1	H Det=53	Mon Det=31753	Aux Det=7	O+H=54	 DONE
08/09/2023 19:02:08:	move motor	S18.axis2.piezo rotation to 0.146150deg	 DONE
08/09/2023 19:02:12:	4	count	time	5.000000s/cts	O Det=1	H Det=60	Mon Det=31871	Aux Det=4	O+H=61	 DONE
08/09/2023 19:02:19:	move motor	S18.axis2.piezo rotation to 0.146200deg	 DONE
08/09/2023 19:02:22:	5	count	time	5.000000s/cts	O Det=4	H Det=58	Mon Det=31345	Aux Det=5	O+H=62	 DONE
08/09/2023 19:02:30:	move motor	S18.axis2.piezo rotation to 0.146250deg	 DONE
08/09/2023 19:02:33:	6	count	time	5.000000s/cts	O Det=2	H Det=67	Mon Det=31526	Aux Det=8	O+H=69	 DONE
08/09/2023 19:02:41:	move motor	S18.axis2.piezo rotation to 0.146300deg	 DONE
08/09/2023 19:02:44:	7	count	time	5.000000s/cts	O Det=4	H Det=67	Mon Det=31663	Aux Det=5	O+H=71	 DONE
08/09/2023 19:02:52:	move motor	S18.axis2.piezo rotation to 0.146350deg	 DONE
08/09/2023 19:02:55:	8	count	time	5.000000s/cts	O Det=2	H Det=77	Mon Det=31981	Aux Det=6	O+H=79	 DONE
08/09/2023 19:03:03:	move motor	S18.axis2.piezo rotation to 0.146400deg	 DONE
08/09/2023 19:03:06:	9	count	time	5.000000s/cts	O Det=3	H Det=86	Mon Det=31051	Aux Det=10	O+H=89	 DONE
08/09/2023 19:03:14:	move motor	S18.axis2.piezo rotation to 0.146450deg	 DONE
08/09/2023 19:03:17:	10	count	time	5.000000s/cts	O Det=5	H Det=88	Mon Det=31766	Aux Det=11	O+H=93	 DONE
08/09/2023 19:03:25:	move motor	S18.axis2.piezo rotation to 0.146500deg	 DONE
08/09/2023 19:03:28:	11	count	time	5.000000s/cts	O Det=2	H Det=101	Mon Det=31383	Aux Det=11	O+H=103	 DONE
08/09/2023 19:03:36:	move motor	S18.axis2.piezo rotation to 0.146550deg	 DONE
08/09/2023 19:03:39:	12	count	time	5.000000s/cts	O Det=1	H Det=88	Mon Det=31489	Aux Det=6	O+H=89	 DONE
08/09/2023 19:03:47:	move motor	S18.axis2.piezo rotation to 0.146600deg	 DONE
08/09/2023 19:03:50:	13	count	time	5.000000s/cts	O Det=3	H Det=123	Mon Det=31849	Aux Det=6	O+H=126	 DONE
08/09/2023 19:03:58:	move motor	S18.axis2.piezo rotation to 0.146650deg	 DONE
08/09/2023 19:04:01:	14	count	time	5.000000s/cts	O Det=6	H Det=105	Mon Det=31448	Aux Det=6	O+H=111	 DONE
08/09/2023 19:04:09:	move motor	S18.axis2.piezo rotation to 0.146700deg	 DONE
08/09/2023 19:04:12:	15	count	time	5.000000s/cts	O Det=8	H Det=132	Mon Det=31532	Aux Det=9	O+H=140	 DONE
08/09/2023 19:04:20:	move motor	S18.axis2.piezo rotation to 0.146750deg	 DONE
08/09/2023 19:04:23:	16	count	time	5.000000s/cts	O Det=8	H Det=169	Mon Det=32014	Aux Det=7	O+H=177	 DONE
08/09/2023 19:04:30:	move motor	S18.axis2.piezo rotation to 0.146800deg	 DONE
08/09/2023 19:04:34:	17	count	time	5.000000s/cts	O Det=4	H Det=200	Mon Det=31817	Aux Det=15	O+H=204	 DONE
08/09/2023 19:04:41:	move motor	S18.axis2.piezo rotation to 0.146850deg	 DONE
08/09/2023 19:04:45:	18	count	time	5.000000s/cts	O Det=8	H Det=206	Mon Det=31732	Aux Det=10	O+H=214	 DONE
08/09/2023 19:04:52:	move motor	S18.axis2.piezo rotation to 0.146900deg	 DONE
08/09/2023 19:04:56:	19	count	time	5.000000s/cts	O Det=10	H Det=217	Mon Det=32463	Aux Det=21	O+H=227	 DONE
08/09/2023 19:05:03:	move motor	S18.axis2.piezo rotation to 0.146950deg	 DONE
08/09/2023 19:05:06:	20	count	time	5.000000s/cts	O Det=19	H Det=272	Mon Det=32133	Aux Det=27	O+H=291	 DONE
08/09/2023 19:05:14:	move motor	S18.axis2.piezo rotation to 0.147000deg	 DONE
08/09/2023 19:05:17:	21	count	time	5.000000s/cts	O Det=12	H Det=348	Mon Det=32354	Aux Det=33	O+H=360	 DONE
08/09/2023 19:05:25:	move motor	S18.axis2.piezo rotation to 0.147050deg	 DONE
08/09/2023 19:05:28:	22	count	time	5.000000s/cts	O Det=31	H Det=374	Mon Det=32471	Aux Det=28	O+H=405	 DONE
08/09/2023 19:05:36:	move motor	S18.axis2.piezo rotation to 0.147100deg	 DONE
08/09/2023 19:05:39:	23	count	time	5.000000s/cts	O Det=30	H Det=442	Mon Det=32146	Aux Det=61	O+H=472	 DONE
08/09/2023 19:05:47:	move motor	S18.axis2.piezo rotation to 0.147150deg	 DONE
08/09/2023 19:05:50:	24	count	time	5.000000s/cts	O Det=46	H Det=512	Mon Det=32087	Aux Det=86	O+H=558	 DONE
08/09/2023 19:05:57:	move motor	S18.axis2.piezo rotation to 0.147200deg	 DONE
08/09/2023 19:06:00:	25	count	time	5.000000s/cts	O Det=54	H Det=611	Mon Det=32176	Aux Det=104	O+H=665	 DONE
08/09/2023 19:06:08:	move motor	S18.axis2.piezo rotation to 0.147250deg	 DONE
08/09/2023 19:06:11:	26	count	time	5.000000s/cts	O Det=51	H Det=689	Mon Det=31797	Aux Det=144	O+H=740	 DONE
08/09/2023 19:06:19:	move motor	S18.axis2.piezo rotation to 0.147300deg	 DONE
08/09/2023 19:06:23:	27	count	time	5.000000s/cts	O Det=81	H Det=812	Mon Det=31880	Aux Det=237	O+H=893	 DONE
08/09/2023 19:06:30:	move motor	S18.axis2.piezo rotation to 0.147350deg	 DONE
08/09/2023 19:06:34:	28	count	time	5.000000s/cts	O Det=92	H Det=897	Mon Det=31873	Aux Det=270	O+H=989	 DONE
08/09/2023 19:06:41:	move motor	S18.axis2.piezo rotation to 0.147400deg	 DONE
08/09/2023 19:06:44:	29	count	time	5.000000s/cts	O Det=110	H Det=986	Mon Det=31816	Aux Det=339	O+H=1096	 DONE
08/09/2023 19:06:52:	move motor	S18.axis2.piezo rotation to 0.147450deg	 DONE
08/09/2023 19:06:55:	30	count	time	5.000000s/cts	O Det=128	H Det=982	Mon Det=31632	Aux Det=348	O+H=1110	 DONE
08/09/2023 19:07:03:	move motor	S18.axis2.piezo rotation to 0.147500deg	 DONE
08/09/2023 19:07:06:	31	count	time	5.000000s/cts	O Det=148	H Det=1053	Mon Det=31581	Aux Det=377	O+H=1201	 DONE
08/09/2023 19:07:14:	move motor	S18.axis2.piezo rotation to 0.147550deg	 DONE
08/09/2023 19:07:17:	32	count	time	5.000000s/cts	O Det=131	H Det=951	Mon Det=31441	Aux Det=376	O+H=1082	 DONE
08/09/2023 19:07:25:	move motor	S18.axis2.piezo rotation to 0.147600deg	 DONE
08/09/2023 19:07:28:	33	count	time	5.000000s/cts	O Det=128	H Det=870	Mon Det=31796	Aux Det=332	O+H=998	 DONE
08/09/2023 19:07:36:	move motor	S18.axis2.piezo rotation to 0.147650deg	 DONE
08/09/2023 19:07:39:	34	count	time	5.000000s/cts	O Det=113	H Det=794	Mon Det=31428	Aux Det=309	O+H=907	 DONE
08/09/2023 19:07:46:	move motor	S18.axis2.piezo rotation to 0.147700deg	 DONE
08/09/2023 19:07:50:	35	count	time	5.000000s/cts	O Det=106	H Det=694	Mon Det=31752	Aux Det=267	O+H=800	 DONE
08/09/2023 19:07:57:	move motor	S18.axis2.piezo rotation to 0.147750deg	 DONE
08/09/2023 19:08:01:	36	count	time	5.000000s/cts	O Det=66	H Det=569	Mon Det=30492	Aux Det=194	O+H=635	 DONE
08/09/2023 19:08:08:	move motor	S18.axis2.piezo rotation to 0.147800deg	 DONE
08/09/2023 19:08:12:	37	count	time	5.000000s/cts	O Det=90	H Det=573	Mon Det=33394	Aux Det=130	O+H=663	 DONE
08/09/2023 19:08:19:	move motor	S18.axis2.piezo rotation to 0.147850deg	 DONE
08/09/2023 19:08:23:	38	count	time	5.000000s/cts	O Det=48	H Det=509	Mon Det=33526	Aux Det=107	O+H=557	 DONE
08/09/2023 19:08:30:	move motor	S18.axis2.piezo rotation to 0.147900deg	 DONE
08/09/2023 19:08:34:	39	count	time	5.000000s/cts	O Det=42	H Det=451	Mon Det=33035	Aux Det=85	O+H=493	 DONE
08/09/2023 19:08:41:	move motor	S18.axis2.piezo rotation to 0.147950deg	 DONE
08/09/2023 19:08:44:	40	count	time	5.000000s/cts	O Det=30	H Det=370	Mon Det=33084	Aux Det=43	O+H=400	 DONE
08/09/2023 19:08:52:	move motor	S18.axis2.piezo rotation to 0.148000deg	 DONE
08/09/2023 19:08:55:	41	count	time	5.000000s/cts	O Det=15	H Det=339	Mon Det=33174	Aux Det=38	O+H=354	 DONE
08/09/2023 19:09:03:	close file and end scan	 DONE
08/09/2023 19:09:03:	move motor	S18.axis2.piezo rotation to fit AUX PEAK65	0.147519reached 0.14750  DONE
08/09/2023 19:09:06:	END OF SCRIPT	 DONE
