14/09/2023 08:20:02:	start execution of script D:\data\Cycle 192ter\exp_3-16-14\rawdata\sc\rockingL.sc	 DONE
14/09/2023 08:20:02:	create file	D:\data\Cycle 192ter\exp_3-16-14\rawdata\sc\rocking_14Sep0820.dat	 DONE
room to enter remarks DONE
14/09/2023 08:20:03:	move motor	S18.axis2.piezo rotation to 0.146500deg	 DONE
14/09/2023 08:20:07:	1	count	time	5.000000s/cts	O Det=1	H Det=81	Mon Det=32261	Aux Det=6	O+H=82	 DONE
14/09/2023 08:20:15:	move motor	S18.axis2.piezo rotation to 0.146550deg	 DONE
14/09/2023 08:20:18:	2	count	time	5.000000s/cts	O Det=5	H Det=87	Mon Det=32228	Aux Det=10	O+H=92	 DONE
14/09/2023 08:20:26:	move motor	S18.axis2.piezo rotation to 0.146600deg	 DONE
14/09/2023 08:20:29:	3	count	time	5.000000s/cts	O Det=2	H Det=108	Mon Det=32328	Aux Det=8	O+H=110	 DONE
14/09/2023 08:20:37:	move motor	S18.axis2.piezo rotation to 0.146650deg	 DONE
14/09/2023 08:20:40:	4	count	time	5.000000s/cts	O Det=5	H Det=123	Mon Det=32701	Aux Det=12	O+H=128	 DONE
14/09/2023 08:20:48:	move motor	S18.axis2.piezo rotation to 0.146700deg	 DONE
14/09/2023 08:20:51:	5	count	time	5.000000s/cts	O Det=4	H Det=116	Mon Det=32158	Aux Det=15	O+H=120	 DONE
14/09/2023 08:20:59:	move motor	S18.axis2.piezo rotation to 0.146750deg	 DONE
14/09/2023 08:21:02:	6	count	time	5.000000s/cts	O Det=3	H Det=134	Mon Det=31895	Aux Det=19	O+H=137	 DONE
14/09/2023 08:21:10:	move motor	S18.axis2.piezo rotation to 0.146800deg	 DONE
14/09/2023 08:21:13:	7	count	time	5.000000s/cts	O Det=11	H Det=135	Mon Det=31979	Aux Det=12	O+H=146	 DONE
14/09/2023 08:21:21:	move motor	S18.axis2.piezo rotation to 0.146850deg	 DONE
14/09/2023 08:21:24:	8	count	time	5.000000s/cts	O Det=7	H Det=160	Mon Det=32546	Aux Det=13	O+H=167	 DONE
14/09/2023 08:21:32:	move motor	S18.axis2.piezo rotation to 0.146900deg	 DONE
14/09/2023 08:21:35:	9	count	time	5.000000s/cts	O Det=9	H Det=187	Mon Det=32316	Aux Det=30	O+H=196	 DONE
14/09/2023 08:21:43:	move motor	S18.axis2.piezo rotation to 0.146950deg	 DONE
14/09/2023 08:21:46:	10	count	time	5.000000s/cts	O Det=8	H Det=223	Mon Det=32620	Aux Det=38	O+H=231	 DONE
14/09/2023 08:21:54:	move motor	S18.axis2.piezo rotation to 0.147000deg	 DONE
14/09/2023 08:21:57:	11	count	time	5.000000s/cts	O Det=14	H Det=239	Mon Det=32644	Aux Det=33	O+H=253	 DONE
14/09/2023 08:22:04:	move motor	S18.axis2.piezo rotation to 0.147050deg	 DONE
14/09/2023 08:22:07:	12	count	time	5.000000s/cts	O Det=18	H Det=273	Mon Det=32106	Aux Det=41	O+H=291	 DONE
14/09/2023 08:22:15:	move motor	S18.axis2.piezo rotation to 0.147100deg	 DONE
14/09/2023 08:22:19:	13	count	time	5.000000s/cts	O Det=27	H Det=350	Mon Det=32401	Aux Det=64	O+H=377	 DONE
14/09/2023 08:22:26:	move motor	S18.axis2.piezo rotation to 0.147150deg	 DONE
14/09/2023 08:22:29:	14	count	time	5.000000s/cts	O Det=35	H Det=377	Mon Det=32357	Aux Det=96	O+H=412	 DONE
14/09/2023 08:22:37:	move motor	S18.axis2.piezo rotation to 0.147200deg	 DONE
14/09/2023 08:22:40:	15	count	time	5.000000s/cts	O Det=51	H Det=463	Mon Det=32089	Aux Det=119	O+H=514	 DONE
14/09/2023 08:22:48:	move motor	S18.axis2.piezo rotation to 0.147250deg	 DONE
14/09/2023 08:22:51:	16	count	time	5.000000s/cts	O Det=68	H Det=473	Mon Det=32082	Aux Det=190	O+H=541	 DONE
14/09/2023 08:22:59:	move motor	S18.axis2.piezo rotation to 0.147300deg	 DONE
14/09/2023 08:23:02:	17	count	time	5.000000s/cts	O Det=91	H Det=537	Mon Det=31831	Aux Det=263	O+H=628	 DONE
14/09/2023 08:23:10:	move motor	S18.axis2.piezo rotation to 0.147350deg	 DONE
14/09/2023 08:23:13:	18	count	time	5.000000s/cts	O Det=115	H Det=601	Mon Det=32415	Aux Det=319	O+H=716	 DONE
14/09/2023 08:23:21:	move motor	S18.axis2.piezo rotation to 0.147400deg	 DONE
14/09/2023 08:23:24:	19	count	time	5.000000s/cts	O Det=145	H Det=685	Mon Det=32029	Aux Det=437	O+H=830	 DONE
14/09/2023 08:23:32:	move motor	S18.axis2.piezo rotation to 0.147450deg	 DONE
14/09/2023 08:23:35:	20	count	time	5.000000s/cts	O Det=142	H Det=722	Mon Det=32293	Aux Det=467	O+H=864	 DONE
14/09/2023 08:23:43:	move motor	S18.axis2.piezo rotation to 0.147500deg	 DONE
14/09/2023 08:23:46:	21	count	time	5.000000s/cts	O Det=183	H Det=813	Mon Det=32442	Aux Det=558	O+H=996	 DONE
14/09/2023 08:23:54:	move motor	S18.axis2.piezo rotation to 0.147550deg	 DONE
14/09/2023 08:23:57:	22	count	time	5.000000s/cts	O Det=177	H Det=757	Mon Det=32272	Aux Det=558	O+H=934	 DONE
14/09/2023 08:24:05:	move motor	S18.axis2.piezo rotation to 0.147600deg	 DONE
14/09/2023 08:24:08:	23	count	time	5.000000s/cts	O Det=202	H Det=747	Mon Det=32152	Aux Det=578	O+H=949	 DONE
14/09/2023 08:24:16:	move motor	S18.axis2.piezo rotation to 0.147650deg	 DONE
14/09/2023 08:24:19:	24	count	time	5.000000s/cts	O Det=165	H Det=622	Mon Det=32502	Aux Det=566	O+H=787	 DONE
14/09/2023 08:24:27:	move motor	S18.axis2.piezo rotation to 0.147700deg	 DONE
14/09/2023 08:24:30:	25	count	time	5.000000s/cts	O Det=170	H Det=578	Mon Det=32518	Aux Det=467	O+H=748	 DONE
14/09/2023 08:24:38:	move motor	S18.axis2.piezo rotation to 0.147750deg	 DONE
14/09/2023 08:24:41:	26	count	time	5.000000s/cts	O Det=139	H Det=533	Mon Det=32816	Aux Det=428	O+H=672	 DONE
14/09/2023 08:24:49:	move motor	S18.axis2.piezo rotation to 0.147800deg	 DONE
14/09/2023 08:24:52:	27	count	time	5.000000s/cts	O Det=101	H Det=481	Mon Det=32083	Aux Det=307	O+H=582	 DONE
14/09/2023 08:25:00:	move motor	S18.axis2.piezo rotation to 0.147850deg	 DONE
14/09/2023 08:25:03:	28	count	time	5.000000s/cts	O Det=93	H Det=419	Mon Det=32427	Aux Det=258	O+H=512	 DONE
14/09/2023 08:25:11:	move motor	S18.axis2.piezo rotation to 0.147900deg	 DONE
14/09/2023 08:25:14:	29	count	time	5.000000s/cts	O Det=80	H Det=486	Mon Det=32099	Aux Det=196	O+H=566	 DONE
14/09/2023 08:25:22:	move motor	S18.axis2.piezo rotation to 0.147950deg	 DONE
14/09/2023 08:25:26:	30	count	time	5.000000s/cts	O Det=41	H Det=432	Mon Det=32371	Aux Det=137	O+H=473	 DONE
14/09/2023 08:25:33:	move motor	S18.axis2.piezo rotation to 0.148000deg	 DONE
14/09/2023 08:25:36:	31	count	time	5.000000s/cts	O Det=34	H Det=387	Mon Det=32479	Aux Det=92	O+H=421	 DONE
14/09/2023 08:25:44:	move motor	S18.axis2.piezo rotation to 0.148050deg	 DONE
14/09/2023 08:25:47:	32	count	time	5.000000s/cts	O Det=19	H Det=321	Mon Det=32637	Aux Det=58	O+H=340	 DONE
14/09/2023 08:25:55:	move motor	S18.axis2.piezo rotation to 0.148100deg	 DONE
14/09/2023 08:25:58:	33	count	time	5.000000s/cts	O Det=22	H Det=325	Mon Det=31842	Aux Det=40	O+H=347	 DONE
14/09/2023 08:26:06:	move motor	S18.axis2.piezo rotation to 0.148150deg	 DONE
14/09/2023 08:26:09:	34	count	time	5.000000s/cts	O Det=17	H Det=338	Mon Det=32219	Aux Det=44	O+H=355	 DONE
14/09/2023 08:26:17:	move motor	S18.axis2.piezo rotation to 0.148200deg	 DONE
14/09/2023 08:26:20:	35	count	time	5.000000s/cts	O Det=34	H Det=354	Mon Det=32093	Aux Det=42	O+H=388	 DONE
14/09/2023 08:26:28:	move motor	S18.axis2.piezo rotation to 0.148250deg	 DONE
14/09/2023 08:26:31:	36	count	time	5.000000s/cts	O Det=25	H Det=374	Mon Det=32450	Aux Det=43	O+H=399	 DONE
14/09/2023 08:26:39:	move motor	S18.axis2.piezo rotation to 0.148300deg	 DONE
14/09/2023 08:26:42:	37	count	time	5.000000s/cts	O Det=17	H Det=382	Mon Det=31994	Aux Det=41	O+H=399	 DONE
14/09/2023 08:26:50:	move motor	S18.axis2.piezo rotation to 0.148350deg	 DONE
14/09/2023 08:26:53:	38	count	time	5.000000s/cts	O Det=18	H Det=358	Mon Det=32512	Aux Det=48	O+H=376	 DONE
14/09/2023 08:27:01:	move motor	S18.axis2.piezo rotation to 0.148400deg	 DONE
14/09/2023 08:27:04:	39	count	time	5.000000s/cts	O Det=29	H Det=366	Mon Det=32426	Aux Det=62	O+H=395	 DONE
14/09/2023 08:27:12:	move motor	S18.axis2.piezo rotation to 0.148450deg	 DONE
14/09/2023 08:27:15:	40	count	time	5.000000s/cts	O Det=43	H Det=399	Mon Det=32562	Aux Det=86	O+H=442	 DONE
14/09/2023 08:27:23:	move motor	S18.axis2.piezo rotation to 0.148500deg	 DONE
14/09/2023 08:27:26:	41	count	time	5.000000s/cts	O Det=40	H Det=454	Mon Det=32731	Aux Det=128	O+H=494	 DONE
14/09/2023 08:27:34:	move motor	S18.axis2.piezo rotation to 0.148550deg	 DONE
14/09/2023 08:27:37:	42	count	time	5.000000s/cts	O Det=53	H Det=561	Mon Det=32470	Aux Det=203	O+H=614	 DONE
14/09/2023 08:27:45:	move motor	S18.axis2.piezo rotation to 0.148600deg	 DONE
14/09/2023 08:27:48:	43	count	time	5.000000s/cts	O Det=83	H Det=628	Mon Det=32309	Aux Det=264	O+H=711	 DONE
14/09/2023 08:27:56:	move motor	S18.axis2.piezo rotation to 0.148650deg	 DONE
14/09/2023 08:27:59:	44	count	time	5.000000s/cts	O Det=98	H Det=651	Mon Det=32047	Aux Det=357	O+H=749	 DONE
14/09/2023 08:28:07:	move motor	S18.axis2.piezo rotation to 0.148700deg	 DONE
14/09/2023 08:28:10:	45	count	time	5.000000s/cts	O Det=118	H Det=740	Mon Det=32385	Aux Det=462	O+H=858	 DONE
14/09/2023 08:28:18:	move motor	S18.axis2.piezo rotation to 0.148750deg	 DONE
14/09/2023 08:28:21:	46	count	time	5.000000s/cts	O Det=167	H Det=810	Mon Det=32235	Aux Det=543	O+H=977	 DONE
14/09/2023 08:28:29:	move motor	S18.axis2.piezo rotation to 0.148800deg	 DONE
14/09/2023 08:28:32:	47	count	time	5.000000s/cts	O Det=184	H Det=748	Mon Det=31983	Aux Det=526	O+H=932	 DONE
14/09/2023 08:28:40:	move motor	S18.axis2.piezo rotation to 0.148850deg	 DONE
14/09/2023 08:28:43:	48	count	time	5.000000s/cts	O Det=166	H Det=723	Mon Det=32101	Aux Det=563	O+H=889	 DONE
14/09/2023 08:28:51:	move motor	S18.axis2.piezo rotation to 0.148900deg	 DONE
14/09/2023 08:28:54:	49	count	time	5.000000s/cts	O Det=172	H Det=720	Mon Det=32154	Aux Det=573	O+H=892	 DONE
14/09/2023 08:29:02:	move motor	S18.axis2.piezo rotation to 0.148950deg	 DONE
14/09/2023 08:29:05:	50	count	time	5.000000s/cts	O Det=157	H Det=668	Mon Det=32432	Aux Det=503	O+H=825	 DONE
14/09/2023 08:29:13:	move motor	S18.axis2.piezo rotation to 0.149000deg	 DONE
14/09/2023 08:29:16:	51	count	time	5.000000s/cts	O Det=172	H Det=553	Mon Det=32332	Aux Det=439	O+H=725	 DONE
14/09/2023 08:29:24:	move motor	S18.axis2.piezo rotation to 0.149050deg	 DONE
14/09/2023 08:29:27:	52	count	time	5.000000s/cts	O Det=134	H Det=457	Mon Det=32015	Aux Det=312	O+H=591	 DONE
14/09/2023 08:29:34:	move motor	S18.axis2.piezo rotation to 0.149100deg	 DONE
14/09/2023 08:29:38:	53	count	time	5.000000s/cts	O Det=114	H Det=484	Mon Det=32069	Aux Det=297	O+H=598	 DONE
14/09/2023 08:29:45:	move motor	S18.axis2.piezo rotation to 0.149150deg	 DONE
14/09/2023 08:29:49:	54	count	time	5.000000s/cts	O Det=101	H Det=371	Mon Det=31742	Aux Det=201	O+H=472	 DONE
14/09/2023 08:29:56:	move motor	S18.axis2.piezo rotation to 0.149200deg	 DONE
14/09/2023 08:29:59:	55	count	time	5.000000s/cts	O Det=89	H Det=397	Mon Det=32416	Aux Det=154	O+H=486	 DONE
14/09/2023 08:30:07:	move motor	S18.axis2.piezo rotation to 0.149250deg	 DONE
14/09/2023 08:30:10:	56	count	time	5.000000s/cts	O Det=45	H Det=310	Mon Det=32467	Aux Det=125	O+H=355	 DONE
14/09/2023 08:30:18:	move motor	S18.axis2.piezo rotation to 0.149300deg	 DONE
14/09/2023 08:30:21:	57	count	time	5.000000s/cts	O Det=35	H Det=258	Mon Det=31958	Aux Det=100	O+H=293	 DONE
14/09/2023 08:30:29:	move motor	S18.axis2.piezo rotation to 0.149350deg	 DONE
14/09/2023 08:30:32:	58	count	time	5.000000s/cts	O Det=27	H Det=257	Mon Det=32628	Aux Det=53	O+H=284	 DONE
14/09/2023 08:30:40:	move motor	S18.axis2.piezo rotation to 0.149400deg	 DONE
14/09/2023 08:30:43:	59	count	time	5.000000s/cts	O Det=17	H Det=212	Mon Det=32611	Aux Det=63	O+H=229	 DONE
14/09/2023 08:30:51:	move motor	S18.axis2.piezo rotation to 0.149450deg	 DONE
14/09/2023 08:30:55:	60	count	time	5.000000s/cts	O Det=13	H Det=182	Mon Det=32444	Aux Det=43	O+H=195	 DONE
14/09/2023 08:31:02:	move motor	S18.axis2.piezo rotation to 0.149500deg	 DONE
14/09/2023 08:31:06:	61	count	time	5.000000s/cts	O Det=14	H Det=152	Mon Det=32633	Aux Det=22	O+H=166	 DONE
14/09/2023 08:31:13:	close file and end scan	 DONE
14/09/2023 08:31:14:	move motor	S18.axis2.piezo rotation to fit AUX LPEAK45	0.147574reached 0.14754  DONE
14/09/2023 08:31:16:	END OF SCRIPT	 DONE
