30/09/2023 16:47:55:	start execution of script D:\data\Cycle 192ter\exp_3-16-14\rawdata\sc\rockingCamWide.sc	 DONE
30/09/2023 16:47:55:	COUNT MODE	Camera DONE
30/09/2023 16:47:56:	create file	D:\data\Cycle 192ter\exp_3-16-14\rawdata\temperedSiTest\rockingCam_30Sep1647.dat	 DONE
room to enter remarks DONE
30/09/2023 16:47:57:	move motor	S18.axis2.piezo rotation to 1.327200deg	 DONE
30/09/2023 16:48:01:	1	count	time	600.000000s/cts	O Det=30308	H Det=10509	Mon Det=4035451	Aux Det=19173	O+H=40817	 DONE
30/09/2023 16:58:20:	move motor	S18.axis2.piezo rotation to 1.327400deg	 DONE
30/09/2023 16:58:24:	2	count	time	600.000000s/cts	O Det=33911	H Det=11503	Mon Det=4033892	Aux Det=19948	O+H=45414	 DONE
30/09/2023 17:08:42:	move motor	S18.axis2.piezo rotation to 1.327600deg	 DONE
30/09/2023 17:08:45:	3	count	time	600.000000s/cts	O Det=37452	H Det=12183	Mon Det=4031996	Aux Det=19693	O+H=49635	 DONE
30/09/2023 17:19:00:	move motor	S18.axis2.piezo rotation to 1.327800deg	 DONE
30/09/2023 17:19:04:	4	count	time	600.000000s/cts	O Det=40538	H Det=12877	Mon Det=4036765	Aux Det=19968	O+H=53415	 DONE
30/09/2023 17:29:17:	move motor	S18.axis2.piezo rotation to 1.328000deg	 DONE
30/09/2023 17:29:21:	5	count	time	600.000000s/cts	O Det=45711	H Det=14153	Mon Det=4047611	Aux Det=19722	O+H=59864	 DONE
30/09/2023 17:39:32:	move motor	S18.axis2.piezo rotation to 1.328200deg	 DONE
30/09/2023 17:39:36:	6	count	time	600.000000s/cts	O Det=51274	H Det=15095	Mon Det=4051294	Aux Det=19743	O+H=66369	 DONE
30/09/2023 17:49:48:	move motor	S18.axis2.piezo rotation to 1.328400deg	 DONE
30/09/2023 17:49:51:	7	count	time	600.000000s/cts	O Det=58510	H Det=16967	Mon Det=4043828	Aux Det=20061	O+H=75477	 DONE
30/09/2023 18:00:05:	move motor	S18.axis2.piezo rotation to 1.328600deg	 DONE
30/09/2023 18:00:08:	8	count	time	600.000000s/cts	O Det=66835	H Det=18416	Mon Det=4039807	Aux Det=20016	O+H=85251	 DONE
30/09/2023 18:10:19:	move motor	S18.axis2.piezo rotation to 1.328800deg	 DONE
30/09/2023 18:10:23:	9	count	time	600.000000s/cts	O Det=77578	H Det=20476	Mon Det=4036066	Aux Det=19843	O+H=98054	 DONE
30/09/2023 18:20:32:	move motor	S18.axis2.piezo rotation to 1.329000deg	 DONE
30/09/2023 18:20:35:	10	count	time	600.000000s/cts	O Det=90069	H Det=22940	Mon Det=4035741	Aux Det=20254	O+H=113009	 DONE
30/09/2023 18:30:44:	move motor	S18.axis2.piezo rotation to 1.329200deg	 DONE
30/09/2023 18:30:48:	11	count	time	600.000000s/cts	O Det=106731	H Det=25965	Mon Det=4031504	Aux Det=20175	O+H=132696	 DONE
30/09/2023 18:40:56:	move motor	S18.axis2.piezo rotation to 1.329400deg	 DONE
30/09/2023 18:41:00:	12	count	time	600.000000s/cts	O Det=131908	H Det=29559	Mon Det=4029185	Aux Det=20421	O+H=161467	 DONE
30/09/2023 18:51:08:	move motor	S18.axis2.piezo rotation to 1.329600deg	 DONE
30/09/2023 18:51:12:	13	count	time	600.000000s/cts	O Det=166099	H Det=34721	Mon Det=4037969	Aux Det=20452	O+H=200820	 DONE
30/09/2023 19:01:24:	move motor	S18.axis2.piezo rotation to 1.329800deg	 DONE
30/09/2023 19:01:27:	14	count	time	600.000000s/cts	O Det=215898	H Det=40400	Mon Det=4038536	Aux Det=20692	O+H=256298	 DONE
30/09/2023 19:11:36:	move motor	S18.axis2.piezo rotation to 1.330000deg	 DONE
30/09/2023 19:11:39:	15	count	time	600.000000s/cts	O Det=288618	H Det=47437	Mon Det=4039111	Aux Det=20709	O+H=336055	 DONE
30/09/2023 19:21:48:	move motor	S18.axis2.piezo rotation to 1.330200deg	 DONE
30/09/2023 19:21:52:	16	count	time	600.000000s/cts	O Det=400383	H Det=55206	Mon Det=4036250	Aux Det=20944	O+H=455589	 DONE
30/09/2023 19:31:59:	move motor	S18.axis2.piezo rotation to 1.330400deg	 DONE
30/09/2023 19:32:02:	17	count	time	600.000000s/cts	O Det=522108	H Det=65697	Mon Det=4040569	Aux Det=21032	O+H=587805	 DONE
30/09/2023 19:42:10:	move motor	S18.axis2.piezo rotation to 1.330600deg	 DONE
30/09/2023 19:42:14:	18	count	time	600.000000s/cts	O Det=624392	H Det=78667	Mon Det=4042745	Aux Det=20901	O+H=703059	 DONE
30/09/2023 19:52:22:	move motor	S18.axis2.piezo rotation to 1.330800deg	 DONE
30/09/2023 19:52:26:	19	count	time	600.000000s/cts	O Det=695421	H Det=104265	Mon Det=4037151	Aux Det=20381	O+H=799686	 DONE
30/09/2023 20:02:38:	move motor	S18.axis2.piezo rotation to 1.331000deg	 DONE
30/09/2023 20:02:42:	20	count	time	600.000000s/cts	O Det=692461	H Det=130432	Mon Det=4036369	Aux Det=20741	O+H=822893	 DONE
30/09/2023 20:12:50:	move motor	S18.axis2.piezo rotation to 1.331200deg	 DONE
30/09/2023 20:12:54:	21	count	time	600.000000s/cts	O Det=633482	H Det=150507	Mon Det=4076601	Aux Det=20943	O+H=783989	 DONE
30/09/2023 20:23:02:	move motor	S18.axis2.piezo rotation to 1.331400deg	 DONE
30/09/2023 20:23:05:	22	count	time	600.000000s/cts	O Det=545537	H Det=150499	Mon Det=4100923	Aux Det=20681	O+H=696036	 DONE
30/09/2023 20:33:13:	move motor	S18.axis2.piezo rotation to 1.331600deg	 DONE
30/09/2023 20:33:16:	23	count	time	600.000000s/cts	O Det=423714	H Det=132229	Mon Det=4098727	Aux Det=20941	O+H=555943	 DONE
30/09/2023 20:43:27:	move motor	S18.axis2.piezo rotation to 1.331800deg	 DONE
30/09/2023 20:43:31:	24	count	time	600.000000s/cts	O Det=332064	H Det=113544	Mon Det=4101726	Aux Det=20826	O+H=445608	 DONE
30/09/2023 20:53:39:	move motor	S18.axis2.piezo rotation to 1.332000deg	 DONE
30/09/2023 20:53:43:	25	count	time	600.000000s/cts	O Det=242770	H Det=90008	Mon Det=4097145	Aux Det=21298	O+H=332778	 DONE
30/09/2023 21:03:54:	move motor	S18.axis2.piezo rotation to 1.332200deg	 DONE
30/09/2023 21:03:57:	26	count	time	600.000000s/cts	O Det=183782	H Det=69855	Mon Det=4099559	Aux Det=20997	O+H=253637	 DONE
30/09/2023 21:14:05:	move motor	S18.axis2.piezo rotation to 1.332400deg	 DONE
30/09/2023 21:14:09:	27	count	time	600.000000s/cts	O Det=148750	H Det=56178	Mon Det=4096689	Aux Det=21045	O+H=204928	 DONE
30/09/2023 21:24:18:	move motor	S18.axis2.piezo rotation to 1.332600deg	 DONE
30/09/2023 21:24:22:	28	count	time	600.000000s/cts	O Det=121830	H Det=45491	Mon Det=4092761	Aux Det=21033	O+H=167321	 DONE
30/09/2023 21:34:31:	move motor	S18.axis2.piezo rotation to 1.332800deg	 DONE
30/09/2023 21:34:34:	29	count	time	600.000000s/cts	O Det=101765	H Det=36764	Mon Det=4095545	Aux Det=20689	O+H=138529	 DONE
30/09/2023 21:44:43:	move motor	S18.axis2.piezo rotation to 1.333000deg	 DONE
30/09/2023 21:44:46:	30	count	time	600.000000s/cts	O Det=87901	H Det=31431	Mon Det=4098074	Aux Det=20639	O+H=119332	 DONE
30/09/2023 21:54:56:	move motor	S18.axis2.piezo rotation to 1.333200deg	 DONE
30/09/2023 21:54:59:	31	count	time	600.000000s/cts	O Det=75802	H Det=26302	Mon Det=4099080	Aux Det=20308	O+H=102104	 DONE
30/09/2023 22:05:10:	move motor	S18.axis2.piezo rotation to 1.333400deg	 DONE
30/09/2023 22:05:14:	32	count	time	600.000000s/cts	O Det=68071	H Det=23207	Mon Det=4100589	Aux Det=20656	O+H=91278	 DONE
30/09/2023 22:15:24:	move motor	S18.axis2.piezo rotation to 1.333600deg	 DONE
30/09/2023 22:15:27:	33	count	time	600.000000s/cts	O Det=60877	H Det=20131	Mon Det=4095054	Aux Det=20638	O+H=81008	 DONE
30/09/2023 22:25:38:	move motor	S18.axis2.piezo rotation to 1.333800deg	 DONE
30/09/2023 22:25:41:	34	count	time	600.000000s/cts	O Det=55342	H Det=18375	Mon Det=4093650	Aux Det=20400	O+H=73717	 DONE
30/09/2023 22:35:51:	move motor	S18.axis2.piezo rotation to 1.334000deg	 DONE
30/09/2023 22:35:55:	35	count	time	600.000000s/cts	O Det=50080	H Det=16554	Mon Det=4096257	Aux Det=20252	O+H=66634	 DONE
30/09/2023 22:46:07:	move motor	S18.axis2.piezo rotation to 1.334200deg	 DONE
30/09/2023 22:46:10:	36	count	time	600.000000s/cts	O Det=46686	H Det=15125	Mon Det=4091454	Aux Det=20559	O+H=61811	 DONE
30/09/2023 22:56:25:	COUNT MODE	standard DONE
30/09/2023 22:56:25:	close file and end scan	saving D:\data\Cycle 192ter\exp_3-16-14\rawdata\temperedSiTest\rockingCam_30Sep1647.tif  DONE
30/09/2023 22:56:26:	END OF SCRIPT	 DONE
