22/09/2023 10:17:35:	start execution of script D:\data\Cycle 192ter\exp_3-16-14\rawdata\sc\rockingL.sc	 DONE
22/09/2023 10:17:36:	create file	D:\data\Cycle 192ter\exp_3-16-14\rawdata\sc\rocking_22Sep1017.dat	 DONE
room to enter remarks DONE
22/09/2023 10:17:37:	move motor	S18.axis2.piezo rotation to 0.146500deg	 DONE
22/09/2023 10:17:40:	1	count	time	5.000000s/cts	O Det=2	H Det=125	Mon Det=30900	Aux Det=6	O+H=127	 DONE
22/09/2023 10:17:47:	move motor	S18.axis2.piezo rotation to 0.146550deg	 DONE
22/09/2023 10:17:51:	2	count	time	5.000000s/cts	O Det=2	H Det=166	Mon Det=30999	Aux Det=5	O+H=168	 DONE
22/09/2023 10:17:58:	move motor	S18.axis2.piezo rotation to 0.146600deg	 DONE
22/09/2023 10:18:02:	3	count	time	5.000000s/cts	O Det=3	H Det=201	Mon Det=30771	Aux Det=6	O+H=204	 DONE
22/09/2023 10:18:09:	move motor	S18.axis2.piezo rotation to 0.146650deg	 DONE
22/09/2023 10:18:13:	4	count	time	5.000000s/cts	O Det=3	H Det=198	Mon Det=31092	Aux Det=9	O+H=201	 DONE
22/09/2023 10:18:20:	move motor	S18.axis2.piezo rotation to 0.146700deg	 DONE
22/09/2023 10:18:24:	5	count	time	5.000000s/cts	O Det=5	H Det=261	Mon Det=30785	Aux Det=8	O+H=266	 DONE
22/09/2023 10:18:32:	move motor	S18.axis2.piezo rotation to 0.146750deg	 DONE
22/09/2023 10:18:35:	6	count	time	5.000000s/cts	O Det=16	H Det=285	Mon Det=31016	Aux Det=19	O+H=301	 DONE
22/09/2023 10:18:43:	move motor	S18.axis2.piezo rotation to 0.146800deg	 DONE
22/09/2023 10:18:46:	7	count	time	5.000000s/cts	O Det=16	H Det=333	Mon Det=31376	Aux Det=17	O+H=349	 DONE
22/09/2023 10:18:54:	move motor	S18.axis2.piezo rotation to 0.146850deg	 DONE
22/09/2023 10:18:57:	8	count	time	5.000000s/cts	O Det=18	H Det=411	Mon Det=30765	Aux Det=31	O+H=429	 DONE
22/09/2023 10:19:05:	move motor	S18.axis2.piezo rotation to 0.146900deg	 DONE
22/09/2023 10:19:08:	9	count	time	5.000000s/cts	O Det=19	H Det=527	Mon Det=31212	Aux Det=16	O+H=546	 DONE
22/09/2023 10:19:16:	move motor	S18.axis2.piezo rotation to 0.146950deg	 DONE
22/09/2023 10:19:19:	10	count	time	5.000000s/cts	O Det=51	H Det=580	Mon Det=30935	Aux Det=37	O+H=631	 DONE
22/09/2023 10:19:27:	move motor	S18.axis2.piezo rotation to 0.147000deg	 DONE
22/09/2023 10:19:30:	11	count	time	5.000000s/cts	O Det=48	H Det=771	Mon Det=30859	Aux Det=45	O+H=819	 DONE
22/09/2023 10:19:38:	move motor	S18.axis2.piezo rotation to 0.147050deg	 DONE
22/09/2023 10:19:41:	12	count	time	5.000000s/cts	O Det=42	H Det=821	Mon Det=31022	Aux Det=52	O+H=863	 DONE
22/09/2023 10:19:48:	move motor	S18.axis2.piezo rotation to 0.147100deg	 DONE
22/09/2023 10:19:52:	13	count	time	5.000000s/cts	O Det=60	H Det=1019	Mon Det=30858	Aux Det=71	O+H=1079	 DONE
22/09/2023 10:19:59:	move motor	S18.axis2.piezo rotation to 0.147150deg	 DONE
22/09/2023 10:20:03:	14	count	time	5.000000s/cts	O Det=66	H Det=1190	Mon Det=31120	Aux Det=68	O+H=1256	 DONE
22/09/2023 10:20:10:	move motor	S18.axis2.piezo rotation to 0.147200deg	 DONE
22/09/2023 10:20:13:	15	count	time	5.000000s/cts	O Det=90	H Det=1265	Mon Det=31223	Aux Det=129	O+H=1355	 DONE
22/09/2023 10:20:21:	move motor	S18.axis2.piezo rotation to 0.147250deg	 DONE
22/09/2023 10:20:24:	16	count	time	5.000000s/cts	O Det=76	H Det=1420	Mon Det=30844	Aux Det=62	O+H=1496	 DONE
22/09/2023 10:20:32:	move motor	S18.axis2.piezo rotation to 0.147300deg	 DONE
22/09/2023 10:20:35:	17	count	time	5.000000s/cts	O Det=76	H Det=1326	Mon Det=30841	Aux Det=109	O+H=1402	 DONE
22/09/2023 10:20:43:	move motor	S18.axis2.piezo rotation to 0.147350deg	 DONE
22/09/2023 10:20:46:	18	count	time	5.000000s/cts	O Det=64	H Det=1272	Mon Det=31208	Aux Det=98	O+H=1336	 DONE
22/09/2023 10:20:54:	move motor	S18.axis2.piezo rotation to 0.147400deg	 DONE
22/09/2023 10:20:57:	19	count	time	5.000000s/cts	O Det=46	H Det=1244	Mon Det=31039	Aux Det=80	O+H=1290	 DONE
22/09/2023 10:21:05:	move motor	S18.axis2.piezo rotation to 0.147450deg	 DONE
22/09/2023 10:21:08:	20	count	time	5.000000s/cts	O Det=47	H Det=1090	Mon Det=31084	Aux Det=46	O+H=1137	 DONE
22/09/2023 10:21:16:	move motor	S18.axis2.piezo rotation to 0.147500deg	 DONE
22/09/2023 10:21:19:	21	count	time	5.000000s/cts	O Det=35	H Det=901	Mon Det=30852	Aux Det=60	O+H=936	 DONE
22/09/2023 10:21:26:	move motor	S18.axis2.piezo rotation to 0.147550deg	 DONE
22/09/2023 10:21:30:	22	count	time	5.000000s/cts	O Det=22	H Det=773	Mon Det=31346	Aux Det=38	O+H=795	 DONE
22/09/2023 10:21:37:	move motor	S18.axis2.piezo rotation to 0.147600deg	 DONE
22/09/2023 10:21:41:	23	count	time	5.000000s/cts	O Det=21	H Det=701	Mon Det=30759	Aux Det=50	O+H=722	 DONE
22/09/2023 10:21:48:	move motor	S18.axis2.piezo rotation to 0.147650deg	 DONE
22/09/2023 10:21:51:	24	count	time	5.000000s/cts	O Det=45	H Det=564	Mon Det=31094	Aux Det=48	O+H=609	 DONE
22/09/2023 10:21:59:	move motor	S18.axis2.piezo rotation to 0.147700deg	 DONE
22/09/2023 10:22:02:	25	count	time	5.000000s/cts	O Det=32	H Det=483	Mon Det=30899	Aux Det=39	O+H=515	 DONE
22/09/2023 10:22:10:	move motor	S18.axis2.piezo rotation to 0.147750deg	 DONE
22/09/2023 10:22:13:	26	count	time	5.000000s/cts	O Det=16	H Det=393	Mon Det=31428	Aux Det=22	O+H=409	 DONE
22/09/2023 10:22:21:	move motor	S18.axis2.piezo rotation to 0.147800deg	 DONE
22/09/2023 10:22:24:	27	count	time	5.000000s/cts	O Det=6	H Det=387	Mon Det=30814	Aux Det=13	O+H=393	 DONE
22/09/2023 10:22:32:	move motor	S18.axis2.piezo rotation to 0.147850deg	 DONE
22/09/2023 10:22:35:	28	count	time	5.000000s/cts	O Det=7	H Det=350	Mon Det=31122	Aux Det=12	O+H=357	 DONE
22/09/2023 10:22:43:	move motor	S18.axis2.piezo rotation to 0.147900deg	 DONE
22/09/2023 10:22:46:	29	count	time	5.000000s/cts	O Det=12	H Det=365	Mon Det=31052	Aux Det=18	O+H=377	 DONE
22/09/2023 10:22:53:	move motor	S18.axis2.piezo rotation to 0.147950deg	 DONE
22/09/2023 10:22:57:	30	count	time	5.000000s/cts	O Det=18	H Det=390	Mon Det=30959	Aux Det=33	O+H=408	 DONE
22/09/2023 10:23:04:	move motor	S18.axis2.piezo rotation to 0.148000deg	 DONE
22/09/2023 10:23:07:	31	count	time	5.000000s/cts	O Det=25	H Det=407	Mon Det=31253	Aux Det=39	O+H=432	 DONE
22/09/2023 10:23:15:	move motor	S18.axis2.piezo rotation to 0.148050deg	 DONE
22/09/2023 10:23:18:	32	count	time	5.000000s/cts	O Det=14	H Det=380	Mon Det=31401	Aux Det=18	O+H=394	 DONE
22/09/2023 10:23:26:	move motor	S18.axis2.piezo rotation to 0.148100deg	 DONE
22/09/2023 10:23:29:	33	count	time	5.000000s/cts	O Det=14	H Det=382	Mon Det=31422	Aux Det=22	O+H=396	 DONE
22/09/2023 10:23:37:	move motor	S18.axis2.piezo rotation to 0.148150deg	 DONE
22/09/2023 10:23:40:	34	count	time	5.000000s/cts	O Det=18	H Det=451	Mon Det=31450	Aux Det=13	O+H=469	 DONE
22/09/2023 10:23:48:	move motor	S18.axis2.piezo rotation to 0.148200deg	 DONE
22/09/2023 10:23:51:	35	count	time	5.000000s/cts	O Det=32	H Det=541	Mon Det=30769	Aux Det=16	O+H=573	 DONE
22/09/2023 10:23:59:	move motor	S18.axis2.piezo rotation to 0.148250deg	 DONE
22/09/2023 10:24:02:	36	count	time	5.000000s/cts	O Det=29	H Det=598	Mon Det=31326	Aux Det=37	O+H=627	 DONE
22/09/2023 10:24:10:	move motor	S18.axis2.piezo rotation to 0.148300deg	 DONE
22/09/2023 10:24:12:	37	count	time	5.000000s/cts	O Det=34	H Det=692	Mon Det=31291	Aux Det=46	O+H=726	 DONE
22/09/2023 10:24:20:	move motor	S18.axis2.piezo rotation to 0.148350deg	 DONE
22/09/2023 10:24:23:	38	count	time	5.000000s/cts	O Det=58	H Det=855	Mon Det=31608	Aux Det=58	O+H=913	 DONE
22/09/2023 10:24:31:	move motor	S18.axis2.piezo rotation to 0.148400deg	 DONE
22/09/2023 10:24:34:	39	count	time	5.000000s/cts	O Det=50	H Det=989	Mon Det=31313	Aux Det=73	O+H=1039	 DONE
22/09/2023 10:24:42:	move motor	S18.axis2.piezo rotation to 0.148450deg	 DONE
22/09/2023 10:24:45:	40	count	time	5.000000s/cts	O Det=65	H Det=1209	Mon Det=31486	Aux Det=85	O+H=1274	 DONE
22/09/2023 10:24:53:	move motor	S18.axis2.piezo rotation to 0.148500deg	 DONE
22/09/2023 10:24:56:	41	count	time	5.000000s/cts	O Det=67	H Det=1270	Mon Det=31206	Aux Det=72	O+H=1337	 DONE
22/09/2023 10:25:04:	move motor	S18.axis2.piezo rotation to 0.148550deg	 DONE
22/09/2023 10:25:07:	42	count	time	5.000000s/cts	O Det=59	H Det=1381	Mon Det=31214	Aux Det=97	O+H=1440	 DONE
22/09/2023 10:25:15:	move motor	S18.axis2.piezo rotation to 0.148600deg	 DONE
22/09/2023 10:25:18:	43	count	time	5.000000s/cts	O Det=55	H Det=1391	Mon Det=31359	Aux Det=58	O+H=1446	 DONE
22/09/2023 10:25:26:	move motor	S18.axis2.piezo rotation to 0.148650deg	 DONE
22/09/2023 10:25:29:	44	count	time	5.000000s/cts	O Det=38	H Det=1285	Mon Det=31359	Aux Det=64	O+H=1323	 DONE
22/09/2023 10:25:37:	move motor	S18.axis2.piezo rotation to 0.148700deg	 DONE
22/09/2023 10:25:40:	45	count	time	5.000000s/cts	O Det=48	H Det=1210	Mon Det=31059	Aux Det=50	O+H=1258	 DONE
22/09/2023 10:25:48:	move motor	S18.axis2.piezo rotation to 0.148750deg	 DONE
22/09/2023 10:25:51:	46	count	time	5.000000s/cts	O Det=24	H Det=1008	Mon Det=31518	Aux Det=41	O+H=1032	 DONE
22/09/2023 10:25:58:	move motor	S18.axis2.piezo rotation to 0.148800deg	 DONE
22/09/2023 10:26:02:	47	count	time	5.000000s/cts	O Det=43	H Det=800	Mon Det=31240	Aux Det=36	O+H=843	 DONE
22/09/2023 10:26:09:	move motor	S18.axis2.piezo rotation to 0.148850deg	 DONE
22/09/2023 10:26:13:	48	count	time	5.000000s/cts	O Det=33	H Det=700	Mon Det=31164	Aux Det=34	O+H=733	 DONE
22/09/2023 10:26:21:	move motor	S18.axis2.piezo rotation to 0.148900deg	 DONE
22/09/2023 10:26:24:	49	count	time	5.000000s/cts	O Det=19	H Det=611	Mon Det=31159	Aux Det=40	O+H=630	 DONE
22/09/2023 10:26:32:	move motor	S18.axis2.piezo rotation to 0.148950deg	 DONE
22/09/2023 10:26:35:	50	count	time	5.000000s/cts	O Det=21	H Det=446	Mon Det=30736	Aux Det=25	O+H=467	 DONE
22/09/2023 10:26:42:	move motor	S18.axis2.piezo rotation to 0.149000deg	 DONE
22/09/2023 10:26:46:	51	count	time	5.000000s/cts	O Det=6	H Det=405	Mon Det=31266	Aux Det=16	O+H=411	 DONE
22/09/2023 10:26:53:	move motor	S18.axis2.piezo rotation to 0.149050deg	 DONE
22/09/2023 10:26:57:	52	count	time	5.000000s/cts	O Det=7	H Det=341	Mon Det=31300	Aux Det=9	O+H=348	 DONE
22/09/2023 10:27:05:	move motor	S18.axis2.piezo rotation to 0.149100deg	 DONE
22/09/2023 10:27:08:	53	count	time	5.000000s/cts	O Det=6	H Det=269	Mon Det=31673	Aux Det=13	O+H=275	 DONE
22/09/2023 10:27:15:	move motor	S18.axis2.piezo rotation to 0.149150deg	 DONE
22/09/2023 10:27:18:	54	count	time	5.000000s/cts	O Det=11	H Det=243	Mon Det=30982	Aux Det=14	O+H=254	 DONE
22/09/2023 10:27:26:	move motor	S18.axis2.piezo rotation to 0.149200deg	 DONE
22/09/2023 10:27:29:	55	count	time	5.000000s/cts	O Det=5	H Det=214	Mon Det=31385	Aux Det=7	O+H=219	 DONE
22/09/2023 10:27:37:	move motor	S18.axis2.piezo rotation to 0.149250deg	 DONE
22/09/2023 10:27:40:	56	count	time	5.000000s/cts	O Det=7	H Det=196	Mon Det=31490	Aux Det=10	O+H=203	 DONE
22/09/2023 10:27:48:	move motor	S18.axis2.piezo rotation to 0.149300deg	 DONE
22/09/2023 10:27:51:	57	count	time	5.000000s/cts	O Det=3	H Det=173	Mon Det=31567	Aux Det=3	O+H=176	 DONE
22/09/2023 10:27:59:	move motor	S18.axis2.piezo rotation to 0.149350deg	 DONE
22/09/2023 10:28:02:	58	count	time	5.000000s/cts	O Det=3	H Det=149	Mon Det=31054	Aux Det=11	O+H=152	 DONE
22/09/2023 10:28:09:	move motor	S18.axis2.piezo rotation to 0.149400deg	 DONE
22/09/2023 10:28:13:	59	count	time	5.000000s/cts	O Det=3	H Det=126	Mon Det=31336	Aux Det=9	O+H=129	 DONE
22/09/2023 10:28:20:	move motor	S18.axis2.piezo rotation to 0.149450deg	 DONE
22/09/2023 10:28:23:	60	count	time	5.000000s/cts	O Det=4	H Det=120	Mon Det=31510	Aux Det=6	O+H=124	 DONE
22/09/2023 10:28:31:	move motor	S18.axis2.piezo rotation to 0.149500deg	 DONE
22/09/2023 10:28:35:	61	count	time	5.000000s/cts	O Det=0	H Det=104	Mon Det=31103	Aux Det=2	O+H=104	 DONE
22/09/2023 10:28:42:	close file and end scan	 DONE
22/09/2023 10:28:43:	move motor	S18.axis2.piezo rotation to fit AUX LPEAK45	0.149510reached 0.14951  DONE
22/09/2023 10:28:44:	END OF SCRIPT	 DONE
