29/08/2023 19:17:01:	start execution of script D:\data\Cycle 192ter\exp_3-16-14\rawdata\sc\rocking.sc	 DONE
29/08/2023 19:17:02:	create file	D:\data\Cycle 192ter\exp_3-16-14\rawdata\sc\rocking_29Aug1917.dat	 DONE
room to enter remarks DONE
29/08/2023 19:17:03:	move motor	S18.axis2.piezo rotation to 0.146300deg	 DONE
29/08/2023 19:17:07:	1	count	time	5.000000s/cts	O Det=4	H Det=91	Mon Det=31429	Aux Det=14	O+H=109	 DONE
29/08/2023 19:17:14:	move motor	S18.axis2.piezo rotation to 0.146350deg	 DONE
29/08/2023 19:17:18:	2	count	time	5.000000s/cts	O Det=3	H Det=117	Mon Det=31293	Aux Det=11	O+H=131	 DONE
29/08/2023 19:17:25:	move motor	S18.axis2.piezo rotation to 0.146400deg	 DONE
29/08/2023 19:17:29:	3	count	time	5.000000s/cts	O Det=4	H Det=99	Mon Det=31689	Aux Det=13	O+H=116	 DONE
29/08/2023 19:17:36:	move motor	S18.axis2.piezo rotation to 0.146450deg	 DONE
29/08/2023 19:17:40:	4	count	time	5.000000s/cts	O Det=3	H Det=136	Mon Det=31718	Aux Det=21	O+H=160	 DONE
29/08/2023 19:17:48:	move motor	S18.axis2.piezo rotation to 0.146500deg	 DONE
29/08/2023 19:17:51:	5	count	time	5.000000s/cts	O Det=9	H Det=151	Mon Det=32378	Aux Det=18	O+H=178	 DONE
29/08/2023 19:17:58:	move motor	S18.axis2.piezo rotation to 0.146550deg	 DONE
29/08/2023 19:18:01:	6	count	time	5.000000s/cts	O Det=10	H Det=179	Mon Det=32037	Aux Det=21	O+H=210	 DONE
29/08/2023 19:18:09:	move motor	S18.axis2.piezo rotation to 0.146600deg	 DONE
29/08/2023 19:18:13:	7	count	time	5.000000s/cts	O Det=9	H Det=192	Mon Det=32676	Aux Det=21	O+H=222	 DONE
29/08/2023 19:18:20:	move motor	S18.axis2.piezo rotation to 0.146650deg	 DONE
29/08/2023 19:18:23:	8	count	time	5.000000s/cts	O Det=16	H Det=228	Mon Det=32523	Aux Det=32	O+H=276	 DONE
29/08/2023 19:18:31:	move motor	S18.axis2.piezo rotation to 0.146700deg	 DONE
29/08/2023 19:18:34:	9	count	time	5.000000s/cts	O Det=22	H Det=294	Mon Det=32462	Aux Det=40	O+H=356	 DONE
29/08/2023 19:18:42:	move motor	S18.axis2.piezo rotation to 0.146750deg	 DONE
29/08/2023 19:18:45:	10	count	time	5.000000s/cts	O Det=27	H Det=329	Mon Det=32337	Aux Det=73	O+H=429	 DONE
29/08/2023 19:18:53:	move motor	S18.axis2.piezo rotation to 0.146800deg	 DONE
29/08/2023 19:18:56:	11	count	time	5.000000s/cts	O Det=32	H Det=338	Mon Det=31954	Aux Det=62	O+H=432	 DONE
29/08/2023 19:19:03:	move motor	S18.axis2.piezo rotation to 0.146850deg	 DONE
29/08/2023 19:19:07:	12	count	time	5.000000s/cts	O Det=37	H Det=386	Mon Det=31985	Aux Det=107	O+H=530	 DONE
29/08/2023 19:19:15:	move motor	S18.axis2.piezo rotation to 0.146900deg	 DONE
29/08/2023 19:19:18:	13	count	time	5.000000s/cts	O Det=58	H Det=514	Mon Det=32321	Aux Det=141	O+H=713	 DONE
29/08/2023 19:19:26:	move motor	S18.axis2.piezo rotation to 0.146950deg	 DONE
29/08/2023 19:19:29:	14	count	time	5.000000s/cts	O Det=91	H Det=518	Mon Det=31635	Aux Det=211	O+H=820	 DONE
29/08/2023 19:19:36:	move motor	S18.axis2.piezo rotation to 0.147000deg	 DONE
29/08/2023 19:19:40:	15	count	time	5.000000s/cts	O Det=97	H Det=608	Mon Det=30982	Aux Det=289	O+H=994	 DONE
29/08/2023 19:19:47:	move motor	S18.axis2.piezo rotation to 0.147050deg	 DONE
29/08/2023 19:19:51:	16	count	time	5.000000s/cts	O Det=134	H Det=653	Mon Det=31671	Aux Det=370	O+H=1157	 DONE
29/08/2023 19:19:58:	move motor	S18.axis2.piezo rotation to 0.147100deg	 DONE
29/08/2023 19:20:02:	17	count	time	5.000000s/cts	O Det=132	H Det=784	Mon Det=31497	Aux Det=451	O+H=1367	 DONE
29/08/2023 19:20:10:	move motor	S18.axis2.piezo rotation to 0.147150deg	 DONE
29/08/2023 19:20:13:	18	count	time	5.000000s/cts	O Det=170	H Det=738	Mon Det=31741	Aux Det=487	O+H=1395	 DONE
29/08/2023 19:20:20:	move motor	S18.axis2.piezo rotation to 0.147200deg	 DONE
29/08/2023 19:20:24:	19	count	time	5.000000s/cts	O Det=131	H Det=803	Mon Det=31468	Aux Det=488	O+H=1422	 DONE
29/08/2023 19:20:31:	move motor	S18.axis2.piezo rotation to 0.147250deg	 DONE
29/08/2023 19:20:35:	20	count	time	5.000000s/cts	O Det=162	H Det=723	Mon Det=31620	Aux Det=575	O+H=1460	 DONE
29/08/2023 19:20:42:	move motor	S18.axis2.piezo rotation to 0.147300deg	 DONE
29/08/2023 19:20:46:	21	count	time	5.000000s/cts	O Det=170	H Det=682	Mon Det=31377	Aux Det=549	O+H=1401	 DONE
29/08/2023 19:20:53:	move motor	S18.axis2.piezo rotation to 0.147350deg	 DONE
29/08/2023 19:20:57:	22	count	time	5.000000s/cts	O Det=144	H Det=593	Mon Det=31611	Aux Det=494	O+H=1231	 DONE
29/08/2023 19:21:04:	move motor	S18.axis2.piezo rotation to 0.147400deg	 DONE
29/08/2023 19:21:08:	23	count	time	5.000000s/cts	O Det=125	H Det=623	Mon Det=31435	Aux Det=424	O+H=1172	 DONE
29/08/2023 19:21:16:	move motor	S18.axis2.piezo rotation to 0.147450deg	 DONE
29/08/2023 19:21:19:	24	count	time	5.000000s/cts	O Det=95	H Det=480	Mon Det=31637	Aux Det=326	O+H=901	 DONE
29/08/2023 19:21:27:	move motor	S18.axis2.piezo rotation to 0.147500deg	 DONE
29/08/2023 19:21:30:	25	count	time	5.000000s/cts	O Det=97	H Det=453	Mon Det=32504	Aux Det=236	O+H=786	 DONE
29/08/2023 19:21:38:	move motor	S18.axis2.piezo rotation to 0.147550deg	 DONE
29/08/2023 19:21:41:	26	count	time	5.000000s/cts	O Det=73	H Det=432	Mon Det=31880	Aux Det=231	O+H=736	 DONE
29/08/2023 19:21:49:	move motor	S18.axis2.piezo rotation to 0.147600deg	 DONE
29/08/2023 19:21:52:	27	count	time	5.000000s/cts	O Det=50	H Det=403	Mon Det=31260	Aux Det=140	O+H=593	 DONE
29/08/2023 19:22:00:	move motor	S18.axis2.piezo rotation to 0.147650deg	 DONE
29/08/2023 19:22:03:	28	count	time	5.000000s/cts	O Det=45	H Det=401	Mon Det=31608	Aux Det=99	O+H=545	 DONE
29/08/2023 19:22:11:	move motor	S18.axis2.piezo rotation to 0.147700deg	 DONE
29/08/2023 19:22:14:	29	count	time	5.000000s/cts	O Det=24	H Det=332	Mon Det=31863	Aux Det=58	O+H=414	 DONE
29/08/2023 19:22:22:	move motor	S18.axis2.piezo rotation to 0.147750deg	 DONE
29/08/2023 19:22:25:	30	count	time	5.000000s/cts	O Det=15	H Det=357	Mon Det=32150	Aux Det=41	O+H=413	 DONE
29/08/2023 19:22:32:	move motor	S18.axis2.piezo rotation to 0.147800deg	 DONE
29/08/2023 19:22:35:	31	count	time	5.000000s/cts	O Det=18	H Det=338	Mon Det=31752	Aux Det=45	O+H=401	 DONE
29/08/2023 19:22:43:	move motor	S18.axis2.piezo rotation to 0.147850deg	 DONE
29/08/2023 19:22:46:	32	count	time	5.000000s/cts	O Det=16	H Det=312	Mon Det=32098	Aux Det=38	O+H=366	 DONE
29/08/2023 19:22:54:	move motor	S18.axis2.piezo rotation to 0.147900deg	 DONE
29/08/2023 19:22:57:	33	count	time	5.000000s/cts	O Det=32	H Det=366	Mon Det=32389	Aux Det=70	O+H=468	 DONE
29/08/2023 19:23:05:	move motor	S18.axis2.piezo rotation to 0.147950deg	 DONE
29/08/2023 19:23:08:	34	count	time	5.000000s/cts	O Det=24	H Det=353	Mon Det=32167	Aux Det=53	O+H=430	 DONE
29/08/2023 19:23:16:	move motor	S18.axis2.piezo rotation to 0.148000deg	 DONE
29/08/2023 19:23:19:	35	count	time	5.000000s/cts	O Det=17	H Det=379	Mon Det=32518	Aux Det=58	O+H=454	 DONE
29/08/2023 19:23:27:	move motor	S18.axis2.piezo rotation to 0.148050deg	 DONE
29/08/2023 19:23:30:	36	count	time	5.000000s/cts	O Det=21	H Det=362	Mon Det=32261	Aux Det=52	O+H=435	 DONE
29/08/2023 19:23:38:	move motor	S18.axis2.piezo rotation to 0.148100deg	 DONE
29/08/2023 19:23:41:	37	count	time	5.000000s/cts	O Det=26	H Det=375	Mon Det=32382	Aux Det=67	O+H=468	 DONE
29/08/2023 19:23:49:	move motor	S18.axis2.piezo rotation to 0.148150deg	 DONE
29/08/2023 19:23:52:	38	count	time	5.000000s/cts	O Det=23	H Det=404	Mon Det=32100	Aux Det=107	O+H=534	 DONE
29/08/2023 19:24:00:	move motor	S18.axis2.piezo rotation to 0.148200deg	 DONE
29/08/2023 19:24:03:	39	count	time	5.000000s/cts	O Det=45	H Det=516	Mon Det=31726	Aux Det=140	O+H=701	 DONE
29/08/2023 19:24:11:	move motor	S18.axis2.piezo rotation to 0.148250deg	 DONE
29/08/2023 19:24:14:	40	count	time	5.000000s/cts	O Det=61	H Det=589	Mon Det=31999	Aux Det=219	O+H=869	 DONE
29/08/2023 19:24:22:	move motor	S18.axis2.piezo rotation to 0.148300deg	 DONE
29/08/2023 19:24:25:	41	count	time	5.000000s/cts	O Det=74	H Det=680	Mon Det=30993	Aux Det=280	O+H=1034	 DONE
29/08/2023 19:24:33:	close file and end scan	 DONE
29/08/2023 19:24:33:	move motor	S18.axis2.piezo rotation to fit AUX PEAK65	0.147254reached 0.14725  DONE
29/08/2023 19:24:36:	END OF SCRIPT	 DONE
