28/08/2023 10:00:19:	start execution of script D:\data\Cycle 192ter\exp_3-16-14\rawdata\sc\rocking.sc	 DONE
28/08/2023 10:00:20:	create file	D:\data\Cycle 192ter\exp_3-16-14\rawdata\sc\rocking_28Aug1000.dat	 DONE
room to enter remarks DONE
28/08/2023 10:00:21:	move motor	S18.axis2.piezo rotation to 0.147200deg	 DONE
28/08/2023 10:00:25:	1	count	time	5.000000s/cts	O Det=67	H Det=1124	Mon Det=29608	Aux Det=96	O+H=1287	 DONE
28/08/2023 10:00:33:	move motor	S18.axis2.piezo rotation to 0.147250deg	 DONE
28/08/2023 10:00:36:	2	count	time	5.000000s/cts	O Det=93	H Det=1039	Mon Det=29446	Aux Det=175	O+H=1307	 DONE
28/08/2023 10:00:43:	move motor	S18.axis2.piezo rotation to 0.147300deg	 DONE
28/08/2023 10:00:47:	3	count	time	5.000000s/cts	O Det=78	H Det=1293	Mon Det=29846	Aux Det=150	O+H=1521	 DONE
28/08/2023 10:00:54:	move motor	S18.axis2.piezo rotation to 0.147350deg	 DONE
28/08/2023 10:00:58:	4	count	time	5.000000s/cts	O Det=69	H Det=1432	Mon Det=29341	Aux Det=85	O+H=1586	 DONE
28/08/2023 10:01:05:	move motor	S18.axis2.piezo rotation to 0.147400deg	 DONE
28/08/2023 10:01:08:	5	count	time	5.000000s/cts	O Det=73	H Det=1417	Mon Det=29599	Aux Det=49	O+H=1539	 DONE
28/08/2023 10:01:16:	move motor	S18.axis2.piezo rotation to 0.147450deg	 DONE
28/08/2023 10:01:19:	6	count	time	5.000000s/cts	O Det=53	H Det=1280	Mon Det=29323	Aux Det=73	O+H=1406	 DONE
28/08/2023 10:01:27:	move motor	S18.axis2.piezo rotation to 0.147500deg	 DONE
28/08/2023 10:01:30:	7	count	time	5.000000s/cts	O Det=44	H Det=1178	Mon Det=29268	Aux Det=81	O+H=1303	 DONE
28/08/2023 10:01:38:	move motor	S18.axis2.piezo rotation to 0.147550deg	 DONE
28/08/2023 10:01:41:	8	count	time	5.000000s/cts	O Det=23	H Det=1012	Mon Det=29201	Aux Det=41	O+H=1076	 DONE
28/08/2023 10:01:49:	move motor	S18.axis2.piezo rotation to 0.147600deg	 DONE
28/08/2023 10:01:52:	9	count	time	5.000000s/cts	O Det=26	H Det=787	Mon Det=29222	Aux Det=69	O+H=882	 DONE
28/08/2023 10:02:00:	move motor	S18.axis2.piezo rotation to 0.147650deg	 DONE
28/08/2023 10:02:03:	10	count	time	5.000000s/cts	O Det=28	H Det=710	Mon Det=29609	Aux Det=33	O+H=771	 DONE
28/08/2023 10:02:10:	move motor	S18.axis2.piezo rotation to 0.147700deg	 DONE
28/08/2023 10:02:14:	11	count	time	5.000000s/cts	O Det=23	H Det=634	Mon Det=29387	Aux Det=34	O+H=691	 DONE
28/08/2023 10:02:21:	move motor	S18.axis2.piezo rotation to 0.147750deg	 DONE
28/08/2023 10:02:24:	12	count	time	5.000000s/cts	O Det=16	H Det=555	Mon Det=29494	Aux Det=19	O+H=590	 DONE
28/08/2023 10:02:32:	move motor	S18.axis2.piezo rotation to 0.147800deg	 DONE
28/08/2023 10:02:35:	13	count	time	5.000000s/cts	O Det=13	H Det=444	Mon Det=29207	Aux Det=24	O+H=481	 DONE
28/08/2023 10:02:43:	move motor	S18.axis2.piezo rotation to 0.147850deg	 DONE
28/08/2023 10:02:46:	14	count	time	5.000000s/cts	O Det=9	H Det=419	Mon Det=29533	Aux Det=17	O+H=445	 DONE
28/08/2023 10:02:54:	move motor	S18.axis2.piezo rotation to 0.147900deg	 DONE
28/08/2023 10:02:58:	15	count	time	5.000000s/cts	O Det=9	H Det=372	Mon Det=29575	Aux Det=15	O+H=396	 DONE
28/08/2023 10:03:05:	move motor	S18.axis2.piezo rotation to 0.147950deg	 DONE
28/08/2023 10:03:09:	16	count	time	5.000000s/cts	O Det=11	H Det=336	Mon Det=29860	Aux Det=15	O+H=362	 DONE
28/08/2023 10:03:16:	move motor	S18.axis2.piezo rotation to 0.148000deg	 DONE
28/08/2023 10:03:19:	17	count	time	5.000000s/cts	O Det=14	H Det=375	Mon Det=29719	Aux Det=18	O+H=407	 DONE
28/08/2023 10:03:27:	move motor	S18.axis2.piezo rotation to 0.148050deg	 DONE
28/08/2023 10:03:30:	18	count	time	5.000000s/cts	O Det=17	H Det=451	Mon Det=29479	Aux Det=23	O+H=491	 DONE
28/08/2023 10:03:38:	move motor	S18.axis2.piezo rotation to 0.148100deg	 DONE
28/08/2023 10:03:41:	19	count	time	5.000000s/cts	O Det=14	H Det=401	Mon Det=29268	Aux Det=17	O+H=432	 DONE
28/08/2023 10:03:49:	move motor	S18.axis2.piezo rotation to 0.148150deg	 DONE
28/08/2023 10:03:52:	20	count	time	5.000000s/cts	O Det=13	H Det=399	Mon Det=29518	Aux Det=15	O+H=427	 DONE
28/08/2023 10:04:00:	move motor	S18.axis2.piezo rotation to 0.148200deg	 DONE
28/08/2023 10:04:03:	21	count	time	5.000000s/cts	O Det=11	H Det=409	Mon Det=29414	Aux Det=16	O+H=436	 DONE
28/08/2023 10:04:10:	move motor	S18.axis2.piezo rotation to 0.148250deg	 DONE
28/08/2023 10:04:14:	22	count	time	5.000000s/cts	O Det=21	H Det=433	Mon Det=29827	Aux Det=22	O+H=476	 DONE
28/08/2023 10:04:21:	move motor	S18.axis2.piezo rotation to 0.148300deg	 DONE
28/08/2023 10:04:24:	23	count	time	5.000000s/cts	O Det=38	H Det=635	Mon Det=29649	Aux Det=21	O+H=694	 DONE
28/08/2023 10:04:32:	move motor	S18.axis2.piezo rotation to 0.148350deg	 DONE
28/08/2023 10:04:35:	24	count	time	5.000000s/cts	O Det=35	H Det=678	Mon Det=29386	Aux Det=35	O+H=748	 DONE
28/08/2023 10:04:43:	move motor	S18.axis2.piezo rotation to 0.148400deg	 DONE
28/08/2023 10:04:46:	25	count	time	5.000000s/cts	O Det=50	H Det=873	Mon Det=29144	Aux Det=48	O+H=971	 DONE
28/08/2023 10:04:54:	move motor	S18.axis2.piezo rotation to 0.148450deg	 DONE
28/08/2023 10:04:57:	26	count	time	5.000000s/cts	O Det=70	H Det=1005	Mon Det=29763	Aux Det=58	O+H=1133	 DONE
28/08/2023 10:05:04:	move motor	S18.axis2.piezo rotation to 0.148500deg	 DONE
28/08/2023 10:05:08:	27	count	time	5.000000s/cts	O Det=66	H Det=1145	Mon Det=29958	Aux Det=68	O+H=1279	 DONE
28/08/2023 10:05:16:	move motor	S18.axis2.piezo rotation to 0.148550deg	 DONE
28/08/2023 10:05:19:	28	count	time	5.000000s/cts	O Det=51	H Det=1240	Mon Det=29169	Aux Det=78	O+H=1369	 DONE
28/08/2023 10:05:26:	move motor	S18.axis2.piezo rotation to 0.148600deg	 DONE
28/08/2023 10:05:29:	29	count	time	5.000000s/cts	O Det=80	H Det=1374	Mon Det=29454	Aux Det=61	O+H=1515	 DONE
28/08/2023 10:05:37:	move motor	S18.axis2.piezo rotation to 0.148650deg	 DONE
28/08/2023 10:05:40:	30	count	time	5.000000s/cts	O Det=61	H Det=1319	Mon Det=29508	Aux Det=73	O+H=1453	 DONE
28/08/2023 10:05:48:	move motor	S18.axis2.piezo rotation to 0.148700deg	 DONE
28/08/2023 10:05:51:	31	count	time	5.000000s/cts	O Det=48	H Det=1261	Mon Det=29582	Aux Det=79	O+H=1388	 DONE
28/08/2023 10:05:59:	move motor	S18.axis2.piezo rotation to 0.148750deg	 DONE
28/08/2023 10:06:02:	32	count	time	5.000000s/cts	O Det=66	H Det=1221	Mon Det=29801	Aux Det=67	O+H=1354	 DONE
28/08/2023 10:06:10:	move motor	S18.axis2.piezo rotation to 0.148800deg	 DONE
28/08/2023 10:06:13:	33	count	time	5.000000s/cts	O Det=43	H Det=1021	Mon Det=29277	Aux Det=75	O+H=1139	 DONE
28/08/2023 10:06:21:	move motor	S18.axis2.piezo rotation to 0.148850deg	 DONE
28/08/2023 10:06:24:	34	count	time	5.000000s/cts	O Det=43	H Det=893	Mon Det=29183	Aux Det=45	O+H=981	 DONE
28/08/2023 10:06:32:	move motor	S18.axis2.piezo rotation to 0.148900deg	 DONE
28/08/2023 10:06:35:	35	count	time	5.000000s/cts	O Det=28	H Det=726	Mon Det=29718	Aux Det=39	O+H=793	 DONE
28/08/2023 10:06:42:	move motor	S18.axis2.piezo rotation to 0.148950deg	 DONE
28/08/2023 10:06:45:	36	count	time	5.000000s/cts	O Det=34	H Det=604	Mon Det=29685	Aux Det=25	O+H=663	 DONE
28/08/2023 10:06:53:	move motor	S18.axis2.piezo rotation to 0.149000deg	 DONE
28/08/2023 10:06:56:	37	count	time	5.000000s/cts	O Det=14	H Det=504	Mon Det=29881	Aux Det=20	O+H=538	 DONE
28/08/2023 10:07:04:	move motor	S18.axis2.piezo rotation to 0.149050deg	 DONE
28/08/2023 10:07:07:	38	count	time	5.000000s/cts	O Det=17	H Det=439	Mon Det=28997	Aux Det=20	O+H=476	 DONE
28/08/2023 10:07:15:	move motor	S18.axis2.piezo rotation to 0.149100deg	 DONE
28/08/2023 10:07:18:	39	count	time	5.000000s/cts	O Det=13	H Det=344	Mon Det=29655	Aux Det=11	O+H=368	 DONE
28/08/2023 10:07:26:	move motor	S18.axis2.piezo rotation to 0.149150deg	 DONE
28/08/2023 10:07:29:	40	count	time	5.000000s/cts	O Det=7	H Det=307	Mon Det=29599	Aux Det=10	O+H=324	 DONE
28/08/2023 10:07:37:	move motor	S18.axis2.piezo rotation to 0.149200deg	 DONE
28/08/2023 10:07:40:	41	count	time	5.000000s/cts	O Det=4	H Det=247	Mon Det=29131	Aux Det=16	O+H=267	 DONE
28/08/2023 10:07:48:	close file and end scan	 DONE
28/08/2023 10:07:49:	move motor	S18.axis2.piezo rotation to fit AUX PEAK65	NaNreached 0.14920  DONE
28/08/2023 10:07:54:	END OF SCRIPT	 DONE
