29/08/2023 11:59:43:	start execution of script D:\data\Cycle 192ter\exp_3-16-14\rawdata\sc\rocking.sc	 DONE
29/08/2023 11:59:44:	create file	D:\data\Cycle 192ter\exp_3-16-14\rawdata\sc\rocking_29Aug1159.dat	 DONE
room to enter remarks DONE
29/08/2023 11:59:45:	move motor	S18.axis2.piezo rotation to 0.146300deg	 DONE
29/08/2023 11:59:49:	1	count	time	5.000000s/cts	O Det=6	H Det=133	Mon Det=30455	Aux Det=6	O+H=145	 DONE
29/08/2023 11:59:57:	move motor	S18.axis2.piezo rotation to 0.146350deg	 DONE
29/08/2023 12:00:00:	2	count	time	5.000000s/cts	O Det=9	H Det=159	Mon Det=30507	Aux Det=12	O+H=180	 DONE
29/08/2023 12:00:08:	move motor	S18.axis2.piezo rotation to 0.146400deg	 DONE
29/08/2023 12:00:11:	3	count	time	5.000000s/cts	O Det=8	H Det=197	Mon Det=30462	Aux Det=11	O+H=216	 DONE
29/08/2023 12:00:18:	move motor	S18.axis2.piezo rotation to 0.146450deg	 DONE
29/08/2023 12:00:22:	4	count	time	5.000000s/cts	O Det=11	H Det=178	Mon Det=30412	Aux Det=23	O+H=212	 DONE
29/08/2023 12:00:29:	move motor	S18.axis2.piezo rotation to 0.146500deg	 DONE
29/08/2023 12:00:33:	5	count	time	5.000000s/cts	O Det=13	H Det=226	Mon Det=30303	Aux Det=25	O+H=264	 DONE
29/08/2023 12:00:40:	move motor	S18.axis2.piezo rotation to 0.146550deg	 DONE
29/08/2023 12:00:44:	6	count	time	5.000000s/cts	O Det=13	H Det=231	Mon Det=30605	Aux Det=29	O+H=273	 DONE
29/08/2023 12:00:51:	move motor	S18.axis2.piezo rotation to 0.146600deg	 DONE
29/08/2023 12:00:55:	7	count	time	5.000000s/cts	O Det=25	H Det=261	Mon Det=30613	Aux Det=37	O+H=323	 DONE
29/08/2023 12:01:02:	move motor	S18.axis2.piezo rotation to 0.146650deg	 DONE
29/08/2023 12:01:05:	8	count	time	5.000000s/cts	O Det=26	H Det=337	Mon Det=31871	Aux Det=37	O+H=400	 DONE
29/08/2023 12:01:13:	move motor	S18.axis2.piezo rotation to 0.146700deg	 DONE
29/08/2023 12:01:16:	9	count	time	5.000000s/cts	O Det=32	H Det=389	Mon Det=31728	Aux Det=60	O+H=481	 DONE
29/08/2023 12:01:24:	move motor	S18.axis2.piezo rotation to 0.146750deg	 DONE
29/08/2023 12:01:27:	10	count	time	5.000000s/cts	O Det=35	H Det=433	Mon Det=31729	Aux Det=75	O+H=543	 DONE
29/08/2023 12:01:35:	move motor	S18.axis2.piezo rotation to 0.146800deg	 DONE
29/08/2023 12:01:38:	11	count	time	5.000000s/cts	O Det=68	H Det=476	Mon Det=31681	Aux Det=92	O+H=636	 DONE
29/08/2023 12:01:46:	move motor	S18.axis2.piezo rotation to 0.146850deg	 DONE
29/08/2023 12:01:49:	12	count	time	5.000000s/cts	O Det=66	H Det=567	Mon Det=31738	Aux Det=126	O+H=759	 DONE
29/08/2023 12:01:56:	move motor	S18.axis2.piezo rotation to 0.146900deg	 DONE
29/08/2023 12:02:00:	13	count	time	5.000000s/cts	O Det=102	H Det=705	Mon Det=31778	Aux Det=177	O+H=984	 DONE
29/08/2023 12:02:08:	move motor	S18.axis2.piezo rotation to 0.146950deg	 DONE
29/08/2023 12:02:11:	14	count	time	5.000000s/cts	O Det=109	H Det=797	Mon Det=31702	Aux Det=215	O+H=1121	 DONE
29/08/2023 12:02:19:	move motor	S18.axis2.piezo rotation to 0.147000deg	 DONE
29/08/2023 12:02:22:	15	count	time	5.000000s/cts	O Det=127	H Det=975	Mon Det=31732	Aux Det=248	O+H=1350	 DONE
29/08/2023 12:02:29:	move motor	S18.axis2.piezo rotation to 0.147050deg	 DONE
29/08/2023 12:02:32:	16	count	time	5.000000s/cts	O Det=127	H Det=1058	Mon Det=31845	Aux Det=211	O+H=1396	 DONE
29/08/2023 12:02:40:	move motor	S18.axis2.piezo rotation to 0.147100deg	 DONE
29/08/2023 12:02:43:	17	count	time	5.000000s/cts	O Det=114	H Det=1075	Mon Det=32086	Aux Det=241	O+H=1430	 DONE
29/08/2023 12:02:51:	move motor	S18.axis2.piezo rotation to 0.147150deg	 DONE
29/08/2023 12:02:54:	18	count	time	5.000000s/cts	O Det=128	H Det=1069	Mon Det=31810	Aux Det=246	O+H=1443	 DONE
29/08/2023 12:03:02:	move motor	S18.axis2.piezo rotation to 0.147200deg	 DONE
29/08/2023 12:03:05:	19	count	time	5.000000s/cts	O Det=106	H Det=1174	Mon Det=31636	Aux Det=247	O+H=1527	 DONE
29/08/2023 12:03:13:	move motor	S18.axis2.piezo rotation to 0.147250deg	 DONE
29/08/2023 12:03:16:	20	count	time	5.000000s/cts	O Det=104	H Det=998	Mon Det=32031	Aux Det=261	O+H=1363	 DONE
29/08/2023 12:03:24:	move motor	S18.axis2.piezo rotation to 0.147300deg	 DONE
29/08/2023 12:03:28:	21	count	time	5.000000s/cts	O Det=85	H Det=867	Mon Det=31877	Aux Det=175	O+H=1127	 DONE
29/08/2023 12:03:35:	move motor	S18.axis2.piezo rotation to 0.147350deg	 DONE
29/08/2023 12:03:39:	22	count	time	5.000000s/cts	O Det=84	H Det=791	Mon Det=32005	Aux Det=186	O+H=1061	 DONE
29/08/2023 12:03:46:	move motor	S18.axis2.piezo rotation to 0.147400deg	 DONE
29/08/2023 12:03:49:	23	count	time	5.000000s/cts	O Det=66	H Det=655	Mon Det=31460	Aux Det=110	O+H=831	 DONE
29/08/2023 12:03:57:	move motor	S18.axis2.piezo rotation to 0.147450deg	 DONE
29/08/2023 12:04:00:	24	count	time	5.000000s/cts	O Det=58	H Det=590	Mon Det=31526	Aux Det=118	O+H=766	 DONE
29/08/2023 12:04:08:	move motor	S18.axis2.piezo rotation to 0.147500deg	 DONE
29/08/2023 12:04:11:	25	count	time	5.000000s/cts	O Det=46	H Det=532	Mon Det=31687	Aux Det=84	O+H=662	 DONE
29/08/2023 12:04:19:	move motor	S18.axis2.piezo rotation to 0.147550deg	 DONE
29/08/2023 12:04:22:	26	count	time	5.000000s/cts	O Det=34	H Det=466	Mon Det=28505	Aux Det=63	O+H=563	 DONE
29/08/2023 12:04:30:	move motor	S18.axis2.piezo rotation to 0.147600deg	 DONE
29/08/2023 12:04:33:	27	count	time	5.000000s/cts	O Det=19	H Det=376	Mon Det=30735	Aux Det=36	O+H=431	 DONE
29/08/2023 12:04:41:	move motor	S18.axis2.piezo rotation to 0.147650deg	 DONE
29/08/2023 12:04:44:	28	count	time	5.000000s/cts	O Det=22	H Det=301	Mon Det=30799	Aux Det=38	O+H=361	 DONE
29/08/2023 12:04:51:	move motor	S18.axis2.piezo rotation to 0.147700deg	 DONE
29/08/2023 12:04:55:	29	count	time	5.000000s/cts	O Det=13	H Det=364	Mon Det=30842	Aux Det=21	O+H=398	 DONE
29/08/2023 12:05:02:	move motor	S18.axis2.piezo rotation to 0.147750deg	 DONE
29/08/2023 12:05:06:	30	count	time	5.000000s/cts	O Det=15	H Det=360	Mon Det=30919	Aux Det=25	O+H=400	 DONE
29/08/2023 12:05:13:	move motor	S18.axis2.piezo rotation to 0.147800deg	 DONE
29/08/2023 12:05:16:	31	count	time	5.000000s/cts	O Det=26	H Det=395	Mon Det=30657	Aux Det=26	O+H=447	 DONE
29/08/2023 12:05:24:	move motor	S18.axis2.piezo rotation to 0.147850deg	 DONE
29/08/2023 12:05:28:	32	count	time	5.000000s/cts	O Det=23	H Det=384	Mon Det=30905	Aux Det=41	O+H=448	 DONE
29/08/2023 12:05:35:	move motor	S18.axis2.piezo rotation to 0.147900deg	 DONE
29/08/2023 12:05:38:	33	count	time	5.000000s/cts	O Det=18	H Det=366	Mon Det=30530	Aux Det=25	O+H=409	 DONE
29/08/2023 12:05:46:	move motor	S18.axis2.piezo rotation to 0.147950deg	 DONE
29/08/2023 12:05:49:	34	count	time	5.000000s/cts	O Det=24	H Det=417	Mon Det=31080	Aux Det=29	O+H=470	 DONE
29/08/2023 12:05:57:	move motor	S18.axis2.piezo rotation to 0.148000deg	 DONE
29/08/2023 12:06:00:	35	count	time	5.000000s/cts	O Det=29	H Det=406	Mon Det=30741	Aux Det=38	O+H=473	 DONE
29/08/2023 12:06:08:	move motor	S18.axis2.piezo rotation to 0.148050deg	 DONE
29/08/2023 12:06:11:	36	count	time	5.000000s/cts	O Det=39	H Det=448	Mon Det=30610	Aux Det=60	O+H=547	 DONE
29/08/2023 12:06:19:	move motor	S18.axis2.piezo rotation to 0.148100deg	 DONE
29/08/2023 12:06:22:	37	count	time	5.000000s/cts	O Det=52	H Det=525	Mon Det=30507	Aux Det=81	O+H=658	 DONE
29/08/2023 12:06:30:	move motor	S18.axis2.piezo rotation to 0.148150deg	 DONE
29/08/2023 12:06:34:	38	count	time	5.000000s/cts	O Det=56	H Det=662	Mon Det=30636	Aux Det=90	O+H=808	 DONE
29/08/2023 12:06:41:	move motor	S18.axis2.piezo rotation to 0.148200deg	 DONE
29/08/2023 12:06:44:	39	count	time	5.000000s/cts	O Det=99	H Det=783	Mon Det=30468	Aux Det=148	O+H=1030	 DONE
29/08/2023 12:06:52:	move motor	S18.axis2.piezo rotation to 0.148250deg	 DONE
29/08/2023 12:06:55:	40	count	time	5.000000s/cts	O Det=89	H Det=842	Mon Det=30756	Aux Det=182	O+H=1113	 DONE
29/08/2023 12:07:03:	move motor	S18.axis2.piezo rotation to 0.148300deg	 DONE
29/08/2023 12:07:06:	41	count	time	5.000000s/cts	O Det=115	H Det=963	Mon Det=30763	Aux Det=224	O+H=1302	 DONE
29/08/2023 12:07:14:	close file and end scan	 DONE
29/08/2023 12:07:15:	move motor	S18.axis2.piezo rotation to fit AUX PEAK65	0.147126reached 0.14708  DONE
29/08/2023 12:07:17:	END OF SCRIPT	 DONE
