29/08/2023 10:45:36:	start execution of script D:\data\Cycle 192ter\exp_3-16-14\rawdata\sc\rocking.sc	 DONE
29/08/2023 10:45:37:	create file	D:\data\Cycle 192ter\exp_3-16-14\rawdata\sc\rocking_29Aug1045.dat	 DONE
room to enter remarks DONE
29/08/2023 10:45:38:	move motor	S18.axis2.piezo rotation to 0.146300deg	 DONE
29/08/2023 10:45:42:	1	count	time	5.000000s/cts	O Det=5	H Det=125	Mon Det=31704	Aux Det=14	O+H=144	 DONE
29/08/2023 10:45:50:	move motor	S18.axis2.piezo rotation to 0.146350deg	 DONE
29/08/2023 10:45:53:	2	count	time	5.000000s/cts	O Det=4	H Det=143	Mon Det=31520	Aux Det=18	O+H=165	 DONE
29/08/2023 10:46:01:	move motor	S18.axis2.piezo rotation to 0.146400deg	 DONE
29/08/2023 10:46:04:	3	count	time	5.000000s/cts	O Det=11	H Det=146	Mon Det=29954	Aux Det=18	O+H=175	 DONE
29/08/2023 10:46:11:	move motor	S18.axis2.piezo rotation to 0.146450deg	 DONE
29/08/2023 10:46:15:	4	count	time	5.000000s/cts	O Det=11	H Det=167	Mon Det=31782	Aux Det=14	O+H=192	 DONE
29/08/2023 10:46:22:	move motor	S18.axis2.piezo rotation to 0.146500deg	 DONE
29/08/2023 10:46:26:	5	count	time	5.000000s/cts	O Det=24	H Det=212	Mon Det=31791	Aux Det=33	O+H=269	 DONE
29/08/2023 10:46:33:	move motor	S18.axis2.piezo rotation to 0.146550deg	 DONE
29/08/2023 10:46:36:	6	count	time	5.000000s/cts	O Det=22	H Det=236	Mon Det=31539	Aux Det=30	O+H=288	 DONE
29/08/2023 10:46:44:	move motor	S18.axis2.piezo rotation to 0.146600deg	 DONE
29/08/2023 10:46:48:	7	count	time	5.000000s/cts	O Det=22	H Det=279	Mon Det=31298	Aux Det=48	O+H=349	 DONE
29/08/2023 10:46:56:	move motor	S18.axis2.piezo rotation to 0.146650deg	 DONE
29/08/2023 10:46:59:	8	count	time	5.000000s/cts	O Det=33	H Det=312	Mon Det=31310	Aux Det=56	O+H=401	 DONE
29/08/2023 10:47:06:	move motor	S18.axis2.piezo rotation to 0.146700deg	 DONE
29/08/2023 10:47:10:	9	count	time	5.000000s/cts	O Det=29	H Det=319	Mon Det=31542	Aux Det=69	O+H=417	 DONE
29/08/2023 10:47:17:	move motor	S18.axis2.piezo rotation to 0.146750deg	 DONE
29/08/2023 10:47:21:	10	count	time	5.000000s/cts	O Det=59	H Det=453	Mon Det=31651	Aux Det=74	O+H=586	 DONE
29/08/2023 10:47:28:	move motor	S18.axis2.piezo rotation to 0.146800deg	 DONE
29/08/2023 10:47:32:	11	count	time	5.000000s/cts	O Det=43	H Det=558	Mon Det=31762	Aux Det=104	O+H=705	 DONE
29/08/2023 10:47:39:	move motor	S18.axis2.piezo rotation to 0.146850deg	 DONE
29/08/2023 10:47:42:	12	count	time	5.000000s/cts	O Det=86	H Det=594	Mon Det=30895	Aux Det=164	O+H=844	 DONE
29/08/2023 10:47:50:	move motor	S18.axis2.piezo rotation to 0.146900deg	 DONE
29/08/2023 10:47:53:	13	count	time	5.000000s/cts	O Det=84	H Det=830	Mon Det=30907	Aux Det=148	O+H=1062	 DONE
29/08/2023 10:48:01:	move motor	S18.axis2.piezo rotation to 0.146950deg	 DONE
29/08/2023 10:48:04:	14	count	time	5.000000s/cts	O Det=115	H Det=878	Mon Det=31312	Aux Det=212	O+H=1205	 DONE
29/08/2023 10:48:12:	move motor	S18.axis2.piezo rotation to 0.147000deg	 DONE
29/08/2023 10:48:16:	15	count	time	5.000000s/cts	O Det=95	H Det=1004	Mon Det=31395	Aux Det=238	O+H=1337	 DONE
29/08/2023 10:48:23:	move motor	S18.axis2.piezo rotation to 0.147050deg	 DONE
29/08/2023 10:48:27:	16	count	time	5.000000s/cts	O Det=141	H Det=1092	Mon Det=31282	Aux Det=288	O+H=1521	 DONE
29/08/2023 10:48:35:	move motor	S18.axis2.piezo rotation to 0.147100deg	 DONE
29/08/2023 10:48:38:	17	count	time	5.000000s/cts	O Det=133	H Det=991	Mon Det=31252	Aux Det=347	O+H=1471	 DONE
29/08/2023 10:48:45:	move motor	S18.axis2.piezo rotation to 0.147150deg	 DONE
29/08/2023 10:48:49:	18	count	time	5.000000s/cts	O Det=128	H Det=1045	Mon Det=31201	Aux Det=295	O+H=1468	 DONE
29/08/2023 10:48:56:	move motor	S18.axis2.piezo rotation to 0.147200deg	 DONE
29/08/2023 10:49:00:	19	count	time	5.000000s/cts	O Det=101	H Det=1050	Mon Det=31258	Aux Det=316	O+H=1467	 DONE
29/08/2023 10:49:07:	move motor	S18.axis2.piezo rotation to 0.147250deg	 DONE
29/08/2023 10:49:11:	20	count	time	5.000000s/cts	O Det=104	H Det=961	Mon Det=31294	Aux Det=216	O+H=1281	 DONE
29/08/2023 10:49:18:	move motor	S18.axis2.piezo rotation to 0.147300deg	 DONE
29/08/2023 10:49:22:	21	count	time	5.000000s/cts	O Det=94	H Det=772	Mon Det=30886	Aux Det=252	O+H=1118	 DONE
29/08/2023 10:49:29:	move motor	S18.axis2.piezo rotation to 0.147350deg	 DONE
29/08/2023 10:49:33:	22	count	time	5.000000s/cts	O Det=119	H Det=601	Mon Det=30823	Aux Det=213	O+H=933	 DONE
29/08/2023 10:49:40:	move motor	S18.axis2.piezo rotation to 0.147400deg	 DONE
29/08/2023 10:49:44:	23	count	time	5.000000s/cts	O Det=78	H Det=553	Mon Det=30776	Aux Det=212	O+H=843	 DONE
29/08/2023 10:49:51:	move motor	S18.axis2.piezo rotation to 0.147450deg	 DONE
29/08/2023 10:49:55:	24	count	time	5.000000s/cts	O Det=55	H Det=545	Mon Det=30970	Aux Det=119	O+H=719	 DONE
29/08/2023 10:50:02:	move motor	S18.axis2.piezo rotation to 0.147500deg	 DONE
29/08/2023 10:50:06:	25	count	time	5.000000s/cts	O Det=49	H Det=487	Mon Det=30882	Aux Det=114	O+H=650	 DONE
29/08/2023 10:50:13:	move motor	S18.axis2.piezo rotation to 0.147550deg	 DONE
29/08/2023 10:50:16:	26	count	time	5.000000s/cts	O Det=44	H Det=453	Mon Det=31149	Aux Det=85	O+H=582	 DONE
29/08/2023 10:50:24:	move motor	S18.axis2.piezo rotation to 0.147600deg	 DONE
29/08/2023 10:50:27:	27	count	time	5.000000s/cts	O Det=20	H Det=365	Mon Det=31074	Aux Det=41	O+H=426	 DONE
29/08/2023 10:50:35:	move motor	S18.axis2.piezo rotation to 0.147650deg	 DONE
29/08/2023 10:50:39:	28	count	time	5.000000s/cts	O Det=19	H Det=310	Mon Det=30839	Aux Det=29	O+H=358	 DONE
29/08/2023 10:50:46:	move motor	S18.axis2.piezo rotation to 0.147700deg	 DONE
29/08/2023 10:50:50:	29	count	time	5.000000s/cts	O Det=23	H Det=294	Mon Det=30732	Aux Det=30	O+H=347	 DONE
29/08/2023 10:50:57:	move motor	S18.axis2.piezo rotation to 0.147750deg	 DONE
29/08/2023 10:51:01:	30	count	time	5.000000s/cts	O Det=19	H Det=353	Mon Det=30551	Aux Det=39	O+H=411	 DONE
29/08/2023 10:51:08:	move motor	S18.axis2.piezo rotation to 0.147800deg	 DONE
29/08/2023 10:51:12:	31	count	time	5.000000s/cts	O Det=30	H Det=375	Mon Det=31025	Aux Det=47	O+H=452	 DONE
29/08/2023 10:51:19:	move motor	S18.axis2.piezo rotation to 0.147850deg	 DONE
29/08/2023 10:51:23:	32	count	time	5.000000s/cts	O Det=26	H Det=390	Mon Det=31142	Aux Det=24	O+H=440	 DONE
29/08/2023 10:51:30:	move motor	S18.axis2.piezo rotation to 0.147900deg	 DONE
29/08/2023 10:51:34:	33	count	time	5.000000s/cts	O Det=21	H Det=340	Mon Det=31373	Aux Det=26	O+H=387	 DONE
29/08/2023 10:51:42:	move motor	S18.axis2.piezo rotation to 0.147950deg	 DONE
29/08/2023 10:51:45:	34	count	time	5.000000s/cts	O Det=28	H Det=352	Mon Det=31367	Aux Det=31	O+H=411	 DONE
29/08/2023 10:51:53:	move motor	S18.axis2.piezo rotation to 0.148000deg	 DONE
29/08/2023 10:51:56:	35	count	time	5.000000s/cts	O Det=24	H Det=363	Mon Det=30970	Aux Det=47	O+H=434	 DONE
29/08/2023 10:52:04:	move motor	S18.axis2.piezo rotation to 0.148050deg	 DONE
29/08/2023 10:52:07:	36	count	time	5.000000s/cts	O Det=40	H Det=471	Mon Det=30797	Aux Det=72	O+H=583	 DONE
29/08/2023 10:52:15:	move motor	S18.axis2.piezo rotation to 0.148100deg	 DONE
29/08/2023 10:52:18:	37	count	time	5.000000s/cts	O Det=57	H Det=561	Mon Det=31173	Aux Det=97	O+H=715	 DONE
29/08/2023 10:52:26:	move motor	S18.axis2.piezo rotation to 0.148150deg	 DONE
29/08/2023 10:52:29:	38	count	time	5.000000s/cts	O Det=60	H Det=592	Mon Det=30746	Aux Det=115	O+H=767	 DONE
29/08/2023 10:52:37:	move motor	S18.axis2.piezo rotation to 0.148200deg	 DONE
29/08/2023 10:52:40:	39	count	time	5.000000s/cts	O Det=98	H Det=741	Mon Det=30540	Aux Det=179	O+H=1018	 DONE
29/08/2023 10:52:48:	move motor	S18.axis2.piezo rotation to 0.148250deg	 DONE
29/08/2023 10:52:51:	40	count	time	5.000000s/cts	O Det=91	H Det=818	Mon Det=30494	Aux Det=251	O+H=1160	 DONE
29/08/2023 10:52:59:	move motor	S18.axis2.piezo rotation to 0.148300deg	 DONE
29/08/2023 10:53:02:	41	count	time	5.000000s/cts	O Det=105	H Det=998	Mon Det=30824	Aux Det=235	O+H=1338	 DONE
29/08/2023 10:53:10:	close file and end scan	 DONE
29/08/2023 10:53:11:	move motor	S18.axis2.piezo rotation to fit AUX PEAK65	0.147346reached 0.14735  DONE
29/08/2023 10:53:14:	END OF SCRIPT	 DONE
