24/08/2023 17:58:29:	start execution of script D:\data\Cycle 192ter\exp_3-16-14\rawdata\sc\rocking.sc	 DONE
24/08/2023 17:58:30:	create file	D:\data\Cycle 192ter\exp_3-16-14\rawdata\sc\rocking_24Aug1758.dat	 DONE
room to enter remarks DONE
24/08/2023 17:58:31:	move motor	S18.axis2.piezo rotation to 0.147000deg	 DONE
24/08/2023 17:58:35:	1	count	time	5.000000s/cts	O Det=1	H Det=47	Mon Det=29488	Aux Det=2	O+H=50	 DONE
24/08/2023 17:58:42:	move motor	S18.axis2.piezo rotation to 0.147050deg	 DONE
24/08/2023 17:58:45:	2	count	time	5.000000s/cts	O Det=4	H Det=45	Mon Det=29210	Aux Det=4	O+H=53	 DONE
24/08/2023 17:58:53:	move motor	S18.axis2.piezo rotation to 0.147100deg	 DONE
24/08/2023 17:58:56:	3	count	time	5.000000s/cts	O Det=1	H Det=63	Mon Det=28942	Aux Det=1	O+H=65	 DONE
24/08/2023 17:59:04:	move motor	S18.axis2.piezo rotation to 0.147150deg	 DONE
24/08/2023 17:59:07:	4	count	time	5.000000s/cts	O Det=2	H Det=60	Mon Det=29229	Aux Det=4	O+H=66	 DONE
24/08/2023 17:59:15:	move motor	S18.axis2.piezo rotation to 0.147200deg	 DONE
24/08/2023 17:59:18:	5	count	time	5.000000s/cts	O Det=1	H Det=75	Mon Det=29228	Aux Det=6	O+H=82	 DONE
24/08/2023 17:59:26:	move motor	S18.axis2.piezo rotation to 0.147250deg	 DONE
24/08/2023 17:59:29:	6	count	time	5.000000s/cts	O Det=3	H Det=76	Mon Det=29360	Aux Det=5	O+H=84	 DONE
24/08/2023 17:59:37:	move motor	S18.axis2.piezo rotation to 0.147300deg	 DONE
24/08/2023 17:59:40:	7	count	time	5.000000s/cts	O Det=4	H Det=79	Mon Det=29074	Aux Det=7	O+H=90	 DONE
24/08/2023 17:59:48:	move motor	S18.axis2.piezo rotation to 0.147350deg	 DONE
24/08/2023 17:59:51:	8	count	time	5.000000s/cts	O Det=0	H Det=107	Mon Det=29620	Aux Det=11	O+H=118	 DONE
24/08/2023 17:59:59:	move motor	S18.axis2.piezo rotation to 0.147400deg	 DONE
24/08/2023 18:00:02:	9	count	time	5.000000s/cts	O Det=3	H Det=97	Mon Det=28962	Aux Det=4	O+H=104	 DONE
24/08/2023 18:00:09:	move motor	S18.axis2.piezo rotation to 0.147450deg	 DONE
24/08/2023 18:00:13:	10	count	time	5.000000s/cts	O Det=2	H Det=113	Mon Det=28995	Aux Det=5	O+H=120	 DONE
24/08/2023 18:00:20:	move motor	S18.axis2.piezo rotation to 0.147500deg	 DONE
24/08/2023 18:00:23:	11	count	time	5.000000s/cts	O Det=5	H Det=119	Mon Det=29467	Aux Det=11	O+H=135	 DONE
24/08/2023 18:00:31:	move motor	S18.axis2.piezo rotation to 0.147550deg	 DONE
24/08/2023 18:00:34:	12	count	time	5.000000s/cts	O Det=4	H Det=157	Mon Det=29503	Aux Det=9	O+H=170	 DONE
24/08/2023 18:00:42:	move motor	S18.axis2.piezo rotation to 0.147600deg	 DONE
24/08/2023 18:00:45:	13	count	time	5.000000s/cts	O Det=3	H Det=137	Mon Det=29371	Aux Det=14	O+H=154	 DONE
24/08/2023 18:00:53:	move motor	S18.axis2.piezo rotation to 0.147650deg	 DONE
24/08/2023 18:00:56:	14	count	time	5.000000s/cts	O Det=12	H Det=169	Mon Det=29665	Aux Det=12	O+H=193	 DONE
24/08/2023 18:01:04:	move motor	S18.axis2.piezo rotation to 0.147700deg	 DONE
24/08/2023 18:01:07:	15	count	time	5.000000s/cts	O Det=7	H Det=200	Mon Det=29220	Aux Det=13	O+H=220	 DONE
24/08/2023 18:01:14:	move motor	S18.axis2.piezo rotation to 0.147750deg	 DONE
24/08/2023 18:01:17:	16	count	time	5.000000s/cts	O Det=12	H Det=265	Mon Det=29105	Aux Det=12	O+H=289	 DONE
24/08/2023 18:01:25:	move motor	S18.axis2.piezo rotation to 0.147800deg	 DONE
24/08/2023 18:01:28:	17	count	time	5.000000s/cts	O Det=13	H Det=287	Mon Det=29449	Aux Det=32	O+H=332	 DONE
24/08/2023 18:01:36:	move motor	S18.axis2.piezo rotation to 0.147850deg	 DONE
24/08/2023 18:01:39:	18	count	time	5.000000s/cts	O Det=24	H Det=324	Mon Det=29395	Aux Det=17	O+H=365	 DONE
24/08/2023 18:01:47:	move motor	S18.axis2.piezo rotation to 0.147900deg	 DONE
24/08/2023 18:01:50:	19	count	time	5.000000s/cts	O Det=30	H Det=380	Mon Det=29196	Aux Det=40	O+H=450	 DONE
24/08/2023 18:01:58:	move motor	S18.axis2.piezo rotation to 0.147950deg	 DONE
24/08/2023 18:02:01:	20	count	time	5.000000s/cts	O Det=45	H Det=506	Mon Det=28990	Aux Det=70	O+H=621	 DONE
24/08/2023 18:02:09:	move motor	S18.axis2.piezo rotation to 0.148000deg	 DONE
24/08/2023 18:02:12:	21	count	time	5.000000s/cts	O Det=47	H Det=588	Mon Det=29304	Aux Det=94	O+H=729	 DONE
24/08/2023 18:02:19:	move motor	S18.axis2.piezo rotation to 0.148050deg	 DONE
24/08/2023 18:02:23:	22	count	time	5.000000s/cts	O Det=36	H Det=738	Mon Det=29341	Aux Det=71	O+H=845	 DONE
24/08/2023 18:02:30:	move motor	S18.axis2.piezo rotation to 0.148100deg	 DONE
24/08/2023 18:02:34:	23	count	time	5.000000s/cts	O Det=50	H Det=848	Mon Det=29478	Aux Det=110	O+H=1008	 DONE
24/08/2023 18:02:41:	move motor	S18.axis2.piezo rotation to 0.148150deg	 DONE
24/08/2023 18:02:45:	24	count	time	5.000000s/cts	O Det=50	H Det=1100	Mon Det=29448	Aux Det=133	O+H=1283	 DONE
24/08/2023 18:02:52:	move motor	S18.axis2.piezo rotation to 0.148200deg	 DONE
24/08/2023 18:02:56:	25	count	time	5.000000s/cts	O Det=74	H Det=1252	Mon Det=29324	Aux Det=137	O+H=1463	 DONE
24/08/2023 18:03:03:	move motor	S18.axis2.piezo rotation to 0.148250deg	 DONE
24/08/2023 18:03:06:	26	count	time	5.000000s/cts	O Det=48	H Det=1320	Mon Det=29146	Aux Det=114	O+H=1482	 DONE
24/08/2023 18:03:14:	move motor	S18.axis2.piezo rotation to 0.148300deg	 DONE
24/08/2023 18:03:17:	27	count	time	5.000000s/cts	O Det=58	H Det=1392	Mon Det=29597	Aux Det=116	O+H=1566	 DONE
24/08/2023 18:03:25:	move motor	S18.axis2.piezo rotation to 0.148350deg	 DONE
24/08/2023 18:03:28:	28	count	time	5.000000s/cts	O Det=49	H Det=1293	Mon Det=29500	Aux Det=113	O+H=1455	 DONE
24/08/2023 18:03:36:	move motor	S18.axis2.piezo rotation to 0.148400deg	 DONE
24/08/2023 18:03:39:	29	count	time	5.000000s/cts	O Det=46	H Det=1224	Mon Det=29305	Aux Det=90	O+H=1360	 DONE
24/08/2023 18:03:46:	move motor	S18.axis2.piezo rotation to 0.148450deg	 DONE
24/08/2023 18:03:50:	30	count	time	5.000000s/cts	O Det=39	H Det=1102	Mon Det=29427	Aux Det=91	O+H=1232	 DONE
24/08/2023 18:03:57:	move motor	S18.axis2.piezo rotation to 0.148500deg	 DONE
24/08/2023 18:04:00:	31	count	time	5.000000s/cts	O Det=33	H Det=968	Mon Det=29487	Aux Det=53	O+H=1054	 DONE
24/08/2023 18:04:08:	move motor	S18.axis2.piezo rotation to 0.148550deg	 DONE
24/08/2023 18:04:11:	32	count	time	5.000000s/cts	O Det=44	H Det=758	Mon Det=29185	Aux Det=59	O+H=861	 DONE
24/08/2023 18:04:19:	move motor	S18.axis2.piezo rotation to 0.148600deg	 DONE
24/08/2023 18:04:22:	33	count	time	5.000000s/cts	O Det=31	H Det=604	Mon Det=29413	Aux Det=47	O+H=682	 DONE
24/08/2023 18:04:30:	move motor	S18.axis2.piezo rotation to 0.148650deg	 DONE
24/08/2023 18:04:33:	34	count	time	5.000000s/cts	O Det=29	H Det=566	Mon Det=29010	Aux Det=43	O+H=638	 DONE
24/08/2023 18:04:41:	move motor	S18.axis2.piezo rotation to 0.148700deg	 DONE
24/08/2023 18:04:44:	35	count	time	5.000000s/cts	O Det=24	H Det=494	Mon Det=28993	Aux Det=29	O+H=547	 DONE
24/08/2023 18:04:52:	move motor	S18.axis2.piezo rotation to 0.148750deg	 DONE
24/08/2023 18:04:55:	36	count	time	5.000000s/cts	O Det=11	H Det=400	Mon Det=29858	Aux Det=33	O+H=444	 DONE
24/08/2023 18:05:03:	move motor	S18.axis2.piezo rotation to 0.148800deg	 DONE
24/08/2023 18:05:06:	37	count	time	5.000000s/cts	O Det=8	H Det=352	Mon Det=29316	Aux Det=14	O+H=374	 DONE
24/08/2023 18:05:13:	move motor	S18.axis2.piezo rotation to 0.148850deg	 DONE
24/08/2023 18:05:16:	38	count	time	5.000000s/cts	O Det=5	H Det=338	Mon Det=29029	Aux Det=14	O+H=357	 DONE
24/08/2023 18:05:24:	move motor	S18.axis2.piezo rotation to 0.148900deg	 DONE
24/08/2023 18:05:27:	39	count	time	5.000000s/cts	O Det=10	H Det=348	Mon Det=29499	Aux Det=16	O+H=374	 DONE
24/08/2023 18:05:35:	move motor	S18.axis2.piezo rotation to 0.148950deg	 DONE
24/08/2023 18:05:38:	40	count	time	5.000000s/cts	O Det=15	H Det=379	Mon Det=28897	Aux Det=20	O+H=414	 DONE
24/08/2023 18:05:46:	move motor	S18.axis2.piezo rotation to 0.149000deg	 DONE
24/08/2023 18:05:49:	41	count	time	5.000000s/cts	O Det=21	H Det=379	Mon Det=29348	Aux Det=21	O+H=421	 DONE
24/08/2023 18:05:56:	close file and end scan	 DONE
24/08/2023 18:05:57:	move motor	S18.axis2.piezo rotation to fit AUX PEAK65	NaNreached 0.14900  DONE
24/08/2023 18:06:02:	END OF SCRIPT	 DONE
