25/09/2023 15:14:32:	start execution of script D:\data\Cycle 192ter\exp_3-16-14\rawdata\sc\rockingL.sc	 DONE
25/09/2023 15:14:33:	create file	D:\data\Cycle 192ter\exp_3-16-14\rawdata\sc\rocking_25Sep1514.dat	 DONE
room to enter remarks DONE
25/09/2023 15:14:34:	move motor	S18.axis2.piezo rotation to 0.146500deg	 DONE
25/09/2023 15:14:37:	1	count	time	5.000000s/cts	O Det=52	H Det=0	Mon Det=30930	Aux Det=128	O+H=52	 DONE
25/09/2023 15:14:46:	move motor	S18.axis2.piezo rotation to 0.146550deg	 DONE
25/09/2023 15:14:49:	2	count	time	5.000000s/cts	O Det=66	H Det=0	Mon Det=30949	Aux Det=158	O+H=66	 DONE
25/09/2023 15:14:57:	move motor	S18.axis2.piezo rotation to 0.146600deg	 DONE
25/09/2023 15:15:00:	3	count	time	5.000000s/cts	O Det=66	H Det=1	Mon Det=30726	Aux Det=208	O+H=67	 DONE
25/09/2023 15:15:08:	move motor	S18.axis2.piezo rotation to 0.146650deg	 DONE
25/09/2023 15:15:11:	4	count	time	5.000000s/cts	O Det=95	H Det=1	Mon Det=30675	Aux Det=306	O+H=96	 DONE
25/09/2023 15:15:19:	move motor	S18.axis2.piezo rotation to 0.146700deg	 DONE
25/09/2023 15:15:22:	5	count	time	5.000000s/cts	O Det=117	H Det=0	Mon Det=31088	Aux Det=382	O+H=117	 DONE
25/09/2023 15:15:30:	move motor	S18.axis2.piezo rotation to 0.146750deg	 DONE
25/09/2023 15:15:33:	6	count	time	5.000000s/cts	O Det=132	H Det=1	Mon Det=31030	Aux Det=442	O+H=133	 DONE
25/09/2023 15:15:41:	move motor	S18.axis2.piezo rotation to 0.146800deg	 DONE
25/09/2023 15:15:44:	7	count	time	5.000000s/cts	O Det=169	H Det=0	Mon Det=31352	Aux Det=594	O+H=169	 DONE
25/09/2023 15:15:52:	move motor	S18.axis2.piezo rotation to 0.146850deg	 DONE
25/09/2023 15:15:55:	8	count	time	5.000000s/cts	O Det=187	H Det=0	Mon Det=30999	Aux Det=587	O+H=187	 DONE
25/09/2023 15:16:03:	move motor	S18.axis2.piezo rotation to 0.146900deg	 DONE
25/09/2023 15:16:07:	9	count	time	5.000000s/cts	O Det=166	H Det=1	Mon Det=30937	Aux Det=635	O+H=167	 DONE
25/09/2023 15:16:15:	move motor	S18.axis2.piezo rotation to 0.146950deg	 DONE
25/09/2023 15:16:18:	10	count	time	5.000000s/cts	O Det=181	H Det=0	Mon Det=31422	Aux Det=564	O+H=181	 DONE
25/09/2023 15:16:26:	move motor	S18.axis2.piezo rotation to 0.147000deg	 DONE
25/09/2023 15:16:29:	11	count	time	5.000000s/cts	O Det=145	H Det=0	Mon Det=31074	Aux Det=478	O+H=145	 DONE
25/09/2023 15:16:37:	move motor	S18.axis2.piezo rotation to 0.147050deg	 DONE
25/09/2023 15:16:40:	12	count	time	5.000000s/cts	O Det=114	H Det=0	Mon Det=30886	Aux Det=379	O+H=114	 DONE
25/09/2023 15:16:48:	move motor	S18.axis2.piezo rotation to 0.147100deg	 DONE
25/09/2023 15:16:52:	13	count	time	5.000000s/cts	O Det=77	H Det=2	Mon Det=30431	Aux Det=313	O+H=79	 DONE
25/09/2023 15:17:00:	move motor	S18.axis2.piezo rotation to 0.147150deg	 DONE
25/09/2023 15:17:03:	14	count	time	5.000000s/cts	O Det=72	H Det=0	Mon Det=30715	Aux Det=252	O+H=72	 DONE
25/09/2023 15:17:11:	move motor	S18.axis2.piezo rotation to 0.147200deg	 DONE
25/09/2023 15:17:14:	15	count	time	5.000000s/cts	O Det=53	H Det=0	Mon Det=31128	Aux Det=163	O+H=53	 DONE
25/09/2023 15:17:22:	move motor	S18.axis2.piezo rotation to 0.147250deg	 DONE
25/09/2023 15:17:25:	16	count	time	5.000000s/cts	O Det=45	H Det=0	Mon Det=31223	Aux Det=138	O+H=45	 DONE
25/09/2023 15:17:33:	move motor	S18.axis2.piezo rotation to 0.147300deg	 DONE
25/09/2023 15:17:37:	17	count	time	5.000000s/cts	O Det=30	H Det=0	Mon Det=30904	Aux Det=79	O+H=30	 DONE
25/09/2023 15:17:45:	move motor	S18.axis2.piezo rotation to 0.147350deg	 DONE
25/09/2023 15:17:48:	18	count	time	5.000000s/cts	O Det=21	H Det=0	Mon Det=30947	Aux Det=49	O+H=21	 DONE
25/09/2023 15:17:56:	move motor	S18.axis2.piezo rotation to 0.147400deg	 DONE
25/09/2023 15:17:59:	19	count	time	5.000000s/cts	O Det=12	H Det=0	Mon Det=30569	Aux Det=45	O+H=12	 DONE
25/09/2023 15:18:07:	move motor	S18.axis2.piezo rotation to 0.147450deg	 DONE
25/09/2023 15:18:10:	20	count	time	5.000000s/cts	O Det=15	H Det=0	Mon Det=31031	Aux Det=38	O+H=15	 DONE
25/09/2023 15:18:18:	move motor	S18.axis2.piezo rotation to 0.147500deg	 DONE
25/09/2023 15:18:21:	21	count	time	5.000000s/cts	O Det=16	H Det=0	Mon Det=31098	Aux Det=36	O+H=16	 DONE
25/09/2023 15:18:29:	move motor	S18.axis2.piezo rotation to 0.147550deg	 DONE
25/09/2023 15:18:32:	22	count	time	5.000000s/cts	O Det=20	H Det=1	Mon Det=30792	Aux Det=48	O+H=21	 DONE
25/09/2023 15:18:41:	move motor	S18.axis2.piezo rotation to 0.147600deg	 DONE
25/09/2023 15:18:44:	23	count	time	5.000000s/cts	O Det=23	H Det=0	Mon Det=31130	Aux Det=46	O+H=23	 DONE
25/09/2023 15:18:52:	move motor	S18.axis2.piezo rotation to 0.147650deg	 DONE
25/09/2023 15:18:55:	24	count	time	5.000000s/cts	O Det=12	H Det=1	Mon Det=30833	Aux Det=31	O+H=13	 DONE
25/09/2023 15:19:03:	move motor	S18.axis2.piezo rotation to 0.147700deg	 DONE
25/09/2023 15:19:06:	25	count	time	5.000000s/cts	O Det=12	H Det=0	Mon Det=31174	Aux Det=35	O+H=12	 DONE
25/09/2023 15:19:14:	move motor	S18.axis2.piezo rotation to 0.147750deg	 DONE
25/09/2023 15:19:17:	26	count	time	5.000000s/cts	O Det=21	H Det=0	Mon Det=30590	Aux Det=80	O+H=21	 DONE
25/09/2023 15:19:25:	move motor	S18.axis2.piezo rotation to 0.147800deg	 DONE
25/09/2023 15:19:29:	27	count	time	5.000000s/cts	O Det=44	H Det=0	Mon Det=30905	Aux Det=96	O+H=44	 DONE
25/09/2023 15:19:37:	move motor	S18.axis2.piezo rotation to 0.147850deg	 DONE
25/09/2023 15:19:40:	28	count	time	5.000000s/cts	O Det=54	H Det=0	Mon Det=30772	Aux Det=172	O+H=54	 DONE
25/09/2023 15:19:55:	move motor	S18.axis2.piezo rotation to 0.147900deg	 DONE
25/09/2023 15:19:58:	29	count	time	5.000000s/cts	O Det=72	H Det=1	Mon Det=30645	Aux Det=269	O+H=73	 DONE
25/09/2023 15:20:12:	move motor	S18.axis2.piezo rotation to 0.147950deg	 DONE
25/09/2023 15:20:15:	30	count	time	5.000000s/cts	O Det=80	H Det=0	Mon Det=31465	Aux Det=354	O+H=80	 DONE
25/09/2023 15:20:23:	move motor	S18.axis2.piezo rotation to 0.148000deg	 DONE
25/09/2023 15:20:26:	31	count	time	5.000000s/cts	O Det=122	H Det=0	Mon Det=31322	Aux Det=431	O+H=122	 DONE
25/09/2023 15:20:34:	move motor	S18.axis2.piezo rotation to 0.148050deg	 DONE
25/09/2023 15:20:37:	32	count	time	5.000000s/cts	O Det=125	H Det=0	Mon Det=30763	Aux Det=531	O+H=125	 DONE
25/09/2023 15:20:45:	move motor	S18.axis2.piezo rotation to 0.148100deg	 DONE
25/09/2023 15:20:49:	33	count	time	5.000000s/cts	O Det=145	H Det=0	Mon Det=30572	Aux Det=561	O+H=145	 DONE
25/09/2023 15:20:57:	move motor	S18.axis2.piezo rotation to 0.148150deg	 DONE
25/09/2023 15:21:00:	34	count	time	5.000000s/cts	O Det=168	H Det=0	Mon Det=31154	Aux Det=627	O+H=168	 DONE
25/09/2023 15:21:08:	move motor	S18.axis2.piezo rotation to 0.148200deg	 DONE
25/09/2023 15:21:11:	35	count	time	5.000000s/cts	O Det=153	H Det=0	Mon Det=30981	Aux Det=623	O+H=153	 DONE
25/09/2023 15:21:19:	move motor	S18.axis2.piezo rotation to 0.148250deg	 DONE
25/09/2023 15:21:22:	36	count	time	5.000000s/cts	O Det=175	H Det=1	Mon Det=30686	Aux Det=581	O+H=176	 DONE
25/09/2023 15:21:30:	move motor	S18.axis2.piezo rotation to 0.148300deg	 DONE
25/09/2023 15:21:33:	37	count	time	5.000000s/cts	O Det=169	H Det=0	Mon Det=30684	Aux Det=496	O+H=169	 DONE
25/09/2023 15:21:41:	move motor	S18.axis2.piezo rotation to 0.148350deg	 DONE
25/09/2023 15:21:44:	38	count	time	5.000000s/cts	O Det=133	H Det=0	Mon Det=31039	Aux Det=436	O+H=133	 DONE
25/09/2023 15:21:52:	move motor	S18.axis2.piezo rotation to 0.148400deg	 DONE
25/09/2023 15:21:55:	39	count	time	5.000000s/cts	O Det=113	H Det=0	Mon Det=30901	Aux Det=307	O+H=113	 DONE
25/09/2023 15:22:03:	move motor	S18.axis2.piezo rotation to 0.148450deg	 DONE
25/09/2023 15:22:07:	40	count	time	5.000000s/cts	O Det=71	H Det=1	Mon Det=31178	Aux Det=227	O+H=72	 DONE
25/09/2023 15:22:15:	move motor	S18.axis2.piezo rotation to 0.148500deg	 DONE
25/09/2023 15:22:18:	41	count	time	5.000000s/cts	O Det=53	H Det=0	Mon Det=30932	Aux Det=148	O+H=53	 DONE
25/09/2023 15:22:26:	move motor	S18.axis2.piezo rotation to 0.148550deg	 DONE
25/09/2023 15:22:29:	42	count	time	5.000000s/cts	O Det=38	H Det=1	Mon Det=30904	Aux Det=100	O+H=39	 DONE
25/09/2023 15:22:37:	move motor	S18.axis2.piezo rotation to 0.148600deg	 DONE
25/09/2023 15:22:41:	43	count	time	5.000000s/cts	O Det=33	H Det=0	Mon Det=31225	Aux Det=85	O+H=33	 DONE
25/09/2023 15:22:49:	move motor	S18.axis2.piezo rotation to 0.148650deg	 DONE
25/09/2023 15:22:52:	44	count	time	5.000000s/cts	O Det=30	H Det=0	Mon Det=31087	Aux Det=47	O+H=30	 DONE
25/09/2023 15:23:00:	move motor	S18.axis2.piezo rotation to 0.148700deg	 DONE
25/09/2023 15:23:03:	45	count	time	5.000000s/cts	O Det=21	H Det=0	Mon Det=31110	Aux Det=55	O+H=21	 DONE
25/09/2023 15:23:11:	move motor	S18.axis2.piezo rotation to 0.148750deg	 DONE
25/09/2023 15:23:14:	46	count	time	5.000000s/cts	O Det=14	H Det=0	Mon Det=30910	Aux Det=44	O+H=14	 DONE
25/09/2023 15:23:22:	move motor	S18.axis2.piezo rotation to 0.148800deg	 DONE
25/09/2023 15:23:26:	47	count	time	5.000000s/cts	O Det=10	H Det=0	Mon Det=30998	Aux Det=37	O+H=10	 DONE
25/09/2023 15:23:34:	move motor	S18.axis2.piezo rotation to 0.148850deg	 DONE
25/09/2023 15:23:37:	48	count	time	5.000000s/cts	O Det=6	H Det=0	Mon Det=31282	Aux Det=32	O+H=6	 DONE
25/09/2023 15:23:45:	move motor	S18.axis2.piezo rotation to 0.148900deg	 DONE
25/09/2023 15:23:48:	49	count	time	5.000000s/cts	O Det=3	H Det=0	Mon Det=31354	Aux Det=28	O+H=3	 DONE
25/09/2023 15:23:56:	move motor	S18.axis2.piezo rotation to 0.148950deg	 DONE
25/09/2023 15:23:59:	50	count	time	5.000000s/cts	O Det=4	H Det=0	Mon Det=31042	Aux Det=14	O+H=4	 DONE
25/09/2023 15:24:07:	move motor	S18.axis2.piezo rotation to 0.149000deg	 DONE
25/09/2023 15:24:11:	51	count	time	5.000000s/cts	O Det=3	H Det=0	Mon Det=30998	Aux Det=21	O+H=3	 DONE
25/09/2023 15:24:19:	move motor	S18.axis2.piezo rotation to 0.149050deg	 DONE
25/09/2023 15:24:22:	52	count	time	5.000000s/cts	O Det=1	H Det=0	Mon Det=30979	Aux Det=6	O+H=1	 DONE
25/09/2023 15:24:30:	move motor	S18.axis2.piezo rotation to 0.149100deg	 DONE
25/09/2023 15:24:33:	53	count	time	5.000000s/cts	O Det=0	H Det=0	Mon Det=30987	Aux Det=12	O+H=0	 DONE
25/09/2023 15:24:41:	move motor	S18.axis2.piezo rotation to 0.149150deg	 DONE
25/09/2023 15:24:44:	54	count	time	5.000000s/cts	O Det=1	H Det=0	Mon Det=30913	Aux Det=11	O+H=1	 DONE
25/09/2023 15:24:52:	move motor	S18.axis2.piezo rotation to 0.149200deg	 DONE
25/09/2023 15:24:56:	55	count	time	5.000000s/cts	O Det=0	H Det=1	Mon Det=31008	Aux Det=12	O+H=1	 DONE
25/09/2023 15:25:04:	move motor	S18.axis2.piezo rotation to 0.149250deg	 DONE
25/09/2023 15:25:07:	56	count	time	5.000000s/cts	O Det=0	H Det=0	Mon Det=31299	Aux Det=7	O+H=0	 DONE
25/09/2023 15:25:15:	move motor	S18.axis2.piezo rotation to 0.149300deg	 DONE
25/09/2023 15:25:18:	57	count	time	5.000000s/cts	O Det=1	H Det=1	Mon Det=31577	Aux Det=7	O+H=2	 DONE
25/09/2023 15:25:26:	move motor	S18.axis2.piezo rotation to 0.149350deg	 DONE
25/09/2023 15:25:30:	58	count	time	5.000000s/cts	O Det=4	H Det=0	Mon Det=30898	Aux Det=5	O+H=4	 DONE
25/09/2023 15:25:38:	move motor	S18.axis2.piezo rotation to 0.149400deg	 DONE
25/09/2023 15:25:41:	59	count	time	5.000000s/cts	O Det=0	H Det=0	Mon Det=30890	Aux Det=3	O+H=0	 DONE
25/09/2023 15:25:49:	move motor	S18.axis2.piezo rotation to 0.149450deg	 DONE
25/09/2023 15:25:52:	60	count	time	5.000000s/cts	O Det=0	H Det=2	Mon Det=30953	Aux Det=4	O+H=2	 DONE
25/09/2023 15:26:01:	move motor	S18.axis2.piezo rotation to 0.149500deg	 DONE
25/09/2023 15:26:04:	61	count	time	5.000000s/cts	O Det=2	H Det=0	Mon Det=31157	Aux Det=4	O+H=2	 DONE
25/09/2023 15:26:12:	close file and end scan	saving D:\data\Cycle 192ter\exp_3-16-14\rawdata\sc\rocking_25Sep1514.tif  DONE
25/09/2023 15:26:12:	move motor	S18.axis2.piezo rotation to fit AUX LPEAK45	0.146878reached 0.14689  DONE
25/09/2023 15:26:15:	END OF SCRIPT	 DONE
