13/09/2023 16:07:53:	start execution of script D:\data\Cycle 192ter\exp_3-16-14\rawdata\sc\rockingL.sc	 DONE
13/09/2023 16:07:54:	create file	D:\data\Cycle 192ter\exp_3-16-14\rawdata\sc\rocking_13Sep1607.dat	 DONE
room to enter remarks DONE
13/09/2023 16:07:55:	move motor	S18.axis2.piezo rotation to 0.146500deg	 DONE
13/09/2023 16:07:59:	1	count	time	5.000000s/cts	O Det=0	H Det=97	Mon Det=31677	Aux Det=2	O+H=97	 DONE
13/09/2023 16:08:07:	move motor	S18.axis2.piezo rotation to 0.146550deg	 DONE
13/09/2023 16:08:10:	2	count	time	5.000000s/cts	O Det=3	H Det=106	Mon Det=31701	Aux Det=5	O+H=109	 DONE
13/09/2023 16:08:18:	move motor	S18.axis2.piezo rotation to 0.146600deg	 DONE
13/09/2023 16:08:21:	3	count	time	5.000000s/cts	O Det=3	H Det=80	Mon Det=31334	Aux Det=6	O+H=83	 DONE
13/09/2023 16:08:29:	move motor	S18.axis2.piezo rotation to 0.146650deg	 DONE
13/09/2023 16:08:32:	4	count	time	5.000000s/cts	O Det=0	H Det=113	Mon Det=31330	Aux Det=7	O+H=113	 DONE
13/09/2023 16:08:39:	move motor	S18.axis2.piezo rotation to 0.146700deg	 DONE
13/09/2023 16:08:42:	5	count	time	5.000000s/cts	O Det=2	H Det=120	Mon Det=31641	Aux Det=3	O+H=122	 DONE
13/09/2023 16:08:50:	move motor	S18.axis2.piezo rotation to 0.146750deg	 DONE
13/09/2023 16:08:54:	6	count	time	5.000000s/cts	O Det=2	H Det=129	Mon Det=31622	Aux Det=6	O+H=131	 DONE
13/09/2023 16:09:02:	move motor	S18.axis2.piezo rotation to 0.146800deg	 DONE
13/09/2023 16:09:05:	7	count	time	5.000000s/cts	O Det=4	H Det=162	Mon Det=31622	Aux Det=5	O+H=166	 DONE
13/09/2023 16:09:12:	move motor	S18.axis2.piezo rotation to 0.146850deg	 DONE
13/09/2023 16:09:16:	8	count	time	5.000000s/cts	O Det=4	H Det=157	Mon Det=31724	Aux Det=6	O+H=161	 DONE
13/09/2023 16:09:23:	move motor	S18.axis2.piezo rotation to 0.146900deg	STOPPED BY USER	