29/08/2023 11:19:24:	start execution of script D:\data\Cycle 192ter\exp_3-16-14\rawdata\sc\rocking.sc	 DONE
29/08/2023 11:19:24:	create file	D:\data\Cycle 192ter\exp_3-16-14\rawdata\sc\rocking_29Aug1119.dat	 DONE
room to enter remarks DONE
29/08/2023 11:19:25:	move motor	S18.axis2.piezo rotation to 0.146300deg	 DONE
29/08/2023 11:19:29:	1	count	time	5.000000s/cts	O Det=3	H Det=136	Mon Det=30684	Aux Det=10	O+H=149	 DONE
29/08/2023 11:19:37:	move motor	S18.axis2.piezo rotation to 0.146350deg	 DONE
29/08/2023 11:19:41:	2	count	time	5.000000s/cts	O Det=6	H Det=180	Mon Det=31022	Aux Det=8	O+H=194	 DONE
29/08/2023 11:19:48:	move motor	S18.axis2.piezo rotation to 0.146400deg	 DONE
29/08/2023 11:19:51:	3	count	time	5.000000s/cts	O Det=6	H Det=185	Mon Det=31500	Aux Det=13	O+H=204	 DONE
29/08/2023 11:19:59:	move motor	S18.axis2.piezo rotation to 0.146450deg	 DONE
29/08/2023 11:20:02:	4	count	time	5.000000s/cts	O Det=4	H Det=217	Mon Det=31471	Aux Det=13	O+H=234	 DONE
29/08/2023 11:20:10:	move motor	S18.axis2.piezo rotation to 0.146500deg	 DONE
29/08/2023 11:20:14:	5	count	time	5.000000s/cts	O Det=12	H Det=244	Mon Det=31117	Aux Det=10	O+H=266	 DONE
29/08/2023 11:20:21:	move motor	S18.axis2.piezo rotation to 0.146550deg	 DONE
29/08/2023 11:20:24:	6	count	time	5.000000s/cts	O Det=5	H Det=243	Mon Det=31320	Aux Det=8	O+H=256	 DONE
29/08/2023 11:20:32:	move motor	S18.axis2.piezo rotation to 0.146600deg	 DONE
29/08/2023 11:20:35:	7	count	time	5.000000s/cts	O Det=16	H Det=336	Mon Det=31366	Aux Det=19	O+H=371	 DONE
29/08/2023 11:20:43:	move motor	S18.axis2.piezo rotation to 0.146650deg	 DONE
29/08/2023 11:20:46:	8	count	time	5.000000s/cts	O Det=18	H Det=365	Mon Det=30815	Aux Det=17	O+H=400	 DONE
29/08/2023 11:20:54:	move motor	S18.axis2.piezo rotation to 0.146700deg	 DONE
29/08/2023 11:20:57:	9	count	time	5.000000s/cts	O Det=34	H Det=414	Mon Det=31079	Aux Det=36	O+H=484	 DONE
29/08/2023 11:21:05:	move motor	S18.axis2.piezo rotation to 0.146750deg	 DONE
29/08/2023 11:21:08:	10	count	time	5.000000s/cts	O Det=34	H Det=498	Mon Det=30291	Aux Det=34	O+H=566	 DONE
29/08/2023 11:21:16:	move motor	S18.axis2.piezo rotation to 0.146800deg	 DONE
29/08/2023 11:21:19:	11	count	time	5.000000s/cts	O Det=40	H Det=660	Mon Det=30306	Aux Det=38	O+H=738	 DONE
29/08/2023 11:21:27:	move motor	S18.axis2.piezo rotation to 0.146850deg	 DONE
29/08/2023 11:21:30:	12	count	time	5.000000s/cts	O Det=57	H Det=790	Mon Det=30975	Aux Det=62	O+H=909	 DONE
29/08/2023 11:21:38:	move motor	S18.axis2.piezo rotation to 0.146900deg	 DONE
29/08/2023 11:21:41:	13	count	time	5.000000s/cts	O Det=41	H Det=559	Mon Det=19334	Aux Det=48	O+H=648	STOPPED BY USER	29/08/2023 11:21:47:	close file and end scan	 DONE
29/08/2023 11:21:47:	move motor	S18.axis2.piezo rotation to fit AUX PEAK65	NaNreached 0.14691  DONE
