25/08/2023 05:25:15:	start execution of script D:\data\Cycle 192ter\exp_3-16-14\rawdata\sc\rocking.sc	 DONE
25/08/2023 05:25:16:	create file	D:\data\Cycle 192ter\exp_3-16-14\rawdata\sc\rocking_25Aug0525.dat	 DONE
room to enter remarks DONE
25/08/2023 05:25:17:	move motor	S18.axis2.piezo rotation to 0.147200deg	 DONE
25/08/2023 05:25:21:	1	count	time	5.000000s/cts	O Det=3	H Det=81	Mon Det=29801	Aux Det=7	O+H=91	 DONE
25/08/2023 05:25:28:	move motor	S18.axis2.piezo rotation to 0.147250deg	 DONE
25/08/2023 05:25:32:	2	count	time	5.000000s/cts	O Det=10	H Det=58	Mon Det=29488	Aux Det=3	O+H=71	 DONE
25/08/2023 05:25:40:	move motor	S18.axis2.piezo rotation to 0.147300deg	 DONE
25/08/2023 05:25:43:	3	count	time	5.000000s/cts	O Det=4	H Det=60	Mon Det=28891	Aux Det=8	O+H=72	 DONE
25/08/2023 05:25:51:	move motor	S18.axis2.piezo rotation to 0.147350deg	 DONE
25/08/2023 05:25:54:	4	count	time	5.000000s/cts	O Det=4	H Det=90	Mon Det=28850	Aux Det=7	O+H=101	 DONE
25/08/2023 05:26:02:	move motor	S18.axis2.piezo rotation to 0.147400deg	 DONE
25/08/2023 05:26:05:	5	count	time	5.000000s/cts	O Det=3	H Det=80	Mon Det=29063	Aux Det=6	O+H=89	 DONE
25/08/2023 05:26:13:	move motor	S18.axis2.piezo rotation to 0.147450deg	 DONE
25/08/2023 05:26:16:	6	count	time	5.000000s/cts	O Det=6	H Det=91	Mon Det=28978	Aux Det=7	O+H=104	 DONE
25/08/2023 05:26:23:	move motor	S18.axis2.piezo rotation to 0.147500deg	 DONE
25/08/2023 05:26:27:	7	count	time	5.000000s/cts	O Det=9	H Det=122	Mon Det=29276	Aux Det=9	O+H=140	 DONE
25/08/2023 05:26:34:	move motor	S18.axis2.piezo rotation to 0.147550deg	 DONE
25/08/2023 05:26:37:	8	count	time	5.000000s/cts	O Det=3	H Det=120	Mon Det=29151	Aux Det=4	O+H=127	 DONE
25/08/2023 05:26:45:	move motor	S18.axis2.piezo rotation to 0.147600deg	 DONE
25/08/2023 05:26:48:	9	count	time	5.000000s/cts	O Det=5	H Det=140	Mon Det=29249	Aux Det=7	O+H=152	 DONE
25/08/2023 05:26:56:	move motor	S18.axis2.piezo rotation to 0.147650deg	 DONE
25/08/2023 05:26:59:	10	count	time	5.000000s/cts	O Det=8	H Det=165	Mon Det=29128	Aux Det=9	O+H=182	 DONE
25/08/2023 05:27:07:	move motor	S18.axis2.piezo rotation to 0.147700deg	 DONE
25/08/2023 05:27:10:	11	count	time	5.000000s/cts	O Det=16	H Det=194	Mon Det=28934	Aux Det=11	O+H=221	 DONE
25/08/2023 05:27:17:	move motor	S18.axis2.piezo rotation to 0.147750deg	 DONE
25/08/2023 05:27:21:	12	count	time	5.000000s/cts	O Det=17	H Det=224	Mon Det=29062	Aux Det=14	O+H=255	 DONE
25/08/2023 05:27:28:	move motor	S18.axis2.piezo rotation to 0.147800deg	 DONE
25/08/2023 05:27:31:	13	count	time	5.000000s/cts	O Det=23	H Det=250	Mon Det=29152	Aux Det=12	O+H=285	 DONE
25/08/2023 05:27:39:	move motor	S18.axis2.piezo rotation to 0.147850deg	 DONE
25/08/2023 05:27:42:	14	count	time	5.000000s/cts	O Det=26	H Det=296	Mon Det=28952	Aux Det=19	O+H=341	 DONE
25/08/2023 05:27:50:	move motor	S18.axis2.piezo rotation to 0.147900deg	 DONE
25/08/2023 05:27:53:	15	count	time	5.000000s/cts	O Det=27	H Det=357	Mon Det=29093	Aux Det=28	O+H=412	 DONE
25/08/2023 05:28:01:	move motor	S18.axis2.piezo rotation to 0.147950deg	 DONE
25/08/2023 05:28:04:	16	count	time	5.000000s/cts	O Det=40	H Det=397	Mon Det=29111	Aux Det=24	O+H=461	 DONE
25/08/2023 05:28:12:	move motor	S18.axis2.piezo rotation to 0.148000deg	 DONE
25/08/2023 05:28:15:	17	count	time	5.000000s/cts	O Det=56	H Det=464	Mon Det=29129	Aux Det=52	O+H=572	 DONE
25/08/2023 05:28:23:	move motor	S18.axis2.piezo rotation to 0.148050deg	 DONE
25/08/2023 05:28:26:	18	count	time	5.000000s/cts	O Det=81	H Det=550	Mon Det=29571	Aux Det=58	O+H=689	 DONE
25/08/2023 05:28:33:	move motor	S18.axis2.piezo rotation to 0.148100deg	 DONE
25/08/2023 05:28:36:	19	count	time	5.000000s/cts	O Det=113	H Det=651	Mon Det=28852	Aux Det=96	O+H=860	 DONE
25/08/2023 05:28:44:	move motor	S18.axis2.piezo rotation to 0.148150deg	 DONE
25/08/2023 05:28:47:	20	count	time	5.000000s/cts	O Det=151	H Det=775	Mon Det=29405	Aux Det=113	O+H=1039	 DONE
25/08/2023 05:28:55:	move motor	S18.axis2.piezo rotation to 0.148200deg	 DONE
25/08/2023 05:28:58:	21	count	time	5.000000s/cts	O Det=229	H Det=887	Mon Det=29294	Aux Det=150	O+H=1266	 DONE
25/08/2023 05:29:06:	move motor	S18.axis2.piezo rotation to 0.148250deg	 DONE
25/08/2023 05:29:09:	22	count	time	5.000000s/cts	O Det=237	H Det=897	Mon Det=29282	Aux Det=191	O+H=1325	 DONE
25/08/2023 05:29:17:	move motor	S18.axis2.piezo rotation to 0.148300deg	 DONE
25/08/2023 05:29:20:	23	count	time	5.000000s/cts	O Det=227	H Det=970	Mon Det=29165	Aux Det=204	O+H=1401	 DONE
25/08/2023 05:29:28:	move motor	S18.axis2.piezo rotation to 0.148350deg	 DONE
25/08/2023 05:29:31:	24	count	time	5.000000s/cts	O Det=301	H Det=904	Mon Det=29323	Aux Det=214	O+H=1419	 DONE
25/08/2023 05:29:38:	move motor	S18.axis2.piezo rotation to 0.148400deg	 DONE
25/08/2023 05:29:42:	25	count	time	5.000000s/cts	O Det=303	H Det=900	Mon Det=29167	Aux Det=210	O+H=1413	 DONE
25/08/2023 05:29:49:	move motor	S18.axis2.piezo rotation to 0.148450deg	 DONE
25/08/2023 05:29:52:	26	count	time	5.000000s/cts	O Det=251	H Det=788	Mon Det=29154	Aux Det=220	O+H=1259	 DONE
25/08/2023 05:30:00:	move motor	S18.axis2.piezo rotation to 0.148500deg	 DONE
25/08/2023 05:30:03:	27	count	time	5.000000s/cts	O Det=228	H Det=672	Mon Det=28935	Aux Det=175	O+H=1075	 DONE
25/08/2023 05:30:11:	move motor	S18.axis2.piezo rotation to 0.148550deg	 DONE
25/08/2023 05:30:14:	28	count	time	5.000000s/cts	O Det=192	H Det=603	Mon Det=28957	Aux Det=156	O+H=951	 DONE
25/08/2023 05:30:22:	move motor	S18.axis2.piezo rotation to 0.148600deg	 DONE
25/08/2023 05:30:25:	29	count	time	5.000000s/cts	O Det=166	H Det=545	Mon Det=29335	Aux Det=105	O+H=816	 DONE
25/08/2023 05:30:32:	move motor	S18.axis2.piezo rotation to 0.148650deg	 DONE
25/08/2023 05:30:36:	30	count	time	5.000000s/cts	O Det=110	H Det=492	Mon Det=29342	Aux Det=86	O+H=688	 DONE
25/08/2023 05:30:43:	move motor	S18.axis2.piezo rotation to 0.148700deg	 DONE
25/08/2023 05:30:46:	31	count	time	5.000000s/cts	O Det=96	H Det=487	Mon Det=29122	Aux Det=86	O+H=669	 DONE
25/08/2023 05:30:54:	move motor	S18.axis2.piezo rotation to 0.148750deg	 DONE
25/08/2023 05:30:57:	32	count	time	5.000000s/cts	O Det=77	H Det=392	Mon Det=29306	Aux Det=37	O+H=506	 DONE
25/08/2023 05:31:05:	move motor	S18.axis2.piezo rotation to 0.148800deg	 DONE
25/08/2023 05:31:08:	33	count	time	5.000000s/cts	O Det=36	H Det=379	Mon Det=28909	Aux Det=23	O+H=438	 DONE
25/08/2023 05:31:16:	move motor	S18.axis2.piezo rotation to 0.148850deg	 DONE
25/08/2023 05:31:19:	34	count	time	5.000000s/cts	O Det=31	H Det=302	Mon Det=29088	Aux Det=19	O+H=352	 DONE
25/08/2023 05:31:26:	move motor	S18.axis2.piezo rotation to 0.148900deg	 DONE
25/08/2023 05:31:29:	35	count	time	5.000000s/cts	O Det=37	H Det=316	Mon Det=29503	Aux Det=18	O+H=371	 DONE
25/08/2023 05:31:37:	move motor	S18.axis2.piezo rotation to 0.148950deg	 DONE
25/08/2023 05:31:40:	36	count	time	5.000000s/cts	O Det=32	H Det=284	Mon Det=28948	Aux Det=28	O+H=344	 DONE
25/08/2023 05:31:48:	move motor	S18.axis2.piezo rotation to 0.149000deg	 DONE
25/08/2023 05:31:51:	37	count	time	5.000000s/cts	O Det=43	H Det=358	Mon Det=29408	Aux Det=25	O+H=426	 DONE
25/08/2023 05:31:59:	move motor	S18.axis2.piezo rotation to 0.149050deg	 DONE
25/08/2023 05:32:02:	38	count	time	5.000000s/cts	O Det=28	H Det=363	Mon Det=29254	Aux Det=38	O+H=429	 DONE
25/08/2023 05:32:10:	move motor	S18.axis2.piezo rotation to 0.149100deg	 DONE
25/08/2023 05:32:13:	39	count	time	5.000000s/cts	O Det=31	H Det=337	Mon Det=29459	Aux Det=20	O+H=388	 DONE
25/08/2023 05:32:20:	move motor	S18.axis2.piezo rotation to 0.149150deg	 DONE
25/08/2023 05:32:23:	40	count	time	5.000000s/cts	O Det=19	H Det=354	Mon Det=29187	Aux Det=14	O+H=387	 DONE
25/08/2023 05:32:31:	move motor	S18.axis2.piezo rotation to 0.149200deg	 DONE
25/08/2023 05:32:35:	41	count	time	5.000000s/cts	O Det=31	H Det=375	Mon Det=29054	Aux Det=34	O+H=440	 DONE
25/08/2023 05:32:42:	close file and end scan	 DONE
25/08/2023 05:32:43:	move motor	S18.axis2.piezo rotation to fit AUX PEAK65	0.148376reached 0.14838  DONE
25/08/2023 05:32:46:	END OF SCRIPT	 DONE
