01/09/2023 22:08:46:	start execution of script D:\data\Cycle 192ter\exp_3-16-14\rawdata\sc\rocking.sc	 DONE
01/09/2023 22:08:47:	create file	D:\data\Cycle 192ter\exp_3-16-14\rawdata\sc\rocking_01Sep2208.dat	 DONE
room to enter remarks DONE
01/09/2023 22:08:48:	move motor	S18.axis2.piezo rotation to 0.146000deg	 DONE
01/09/2023 22:08:52:	1	count	time	5.000000s/cts	O Det=5	H Det=50	Mon Det=31414	Aux Det=5	O+H=60	 DONE
01/09/2023 22:09:00:	move motor	S18.axis2.piezo rotation to 0.146050deg	 DONE
01/09/2023 22:09:03:	2	count	time	5.000000s/cts	O Det=1	H Det=68	Mon Det=31415	Aux Det=9	O+H=78	 DONE
01/09/2023 22:09:11:	move motor	S18.axis2.piezo rotation to 0.146100deg	 DONE
01/09/2023 22:09:15:	3	count	time	5.000000s/cts	O Det=4	H Det=78	Mon Det=31595	Aux Det=8	O+H=90	 DONE
01/09/2023 22:09:23:	move motor	S18.axis2.piezo rotation to 0.146150deg	 DONE
01/09/2023 22:09:26:	4	count	time	5.000000s/cts	O Det=1	H Det=81	Mon Det=31386	Aux Det=6	O+H=88	 DONE
01/09/2023 22:09:34:	move motor	S18.axis2.piezo rotation to 0.146200deg	 DONE
01/09/2023 22:09:37:	5	count	time	5.000000s/cts	O Det=10	H Det=101	Mon Det=31415	Aux Det=9	O+H=120	 DONE
01/09/2023 22:09:45:	move motor	S18.axis2.piezo rotation to 0.146250deg	 DONE
01/09/2023 22:09:48:	6	count	time	5.000000s/cts	O Det=3	H Det=99	Mon Det=31302	Aux Det=8	O+H=110	 DONE
01/09/2023 22:09:56:	move motor	S18.axis2.piezo rotation to 0.146300deg	 DONE
01/09/2023 22:09:59:	7	count	time	5.000000s/cts	O Det=6	H Det=100	Mon Det=31337	Aux Det=4	O+H=110	 DONE
01/09/2023 22:10:07:	move motor	S18.axis2.piezo rotation to 0.146350deg	 DONE
01/09/2023 22:10:10:	8	count	time	5.000000s/cts	O Det=5	H Det=91	Mon Det=31608	Aux Det=15	O+H=111	 DONE
01/09/2023 22:10:18:	move motor	S18.axis2.piezo rotation to 0.146400deg	 DONE
01/09/2023 22:10:21:	9	count	time	5.000000s/cts	O Det=8	H Det=130	Mon Det=30933	Aux Det=6	O+H=144	 DONE
01/09/2023 22:10:29:	move motor	S18.axis2.piezo rotation to 0.146450deg	 DONE
01/09/2023 22:10:32:	10	count	time	5.000000s/cts	O Det=7	H Det=155	Mon Det=31499	Aux Det=11	O+H=173	 DONE
01/09/2023 22:10:39:	move motor	S18.axis2.piezo rotation to 0.146500deg	 DONE
01/09/2023 22:10:43:	11	count	time	5.000000s/cts	O Det=9	H Det=147	Mon Det=31159	Aux Det=16	O+H=172	 DONE
01/09/2023 22:10:50:	move motor	S18.axis2.piezo rotation to 0.146550deg	 DONE
01/09/2023 22:10:54:	12	count	time	5.000000s/cts	O Det=8	H Det=187	Mon Det=31060	Aux Det=13	O+H=208	 DONE
01/09/2023 22:11:01:	move motor	S18.axis2.piezo rotation to 0.146600deg	STOPPED BY USER	01/09/2023 22:11:05:	close file and end scan	 DONE
01/09/2023 22:11:05:	move motor	S18.axis2.piezo rotation to fit AUX PEAK65	NaNreached 0.14661  DONE
01/09/2023 22:11:10:	END OF SCRIPT	 DONE
