29/08/2023 07:11:19:	start execution of script D:\data\Cycle 192ter\exp_3-16-14\rawdata\sc\rocking.sc	 DONE
29/08/2023 07:11:20:	create file	D:\data\Cycle 192ter\exp_3-16-14\rawdata\sc\rocking_29Aug0711.dat	 DONE
room to enter remarks DONE
29/08/2023 07:11:21:	move motor	S18.axis2.piezo rotation to 0.146300deg	 DONE
29/08/2023 07:11:25:	1	count	time	5.000000s/cts	O Det=3	H Det=124	Mon Det=31439	Aux Det=15	O+H=142	 DONE
29/08/2023 07:11:33:	move motor	S18.axis2.piezo rotation to 0.146350deg	 DONE
29/08/2023 07:11:36:	2	count	time	5.000000s/cts	O Det=7	H Det=131	Mon Det=31023	Aux Det=17	O+H=155	 DONE
29/08/2023 07:11:44:	move motor	S18.axis2.piezo rotation to 0.146400deg	 DONE
29/08/2023 07:11:47:	3	count	time	5.000000s/cts	O Det=5	H Det=168	Mon Det=31782	Aux Det=14	O+H=187	 DONE
29/08/2023 07:11:55:	move motor	S18.axis2.piezo rotation to 0.146450deg	 DONE
29/08/2023 07:11:58:	4	count	time	5.000000s/cts	O Det=4	H Det=176	Mon Det=31480	Aux Det=24	O+H=204	 DONE
29/08/2023 07:12:06:	move motor	S18.axis2.piezo rotation to 0.146500deg	 DONE
29/08/2023 07:12:10:	5	count	time	5.000000s/cts	O Det=6	H Det=174	Mon Det=31104	Aux Det=12	O+H=192	 DONE
29/08/2023 07:12:17:	move motor	S18.axis2.piezo rotation to 0.146550deg	 DONE
29/08/2023 07:12:21:	6	count	time	5.000000s/cts	O Det=11	H Det=199	Mon Det=31227	Aux Det=19	O+H=229	 DONE
29/08/2023 07:12:28:	move motor	S18.axis2.piezo rotation to 0.146600deg	 DONE
29/08/2023 07:12:32:	7	count	time	5.000000s/cts	O Det=7	H Det=214	Mon Det=31535	Aux Det=35	O+H=256	 DONE
29/08/2023 07:12:39:	move motor	S18.axis2.piezo rotation to 0.146650deg	 DONE
29/08/2023 07:12:43:	8	count	time	5.000000s/cts	O Det=10	H Det=293	Mon Det=31614	Aux Det=50	O+H=353	 DONE
29/08/2023 07:12:51:	move motor	S18.axis2.piezo rotation to 0.146700deg	 DONE
29/08/2023 07:12:54:	9	count	time	5.000000s/cts	O Det=11	H Det=362	Mon Det=31531	Aux Det=43	O+H=416	 DONE
29/08/2023 07:13:02:	move motor	S18.axis2.piezo rotation to 0.146750deg	 DONE
29/08/2023 07:13:05:	10	count	time	5.000000s/cts	O Det=23	H Det=391	Mon Det=31932	Aux Det=43	O+H=457	 DONE
29/08/2023 07:13:12:	move motor	S18.axis2.piezo rotation to 0.146800deg	 DONE
29/08/2023 07:13:16:	11	count	time	5.000000s/cts	O Det=25	H Det=456	Mon Det=31253	Aux Det=80	O+H=561	 DONE
29/08/2023 07:13:23:	move motor	S18.axis2.piezo rotation to 0.146850deg	 DONE
29/08/2023 07:13:27:	12	count	time	5.000000s/cts	O Det=33	H Det=526	Mon Det=31401	Aux Det=70	O+H=629	 DONE
29/08/2023 07:13:34:	move motor	S18.axis2.piezo rotation to 0.146900deg	 DONE
29/08/2023 07:13:37:	13	count	time	5.000000s/cts	O Det=64	H Det=647	Mon Det=31202	Aux Det=108	O+H=819	 DONE
29/08/2023 07:13:45:	move motor	S18.axis2.piezo rotation to 0.146950deg	 DONE
29/08/2023 07:13:48:	14	count	time	5.000000s/cts	O Det=36	H Det=903	Mon Det=31214	Aux Det=96	O+H=1035	 DONE
29/08/2023 07:13:56:	move motor	S18.axis2.piezo rotation to 0.147000deg	 DONE
29/08/2023 07:14:00:	15	count	time	5.000000s/cts	O Det=83	H Det=903	Mon Det=31354	Aux Det=223	O+H=1209	 DONE
29/08/2023 07:14:08:	move motor	S18.axis2.piezo rotation to 0.147050deg	 DONE
29/08/2023 07:14:11:	16	count	time	5.000000s/cts	O Det=89	H Det=986	Mon Det=31605	Aux Det=236	O+H=1311	 DONE
29/08/2023 07:14:19:	move motor	S18.axis2.piezo rotation to 0.147100deg	 DONE
29/08/2023 07:14:22:	17	count	time	5.000000s/cts	O Det=103	H Det=1076	Mon Det=31446	Aux Det=238	O+H=1417	 DONE
29/08/2023 07:14:30:	move motor	S18.axis2.piezo rotation to 0.147150deg	 DONE
29/08/2023 07:14:33:	18	count	time	5.000000s/cts	O Det=121	H Det=1099	Mon Det=31522	Aux Det=296	O+H=1516	 DONE
29/08/2023 07:14:40:	move motor	S18.axis2.piezo rotation to 0.147200deg	 DONE
29/08/2023 07:14:44:	19	count	time	5.000000s/cts	O Det=140	H Det=1024	Mon Det=31392	Aux Det=374	O+H=1538	 DONE
29/08/2023 07:14:51:	move motor	S18.axis2.piezo rotation to 0.147250deg	 DONE
29/08/2023 07:14:55:	20	count	time	5.000000s/cts	O Det=85	H Det=1121	Mon Det=31379	Aux Det=245	O+H=1451	 DONE
29/08/2023 07:15:02:	move motor	S18.axis2.piezo rotation to 0.147300deg	 DONE
29/08/2023 07:15:06:	21	count	time	5.000000s/cts	O Det=82	H Det=1013	Mon Det=31657	Aux Det=274	O+H=1369	 DONE
29/08/2023 07:15:14:	move motor	S18.axis2.piezo rotation to 0.147350deg	 DONE
29/08/2023 07:15:17:	22	count	time	5.000000s/cts	O Det=65	H Det=900	Mon Det=31069	Aux Det=188	O+H=1153	 DONE
29/08/2023 07:15:25:	move motor	S18.axis2.piezo rotation to 0.147400deg	 DONE
29/08/2023 07:15:28:	23	count	time	5.000000s/cts	O Det=58	H Det=774	Mon Det=30866	Aux Det=177	O+H=1009	 DONE
29/08/2023 07:15:36:	move motor	S18.axis2.piezo rotation to 0.147450deg	 DONE
29/08/2023 07:15:39:	24	count	time	5.000000s/cts	O Det=62	H Det=617	Mon Det=31698	Aux Det=162	O+H=841	 DONE
29/08/2023 07:15:47:	move motor	S18.axis2.piezo rotation to 0.147500deg	 DONE
29/08/2023 07:15:50:	25	count	time	5.000000s/cts	O Det=44	H Det=630	Mon Det=31520	Aux Det=129	O+H=803	 DONE
29/08/2023 07:15:58:	move motor	S18.axis2.piezo rotation to 0.147550deg	 DONE
29/08/2023 07:16:02:	26	count	time	5.000000s/cts	O Det=41	H Det=516	Mon Det=31625	Aux Det=91	O+H=648	 DONE
29/08/2023 07:16:09:	move motor	S18.axis2.piezo rotation to 0.147600deg	 DONE
29/08/2023 07:16:12:	27	count	time	5.000000s/cts	O Det=28	H Det=482	Mon Det=31396	Aux Det=56	O+H=566	 DONE
29/08/2023 07:16:20:	move motor	S18.axis2.piezo rotation to 0.147650deg	 DONE
29/08/2023 07:16:24:	28	count	time	5.000000s/cts	O Det=13	H Det=425	Mon Det=31723	Aux Det=32	O+H=470	 DONE
29/08/2023 07:16:31:	move motor	S18.axis2.piezo rotation to 0.147700deg	 DONE
29/08/2023 07:16:35:	29	count	time	5.000000s/cts	O Det=7	H Det=421	Mon Det=31734	Aux Det=23	O+H=451	 DONE
29/08/2023 07:16:42:	move motor	S18.axis2.piezo rotation to 0.147750deg	 DONE
29/08/2023 07:16:46:	30	count	time	5.000000s/cts	O Det=8	H Det=300	Mon Det=31316	Aux Det=23	O+H=331	 DONE
29/08/2023 07:16:53:	move motor	S18.axis2.piezo rotation to 0.147800deg	 DONE
29/08/2023 07:16:57:	31	count	time	5.000000s/cts	O Det=15	H Det=356	Mon Det=31894	Aux Det=26	O+H=397	 DONE
29/08/2023 07:17:04:	move motor	S18.axis2.piezo rotation to 0.147850deg	 DONE
29/08/2023 07:17:08:	32	count	time	5.000000s/cts	O Det=21	H Det=379	Mon Det=31272	Aux Det=38	O+H=438	 DONE
29/08/2023 07:17:16:	move motor	S18.axis2.piezo rotation to 0.147900deg	 DONE
29/08/2023 07:17:19:	33	count	time	5.000000s/cts	O Det=21	H Det=354	Mon Det=31671	Aux Det=43	O+H=418	 DONE
29/08/2023 07:17:26:	move motor	S18.axis2.piezo rotation to 0.147950deg	 DONE
29/08/2023 07:17:30:	34	count	time	5.000000s/cts	O Det=19	H Det=362	Mon Det=32175	Aux Det=22	O+H=403	 DONE
29/08/2023 07:17:37:	move motor	S18.axis2.piezo rotation to 0.148000deg	 DONE
29/08/2023 07:17:41:	35	count	time	5.000000s/cts	O Det=14	H Det=386	Mon Det=32376	Aux Det=18	O+H=418	 DONE
29/08/2023 07:17:49:	move motor	S18.axis2.piezo rotation to 0.148050deg	 DONE
29/08/2023 07:17:52:	36	count	time	5.000000s/cts	O Det=19	H Det=426	Mon Det=31755	Aux Det=40	O+H=485	 DONE
29/08/2023 07:17:59:	move motor	S18.axis2.piezo rotation to 0.148100deg	 DONE
29/08/2023 07:18:02:	37	count	time	5.000000s/cts	O Det=15	H Det=492	Mon Det=31654	Aux Det=36	O+H=543	 DONE
29/08/2023 07:18:10:	move motor	S18.axis2.piezo rotation to 0.148150deg	 DONE
29/08/2023 07:18:14:	38	count	time	5.000000s/cts	O Det=36	H Det=603	Mon Det=31580	Aux Det=72	O+H=711	 DONE
29/08/2023 07:18:21:	move motor	S18.axis2.piezo rotation to 0.148200deg	 DONE
29/08/2023 07:18:24:	39	count	time	5.000000s/cts	O Det=43	H Det=669	Mon Det=31722	Aux Det=99	O+H=811	 DONE
29/08/2023 07:18:32:	move motor	S18.axis2.piezo rotation to 0.148250deg	 DONE
29/08/2023 07:18:35:	40	count	time	5.000000s/cts	O Det=42	H Det=745	Mon Det=32420	Aux Det=107	O+H=894	 DONE
29/08/2023 07:18:43:	move motor	S18.axis2.piezo rotation to 0.148300deg	 DONE
29/08/2023 07:18:46:	41	count	time	5.000000s/cts	O Det=75	H Det=943	Mon Det=31287	Aux Det=203	O+H=1221	 DONE
29/08/2023 07:18:54:	close file and end scan	 DONE
29/08/2023 07:18:55:	move motor	S18.axis2.piezo rotation to fit AUX PEAK65	0.146952reached 0.14696  DONE
29/08/2023 07:18:58:	END OF SCRIPT	 DONE
