01/09/2023 19:12:51:	start execution of script D:\data\Cycle 192ter\exp_3-16-14\rawdata\sc\rocking.sc	 DONE
01/09/2023 19:12:51:	create file	D:\data\Cycle 192ter\exp_3-16-14\rawdata\sc\rocking_01Sep1912.dat	 DONE
room to enter remarks DONE
01/09/2023 19:12:52:	move motor	S18.axis2.piezo rotation to 0.146000deg	 DONE
01/09/2023 19:12:56:	1	count	time	5.000000s/cts	O Det=1	H Det=74	Mon Det=32638	Aux Det=4	O+H=79	 DONE
01/09/2023 19:13:04:	move motor	S18.axis2.piezo rotation to 0.146050deg	 DONE
01/09/2023 19:13:08:	2	count	time	5.000000s/cts	O Det=1	H Det=91	Mon Det=32593	Aux Det=9	O+H=101	 DONE
01/09/2023 19:13:15:	move motor	S18.axis2.piezo rotation to 0.146100deg	 DONE
01/09/2023 19:13:18:	3	count	time	5.000000s/cts	O Det=0	H Det=83	Mon Det=32872	Aux Det=1	O+H=84	 DONE
01/09/2023 19:13:26:	move motor	S18.axis2.piezo rotation to 0.146150deg	 DONE
01/09/2023 19:13:29:	4	count	time	5.000000s/cts	O Det=4	H Det=73	Mon Det=32538	Aux Det=3	O+H=80	 DONE
01/09/2023 19:13:37:	move motor	S18.axis2.piezo rotation to 0.146200deg	 DONE
01/09/2023 19:13:40:	5	count	time	5.000000s/cts	O Det=1	H Det=106	Mon Det=33007	Aux Det=3	O+H=110	 DONE
01/09/2023 19:13:48:	move motor	S18.axis2.piezo rotation to 0.146250deg	 DONE
01/09/2023 19:13:52:	6	count	time	5.000000s/cts	O Det=0	H Det=98	Mon Det=32361	Aux Det=2	O+H=100	 DONE
01/09/2023 19:13:59:	move motor	S18.axis2.piezo rotation to 0.146300deg	 DONE
01/09/2023 19:14:03:	7	count	time	5.000000s/cts	O Det=0	H Det=110	Mon Det=32948	Aux Det=8	O+H=118	 DONE
01/09/2023 19:14:10:	move motor	S18.axis2.piezo rotation to 0.146350deg	 DONE
01/09/2023 19:14:14:	8	count	time	5.000000s/cts	O Det=3	H Det=149	Mon Det=32768	Aux Det=6	O+H=158	 DONE
01/09/2023 19:14:21:	move motor	S18.axis2.piezo rotation to 0.146400deg	 DONE
01/09/2023 19:14:24:	9	count	time	5.000000s/cts	O Det=4	H Det=134	Mon Det=32740	Aux Det=10	O+H=148	 DONE
01/09/2023 19:14:32:	move motor	S18.axis2.piezo rotation to 0.146450deg	 DONE
01/09/2023 19:14:35:	10	count	time	5.000000s/cts	O Det=7	H Det=141	Mon Det=32755	Aux Det=10	O+H=158	 DONE
01/09/2023 19:14:43:	move motor	S18.axis2.piezo rotation to 0.146500deg	 DONE
01/09/2023 19:14:46:	11	count	time	5.000000s/cts	O Det=7	H Det=199	Mon Det=33339	Aux Det=11	O+H=217	 DONE
01/09/2023 19:14:54:	move motor	S18.axis2.piezo rotation to 0.146550deg	 DONE
01/09/2023 19:14:57:	12	count	time	5.000000s/cts	O Det=8	H Det=183	Mon Det=33302	Aux Det=3	O+H=194	 DONE
01/09/2023 19:15:05:	move motor	S18.axis2.piezo rotation to 0.146600deg	 DONE
01/09/2023 19:15:08:	13	count	time	5.000000s/cts	O Det=6	H Det=267	Mon Det=32955	Aux Det=8	O+H=281	 DONE
01/09/2023 19:15:15:	move motor	S18.axis2.piezo rotation to 0.146650deg	 DONE
01/09/2023 19:15:19:	14	count	time	5.000000s/cts	O Det=13	H Det=261	Mon Det=32808	Aux Det=12	O+H=286	 DONE
01/09/2023 19:15:26:	move motor	S18.axis2.piezo rotation to 0.146700deg	 DONE
01/09/2023 19:15:30:	15	count	time	5.000000s/cts	O Det=10	H Det=344	Mon Det=32822	Aux Det=14	O+H=368	 DONE
01/09/2023 19:15:37:	move motor	S18.axis2.piezo rotation to 0.146750deg	 DONE
01/09/2023 19:15:41:	16	count	time	5.000000s/cts	O Det=8	H Det=395	Mon Det=33246	Aux Det=14	O+H=417	 DONE
01/09/2023 19:15:48:	move motor	S18.axis2.piezo rotation to 0.146800deg	 DONE
01/09/2023 19:15:52:	17	count	time	5.000000s/cts	O Det=26	H Det=435	Mon Det=32763	Aux Det=27	O+H=488	 DONE
01/09/2023 19:15:59:	move motor	S18.axis2.piezo rotation to 0.146850deg	 DONE
01/09/2023 19:16:02:	18	count	time	5.000000s/cts	O Det=30	H Det=531	Mon Det=33155	Aux Det=22	O+H=583	 DONE
01/09/2023 19:16:10:	move motor	S18.axis2.piezo rotation to 0.146900deg	 DONE
01/09/2023 19:16:14:	19	count	time	5.000000s/cts	O Det=50	H Det=664	Mon Det=33086	Aux Det=40	O+H=754	 DONE
01/09/2023 19:16:21:	move motor	S18.axis2.piezo rotation to 0.146950deg	 DONE
01/09/2023 19:16:25:	20	count	time	5.000000s/cts	O Det=41	H Det=777	Mon Det=32779	Aux Det=49	O+H=867	 DONE
01/09/2023 19:16:32:	move motor	S18.axis2.piezo rotation to 0.147000deg	 DONE
01/09/2023 19:16:36:	21	count	time	5.000000s/cts	O Det=61	H Det=908	Mon Det=32857	Aux Det=50	O+H=1019	 DONE
01/09/2023 19:16:43:	move motor	S18.axis2.piezo rotation to 0.147050deg	 DONE
01/09/2023 19:16:46:	22	count	time	5.000000s/cts	O Det=67	H Det=1081	Mon Det=32865	Aux Det=73	O+H=1221	 DONE
01/09/2023 19:16:54:	move motor	S18.axis2.piezo rotation to 0.147100deg	 DONE
01/09/2023 19:16:57:	23	count	time	5.000000s/cts	O Det=62	H Det=1271	Mon Det=33538	Aux Det=63	O+H=1396	 DONE
01/09/2023 19:17:05:	move motor	S18.axis2.piezo rotation to 0.147150deg	 DONE
01/09/2023 19:17:08:	24	count	time	5.000000s/cts	O Det=73	H Det=1352	Mon Det=33144	Aux Det=57	O+H=1482	 DONE
01/09/2023 19:17:16:	move motor	S18.axis2.piezo rotation to 0.147200deg	 DONE
01/09/2023 19:17:19:	25	count	time	5.000000s/cts	O Det=56	H Det=1404	Mon Det=32836	Aux Det=54	O+H=1514	 DONE
01/09/2023 19:17:27:	move motor	S18.axis2.piezo rotation to 0.147250deg	 DONE
01/09/2023 19:17:30:	26	count	time	5.000000s/cts	O Det=61	H Det=1442	Mon Det=32704	Aux Det=69	O+H=1572	 DONE
01/09/2023 19:17:38:	move motor	S18.axis2.piezo rotation to 0.147300deg	 DONE
01/09/2023 19:17:41:	27	count	time	5.000000s/cts	O Det=41	H Det=1318	Mon Det=33106	Aux Det=59	O+H=1418	 DONE
01/09/2023 19:17:49:	move motor	S18.axis2.piezo rotation to 0.147350deg	 DONE
01/09/2023 19:17:52:	28	count	time	5.000000s/cts	O Det=39	H Det=1112	Mon Det=32761	Aux Det=52	O+H=1203	 DONE
01/09/2023 19:18:00:	move motor	S18.axis2.piezo rotation to 0.147400deg	 DONE
01/09/2023 19:18:03:	29	count	time	5.000000s/cts	O Det=41	H Det=1050	Mon Det=32721	Aux Det=32	O+H=1123	 DONE
01/09/2023 19:18:11:	move motor	S18.axis2.piezo rotation to 0.147450deg	 DONE
01/09/2023 19:18:14:	30	count	time	5.000000s/cts	O Det=36	H Det=817	Mon Det=33415	Aux Det=41	O+H=894	 DONE
01/09/2023 19:18:22:	move motor	S18.axis2.piezo rotation to 0.147500deg	 DONE
01/09/2023 19:18:25:	31	count	time	5.000000s/cts	O Det=35	H Det=767	Mon Det=32623	Aux Det=34	O+H=836	 DONE
01/09/2023 19:18:33:	move motor	S18.axis2.piezo rotation to 0.147550deg	 DONE
01/09/2023 19:18:36:	32	count	time	5.000000s/cts	O Det=35	H Det=635	Mon Det=33134	Aux Det=44	O+H=714	 DONE
01/09/2023 19:18:44:	move motor	S18.axis2.piezo rotation to 0.147600deg	 DONE
01/09/2023 19:18:47:	33	count	time	5.000000s/cts	O Det=30	H Det=520	Mon Det=32461	Aux Det=39	O+H=589	 DONE
01/09/2023 19:18:54:	move motor	S18.axis2.piezo rotation to 0.147650deg	 DONE
01/09/2023 19:18:58:	34	count	time	5.000000s/cts	O Det=19	H Det=429	Mon Det=32982	Aux Det=38	O+H=486	 DONE
01/09/2023 19:19:05:	move motor	S18.axis2.piezo rotation to 0.147700deg	 DONE
01/09/2023 19:19:09:	35	count	time	5.000000s/cts	O Det=8	H Det=364	Mon Det=33197	Aux Det=15	O+H=387	 DONE
01/09/2023 19:19:16:	move motor	S18.axis2.piezo rotation to 0.147750deg	 DONE
01/09/2023 19:19:19:	36	count	time	5.000000s/cts	O Det=15	H Det=375	Mon Det=33345	Aux Det=10	O+H=400	 DONE
01/09/2023 19:19:27:	move motor	S18.axis2.piezo rotation to 0.147800deg	 DONE
01/09/2023 19:19:30:	37	count	time	5.000000s/cts	O Det=11	H Det=371	Mon Det=32443	Aux Det=12	O+H=394	 DONE
01/09/2023 19:19:38:	move motor	S18.axis2.piezo rotation to 0.147850deg	 DONE
01/09/2023 19:19:41:	38	count	time	5.000000s/cts	O Det=19	H Det=377	Mon Det=32717	Aux Det=27	O+H=423	 DONE
01/09/2023 19:19:49:	move motor	S18.axis2.piezo rotation to 0.147900deg	 DONE
01/09/2023 19:19:52:	39	count	time	5.000000s/cts	O Det=23	H Det=371	Mon Det=32590	Aux Det=44	O+H=438	 DONE
01/09/2023 19:20:00:	move motor	S18.axis2.piezo rotation to 0.147950deg	 DONE
01/09/2023 19:20:03:	40	count	time	5.000000s/cts	O Det=19	H Det=359	Mon Det=33198	Aux Det=28	O+H=406	 DONE
01/09/2023 19:20:11:	move motor	S18.axis2.piezo rotation to 0.148000deg	 DONE
01/09/2023 19:20:14:	41	count	time	5.000000s/cts	O Det=15	H Det=372	Mon Det=32780	Aux Det=34	O+H=421	 DONE
01/09/2023 19:20:22:	close file and end scan	 DONE
01/09/2023 19:20:22:	move motor	S18.axis2.piezo rotation to fit AUX PEAK65	0.147164reached 0.14716  DONE
01/09/2023 19:20:26:	END OF SCRIPT	 DONE
