24/09/2023 23:50:21:	start execution of script D:\data\Cycle 192ter\exp_3-16-14\rawdata\sc\rockingL.sc	 DONE
24/09/2023 23:50:21:	create file	D:\data\Cycle 192ter\exp_3-16-14\rawdata\sc\rocking_24Sep2350.dat	 DONE
room to enter remarks DONE
24/09/2023 23:50:22:	move motor	S18.axis2.piezo rotation to 0.146500deg	 DONE
24/09/2023 23:50:26:	1	count	time	5.000000s/cts	O Det=16	H Det=494	Mon Det=30436	Aux Det=31	O+H=510	 DONE
24/09/2023 23:50:34:	move motor	S18.axis2.piezo rotation to 0.146550deg	 DONE
24/09/2023 23:50:37:	2	count	time	5.000000s/cts	O Det=19	H Det=506	Mon Det=30789	Aux Det=51	O+H=525	 DONE
24/09/2023 23:50:45:	move motor	S18.axis2.piezo rotation to 0.146600deg	 DONE
24/09/2023 23:50:48:	3	count	time	5.000000s/cts	O Det=37	H Det=626	Mon Det=30867	Aux Det=50	O+H=663	 DONE
24/09/2023 23:50:56:	move motor	S18.axis2.piezo rotation to 0.146650deg	 DONE
24/09/2023 23:50:59:	4	count	time	5.000000s/cts	O Det=41	H Det=712	Mon Det=30867	Aux Det=85	O+H=753	 DONE
24/09/2023 23:51:06:	move motor	S18.axis2.piezo rotation to 0.146700deg	 DONE
24/09/2023 23:51:10:	5	count	time	5.000000s/cts	O Det=46	H Det=880	Mon Det=30328	Aux Det=105	O+H=926	 DONE
24/09/2023 23:51:18:	move motor	S18.axis2.piezo rotation to 0.146750deg	 DONE
24/09/2023 23:51:21:	6	count	time	5.000000s/cts	O Det=87	H Det=925	Mon Det=30751	Aux Det=139	O+H=1012	 DONE
24/09/2023 23:51:28:	move motor	S18.axis2.piezo rotation to 0.146800deg	 DONE
24/09/2023 23:51:32:	7	count	time	5.000000s/cts	O Det=78	H Det=1142	Mon Det=30576	Aux Det=181	O+H=1220	 DONE
24/09/2023 23:51:39:	move motor	S18.axis2.piezo rotation to 0.146850deg	 DONE
24/09/2023 23:51:42:	8	count	time	5.000000s/cts	O Det=90	H Det=1202	Mon Det=30547	Aux Det=182	O+H=1292	 DONE
24/09/2023 23:51:50:	move motor	S18.axis2.piezo rotation to 0.146900deg	 DONE
24/09/2023 23:51:53:	9	count	time	5.000000s/cts	O Det=76	H Det=1321	Mon Det=30277	Aux Det=155	O+H=1397	 DONE
24/09/2023 23:52:01:	move motor	S18.axis2.piezo rotation to 0.146950deg	 DONE
24/09/2023 23:52:04:	10	count	time	5.000000s/cts	O Det=81	H Det=1229	Mon Det=30826	Aux Det=183	O+H=1310	 DONE
24/09/2023 23:52:12:	move motor	S18.axis2.piezo rotation to 0.147000deg	 DONE
24/09/2023 23:52:15:	11	count	time	5.000000s/cts	O Det=82	H Det=1252	Mon Det=30951	Aux Det=206	O+H=1334	 DONE
24/09/2023 23:52:23:	move motor	S18.axis2.piezo rotation to 0.147050deg	 DONE
24/09/2023 23:52:26:	12	count	time	5.000000s/cts	O Det=70	H Det=1130	Mon Det=30510	Aux Det=219	O+H=1200	 DONE
24/09/2023 23:52:34:	move motor	S18.axis2.piezo rotation to 0.147100deg	 DONE
24/09/2023 23:52:37:	13	count	time	5.000000s/cts	O Det=52	H Det=1094	Mon Det=30488	Aux Det=169	O+H=1146	 DONE
24/09/2023 23:52:45:	move motor	S18.axis2.piezo rotation to 0.147150deg	 DONE
24/09/2023 23:52:48:	14	count	time	5.000000s/cts	O Det=46	H Det=894	Mon Det=31019	Aux Det=103	O+H=940	 DONE
24/09/2023 23:52:55:	move motor	S18.axis2.piezo rotation to 0.147200deg	 DONE
24/09/2023 23:52:59:	15	count	time	5.000000s/cts	O Det=45	H Det=751	Mon Det=30603	Aux Det=94	O+H=796	 DONE
24/09/2023 23:53:06:	move motor	S18.axis2.piezo rotation to 0.147250deg	 DONE
24/09/2023 23:53:10:	16	count	time	5.000000s/cts	O Det=31	H Det=659	Mon Det=30734	Aux Det=85	O+H=690	 DONE
24/09/2023 23:53:17:	move motor	S18.axis2.piezo rotation to 0.147300deg	 DONE
24/09/2023 23:53:21:	17	count	time	5.000000s/cts	O Det=43	H Det=583	Mon Det=30583	Aux Det=67	O+H=626	 DONE
24/09/2023 23:53:29:	move motor	S18.axis2.piezo rotation to 0.147350deg	 DONE
24/09/2023 23:53:32:	18	count	time	5.000000s/cts	O Det=24	H Det=444	Mon Det=30682	Aux Det=45	O+H=468	 DONE
24/09/2023 23:53:40:	move motor	S18.axis2.piezo rotation to 0.147400deg	 DONE
24/09/2023 23:53:43:	19	count	time	5.000000s/cts	O Det=16	H Det=433	Mon Det=30517	Aux Det=31	O+H=449	 DONE
24/09/2023 23:53:50:	move motor	S18.axis2.piezo rotation to 0.147450deg	 DONE
24/09/2023 23:53:54:	20	count	time	5.000000s/cts	O Det=9	H Det=379	Mon Det=30616	Aux Det=14	O+H=388	 DONE
24/09/2023 23:54:01:	move motor	S18.axis2.piezo rotation to 0.147500deg	 DONE
24/09/2023 23:54:04:	21	count	time	5.000000s/cts	O Det=9	H Det=343	Mon Det=31002	Aux Det=16	O+H=352	 DONE
24/09/2023 23:54:12:	move motor	S18.axis2.piezo rotation to 0.147550deg	 DONE
24/09/2023 23:54:16:	22	count	time	5.000000s/cts	O Det=10	H Det=352	Mon Det=30943	Aux Det=18	O+H=362	 DONE
24/09/2023 23:54:23:	move motor	S18.axis2.piezo rotation to 0.147600deg	 DONE
24/09/2023 23:54:26:	23	count	time	5.000000s/cts	O Det=16	H Det=398	Mon Det=30737	Aux Det=33	O+H=414	 DONE
24/09/2023 23:54:34:	move motor	S18.axis2.piezo rotation to 0.147650deg	 DONE
24/09/2023 23:54:37:	24	count	time	5.000000s/cts	O Det=30	H Det=383	Mon Det=30759	Aux Det=47	O+H=413	 DONE
24/09/2023 23:54:45:	move motor	S18.axis2.piezo rotation to 0.147700deg	 DONE
24/09/2023 23:54:48:	25	count	time	5.000000s/cts	O Det=19	H Det=369	Mon Det=30566	Aux Det=34	O+H=388	 DONE
24/09/2023 23:54:56:	move motor	S18.axis2.piezo rotation to 0.147750deg	 DONE
24/09/2023 23:54:59:	26	count	time	5.000000s/cts	O Det=12	H Det=405	Mon Det=30440	Aux Det=29	O+H=417	 DONE
24/09/2023 23:55:07:	move motor	S18.axis2.piezo rotation to 0.147800deg	 DONE
24/09/2023 23:55:10:	27	count	time	5.000000s/cts	O Det=17	H Det=472	Mon Det=30469	Aux Det=16	O+H=489	 DONE
24/09/2023 23:55:17:	move motor	S18.axis2.piezo rotation to 0.147850deg	 DONE
24/09/2023 23:55:21:	28	count	time	5.000000s/cts	O Det=17	H Det=495	Mon Det=30687	Aux Det=26	O+H=512	 DONE
24/09/2023 23:55:28:	move motor	S18.axis2.piezo rotation to 0.147900deg	 DONE
24/09/2023 23:55:31:	29	count	time	5.000000s/cts	O Det=16	H Det=588	Mon Det=30569	Aux Det=30	O+H=604	 DONE
24/09/2023 23:55:39:	move motor	S18.axis2.piezo rotation to 0.147950deg	 DONE
24/09/2023 23:55:42:	30	count	time	5.000000s/cts	O Det=28	H Det=734	Mon Det=30848	Aux Det=74	O+H=762	 DONE
24/09/2023 23:55:50:	move motor	S18.axis2.piezo rotation to 0.148000deg	 DONE
24/09/2023 23:55:53:	31	count	time	5.000000s/cts	O Det=34	H Det=869	Mon Det=30565	Aux Det=91	O+H=903	 DONE
24/09/2023 23:56:01:	move motor	S18.axis2.piezo rotation to 0.148050deg	 DONE
24/09/2023 23:56:04:	32	count	time	5.000000s/cts	O Det=60	H Det=966	Mon Det=30428	Aux Det=83	O+H=1026	 DONE
24/09/2023 23:56:11:	move motor	S18.axis2.piezo rotation to 0.148100deg	 DONE
24/09/2023 23:56:15:	33	count	time	5.000000s/cts	O Det=57	H Det=1150	Mon Det=30449	Aux Det=126	O+H=1207	 DONE
24/09/2023 23:56:22:	move motor	S18.axis2.piezo rotation to 0.148150deg	 DONE
24/09/2023 23:56:25:	34	count	time	5.000000s/cts	O Det=81	H Det=1286	Mon Det=30344	Aux Det=146	O+H=1367	 DONE
24/09/2023 23:56:33:	move motor	S18.axis2.piezo rotation to 0.148200deg	 DONE
24/09/2023 23:56:37:	35	count	time	5.000000s/cts	O Det=85	H Det=1297	Mon Det=30383	Aux Det=197	O+H=1382	 DONE
24/09/2023 23:56:44:	move motor	S18.axis2.piezo rotation to 0.148250deg	 DONE
24/09/2023 23:56:48:	36	count	time	5.000000s/cts	O Det=86	H Det=1268	Mon Det=30783	Aux Det=170	O+H=1354	 DONE
24/09/2023 23:56:55:	move motor	S18.axis2.piezo rotation to 0.148300deg	 DONE
24/09/2023 23:56:59:	37	count	time	5.000000s/cts	O Det=69	H Det=1247	Mon Det=30692	Aux Det=137	O+H=1316	 DONE
24/09/2023 23:57:06:	move motor	S18.axis2.piezo rotation to 0.148350deg	 DONE
24/09/2023 23:57:10:	38	count	time	5.000000s/cts	O Det=76	H Det=1125	Mon Det=30168	Aux Det=143	O+H=1201	 DONE
24/09/2023 23:57:17:	move motor	S18.axis2.piezo rotation to 0.148400deg	 DONE
24/09/2023 23:57:21:	39	count	time	5.000000s/cts	O Det=45	H Det=1159	Mon Det=31091	Aux Det=103	O+H=1204	 DONE
24/09/2023 23:57:28:	move motor	S18.axis2.piezo rotation to 0.148450deg	 DONE
24/09/2023 23:57:31:	40	count	time	5.000000s/cts	O Det=46	H Det=862	Mon Det=30563	Aux Det=107	O+H=908	 DONE
24/09/2023 23:57:39:	move motor	S18.axis2.piezo rotation to 0.148500deg	 DONE
24/09/2023 23:57:42:	41	count	time	5.000000s/cts	O Det=33	H Det=745	Mon Det=30946	Aux Det=68	O+H=778	 DONE
24/09/2023 23:57:50:	move motor	S18.axis2.piezo rotation to 0.148550deg	 DONE
24/09/2023 23:57:53:	42	count	time	5.000000s/cts	O Det=35	H Det=584	Mon Det=30913	Aux Det=70	O+H=619	 DONE
24/09/2023 23:58:01:	move motor	S18.axis2.piezo rotation to 0.148600deg	 DONE
24/09/2023 23:58:04:	43	count	time	5.000000s/cts	O Det=21	H Det=494	Mon Det=30785	Aux Det=37	O+H=515	 DONE
24/09/2023 23:58:12:	move motor	S18.axis2.piezo rotation to 0.148650deg	 DONE
24/09/2023 23:58:15:	44	count	time	5.000000s/cts	O Det=15	H Det=450	Mon Det=30574	Aux Det=38	O+H=465	 DONE
24/09/2023 23:58:23:	move motor	S18.axis2.piezo rotation to 0.148700deg	 DONE
24/09/2023 23:58:26:	45	count	time	5.000000s/cts	O Det=11	H Det=344	Mon Det=30726	Aux Det=23	O+H=355	 DONE
24/09/2023 23:58:34:	move motor	S18.axis2.piezo rotation to 0.148750deg	 DONE
24/09/2023 23:58:37:	46	count	time	5.000000s/cts	O Det=7	H Det=293	Mon Det=30495	Aux Det=15	O+H=300	 DONE
24/09/2023 23:58:45:	move motor	S18.axis2.piezo rotation to 0.148800deg	 DONE
24/09/2023 23:58:48:	47	count	time	5.000000s/cts	O Det=10	H Det=280	Mon Det=30801	Aux Det=9	O+H=290	 DONE
24/09/2023 23:58:56:	move motor	S18.axis2.piezo rotation to 0.148850deg	 DONE
24/09/2023 23:58:59:	48	count	time	5.000000s/cts	O Det=4	H Det=239	Mon Det=30594	Aux Det=12	O+H=243	 DONE
24/09/2023 23:59:07:	move motor	S18.axis2.piezo rotation to 0.148900deg	 DONE
24/09/2023 23:59:10:	49	count	time	5.000000s/cts	O Det=4	H Det=156	Mon Det=30658	Aux Det=12	O+H=160	 DONE
24/09/2023 23:59:18:	move motor	S18.axis2.piezo rotation to 0.148950deg	 DONE
24/09/2023 23:59:21:	50	count	time	5.000000s/cts	O Det=5	H Det=171	Mon Det=30658	Aux Det=10	O+H=176	 DONE
24/09/2023 23:59:29:	move motor	S18.axis2.piezo rotation to 0.149000deg	 DONE
24/09/2023 23:59:32:	51	count	time	5.000000s/cts	O Det=1	H Det=167	Mon Det=30321	Aux Det=7	O+H=168	 DONE
24/09/2023 23:59:40:	move motor	S18.axis2.piezo rotation to 0.149050deg	 DONE
24/09/2023 23:59:43:	52	count	time	5.000000s/cts	O Det=1	H Det=131	Mon Det=30329	Aux Det=5	O+H=132	 DONE
24/09/2023 23:59:51:	move motor	S18.axis2.piezo rotation to 0.149100deg	 DONE
24/09/2023 23:59:54:	53	count	time	5.000000s/cts	O Det=3	H Det=116	Mon Det=30326	Aux Det=6	O+H=119	 DONE
25/09/2023 00:00:02:	move motor	S18.axis2.piezo rotation to 0.149150deg	 DONE
25/09/2023 00:00:05:	54	count	time	5.000000s/cts	O Det=1	H Det=114	Mon Det=30644	Aux Det=10	O+H=115	 DONE
25/09/2023 00:00:13:	move motor	S18.axis2.piezo rotation to 0.149200deg	 DONE
25/09/2023 00:00:16:	55	count	time	5.000000s/cts	O Det=1	H Det=88	Mon Det=30738	Aux Det=6	O+H=89	 DONE
25/09/2023 00:00:23:	move motor	S18.axis2.piezo rotation to 0.149250deg	 DONE
25/09/2023 00:00:26:	56	count	time	5.000000s/cts	O Det=0	H Det=100	Mon Det=31173	Aux Det=10	O+H=100	 DONE
25/09/2023 00:00:34:	move motor	S18.axis2.piezo rotation to 0.149300deg	 DONE
25/09/2023 00:00:37:	57	count	time	5.000000s/cts	O Det=1	H Det=83	Mon Det=30487	Aux Det=5	O+H=84	 DONE
25/09/2023 00:00:45:	move motor	S18.axis2.piezo rotation to 0.149350deg	 DONE
25/09/2023 00:00:48:	58	count	time	5.000000s/cts	O Det=1	H Det=74	Mon Det=30617	Aux Det=3	O+H=75	 DONE
25/09/2023 00:00:56:	move motor	S18.axis2.piezo rotation to 0.149400deg	 DONE
25/09/2023 00:00:59:	59	count	time	5.000000s/cts	O Det=1	H Det=56	Mon Det=30374	Aux Det=6	O+H=57	 DONE
25/09/2023 00:01:07:	move motor	S18.axis2.piezo rotation to 0.149450deg	 DONE
25/09/2023 00:01:10:	60	count	time	5.000000s/cts	O Det=0	H Det=57	Mon Det=30444	Aux Det=4	O+H=57	 DONE
25/09/2023 00:01:18:	move motor	S18.axis2.piezo rotation to 0.149500deg	 DONE
25/09/2023 00:01:21:	61	count	time	5.000000s/cts	O Det=2	H Det=64	Mon Det=30940	Aux Det=3	O+H=66	 DONE
25/09/2023 00:01:29:	close file and end scan	 DONE
25/09/2023 00:01:29:	move motor	S18.axis2.piezo rotation to fit AUX LPEAK45	0.146951reached 0.14696  DONE
25/09/2023 00:01:32:	END OF SCRIPT	 DONE
