25/08/2023 11:31:34:	start execution of script D:\data\Cycle 192ter\exp_3-16-14\rawdata\sc\rocking.sc	 DONE
25/08/2023 11:31:35:	create file	D:\data\Cycle 192ter\exp_3-16-14\rawdata\sc\rocking_25Aug1131.dat	 DONE
room to enter remarks DONE
25/08/2023 11:31:36:	move motor	S18.axis2.piezo rotation to 0.147200deg	 DONE
25/08/2023 11:31:40:	1	count	time	5.000000s/cts	O Det=3	H Det=61	Mon Det=28929	Aux Det=3	O+H=67	 DONE
25/08/2023 11:31:47:	move motor	S18.axis2.piezo rotation to 0.147250deg	 DONE
25/08/2023 11:31:51:	2	count	time	5.000000s/cts	O Det=1	H Det=75	Mon Det=29279	Aux Det=3	O+H=79	 DONE
25/08/2023 11:31:58:	move motor	S18.axis2.piezo rotation to 0.147300deg	 DONE
25/08/2023 11:32:02:	3	count	time	5.000000s/cts	O Det=2	H Det=64	Mon Det=29382	Aux Det=7	O+H=73	 DONE
25/08/2023 11:32:09:	move motor	S18.axis2.piezo rotation to 0.147350deg	 DONE
25/08/2023 11:32:13:	4	count	time	5.000000s/cts	O Det=3	H Det=49	Mon Det=29610	Aux Det=10	O+H=62	 DONE
25/08/2023 11:32:20:	move motor	S18.axis2.piezo rotation to 0.147400deg	 DONE
25/08/2023 11:32:23:	5	count	time	5.000000s/cts	O Det=3	H Det=71	Mon Det=27215	Aux Det=4	O+H=78	 DONE
25/08/2023 11:32:31:	move motor	S18.axis2.piezo rotation to 0.147450deg	 DONE
25/08/2023 11:32:34:	6	count	time	5.000000s/cts	O Det=3	H Det=66	Mon Det=29378	Aux Det=14	O+H=83	 DONE
25/08/2023 11:32:42:	move motor	S18.axis2.piezo rotation to 0.147500deg	 DONE
25/08/2023 11:32:45:	7	count	time	5.000000s/cts	O Det=4	H Det=92	Mon Det=29307	Aux Det=14	O+H=110	 DONE
25/08/2023 11:32:53:	move motor	S18.axis2.piezo rotation to 0.147550deg	 DONE
25/08/2023 11:32:56:	8	count	time	5.000000s/cts	O Det=4	H Det=76	Mon Det=29281	Aux Det=9	O+H=89	 DONE
25/08/2023 11:33:03:	move motor	S18.axis2.piezo rotation to 0.147600deg	 DONE
25/08/2023 11:33:07:	9	count	time	5.000000s/cts	O Det=6	H Det=107	Mon Det=29394	Aux Det=13	O+H=126	 DONE
25/08/2023 11:33:14:	move motor	S18.axis2.piezo rotation to 0.147650deg	 DONE
25/08/2023 11:33:18:	10	count	time	5.000000s/cts	O Det=8	H Det=140	Mon Det=28919	Aux Det=7	O+H=155	 DONE
25/08/2023 11:33:25:	move motor	S18.axis2.piezo rotation to 0.147700deg	 DONE
25/08/2023 11:33:29:	11	count	time	5.000000s/cts	O Det=7	H Det=132	Mon Det=29682	Aux Det=12	O+H=151	 DONE
25/08/2023 11:33:36:	move motor	S18.axis2.piezo rotation to 0.147750deg	 DONE
25/08/2023 11:33:40:	12	count	time	5.000000s/cts	O Det=6	H Det=154	Mon Det=29409	Aux Det=11	O+H=171	 DONE
25/08/2023 11:33:47:	move motor	S18.axis2.piezo rotation to 0.147800deg	 DONE
25/08/2023 11:33:50:	13	count	time	5.000000s/cts	O Det=8	H Det=195	Mon Det=29498	Aux Det=29	O+H=232	 DONE
25/08/2023 11:33:58:	move motor	S18.axis2.piezo rotation to 0.147850deg	 DONE
25/08/2023 11:34:01:	14	count	time	5.000000s/cts	O Det=8	H Det=194	Mon Det=29482	Aux Det=19	O+H=221	 DONE
25/08/2023 11:34:09:	move motor	S18.axis2.piezo rotation to 0.147900deg	 DONE
25/08/2023 11:34:12:	15	count	time	5.000000s/cts	O Det=12	H Det=216	Mon Det=29557	Aux Det=33	O+H=261	 DONE
25/08/2023 11:34:20:	move motor	S18.axis2.piezo rotation to 0.147950deg	 DONE
25/08/2023 11:34:23:	16	count	time	5.000000s/cts	O Det=20	H Det=235	Mon Det=29350	Aux Det=42	O+H=297	 DONE
25/08/2023 11:34:30:	move motor	S18.axis2.piezo rotation to 0.148000deg	 DONE
25/08/2023 11:34:33:	17	count	time	5.000000s/cts	O Det=23	H Det=290	Mon Det=29291	Aux Det=59	O+H=372	 DONE
25/08/2023 11:34:41:	move motor	S18.axis2.piezo rotation to 0.148050deg	 DONE
25/08/2023 11:34:44:	18	count	time	5.000000s/cts	O Det=45	H Det=368	Mon Det=29363	Aux Det=60	O+H=473	 DONE
25/08/2023 11:34:52:	move motor	S18.axis2.piezo rotation to 0.148100deg	 DONE
25/08/2023 11:34:55:	19	count	time	5.000000s/cts	O Det=55	H Det=440	Mon Det=29294	Aux Det=85	O+H=580	 DONE
25/08/2023 11:35:03:	move motor	S18.axis2.piezo rotation to 0.148150deg	 DONE
25/08/2023 11:35:06:	20	count	time	5.000000s/cts	O Det=71	H Det=547	Mon Det=29465	Aux Det=123	O+H=741	 DONE
25/08/2023 11:35:14:	move motor	S18.axis2.piezo rotation to 0.148200deg	 DONE
25/08/2023 11:35:17:	21	count	time	5.000000s/cts	O Det=88	H Det=641	Mon Det=29314	Aux Det=141	O+H=870	 DONE
25/08/2023 11:35:24:	move motor	S18.axis2.piezo rotation to 0.148250deg	 DONE
25/08/2023 11:35:27:	22	count	time	5.000000s/cts	O Det=91	H Det=727	Mon Det=29600	Aux Det=202	O+H=1020	 DONE
25/08/2023 11:35:35:	move motor	S18.axis2.piezo rotation to 0.148300deg	 DONE
25/08/2023 11:35:38:	23	count	time	5.000000s/cts	O Det=96	H Det=857	Mon Det=29063	Aux Det=241	O+H=1194	 DONE
25/08/2023 11:35:46:	move motor	S18.axis2.piezo rotation to 0.148350deg	 DONE
25/08/2023 11:35:49:	24	count	time	5.000000s/cts	O Det=89	H Det=977	Mon Det=29347	Aux Det=232	O+H=1298	 DONE
25/08/2023 11:35:57:	move motor	S18.axis2.piezo rotation to 0.148400deg	 DONE
25/08/2023 11:36:00:	25	count	time	5.000000s/cts	O Det=93	H Det=1139	Mon Det=28989	Aux Det=236	O+H=1468	 DONE
25/08/2023 11:36:08:	move motor	S18.axis2.piezo rotation to 0.148450deg	 DONE
25/08/2023 11:36:11:	26	count	time	5.000000s/cts	O Det=83	H Det=1133	Mon Det=29074	Aux Det=272	O+H=1488	 DONE
25/08/2023 11:36:18:	move motor	S18.axis2.piezo rotation to 0.148500deg	 DONE
25/08/2023 11:36:22:	27	count	time	5.000000s/cts	O Det=67	H Det=1187	Mon Det=29446	Aux Det=226	O+H=1480	 DONE
25/08/2023 11:36:29:	move motor	S18.axis2.piezo rotation to 0.148550deg	 DONE
25/08/2023 11:36:32:	28	count	time	5.000000s/cts	O Det=70	H Det=1020	Mon Det=29232	Aux Det=222	O+H=1312	 DONE
25/08/2023 11:36:40:	move motor	S18.axis2.piezo rotation to 0.148600deg	 DONE
25/08/2023 11:36:43:	29	count	time	5.000000s/cts	O Det=59	H Det=927	Mon Det=29434	Aux Det=178	O+H=1164	 DONE
25/08/2023 11:36:51:	move motor	S18.axis2.piezo rotation to 0.148650deg	 DONE
25/08/2023 11:36:54:	30	count	time	5.000000s/cts	O Det=58	H Det=791	Mon Det=29659	Aux Det=143	O+H=992	 DONE
25/08/2023 11:37:02:	move motor	S18.axis2.piezo rotation to 0.148700deg	 DONE
25/08/2023 11:37:05:	31	count	time	5.000000s/cts	O Det=36	H Det=753	Mon Det=29259	Aux Det=126	O+H=915	 DONE
25/08/2023 11:37:13:	move motor	S18.axis2.piezo rotation to 0.148750deg	 DONE
25/08/2023 11:37:16:	32	count	time	5.000000s/cts	O Det=32	H Det=619	Mon Det=29468	Aux Det=77	O+H=728	 DONE
25/08/2023 11:37:24:	move motor	S18.axis2.piezo rotation to 0.148800deg	 DONE
25/08/2023 11:37:27:	33	count	time	5.000000s/cts	O Det=35	H Det=578	Mon Det=29146	Aux Det=83	O+H=696	 DONE
25/08/2023 11:37:34:	move motor	S18.axis2.piezo rotation to 0.148850deg	 DONE
25/08/2023 11:37:38:	34	count	time	5.000000s/cts	O Det=41	H Det=449	Mon Det=29642	Aux Det=44	O+H=534	 DONE
25/08/2023 11:37:46:	move motor	S18.axis2.piezo rotation to 0.148900deg	 DONE
25/08/2023 11:37:49:	35	count	time	5.000000s/cts	O Det=15	H Det=343	Mon Det=29255	Aux Det=30	O+H=388	 DONE
25/08/2023 11:37:57:	move motor	S18.axis2.piezo rotation to 0.148950deg	 DONE
25/08/2023 11:38:00:	36	count	time	5.000000s/cts	O Det=13	H Det=310	Mon Det=29308	Aux Det=30	O+H=353	 DONE
25/08/2023 11:38:07:	move motor	S18.axis2.piezo rotation to 0.149000deg	 DONE
25/08/2023 11:38:10:	37	count	time	5.000000s/cts	O Det=14	H Det=304	Mon Det=29557	Aux Det=35	O+H=353	 DONE
25/08/2023 11:38:18:	move motor	S18.axis2.piezo rotation to 0.149050deg	 DONE
25/08/2023 11:38:21:	38	count	time	5.000000s/cts	O Det=12	H Det=327	Mon Det=29122	Aux Det=30	O+H=369	 DONE
25/08/2023 11:38:29:	move motor	S18.axis2.piezo rotation to 0.149100deg	 DONE
25/08/2023 11:38:32:	39	count	time	5.000000s/cts	O Det=26	H Det=375	Mon Det=29569	Aux Det=31	O+H=432	 DONE
25/08/2023 11:38:40:	move motor	S18.axis2.piezo rotation to 0.149150deg	 DONE
25/08/2023 11:38:43:	40	count	time	5.000000s/cts	O Det=25	H Det=336	Mon Det=29507	Aux Det=35	O+H=396	 DONE
25/08/2023 11:38:51:	move motor	S18.axis2.piezo rotation to 0.149200deg	 DONE
25/08/2023 11:38:54:	41	count	time	5.000000s/cts	O Det=18	H Det=348	Mon Det=29468	Aux Det=34	O+H=400	 DONE
25/08/2023 11:39:01:	close file and end scan	 DONE
25/08/2023 11:39:02:	move motor	S18.axis2.piezo rotation to fit AUX PEAK65	0.148418reached 0.14839  DONE
25/08/2023 11:39:04:	END OF SCRIPT	 DONE
