30/09/2023 22:56:26:	start execution of script D:\data\Cycle 192ter\exp_3-16-14\rawdata\sc\rockingCamWide.sc	 DONE
30/09/2023 22:56:27:	COUNT MODE	Camera DONE
30/09/2023 22:56:28:	create file	D:\data\Cycle 192ter\exp_3-16-14\rawdata\temperedSiTest\rockingCam_30Sep2256.dat	 DONE
room to enter remarks DONE
30/09/2023 22:56:29:	move motor	S18.axis2.piezo rotation to 1.327200deg	 DONE
30/09/2023 22:56:33:	1	count	time	600.000000s/cts	O Det=29506	H Det=10432	Mon Det=4091735	Aux Det=20619	O+H=39938	 DONE
30/09/2023 23:06:52:	move motor	S18.axis2.piezo rotation to 1.327400deg	 DONE
30/09/2023 23:06:56:	2	count	time	600.000000s/cts	O Det=34305	H Det=11290	Mon Det=4090633	Aux Det=20458	O+H=45595	 DONE
30/09/2023 23:17:13:	move motor	S18.axis2.piezo rotation to 1.327600deg	 DONE
30/09/2023 23:17:17:	3	count	time	600.000000s/cts	O Det=37045	H Det=12045	Mon Det=4091501	Aux Det=20466	O+H=49090	 DONE
30/09/2023 23:27:32:	move motor	S18.axis2.piezo rotation to 1.327800deg	 DONE
30/09/2023 23:27:35:	4	count	time	600.000000s/cts	O Det=41259	H Det=13095	Mon Det=4094853	Aux Det=20555	O+H=54354	 DONE
30/09/2023 23:37:49:	move motor	S18.axis2.piezo rotation to 1.328000deg	 DONE
30/09/2023 23:37:52:	5	count	time	600.000000s/cts	O Det=45578	H Det=14189	Mon Det=4088713	Aux Det=20616	O+H=59767	 DONE
30/09/2023 23:48:04:	move motor	S18.axis2.piezo rotation to 1.328200deg	 DONE
30/09/2023 23:48:08:	6	count	time	600.000000s/cts	O Det=50491	H Det=15292	Mon Det=4091091	Aux Det=20467	O+H=65783	 DONE
30/09/2023 23:58:21:	move motor	S18.axis2.piezo rotation to 1.328400deg	 DONE
30/09/2023 23:58:25:	7	count	time	600.000000s/cts	O Det=56274	H Det=16772	Mon Det=4091090	Aux Det=20680	O+H=73046	 DONE
01/10/2023 00:08:35:	move motor	S18.axis2.piezo rotation to 1.328600deg	 DONE
01/10/2023 00:08:39:	8	count	time	600.000000s/cts	O Det=63705	H Det=18335	Mon Det=4090416	Aux Det=20890	O+H=82040	 DONE
01/10/2023 00:18:49:	move motor	S18.axis2.piezo rotation to 1.328800deg	 DONE
01/10/2023 00:18:53:	9	count	time	600.000000s/cts	O Det=73529	H Det=20251	Mon Det=4091348	Aux Det=20974	O+H=93780	 DONE
01/10/2023 00:29:02:	move motor	S18.axis2.piezo rotation to 1.329000deg	 DONE
01/10/2023 00:29:06:	10	count	time	600.000000s/cts	O Det=86075	H Det=22795	Mon Det=4088091	Aux Det=20991	O+H=108870	 DONE
01/10/2023 00:39:14:	move motor	S18.axis2.piezo rotation to 1.329200deg	 DONE
01/10/2023 00:39:18:	11	count	time	600.000000s/cts	O Det=100181	H Det=25095	Mon Det=4087983	Aux Det=21070	O+H=125276	 DONE
01/10/2023 00:49:27:	move motor	S18.axis2.piezo rotation to 1.329400deg	 DONE
01/10/2023 00:49:31:	12	count	time	600.000000s/cts	O Det=123433	H Det=28934	Mon Det=4085427	Aux Det=21406	O+H=152367	 DONE
01/10/2023 00:59:43:	move motor	S18.axis2.piezo rotation to 1.329600deg	 DONE
01/10/2023 00:59:47:	13	count	time	600.000000s/cts	O Det=149563	H Det=32985	Mon Det=4084631	Aux Det=21534	O+H=182548	 DONE
01/10/2023 01:09:55:	move motor	S18.axis2.piezo rotation to 1.329800deg	 DONE
01/10/2023 01:09:58:	14	count	time	600.000000s/cts	O Det=196487	H Det=39248	Mon Det=4079865	Aux Det=21547	O+H=235735	 DONE
01/10/2023 01:20:07:	move motor	S18.axis2.piezo rotation to 1.330000deg	 DONE
01/10/2023 01:20:11:	15	count	time	600.000000s/cts	O Det=254759	H Det=45107	Mon Det=4083882	Aux Det=21577	O+H=299866	 DONE
01/10/2023 01:30:19:	move motor	S18.axis2.piezo rotation to 1.330200deg	 DONE
01/10/2023 01:30:23:	16	count	time	600.000000s/cts	O Det=353660	H Det=53434	Mon Det=4088345	Aux Det=21879	O+H=407094	 DONE
01/10/2023 01:40:31:	move motor	S18.axis2.piezo rotation to 1.330400deg	 DONE
01/10/2023 01:40:35:	17	count	time	600.000000s/cts	O Det=479770	H Det=62598	Mon Det=4081860	Aux Det=21665	O+H=542368	 DONE
01/10/2023 01:50:43:	move motor	S18.axis2.piezo rotation to 1.330600deg	 DONE
01/10/2023 01:50:47:	18	count	time	600.000000s/cts	O Det=596902	H Det=74238	Mon Det=4083840	Aux Det=21577	O+H=671140	 DONE
01/10/2023 02:00:58:	move motor	S18.axis2.piezo rotation to 1.330800deg	 DONE
01/10/2023 02:01:02:	19	count	time	600.000000s/cts	O Det=701519	H Det=95103	Mon Det=4089693	Aux Det=21547	O+H=796622	 DONE
01/10/2023 02:11:10:	move motor	S18.axis2.piezo rotation to 1.331000deg	 DONE
01/10/2023 02:11:13:	20	count	time	600.000000s/cts	O Det=730361	H Det=123587	Mon Det=4088340	Aux Det=21731	O+H=853948	 DONE
01/10/2023 02:21:21:	move motor	S18.axis2.piezo rotation to 1.331200deg	 DONE
01/10/2023 02:21:25:	21	count	time	600.000000s/cts	O Det=702293	H Det=149851	Mon Det=4090615	Aux Det=21621	O+H=852144	 DONE
01/10/2023 02:31:33:	move motor	S18.axis2.piezo rotation to 1.331400deg	 DONE
01/10/2023 02:31:36:	22	count	time	600.000000s/cts	O Det=626695	H Det=161750	Mon Det=4080284	Aux Det=22116	O+H=788445	 DONE
01/10/2023 02:41:44:	move motor	S18.axis2.piezo rotation to 1.331600deg	 DONE
01/10/2023 02:41:47:	23	count	time	600.000000s/cts	O Det=516084	H Det=151333	Mon Det=4080807	Aux Det=22339	O+H=667417	 DONE
01/10/2023 02:51:54:	move motor	S18.axis2.piezo rotation to 1.331800deg	 DONE
01/10/2023 02:51:58:	24	count	time	600.000000s/cts	O Det=403495	H Det=130605	Mon Det=4084688	Aux Det=22157	O+H=534100	 DONE
01/10/2023 03:02:09:	move motor	S18.axis2.piezo rotation to 1.332000deg	 DONE
01/10/2023 03:02:12:	25	count	time	600.000000s/cts	O Det=299077	H Det=108362	Mon Det=4079901	Aux Det=22204	O+H=407439	 DONE
01/10/2023 03:12:21:	move motor	S18.axis2.piezo rotation to 1.332200deg	 DONE
01/10/2023 03:12:25:	26	count	time	600.000000s/cts	O Det=231390	H Det=85804	Mon Det=4079424	Aux Det=22176	O+H=317194	 DONE
01/10/2023 03:22:34:	move motor	S18.axis2.piezo rotation to 1.332400deg	 DONE
01/10/2023 03:22:38:	27	count	time	600.000000s/cts	O Det=172684	H Det=65510	Mon Det=4076383	Aux Det=21859	O+H=238194	 DONE
01/10/2023 03:32:47:	move motor	S18.axis2.piezo rotation to 1.332600deg	 DONE
01/10/2023 03:32:51:	28	count	time	600.000000s/cts	O Det=140420	H Det=52097	Mon Det=4080017	Aux Det=21676	O+H=192517	 DONE
01/10/2023 03:43:00:	move motor	S18.axis2.piezo rotation to 1.332800deg	 DONE
01/10/2023 03:43:04:	29	count	time	600.000000s/cts	O Det=113895	H Det=42317	Mon Det=4081149	Aux Det=21645	O+H=156212	 DONE
01/10/2023 03:53:13:	move motor	S18.axis2.piezo rotation to 1.333000deg	 DONE
01/10/2023 03:53:17:	30	count	time	600.000000s/cts	O Det=100487	H Det=35795	Mon Det=4084363	Aux Det=21336	O+H=136282	 DONE
01/10/2023 04:03:28:	move motor	S18.axis2.piezo rotation to 1.333200deg	 DONE
01/10/2023 04:03:31:	31	count	time	600.000000s/cts	O Det=85549	H Det=29577	Mon Det=4082162	Aux Det=21526	O+H=115126	 DONE
01/10/2023 04:13:40:	move motor	S18.axis2.piezo rotation to 1.333400deg	 DONE
01/10/2023 04:13:44:	32	count	time	600.000000s/cts	O Det=76615	H Det=26045	Mon Det=4082106	Aux Det=21671	O+H=102660	 DONE
01/10/2023 04:23:53:	move motor	S18.axis2.piezo rotation to 1.333600deg	 DONE
01/10/2023 04:23:56:	33	count	time	600.000000s/cts	O Det=67616	H Det=22495	Mon Det=4082397	Aux Det=21240	O+H=90111	 DONE
01/10/2023 04:34:06:	move motor	S18.axis2.piezo rotation to 1.333800deg	 DONE
01/10/2023 04:34:10:	34	count	time	600.000000s/cts	O Det=61092	H Det=20091	Mon Det=4085299	Aux Det=21706	O+H=81183	 DONE
01/10/2023 04:44:20:	move motor	S18.axis2.piezo rotation to 1.334000deg	 DONE
01/10/2023 04:44:24:	35	count	time	600.000000s/cts	O Det=55346	H Det=18009	Mon Det=4087352	Aux Det=21365	O+H=73355	 DONE
01/10/2023 04:54:37:	move motor	S18.axis2.piezo rotation to 1.334200deg	 DONE
01/10/2023 04:54:41:	36	count	time	600.000000s/cts	O Det=50878	H Det=16341	Mon Det=4080907	Aux Det=21381	O+H=67219	 DONE
01/10/2023 05:04:55:	COUNT MODE	standard DONE
01/10/2023 05:04:55:	close file and end scan	saving D:\data\Cycle 192ter\exp_3-16-14\rawdata\temperedSiTest\rockingCam_30Sep2256.tif  DONE
01/10/2023 05:04:56:	END OF SCRIPT	 DONE
