18/09/2023 18:33:25:	start execution of script D:\data\Cycle 192ter\exp_3-16-14\rawdata\sc\rockingL.sc	 DONE
18/09/2023 18:33:26:	create file	D:\data\Cycle 192ter\exp_3-16-14\rawdata\sc\rocking_18Sep1833.dat	 DONE
room to enter remarks DONE
18/09/2023 18:33:27:	move motor	S18.axis2.piezo rotation to 0.146500deg	 DONE
18/09/2023 18:33:31:	1	count	time	5.000000s/cts	O Det=0	H Det=3	Mon Det=31431	Aux Det=10	O+H=3	 DONE
18/09/2023 18:33:39:	move motor	S18.axis2.piezo rotation to 0.146550deg	 DONE
18/09/2023 18:33:42:	2	count	time	5.000000s/cts	O Det=0	H Det=3	Mon Det=31660	Aux Det=7	O+H=3	 DONE
18/09/2023 18:33:50:	move motor	S18.axis2.piezo rotation to 0.146600deg	 DONE
18/09/2023 18:33:53:	3	count	time	5.000000s/cts	O Det=1	H Det=4	Mon Det=31285	Aux Det=3	O+H=5	 DONE
18/09/2023 18:34:00:	move motor	S18.axis2.piezo rotation to 0.146650deg	 DONE
18/09/2023 18:34:04:	4	count	time	5.000000s/cts	O Det=1	H Det=0	Mon Det=30809	Aux Det=9	O+H=1	 DONE
18/09/2023 18:34:11:	move motor	S18.axis2.piezo rotation to 0.146700deg	 DONE
18/09/2023 18:34:15:	5	count	time	5.000000s/cts	O Det=1	H Det=6	Mon Det=31004	Aux Det=6	O+H=7	 DONE
18/09/2023 18:34:22:	move motor	S18.axis2.piezo rotation to 0.146750deg	 DONE
18/09/2023 18:34:25:	6	count	time	5.000000s/cts	O Det=0	H Det=6	Mon Det=31229	Aux Det=10	O+H=6	 DONE
18/09/2023 18:34:33:	move motor	S18.axis2.piezo rotation to 0.146800deg	 DONE
18/09/2023 18:34:36:	7	count	time	5.000000s/cts	O Det=3	H Det=8	Mon Det=30936	Aux Det=2	O+H=11	 DONE
18/09/2023 18:34:44:	move motor	S18.axis2.piezo rotation to 0.146850deg	 DONE
18/09/2023 18:34:47:	8	count	time	5.000000s/cts	O Det=1	H Det=12	Mon Det=31424	Aux Det=4	O+H=13	 DONE
18/09/2023 18:34:55:	move motor	S18.axis2.piezo rotation to 0.146900deg	 DONE
18/09/2023 18:34:58:	9	count	time	5.000000s/cts	O Det=0	H Det=8	Mon Det=30835	Aux Det=6	O+H=8	STOPPED BY USER	18/09/2023 18:35:06:	close file and end scan	 DONE
18/09/2023 18:35:07:	move motor	S18.axis2.piezo rotation to fit AUX LPEAK45	NaNreached 0.14690  DONE
18/09/2023 18:35:12:	END OF SCRIPT	 DONE
