18/09/2023 18:35:53:	start execution of script D:\data\Cycle 192ter\exp_3-16-14\rawdata\sc\rockingL.sc	 DONE
18/09/2023 18:35:53:	create file	D:\data\Cycle 192ter\exp_3-16-14\rawdata\sc\rocking_18Sep1835.dat	 DONE
room to enter remarks DONE
18/09/2023 18:35:54:	move motor	S18.axis2.piezo rotation to 0.146500deg	 DONE
18/09/2023 18:35:58:	1	count	time	5.000000s/cts	O Det=4	H Det=122	Mon Det=31393	Aux Det=14	O+H=126	 DONE
18/09/2023 18:36:06:	move motor	S18.axis2.piezo rotation to 0.146550deg	 DONE
18/09/2023 18:36:09:	2	count	time	5.000000s/cts	O Det=7	H Det=107	Mon Det=31290	Aux Det=8	O+H=114	 DONE
18/09/2023 18:36:17:	move motor	S18.axis2.piezo rotation to 0.146600deg	 DONE
18/09/2023 18:36:20:	3	count	time	5.000000s/cts	O Det=8	H Det=141	Mon Det=31455	Aux Det=16	O+H=149	 DONE
18/09/2023 18:36:28:	move motor	S18.axis2.piezo rotation to 0.146650deg	 DONE
18/09/2023 18:36:31:	4	count	time	5.000000s/cts	O Det=4	H Det=136	Mon Det=31326	Aux Det=23	O+H=140	 DONE
18/09/2023 18:36:39:	move motor	S18.axis2.piezo rotation to 0.146700deg	 DONE
18/09/2023 18:36:42:	5	count	time	5.000000s/cts	O Det=4	H Det=156	Mon Det=31632	Aux Det=20	O+H=160	 DONE
18/09/2023 18:36:50:	move motor	S18.axis2.piezo rotation to 0.146750deg	 DONE
18/09/2023 18:36:53:	6	count	time	5.000000s/cts	O Det=6	H Det=200	Mon Det=31665	Aux Det=20	O+H=206	 DONE
18/09/2023 18:37:01:	move motor	S18.axis2.piezo rotation to 0.146800deg	 DONE
18/09/2023 18:37:04:	7	count	time	5.000000s/cts	O Det=9	H Det=190	Mon Det=31133	Aux Det=34	O+H=199	 DONE
18/09/2023 18:37:12:	move motor	S18.axis2.piezo rotation to 0.146850deg	 DONE
18/09/2023 18:37:15:	8	count	time	5.000000s/cts	O Det=11	H Det=230	Mon Det=31024	Aux Det=27	O+H=241	 DONE
18/09/2023 18:37:23:	move motor	S18.axis2.piezo rotation to 0.146900deg	 DONE
18/09/2023 18:37:26:	9	count	time	5.000000s/cts	O Det=16	H Det=249	Mon Det=31610	Aux Det=41	O+H=265	 DONE
18/09/2023 18:37:34:	move motor	S18.axis2.piezo rotation to 0.146950deg	 DONE
18/09/2023 18:37:37:	10	count	time	5.000000s/cts	O Det=21	H Det=306	Mon Det=30871	Aux Det=64	O+H=327	 DONE
18/09/2023 18:37:45:	move motor	S18.axis2.piezo rotation to 0.147000deg	 DONE
18/09/2023 18:37:48:	11	count	time	5.000000s/cts	O Det=32	H Det=342	Mon Det=31206	Aux Det=82	O+H=374	 DONE
18/09/2023 18:37:56:	move motor	S18.axis2.piezo rotation to 0.147050deg	 DONE
18/09/2023 18:37:59:	12	count	time	5.000000s/cts	O Det=44	H Det=421	Mon Det=30939	Aux Det=108	O+H=465	 DONE
18/09/2023 18:38:07:	move motor	S18.axis2.piezo rotation to 0.147100deg	 DONE
18/09/2023 18:38:10:	13	count	time	5.000000s/cts	O Det=67	H Det=471	Mon Det=31553	Aux Det=174	O+H=538	 DONE
18/09/2023 18:38:18:	move motor	S18.axis2.piezo rotation to 0.147150deg	 DONE
18/09/2023 18:38:21:	14	count	time	5.000000s/cts	O Det=95	H Det=469	Mon Det=31720	Aux Det=193	O+H=564	 DONE
18/09/2023 18:38:29:	move motor	S18.axis2.piezo rotation to 0.147200deg	 DONE
18/09/2023 18:38:32:	15	count	time	5.000000s/cts	O Det=113	H Det=551	Mon Det=31433	Aux Det=239	O+H=664	 DONE
18/09/2023 18:38:39:	move motor	S18.axis2.piezo rotation to 0.147250deg	 DONE
18/09/2023 18:38:43:	16	count	time	5.000000s/cts	O Det=133	H Det=619	Mon Det=31514	Aux Det=349	O+H=752	 DONE
18/09/2023 18:38:50:	move motor	S18.axis2.piezo rotation to 0.147300deg	 DONE
18/09/2023 18:38:54:	17	count	time	5.000000s/cts	O Det=150	H Det=648	Mon Det=31203	Aux Det=467	O+H=798	 DONE
18/09/2023 18:39:02:	move motor	S18.axis2.piezo rotation to 0.147350deg	 DONE
18/09/2023 18:39:05:	18	count	time	5.000000s/cts	O Det=196	H Det=704	Mon Det=31398	Aux Det=558	O+H=900	 DONE
18/09/2023 18:39:12:	move motor	S18.axis2.piezo rotation to 0.147400deg	 DONE
18/09/2023 18:39:16:	19	count	time	5.000000s/cts	O Det=187	H Det=720	Mon Det=31195	Aux Det=542	O+H=907	 DONE
18/09/2023 18:39:24:	move motor	S18.axis2.piezo rotation to 0.147450deg	 DONE
18/09/2023 18:39:27:	20	count	time	5.000000s/cts	O Det=180	H Det=752	Mon Det=31302	Aux Det=597	O+H=932	 DONE
18/09/2023 18:39:34:	move motor	S18.axis2.piezo rotation to 0.147500deg	 DONE
18/09/2023 18:39:38:	21	count	time	5.000000s/cts	O Det=205	H Det=729	Mon Det=31357	Aux Det=558	O+H=934	 DONE
18/09/2023 18:39:45:	move motor	S18.axis2.piezo rotation to 0.147550deg	 DONE
18/09/2023 18:39:49:	22	count	time	5.000000s/cts	O Det=179	H Det=642	Mon Det=31613	Aux Det=513	O+H=821	 DONE
18/09/2023 18:39:56:	move motor	S18.axis2.piezo rotation to 0.147600deg	 DONE
18/09/2023 18:39:59:	23	count	time	5.000000s/cts	O Det=155	H Det=593	Mon Det=31334	Aux Det=516	O+H=748	 DONE
18/09/2023 18:40:07:	move motor	S18.axis2.piezo rotation to 0.147650deg	 DONE
18/09/2023 18:40:10:	24	count	time	5.000000s/cts	O Det=110	H Det=527	Mon Det=31165	Aux Det=405	O+H=637	 DONE
18/09/2023 18:40:18:	move motor	S18.axis2.piezo rotation to 0.147700deg	 DONE
18/09/2023 18:40:21:	25	count	time	5.000000s/cts	O Det=122	H Det=451	Mon Det=31297	Aux Det=296	O+H=573	 DONE
18/09/2023 18:40:29:	move motor	S18.axis2.piezo rotation to 0.147750deg	 DONE
18/09/2023 18:40:32:	26	count	time	5.000000s/cts	O Det=97	H Det=458	Mon Det=31883	Aux Det=246	O+H=555	 DONE
18/09/2023 18:40:40:	move motor	S18.axis2.piezo rotation to 0.147800deg	 DONE
18/09/2023 18:40:43:	27	count	time	5.000000s/cts	O Det=70	H Det=470	Mon Det=31234	Aux Det=147	O+H=540	 DONE
18/09/2023 18:40:51:	move motor	S18.axis2.piezo rotation to 0.147850deg	 DONE
18/09/2023 18:40:54:	28	count	time	5.000000s/cts	O Det=44	H Det=395	Mon Det=30968	Aux Det=106	O+H=439	 DONE
18/09/2023 18:41:02:	move motor	S18.axis2.piezo rotation to 0.147900deg	 DONE
18/09/2023 18:41:05:	29	count	time	5.000000s/cts	O Det=31	H Det=308	Mon Det=31759	Aux Det=70	O+H=339	 DONE
18/09/2023 18:41:13:	move motor	S18.axis2.piezo rotation to 0.147950deg	 DONE
18/09/2023 18:41:16:	30	count	time	5.000000s/cts	O Det=36	H Det=307	Mon Det=31461	Aux Det=54	O+H=343	 DONE
18/09/2023 18:41:24:	move motor	S18.axis2.piezo rotation to 0.148000deg	 DONE
18/09/2023 18:41:27:	31	count	time	5.000000s/cts	O Det=16	H Det=328	Mon Det=31235	Aux Det=51	O+H=344	 DONE
18/09/2023 18:41:35:	move motor	S18.axis2.piezo rotation to 0.148050deg	 DONE
18/09/2023 18:41:38:	32	count	time	5.000000s/cts	O Det=19	H Det=332	Mon Det=31293	Aux Det=54	O+H=351	 DONE
18/09/2023 18:41:46:	move motor	S18.axis2.piezo rotation to 0.148100deg	 DONE
18/09/2023 18:41:49:	33	count	time	5.000000s/cts	O Det=32	H Det=370	Mon Det=31419	Aux Det=50	O+H=402	 DONE
18/09/2023 18:41:57:	move motor	S18.axis2.piezo rotation to 0.148150deg	 DONE
18/09/2023 18:42:00:	34	count	time	5.000000s/cts	O Det=44	H Det=373	Mon Det=31170	Aux Det=51	O+H=417	 DONE
18/09/2023 18:42:08:	move motor	S18.axis2.piezo rotation to 0.148200deg	 DONE
18/09/2023 18:42:11:	35	count	time	5.000000s/cts	O Det=34	H Det=364	Mon Det=31336	Aux Det=47	O+H=398	 DONE
18/09/2023 18:42:18:	move motor	S18.axis2.piezo rotation to 0.148250deg	 DONE
18/09/2023 18:42:22:	36	count	time	5.000000s/cts	O Det=36	H Det=365	Mon Det=31215	Aux Det=64	O+H=401	 DONE
18/09/2023 18:42:29:	move motor	S18.axis2.piezo rotation to 0.148300deg	 DONE
18/09/2023 18:42:33:	37	count	time	5.000000s/cts	O Det=38	H Det=359	Mon Det=31231	Aux Det=72	O+H=397	 DONE
18/09/2023 18:42:41:	move motor	S18.axis2.piezo rotation to 0.148350deg	 DONE
18/09/2023 18:42:44:	38	count	time	5.000000s/cts	O Det=37	H Det=445	Mon Det=31463	Aux Det=104	O+H=482	 DONE
18/09/2023 18:42:51:	move motor	S18.axis2.piezo rotation to 0.148400deg	 DONE
18/09/2023 18:42:55:	39	count	time	5.000000s/cts	O Det=54	H Det=469	Mon Det=31197	Aux Det=145	O+H=523	 DONE
18/09/2023 18:43:02:	move motor	S18.axis2.piezo rotation to 0.148450deg	 DONE
18/09/2023 18:43:06:	40	count	time	5.000000s/cts	O Det=69	H Det=499	Mon Det=31392	Aux Det=233	O+H=568	 DONE
18/09/2023 18:43:13:	move motor	S18.axis2.piezo rotation to 0.148500deg	 DONE
18/09/2023 18:43:17:	41	count	time	5.000000s/cts	O Det=86	H Det=603	Mon Det=31634	Aux Det=298	O+H=689	 DONE
18/09/2023 18:43:24:	move motor	S18.axis2.piezo rotation to 0.148550deg	 DONE
18/09/2023 18:43:28:	42	count	time	5.000000s/cts	O Det=127	H Det=643	Mon Det=31412	Aux Det=361	O+H=770	 DONE
18/09/2023 18:43:35:	move motor	S18.axis2.piezo rotation to 0.148600deg	 DONE
18/09/2023 18:43:39:	43	count	time	5.000000s/cts	O Det=139	H Det=734	Mon Det=31425	Aux Det=461	O+H=873	 DONE
18/09/2023 18:43:46:	move motor	S18.axis2.piezo rotation to 0.148650deg	 DONE
18/09/2023 18:43:50:	44	count	time	5.000000s/cts	O Det=175	H Det=772	Mon Det=31517	Aux Det=522	O+H=947	 DONE
18/09/2023 18:43:57:	move motor	S18.axis2.piezo rotation to 0.148700deg	 DONE
18/09/2023 18:44:01:	45	count	time	5.000000s/cts	O Det=229	H Det=686	Mon Det=31467	Aux Det=593	O+H=915	 DONE
18/09/2023 18:44:08:	move motor	S18.axis2.piezo rotation to 0.148750deg	 DONE
18/09/2023 18:44:12:	46	count	time	5.000000s/cts	O Det=208	H Det=716	Mon Det=31712	Aux Det=587	O+H=924	 DONE
18/09/2023 18:44:19:	move motor	S18.axis2.piezo rotation to 0.148800deg	 DONE
18/09/2023 18:44:23:	47	count	time	5.000000s/cts	O Det=192	H Det=671	Mon Det=31202	Aux Det=539	O+H=863	 DONE
18/09/2023 18:44:31:	move motor	S18.axis2.piezo rotation to 0.148850deg	 DONE
18/09/2023 18:44:34:	48	count	time	5.000000s/cts	O Det=183	H Det=568	Mon Det=31534	Aux Det=490	O+H=751	 DONE
18/09/2023 18:44:41:	move motor	S18.axis2.piezo rotation to 0.148900deg	 DONE
18/09/2023 18:44:45:	49	count	time	5.000000s/cts	O Det=168	H Det=539	Mon Det=31195	Aux Det=430	O+H=707	 DONE
18/09/2023 18:44:52:	move motor	S18.axis2.piezo rotation to 0.148950deg	 DONE
18/09/2023 18:44:55:	50	count	time	5.000000s/cts	O Det=142	H Det=509	Mon Det=31772	Aux Det=334	O+H=651	 DONE
18/09/2023 18:45:03:	move motor	S18.axis2.piezo rotation to 0.149000deg	 DONE
18/09/2023 18:45:07:	51	count	time	5.000000s/cts	O Det=111	H Det=414	Mon Det=31465	Aux Det=251	O+H=525	 DONE
18/09/2023 18:45:14:	move motor	S18.axis2.piezo rotation to 0.149050deg	 DONE
18/09/2023 18:45:18:	52	count	time	5.000000s/cts	O Det=66	H Det=381	Mon Det=31226	Aux Det=205	O+H=447	 DONE
18/09/2023 18:45:25:	move motor	S18.axis2.piezo rotation to 0.149100deg	 DONE
18/09/2023 18:45:29:	53	count	time	5.000000s/cts	O Det=51	H Det=306	Mon Det=31340	Aux Det=165	O+H=357	 DONE
18/09/2023 18:45:36:	move motor	S18.axis2.piezo rotation to 0.149150deg	 DONE
18/09/2023 18:45:39:	54	count	time	5.000000s/cts	O Det=50	H Det=296	Mon Det=31224	Aux Det=132	O+H=346	 DONE
18/09/2023 18:45:47:	move motor	S18.axis2.piezo rotation to 0.149200deg	 DONE
18/09/2023 18:45:50:	55	count	time	5.000000s/cts	O Det=29	H Det=274	Mon Det=31326	Aux Det=81	O+H=303	 DONE
18/09/2023 18:45:58:	move motor	S18.axis2.piezo rotation to 0.149250deg	 DONE
18/09/2023 18:46:01:	56	count	time	5.000000s/cts	O Det=24	H Det=231	Mon Det=31314	Aux Det=68	O+H=255	 DONE
18/09/2023 18:46:09:	move motor	S18.axis2.piezo rotation to 0.149300deg	 DONE
18/09/2023 18:46:12:	57	count	time	5.000000s/cts	O Det=16	H Det=199	Mon Det=31251	Aux Det=64	O+H=215	 DONE
18/09/2023 18:46:20:	move motor	S18.axis2.piezo rotation to 0.149350deg	 DONE
18/09/2023 18:46:23:	58	count	time	5.000000s/cts	O Det=13	H Det=169	Mon Det=31872	Aux Det=27	O+H=182	 DONE
18/09/2023 18:46:31:	move motor	S18.axis2.piezo rotation to 0.149400deg	 DONE
18/09/2023 18:46:34:	59	count	time	5.000000s/cts	O Det=13	H Det=175	Mon Det=31621	Aux Det=16	O+H=188	 DONE
18/09/2023 18:46:42:	move motor	S18.axis2.piezo rotation to 0.149450deg	 DONE
18/09/2023 18:46:45:	60	count	time	5.000000s/cts	O Det=8	H Det=170	Mon Det=31679	Aux Det=30	O+H=178	 DONE
18/09/2023 18:46:53:	move motor	S18.axis2.piezo rotation to 0.149500deg	 DONE
18/09/2023 18:46:56:	61	count	time	5.000000s/cts	O Det=15	H Det=110	Mon Det=31552	Aux Det=18	O+H=125	 DONE
18/09/2023 18:47:03:	close file and end scan	 DONE
18/09/2023 18:47:04:	move motor	S18.axis2.piezo rotation to fit AUX LPEAK45	0.147462reached 0.14746  DONE
18/09/2023 18:47:07:	END OF SCRIPT	 DONE
