23/08/2023 18:46:59:	start execution of script D:\data\Cycle 192ter\exp_3-16-14\rawdata\sc\rocking.sc	 DONE
23/08/2023 18:47:00:	create file	D:\data\Cycle 192ter\exp_3-16-14\rawdata\sc\rocking_23Aug1847.dat	 DONE
room to enter remarks DONE
23/08/2023 18:47:01:	move motor	S18.axis2.piezo rotation to 0.147000deg	 DONE
23/08/2023 18:47:05:	1	count	time	5.000000s/cts	O Det=3	H Det=64	Mon Det=29162	Aux Det=0	O+H=67	 DONE
23/08/2023 18:47:13:	move motor	S18.axis2.piezo rotation to 0.147050deg	 DONE
23/08/2023 18:47:16:	2	count	time	5.000000s/cts	O Det=3	H Det=73	Mon Det=29064	Aux Det=0	O+H=76	 DONE
23/08/2023 18:47:24:	move motor	S18.axis2.piezo rotation to 0.147100deg	 DONE
23/08/2023 18:47:27:	3	count	time	5.000000s/cts	O Det=3	H Det=64	Mon Det=29192	Aux Det=0	O+H=67	 DONE
23/08/2023 18:47:34:	move motor	S18.axis2.piezo rotation to 0.147150deg	 DONE
23/08/2023 18:47:38:	4	count	time	5.000000s/cts	O Det=4	H Det=62	Mon Det=28982	Aux Det=0	O+H=66	 DONE
23/08/2023 18:47:45:	move motor	S18.axis2.piezo rotation to 0.147200deg	 DONE
23/08/2023 18:47:49:	5	count	time	5.000000s/cts	O Det=8	H Det=90	Mon Det=29173	Aux Det=0	O+H=98	 DONE
23/08/2023 18:47:56:	move motor	S18.axis2.piezo rotation to 0.147250deg	 DONE
23/08/2023 18:48:00:	6	count	time	5.000000s/cts	O Det=9	H Det=116	Mon Det=29325	Aux Det=0	O+H=125	 DONE
23/08/2023 18:48:07:	move motor	S18.axis2.piezo rotation to 0.147300deg	 DONE
23/08/2023 18:48:11:	7	count	time	5.000000s/cts	O Det=7	H Det=105	Mon Det=29115	Aux Det=0	O+H=112	 DONE
23/08/2023 18:48:18:	move motor	S18.axis2.piezo rotation to 0.147350deg	 DONE
23/08/2023 18:48:21:	8	count	time	5.000000s/cts	O Det=13	H Det=116	Mon Det=28748	Aux Det=0	O+H=129	 DONE
23/08/2023 18:48:29:	move motor	S18.axis2.piezo rotation to 0.147400deg	 DONE
23/08/2023 18:48:33:	9	count	time	5.000000s/cts	O Det=6	H Det=168	Mon Det=28648	Aux Det=0	O+H=174	 DONE
23/08/2023 18:48:41:	move motor	S18.axis2.piezo rotation to 0.147450deg	 DONE
23/08/2023 18:48:44:	10	count	time	5.000000s/cts	O Det=22	H Det=158	Mon Det=28902	Aux Det=0	O+H=180	 DONE
23/08/2023 18:48:52:	move motor	S18.axis2.piezo rotation to 0.147500deg	 DONE
23/08/2023 18:48:55:	11	count	time	5.000000s/cts	O Det=20	H Det=183	Mon Det=28962	Aux Det=0	O+H=203	 DONE
23/08/2023 18:49:03:	move motor	S18.axis2.piezo rotation to 0.147550deg	 DONE
23/08/2023 18:49:06:	12	count	time	5.000000s/cts	O Det=11	H Det=230	Mon Det=28923	Aux Det=0	O+H=241	 DONE
23/08/2023 18:49:14:	move motor	S18.axis2.piezo rotation to 0.147600deg	 DONE
23/08/2023 18:49:17:	13	count	time	5.000000s/cts	O Det=34	H Det=288	Mon Det=28613	Aux Det=0	O+H=322	 DONE
23/08/2023 18:49:25:	move motor	S18.axis2.piezo rotation to 0.147650deg	 DONE
23/08/2023 18:49:28:	14	count	time	5.000000s/cts	O Det=47	H Det=304	Mon Det=28732	Aux Det=0	O+H=351	 DONE
23/08/2023 18:49:35:	move motor	S18.axis2.piezo rotation to 0.147700deg	 DONE
23/08/2023 18:49:39:	15	count	time	5.000000s/cts	O Det=63	H Det=318	Mon Det=28938	Aux Det=0	O+H=381	 DONE
23/08/2023 18:49:46:	move motor	S18.axis2.piezo rotation to 0.147750deg	 DONE
23/08/2023 18:49:50:	16	count	time	5.000000s/cts	O Det=88	H Det=442	Mon Det=29120	Aux Det=0	O+H=530	 DONE
23/08/2023 18:49:57:	move motor	S18.axis2.piezo rotation to 0.147800deg	 DONE
23/08/2023 18:50:00:	17	count	time	5.000000s/cts	O Det=130	H Det=549	Mon Det=29150	Aux Det=0	O+H=679	 DONE
23/08/2023 18:50:08:	move motor	S18.axis2.piezo rotation to 0.147850deg	 DONE
23/08/2023 18:50:11:	18	count	time	5.000000s/cts	O Det=171	H Det=608	Mon Det=29064	Aux Det=0	O+H=779	 DONE
23/08/2023 18:50:19:	move motor	S18.axis2.piezo rotation to 0.147900deg	 DONE
23/08/2023 18:50:22:	19	count	time	5.000000s/cts	O Det=191	H Det=722	Mon Det=28980	Aux Det=0	O+H=913	 DONE
23/08/2023 18:50:30:	move motor	S18.axis2.piezo rotation to 0.147950deg	 DONE
23/08/2023 18:50:33:	20	count	time	5.000000s/cts	O Det=260	H Det=874	Mon Det=28948	Aux Det=0	O+H=1134	 DONE
23/08/2023 18:50:41:	move motor	S18.axis2.piezo rotation to 0.148000deg	 DONE
23/08/2023 18:50:44:	21	count	time	5.000000s/cts	O Det=277	H Det=1079	Mon Det=29070	Aux Det=0	O+H=1356	 DONE
23/08/2023 18:50:52:	move motor	S18.axis2.piezo rotation to 0.148050deg	 DONE
23/08/2023 18:50:55:	22	count	time	5.000000s/cts	O Det=286	H Det=1184	Mon Det=29085	Aux Det=0	O+H=1470	 DONE
23/08/2023 18:51:03:	move motor	S18.axis2.piezo rotation to 0.148100deg	 DONE
23/08/2023 18:51:06:	23	count	time	5.000000s/cts	O Det=294	H Det=1181	Mon Det=29457	Aux Det=0	O+H=1475	 DONE
23/08/2023 18:51:13:	move motor	S18.axis2.piezo rotation to 0.148150deg	 DONE
23/08/2023 18:51:17:	24	count	time	5.000000s/cts	O Det=273	H Det=1275	Mon Det=28685	Aux Det=0	O+H=1548	 DONE
23/08/2023 18:51:24:	move motor	S18.axis2.piezo rotation to 0.148200deg	 DONE
23/08/2023 18:51:28:	25	count	time	5.000000s/cts	O Det=260	H Det=1246	Mon Det=29428	Aux Det=0	O+H=1506	 DONE
23/08/2023 18:51:35:	move motor	S18.axis2.piezo rotation to 0.148250deg	 DONE
23/08/2023 18:51:38:	26	count	time	5.000000s/cts	O Det=227	H Det=1092	Mon Det=29119	Aux Det=0	O+H=1319	 DONE
23/08/2023 18:51:46:	move motor	S18.axis2.piezo rotation to 0.148300deg	 DONE
23/08/2023 18:51:49:	27	count	time	5.000000s/cts	O Det=189	H Det=984	Mon Det=29221	Aux Det=0	O+H=1173	 DONE
23/08/2023 18:51:57:	move motor	S18.axis2.piezo rotation to 0.148350deg	 DONE
23/08/2023 18:52:00:	28	count	time	5.000000s/cts	O Det=156	H Det=809	Mon Det=28694	Aux Det=0	O+H=965	 DONE
23/08/2023 18:52:08:	move motor	S18.axis2.piezo rotation to 0.148400deg	 DONE
23/08/2023 18:52:11:	29	count	time	5.000000s/cts	O Det=119	H Det=671	Mon Det=29077	Aux Det=0	O+H=790	 DONE
23/08/2023 18:52:18:	move motor	S18.axis2.piezo rotation to 0.148450deg	 DONE
23/08/2023 18:52:21:	30	count	time	5.000000s/cts	O Det=99	H Det=642	Mon Det=29972	Aux Det=0	O+H=741	 DONE
23/08/2023 18:52:29:	move motor	S18.axis2.piezo rotation to 0.148500deg	 DONE
23/08/2023 18:52:32:	31	count	time	5.000000s/cts	O Det=108	H Det=548	Mon Det=29341	Aux Det=0	O+H=656	 DONE
23/08/2023 18:52:40:	move motor	S18.axis2.piezo rotation to 0.148550deg	 DONE
23/08/2023 18:52:44:	32	count	time	5.000000s/cts	O Det=62	H Det=428	Mon Det=29335	Aux Det=0	O+H=490	 DONE
23/08/2023 18:52:51:	move motor	S18.axis2.piezo rotation to 0.148600deg	 DONE
23/08/2023 18:52:54:	33	count	time	5.000000s/cts	O Det=42	H Det=346	Mon Det=29573	Aux Det=0	O+H=388	 DONE
23/08/2023 18:53:02:	move motor	S18.axis2.piezo rotation to 0.148650deg	 DONE
23/08/2023 18:53:05:	34	count	time	5.000000s/cts	O Det=38	H Det=326	Mon Det=28880	Aux Det=0	O+H=364	 DONE
23/08/2023 18:53:13:	move motor	S18.axis2.piezo rotation to 0.148700deg	 DONE
23/08/2023 18:53:16:	35	count	time	5.000000s/cts	O Det=34	H Det=344	Mon Det=29290	Aux Det=0	O+H=378	 DONE
23/08/2023 18:53:24:	move motor	S18.axis2.piezo rotation to 0.148750deg	 DONE
23/08/2023 18:53:27:	36	count	time	5.000000s/cts	O Det=45	H Det=350	Mon Det=29802	Aux Det=0	O+H=395	 DONE
23/08/2023 18:53:35:	move motor	S18.axis2.piezo rotation to 0.148800deg	 DONE
23/08/2023 18:53:38:	37	count	time	5.000000s/cts	O Det=68	H Det=348	Mon Det=29552	Aux Det=0	O+H=416	 DONE
23/08/2023 18:53:46:	move motor	S18.axis2.piezo rotation to 0.148850deg	 DONE
23/08/2023 18:53:49:	38	count	time	5.000000s/cts	O Det=47	H Det=345	Mon Det=29531	Aux Det=0	O+H=392	 DONE
23/08/2023 18:53:57:	move motor	S18.axis2.piezo rotation to 0.148900deg	 DONE
23/08/2023 18:54:01:	39	count	time	5.000000s/cts	O Det=40	H Det=380	Mon Det=29292	Aux Det=0	O+H=420	 DONE
23/08/2023 18:54:08:	move motor	S18.axis2.piezo rotation to 0.148950deg	 DONE
23/08/2023 18:54:12:	40	count	time	5.000000s/cts	O Det=52	H Det=367	Mon Det=29621	Aux Det=0	O+H=419	 DONE
23/08/2023 18:54:19:	move motor	S18.axis2.piezo rotation to 0.149000deg	 DONE
23/08/2023 18:54:23:	41	count	time	5.000000s/cts	O Det=87	H Det=433	Mon Det=29215	Aux Det=0	O+H=520	 DONE
23/08/2023 18:54:30:	close file and end scan	 DONE
23/08/2023 18:54:31:	move motor	S18.axis2.piezo rotation to fit AUX PEAK65	0.148000reached 0.14800  DONE
23/08/2023 18:54:34:	END OF SCRIPT	 DONE
