26/09/2023 21:37:45:	start execution of script D:\data\Cycle 192ter\exp_3-16-14\rawdata\sc\rockingR.sc	 DONE
26/09/2023 21:37:46:	create file	D:\data\Cycle 192ter\exp_3-16-14\rawdata\sc\rocking_26Sep2137.dat	 DONE
room to enter remarks DONE
26/09/2023 21:37:47:	move motor	S18.axis2.piezo rotation to 0.146500deg	 DONE
26/09/2023 21:37:51:	1	count	time	5.000000s/cts	O Det=35	H Det=396	Mon Det=32187	Aux Det=102	O+H=431	 DONE
26/09/2023 21:37:58:	move motor	S18.axis2.piezo rotation to 0.146550deg	 DONE
26/09/2023 21:38:01:	2	count	time	5.000000s/cts	O Det=51	H Det=448	Mon Det=32517	Aux Det=125	O+H=499	 DONE
26/09/2023 21:38:09:	move motor	S18.axis2.piezo rotation to 0.146600deg	 DONE
26/09/2023 21:38:12:	3	count	time	5.000000s/cts	O Det=69	H Det=494	Mon Det=32264	Aux Det=221	O+H=563	 DONE
26/09/2023 21:38:20:	move motor	S18.axis2.piezo rotation to 0.146650deg	 DONE
26/09/2023 21:38:23:	4	count	time	5.000000s/cts	O Det=96	H Det=589	Mon Det=32684	Aux Det=248	O+H=685	 DONE
26/09/2023 21:38:31:	move motor	S18.axis2.piezo rotation to 0.146700deg	 DONE
26/09/2023 21:38:34:	5	count	time	5.000000s/cts	O Det=141	H Det=661	Mon Det=32501	Aux Det=367	O+H=802	 DONE
26/09/2023 21:38:41:	move motor	S18.axis2.piezo rotation to 0.146750deg	 DONE
26/09/2023 21:38:45:	6	count	time	5.000000s/cts	O Det=144	H Det=743	Mon Det=32238	Aux Det=395	O+H=887	 DONE
26/09/2023 21:38:53:	move motor	S18.axis2.piezo rotation to 0.146800deg	 DONE
26/09/2023 21:38:56:	7	count	time	5.000000s/cts	O Det=158	H Det=860	Mon Det=32980	Aux Det=488	O+H=1018	 DONE
26/09/2023 21:39:03:	move motor	S18.axis2.piezo rotation to 0.146850deg	 DONE
26/09/2023 21:39:06:	8	count	time	5.000000s/cts	O Det=191	H Det=860	Mon Det=32486	Aux Det=589	O+H=1051	 DONE
26/09/2023 21:39:14:	move motor	S18.axis2.piezo rotation to 0.146900deg	 DONE
26/09/2023 21:39:17:	9	count	time	5.000000s/cts	O Det=205	H Det=881	Mon Det=32153	Aux Det=694	O+H=1086	 DONE
26/09/2023 21:39:25:	move motor	S18.axis2.piezo rotation to 0.146950deg	 DONE
26/09/2023 21:39:28:	10	count	time	5.000000s/cts	O Det=206	H Det=767	Mon Det=32497	Aux Det=655	O+H=973	 DONE
26/09/2023 21:39:36:	move motor	S18.axis2.piezo rotation to 0.147000deg	 DONE
26/09/2023 21:39:39:	11	count	time	5.000000s/cts	O Det=200	H Det=767	Mon Det=32732	Aux Det=625	O+H=967	 DONE
26/09/2023 21:39:47:	move motor	S18.axis2.piezo rotation to 0.147050deg	 DONE
26/09/2023 21:39:50:	12	count	time	5.000000s/cts	O Det=194	H Det=720	Mon Det=32121	Aux Det=559	O+H=914	 DONE
26/09/2023 21:39:57:	move motor	S18.axis2.piezo rotation to 0.147100deg	 DONE
26/09/2023 21:40:00:	13	count	time	5.000000s/cts	O Det=136	H Det=656	Mon Det=32585	Aux Det=446	O+H=792	 DONE
26/09/2023 21:40:08:	move motor	S18.axis2.piezo rotation to 0.147150deg	 DONE
26/09/2023 21:40:11:	14	count	time	5.000000s/cts	O Det=100	H Det=532	Mon Det=32588	Aux Det=369	O+H=632	 DONE
26/09/2023 21:40:19:	move motor	S18.axis2.piezo rotation to 0.147200deg	 DONE
26/09/2023 21:40:22:	15	count	time	5.000000s/cts	O Det=96	H Det=551	Mon Det=32044	Aux Det=318	O+H=647	 DONE
26/09/2023 21:40:30:	move motor	S18.axis2.piezo rotation to 0.147250deg	 DONE
26/09/2023 21:40:33:	16	count	time	5.000000s/cts	O Det=58	H Det=551	Mon Det=32266	Aux Det=204	O+H=609	 DONE
26/09/2023 21:40:40:	move motor	S18.axis2.piezo rotation to 0.147300deg	 DONE
26/09/2023 21:40:44:	17	count	time	5.000000s/cts	O Det=59	H Det=497	Mon Det=32431	Aux Det=111	O+H=556	 DONE
26/09/2023 21:40:51:	move motor	S18.axis2.piezo rotation to 0.147350deg	 DONE
26/09/2023 21:40:54:	18	count	time	5.000000s/cts	O Det=29	H Det=441	Mon Det=32251	Aux Det=94	O+H=470	 DONE
26/09/2023 21:41:02:	move motor	S18.axis2.piezo rotation to 0.147400deg	 DONE
26/09/2023 21:41:05:	19	count	time	5.000000s/cts	O Det=13	H Det=379	Mon Det=32511	Aux Det=52	O+H=392	 DONE
26/09/2023 21:41:13:	move motor	S18.axis2.piezo rotation to 0.147450deg	 DONE
26/09/2023 21:41:16:	20	count	time	5.000000s/cts	O Det=14	H Det=379	Mon Det=32673	Aux Det=31	O+H=393	 DONE
26/09/2023 21:41:24:	move motor	S18.axis2.piezo rotation to 0.147500deg	 DONE
26/09/2023 21:41:27:	21	count	time	5.000000s/cts	O Det=10	H Det=295	Mon Det=32723	Aux Det=39	O+H=305	 DONE
26/09/2023 21:41:34:	move motor	S18.axis2.piezo rotation to 0.147550deg	 DONE
26/09/2023 21:41:38:	22	count	time	5.000000s/cts	O Det=12	H Det=336	Mon Det=32546	Aux Det=22	O+H=348	 DONE
26/09/2023 21:41:45:	move motor	S18.axis2.piezo rotation to 0.147600deg	 DONE
26/09/2023 21:41:48:	23	count	time	5.000000s/cts	O Det=22	H Det=427	Mon Det=32722	Aux Det=32	O+H=449	 DONE
26/09/2023 21:41:56:	move motor	S18.axis2.piezo rotation to 0.147650deg	 DONE
26/09/2023 21:41:59:	24	count	time	5.000000s/cts	O Det=21	H Det=403	Mon Det=32556	Aux Det=29	O+H=424	 DONE
26/09/2023 21:42:07:	move motor	S18.axis2.piezo rotation to 0.147700deg	 DONE
26/09/2023 21:42:10:	25	count	time	5.000000s/cts	O Det=19	H Det=379	Mon Det=32341	Aux Det=30	O+H=398	 DONE
26/09/2023 21:42:17:	move motor	S18.axis2.piezo rotation to 0.147750deg	 DONE
26/09/2023 21:42:21:	26	count	time	5.000000s/cts	O Det=15	H Det=424	Mon Det=32715	Aux Det=42	O+H=439	 DONE
26/09/2023 21:42:28:	move motor	S18.axis2.piezo rotation to 0.147800deg	 DONE
26/09/2023 21:42:31:	27	count	time	5.000000s/cts	O Det=10	H Det=415	Mon Det=32390	Aux Det=53	O+H=425	 DONE
26/09/2023 21:42:39:	move motor	S18.axis2.piezo rotation to 0.147850deg	 DONE
26/09/2023 21:42:42:	28	count	time	5.000000s/cts	O Det=31	H Det=487	Mon Det=32608	Aux Det=103	O+H=518	 DONE
26/09/2023 21:42:50:	move motor	S18.axis2.piezo rotation to 0.147900deg	 DONE
26/09/2023 21:42:53:	29	count	time	5.000000s/cts	O Det=34	H Det=528	Mon Det=32428	Aux Det=132	O+H=562	 DONE
26/09/2023 21:43:01:	move motor	S18.axis2.piezo rotation to 0.147950deg	 DONE
26/09/2023 21:43:04:	30	count	time	5.000000s/cts	O Det=45	H Det=610	Mon Det=32423	Aux Det=205	O+H=655	 DONE
26/09/2023 21:43:12:	move motor	S18.axis2.piezo rotation to 0.148000deg	 DONE
26/09/2023 21:43:15:	31	count	time	5.000000s/cts	O Det=92	H Det=710	Mon Det=32422	Aux Det=310	O+H=802	 DONE
26/09/2023 21:43:23:	move motor	S18.axis2.piezo rotation to 0.148050deg	 DONE
26/09/2023 21:43:26:	32	count	time	5.000000s/cts	O Det=113	H Det=821	Mon Det=32501	Aux Det=360	O+H=934	 DONE
26/09/2023 21:43:33:	move motor	S18.axis2.piezo rotation to 0.148100deg	 DONE
26/09/2023 21:43:37:	33	count	time	5.000000s/cts	O Det=125	H Det=916	Mon Det=32359	Aux Det=512	O+H=1041	 DONE
26/09/2023 21:43:44:	move motor	S18.axis2.piezo rotation to 0.148150deg	 DONE
26/09/2023 21:43:48:	34	count	time	5.000000s/cts	O Det=166	H Det=906	Mon Det=32474	Aux Det=552	O+H=1072	 DONE
26/09/2023 21:43:55:	move motor	S18.axis2.piezo rotation to 0.148200deg	 DONE
26/09/2023 21:43:58:	35	count	time	5.000000s/cts	O Det=206	H Det=836	Mon Det=32398	Aux Det=650	O+H=1042	 DONE
26/09/2023 21:44:06:	move motor	S18.axis2.piezo rotation to 0.148250deg	 DONE
26/09/2023 21:44:09:	36	count	time	5.000000s/cts	O Det=172	H Det=948	Mon Det=32604	Aux Det=608	O+H=1120	 DONE
26/09/2023 21:44:17:	move motor	S18.axis2.piezo rotation to 0.148300deg	 DONE
26/09/2023 21:44:20:	37	count	time	5.000000s/cts	O Det=171	H Det=794	Mon Det=32461	Aux Det=610	O+H=965	 DONE
26/09/2023 21:44:27:	move motor	S18.axis2.piezo rotation to 0.148350deg	 DONE
26/09/2023 21:44:30:	38	count	time	5.000000s/cts	O Det=190	H Det=726	Mon Det=32325	Aux Det=496	O+H=916	 DONE
26/09/2023 21:44:38:	move motor	S18.axis2.piezo rotation to 0.148400deg	 DONE
26/09/2023 21:44:41:	39	count	time	5.000000s/cts	O Det=148	H Det=573	Mon Det=32311	Aux Det=382	O+H=721	 DONE
26/09/2023 21:44:49:	move motor	S18.axis2.piezo rotation to 0.148450deg	 DONE
26/09/2023 21:44:52:	40	count	time	5.000000s/cts	O Det=133	H Det=619	Mon Det=32123	Aux Det=333	O+H=752	 DONE
26/09/2023 21:45:00:	move motor	S18.axis2.piezo rotation to 0.148500deg	 DONE
26/09/2023 21:45:03:	41	count	time	5.000000s/cts	O Det=79	H Det=479	Mon Det=32253	Aux Det=220	O+H=558	 DONE
26/09/2023 21:45:11:	move motor	S18.axis2.piezo rotation to 0.148550deg	 DONE
26/09/2023 21:45:14:	42	count	time	5.000000s/cts	O Det=72	H Det=469	Mon Det=32282	Aux Det=179	O+H=541	 DONE
26/09/2023 21:45:22:	move motor	S18.axis2.piezo rotation to 0.148600deg	 DONE
26/09/2023 21:45:25:	43	count	time	5.000000s/cts	O Det=40	H Det=386	Mon Det=32652	Aux Det=122	O+H=426	 DONE
26/09/2023 21:45:32:	move motor	S18.axis2.piezo rotation to 0.148650deg	 DONE
26/09/2023 21:45:36:	44	count	time	5.000000s/cts	O Det=35	H Det=333	Mon Det=32330	Aux Det=61	O+H=368	 DONE
26/09/2023 21:45:44:	move motor	S18.axis2.piezo rotation to 0.148700deg	 DONE
26/09/2023 21:45:47:	45	count	time	5.000000s/cts	O Det=16	H Det=241	Mon Det=32436	Aux Det=57	O+H=257	 DONE
26/09/2023 21:45:54:	move motor	S18.axis2.piezo rotation to 0.148750deg	 DONE
26/09/2023 21:45:58:	46	count	time	5.000000s/cts	O Det=17	H Det=264	Mon Det=32273	Aux Det=68	O+H=281	 DONE
26/09/2023 21:46:05:	move motor	S18.axis2.piezo rotation to 0.148800deg	 DONE
26/09/2023 21:46:08:	47	count	time	5.000000s/cts	O Det=11	H Det=204	Mon Det=32332	Aux Det=38	O+H=215	 DONE
26/09/2023 21:46:16:	move motor	S18.axis2.piezo rotation to 0.148850deg	 DONE
26/09/2023 21:46:19:	48	count	time	5.000000s/cts	O Det=14	H Det=172	Mon Det=32521	Aux Det=39	O+H=186	 DONE
26/09/2023 21:46:27:	move motor	S18.axis2.piezo rotation to 0.148900deg	 DONE
26/09/2023 21:46:31:	49	count	time	5.000000s/cts	O Det=9	H Det=185	Mon Det=32668	Aux Det=31	O+H=194	 DONE
26/09/2023 21:46:38:	move motor	S18.axis2.piezo rotation to 0.148950deg	 DONE
26/09/2023 21:46:41:	50	count	time	5.000000s/cts	O Det=5	H Det=125	Mon Det=32560	Aux Det=21	O+H=130	 DONE
26/09/2023 21:46:49:	move motor	S18.axis2.piezo rotation to 0.149000deg	 DONE
26/09/2023 21:46:52:	51	count	time	5.000000s/cts	O Det=5	H Det=124	Mon Det=32410	Aux Det=10	O+H=129	 DONE
26/09/2023 21:47:00:	move motor	S18.axis2.piezo rotation to 0.149050deg	 DONE
26/09/2023 21:47:03:	52	count	time	5.000000s/cts	O Det=5	H Det=117	Mon Det=32189	Aux Det=11	O+H=122	 DONE
26/09/2023 21:47:10:	move motor	S18.axis2.piezo rotation to 0.149100deg	 DONE
26/09/2023 21:47:14:	53	count	time	5.000000s/cts	O Det=3	H Det=108	Mon Det=32589	Aux Det=8	O+H=111	 DONE
26/09/2023 21:47:21:	move motor	S18.axis2.piezo rotation to 0.149150deg	 DONE
26/09/2023 21:47:24:	54	count	time	5.000000s/cts	O Det=1	H Det=99	Mon Det=33162	Aux Det=5	O+H=100	 DONE
26/09/2023 21:47:32:	move motor	S18.axis2.piezo rotation to 0.149200deg	 DONE
26/09/2023 21:47:35:	55	count	time	5.000000s/cts	O Det=3	H Det=85	Mon Det=32347	Aux Det=7	O+H=88	 DONE
26/09/2023 21:47:43:	move motor	S18.axis2.piezo rotation to 0.149250deg	 DONE
26/09/2023 21:47:46:	56	count	time	5.000000s/cts	O Det=2	H Det=76	Mon Det=32269	Aux Det=3	O+H=78	 DONE
26/09/2023 21:47:53:	move motor	S18.axis2.piezo rotation to 0.149300deg	 DONE
26/09/2023 21:47:56:	57	count	time	5.000000s/cts	O Det=2	H Det=89	Mon Det=31878	Aux Det=4	O+H=91	 DONE
26/09/2023 21:48:04:	move motor	S18.axis2.piezo rotation to 0.149350deg	 DONE
26/09/2023 21:48:07:	58	count	time	5.000000s/cts	O Det=3	H Det=62	Mon Det=32379	Aux Det=8	O+H=65	 DONE
26/09/2023 21:48:15:	move motor	S18.axis2.piezo rotation to 0.149400deg	 DONE
26/09/2023 21:48:18:	59	count	time	5.000000s/cts	O Det=0	H Det=59	Mon Det=32461	Aux Det=2	O+H=59	 DONE
26/09/2023 21:48:26:	move motor	S18.axis2.piezo rotation to 0.149450deg	 DONE
26/09/2023 21:48:29:	60	count	time	5.000000s/cts	O Det=1	H Det=72	Mon Det=32732	Aux Det=8	O+H=73	 DONE
26/09/2023 21:48:36:	move motor	S18.axis2.piezo rotation to 0.149500deg	 DONE
26/09/2023 21:48:40:	61	count	time	5.000000s/cts	O Det=0	H Det=67	Mon Det=32540	Aux Det=5	O+H=67	 DONE
26/09/2023 21:48:47:	close file and end scan	 DONE
26/09/2023 21:48:48:	move motor	S18.axis2.piezo rotation to fit AUX RPEAK45	0.148233reached 0.14823  DONE
26/09/2023 21:48:51:	END OF SCRIPT	 DONE
