26/09/2023 10:46:18:	start execution of script D:\data\Cycle 192ter\exp_3-16-14\rawdata\sc\rockingL.sc	 DONE
26/09/2023 10:46:19:	create file	D:\data\Cycle 192ter\exp_3-16-14\rawdata\sc\rocking_26Sep1046.dat	 DONE
room to enter remarks DONE
26/09/2023 10:46:20:	move motor	S18.axis2.piezo rotation to 0.146500deg	 DONE
26/09/2023 10:46:24:	1	count	time	5.000000s/cts	O Det=34	H Det=415	Mon Det=31674	Aux Det=113	O+H=449	 DONE
26/09/2023 10:46:31:	move motor	S18.axis2.piezo rotation to 0.146550deg	 DONE
26/09/2023 10:46:35:	2	count	time	5.000000s/cts	O Det=34	H Det=504	Mon Det=31379	Aux Det=119	O+H=538	 DONE
26/09/2023 10:46:42:	move motor	S18.axis2.piezo rotation to 0.146600deg	 DONE
26/09/2023 10:46:45:	3	count	time	5.000000s/cts	O Det=49	H Det=606	Mon Det=31674	Aux Det=185	O+H=655	 DONE
26/09/2023 10:46:53:	move motor	S18.axis2.piezo rotation to 0.146650deg	 DONE
26/09/2023 10:46:56:	4	count	time	5.000000s/cts	O Det=81	H Det=681	Mon Det=31437	Aux Det=229	O+H=762	 DONE
26/09/2023 10:47:04:	move motor	S18.axis2.piezo rotation to 0.146700deg	 DONE
26/09/2023 10:47:07:	5	count	time	5.000000s/cts	O Det=110	H Det=752	Mon Det=31107	Aux Det=290	O+H=862	 DONE
26/09/2023 10:47:14:	move motor	S18.axis2.piezo rotation to 0.146750deg	 DONE
26/09/2023 10:47:17:	6	count	time	5.000000s/cts	O Det=127	H Det=801	Mon Det=31330	Aux Det=399	O+H=928	 DONE
26/09/2023 10:47:25:	move motor	S18.axis2.piezo rotation to 0.146800deg	 DONE
26/09/2023 10:47:28:	7	count	time	5.000000s/cts	O Det=138	H Det=935	Mon Det=31342	Aux Det=465	O+H=1073	 DONE
26/09/2023 10:47:36:	move motor	S18.axis2.piezo rotation to 0.146850deg	 DONE
26/09/2023 10:47:39:	8	count	time	5.000000s/cts	O Det=173	H Det=981	Mon Det=31456	Aux Det=490	O+H=1154	 DONE
26/09/2023 10:47:47:	move motor	S18.axis2.piezo rotation to 0.146900deg	 DONE
26/09/2023 10:47:51:	9	count	time	5.000000s/cts	O Det=171	H Det=1012	Mon Det=31861	Aux Det=553	O+H=1183	 DONE
26/09/2023 10:47:58:	move motor	S18.axis2.piezo rotation to 0.146950deg	 DONE
26/09/2023 10:48:01:	10	count	time	5.000000s/cts	O Det=155	H Det=949	Mon Det=31336	Aux Det=566	O+H=1104	 DONE
26/09/2023 10:48:09:	move motor	S18.axis2.piezo rotation to 0.147000deg	 DONE
26/09/2023 10:48:12:	11	count	time	5.000000s/cts	O Det=169	H Det=860	Mon Det=31965	Aux Det=642	O+H=1029	 DONE
26/09/2023 10:48:20:	move motor	S18.axis2.piezo rotation to 0.147050deg	 DONE
26/09/2023 10:48:23:	12	count	time	5.000000s/cts	O Det=158	H Det=808	Mon Det=31556	Aux Det=555	O+H=966	 DONE
26/09/2023 10:48:31:	move motor	S18.axis2.piezo rotation to 0.147100deg	 DONE
26/09/2023 10:48:34:	13	count	time	5.000000s/cts	O Det=119	H Det=704	Mon Det=31867	Aux Det=428	O+H=823	 DONE
26/09/2023 10:48:42:	move motor	S18.axis2.piezo rotation to 0.147150deg	 DONE
26/09/2023 10:48:45:	14	count	time	5.000000s/cts	O Det=111	H Det=596	Mon Det=31644	Aux Det=385	O+H=707	 DONE
26/09/2023 10:48:52:	move motor	S18.axis2.piezo rotation to 0.147200deg	 DONE
26/09/2023 10:48:55:	15	count	time	5.000000s/cts	O Det=67	H Det=562	Mon Det=31262	Aux Det=265	O+H=629	 DONE
26/09/2023 10:49:03:	move motor	S18.axis2.piezo rotation to 0.147250deg	 DONE
26/09/2023 10:49:06:	16	count	time	5.000000s/cts	O Det=70	H Det=536	Mon Det=31147	Aux Det=203	O+H=606	 DONE
26/09/2023 10:49:14:	move motor	S18.axis2.piezo rotation to 0.147300deg	 DONE
26/09/2023 10:49:17:	17	count	time	5.000000s/cts	O Det=48	H Det=488	Mon Det=32037	Aux Det=104	O+H=536	 DONE
26/09/2023 10:49:25:	move motor	S18.axis2.piezo rotation to 0.147350deg	 DONE
26/09/2023 10:49:28:	18	count	time	5.000000s/cts	O Det=27	H Det=413	Mon Det=31535	Aux Det=79	O+H=440	 DONE
26/09/2023 10:49:36:	move motor	S18.axis2.piezo rotation to 0.147400deg	 DONE
26/09/2023 10:49:39:	19	count	time	5.000000s/cts	O Det=19	H Det=359	Mon Det=31554	Aux Det=48	O+H=378	 DONE
26/09/2023 10:49:47:	move motor	S18.axis2.piezo rotation to 0.147450deg	 DONE
26/09/2023 10:49:50:	20	count	time	5.000000s/cts	O Det=15	H Det=342	Mon Det=31839	Aux Det=31	O+H=357	 DONE
26/09/2023 10:49:57:	move motor	S18.axis2.piezo rotation to 0.147500deg	 DONE
26/09/2023 10:50:00:	21	count	time	5.000000s/cts	O Det=5	H Det=329	Mon Det=31686	Aux Det=44	O+H=334	 DONE
26/09/2023 10:50:08:	move motor	S18.axis2.piezo rotation to 0.147550deg	 DONE
26/09/2023 10:50:11:	22	count	time	5.000000s/cts	O Det=19	H Det=346	Mon Det=31591	Aux Det=30	O+H=365	 DONE
26/09/2023 10:50:19:	move motor	S18.axis2.piezo rotation to 0.147600deg	 DONE
26/09/2023 10:50:22:	23	count	time	5.000000s/cts	O Det=20	H Det=423	Mon Det=32028	Aux Det=37	O+H=443	 DONE
26/09/2023 10:50:30:	move motor	S18.axis2.piezo rotation to 0.147650deg	 DONE
26/09/2023 10:50:33:	24	count	time	5.000000s/cts	O Det=9	H Det=422	Mon Det=31753	Aux Det=25	O+H=431	 DONE
26/09/2023 10:50:40:	move motor	S18.axis2.piezo rotation to 0.147700deg	 DONE
26/09/2023 10:50:43:	25	count	time	5.000000s/cts	O Det=15	H Det=366	Mon Det=31281	Aux Det=32	O+H=381	 DONE
26/09/2023 10:50:51:	move motor	S18.axis2.piezo rotation to 0.147750deg	 DONE
26/09/2023 10:50:55:	26	count	time	5.000000s/cts	O Det=17	H Det=389	Mon Det=31280	Aux Det=38	O+H=406	 DONE
26/09/2023 10:51:02:	move motor	S18.axis2.piezo rotation to 0.147800deg	 DONE
26/09/2023 10:51:06:	27	count	time	5.000000s/cts	O Det=12	H Det=434	Mon Det=31581	Aux Det=36	O+H=446	 DONE
26/09/2023 10:51:13:	move motor	S18.axis2.piezo rotation to 0.147850deg	 DONE
26/09/2023 10:51:16:	28	count	time	5.000000s/cts	O Det=31	H Det=477	Mon Det=31260	Aux Det=78	O+H=508	 DONE
26/09/2023 10:51:24:	move motor	S18.axis2.piezo rotation to 0.147900deg	 DONE
26/09/2023 10:51:27:	29	count	time	5.000000s/cts	O Det=40	H Det=563	Mon Det=31792	Aux Det=140	O+H=603	 DONE
26/09/2023 10:51:35:	move motor	S18.axis2.piezo rotation to 0.147950deg	 DONE
26/09/2023 10:51:38:	30	count	time	5.000000s/cts	O Det=42	H Det=665	Mon Det=31615	Aux Det=165	O+H=707	 DONE
26/09/2023 10:51:45:	move motor	S18.axis2.piezo rotation to 0.148000deg	 DONE
26/09/2023 10:51:49:	31	count	time	5.000000s/cts	O Det=82	H Det=794	Mon Det=31493	Aux Det=245	O+H=876	 DONE
26/09/2023 10:51:56:	move motor	S18.axis2.piezo rotation to 0.148050deg	 DONE
26/09/2023 10:52:00:	32	count	time	5.000000s/cts	O Det=113	H Det=909	Mon Det=31558	Aux Det=369	O+H=1022	 DONE
26/09/2023 10:52:07:	move motor	S18.axis2.piezo rotation to 0.148100deg	 DONE
26/09/2023 10:52:10:	33	count	time	5.000000s/cts	O Det=115	H Det=990	Mon Det=31788	Aux Det=476	O+H=1105	 DONE
26/09/2023 10:52:18:	move motor	S18.axis2.piezo rotation to 0.148150deg	 DONE
26/09/2023 10:52:21:	34	count	time	5.000000s/cts	O Det=134	H Det=1114	Mon Det=31901	Aux Det=499	O+H=1248	 DONE
26/09/2023 10:52:29:	move motor	S18.axis2.piezo rotation to 0.148200deg	 DONE
26/09/2023 10:52:32:	35	count	time	5.000000s/cts	O Det=165	H Det=932	Mon Det=31592	Aux Det=640	O+H=1097	 DONE
26/09/2023 10:52:39:	move motor	S18.axis2.piezo rotation to 0.148250deg	 DONE
26/09/2023 10:52:42:	36	count	time	5.000000s/cts	O Det=171	H Det=940	Mon Det=30966	Aux Det=529	O+H=1111	 DONE
26/09/2023 10:52:50:	move motor	S18.axis2.piezo rotation to 0.148300deg	 DONE
26/09/2023 10:52:53:	37	count	time	5.000000s/cts	O Det=153	H Det=951	Mon Det=31643	Aux Det=518	O+H=1104	 DONE
26/09/2023 10:53:01:	move motor	S18.axis2.piezo rotation to 0.148350deg	 DONE
26/09/2023 10:53:04:	38	count	time	5.000000s/cts	O Det=137	H Det=785	Mon Det=31824	Aux Det=496	O+H=922	 DONE
26/09/2023 10:53:11:	move motor	S18.axis2.piezo rotation to 0.148400deg	 DONE
26/09/2023 10:53:15:	39	count	time	5.000000s/cts	O Det=139	H Det=678	Mon Det=31934	Aux Det=389	O+H=817	 DONE
26/09/2023 10:53:22:	move motor	S18.axis2.piezo rotation to 0.148450deg	 DONE
26/09/2023 10:53:25:	40	count	time	5.000000s/cts	O Det=98	H Det=596	Mon Det=31536	Aux Det=295	O+H=694	 DONE
26/09/2023 10:53:33:	move motor	S18.axis2.piezo rotation to 0.148500deg	 DONE
26/09/2023 10:53:36:	41	count	time	5.000000s/cts	O Det=79	H Det=486	Mon Det=31426	Aux Det=244	O+H=565	 DONE
26/09/2023 10:53:44:	move motor	S18.axis2.piezo rotation to 0.148550deg	 DONE
26/09/2023 10:53:47:	42	count	time	5.000000s/cts	O Det=58	H Det=458	Mon Det=31288	Aux Det=151	O+H=516	 DONE
26/09/2023 10:53:55:	move motor	S18.axis2.piezo rotation to 0.148600deg	 DONE
26/09/2023 10:53:58:	43	count	time	5.000000s/cts	O Det=41	H Det=344	Mon Det=31394	Aux Det=89	O+H=385	 DONE
26/09/2023 10:54:05:	move motor	S18.axis2.piezo rotation to 0.148650deg	 DONE
26/09/2023 10:54:09:	44	count	time	5.000000s/cts	O Det=30	H Det=306	Mon Det=31395	Aux Det=76	O+H=336	 DONE
26/09/2023 10:54:16:	move motor	S18.axis2.piezo rotation to 0.148700deg	 DONE
26/09/2023 10:54:19:	45	count	time	5.000000s/cts	O Det=23	H Det=265	Mon Det=31706	Aux Det=67	O+H=288	 DONE
26/09/2023 10:54:27:	move motor	S18.axis2.piezo rotation to 0.148750deg	 DONE
26/09/2023 10:54:30:	46	count	time	5.000000s/cts	O Det=12	H Det=250	Mon Det=31609	Aux Det=52	O+H=262	 DONE
26/09/2023 10:54:38:	move motor	S18.axis2.piezo rotation to 0.148800deg	 DONE
26/09/2023 10:54:41:	47	count	time	5.000000s/cts	O Det=15	H Det=184	Mon Det=31330	Aux Det=47	O+H=199	 DONE
26/09/2023 10:54:49:	move motor	S18.axis2.piezo rotation to 0.148850deg	 DONE
26/09/2023 10:54:52:	48	count	time	5.000000s/cts	O Det=8	H Det=177	Mon Det=31710	Aux Det=29	O+H=185	 DONE
26/09/2023 10:54:59:	move motor	S18.axis2.piezo rotation to 0.148900deg	 DONE
26/09/2023 10:55:02:	49	count	time	5.000000s/cts	O Det=10	H Det=178	Mon Det=31472	Aux Det=25	O+H=188	 DONE
26/09/2023 10:55:10:	move motor	S18.axis2.piezo rotation to 0.148950deg	 DONE
26/09/2023 10:55:13:	50	count	time	5.000000s/cts	O Det=3	H Det=144	Mon Det=31535	Aux Det=13	O+H=147	 DONE
26/09/2023 10:55:21:	move motor	S18.axis2.piezo rotation to 0.149000deg	 DONE
26/09/2023 10:55:24:	51	count	time	5.000000s/cts	O Det=4	H Det=137	Mon Det=31892	Aux Det=12	O+H=141	 DONE
26/09/2023 10:55:32:	move motor	S18.axis2.piezo rotation to 0.149050deg	 DONE
26/09/2023 10:55:35:	52	count	time	5.000000s/cts	O Det=2	H Det=107	Mon Det=31696	Aux Det=15	O+H=109	 DONE
26/09/2023 10:55:42:	move motor	S18.axis2.piezo rotation to 0.149100deg	 DONE
26/09/2023 10:55:46:	53	count	time	5.000000s/cts	O Det=2	H Det=117	Mon Det=31494	Aux Det=5	O+H=119	 DONE
26/09/2023 10:55:53:	move motor	S18.axis2.piezo rotation to 0.149150deg	 DONE
26/09/2023 10:55:57:	54	count	time	5.000000s/cts	O Det=4	H Det=99	Mon Det=31325	Aux Det=2	O+H=103	 DONE
26/09/2023 10:56:04:	move motor	S18.axis2.piezo rotation to 0.149200deg	 DONE
26/09/2023 10:56:07:	55	count	time	5.000000s/cts	O Det=0	H Det=79	Mon Det=31486	Aux Det=3	O+H=79	 DONE
26/09/2023 10:56:15:	move motor	S18.axis2.piezo rotation to 0.149250deg	 DONE
26/09/2023 10:56:18:	56	count	time	5.000000s/cts	O Det=1	H Det=83	Mon Det=31347	Aux Det=7	O+H=84	 DONE
26/09/2023 10:56:26:	move motor	S18.axis2.piezo rotation to 0.149300deg	 DONE
26/09/2023 10:56:29:	57	count	time	5.000000s/cts	O Det=1	H Det=70	Mon Det=31395	Aux Det=2	O+H=71	 DONE
26/09/2023 10:56:36:	move motor	S18.axis2.piezo rotation to 0.149350deg	 DONE
26/09/2023 10:56:40:	58	count	time	5.000000s/cts	O Det=0	H Det=61	Mon Det=31700	Aux Det=4	O+H=61	 DONE
26/09/2023 10:56:47:	move motor	S18.axis2.piezo rotation to 0.149400deg	 DONE
26/09/2023 10:56:50:	59	count	time	5.000000s/cts	O Det=2	H Det=60	Mon Det=31635	Aux Det=1	O+H=62	 DONE
26/09/2023 10:56:58:	move motor	S18.axis2.piezo rotation to 0.149450deg	 DONE
26/09/2023 10:57:01:	60	count	time	5.000000s/cts	O Det=1	H Det=57	Mon Det=31513	Aux Det=6	O+H=58	 DONE
26/09/2023 10:57:09:	move motor	S18.axis2.piezo rotation to 0.149500deg	 DONE
26/09/2023 10:57:12:	61	count	time	5.000000s/cts	O Det=1	H Det=53	Mon Det=31687	Aux Det=3	O+H=54	 DONE
26/09/2023 10:57:20:	close file and end scan	 DONE
26/09/2023 10:57:20:	move motor	S18.axis2.piezo rotation to fit AUX LPEAK45	0.146953reached 0.14696  DONE
26/09/2023 10:57:23:	END OF SCRIPT	 DONE
