24/08/2023 23:48:43:	start execution of script D:\data\Cycle 192ter\exp_3-16-14\rawdata\sc\rocking.sc	 DONE
24/08/2023 23:48:44:	create file	D:\data\Cycle 192ter\exp_3-16-14\rawdata\sc\rocking_24Aug2348.dat	 DONE
room to enter remarks DONE
24/08/2023 23:48:45:	move motor	S18.axis2.piezo rotation to 0.147200deg	 DONE
24/08/2023 23:48:49:	1	count	time	5.000000s/cts	O Det=1	H Det=71	Mon Det=29869	Aux Det=6	O+H=78	 DONE
24/08/2023 23:48:56:	move motor	S18.axis2.piezo rotation to 0.147250deg	 DONE
24/08/2023 23:48:59:	2	count	time	5.000000s/cts	O Det=1	H Det=57	Mon Det=29798	Aux Det=5	O+H=63	 DONE
24/08/2023 23:49:07:	move motor	S18.axis2.piezo rotation to 0.147300deg	 DONE
24/08/2023 23:49:10:	3	count	time	5.000000s/cts	O Det=5	H Det=93	Mon Det=29513	Aux Det=4	O+H=102	 DONE
24/08/2023 23:49:18:	move motor	S18.axis2.piezo rotation to 0.147350deg	 DONE
24/08/2023 23:49:21:	4	count	time	5.000000s/cts	O Det=1	H Det=89	Mon Det=29081	Aux Det=8	O+H=98	 DONE
24/08/2023 23:49:29:	move motor	S18.axis2.piezo rotation to 0.147400deg	 DONE
24/08/2023 23:49:32:	5	count	time	5.000000s/cts	O Det=1	H Det=117	Mon Det=28869	Aux Det=2	O+H=120	 DONE
24/08/2023 23:49:40:	move motor	S18.axis2.piezo rotation to 0.147450deg	 DONE
24/08/2023 23:49:43:	6	count	time	5.000000s/cts	O Det=4	H Det=103	Mon Det=29066	Aux Det=4	O+H=111	 DONE
24/08/2023 23:49:51:	move motor	S18.axis2.piezo rotation to 0.147500deg	 DONE
24/08/2023 23:49:54:	7	count	time	5.000000s/cts	O Det=1	H Det=156	Mon Det=29061	Aux Det=5	O+H=162	 DONE
24/08/2023 23:50:02:	move motor	S18.axis2.piezo rotation to 0.147550deg	 DONE
24/08/2023 23:50:05:	8	count	time	5.000000s/cts	O Det=9	H Det=149	Mon Det=28995	Aux Det=6	O+H=164	 DONE
24/08/2023 23:50:12:	move motor	S18.axis2.piezo rotation to 0.147600deg	 DONE
24/08/2023 23:50:16:	9	count	time	5.000000s/cts	O Det=10	H Det=181	Mon Det=29075	Aux Det=7	O+H=198	 DONE
24/08/2023 23:50:23:	move motor	S18.axis2.piezo rotation to 0.147650deg	 DONE
24/08/2023 23:50:26:	10	count	time	5.000000s/cts	O Det=10	H Det=206	Mon Det=28679	Aux Det=8	O+H=224	 DONE
24/08/2023 23:50:34:	move motor	S18.axis2.piezo rotation to 0.147700deg	 DONE
24/08/2023 23:50:37:	11	count	time	5.000000s/cts	O Det=12	H Det=242	Mon Det=28656	Aux Det=5	O+H=259	 DONE
24/08/2023 23:50:45:	move motor	S18.axis2.piezo rotation to 0.147750deg	 DONE
24/08/2023 23:50:48:	12	count	time	5.000000s/cts	O Det=13	H Det=293	Mon Det=28596	Aux Det=12	O+H=318	 DONE
24/08/2023 23:50:56:	move motor	S18.axis2.piezo rotation to 0.147800deg	 DONE
24/08/2023 23:50:59:	13	count	time	5.000000s/cts	O Det=18	H Det=353	Mon Det=29021	Aux Det=19	O+H=390	 DONE
24/08/2023 23:51:06:	move motor	S18.axis2.piezo rotation to 0.147850deg	 DONE
24/08/2023 23:51:09:	14	count	time	5.000000s/cts	O Det=25	H Det=448	Mon Det=29070	Aux Det=25	O+H=498	 DONE
24/08/2023 23:51:17:	move motor	S18.axis2.piezo rotation to 0.147900deg	 DONE
24/08/2023 23:51:20:	15	count	time	5.000000s/cts	O Det=15	H Det=497	Mon Det=28854	Aux Det=22	O+H=534	 DONE
24/08/2023 23:51:28:	move motor	S18.axis2.piezo rotation to 0.147950deg	 DONE
24/08/2023 23:51:31:	16	count	time	5.000000s/cts	O Det=38	H Det=614	Mon Det=28918	Aux Det=37	O+H=689	 DONE
24/08/2023 23:51:39:	move motor	S18.axis2.piezo rotation to 0.148000deg	 DONE
24/08/2023 23:51:42:	17	count	time	5.000000s/cts	O Det=55	H Det=658	Mon Det=28687	Aux Det=55	O+H=768	 DONE
24/08/2023 23:51:49:	move motor	S18.axis2.piezo rotation to 0.148050deg	 DONE
24/08/2023 23:51:52:	18	count	time	5.000000s/cts	O Det=77	H Det=866	Mon Det=29053	Aux Det=61	O+H=1004	 DONE
24/08/2023 23:52:00:	move motor	S18.axis2.piezo rotation to 0.148100deg	 DONE
24/08/2023 23:52:03:	19	count	time	5.000000s/cts	O Det=106	H Det=967	Mon Det=28916	Aux Det=109	O+H=1182	 DONE
24/08/2023 23:52:11:	move motor	S18.axis2.piezo rotation to 0.148150deg	 DONE
24/08/2023 23:52:14:	20	count	time	5.000000s/cts	O Det=137	H Det=1011	Mon Det=28584	Aux Det=116	O+H=1264	 DONE
24/08/2023 23:52:22:	move motor	S18.axis2.piezo rotation to 0.148200deg	 DONE
24/08/2023 23:52:25:	21	count	time	5.000000s/cts	O Det=176	H Det=1110	Mon Det=28756	Aux Det=115	O+H=1401	 DONE
24/08/2023 23:52:32:	move motor	S18.axis2.piezo rotation to 0.148250deg	 DONE
24/08/2023 23:52:36:	22	count	time	5.000000s/cts	O Det=223	H Det=1159	Mon Det=28841	Aux Det=160	O+H=1542	 DONE
24/08/2023 23:52:43:	move motor	S18.axis2.piezo rotation to 0.148300deg	 DONE
24/08/2023 23:52:46:	23	count	time	5.000000s/cts	O Det=212	H Det=1159	Mon Det=29144	Aux Det=149	O+H=1520	 DONE
24/08/2023 23:52:54:	move motor	S18.axis2.piezo rotation to 0.148350deg	 DONE
24/08/2023 23:52:57:	24	count	time	5.000000s/cts	O Det=193	H Det=1008	Mon Det=28981	Aux Det=126	O+H=1327	 DONE
24/08/2023 23:53:05:	move motor	S18.axis2.piezo rotation to 0.148400deg	 DONE
24/08/2023 23:53:08:	25	count	time	5.000000s/cts	O Det=182	H Det=932	Mon Det=29162	Aux Det=137	O+H=1251	 DONE
24/08/2023 23:53:16:	move motor	S18.axis2.piezo rotation to 0.148450deg	 DONE
24/08/2023 23:53:19:	26	count	time	5.000000s/cts	O Det=169	H Det=815	Mon Det=28625	Aux Det=108	O+H=1092	 DONE
24/08/2023 23:53:26:	move motor	S18.axis2.piezo rotation to 0.148500deg	 DONE
24/08/2023 23:53:30:	27	count	time	5.000000s/cts	O Det=127	H Det=724	Mon Det=28803	Aux Det=82	O+H=933	 DONE
24/08/2023 23:53:37:	move motor	S18.axis2.piezo rotation to 0.148550deg	 DONE
24/08/2023 23:53:41:	28	count	time	5.000000s/cts	O Det=93	H Det=585	Mon Det=28987	Aux Det=71	O+H=749	 DONE
24/08/2023 23:53:48:	move motor	S18.axis2.piezo rotation to 0.148600deg	 DONE
24/08/2023 23:53:52:	29	count	time	5.000000s/cts	O Det=69	H Det=549	Mon Det=28740	Aux Det=65	O+H=683	 DONE
24/08/2023 23:53:59:	move motor	S18.axis2.piezo rotation to 0.148650deg	 DONE
24/08/2023 23:54:02:	30	count	time	5.000000s/cts	O Det=60	H Det=455	Mon Det=29148	Aux Det=49	O+H=564	 DONE
24/08/2023 23:54:10:	move motor	S18.axis2.piezo rotation to 0.148700deg	 DONE
24/08/2023 23:54:13:	31	count	time	5.000000s/cts	O Det=24	H Det=407	Mon Det=29247	Aux Det=23	O+H=454	 DONE
24/08/2023 23:54:21:	move motor	S18.axis2.piezo rotation to 0.148750deg	 DONE
24/08/2023 23:54:24:	32	count	time	5.000000s/cts	O Det=26	H Det=355	Mon Det=28601	Aux Det=28	O+H=409	 DONE
24/08/2023 23:54:32:	move motor	S18.axis2.piezo rotation to 0.148800deg	 DONE
24/08/2023 23:54:35:	33	count	time	5.000000s/cts	O Det=16	H Det=356	Mon Det=28897	Aux Det=7	O+H=379	 DONE
24/08/2023 23:54:42:	move motor	S18.axis2.piezo rotation to 0.148850deg	 DONE
24/08/2023 23:54:46:	34	count	time	5.000000s/cts	O Det=23	H Det=314	Mon Det=28645	Aux Det=18	O+H=355	 DONE
24/08/2023 23:54:53:	move motor	S18.axis2.piezo rotation to 0.148900deg	 DONE
24/08/2023 23:54:56:	35	count	time	5.000000s/cts	O Det=32	H Det=321	Mon Det=28705	Aux Det=13	O+H=366	 DONE
24/08/2023 23:55:04:	move motor	S18.axis2.piezo rotation to 0.148950deg	 DONE
24/08/2023 23:55:07:	36	count	time	5.000000s/cts	O Det=33	H Det=371	Mon Det=28751	Aux Det=34	O+H=438	 DONE
24/08/2023 23:55:15:	move motor	S18.axis2.piezo rotation to 0.149000deg	 DONE
24/08/2023 23:55:18:	37	count	time	5.000000s/cts	O Det=33	H Det=370	Mon Det=29026	Aux Det=21	O+H=424	 DONE
24/08/2023 23:55:26:	move motor	S18.axis2.piezo rotation to 0.149050deg	 DONE
24/08/2023 23:55:29:	38	count	time	5.000000s/cts	O Det=21	H Det=331	Mon Det=28776	Aux Det=22	O+H=374	 DONE
24/08/2023 23:55:37:	move motor	S18.axis2.piezo rotation to 0.149100deg	 DONE
24/08/2023 23:55:40:	39	count	time	5.000000s/cts	O Det=15	H Det=461	Mon Det=28990	Aux Det=11	O+H=487	 DONE
24/08/2023 23:55:47:	move motor	S18.axis2.piezo rotation to 0.149150deg	 DONE
24/08/2023 23:55:51:	40	count	time	5.000000s/cts	O Det=25	H Det=488	Mon Det=28977	Aux Det=20	O+H=533	 DONE
24/08/2023 23:55:58:	move motor	S18.axis2.piezo rotation to 0.149200deg	 DONE
24/08/2023 23:56:01:	41	count	time	5.000000s/cts	O Det=29	H Det=554	Mon Det=28875	Aux Det=33	O+H=616	 DONE
24/08/2023 23:56:09:	close file and end scan	 DONE
24/08/2023 23:56:10:	move motor	S18.axis2.piezo rotation to fit AUX PEAK65	0.148290reached 0.14825  DONE
24/08/2023 23:56:12:	END OF SCRIPT	 DONE
