05/09/2023 17:23:54:	start execution of script D:\data\Cycle 192ter\exp_3-16-14\rawdata\sc\rocking.sc	 DONE
05/09/2023 17:23:55:	create file	D:\data\Cycle 192ter\exp_3-16-14\rawdata\sc\rocking_05Sep1723.dat	 DONE
room to enter remarks DONE
05/09/2023 17:23:56:	move motor	S18.axis2.piezo rotation to 0.146000deg	 DONE
05/09/2023 17:24:00:	1	count	time	5.000000s/cts	O Det=1	H Det=54	Mon Det=28906	Aux Det=2	O+H=55	 DONE
05/09/2023 17:24:08:	move motor	S18.axis2.piezo rotation to 0.146050deg	 DONE
05/09/2023 17:24:11:	2	count	time	5.000000s/cts	O Det=0	H Det=59	Mon Det=28971	Aux Det=2	O+H=59	 DONE
05/09/2023 17:24:19:	move motor	S18.axis2.piezo rotation to 0.146100deg	 DONE
05/09/2023 17:24:22:	3	count	time	5.000000s/cts	O Det=1	H Det=47	Mon Det=28789	Aux Det=4	O+H=48	 DONE
05/09/2023 17:24:30:	move motor	S18.axis2.piezo rotation to 0.146150deg	 DONE
05/09/2023 17:24:33:	4	count	time	5.000000s/cts	O Det=1	H Det=56	Mon Det=28889	Aux Det=7	O+H=57	 DONE
05/09/2023 17:24:41:	move motor	S18.axis2.piezo rotation to 0.146200deg	 DONE
05/09/2023 17:24:44:	5	count	time	5.000000s/cts	O Det=2	H Det=60	Mon Det=28991	Aux Det=8	O+H=62	 DONE
05/09/2023 17:24:52:	move motor	S18.axis2.piezo rotation to 0.146250deg	 DONE
05/09/2023 17:24:55:	6	count	time	5.000000s/cts	O Det=2	H Det=59	Mon Det=28785	Aux Det=6	O+H=61	 DONE
05/09/2023 17:25:02:	move motor	S18.axis2.piezo rotation to 0.146300deg	 DONE
05/09/2023 17:25:06:	7	count	time	5.000000s/cts	O Det=5	H Det=64	Mon Det=28952	Aux Det=7	O+H=69	 DONE
05/09/2023 17:25:14:	move motor	S18.axis2.piezo rotation to 0.146350deg	 DONE
05/09/2023 17:25:17:	8	count	time	5.000000s/cts	O Det=5	H Det=55	Mon Det=28623	Aux Det=7	O+H=60	 DONE
05/09/2023 17:25:24:	move motor	S18.axis2.piezo rotation to 0.146400deg	 DONE
05/09/2023 17:25:28:	9	count	time	5.000000s/cts	O Det=3	H Det=77	Mon Det=28503	Aux Det=6	O+H=80	 DONE
05/09/2023 17:25:35:	move motor	S18.axis2.piezo rotation to 0.146450deg	 DONE
05/09/2023 17:25:38:	10	count	time	5.000000s/cts	O Det=4	H Det=86	Mon Det=29114	Aux Det=12	O+H=90	 DONE
05/09/2023 17:25:46:	move motor	S18.axis2.piezo rotation to 0.146500deg	 DONE
05/09/2023 17:25:49:	11	count	time	5.000000s/cts	O Det=2	H Det=81	Mon Det=28853	Aux Det=10	O+H=83	 DONE
05/09/2023 17:25:57:	move motor	S18.axis2.piezo rotation to 0.146550deg	 DONE
05/09/2023 17:26:01:	12	count	time	5.000000s/cts	O Det=4	H Det=86	Mon Det=29128	Aux Det=9	O+H=90	 DONE
05/09/2023 17:26:08:	move motor	S18.axis2.piezo rotation to 0.146600deg	 DONE
05/09/2023 17:26:12:	13	count	time	5.000000s/cts	O Det=2	H Det=115	Mon Det=28768	Aux Det=6	O+H=117	 DONE
05/09/2023 17:26:20:	move motor	S18.axis2.piezo rotation to 0.146650deg	 DONE
05/09/2023 17:26:23:	14	count	time	5.000000s/cts	O Det=11	H Det=114	Mon Det=28854	Aux Det=13	O+H=125	 DONE
05/09/2023 17:26:31:	move motor	S18.axis2.piezo rotation to 0.146700deg	 DONE
05/09/2023 17:26:34:	15	count	time	5.000000s/cts	O Det=5	H Det=117	Mon Det=28978	Aux Det=19	O+H=122	 DONE
05/09/2023 17:26:41:	move motor	S18.axis2.piezo rotation to 0.146750deg	 DONE
05/09/2023 17:26:45:	16	count	time	5.000000s/cts	O Det=3	H Det=146	Mon Det=29062	Aux Det=19	O+H=149	 DONE
05/09/2023 17:26:52:	move motor	S18.axis2.piezo rotation to 0.146800deg	 DONE
05/09/2023 17:26:56:	17	count	time	5.000000s/cts	O Det=8	H Det=169	Mon Det=28954	Aux Det=18	O+H=177	 DONE
05/09/2023 17:27:03:	move motor	S18.axis2.piezo rotation to 0.146850deg	 DONE
05/09/2023 17:27:07:	18	count	time	5.000000s/cts	O Det=13	H Det=175	Mon Det=28471	Aux Det=31	O+H=188	 DONE
05/09/2023 17:27:14:	move motor	S18.axis2.piezo rotation to 0.146900deg	 DONE
05/09/2023 17:27:18:	19	count	time	5.000000s/cts	O Det=12	H Det=190	Mon Det=28740	Aux Det=37	O+H=202	 DONE
05/09/2023 17:27:26:	move motor	S18.axis2.piezo rotation to 0.146950deg	 DONE
05/09/2023 17:27:29:	20	count	time	5.000000s/cts	O Det=15	H Det=225	Mon Det=29126	Aux Det=28	O+H=240	 DONE
05/09/2023 17:27:37:	move motor	S18.axis2.piezo rotation to 0.147000deg	 DONE
05/09/2023 17:27:40:	21	count	time	5.000000s/cts	O Det=28	H Det=262	Mon Det=28784	Aux Det=60	O+H=290	 DONE
05/09/2023 17:27:48:	move motor	S18.axis2.piezo rotation to 0.147050deg	 DONE
05/09/2023 17:27:51:	22	count	time	5.000000s/cts	O Det=28	H Det=261	Mon Det=28920	Aux Det=65	O+H=289	 DONE
05/09/2023 17:27:59:	move motor	S18.axis2.piezo rotation to 0.147100deg	 DONE
05/09/2023 17:28:02:	23	count	time	5.000000s/cts	O Det=40	H Det=337	Mon Det=28797	Aux Det=107	O+H=377	 DONE
05/09/2023 17:28:09:	move motor	S18.axis2.piezo rotation to 0.147150deg	 DONE
05/09/2023 17:28:13:	24	count	time	5.000000s/cts	O Det=48	H Det=397	Mon Det=29056	Aux Det=121	O+H=445	 DONE
05/09/2023 17:28:21:	move motor	S18.axis2.piezo rotation to 0.147200deg	 DONE
05/09/2023 17:28:24:	25	count	time	5.000000s/cts	O Det=78	H Det=446	Mon Det=29541	Aux Det=166	O+H=524	 DONE
05/09/2023 17:28:31:	move motor	S18.axis2.piezo rotation to 0.147250deg	 DONE
05/09/2023 17:28:35:	26	count	time	5.000000s/cts	O Det=113	H Det=499	Mon Det=28506	Aux Det=263	O+H=612	 DONE
05/09/2023 17:28:42:	move motor	S18.axis2.piezo rotation to 0.147300deg	 DONE
05/09/2023 17:28:46:	27	count	time	5.000000s/cts	O Det=141	H Det=570	Mon Det=28744	Aux Det=365	O+H=711	 DONE
05/09/2023 17:28:54:	move motor	S18.axis2.piezo rotation to 0.147350deg	 DONE
05/09/2023 17:28:57:	28	count	time	5.000000s/cts	O Det=147	H Det=653	Mon Det=28788	Aux Det=464	O+H=800	 DONE
05/09/2023 17:29:05:	move motor	S18.axis2.piezo rotation to 0.147400deg	 DONE
05/09/2023 17:29:08:	29	count	time	5.000000s/cts	O Det=193	H Det=631	Mon Det=29024	Aux Det=521	O+H=824	 DONE
05/09/2023 17:29:15:	move motor	S18.axis2.piezo rotation to 0.147450deg	 DONE
05/09/2023 17:29:19:	30	count	time	5.000000s/cts	O Det=190	H Det=687	Mon Det=28959	Aux Det=597	O+H=877	 DONE
05/09/2023 17:29:26:	move motor	S18.axis2.piezo rotation to 0.147500deg	 DONE
05/09/2023 17:29:30:	31	count	time	5.000000s/cts	O Det=210	H Det=659	Mon Det=28948	Aux Det=592	O+H=869	 DONE
05/09/2023 17:29:37:	move motor	S18.axis2.piezo rotation to 0.147550deg	 DONE
05/09/2023 17:29:40:	32	count	time	5.000000s/cts	O Det=180	H Det=637	Mon Det=28854	Aux Det=579	O+H=817	 DONE
05/09/2023 17:29:48:	move motor	S18.axis2.piezo rotation to 0.147600deg	 DONE
05/09/2023 17:29:51:	33	count	time	5.000000s/cts	O Det=198	H Det=575	Mon Det=28699	Aux Det=532	O+H=773	 DONE
05/09/2023 17:29:59:	move motor	S18.axis2.piezo rotation to 0.147650deg	 DONE
05/09/2023 17:30:02:	34	count	time	5.000000s/cts	O Det=189	H Det=530	Mon Det=28912	Aux Det=460	O+H=719	 DONE
05/09/2023 17:30:10:	move motor	S18.axis2.piezo rotation to 0.147700deg	 DONE
05/09/2023 17:30:13:	35	count	time	5.000000s/cts	O Det=151	H Det=461	Mon Det=29095	Aux Det=392	O+H=612	 DONE
05/09/2023 17:30:21:	move motor	S18.axis2.piezo rotation to 0.147750deg	 DONE
05/09/2023 17:30:24:	36	count	time	5.000000s/cts	O Det=107	H Det=428	Mon Det=29194	Aux Det=297	O+H=535	 DONE
05/09/2023 17:30:32:	move motor	S18.axis2.piezo rotation to 0.147800deg	 DONE
05/09/2023 17:30:36:	37	count	time	5.000000s/cts	O Det=96	H Det=433	Mon Det=28884	Aux Det=218	O+H=529	 DONE
05/09/2023 17:30:43:	move motor	S18.axis2.piezo rotation to 0.147850deg	 DONE
05/09/2023 17:30:47:	38	count	time	5.000000s/cts	O Det=84	H Det=451	Mon Det=28633	Aux Det=145	O+H=535	 DONE
05/09/2023 17:30:54:	move motor	S18.axis2.piezo rotation to 0.147900deg	 DONE
05/09/2023 17:30:58:	39	count	time	5.000000s/cts	O Det=46	H Det=421	Mon Det=29076	Aux Det=127	O+H=467	 DONE
05/09/2023 17:31:06:	move motor	S18.axis2.piezo rotation to 0.147950deg	 DONE
05/09/2023 17:31:09:	40	count	time	5.000000s/cts	O Det=38	H Det=322	Mon Det=28688	Aux Det=71	O+H=360	 DONE
05/09/2023 17:31:17:	move motor	S18.axis2.piezo rotation to 0.148000deg	 DONE
05/09/2023 17:31:20:	41	count	time	5.000000s/cts	O Det=23	H Det=339	Mon Det=28923	Aux Det=53	O+H=362	 DONE
05/09/2023 17:31:28:	close file and end scan	 DONE
05/09/2023 17:31:28:	move motor	S18.axis2.piezo rotation to fit AUX PEAK65	0.147503reached 0.14750  DONE
05/09/2023 17:31:31:	END OF SCRIPT	 DONE
