24/08/2023 17:29:54:	start execution of script D:\data\Cycle 192ter\exp_3-16-14\rawdata\sc\rocking.sc	 DONE
24/08/2023 17:29:55:	create file	D:\data\Cycle 192ter\exp_3-16-14\rawdata\sc\rocking_24Aug1729.dat	 DONE
room to enter remarks DONE
24/08/2023 17:29:56:	move motor	S18.axis2.piezo rotation to 0.147000deg	 DONE
24/08/2023 17:30:00:	1	count	time	5.000000s/cts	O Det=0	H Det=55	Mon Det=29078	Aux Det=6	O+H=55	 DONE
24/08/2023 17:30:07:	move motor	S18.axis2.piezo rotation to 0.147050deg	 DONE
24/08/2023 17:30:11:	2	count	time	5.000000s/cts	O Det=2	H Det=60	Mon Det=29513	Aux Det=4	O+H=62	 DONE
24/08/2023 17:30:19:	move motor	S18.axis2.piezo rotation to 0.147100deg	 DONE
24/08/2023 17:30:22:	3	count	time	5.000000s/cts	O Det=0	H Det=54	Mon Det=29322	Aux Det=4	O+H=54	 DONE
24/08/2023 17:30:29:	move motor	S18.axis2.piezo rotation to 0.147150deg	 DONE
24/08/2023 17:30:33:	4	count	time	5.000000s/cts	O Det=3	H Det=70	Mon Det=28807	Aux Det=2	O+H=73	 DONE
24/08/2023 17:30:40:	move motor	S18.axis2.piezo rotation to 0.147200deg	 DONE
24/08/2023 17:30:44:	5	count	time	5.000000s/cts	O Det=3	H Det=93	Mon Det=29591	Aux Det=4	O+H=96	 DONE
24/08/2023 17:30:51:	move motor	S18.axis2.piezo rotation to 0.147250deg	 DONE
24/08/2023 17:30:54:	6	count	time	5.000000s/cts	O Det=0	H Det=69	Mon Det=29171	Aux Det=0	O+H=69	 DONE
24/08/2023 17:31:02:	move motor	S18.axis2.piezo rotation to 0.147300deg	 DONE
24/08/2023 17:31:06:	7	count	time	5.000000s/cts	O Det=4	H Det=83	Mon Det=29019	Aux Det=7	O+H=87	 DONE
24/08/2023 17:31:13:	move motor	S18.axis2.piezo rotation to 0.147350deg	 DONE
24/08/2023 17:31:17:	8	count	time	5.000000s/cts	O Det=1	H Det=96	Mon Det=29339	Aux Det=3	O+H=97	 DONE
24/08/2023 17:31:24:	move motor	S18.axis2.piezo rotation to 0.147400deg	 DONE
24/08/2023 17:31:28:	9	count	time	5.000000s/cts	O Det=4	H Det=109	Mon Det=29058	Aux Det=4	O+H=113	 DONE
24/08/2023 17:31:35:	move motor	S18.axis2.piezo rotation to 0.147450deg	 DONE
24/08/2023 17:31:39:	10	count	time	5.000000s/cts	O Det=6	H Det=141	Mon Det=29193	Aux Det=4	O+H=147	 DONE
24/08/2023 17:31:46:	move motor	S18.axis2.piezo rotation to 0.147500deg	 DONE
24/08/2023 17:31:49:	11	count	time	5.000000s/cts	O Det=1	H Det=157	Mon Det=29390	Aux Det=8	O+H=158	 DONE
24/08/2023 17:31:57:	move motor	S18.axis2.piezo rotation to 0.147550deg	 DONE
24/08/2023 17:32:00:	12	count	time	5.000000s/cts	O Det=2	H Det=161	Mon Det=29411	Aux Det=7	O+H=163	 DONE
24/08/2023 17:32:08:	move motor	S18.axis2.piezo rotation to 0.147600deg	 DONE
24/08/2023 17:32:11:	13	count	time	5.000000s/cts	O Det=8	H Det=181	Mon Det=29352	Aux Det=7	O+H=189	 DONE
24/08/2023 17:32:19:	move motor	S18.axis2.piezo rotation to 0.147650deg	 DONE
24/08/2023 17:32:22:	14	count	time	5.000000s/cts	O Det=4	H Det=198	Mon Det=29691	Aux Det=8	O+H=202	 DONE
24/08/2023 17:32:30:	move motor	S18.axis2.piezo rotation to 0.147700deg	 DONE
24/08/2023 17:32:33:	15	count	time	5.000000s/cts	O Det=7	H Det=240	Mon Det=29304	Aux Det=13	O+H=247	 DONE
24/08/2023 17:32:41:	move motor	S18.axis2.piezo rotation to 0.147750deg	 DONE
24/08/2023 17:32:44:	16	count	time	5.000000s/cts	O Det=10	H Det=241	Mon Det=29421	Aux Det=14	O+H=251	 DONE
24/08/2023 17:32:51:	move motor	S18.axis2.piezo rotation to 0.147800deg	 DONE
24/08/2023 17:32:55:	17	count	time	5.000000s/cts	O Det=8	H Det=370	Mon Det=29485	Aux Det=11	O+H=378	 DONE
24/08/2023 17:33:02:	move motor	S18.axis2.piezo rotation to 0.147850deg	 DONE
24/08/2023 17:33:05:	18	count	time	5.000000s/cts	O Det=14	H Det=380	Mon Det=29358	Aux Det=14	O+H=394	 DONE
24/08/2023 17:33:13:	move motor	S18.axis2.piezo rotation to 0.147900deg	 DONE
24/08/2023 17:33:16:	19	count	time	5.000000s/cts	O Det=29	H Det=523	Mon Det=29697	Aux Det=26	O+H=552	 DONE
24/08/2023 17:33:24:	move motor	S18.axis2.piezo rotation to 0.147950deg	 DONE
24/08/2023 17:33:27:	20	count	time	5.000000s/cts	O Det=36	H Det=580	Mon Det=29380	Aux Det=23	O+H=616	 DONE
24/08/2023 17:33:35:	move motor	S18.axis2.piezo rotation to 0.148000deg	 DONE
24/08/2023 17:33:38:	21	count	time	5.000000s/cts	O Det=59	H Det=666	Mon Det=29491	Aux Det=30	O+H=725	 DONE
24/08/2023 17:33:46:	move motor	S18.axis2.piezo rotation to 0.148050deg	 DONE
24/08/2023 17:33:49:	22	count	time	5.000000s/cts	O Det=54	H Det=834	Mon Det=29418	Aux Det=47	O+H=888	 DONE
24/08/2023 17:33:56:	move motor	S18.axis2.piezo rotation to 0.148100deg	 DONE
24/08/2023 17:33:59:	23	count	time	5.000000s/cts	O Det=79	H Det=913	Mon Det=29442	Aux Det=66	O+H=992	 DONE
24/08/2023 17:34:07:	move motor	S18.axis2.piezo rotation to 0.148150deg	 DONE
24/08/2023 17:34:10:	24	count	time	5.000000s/cts	O Det=98	H Det=1157	Mon Det=29469	Aux Det=74	O+H=1255	 DONE
24/08/2023 17:34:18:	move motor	S18.axis2.piezo rotation to 0.148200deg	 DONE
24/08/2023 17:34:21:	25	count	time	5.000000s/cts	O Det=114	H Det=1217	Mon Det=29398	Aux Det=85	O+H=1331	 DONE
24/08/2023 17:34:29:	move motor	S18.axis2.piezo rotation to 0.148250deg	 DONE
24/08/2023 17:34:32:	26	count	time	5.000000s/cts	O Det=137	H Det=1245	Mon Det=29293	Aux Det=107	O+H=1382	 DONE
24/08/2023 17:34:40:	move motor	S18.axis2.piezo rotation to 0.148300deg	 DONE
24/08/2023 17:34:43:	27	count	time	5.000000s/cts	O Det=166	H Det=1241	Mon Det=29527	Aux Det=106	O+H=1407	 DONE
24/08/2023 17:34:51:	move motor	S18.axis2.piezo rotation to 0.148350deg	 DONE
24/08/2023 17:34:54:	28	count	time	5.000000s/cts	O Det=171	H Det=1179	Mon Det=29430	Aux Det=98	O+H=1350	 DONE
24/08/2023 17:35:02:	move motor	S18.axis2.piezo rotation to 0.148400deg	 DONE
24/08/2023 17:35:05:	29	count	time	5.000000s/cts	O Det=150	H Det=1018	Mon Det=29466	Aux Det=67	O+H=1168	 DONE
24/08/2023 17:35:12:	move motor	S18.axis2.piezo rotation to 0.148450deg	 DONE
24/08/2023 17:35:16:	30	count	time	5.000000s/cts	O Det=130	H Det=968	Mon Det=29412	Aux Det=75	O+H=1098	 DONE
24/08/2023 17:35:23:	move motor	S18.axis2.piezo rotation to 0.148500deg	 DONE
24/08/2023 17:35:27:	31	count	time	5.000000s/cts	O Det=111	H Det=728	Mon Det=29390	Aux Det=52	O+H=839	 DONE
24/08/2023 17:35:34:	move motor	S18.axis2.piezo rotation to 0.148550deg	 DONE
24/08/2023 17:35:37:	32	count	time	5.000000s/cts	O Det=87	H Det=677	Mon Det=29498	Aux Det=49	O+H=764	 DONE
24/08/2023 17:35:45:	move motor	S18.axis2.piezo rotation to 0.148600deg	 DONE
24/08/2023 17:35:48:	33	count	time	5.000000s/cts	O Det=70	H Det=544	Mon Det=29825	Aux Det=36	O+H=614	 DONE
24/08/2023 17:35:56:	move motor	S18.axis2.piezo rotation to 0.148650deg	 DONE
24/08/2023 17:35:59:	34	count	time	5.000000s/cts	O Det=61	H Det=480	Mon Det=29391	Aux Det=38	O+H=541	 DONE
24/08/2023 17:36:07:	move motor	S18.axis2.piezo rotation to 0.148700deg	 DONE
24/08/2023 17:36:10:	35	count	time	5.000000s/cts	O Det=35	H Det=417	Mon Det=29351	Aux Det=17	O+H=452	 DONE
24/08/2023 17:36:17:	move motor	S18.axis2.piezo rotation to 0.148750deg	 DONE
24/08/2023 17:36:21:	36	count	time	5.000000s/cts	O Det=30	H Det=376	Mon Det=29696	Aux Det=12	O+H=406	 DONE
24/08/2023 17:36:28:	move motor	S18.axis2.piezo rotation to 0.148800deg	 DONE
24/08/2023 17:36:31:	37	count	time	5.000000s/cts	O Det=19	H Det=328	Mon Det=29612	Aux Det=6	O+H=347	 DONE
24/08/2023 17:36:39:	move motor	S18.axis2.piezo rotation to 0.148850deg	 DONE
24/08/2023 17:36:42:	38	count	time	5.000000s/cts	O Det=17	H Det=335	Mon Det=29675	Aux Det=8	O+H=352	 DONE
24/08/2023 17:36:50:	move motor	S18.axis2.piezo rotation to 0.148900deg	 DONE
24/08/2023 17:36:53:	39	count	time	5.000000s/cts	O Det=28	H Det=363	Mon Det=29397	Aux Det=23	O+H=391	 DONE
24/08/2023 17:37:01:	move motor	S18.axis2.piezo rotation to 0.148950deg	 DONE
24/08/2023 17:37:04:	40	count	time	5.000000s/cts	O Det=42	H Det=325	Mon Det=29660	Aux Det=33	O+H=367	 DONE
24/08/2023 17:37:11:	move motor	S18.axis2.piezo rotation to 0.149000deg	 DONE
24/08/2023 17:37:15:	41	count	time	5.000000s/cts	O Det=29	H Det=356	Mon Det=29394	Aux Det=20	O+H=385	 DONE
24/08/2023 17:37:22:	close file and end scan	 DONE
24/08/2023 17:37:23:	move motor	S18.axis2.piezo rotation to fit AUX PEAK65	0.148297reached 0.14829  DONE
24/08/2023 17:37:26:	END OF SCRIPT	 DONE
