24/08/2023 17:46:53:	start execution of script D:\data\Cycle 192ter\exp_3-16-14\rawdata\sc\rocking.sc	 DONE
24/08/2023 17:46:54:	create file	D:\data\Cycle 192ter\exp_3-16-14\rawdata\sc\rocking_24Aug1746.dat	 DONE
room to enter remarks DONE
24/08/2023 17:46:55:	move motor	S18.axis2.piezo rotation to 0.147000deg	 DONE
24/08/2023 17:46:59:	1	count	time	5.000000s/cts	O Det=2	H Det=40	Mon Det=29462	Aux Det=8	O+H=42	 DONE
24/08/2023 17:47:06:	move motor	S18.axis2.piezo rotation to 0.147050deg	 DONE
24/08/2023 17:47:10:	2	count	time	5.000000s/cts	O Det=0	H Det=68	Mon Det=29849	Aux Det=5	O+H=68	 DONE
24/08/2023 17:47:17:	move motor	S18.axis2.piezo rotation to 0.147100deg	 DONE
24/08/2023 17:47:21:	3	count	time	5.000000s/cts	O Det=2	H Det=65	Mon Det=29947	Aux Det=1	O+H=67	 DONE
24/08/2023 17:47:28:	move motor	S18.axis2.piezo rotation to 0.147150deg	 DONE
24/08/2023 17:47:31:	4	count	time	5.000000s/cts	O Det=3	H Det=68	Mon Det=29862	Aux Det=2	O+H=71	 DONE
24/08/2023 17:47:39:	move motor	S18.axis2.piezo rotation to 0.147200deg	 DONE
24/08/2023 17:47:42:	5	count	time	5.000000s/cts	O Det=0	H Det=77	Mon Det=29425	Aux Det=3	O+H=3	 DONE
24/08/2023 17:47:50:	move motor	S18.axis2.piezo rotation to 0.147250deg	 DONE
24/08/2023 17:47:53:	6	count	time	5.000000s/cts	O Det=2	H Det=71	Mon Det=29741	Aux Det=3	O+H=5	 DONE
24/08/2023 17:48:01:	move motor	S18.axis2.piezo rotation to 0.147300deg	 DONE
24/08/2023 17:48:04:	7	count	time	5.000000s/cts	O Det=2	H Det=83	Mon Det=29944	Aux Det=3	O+H=5	 DONE
24/08/2023 17:48:12:	move motor	S18.axis2.piezo rotation to 0.147350deg	 DONE
24/08/2023 17:48:15:	8	count	time	5.000000s/cts	O Det=0	H Det=98	Mon Det=29567	Aux Det=3	O+H=3	 DONE
24/08/2023 17:48:23:	move motor	S18.axis2.piezo rotation to 0.147400deg	 DONE
24/08/2023 17:48:26:	9	count	time	5.000000s/cts	O Det=2	H Det=110	Mon Det=29414	Aux Det=4	O+H=6	 DONE
24/08/2023 17:48:34:	move motor	S18.axis2.piezo rotation to 0.147450deg	 DONE
24/08/2023 17:48:37:	10	count	time	5.000000s/cts	O Det=5	H Det=106	Mon Det=29240	Aux Det=9	O+H=14	 DONE
24/08/2023 17:48:45:	move motor	S18.axis2.piezo rotation to 0.147500deg	 DONE
24/08/2023 17:48:48:	11	count	time	5.000000s/cts	O Det=3	H Det=128	Mon Det=30168	Aux Det=6	O+H=9	 DONE
24/08/2023 17:48:55:	move motor	S18.axis2.piezo rotation to 0.147550deg	 DONE
24/08/2023 17:48:59:	12	count	time	5.000000s/cts	O Det=7	H Det=133	Mon Det=29748	Aux Det=4	O+H=11	 DONE
24/08/2023 17:49:06:	move motor	S18.axis2.piezo rotation to 0.147600deg	 DONE
24/08/2023 17:49:10:	13	count	time	5.000000s/cts	O Det=8	H Det=166	Mon Det=29452	Aux Det=5	O+H=13	 DONE
24/08/2023 17:49:17:	move motor	S18.axis2.piezo rotation to 0.147650deg	 DONE
24/08/2023 17:49:21:	14	count	time	5.000000s/cts	O Det=5	H Det=195	Mon Det=29483	Aux Det=9	O+H=14	 DONE
24/08/2023 17:49:29:	move motor	S18.axis2.piezo rotation to 0.147700deg	 DONE
24/08/2023 17:49:32:	15	count	time	5.000000s/cts	O Det=11	H Det=221	Mon Det=29842	Aux Det=8	O+H=19	 DONE
24/08/2023 17:49:40:	move motor	S18.axis2.piezo rotation to 0.147750deg	 DONE
24/08/2023 17:49:43:	16	count	time	5.000000s/cts	O Det=12	H Det=276	Mon Det=29671	Aux Det=10	O+H=22	 DONE
24/08/2023 17:49:50:	move motor	S18.axis2.piezo rotation to 0.147800deg	 DONE
24/08/2023 17:49:54:	17	count	time	5.000000s/cts	O Det=13	H Det=311	Mon Det=29426	Aux Det=6	O+H=19	 DONE
24/08/2023 17:50:01:	move motor	S18.axis2.piezo rotation to 0.147850deg	 DONE
24/08/2023 17:50:04:	18	count	time	5.000000s/cts	O Det=14	H Det=387	Mon Det=29687	Aux Det=18	O+H=32	 DONE
24/08/2023 17:50:12:	move motor	S18.axis2.piezo rotation to 0.147900deg	 DONE
24/08/2023 17:50:15:	19	count	time	5.000000s/cts	O Det=30	H Det=492	Mon Det=29892	Aux Det=18	O+H=48	 DONE
24/08/2023 17:50:23:	move motor	S18.axis2.piezo rotation to 0.147950deg	 DONE
24/08/2023 17:50:26:	20	count	time	5.000000s/cts	O Det=38	H Det=545	Mon Det=29974	Aux Det=30	O+H=68	 DONE
24/08/2023 17:50:34:	move motor	S18.axis2.piezo rotation to 0.148000deg	 DONE
24/08/2023 17:50:37:	21	count	time	5.000000s/cts	O Det=42	H Det=643	Mon Det=29776	Aux Det=44	O+H=86	 DONE
24/08/2023 17:50:45:	move motor	S18.axis2.piezo rotation to 0.148050deg	 DONE
24/08/2023 17:50:48:	22	count	time	5.000000s/cts	O Det=70	H Det=727	Mon Det=29645	Aux Det=53	O+H=123	 DONE
24/08/2023 17:50:56:	move motor	S18.axis2.piezo rotation to 0.148100deg	 DONE
24/08/2023 17:50:59:	23	count	time	5.000000s/cts	O Det=80	H Det=919	Mon Det=29368	Aux Det=64	O+H=144	 DONE
24/08/2023 17:51:07:	move motor	S18.axis2.piezo rotation to 0.148150deg	 DONE
24/08/2023 17:51:10:	24	count	time	5.000000s/cts	O Det=132	H Det=1078	Mon Det=29301	Aux Det=87	O+H=1297	 DONE
24/08/2023 17:51:18:	move motor	S18.axis2.piezo rotation to 0.148200deg	 DONE
24/08/2023 17:51:21:	25	count	time	5.000000s/cts	O Det=119	H Det=1160	Mon Det=29275	Aux Det=110	O+H=1389	 DONE
24/08/2023 17:51:29:	move motor	S18.axis2.piezo rotation to 0.148250deg	 DONE
24/08/2023 17:51:32:	26	count	time	5.000000s/cts	O Det=144	H Det=1114	Mon Det=29944	Aux Det=100	O+H=1358	 DONE
24/08/2023 17:51:40:	move motor	S18.axis2.piezo rotation to 0.148300deg	 DONE
24/08/2023 17:51:43:	27	count	time	5.000000s/cts	O Det=163	H Det=1220	Mon Det=29608	Aux Det=111	O+H=1494	 DONE
24/08/2023 17:51:50:	move motor	S18.axis2.piezo rotation to 0.148350deg	 DONE
24/08/2023 17:51:54:	28	count	time	5.000000s/cts	O Det=203	H Det=1115	Mon Det=29342	Aux Det=115	O+H=1433	 DONE
24/08/2023 17:52:02:	move motor	S18.axis2.piezo rotation to 0.148400deg	 DONE
24/08/2023 17:52:05:	29	count	time	5.000000s/cts	O Det=179	H Det=1031	Mon Det=29707	Aux Det=111	O+H=1321	 DONE
24/08/2023 17:52:13:	move motor	S18.axis2.piezo rotation to 0.148450deg	 DONE
24/08/2023 17:52:16:	30	count	time	5.000000s/cts	O Det=163	H Det=937	Mon Det=30257	Aux Det=84	O+H=1184	 DONE
24/08/2023 17:52:24:	move motor	S18.axis2.piezo rotation to 0.148500deg	 DONE
24/08/2023 17:52:27:	31	count	time	5.000000s/cts	O Det=110	H Det=834	Mon Det=29592	Aux Det=76	O+H=1020	 DONE
24/08/2023 17:52:35:	move motor	S18.axis2.piezo rotation to 0.148550deg	 DONE
24/08/2023 17:52:38:	32	count	time	5.000000s/cts	O Det=99	H Det=674	Mon Det=29937	Aux Det=44	O+H=817	 DONE
24/08/2023 17:52:46:	move motor	S18.axis2.piezo rotation to 0.148600deg	 DONE
24/08/2023 17:52:50:	33	count	time	5.000000s/cts	O Det=93	H Det=612	Mon Det=29398	Aux Det=41	O+H=746	 DONE
24/08/2023 17:52:57:	move motor	S18.axis2.piezo rotation to 0.148650deg	 DONE
24/08/2023 17:53:00:	34	count	time	5.000000s/cts	O Det=71	H Det=511	Mon Det=29413	Aux Det=46	O+H=628	 DONE
24/08/2023 17:53:08:	move motor	S18.axis2.piezo rotation to 0.148700deg	 DONE
24/08/2023 17:53:11:	35	count	time	5.000000s/cts	O Det=45	H Det=416	Mon Det=29215	Aux Det=27	O+H=488	 DONE
24/08/2023 17:53:19:	move motor	S18.axis2.piezo rotation to 0.148750deg	 DONE
24/08/2023 17:53:22:	36	count	time	5.000000s/cts	O Det=23	H Det=362	Mon Det=29612	Aux Det=16	O+H=401	 DONE
24/08/2023 17:53:30:	move motor	S18.axis2.piezo rotation to 0.148800deg	 DONE
24/08/2023 17:53:33:	37	count	time	5.000000s/cts	O Det=19	H Det=338	Mon Det=29606	Aux Det=15	O+H=372	 DONE
24/08/2023 17:53:41:	move motor	S18.axis2.piezo rotation to 0.148850deg	 DONE
24/08/2023 17:53:44:	38	count	time	5.000000s/cts	O Det=20	H Det=287	Mon Det=29834	Aux Det=7	O+H=314	 DONE
24/08/2023 17:53:51:	move motor	S18.axis2.piezo rotation to 0.148900deg	 DONE
24/08/2023 17:53:55:	39	count	time	5.000000s/cts	O Det=26	H Det=355	Mon Det=29974	Aux Det=20	O+H=401	 DONE
24/08/2023 17:54:02:	move motor	S18.axis2.piezo rotation to 0.148950deg	 DONE
24/08/2023 17:54:06:	40	count	time	5.000000s/cts	O Det=42	H Det=354	Mon Det=29595	Aux Det=33	O+H=429	 DONE
24/08/2023 17:54:13:	move motor	S18.axis2.piezo rotation to 0.149000deg	 DONE
24/08/2023 17:54:16:	41	count	time	5.000000s/cts	O Det=33	H Det=364	Mon Det=29560	Aux Det=25	O+H=422	 DONE
24/08/2023 17:54:24:	close file and end scan	 DONE
24/08/2023 17:54:25:	move motor	S18.axis2.piezo rotation to fit AUX PEAK65	0.148307reached 0.14828  DONE
24/08/2023 17:54:27:	END OF SCRIPT	 DONE
