27/08/2023 14:13:14:	start execution of script D:\data\Cycle 192ter\exp_3-16-14\rawdata\sc\rocking.sc	 DONE
27/08/2023 14:13:14:	create file	D:\data\Cycle 192ter\exp_3-16-14\rawdata\sc\rocking_27Aug1413.dat	 DONE
room to enter remarks DONE
27/08/2023 14:13:15:	move motor	S18.axis2.piezo rotation to 0.147200deg	 DONE
27/08/2023 14:13:20:	1	count	time	5.000000s/cts	O Det=4	H Det=162	Mon Det=29173	Aux Det=17	O+H=183	 DONE
27/08/2023 14:13:27:	move motor	S18.axis2.piezo rotation to 0.147250deg	 DONE
27/08/2023 14:13:31:	2	count	time	5.000000s/cts	O Det=7	H Det=157	Mon Det=29068	Aux Det=23	O+H=187	 DONE
27/08/2023 14:13:39:	move motor	S18.axis2.piezo rotation to 0.147300deg	 DONE
27/08/2023 14:13:42:	3	count	time	5.000000s/cts	O Det=12	H Det=193	Mon Det=29204	Aux Det=29	O+H=234	 DONE
27/08/2023 14:13:50:	move motor	S18.axis2.piezo rotation to 0.147350deg	 DONE
27/08/2023 14:13:53:	4	count	time	5.000000s/cts	O Det=18	H Det=220	Mon Det=28947	Aux Det=48	O+H=286	 DONE
27/08/2023 14:14:01:	move motor	S18.axis2.piezo rotation to 0.147400deg	 DONE
27/08/2023 14:14:04:	5	count	time	5.000000s/cts	O Det=21	H Det=267	Mon Det=28723	Aux Det=45	O+H=333	 DONE
27/08/2023 14:14:12:	move motor	S18.axis2.piezo rotation to 0.147450deg	 DONE
27/08/2023 14:14:15:	6	count	time	5.000000s/cts	O Det=17	H Det=281	Mon Det=29234	Aux Det=70	O+H=368	 DONE
27/08/2023 14:14:23:	move motor	S18.axis2.piezo rotation to 0.147500deg	 DONE
27/08/2023 14:14:26:	7	count	time	5.000000s/cts	O Det=30	H Det=350	Mon Det=28973	Aux Det=64	O+H=444	 DONE
27/08/2023 14:14:34:	move motor	S18.axis2.piezo rotation to 0.147550deg	 DONE
27/08/2023 14:14:37:	8	count	time	5.000000s/cts	O Det=44	H Det=374	Mon Det=28842	Aux Det=103	O+H=521	 DONE
27/08/2023 14:14:45:	move motor	S18.axis2.piezo rotation to 0.147600deg	 DONE
27/08/2023 14:14:48:	9	count	time	5.000000s/cts	O Det=70	H Det=474	Mon Det=28667	Aux Det=155	O+H=699	 DONE
27/08/2023 14:14:55:	move motor	S18.axis2.piezo rotation to 0.147650deg	 DONE
27/08/2023 14:14:59:	10	count	time	5.000000s/cts	O Det=85	H Det=485	Mon Det=28519	Aux Det=266	O+H=836	 DONE
27/08/2023 14:15:07:	move motor	S18.axis2.piezo rotation to 0.147700deg	 DONE
27/08/2023 14:15:10:	11	count	time	5.000000s/cts	O Det=99	H Det=558	Mon Det=28643	Aux Det=307	O+H=964	 DONE
27/08/2023 14:15:18:	move motor	S18.axis2.piezo rotation to 0.147750deg	 DONE
27/08/2023 14:15:21:	12	count	time	5.000000s/cts	O Det=140	H Det=569	Mon Det=28692	Aux Det=413	O+H=1122	 DONE
27/08/2023 14:15:29:	move motor	S18.axis2.piezo rotation to 0.147800deg	 DONE
27/08/2023 14:15:32:	13	count	time	5.000000s/cts	O Det=195	H Det=634	Mon Det=28498	Aux Det=501	O+H=1330	 DONE
27/08/2023 14:15:40:	move motor	S18.axis2.piezo rotation to 0.147850deg	 DONE
27/08/2023 14:15:43:	14	count	time	5.000000s/cts	O Det=200	H Det=714	Mon Det=29081	Aux Det=528	O+H=1442	 DONE
27/08/2023 14:15:51:	move motor	S18.axis2.piezo rotation to 0.147900deg	 DONE
27/08/2023 14:15:54:	15	count	time	5.000000s/cts	O Det=202	H Det=708	Mon Det=28473	Aux Det=591	O+H=1501	 DONE
27/08/2023 14:16:02:	move motor	S18.axis2.piezo rotation to 0.147950deg	 DONE
27/08/2023 14:16:05:	16	count	time	5.000000s/cts	O Det=191	H Det=668	Mon Det=28761	Aux Det=594	O+H=1453	 DONE
27/08/2023 14:16:13:	move motor	S18.axis2.piezo rotation to 0.148000deg	 DONE
27/08/2023 14:16:17:	17	count	time	5.000000s/cts	O Det=197	H Det=559	Mon Det=28866	Aux Det=519	O+H=1275	 DONE
27/08/2023 14:16:24:	move motor	S18.axis2.piezo rotation to 0.148050deg	 DONE
27/08/2023 14:16:28:	18	count	time	5.000000s/cts	O Det=163	H Det=572	Mon Det=28810	Aux Det=495	O+H=1230	 DONE
27/08/2023 14:16:36:	move motor	S18.axis2.piezo rotation to 0.148100deg	 DONE
27/08/2023 14:16:40:	19	count	time	5.000000s/cts	O Det=147	H Det=442	Mon Det=28598	Aux Det=396	O+H=985	 DONE
27/08/2023 14:16:47:	move motor	S18.axis2.piezo rotation to 0.148150deg	 DONE
27/08/2023 14:16:51:	20	count	time	5.000000s/cts	O Det=117	H Det=427	Mon Det=28551	Aux Det=338	O+H=882	 DONE
27/08/2023 14:16:59:	move motor	S18.axis2.piezo rotation to 0.148200deg	 DONE
27/08/2023 14:17:02:	21	count	time	5.000000s/cts	O Det=71	H Det=375	Mon Det=28260	Aux Det=240	O+H=686	 DONE
27/08/2023 14:17:10:	move motor	S18.axis2.piezo rotation to 0.148250deg	 DONE
27/08/2023 14:17:13:	22	count	time	5.000000s/cts	O Det=64	H Det=423	Mon Det=28424	Aux Det=169	O+H=656	 DONE
27/08/2023 14:17:21:	move motor	S18.axis2.piezo rotation to 0.148300deg	 DONE
27/08/2023 14:17:24:	23	count	time	5.000000s/cts	O Det=40	H Det=357	Mon Det=28554	Aux Det=134	O+H=531	 DONE
27/08/2023 14:17:32:	move motor	S18.axis2.piezo rotation to 0.148350deg	 DONE
27/08/2023 14:17:35:	24	count	time	5.000000s/cts	O Det=36	H Det=336	Mon Det=28604	Aux Det=94	O+H=466	 DONE
27/08/2023 14:17:43:	move motor	S18.axis2.piezo rotation to 0.148400deg	 DONE
27/08/2023 14:17:46:	25	count	time	5.000000s/cts	O Det=27	H Det=284	Mon Det=28786	Aux Det=57	O+H=368	 DONE
27/08/2023 14:17:54:	move motor	S18.axis2.piezo rotation to 0.148450deg	 DONE
27/08/2023 14:17:57:	26	count	time	5.000000s/cts	O Det=18	H Det=324	Mon Det=28890	Aux Det=46	O+H=388	 DONE
27/08/2023 14:18:05:	move motor	S18.axis2.piezo rotation to 0.148500deg	 DONE
27/08/2023 14:18:08:	27	count	time	5.000000s/cts	O Det=15	H Det=346	Mon Det=28594	Aux Det=41	O+H=402	 DONE
27/08/2023 14:18:16:	move motor	S18.axis2.piezo rotation to 0.148550deg	 DONE
27/08/2023 14:18:19:	28	count	time	5.000000s/cts	O Det=24	H Det=379	Mon Det=28657	Aux Det=52	O+H=455	 DONE
27/08/2023 14:18:27:	move motor	S18.axis2.piezo rotation to 0.148600deg	 DONE
27/08/2023 14:18:30:	29	count	time	5.000000s/cts	O Det=25	H Det=397	Mon Det=29317	Aux Det=45	O+H=467	 DONE
27/08/2023 14:18:38:	move motor	S18.axis2.piezo rotation to 0.148650deg	 DONE
27/08/2023 14:18:41:	30	count	time	5.000000s/cts	O Det=14	H Det=356	Mon Det=28636	Aux Det=55	O+H=425	 DONE
27/08/2023 14:18:49:	move motor	S18.axis2.piezo rotation to 0.148700deg	 DONE
27/08/2023 14:18:52:	31	count	time	5.000000s/cts	O Det=20	H Det=372	Mon Det=28831	Aux Det=68	O+H=460	 DONE
27/08/2023 14:19:00:	move motor	S18.axis2.piezo rotation to 0.148750deg	 DONE
27/08/2023 14:19:03:	32	count	time	5.000000s/cts	O Det=26	H Det=374	Mon Det=28659	Aux Det=70	O+H=470	 DONE
27/08/2023 14:19:11:	move motor	S18.axis2.piezo rotation to 0.148800deg	 DONE
27/08/2023 14:19:14:	33	count	time	5.000000s/cts	O Det=34	H Det=410	Mon Det=28620	Aux Det=108	O+H=552	 DONE
27/08/2023 14:19:22:	move motor	S18.axis2.piezo rotation to 0.148850deg	 DONE
27/08/2023 14:19:26:	34	count	time	5.000000s/cts	O Det=45	H Det=423	Mon Det=28922	Aux Det=141	O+H=609	 DONE
27/08/2023 14:19:33:	move motor	S18.axis2.piezo rotation to 0.148900deg	 DONE
27/08/2023 14:19:37:	35	count	time	5.000000s/cts	O Det=56	H Det=524	Mon Det=28425	Aux Det=221	O+H=801	 DONE
27/08/2023 14:19:44:	move motor	S18.axis2.piezo rotation to 0.148950deg	 DONE
27/08/2023 14:19:47:	36	count	time	5.000000s/cts	O Det=76	H Det=520	Mon Det=28742	Aux Det=251	O+H=847	 DONE
27/08/2023 14:19:55:	move motor	S18.axis2.piezo rotation to 0.149000deg	 DONE
27/08/2023 14:19:58:	37	count	time	5.000000s/cts	O Det=112	H Det=625	Mon Det=28569	Aux Det=382	O+H=1119	 DONE
27/08/2023 14:20:06:	move motor	S18.axis2.piezo rotation to 0.149050deg	 DONE
27/08/2023 14:20:10:	38	count	time	5.000000s/cts	O Det=146	H Det=652	Mon Det=28918	Aux Det=454	O+H=1252	 DONE
27/08/2023 14:20:17:	move motor	S18.axis2.piezo rotation to 0.149100deg	 DONE
27/08/2023 14:20:21:	39	count	time	5.000000s/cts	O Det=177	H Det=655	Mon Det=28600	Aux Det=534	O+H=1366	 DONE
27/08/2023 14:20:28:	move motor	S18.axis2.piezo rotation to 0.149150deg	 DONE
27/08/2023 14:20:32:	40	count	time	5.000000s/cts	O Det=177	H Det=693	Mon Det=28484	Aux Det=562	O+H=1432	 DONE
27/08/2023 14:20:39:	move motor	S18.axis2.piezo rotation to 0.149200deg	 DONE
27/08/2023 14:20:43:	41	count	time	5.000000s/cts	O Det=205	H Det=648	Mon Det=28473	Aux Det=539	O+H=1392	 DONE
27/08/2023 14:20:50:	close file and end scan	 DONE
27/08/2023 14:20:51:	move motor	S18.axis2.piezo rotation to fit AUX PEAK65	0.147923reached 0.14793  DONE
27/08/2023 14:20:54:	END OF SCRIPT	 DONE
