29/09/2023 20:59:21:	start execution of script D:\data\Cycle 192ter\exp_3-16-14\rawdata\sc\rockingCam.sc	 DONE
29/09/2023 20:59:21:	COUNT MODE	Camera DONE
29/09/2023 20:59:22:	create file	D:\data\Cycle 192ter\exp_3-16-14\rawdata\polarizertest\rockingCam_29Sep2059.dat	 DONE
room to enter remarks DONE
29/09/2023 20:59:23:	move motor	S18.axis2.piezo rotation to 0.146600deg	 DONE
29/09/2023 20:59:27:	1	count	time	600.000000s/cts	O Det=17285	H Det=685	Mon Det=4270415	Aux Det=5718	O+H=17970	 DONE
29/09/2023 21:09:51:	move motor	S18.axis2.piezo rotation to 0.146700deg	 DONE
29/09/2023 21:09:54:	2	count	time	600.000000s/cts	O Det=26124	H Det=967	Mon Det=4266741	Aux Det=11108	O+H=27091	 DONE
29/09/2023 21:20:20:	move motor	S18.axis2.piezo rotation to 0.146800deg	 DONE
29/09/2023 21:20:23:	3	count	time	600.000000s/cts	O Det=38214	H Det=1406	Mon Det=4267015	Aux Det=19304	O+H=39620	 DONE
29/09/2023 21:30:48:	move motor	S18.axis2.piezo rotation to 0.146900deg	 DONE
29/09/2023 21:30:51:	4	count	time	600.000000s/cts	O Det=53427	H Det=1989	Mon Det=4277274	Aux Det=28308	O+H=55416	 DONE
29/09/2023 21:41:17:	move motor	S18.axis2.piezo rotation to 0.147000deg	 DONE
29/09/2023 21:41:20:	5	count	time	600.000000s/cts	O Det=70435	H Det=2483	Mon Det=4263899	Aux Det=32182	O+H=72918	 DONE
29/09/2023 21:51:46:	move motor	S18.axis2.piezo rotation to 0.147100deg	 DONE
29/09/2023 21:51:49:	6	count	time	600.000000s/cts	O Det=78036	H Det=2772	Mon Det=4257155	Aux Det=29713	O+H=80808	 DONE
29/09/2023 22:02:15:	move motor	S18.axis2.piezo rotation to 0.147200deg	 DONE
29/09/2023 22:02:19:	7	count	time	600.000000s/cts	O Det=72534	H Det=2589	Mon Det=4262673	Aux Det=23196	O+H=75123	 DONE
29/09/2023 22:12:42:	move motor	S18.axis2.piezo rotation to 0.147300deg	 DONE
29/09/2023 22:12:45:	8	count	time	600.000000s/cts	O Det=53864	H Det=2214	Mon Det=4255550	Aux Det=15069	O+H=56078	 DONE
29/09/2023 22:23:11:	move motor	S18.axis2.piezo rotation to 0.147400deg	 DONE
29/09/2023 22:23:14:	9	count	time	600.000000s/cts	O Det=40013	H Det=2737	Mon Det=4256330	Aux Det=11031	O+H=42750	 DONE
29/09/2023 22:33:36:	move motor	S18.axis2.piezo rotation to 0.147500deg	 DONE
29/09/2023 22:33:39:	10	count	time	600.000000s/cts	O Det=29024	H Det=2792	Mon Det=4256853	Aux Det=6899	O+H=31816	 DONE
29/09/2023 22:44:03:	move motor	S18.axis2.piezo rotation to 0.147600deg	 DONE
29/09/2023 22:44:06:	11	count	time	600.000000s/cts	O Det=21940	H Det=1606	Mon Det=4246482	Aux Det=3195	O+H=23546	 DONE
29/09/2023 22:54:30:	move motor	S18.axis2.piezo rotation to 0.147700deg	 DONE
29/09/2023 22:54:33:	12	count	time	600.000000s/cts	O Det=19074	H Det=1653	Mon Det=4249807	Aux Det=2512	O+H=20727	 DONE
29/09/2023 23:04:57:	move motor	S18.axis2.piezo rotation to 0.147800deg	 DONE
29/09/2023 23:05:00:	13	count	time	600.000000s/cts	O Det=20318	H Det=2742	Mon Det=4254905	Aux Det=5897	O+H=23060	 DONE
29/09/2023 23:15:21:	move motor	S18.axis2.piezo rotation to 0.147900deg	 DONE
29/09/2023 23:15:24:	14	count	time	600.000000s/cts	O Det=21431	H Det=1463	Mon Det=4263569	Aux Det=3378	O+H=22894	 DONE
29/09/2023 23:25:45:	move motor	S18.axis2.piezo rotation to 0.148000deg	 DONE
29/09/2023 23:25:49:	15	count	time	600.000000s/cts	O Det=26484	H Det=1180	Mon Det=4261936	Aux Det=4366	O+H=27664	 DONE
29/09/2023 23:36:14:	move motor	S18.axis2.piezo rotation to 0.148100deg	 DONE
29/09/2023 23:36:17:	16	count	time	600.000000s/cts	O Det=36945	H Det=1427	Mon Det=4267184	Aux Det=8214	O+H=38372	 DONE
29/09/2023 23:46:39:	move motor	S18.axis2.piezo rotation to 0.148200deg	 DONE
29/09/2023 23:46:42:	17	count	time	600.000000s/cts	O Det=53136	H Det=1841	Mon Det=4262297	Aux Det=16824	O+H=54977	 DONE
29/09/2023 23:57:05:	move motor	S18.axis2.piezo rotation to 0.148300deg	 DONE
29/09/2023 23:57:08:	18	count	time	600.000000s/cts	O Det=69213	H Det=2430	Mon Det=4265414	Aux Det=24806	O+H=71643	 DONE
30/09/2023 00:07:28:	move motor	S18.axis2.piezo rotation to 0.148400deg	 DONE
30/09/2023 00:07:31:	19	count	time	600.000000s/cts	O Det=79051	H Det=2666	Mon Det=4261243	Aux Det=29505	O+H=81717	 DONE
30/09/2023 00:17:53:	move motor	S18.axis2.piezo rotation to 0.148500deg	 DONE
30/09/2023 00:17:56:	20	count	time	600.000000s/cts	O Det=75332	H Det=2510	Mon Det=4252686	Aux Det=29545	O+H=77842	 DONE
30/09/2023 00:28:19:	move motor	S18.axis2.piezo rotation to 0.148600deg	 DONE
30/09/2023 00:28:22:	21	count	time	600.000000s/cts	O Det=56279	H Det=1904	Mon Det=4261898	Aux Det=24012	O+H=58183	 DONE
30/09/2023 00:38:45:	move motor	S18.axis2.piezo rotation to 0.148700deg	 DONE
30/09/2023 00:38:49:	22	count	time	600.000000s/cts	O Det=38990	H Det=1450	Mon Det=4265276	Aux Det=18587	O+H=40440	 DONE
30/09/2023 00:49:09:	move motor	S18.axis2.piezo rotation to 0.148800deg	 DONE
30/09/2023 00:49:13:	23	count	time	600.000000s/cts	O Det=26085	H Det=1024	Mon Det=4254899	Aux Det=12004	O+H=27109	 DONE
30/09/2023 00:59:37:	move motor	S18.axis2.piezo rotation to 0.148900deg	 DONE
30/09/2023 00:59:40:	24	count	time	600.000000s/cts	O Det=17175	H Det=678	Mon Det=4260101	Aux Det=5548	O+H=17853	 DONE
30/09/2023 01:10:01:	move motor	S18.axis2.piezo rotation to 0.149000deg	 DONE
30/09/2023 01:10:04:	25	count	time	600.000000s/cts	O Det=11867	H Det=536	Mon Det=4259351	Aux Det=2543	O+H=12403	 DONE
30/09/2023 01:20:27:	COUNT MODE	standard DONE
30/09/2023 01:20:27:	close file and end scan	saving D:\data\Cycle 192ter\exp_3-16-14\rawdata\polarizertest\rockingCam_29Sep2059.tif  DONE
30/09/2023 01:20:28:	END OF SCRIPT	 DONE
30/09/2023 01:20:28:	start execution of script D:\data\Cycle 192ter\exp_3-16-14\rawdata\sc\rockingCam.sc	 DONE
30/09/2023 01:20:29:	COUNT MODE	Camera DONE
30/09/2023 01:20:29:	create file	D:\data\Cycle 192ter\exp_3-16-14\rawdata\polarizertest\rockingCam_30Sep0120.dat	 DONE
room to enter remarks DONE
30/09/2023 01:20:31:	move motor	S18.axis2.piezo rotation to 0.146600deg	 DONE
30/09/2023 01:20:34:	1	count	time	600.000000s/cts	O Det=16610	H Det=695	Mon Det=4263925	Aux Det=4871	O+H=17305	 DONE
30/09/2023 01:30:56:	move motor	S18.axis2.piezo rotation to 0.146700deg	 DONE
30/09/2023 01:30:59:	2	count	time	600.000000s/cts	O Det=23911	H Det=972	Mon Det=4266907	Aux Det=9736	O+H=24883	 DONE
30/09/2023 01:41:22:	move motor	S18.axis2.piezo rotation to 0.146800deg	 DONE
30/09/2023 01:41:25:	3	count	time	600.000000s/cts	O Det=37243	H Det=1439	Mon Det=4262434	Aux Det=18793	O+H=38682	 DONE
30/09/2023 01:51:47:	move motor	S18.axis2.piezo rotation to 0.146900deg	 DONE
30/09/2023 01:51:50:	4	count	time	600.000000s/cts	O Det=53618	H Det=1861	Mon Det=4260354	Aux Det=27057	O+H=55479	 DONE
30/09/2023 02:02:13:	move motor	S18.axis2.piezo rotation to 0.147000deg	 DONE
30/09/2023 02:02:16:	5	count	time	600.000000s/cts	O Det=69981	H Det=2503	Mon Det=4271782	Aux Det=31522	O+H=72484	 DONE
30/09/2023 02:12:35:	move motor	S18.axis2.piezo rotation to 0.147100deg	 DONE
30/09/2023 02:12:38:	6	count	time	600.000000s/cts	O Det=78896	H Det=2776	Mon Det=4268165	Aux Det=29152	O+H=81672	 DONE
30/09/2023 02:23:02:	move motor	S18.axis2.piezo rotation to 0.147200deg	 DONE
30/09/2023 02:23:05:	7	count	time	600.000000s/cts	O Det=74056	H Det=2705	Mon Det=4270999	Aux Det=23496	O+H=76761	 DONE
30/09/2023 02:33:29:	move motor	S18.axis2.piezo rotation to 0.147300deg	 DONE
30/09/2023 02:33:32:	8	count	time	600.000000s/cts	O Det=58535	H Det=2299	Mon Det=4262647	Aux Det=16342	O+H=60834	 DONE
30/09/2023 02:43:56:	move motor	S18.axis2.piezo rotation to 0.147400deg	 DONE
30/09/2023 02:44:00:	9	count	time	600.000000s/cts	O Det=42781	H Det=2452	Mon Det=4263314	Aux Det=11151	O+H=45233	 DONE
30/09/2023 02:54:21:	move motor	S18.axis2.piezo rotation to 0.147500deg	 DONE
30/09/2023 02:54:25:	10	count	time	600.000000s/cts	O Det=31147	H Det=3115	Mon Det=4265579	Aux Det=8703	O+H=34262	 DONE
30/09/2023 03:04:47:	move motor	S18.axis2.piezo rotation to 0.147600deg	 DONE
30/09/2023 03:04:50:	11	count	time	600.000000s/cts	O Det=22720	H Det=1547	Mon Det=4267099	Aux Det=3455	O+H=24267	 DONE
30/09/2023 03:15:09:	move motor	S18.axis2.piezo rotation to 0.147700deg	 DONE
30/09/2023 03:15:13:	12	count	time	600.000000s/cts	O Det=19525	H Det=1396	Mon Det=4265835	Aux Det=2509	O+H=20921	 DONE
30/09/2023 03:25:36:	move motor	S18.axis2.piezo rotation to 0.147800deg	 DONE
30/09/2023 03:25:39:	13	count	time	600.000000s/cts	O Det=20591	H Det=2819	Mon Det=4267252	Aux Det=5382	O+H=23410	 DONE
30/09/2023 03:36:02:	move motor	S18.axis2.piezo rotation to 0.147900deg	 DONE
30/09/2023 03:36:05:	14	count	time	600.000000s/cts	O Det=21424	H Det=1695	Mon Det=4266194	Aux Det=3711	O+H=23119	 DONE
30/09/2023 03:46:27:	move motor	S18.axis2.piezo rotation to 0.148000deg	 DONE
30/09/2023 03:46:30:	15	count	time	600.000000s/cts	O Det=26215	H Det=1252	Mon Det=4268130	Aux Det=4282	O+H=27467	 DONE
30/09/2023 03:56:50:	move motor	S18.axis2.piezo rotation to 0.148100deg	 DONE
30/09/2023 03:56:54:	16	count	time	600.000000s/cts	O Det=35958	H Det=1414	Mon Det=4261459	Aux Det=7712	O+H=37372	 DONE
30/09/2023 04:07:15:	move motor	S18.axis2.piezo rotation to 0.148200deg	 DONE
30/09/2023 04:07:18:	17	count	time	600.000000s/cts	O Det=51428	H Det=1833	Mon Det=4261135	Aux Det=15100	O+H=53261	 DONE
30/09/2023 04:17:41:	move motor	S18.axis2.piezo rotation to 0.148300deg	 DONE
30/09/2023 04:17:44:	18	count	time	600.000000s/cts	O Det=67767	H Det=2389	Mon Det=4267329	Aux Det=22510	O+H=70156	 DONE
30/09/2023 04:28:06:	move motor	S18.axis2.piezo rotation to 0.148400deg	 DONE
30/09/2023 04:28:09:	19	count	time	600.000000s/cts	O Det=80261	H Det=2765	Mon Det=4270964	Aux Det=29210	O+H=83026	 DONE
30/09/2023 04:38:32:	move motor	S18.axis2.piezo rotation to 0.148500deg	 DONE
30/09/2023 04:38:35:	20	count	time	600.000000s/cts	O Det=76319	H Det=2511	Mon Det=4241973	Aux Det=29737	O+H=78830	 DONE
30/09/2023 04:48:58:	move motor	S18.axis2.piezo rotation to 0.148600deg	 DONE
30/09/2023 04:49:01:	21	count	time	600.000000s/cts	O Det=60912	H Det=2145	Mon Det=4251801	Aux Det=26044	O+H=63057	 DONE
30/09/2023 04:59:23:	move motor	S18.axis2.piezo rotation to 0.148700deg	 DONE
30/09/2023 04:59:26:	22	count	time	600.000000s/cts	O Det=38929	H Det=1417	Mon Det=4247244	Aux Det=18620	O+H=40346	 DONE
30/09/2023 05:09:46:	move motor	S18.axis2.piezo rotation to 0.148800deg	 DONE
30/09/2023 05:09:50:	23	count	time	600.000000s/cts	O Det=26703	H Det=1103	Mon Det=4247465	Aux Det=12629	O+H=27806	 DONE
30/09/2023 05:20:12:	move motor	S18.axis2.piezo rotation to 0.148900deg	 DONE
30/09/2023 05:20:15:	24	count	time	600.000000s/cts	O Det=18616	H Det=804	Mon Det=4241699	Aux Det=6495	O+H=19420	 DONE
30/09/2023 05:30:38:	move motor	S18.axis2.piezo rotation to 0.149000deg	 DONE
30/09/2023 05:30:41:	25	count	time	600.000000s/cts	O Det=12893	H Det=583	Mon Det=4243436	Aux Det=3093	O+H=13476	 DONE
30/09/2023 05:41:04:	COUNT MODE	standard DONE
30/09/2023 05:41:04:	close file and end scan	saving D:\data\Cycle 192ter\exp_3-16-14\rawdata\polarizertest\rockingCam_30Sep0120.tif  DONE
30/09/2023 05:41:05:	END OF SCRIPT	 DONE
30/09/2023 05:41:05:	start execution of script D:\data\Cycle 192ter\exp_3-16-14\rawdata\sc\rockingCam.sc	 DONE
30/09/2023 05:41:06:	COUNT MODE	Camera DONE
30/09/2023 05:41:06:	create file	D:\data\Cycle 192ter\exp_3-16-14\rawdata\polarizertest\rockingCam_30Sep0541.dat	 DONE
room to enter remarks DONE
30/09/2023 05:41:07:	move motor	S18.axis2.piezo rotation to 0.146600deg	 DONE
30/09/2023 05:41:11:	1	count	time	600.000000s/cts	O Det=16464	H Det=647	Mon Det=4242313	Aux Det=4654	O+H=17111	 DONE
30/09/2023 05:51:32:	move motor	S18.axis2.piezo rotation to 0.146700deg	 DONE
30/09/2023 05:51:35:	2	count	time	600.000000s/cts	O Det=23665	H Det=882	Mon Det=4244448	Aux Det=9026	O+H=24547	 DONE
30/09/2023 06:01:58:	move motor	S18.axis2.piezo rotation to 0.146800deg	 DONE
30/09/2023 06:02:01:	3	count	time	600.000000s/cts	O Det=33965	H Det=1256	Mon Det=4241454	Aux Det=15860	O+H=35221	 DONE
30/09/2023 06:12:21:	move motor	S18.axis2.piezo rotation to 0.146900deg	 DONE
30/09/2023 06:12:25:	4	count	time	600.000000s/cts	O Det=50899	H Det=1776	Mon Det=4238363	Aux Det=25558	O+H=52675	 DONE
30/09/2023 06:22:48:	move motor	S18.axis2.piezo rotation to 0.147000deg	 DONE
30/09/2023 06:22:51:	5	count	time	600.000000s/cts	O Det=71794	H Det=2404	Mon Det=4235129	Aux Det=31590	O+H=74198	 DONE
30/09/2023 06:33:15:	move motor	S18.axis2.piezo rotation to 0.147100deg	 DONE
30/09/2023 06:33:18:	6	count	time	600.000000s/cts	O Det=80631	H Det=2694	Mon Det=4193776	Aux Det=30992	O+H=83325	 DONE
30/09/2023 06:43:41:	move motor	S18.axis2.piezo rotation to 0.147200deg	 DONE
30/09/2023 06:43:44:	7	count	time	600.000000s/cts	O Det=77302	H Det=2698	Mon Det=4180539	Aux Det=24812	O+H=80000	 DONE
30/09/2023 06:54:06:	move motor	S18.axis2.piezo rotation to 0.147300deg	 DONE
30/09/2023 06:54:10:	8	count	time	600.000000s/cts	O Det=63119	H Det=2402	Mon Det=4153701	Aux Det=17185	O+H=65521	 DONE
30/09/2023 07:04:27:	move motor	S18.axis2.piezo rotation to 0.147400deg	 DONE
30/09/2023 07:04:31:	9	count	time	600.000000s/cts	O Det=46591	H Det=2237	Mon Det=4147260	Aux Det=11771	O+H=48828	 DONE
30/09/2023 07:14:55:	move motor	S18.axis2.piezo rotation to 0.147500deg	 DONE
30/09/2023 07:14:58:	10	count	time	600.000000s/cts	O Det=32899	H Det=3171	Mon Det=4147547	Aux Det=9439	O+H=36070	 DONE
30/09/2023 07:25:21:	move motor	S18.axis2.piezo rotation to 0.147600deg	 DONE
30/09/2023 07:25:24:	11	count	time	600.000000s/cts	O Det=24150	H Det=1647	Mon Det=4146438	Aux Det=3674	O+H=25797	 DONE
30/09/2023 07:35:47:	move motor	S18.axis2.piezo rotation to 0.147700deg	 DONE
30/09/2023 07:35:51:	12	count	time	600.000000s/cts	O Det=20290	H Det=1403	Mon Det=4145858	Aux Det=2701	O+H=21693	 DONE
30/09/2023 07:46:13:	move motor	S18.axis2.piezo rotation to 0.147800deg	 DONE
30/09/2023 07:46:17:	13	count	time	600.000000s/cts	O Det=20710	H Det=2636	Mon Det=4150965	Aux Det=5201	O+H=23346	 DONE
30/09/2023 07:56:40:	move motor	S18.axis2.piezo rotation to 0.147900deg	 DONE
30/09/2023 07:56:43:	14	count	time	600.000000s/cts	O Det=21672	H Det=1835	Mon Det=4153746	Aux Det=3886	O+H=23507	 DONE
30/09/2023 08:07:04:	move motor	S18.axis2.piezo rotation to 0.148000deg	 DONE
30/09/2023 08:07:07:	15	count	time	600.000000s/cts	O Det=25731	H Det=1146	Mon Det=4172226	Aux Det=3740	O+H=26877	 DONE
30/09/2023 08:17:31:	move motor	S18.axis2.piezo rotation to 0.148100deg	 DONE
30/09/2023 08:17:35:	16	count	time	600.000000s/cts	O Det=7359	H Det=358	Mon Det=932038	Aux Det=1436	O+H=7717	STOPPED BY USER	30/09/2023 08:19:55:	close file and end scan	saving D:\data\Cycle 192ter\exp_3-16-14\rawdata\polarizertest\rockingCam_30Sep0541.tif  DONE
30/09/2023 08:19:56:	END OF SCRIPT	 DONE
30/09/2023 08:19:56:	start execution of script D:\data\Cycle 192ter\exp_3-16-14\rawdata\sc\rockingCam.sc	 DONE
30/09/2023 08:19:57:	COUNT MODE	Camera DONE
30/09/2023 08:19:57:	create file	D:\data\Cycle 192ter\exp_3-16-14\rawdata\polarizertest\rockingCam_30Sep0819.dat	 DONE
room to enter remarks DONE
30/09/2023 08:19:58:	move motor	S18.axis2.piezo rotation to 0.146600deg	 DONE
30/09/2023 08:20:02:	1	count	time	600.000000s/cts	O Det=64	H Det=0	Mon Det=0	Aux Det=0	O+H=64	STOPPED BY USER	