24/09/2023 07:36:10:	start execution of script D:\data\Cycle 192ter\exp_3-16-14\rawdata\sc\rockingR.sc	 DONE
24/09/2023 07:36:11:	create file	D:\data\Cycle 192ter\exp_3-16-14\rawdata\sc\rocking_24Sep0736.dat	 DONE
room to enter remarks DONE
24/09/2023 07:36:12:	move motor	S18.axis2.piezo rotation to 0.146500deg	 DONE
24/09/2023 07:36:16:	1	count	time	5.000000s/cts	O Det=15	H Det=270	Mon Det=32897	Aux Det=18	O+H=285	 DONE
24/09/2023 07:36:23:	move motor	S18.axis2.piezo rotation to 0.146550deg	 DONE
24/09/2023 07:36:26:	2	count	time	5.000000s/cts	O Det=13	H Det=377	Mon Det=32973	Aux Det=29	O+H=390	 DONE
24/09/2023 07:36:34:	move motor	S18.axis2.piezo rotation to 0.146600deg	 DONE
24/09/2023 07:36:37:	3	count	time	5.000000s/cts	O Det=17	H Det=439	Mon Det=32692	Aux Det=35	O+H=456	 DONE
24/09/2023 07:36:45:	move motor	S18.axis2.piezo rotation to 0.146650deg	 DONE
24/09/2023 07:36:48:	4	count	time	5.000000s/cts	O Det=27	H Det=546	Mon Det=32999	Aux Det=50	O+H=573	 DONE
24/09/2023 07:36:56:	move motor	S18.axis2.piezo rotation to 0.146700deg	 DONE
24/09/2023 07:36:59:	5	count	time	5.000000s/cts	O Det=39	H Det=657	Mon Det=32569	Aux Det=100	O+H=696	 DONE
24/09/2023 07:37:07:	move motor	S18.axis2.piezo rotation to 0.146750deg	 DONE
24/09/2023 07:37:10:	6	count	time	5.000000s/cts	O Det=53	H Det=766	Mon Det=33103	Aux Det=98	O+H=819	 DONE
24/09/2023 07:37:18:	move motor	S18.axis2.piezo rotation to 0.146800deg	 DONE
24/09/2023 07:37:21:	7	count	time	5.000000s/cts	O Det=64	H Det=951	Mon Det=32686	Aux Det=129	O+H=1015	 DONE
24/09/2023 07:37:29:	move motor	S18.axis2.piezo rotation to 0.146850deg	 DONE
24/09/2023 07:37:32:	8	count	time	5.000000s/cts	O Det=80	H Det=1017	Mon Det=32955	Aux Det=149	O+H=1097	 DONE
24/09/2023 07:37:40:	move motor	S18.axis2.piezo rotation to 0.146900deg	 DONE
24/09/2023 07:37:43:	9	count	time	5.000000s/cts	O Det=85	H Det=1242	Mon Det=32303	Aux Det=173	O+H=1327	 DONE
24/09/2023 07:37:51:	move motor	S18.axis2.piezo rotation to 0.146950deg	 DONE
24/09/2023 07:37:54:	10	count	time	5.000000s/cts	O Det=99	H Det=1173	Mon Det=32599	Aux Det=268	O+H=1272	 DONE
24/09/2023 07:38:02:	move motor	S18.axis2.piezo rotation to 0.147000deg	 DONE
24/09/2023 07:38:05:	11	count	time	5.000000s/cts	O Det=96	H Det=1198	Mon Det=32905	Aux Det=266	O+H=1294	 DONE
24/09/2023 07:38:13:	move motor	S18.axis2.piezo rotation to 0.147050deg	 DONE
24/09/2023 07:38:16:	12	count	time	5.000000s/cts	O Det=102	H Det=1163	Mon Det=32365	Aux Det=261	O+H=1265	 DONE
24/09/2023 07:38:24:	move motor	S18.axis2.piezo rotation to 0.147100deg	 DONE
24/09/2023 07:38:27:	13	count	time	5.000000s/cts	O Det=82	H Det=1142	Mon Det=32681	Aux Det=222	O+H=1224	 DONE
24/09/2023 07:38:34:	move motor	S18.axis2.piezo rotation to 0.147150deg	 DONE
24/09/2023 07:38:38:	14	count	time	5.000000s/cts	O Det=66	H Det=1083	Mon Det=33178	Aux Det=197	O+H=1149	 DONE
24/09/2023 07:38:45:	move motor	S18.axis2.piezo rotation to 0.147200deg	 DONE
24/09/2023 07:38:49:	15	count	time	5.000000s/cts	O Det=58	H Det=915	Mon Det=32554	Aux Det=126	O+H=973	 DONE
24/09/2023 07:38:56:	move motor	S18.axis2.piezo rotation to 0.147250deg	 DONE
24/09/2023 07:38:59:	16	count	time	5.000000s/cts	O Det=32	H Det=784	Mon Det=32845	Aux Det=113	O+H=816	 DONE
24/09/2023 07:39:07:	move motor	S18.axis2.piezo rotation to 0.147300deg	 DONE
24/09/2023 07:39:10:	17	count	time	5.000000s/cts	O Det=42	H Det=674	Mon Det=32528	Aux Det=93	O+H=716	 DONE
24/09/2023 07:39:18:	move motor	S18.axis2.piezo rotation to 0.147350deg	 DONE
24/09/2023 07:39:21:	18	count	time	5.000000s/cts	O Det=29	H Det=605	Mon Det=32719	Aux Det=94	O+H=634	 DONE
24/09/2023 07:39:29:	move motor	S18.axis2.piezo rotation to 0.147400deg	 DONE
24/09/2023 07:39:32:	19	count	time	5.000000s/cts	O Det=32	H Det=511	Mon Det=32959	Aux Det=53	O+H=543	 DONE
24/09/2023 07:39:40:	move motor	S18.axis2.piezo rotation to 0.147450deg	 DONE
24/09/2023 07:39:43:	20	count	time	5.000000s/cts	O Det=21	H Det=475	Mon Det=32636	Aux Det=51	O+H=496	 DONE
24/09/2023 07:39:51:	move motor	S18.axis2.piezo rotation to 0.147500deg	 DONE
24/09/2023 07:39:54:	21	count	time	5.000000s/cts	O Det=10	H Det=399	Mon Det=32734	Aux Det=18	O+H=409	 DONE
24/09/2023 07:40:02:	move motor	S18.axis2.piezo rotation to 0.147550deg	 DONE
24/09/2023 07:40:05:	22	count	time	5.000000s/cts	O Det=9	H Det=339	Mon Det=32433	Aux Det=25	O+H=348	 DONE
24/09/2023 07:40:13:	move motor	S18.axis2.piezo rotation to 0.147600deg	 DONE
24/09/2023 07:40:16:	23	count	time	5.000000s/cts	O Det=11	H Det=337	Mon Det=32840	Aux Det=12	O+H=348	 DONE
24/09/2023 07:40:23:	move motor	S18.axis2.piezo rotation to 0.147650deg	 DONE
24/09/2023 07:40:27:	24	count	time	5.000000s/cts	O Det=15	H Det=359	Mon Det=32553	Aux Det=31	O+H=374	 DONE
24/09/2023 07:40:34:	move motor	S18.axis2.piezo rotation to 0.147700deg	 DONE
24/09/2023 07:40:37:	25	count	time	5.000000s/cts	O Det=25	H Det=403	Mon Det=33181	Aux Det=36	O+H=428	 DONE
24/09/2023 07:40:45:	move motor	S18.axis2.piezo rotation to 0.147750deg	 DONE
24/09/2023 07:40:48:	26	count	time	5.000000s/cts	O Det=21	H Det=390	Mon Det=32370	Aux Det=43	O+H=411	 DONE
24/09/2023 07:40:56:	move motor	S18.axis2.piezo rotation to 0.147800deg	 DONE
24/09/2023 07:40:59:	27	count	time	5.000000s/cts	O Det=14	H Det=411	Mon Det=32464	Aux Det=29	O+H=425	 DONE
24/09/2023 07:41:07:	move motor	S18.axis2.piezo rotation to 0.147850deg	 DONE
24/09/2023 07:41:10:	28	count	time	5.000000s/cts	O Det=9	H Det=403	Mon Det=32937	Aux Det=27	O+H=412	 DONE
24/09/2023 07:41:18:	move motor	S18.axis2.piezo rotation to 0.147900deg	 DONE
24/09/2023 07:41:21:	29	count	time	5.000000s/cts	O Det=15	H Det=409	Mon Det=32206	Aux Det=24	O+H=424	 DONE
24/09/2023 07:41:29:	move motor	S18.axis2.piezo rotation to 0.147950deg	 DONE
24/09/2023 07:41:32:	30	count	time	5.000000s/cts	O Det=17	H Det=578	Mon Det=32913	Aux Det=34	O+H=595	 DONE
24/09/2023 07:41:40:	move motor	S18.axis2.piezo rotation to 0.148000deg	 DONE
24/09/2023 07:41:43:	31	count	time	5.000000s/cts	O Det=26	H Det=652	Mon Det=32830	Aux Det=71	O+H=678	 DONE
24/09/2023 07:41:50:	move motor	S18.axis2.piezo rotation to 0.148050deg	 DONE
24/09/2023 07:41:54:	32	count	time	5.000000s/cts	O Det=33	H Det=770	Mon Det=33275	Aux Det=83	O+H=803	 DONE
24/09/2023 07:42:01:	move motor	S18.axis2.piezo rotation to 0.148100deg	 DONE
24/09/2023 07:42:05:	33	count	time	5.000000s/cts	O Det=42	H Det=901	Mon Det=32419	Aux Det=91	O+H=943	 DONE
24/09/2023 07:42:12:	move motor	S18.axis2.piezo rotation to 0.148150deg	 DONE
24/09/2023 07:42:16:	34	count	time	5.000000s/cts	O Det=70	H Det=1081	Mon Det=32308	Aux Det=157	O+H=1151	 DONE
24/09/2023 07:42:23:	move motor	S18.axis2.piezo rotation to 0.148200deg	 DONE
24/09/2023 07:42:26:	35	count	time	5.000000s/cts	O Det=74	H Det=1163	Mon Det=32625	Aux Det=175	O+H=1237	 DONE
24/09/2023 07:42:34:	move motor	S18.axis2.piezo rotation to 0.148250deg	 DONE
24/09/2023 07:42:37:	36	count	time	5.000000s/cts	O Det=76	H Det=1211	Mon Det=32487	Aux Det=228	O+H=1287	 DONE
24/09/2023 07:42:45:	move motor	S18.axis2.piezo rotation to 0.148300deg	 DONE
24/09/2023 07:42:48:	37	count	time	5.000000s/cts	O Det=96	H Det=1251	Mon Det=32692	Aux Det=236	O+H=1347	 DONE
24/09/2023 07:42:56:	move motor	S18.axis2.piezo rotation to 0.148350deg	 DONE
24/09/2023 07:42:59:	38	count	time	5.000000s/cts	O Det=82	H Det=1229	Mon Det=33028	Aux Det=165	O+H=1311	 DONE
24/09/2023 07:43:07:	move motor	S18.axis2.piezo rotation to 0.148400deg	 DONE
24/09/2023 07:43:10:	39	count	time	5.000000s/cts	O Det=82	H Det=1140	Mon Det=33425	Aux Det=189	O+H=1222	 DONE
24/09/2023 07:43:18:	move motor	S18.axis2.piezo rotation to 0.148450deg	 DONE
24/09/2023 07:43:21:	40	count	time	5.000000s/cts	O Det=78	H Det=998	Mon Det=32747	Aux Det=172	O+H=1076	 DONE
24/09/2023 07:43:29:	move motor	S18.axis2.piezo rotation to 0.148500deg	 DONE
24/09/2023 07:43:32:	41	count	time	5.000000s/cts	O Det=63	H Det=894	Mon Det=32714	Aux Det=143	O+H=957	 DONE
24/09/2023 07:43:40:	move motor	S18.axis2.piezo rotation to 0.148550deg	 DONE
24/09/2023 07:43:43:	42	count	time	5.000000s/cts	O Det=34	H Det=815	Mon Det=32546	Aux Det=70	O+H=849	 DONE
24/09/2023 07:43:51:	move motor	S18.axis2.piezo rotation to 0.148600deg	 DONE
24/09/2023 07:43:54:	43	count	time	5.000000s/cts	O Det=31	H Det=641	Mon Det=32588	Aux Det=59	O+H=672	 DONE
24/09/2023 07:44:01:	move motor	S18.axis2.piezo rotation to 0.148650deg	 DONE
24/09/2023 07:44:05:	44	count	time	5.000000s/cts	O Det=16	H Det=564	Mon Det=32645	Aux Det=48	O+H=580	 DONE
24/09/2023 07:44:13:	move motor	S18.axis2.piezo rotation to 0.148700deg	 DONE
24/09/2023 07:44:16:	45	count	time	5.000000s/cts	O Det=21	H Det=389	Mon Det=32485	Aux Det=36	O+H=410	 DONE
24/09/2023 07:44:24:	move motor	S18.axis2.piezo rotation to 0.148750deg	 DONE
24/09/2023 07:44:27:	46	count	time	5.000000s/cts	O Det=14	H Det=395	Mon Det=32475	Aux Det=48	O+H=409	 DONE
24/09/2023 07:44:34:	move motor	S18.axis2.piezo rotation to 0.148800deg	 DONE
24/09/2023 07:44:38:	47	count	time	5.000000s/cts	O Det=8	H Det=297	Mon Det=32784	Aux Det=32	O+H=305	 DONE
24/09/2023 07:44:45:	move motor	S18.axis2.piezo rotation to 0.148850deg	 DONE
24/09/2023 07:44:48:	48	count	time	5.000000s/cts	O Det=8	H Det=280	Mon Det=32613	Aux Det=17	O+H=288	 DONE
24/09/2023 07:44:56:	move motor	S18.axis2.piezo rotation to 0.148900deg	 DONE
24/09/2023 07:44:59:	49	count	time	5.000000s/cts	O Det=3	H Det=219	Mon Det=31910	Aux Det=18	O+H=222	 DONE
24/09/2023 07:45:07:	move motor	S18.axis2.piezo rotation to 0.148950deg	 DONE
24/09/2023 07:45:10:	50	count	time	5.000000s/cts	O Det=4	H Det=220	Mon Det=32986	Aux Det=13	O+H=224	 DONE
24/09/2023 07:45:18:	move motor	S18.axis2.piezo rotation to 0.149000deg	 DONE
24/09/2023 07:45:21:	51	count	time	5.000000s/cts	O Det=3	H Det=190	Mon Det=32085	Aux Det=13	O+H=193	 DONE
24/09/2023 07:45:29:	move motor	S18.axis2.piezo rotation to 0.149050deg	 DONE
24/09/2023 07:45:32:	52	count	time	5.000000s/cts	O Det=1	H Det=171	Mon Det=33278	Aux Det=9	O+H=172	 DONE
24/09/2023 07:45:40:	move motor	S18.axis2.piezo rotation to 0.149100deg	 DONE
24/09/2023 07:45:43:	53	count	time	5.000000s/cts	O Det=2	H Det=142	Mon Det=32732	Aux Det=9	O+H=144	 DONE
24/09/2023 07:45:51:	move motor	S18.axis2.piezo rotation to 0.149150deg	 DONE
24/09/2023 07:45:54:	54	count	time	5.000000s/cts	O Det=3	H Det=109	Mon Det=32916	Aux Det=5	O+H=112	 DONE
24/09/2023 07:46:02:	move motor	S18.axis2.piezo rotation to 0.149200deg	 DONE
24/09/2023 07:46:05:	55	count	time	5.000000s/cts	O Det=2	H Det=107	Mon Det=32709	Aux Det=10	O+H=109	 DONE
24/09/2023 07:46:13:	move motor	S18.axis2.piezo rotation to 0.149250deg	 DONE
24/09/2023 07:46:16:	56	count	time	5.000000s/cts	O Det=2	H Det=91	Mon Det=32757	Aux Det=5	O+H=93	 DONE
24/09/2023 07:46:23:	move motor	S18.axis2.piezo rotation to 0.149300deg	 DONE
24/09/2023 07:46:26:	57	count	time	5.000000s/cts	O Det=2	H Det=85	Mon Det=32378	Aux Det=4	O+H=87	 DONE
24/09/2023 07:46:34:	move motor	S18.axis2.piezo rotation to 0.149350deg	 DONE
24/09/2023 07:46:38:	58	count	time	5.000000s/cts	O Det=1	H Det=80	Mon Det=32661	Aux Det=8	O+H=81	 DONE
24/09/2023 07:46:45:	move motor	S18.axis2.piezo rotation to 0.149400deg	 DONE
24/09/2023 07:46:49:	59	count	time	5.000000s/cts	O Det=1	H Det=81	Mon Det=32444	Aux Det=4	O+H=82	 DONE
24/09/2023 07:46:56:	move motor	S18.axis2.piezo rotation to 0.149450deg	 DONE
24/09/2023 07:46:59:	60	count	time	5.000000s/cts	O Det=3	H Det=84	Mon Det=32244	Aux Det=3	O+H=87	 DONE
24/09/2023 07:47:07:	move motor	S18.axis2.piezo rotation to 0.149500deg	 DONE
24/09/2023 07:47:10:	61	count	time	5.000000s/cts	O Det=2	H Det=49	Mon Det=32590	Aux Det=2	O+H=51	 DONE
24/09/2023 07:47:18:	close file and end scan	 DONE
24/09/2023 07:47:19:	move motor	S18.axis2.piezo rotation to fit AUX RPEAK45	0.148306reached 0.14826  DONE
24/09/2023 07:47:21:	END OF SCRIPT	 DONE
