01/09/2023 20:43:29:	start execution of script D:\data\Cycle 192ter\exp_3-16-14\rawdata\sc\rocking.sc	 DONE
01/09/2023 20:43:30:	create file	D:\data\Cycle 192ter\exp_3-16-14\rawdata\sc\rocking_01Sep2043.dat	 DONE
room to enter remarks DONE
01/09/2023 20:43:31:	move motor	S18.axis2.piezo rotation to 0.146000deg	 DONE
01/09/2023 20:43:35:	1	count	time	5.000000s/cts	O Det=1	H Det=71	Mon Det=31568	Aux Det=4	O+H=76	 DONE
01/09/2023 20:43:42:	move motor	S18.axis2.piezo rotation to 0.146050deg	 DONE
01/09/2023 20:43:46:	2	count	time	5.000000s/cts	O Det=2	H Det=79	Mon Det=31078	Aux Det=7	O+H=88	 DONE
01/09/2023 20:43:54:	move motor	S18.axis2.piezo rotation to 0.146100deg	 DONE
01/09/2023 20:43:57:	3	count	time	5.000000s/cts	O Det=3	H Det=76	Mon Det=30906	Aux Det=3	O+H=82	 DONE
01/09/2023 20:44:05:	move motor	S18.axis2.piezo rotation to 0.146150deg	 DONE
01/09/2023 20:44:08:	4	count	time	5.000000s/cts	O Det=1	H Det=87	Mon Det=30571	Aux Det=6	O+H=94	 DONE
01/09/2023 20:44:16:	move motor	S18.axis2.piezo rotation to 0.146200deg	 DONE
01/09/2023 20:44:19:	5	count	time	5.000000s/cts	O Det=4	H Det=102	Mon Det=31649	Aux Det=3	O+H=109	 DONE
01/09/2023 20:44:27:	move motor	S18.axis2.piezo rotation to 0.146250deg	 DONE
01/09/2023 20:44:30:	6	count	time	5.000000s/cts	O Det=3	H Det=121	Mon Det=31307	Aux Det=3	O+H=127	 DONE
01/09/2023 20:44:38:	move motor	S18.axis2.piezo rotation to 0.146300deg	 DONE
01/09/2023 20:44:41:	7	count	time	5.000000s/cts	O Det=2	H Det=112	Mon Det=31641	Aux Det=9	O+H=123	 DONE
01/09/2023 20:44:49:	move motor	S18.axis2.piezo rotation to 0.146350deg	 DONE
01/09/2023 20:44:52:	8	count	time	5.000000s/cts	O Det=3	H Det=118	Mon Det=31445	Aux Det=3	O+H=124	 DONE
01/09/2023 20:45:00:	move motor	S18.axis2.piezo rotation to 0.146400deg	 DONE
01/09/2023 20:45:03:	9	count	time	5.000000s/cts	O Det=3	H Det=129	Mon Det=31882	Aux Det=5	O+H=137	 DONE
01/09/2023 20:45:11:	move motor	S18.axis2.piezo rotation to 0.146450deg	 DONE
01/09/2023 20:45:14:	10	count	time	5.000000s/cts	O Det=6	H Det=154	Mon Det=31187	Aux Det=12	O+H=172	 DONE
01/09/2023 20:45:22:	move motor	S18.axis2.piezo rotation to 0.146500deg	 DONE
01/09/2023 20:45:25:	11	count	time	5.000000s/cts	O Det=12	H Det=180	Mon Det=31227	Aux Det=15	O+H=207	 DONE
01/09/2023 20:45:32:	move motor	S18.axis2.piezo rotation to 0.146550deg	 DONE
01/09/2023 20:45:35:	12	count	time	5.000000s/cts	O Det=9	H Det=182	Mon Det=31495	Aux Det=8	O+H=199	 DONE
01/09/2023 20:45:43:	move motor	S18.axis2.piezo rotation to 0.146600deg	 DONE
01/09/2023 20:45:46:	13	count	time	5.000000s/cts	O Det=7	H Det=262	Mon Det=28950	Aux Det=17	O+H=286	 DONE
01/09/2023 20:45:54:	move motor	S18.axis2.piezo rotation to 0.146650deg	 DONE
01/09/2023 20:45:57:	14	count	time	5.000000s/cts	O Det=10	H Det=288	Mon Det=31547	Aux Det=15	O+H=313	 DONE
01/09/2023 20:46:05:	move motor	S18.axis2.piezo rotation to 0.146700deg	 DONE
01/09/2023 20:46:08:	15	count	time	5.000000s/cts	O Det=13	H Det=324	Mon Det=32001	Aux Det=18	O+H=355	 DONE
01/09/2023 20:46:16:	move motor	S18.axis2.piezo rotation to 0.146750deg	 DONE
01/09/2023 20:46:20:	16	count	time	5.000000s/cts	O Det=23	H Det=348	Mon Det=31239	Aux Det=14	O+H=385	 DONE
01/09/2023 20:46:27:	move motor	S18.axis2.piezo rotation to 0.146800deg	 DONE
01/09/2023 20:46:31:	17	count	time	5.000000s/cts	O Det=23	H Det=467	Mon Det=31653	Aux Det=26	O+H=516	 DONE
01/09/2023 20:46:38:	move motor	S18.axis2.piezo rotation to 0.146850deg	 DONE
01/09/2023 20:46:41:	18	count	time	5.000000s/cts	O Det=34	H Det=491	Mon Det=31817	Aux Det=36	O+H=561	 DONE
01/09/2023 20:46:49:	move motor	S18.axis2.piezo rotation to 0.146900deg	 DONE
01/09/2023 20:46:52:	19	count	time	5.000000s/cts	O Det=41	H Det=618	Mon Det=31520	Aux Det=41	O+H=700	 DONE
01/09/2023 20:47:00:	move motor	S18.axis2.piezo rotation to 0.146950deg	 DONE
01/09/2023 20:47:03:	20	count	time	5.000000s/cts	O Det=47	H Det=715	Mon Det=31142	Aux Det=51	O+H=813	 DONE
01/09/2023 20:47:11:	move motor	S18.axis2.piezo rotation to 0.147000deg	 DONE
01/09/2023 20:47:14:	21	count	time	5.000000s/cts	O Det=70	H Det=910	Mon Det=29609	Aux Det=59	O+H=1039	 DONE
01/09/2023 20:47:22:	move motor	S18.axis2.piezo rotation to 0.147050deg	 DONE
01/09/2023 20:47:25:	22	count	time	5.000000s/cts	O Det=67	H Det=1006	Mon Det=32278	Aux Det=70	O+H=1143	 DONE
01/09/2023 20:47:33:	move motor	S18.axis2.piezo rotation to 0.147100deg	 DONE
01/09/2023 20:47:36:	23	count	time	5.000000s/cts	O Det=72	H Det=1273	Mon Det=32020	Aux Det=76	O+H=1421	 DONE
01/09/2023 20:47:44:	move motor	S18.axis2.piezo rotation to 0.147150deg	 DONE
01/09/2023 20:47:47:	24	count	time	5.000000s/cts	O Det=71	H Det=1342	Mon Det=32531	Aux Det=93	O+H=1506	 DONE
01/09/2023 20:47:55:	move motor	S18.axis2.piezo rotation to 0.147200deg	 DONE
01/09/2023 20:47:58:	25	count	time	5.000000s/cts	O Det=66	H Det=1412	Mon Det=32248	Aux Det=81	O+H=1559	 DONE
01/09/2023 20:48:06:	move motor	S18.axis2.piezo rotation to 0.147250deg	 DONE
01/09/2023 20:48:09:	26	count	time	5.000000s/cts	O Det=65	H Det=1404	Mon Det=31887	Aux Det=71	O+H=1540	 DONE
01/09/2023 20:48:16:	move motor	S18.axis2.piezo rotation to 0.147300deg	 DONE
01/09/2023 20:48:20:	27	count	time	5.000000s/cts	O Det=58	H Det=1329	Mon Det=31892	Aux Det=76	O+H=1463	 DONE
01/09/2023 20:48:28:	move motor	S18.axis2.piezo rotation to 0.147350deg	 DONE
01/09/2023 20:48:31:	28	count	time	5.000000s/cts	O Det=51	H Det=1170	Mon Det=31910	Aux Det=61	O+H=1282	 DONE
01/09/2023 20:48:38:	move motor	S18.axis2.piezo rotation to 0.147400deg	 DONE
01/09/2023 20:48:42:	29	count	time	5.000000s/cts	O Det=41	H Det=942	Mon Det=32221	Aux Det=54	O+H=1037	 DONE
01/09/2023 20:48:49:	move motor	S18.axis2.piezo rotation to 0.147450deg	 DONE
01/09/2023 20:48:52:	30	count	time	5.000000s/cts	O Det=45	H Det=838	Mon Det=32603	Aux Det=41	O+H=924	 DONE
01/09/2023 20:49:00:	move motor	S18.axis2.piezo rotation to 0.147500deg	 DONE
01/09/2023 20:49:03:	31	count	time	5.000000s/cts	O Det=30	H Det=730	Mon Det=31552	Aux Det=29	O+H=789	 DONE
01/09/2023 20:49:11:	move motor	S18.axis2.piezo rotation to 0.147550deg	 DONE
01/09/2023 20:49:14:	32	count	time	5.000000s/cts	O Det=40	H Det=618	Mon Det=32042	Aux Det=44	O+H=702	 DONE
01/09/2023 20:49:22:	move motor	S18.axis2.piezo rotation to 0.147600deg	 DONE
01/09/2023 20:49:25:	33	count	time	5.000000s/cts	O Det=40	H Det=564	Mon Det=32065	Aux Det=58	O+H=662	 DONE
01/09/2023 20:49:32:	move motor	S18.axis2.piezo rotation to 0.147650deg	 DONE
01/09/2023 20:49:36:	34	count	time	5.000000s/cts	O Det=19	H Det=439	Mon Det=31976	Aux Det=23	O+H=481	 DONE
01/09/2023 20:49:43:	move motor	S18.axis2.piezo rotation to 0.147700deg	 DONE
01/09/2023 20:49:46:	35	count	time	5.000000s/cts	O Det=12	H Det=375	Mon Det=32266	Aux Det=21	O+H=408	 DONE
01/09/2023 20:49:54:	move motor	S18.axis2.piezo rotation to 0.147750deg	 DONE
01/09/2023 20:49:58:	36	count	time	5.000000s/cts	O Det=8	H Det=359	Mon Det=32408	Aux Det=11	O+H=378	 DONE
01/09/2023 20:50:05:	move motor	S18.axis2.piezo rotation to 0.147800deg	 DONE
01/09/2023 20:50:09:	37	count	time	5.000000s/cts	O Det=13	H Det=397	Mon Det=31942	Aux Det=17	O+H=427	 DONE
01/09/2023 20:50:17:	move motor	S18.axis2.piezo rotation to 0.147850deg	 DONE
01/09/2023 20:50:20:	38	count	time	5.000000s/cts	O Det=16	H Det=385	Mon Det=32155	Aux Det=27	O+H=428	 DONE
01/09/2023 20:50:28:	move motor	S18.axis2.piezo rotation to 0.147900deg	 DONE
01/09/2023 20:50:31:	39	count	time	5.000000s/cts	O Det=27	H Det=386	Mon Det=32102	Aux Det=40	O+H=453	 DONE
01/09/2023 20:50:38:	move motor	S18.axis2.piezo rotation to 0.147950deg	 DONE
01/09/2023 20:50:42:	40	count	time	5.000000s/cts	O Det=12	H Det=326	Mon Det=31892	Aux Det=22	O+H=360	 DONE
01/09/2023 20:50:49:	move motor	S18.axis2.piezo rotation to 0.148000deg	 DONE
01/09/2023 20:50:53:	41	count	time	5.000000s/cts	O Det=15	H Det=359	Mon Det=33354	Aux Det=15	O+H=389	 DONE
01/09/2023 20:51:00:	close file and end scan	 DONE
01/09/2023 20:51:01:	move motor	S18.axis2.piezo rotation to fit AUX PEAK65	0.147183reached 0.14719  DONE
01/09/2023 20:51:04:	END OF SCRIPT	 DONE
