06/09/2023 21:20:07:	start execution of script D:\data\Cycle 192ter\exp_3-16-14\rawdata\sc\rocking.sc	 DONE
06/09/2023 21:20:07:	create file	D:\data\Cycle 192ter\exp_3-16-14\rawdata\sc\rocking_06Sep2120.dat	 DONE
room to enter remarks DONE
06/09/2023 21:20:08:	move motor	S18.axis2.piezo rotation to 0.146000deg	 DONE
06/09/2023 21:20:13:	1	count	time	5.000000s/cts	O Det=1	H Det=56	Mon Det=29755	Aux Det=5	O+H=57	 DONE
06/09/2023 21:20:20:	move motor	S18.axis2.piezo rotation to 0.146050deg	 DONE
06/09/2023 21:20:24:	2	count	time	5.000000s/cts	O Det=2	H Det=45	Mon Det=29915	Aux Det=4	O+H=47	 DONE
06/09/2023 21:20:31:	move motor	S18.axis2.piezo rotation to 0.146100deg	 DONE
06/09/2023 21:20:35:	3	count	time	5.000000s/cts	O Det=1	H Det=52	Mon Det=29903	Aux Det=5	O+H=53	 DONE
06/09/2023 21:20:42:	move motor	S18.axis2.piezo rotation to 0.146150deg	 DONE
06/09/2023 21:20:46:	4	count	time	5.000000s/cts	O Det=0	H Det=55	Mon Det=29652	Aux Det=5	O+H=55	 DONE
06/09/2023 21:20:54:	move motor	S18.axis2.piezo rotation to 0.146200deg	 DONE
06/09/2023 21:20:57:	5	count	time	5.000000s/cts	O Det=3	H Det=55	Mon Det=30076	Aux Det=5	O+H=58	 DONE
06/09/2023 21:21:05:	move motor	S18.axis2.piezo rotation to 0.146250deg	 DONE
06/09/2023 21:21:08:	6	count	time	5.000000s/cts	O Det=3	H Det=61	Mon Det=30069	Aux Det=4	O+H=64	 DONE
06/09/2023 21:21:16:	move motor	S18.axis2.piezo rotation to 0.146300deg	 DONE
06/09/2023 21:21:19:	7	count	time	5.000000s/cts	O Det=3	H Det=70	Mon Det=30024	Aux Det=2	O+H=73	 DONE
06/09/2023 21:21:27:	move motor	S18.axis2.piezo rotation to 0.146350deg	 DONE
06/09/2023 21:21:30:	8	count	time	5.000000s/cts	O Det=1	H Det=77	Mon Det=29752	Aux Det=6	O+H=78	 DONE
06/09/2023 21:21:38:	move motor	S18.axis2.piezo rotation to 0.146400deg	 DONE
06/09/2023 21:21:41:	9	count	time	5.000000s/cts	O Det=0	H Det=76	Mon Det=29922	Aux Det=4	O+H=76	 DONE
06/09/2023 21:21:49:	move motor	S18.axis2.piezo rotation to 0.146450deg	 DONE
06/09/2023 21:21:52:	10	count	time	5.000000s/cts	O Det=5	H Det=79	Mon Det=30166	Aux Det=5	O+H=84	 DONE
06/09/2023 21:21:59:	move motor	S18.axis2.piezo rotation to 0.146500deg	 DONE
06/09/2023 21:22:03:	11	count	time	5.000000s/cts	O Det=1	H Det=123	Mon Det=29664	Aux Det=5	O+H=124	 DONE
06/09/2023 21:22:11:	move motor	S18.axis2.piezo rotation to 0.146550deg	 DONE
06/09/2023 21:22:14:	12	count	time	5.000000s/cts	O Det=1	H Det=92	Mon Det=30028	Aux Det=8	O+H=93	 DONE
06/09/2023 21:22:22:	move motor	S18.axis2.piezo rotation to 0.146600deg	 DONE
06/09/2023 21:22:25:	13	count	time	5.000000s/cts	O Det=1	H Det=124	Mon Det=29990	Aux Det=7	O+H=125	 DONE
06/09/2023 21:22:33:	move motor	S18.axis2.piezo rotation to 0.146650deg	 DONE
06/09/2023 21:22:36:	14	count	time	5.000000s/cts	O Det=1	H Det=103	Mon Det=29893	Aux Det=9	O+H=104	 DONE
06/09/2023 21:22:43:	move motor	S18.axis2.piezo rotation to 0.146700deg	 DONE
06/09/2023 21:22:46:	15	count	time	5.000000s/cts	O Det=4	H Det=147	Mon Det=29951	Aux Det=8	O+H=151	 DONE
06/09/2023 21:22:54:	move motor	S18.axis2.piezo rotation to 0.146750deg	 DONE
06/09/2023 21:22:57:	16	count	time	5.000000s/cts	O Det=4	H Det=154	Mon Det=30219	Aux Det=12	O+H=158	 DONE
06/09/2023 21:23:05:	move motor	S18.axis2.piezo rotation to 0.146800deg	 DONE
06/09/2023 21:23:08:	17	count	time	5.000000s/cts	O Det=4	H Det=155	Mon Det=30029	Aux Det=16	O+H=159	 DONE
06/09/2023 21:23:16:	move motor	S18.axis2.piezo rotation to 0.146850deg	 DONE
06/09/2023 21:23:19:	18	count	time	5.000000s/cts	O Det=3	H Det=223	Mon Det=30065	Aux Det=16	O+H=226	 DONE
06/09/2023 21:23:27:	move motor	S18.axis2.piezo rotation to 0.146900deg	 DONE
06/09/2023 21:23:30:	19	count	time	5.000000s/cts	O Det=4	H Det=229	Mon Det=29897	Aux Det=18	O+H=233	 DONE
06/09/2023 21:23:38:	move motor	S18.axis2.piezo rotation to 0.146950deg	 DONE
06/09/2023 21:23:41:	20	count	time	5.000000s/cts	O Det=6	H Det=274	Mon Det=30102	Aux Det=17	O+H=280	 DONE
06/09/2023 21:23:49:	move motor	S18.axis2.piezo rotation to 0.147000deg	 DONE
06/09/2023 21:23:52:	21	count	time	5.000000s/cts	O Det=11	H Det=294	Mon Det=29990	Aux Det=17	O+H=305	 DONE
06/09/2023 21:24:00:	move motor	S18.axis2.piezo rotation to 0.147050deg	 DONE
06/09/2023 21:24:04:	22	count	time	5.000000s/cts	O Det=23	H Det=391	Mon Det=30086	Aux Det=28	O+H=414	 DONE
06/09/2023 21:24:11:	move motor	S18.axis2.piezo rotation to 0.147100deg	 DONE
06/09/2023 21:24:15:	23	count	time	5.000000s/cts	O Det=12	H Det=426	Mon Det=30056	Aux Det=42	O+H=438	 DONE
06/09/2023 21:24:22:	move motor	S18.axis2.piezo rotation to 0.147150deg	 DONE
06/09/2023 21:24:26:	24	count	time	5.000000s/cts	O Det=10	H Det=484	Mon Det=30150	Aux Det=42	O+H=494	 DONE
06/09/2023 21:24:33:	move motor	S18.axis2.piezo rotation to 0.147200deg	 DONE
06/09/2023 21:24:37:	25	count	time	5.000000s/cts	O Det=22	H Det=632	Mon Det=29825	Aux Det=77	O+H=654	 DONE
06/09/2023 21:24:44:	move motor	S18.axis2.piezo rotation to 0.147250deg	 DONE
06/09/2023 21:24:48:	26	count	time	5.000000s/cts	O Det=39	H Det=712	Mon Det=30128	Aux Det=84	O+H=751	 DONE
06/09/2023 21:24:55:	move motor	S18.axis2.piezo rotation to 0.147300deg	 DONE
06/09/2023 21:24:59:	27	count	time	5.000000s/cts	O Det=34	H Det=842	Mon Det=29725	Aux Det=119	O+H=876	 DONE
06/09/2023 21:25:07:	move motor	S18.axis2.piezo rotation to 0.147350deg	 DONE
06/09/2023 21:25:10:	28	count	time	5.000000s/cts	O Det=68	H Det=929	Mon Det=30267	Aux Det=188	O+H=997	 DONE
06/09/2023 21:25:18:	move motor	S18.axis2.piezo rotation to 0.147400deg	 DONE
06/09/2023 21:25:21:	29	count	time	5.000000s/cts	O Det=80	H Det=1029	Mon Det=29780	Aux Det=239	O+H=1109	 DONE
06/09/2023 21:25:29:	move motor	S18.axis2.piezo rotation to 0.147450deg	 DONE
06/09/2023 21:25:32:	30	count	time	5.000000s/cts	O Det=86	H Det=1106	Mon Det=29948	Aux Det=271	O+H=1192	 DONE
06/09/2023 21:25:40:	move motor	S18.axis2.piezo rotation to 0.147500deg	 DONE
06/09/2023 21:25:43:	31	count	time	5.000000s/cts	O Det=89	H Det=1162	Mon Det=29761	Aux Det=285	O+H=1251	 DONE
06/09/2023 21:25:51:	move motor	S18.axis2.piezo rotation to 0.147550deg	 DONE
06/09/2023 21:25:54:	32	count	time	5.000000s/cts	O Det=105	H Det=1153	Mon Det=30238	Aux Det=333	O+H=1258	 DONE
06/09/2023 21:26:02:	move motor	S18.axis2.piezo rotation to 0.147600deg	 DONE
06/09/2023 21:26:05:	33	count	time	5.000000s/cts	O Det=89	H Det=1061	Mon Det=29851	Aux Det=286	O+H=1150	 DONE
06/09/2023 21:26:13:	move motor	S18.axis2.piezo rotation to 0.147650deg	 DONE
06/09/2023 21:26:16:	34	count	time	5.000000s/cts	O Det=67	H Det=965	Mon Det=30267	Aux Det=249	O+H=1032	 DONE
06/09/2023 21:26:24:	move motor	S18.axis2.piezo rotation to 0.147700deg	 DONE
06/09/2023 21:26:27:	35	count	time	5.000000s/cts	O Det=65	H Det=845	Mon Det=29982	Aux Det=258	O+H=910	 DONE
06/09/2023 21:26:35:	move motor	S18.axis2.piezo rotation to 0.147750deg	 DONE
06/09/2023 21:26:38:	36	count	time	5.000000s/cts	O Det=46	H Det=728	Mon Det=30003	Aux Det=175	O+H=774	 DONE
06/09/2023 21:26:46:	move motor	S18.axis2.piezo rotation to 0.147800deg	 DONE
06/09/2023 21:26:49:	37	count	time	5.000000s/cts	O Det=30	H Det=637	Mon Det=29822	Aux Det=139	O+H=667	 DONE
06/09/2023 21:26:57:	move motor	S18.axis2.piezo rotation to 0.147850deg	 DONE
06/09/2023 21:27:00:	38	count	time	5.000000s/cts	O Det=30	H Det=634	Mon Det=30077	Aux Det=106	O+H=664	 DONE
06/09/2023 21:27:08:	move motor	S18.axis2.piezo rotation to 0.147900deg	 DONE
06/09/2023 21:27:12:	39	count	time	5.000000s/cts	O Det=23	H Det=506	Mon Det=30328	Aux Det=63	O+H=529	 DONE
06/09/2023 21:27:19:	move motor	S18.axis2.piezo rotation to 0.147950deg	 DONE
06/09/2023 21:27:22:	40	count	time	5.000000s/cts	O Det=18	H Det=427	Mon Det=29630	Aux Det=27	O+H=445	 DONE
06/09/2023 21:27:30:	move motor	S18.axis2.piezo rotation to 0.148000deg	 DONE
06/09/2023 21:27:34:	41	count	time	5.000000s/cts	O Det=9	H Det=383	Mon Det=29977	Aux Det=24	O+H=392	 DONE
06/09/2023 21:27:41:	close file and end scan	 DONE
06/09/2023 21:27:42:	move motor	S18.axis2.piezo rotation to fit AUX PEAK65	0.147554reached 0.14754  DONE
06/09/2023 21:27:45:	END OF SCRIPT	 DONE
