03/09/2023 06:05:18:	start execution of script D:\data\Cycle 192ter\exp_3-16-14\rawdata\sc\rocking.sc	 DONE
03/09/2023 06:05:19:	create file	D:\data\Cycle 192ter\exp_3-16-14\rawdata\sc\rocking_03Sep0605.dat	 DONE
room to enter remarks DONE
03/09/2023 06:05:20:	move motor	S18.axis2.piezo rotation to 0.146000deg	 DONE
03/09/2023 06:05:24:	1	count	time	5.000000s/cts	O Det=1	H Det=51	Mon Det=32740	Aux Det=6	O+H=58	 DONE
03/09/2023 06:05:31:	move motor	S18.axis2.piezo rotation to 0.146050deg	 DONE
03/09/2023 06:05:35:	2	count	time	5.000000s/cts	O Det=2	H Det=45	Mon Det=32987	Aux Det=10	O+H=57	 DONE
03/09/2023 06:05:43:	move motor	S18.axis2.piezo rotation to 0.146100deg	 DONE
03/09/2023 06:05:46:	3	count	time	5.000000s/cts	O Det=3	H Det=64	Mon Det=33429	Aux Det=10	O+H=77	 DONE
03/09/2023 06:05:54:	move motor	S18.axis2.piezo rotation to 0.146150deg	 DONE
03/09/2023 06:05:57:	4	count	time	5.000000s/cts	O Det=2	H Det=73	Mon Det=32272	Aux Det=6	O+H=81	 DONE
03/09/2023 06:06:05:	move motor	S18.axis2.piezo rotation to 0.146200deg	 DONE
03/09/2023 06:06:09:	5	count	time	5.000000s/cts	O Det=0	H Det=60	Mon Det=32839	Aux Det=6	O+H=66	 DONE
03/09/2023 06:06:16:	move motor	S18.axis2.piezo rotation to 0.146250deg	 DONE
03/09/2023 06:06:20:	6	count	time	5.000000s/cts	O Det=4	H Det=79	Mon Det=31751	Aux Det=12	O+H=95	 DONE
03/09/2023 06:06:27:	move motor	S18.axis2.piezo rotation to 0.146300deg	 DONE
03/09/2023 06:06:31:	7	count	time	5.000000s/cts	O Det=1	H Det=83	Mon Det=31841	Aux Det=5	O+H=89	 DONE
03/09/2023 06:06:38:	move motor	S18.axis2.piezo rotation to 0.146350deg	 DONE
03/09/2023 06:06:41:	8	count	time	5.000000s/cts	O Det=0	H Det=73	Mon Det=31665	Aux Det=8	O+H=81	 DONE
03/09/2023 06:06:49:	move motor	S18.axis2.piezo rotation to 0.146400deg	 DONE
03/09/2023 06:06:52:	9	count	time	5.000000s/cts	O Det=6	H Det=82	Mon Det=31787	Aux Det=9	O+H=97	 DONE
03/09/2023 06:07:00:	move motor	S18.axis2.piezo rotation to 0.146450deg	 DONE
03/09/2023 06:07:03:	10	count	time	5.000000s/cts	O Det=1	H Det=78	Mon Det=31523	Aux Det=6	O+H=85	 DONE
03/09/2023 06:07:11:	move motor	S18.axis2.piezo rotation to 0.146500deg	 DONE
03/09/2023 06:07:14:	11	count	time	5.000000s/cts	O Det=4	H Det=99	Mon Det=31376	Aux Det=7	O+H=110	 DONE
03/09/2023 06:07:22:	move motor	S18.axis2.piezo rotation to 0.146550deg	 DONE
03/09/2023 06:07:25:	12	count	time	5.000000s/cts	O Det=8	H Det=120	Mon Det=31486	Aux Det=12	O+H=140	 DONE
03/09/2023 06:07:33:	move motor	S18.axis2.piezo rotation to 0.146600deg	 DONE
03/09/2023 06:07:36:	13	count	time	5.000000s/cts	O Det=5	H Det=160	Mon Det=31184	Aux Det=10	O+H=175	 DONE
03/09/2023 06:07:44:	move motor	S18.axis2.piezo rotation to 0.146650deg	 DONE
03/09/2023 06:07:47:	14	count	time	5.000000s/cts	O Det=3	H Det=133	Mon Det=31811	Aux Det=12	O+H=148	 DONE
03/09/2023 06:07:55:	move motor	S18.axis2.piezo rotation to 0.146700deg	 DONE
03/09/2023 06:07:58:	15	count	time	5.000000s/cts	O Det=2	H Det=158	Mon Det=31206	Aux Det=21	O+H=181	 DONE
03/09/2023 06:08:06:	move motor	S18.axis2.piezo rotation to 0.146750deg	 DONE
03/09/2023 06:08:09:	16	count	time	5.000000s/cts	O Det=5	H Det=188	Mon Det=31229	Aux Det=13	O+H=206	 DONE
03/09/2023 06:08:17:	move motor	S18.axis2.piezo rotation to 0.146800deg	 DONE
03/09/2023 06:08:20:	17	count	time	5.000000s/cts	O Det=9	H Det=200	Mon Det=31228	Aux Det=20	O+H=229	 DONE
03/09/2023 06:08:28:	move motor	S18.axis2.piezo rotation to 0.146850deg	 DONE
03/09/2023 06:08:31:	18	count	time	5.000000s/cts	O Det=11	H Det=243	Mon Det=30923	Aux Det=25	O+H=279	 DONE
03/09/2023 06:08:39:	move motor	S18.axis2.piezo rotation to 0.146900deg	 DONE
03/09/2023 06:08:42:	19	count	time	5.000000s/cts	O Det=10	H Det=332	Mon Det=31645	Aux Det=42	O+H=384	 DONE
03/09/2023 06:08:50:	move motor	S18.axis2.piezo rotation to 0.146950deg	 DONE
03/09/2023 06:08:53:	20	count	time	5.000000s/cts	O Det=17	H Det=351	Mon Det=31408	Aux Det=39	O+H=407	 DONE
03/09/2023 06:09:01:	move motor	S18.axis2.piezo rotation to 0.147000deg	 DONE
03/09/2023 06:09:04:	21	count	time	5.000000s/cts	O Det=25	H Det=412	Mon Det=31810	Aux Det=56	O+H=493	 DONE
03/09/2023 06:09:12:	move motor	S18.axis2.piezo rotation to 0.147050deg	 DONE
03/09/2023 06:09:15:	22	count	time	5.000000s/cts	O Det=34	H Det=508	Mon Det=31229	Aux Det=92	O+H=634	 DONE
03/09/2023 06:09:23:	move motor	S18.axis2.piezo rotation to 0.147100deg	 DONE
03/09/2023 06:09:26:	23	count	time	5.000000s/cts	O Det=35	H Det=584	Mon Det=31660	Aux Det=100	O+H=719	 DONE
03/09/2023 06:09:34:	move motor	S18.axis2.piezo rotation to 0.147150deg	 DONE
03/09/2023 06:09:37:	24	count	time	5.000000s/cts	O Det=63	H Det=657	Mon Det=30875	Aux Det=146	O+H=866	 DONE
03/09/2023 06:09:45:	move motor	S18.axis2.piezo rotation to 0.147200deg	 DONE
03/09/2023 06:09:48:	25	count	time	5.000000s/cts	O Det=53	H Det=808	Mon Det=31519	Aux Det=192	O+H=1053	 DONE
03/09/2023 06:09:56:	move motor	S18.axis2.piezo rotation to 0.147250deg	 DONE
03/09/2023 06:09:59:	26	count	time	5.000000s/cts	O Det=84	H Det=868	Mon Det=31463	Aux Det=246	O+H=1198	 DONE
03/09/2023 06:10:07:	move motor	S18.axis2.piezo rotation to 0.147300deg	 DONE
03/09/2023 06:10:10:	27	count	time	5.000000s/cts	O Det=96	H Det=950	Mon Det=31088	Aux Det=298	O+H=1344	 DONE
03/09/2023 06:10:18:	move motor	S18.axis2.piezo rotation to 0.147350deg	 DONE
03/09/2023 06:10:21:	28	count	time	5.000000s/cts	O Det=126	H Det=933	Mon Det=31251	Aux Det=355	O+H=1414	 DONE
03/09/2023 06:10:29:	move motor	S18.axis2.piezo rotation to 0.147400deg	 DONE
03/09/2023 06:10:32:	29	count	time	5.000000s/cts	O Det=103	H Det=1062	Mon Det=30986	Aux Det=353	O+H=1518	 DONE
03/09/2023 06:10:40:	move motor	S18.axis2.piezo rotation to 0.147450deg	 DONE
03/09/2023 06:10:43:	30	count	time	5.000000s/cts	O Det=124	H Det=937	Mon Det=31584	Aux Det=377	O+H=1438	 DONE
03/09/2023 06:10:51:	move motor	S18.axis2.piezo rotation to 0.147500deg	 DONE
03/09/2023 06:10:54:	31	count	time	5.000000s/cts	O Det=121	H Det=929	Mon Det=31195	Aux Det=350	O+H=1400	 DONE
03/09/2023 06:11:02:	move motor	S18.axis2.piezo rotation to 0.147550deg	 DONE
03/09/2023 06:11:05:	32	count	time	5.000000s/cts	O Det=87	H Det=916	Mon Det=31349	Aux Det=277	O+H=1280	 DONE
03/09/2023 06:11:12:	move motor	S18.axis2.piezo rotation to 0.147600deg	 DONE
03/09/2023 06:11:16:	33	count	time	5.000000s/cts	O Det=85	H Det=710	Mon Det=31426	Aux Det=268	O+H=1063	 DONE
03/09/2023 06:11:23:	move motor	S18.axis2.piezo rotation to 0.147650deg	 DONE
03/09/2023 06:11:27:	34	count	time	5.000000s/cts	O Det=54	H Det=622	Mon Det=31164	Aux Det=191	O+H=867	 DONE
03/09/2023 06:11:34:	move motor	S18.axis2.piezo rotation to 0.147700deg	 DONE
03/09/2023 06:11:38:	35	count	time	5.000000s/cts	O Det=50	H Det=565	Mon Det=31414	Aux Det=166	O+H=781	 DONE
03/09/2023 06:11:45:	move motor	S18.axis2.piezo rotation to 0.147750deg	 DONE
03/09/2023 06:11:49:	36	count	time	5.000000s/cts	O Det=47	H Det=530	Mon Det=31035	Aux Det=131	O+H=708	 DONE
03/09/2023 06:11:56:	move motor	S18.axis2.piezo rotation to 0.147800deg	 DONE
03/09/2023 06:11:59:	37	count	time	5.000000s/cts	O Det=35	H Det=474	Mon Det=30892	Aux Det=87	O+H=596	 DONE
03/09/2023 06:12:07:	move motor	S18.axis2.piezo rotation to 0.147850deg	 DONE
03/09/2023 06:12:11:	38	count	time	5.000000s/cts	O Det=24	H Det=437	Mon Det=31390	Aux Det=38	O+H=499	 DONE
03/09/2023 06:12:18:	move motor	S18.axis2.piezo rotation to 0.147900deg	 DONE
03/09/2023 06:12:21:	39	count	time	5.000000s/cts	O Det=12	H Det=330	Mon Det=31385	Aux Det=46	O+H=388	 DONE
03/09/2023 06:12:29:	move motor	S18.axis2.piezo rotation to 0.147950deg	 DONE
03/09/2023 06:12:32:	40	count	time	5.000000s/cts	O Det=7	H Det=324	Mon Det=31565	Aux Det=33	O+H=364	 DONE
03/09/2023 06:12:40:	move motor	S18.axis2.piezo rotation to 0.148000deg	 DONE
03/09/2023 06:12:43:	41	count	time	5.000000s/cts	O Det=11	H Det=339	Mon Det=30853	Aux Det=28	O+H=378	 DONE
03/09/2023 06:12:51:	close file and end scan	 DONE
03/09/2023 06:12:52:	move motor	S18.axis2.piezo rotation to fit AUX PEAK65	0.147429reached 0.14740  DONE
03/09/2023 06:12:54:	END OF SCRIPT	 DONE
