28/08/2023 19:50:12:	start execution of script D:\data\Cycle 192ter\exp_3-16-14\rawdata\sc\rocking.sc	 DONE
28/08/2023 19:50:13:	create file	D:\data\Cycle 192ter\exp_3-16-14\rawdata\sc\rocking_28Aug1950.dat	 DONE
room to enter remarks DONE
28/08/2023 19:50:14:	move motor	S18.axis2.piezo rotation to 0.146300deg	 DONE
28/08/2023 19:50:18:	1	count	time	5.000000s/cts	O Det=3	H Det=89	Mon Det=32220	Aux Det=20	O+H=112	 DONE
28/08/2023 19:50:25:	move motor	S18.axis2.piezo rotation to 0.146350deg	 DONE
28/08/2023 19:50:29:	2	count	time	5.000000s/cts	O Det=5	H Det=85	Mon Det=31896	Aux Det=11	O+H=101	 DONE
28/08/2023 19:50:37:	move motor	S18.axis2.piezo rotation to 0.146400deg	 DONE
28/08/2023 19:50:40:	3	count	time	5.000000s/cts	O Det=3	H Det=81	Mon Det=32641	Aux Det=13	O+H=97	 DONE
28/08/2023 19:50:48:	move motor	S18.axis2.piezo rotation to 0.146450deg	 DONE
28/08/2023 19:50:51:	4	count	time	5.000000s/cts	O Det=0	H Det=121	Mon Det=31506	Aux Det=9	O+H=130	 DONE
28/08/2023 19:50:59:	move motor	S18.axis2.piezo rotation to 0.146500deg	 DONE
28/08/2023 19:51:02:	5	count	time	5.000000s/cts	O Det=4	H Det=104	Mon Det=31764	Aux Det=8	O+H=116	 DONE
28/08/2023 19:51:10:	move motor	S18.axis2.piezo rotation to 0.146550deg	 DONE
28/08/2023 19:51:13:	6	count	time	5.000000s/cts	O Det=4	H Det=123	Mon Det=31890	Aux Det=13	O+H=140	 DONE
28/08/2023 19:51:21:	move motor	S18.axis2.piezo rotation to 0.146600deg	 DONE
28/08/2023 19:51:24:	7	count	time	5.000000s/cts	O Det=4	H Det=165	Mon Det=31886	Aux Det=12	O+H=181	 DONE
28/08/2023 19:51:32:	move motor	S18.axis2.piezo rotation to 0.146650deg	 DONE
28/08/2023 19:51:35:	8	count	time	5.000000s/cts	O Det=8	H Det=157	Mon Det=32207	Aux Det=13	O+H=178	 DONE
28/08/2023 19:51:43:	move motor	S18.axis2.piezo rotation to 0.146700deg	 DONE
28/08/2023 19:51:46:	9	count	time	5.000000s/cts	O Det=7	H Det=181	Mon Det=31657	Aux Det=16	O+H=204	 DONE
28/08/2023 19:51:54:	move motor	S18.axis2.piezo rotation to 0.146750deg	 DONE
28/08/2023 19:51:58:	10	count	time	5.000000s/cts	O Det=12	H Det=233	Mon Det=31977	Aux Det=19	O+H=264	 DONE
28/08/2023 19:52:06:	move motor	S18.axis2.piezo rotation to 0.146800deg	 DONE
28/08/2023 19:52:09:	11	count	time	5.000000s/cts	O Det=10	H Det=248	Mon Det=31829	Aux Det=31	O+H=289	 DONE
28/08/2023 19:52:16:	move motor	S18.axis2.piezo rotation to 0.146850deg	 DONE
28/08/2023 19:52:20:	12	count	time	5.000000s/cts	O Det=22	H Det=241	Mon Det=31518	Aux Det=35	O+H=298	 DONE
28/08/2023 19:52:27:	move motor	S18.axis2.piezo rotation to 0.146900deg	 DONE
28/08/2023 19:52:30:	13	count	time	5.000000s/cts	O Det=14	H Det=346	Mon Det=30874	Aux Det=53	O+H=413	 DONE
28/08/2023 19:52:38:	move motor	S18.axis2.piezo rotation to 0.146950deg	 DONE
28/08/2023 19:52:41:	14	count	time	5.000000s/cts	O Det=32	H Det=428	Mon Det=31631	Aux Det=76	O+H=536	 DONE
28/08/2023 19:52:49:	move motor	S18.axis2.piezo rotation to 0.147000deg	 DONE
28/08/2023 19:52:52:	15	count	time	5.000000s/cts	O Det=47	H Det=438	Mon Det=32005	Aux Det=83	O+H=568	 DONE
28/08/2023 19:53:00:	move motor	S18.axis2.piezo rotation to 0.147050deg	 DONE
28/08/2023 19:53:03:	16	count	time	5.000000s/cts	O Det=58	H Det=566	Mon Det=31560	Aux Det=135	O+H=759	 DONE
28/08/2023 19:53:11:	move motor	S18.axis2.piezo rotation to 0.147100deg	 DONE
28/08/2023 19:53:14:	17	count	time	5.000000s/cts	O Det=49	H Det=615	Mon Det=31503	Aux Det=136	O+H=800	 DONE
28/08/2023 19:53:22:	move motor	S18.axis2.piezo rotation to 0.147150deg	 DONE
28/08/2023 19:53:25:	18	count	time	5.000000s/cts	O Det=84	H Det=759	Mon Det=31195	Aux Det=172	O+H=1015	 DONE
28/08/2023 19:53:33:	move motor	S18.axis2.piezo rotation to 0.147200deg	 DONE
28/08/2023 19:53:36:	19	count	time	5.000000s/cts	O Det=119	H Det=864	Mon Det=32025	Aux Det=235	O+H=1218	 DONE
28/08/2023 19:53:43:	move motor	S18.axis2.piezo rotation to 0.147250deg	 DONE
28/08/2023 19:53:46:	20	count	time	5.000000s/cts	O Det=130	H Det=918	Mon Det=31318	Aux Det=265	O+H=1313	 DONE
28/08/2023 19:53:54:	move motor	S18.axis2.piezo rotation to 0.147300deg	 DONE
28/08/2023 19:53:58:	21	count	time	5.000000s/cts	O Det=153	H Det=906	Mon Det=31556	Aux Det=334	O+H=1393	 DONE
28/08/2023 19:54:05:	move motor	S18.axis2.piezo rotation to 0.147350deg	 DONE
28/08/2023 19:54:09:	22	count	time	5.000000s/cts	O Det=124	H Det=1008	Mon Det=31505	Aux Det=394	O+H=1526	 DONE
28/08/2023 19:54:16:	move motor	S18.axis2.piezo rotation to 0.147400deg	 DONE
28/08/2023 19:54:20:	23	count	time	5.000000s/cts	O Det=127	H Det=1052	Mon Det=31120	Aux Det=285	O+H=1464	 DONE
28/08/2023 19:54:27:	move motor	S18.axis2.piezo rotation to 0.147450deg	 DONE
28/08/2023 19:54:30:	24	count	time	5.000000s/cts	O Det=131	H Det=985	Mon Det=31077	Aux Det=271	O+H=1387	 DONE
28/08/2023 19:54:38:	move motor	S18.axis2.piezo rotation to 0.147500deg	 DONE
28/08/2023 19:54:41:	25	count	time	5.000000s/cts	O Det=111	H Det=903	Mon Det=31010	Aux Det=275	O+H=1289	 DONE
28/08/2023 19:54:49:	move motor	S18.axis2.piezo rotation to 0.147550deg	 DONE
28/08/2023 19:54:52:	26	count	time	5.000000s/cts	O Det=116	H Det=712	Mon Det=30833	Aux Det=245	O+H=1073	 DONE
28/08/2023 19:55:00:	move motor	S18.axis2.piezo rotation to 0.147600deg	 DONE
28/08/2023 19:55:03:	27	count	time	5.000000s/cts	O Det=110	H Det=638	Mon Det=31047	Aux Det=240	O+H=988	 DONE
28/08/2023 19:55:11:	move motor	S18.axis2.piezo rotation to 0.147650deg	 DONE
28/08/2023 19:55:15:	28	count	time	5.000000s/cts	O Det=66	H Det=574	Mon Det=30810	Aux Det=203	O+H=843	 DONE
28/08/2023 19:55:22:	move motor	S18.axis2.piezo rotation to 0.147700deg	 DONE
28/08/2023 19:55:26:	29	count	time	5.000000s/cts	O Det=56	H Det=514	Mon Det=31709	Aux Det=138	O+H=708	 DONE
28/08/2023 19:55:33:	move motor	S18.axis2.piezo rotation to 0.147750deg	 DONE
28/08/2023 19:55:37:	30	count	time	5.000000s/cts	O Det=58	H Det=433	Mon Det=31097	Aux Det=88	O+H=579	 DONE
28/08/2023 19:55:44:	move motor	S18.axis2.piezo rotation to 0.147800deg	 DONE
28/08/2023 19:55:47:	31	count	time	5.000000s/cts	O Det=34	H Det=358	Mon Det=31064	Aux Det=60	O+H=452	 DONE
28/08/2023 19:55:55:	move motor	S18.axis2.piezo rotation to 0.147850deg	 DONE
28/08/2023 19:55:58:	32	count	time	5.000000s/cts	O Det=28	H Det=357	Mon Det=31225	Aux Det=34	O+H=419	 DONE
28/08/2023 19:56:06:	move motor	S18.axis2.piezo rotation to 0.147900deg	 DONE
28/08/2023 19:56:10:	33	count	time	5.000000s/cts	O Det=22	H Det=336	Mon Det=31306	Aux Det=34	O+H=392	 DONE
28/08/2023 19:56:17:	move motor	S18.axis2.piezo rotation to 0.147950deg	 DONE
28/08/2023 19:56:21:	34	count	time	5.000000s/cts	O Det=19	H Det=304	Mon Det=31541	Aux Det=24	O+H=347	 DONE
28/08/2023 19:56:28:	move motor	S18.axis2.piezo rotation to 0.148000deg	 DONE
28/08/2023 19:56:32:	35	count	time	5.000000s/cts	O Det=18	H Det=300	Mon Det=31227	Aux Det=33	O+H=351	 DONE
28/08/2023 19:56:39:	move motor	S18.axis2.piezo rotation to 0.148050deg	 DONE
28/08/2023 19:56:42:	36	count	time	5.000000s/cts	O Det=38	H Det=361	Mon Det=31521	Aux Det=63	O+H=462	 DONE
28/08/2023 19:56:50:	move motor	S18.axis2.piezo rotation to 0.148100deg	 DONE
28/08/2023 19:56:53:	37	count	time	5.000000s/cts	O Det=34	H Det=372	Mon Det=30437	Aux Det=45	O+H=451	 DONE
28/08/2023 19:57:01:	move motor	S18.axis2.piezo rotation to 0.148150deg	 DONE
28/08/2023 19:57:04:	38	count	time	5.000000s/cts	O Det=23	H Det=365	Mon Det=31026	Aux Det=44	O+H=432	 DONE
28/08/2023 19:57:12:	move motor	S18.axis2.piezo rotation to 0.148200deg	 DONE
28/08/2023 19:57:15:	39	count	time	5.000000s/cts	O Det=40	H Det=392	Mon Det=31276	Aux Det=61	O+H=493	 DONE
28/08/2023 19:57:23:	move motor	S18.axis2.piezo rotation to 0.148250deg	 DONE
28/08/2023 19:57:26:	40	count	time	5.000000s/cts	O Det=37	H Det=435	Mon Det=30662	Aux Det=77	O+H=549	 DONE
28/08/2023 19:57:34:	move motor	S18.axis2.piezo rotation to 0.148300deg	 DONE
28/08/2023 19:57:37:	41	count	time	5.000000s/cts	O Det=43	H Det=436	Mon Det=30773	Aux Det=119	O+H=598	 DONE
28/08/2023 19:57:44:	close file and end scan	 DONE
28/08/2023 19:57:45:	move motor	S18.axis2.piezo rotation to fit AUX PEAK65	0.147364reached 0.14737  DONE
28/08/2023 19:57:48:	END OF SCRIPT	 DONE
