29/08/2023 11:38:13:	start execution of script D:\data\Cycle 192ter\exp_3-16-14\rawdata\sc\rocking.sc	 DONE
29/08/2023 11:38:13:	create file	D:\data\Cycle 192ter\exp_3-16-14\rawdata\sc\rocking_29Aug1138.dat	 DONE
room to enter remarks DONE
29/08/2023 11:38:14:	move motor	S18.axis2.piezo rotation to 0.146300deg	 DONE
29/08/2023 11:38:18:	1	count	time	5.000000s/cts	O Det=4	H Det=145	Mon Det=31812	Aux Det=7	O+H=156	 DONE
29/08/2023 11:38:26:	move motor	S18.axis2.piezo rotation to 0.146350deg	 DONE
29/08/2023 11:38:29:	2	count	time	5.000000s/cts	O Det=5	H Det=183	Mon Det=31884	Aux Det=14	O+H=202	 DONE
29/08/2023 11:38:36:	move motor	S18.axis2.piezo rotation to 0.146400deg	 DONE
29/08/2023 11:38:40:	3	count	time	5.000000s/cts	O Det=7	H Det=180	Mon Det=31662	Aux Det=14	O+H=201	 DONE
29/08/2023 11:38:47:	move motor	S18.axis2.piezo rotation to 0.146450deg	 DONE
29/08/2023 11:38:51:	4	count	time	5.000000s/cts	O Det=9	H Det=194	Mon Det=31673	Aux Det=19	O+H=222	 DONE
29/08/2023 11:38:58:	move motor	S18.axis2.piezo rotation to 0.146500deg	 DONE
29/08/2023 11:39:02:	5	count	time	5.000000s/cts	O Det=10	H Det=246	Mon Det=31112	Aux Det=7	O+H=263	 DONE
29/08/2023 11:39:10:	move motor	S18.axis2.piezo rotation to 0.146550deg	 DONE
29/08/2023 11:39:13:	6	count	time	5.000000s/cts	O Det=14	H Det=250	Mon Det=31936	Aux Det=7	O+H=271	 DONE
29/08/2023 11:39:21:	move motor	S18.axis2.piezo rotation to 0.146600deg	 DONE
29/08/2023 11:39:24:	7	count	time	5.000000s/cts	O Det=7	H Det=326	Mon Det=31789	Aux Det=19	O+H=352	 DONE
29/08/2023 11:39:32:	move motor	S18.axis2.piezo rotation to 0.146650deg	 DONE
29/08/2023 11:39:35:	8	count	time	5.000000s/cts	O Det=17	H Det=329	Mon Det=31863	Aux Det=36	O+H=382	 DONE
29/08/2023 11:39:42:	move motor	S18.axis2.piezo rotation to 0.146700deg	 DONE
29/08/2023 11:39:46:	9	count	time	5.000000s/cts	O Det=24	H Det=424	Mon Det=32399	Aux Det=27	O+H=475	 DONE
29/08/2023 11:39:53:	move motor	S18.axis2.piezo rotation to 0.146750deg	 DONE
29/08/2023 11:39:56:	10	count	time	5.000000s/cts	O Det=31	H Det=536	Mon Det=31755	Aux Det=25	O+H=592	 DONE
29/08/2023 11:40:04:	move motor	S18.axis2.piezo rotation to 0.146800deg	 DONE
29/08/2023 11:40:07:	11	count	time	5.000000s/cts	O Det=35	H Det=621	Mon Det=31655	Aux Det=47	O+H=703	 DONE
29/08/2023 11:40:15:	move motor	S18.axis2.piezo rotation to 0.146850deg	 DONE
29/08/2023 11:40:18:	12	count	time	5.000000s/cts	O Det=53	H Det=681	Mon Det=31847	Aux Det=43	O+H=777	 DONE
29/08/2023 11:40:26:	move motor	S18.axis2.piezo rotation to 0.146900deg	 DONE
29/08/2023 11:40:29:	13	count	time	5.000000s/cts	O Det=73	H Det=859	Mon Det=32068	Aux Det=67	O+H=999	 DONE
29/08/2023 11:40:37:	move motor	S18.axis2.piezo rotation to 0.146950deg	 DONE
29/08/2023 11:40:40:	14	count	time	5.000000s/cts	O Det=67	H Det=1021	Mon Det=31857	Aux Det=96	O+H=1184	 DONE
29/08/2023 11:40:48:	move motor	S18.axis2.piezo rotation to 0.147000deg	 DONE
29/08/2023 11:40:51:	15	count	time	5.000000s/cts	O Det=85	H Det=1210	Mon Det=30892	Aux Det=107	O+H=1402	 DONE
29/08/2023 11:40:59:	move motor	S18.axis2.piezo rotation to 0.147050deg	 DONE
29/08/2023 11:41:02:	16	count	time	5.000000s/cts	O Det=75	H Det=1281	Mon Det=30421	Aux Det=102	O+H=1458	 DONE
29/08/2023 11:41:10:	move motor	S18.axis2.piezo rotation to 0.147100deg	 DONE
29/08/2023 11:41:13:	17	count	time	5.000000s/cts	O Det=73	H Det=1459	Mon Det=30544	Aux Det=97	O+H=1629	 DONE
29/08/2023 11:41:21:	move motor	S18.axis2.piezo rotation to 0.147150deg	 DONE
29/08/2023 11:41:24:	18	count	time	5.000000s/cts	O Det=65	H Det=1438	Mon Det=30345	Aux Det=86	O+H=1589	 DONE
29/08/2023 11:41:32:	move motor	S18.axis2.piezo rotation to 0.147200deg	 DONE
29/08/2023 11:41:35:	19	count	time	5.000000s/cts	O Det=50	H Det=1411	Mon Det=30703	Aux Det=67	O+H=1528	 DONE
29/08/2023 11:41:43:	move motor	S18.axis2.piezo rotation to 0.147250deg	 DONE
29/08/2023 11:41:46:	20	count	time	5.000000s/cts	O Det=52	H Det=1295	Mon Det=30327	Aux Det=55	O+H=1402	 DONE
29/08/2023 11:41:54:	move motor	S18.axis2.piezo rotation to 0.147300deg	 DONE
29/08/2023 11:41:57:	21	count	time	5.000000s/cts	O Det=44	H Det=1082	Mon Det=30884	Aux Det=54	O+H=1180	 DONE
29/08/2023 11:42:05:	move motor	S18.axis2.piezo rotation to 0.147350deg	 DONE
29/08/2023 11:42:08:	22	count	time	5.000000s/cts	O Det=32	H Det=921	Mon Det=30409	Aux Det=59	O+H=1012	 DONE
29/08/2023 11:42:15:	move motor	S18.axis2.piezo rotation to 0.147400deg	 DONE
29/08/2023 11:42:19:	23	count	time	5.000000s/cts	O Det=35	H Det=743	Mon Det=29984	Aux Det=36	O+H=814	 DONE
29/08/2023 11:42:26:	move motor	S18.axis2.piezo rotation to 0.147450deg	 DONE
29/08/2023 11:42:30:	24	count	time	5.000000s/cts	O Det=32	H Det=730	Mon Det=31677	Aux Det=37	O+H=799	 DONE
29/08/2023 11:42:37:	move motor	S18.axis2.piezo rotation to 0.147500deg	 DONE
29/08/2023 11:42:41:	25	count	time	5.000000s/cts	O Det=25	H Det=608	Mon Det=31945	Aux Det=44	O+H=677	 DONE
29/08/2023 11:42:48:	move motor	S18.axis2.piezo rotation to 0.147550deg	 DONE
29/08/2023 11:42:51:	26	count	time	5.000000s/cts	O Det=32	H Det=489	Mon Det=32242	Aux Det=18	O+H=539	 DONE
29/08/2023 11:42:59:	move motor	S18.axis2.piezo rotation to 0.147600deg	 DONE
29/08/2023 11:43:02:	27	count	time	5.000000s/cts	O Det=15	H Det=429	Mon Det=32337	Aux Det=12	O+H=456	 DONE
29/08/2023 11:43:10:	move motor	S18.axis2.piezo rotation to 0.147650deg	 DONE
29/08/2023 11:43:13:	28	count	time	5.000000s/cts	O Det=15	H Det=332	Mon Det=32014	Aux Det=6	O+H=353	 DONE
29/08/2023 11:43:21:	move motor	S18.axis2.piezo rotation to 0.147700deg	 DONE
29/08/2023 11:43:24:	29	count	time	5.000000s/cts	O Det=5	H Det=344	Mon Det=32079	Aux Det=15	O+H=364	 DONE
29/08/2023 11:43:32:	move motor	S18.axis2.piezo rotation to 0.147750deg	 DONE
29/08/2023 11:43:35:	30	count	time	5.000000s/cts	O Det=16	H Det=341	Mon Det=31794	Aux Det=14	O+H=371	 DONE
29/08/2023 11:43:43:	move motor	S18.axis2.piezo rotation to 0.147800deg	 DONE
29/08/2023 11:43:46:	31	count	time	5.000000s/cts	O Det=19	H Det=395	Mon Det=31723	Aux Det=18	O+H=432	 DONE
29/08/2023 11:43:54:	move motor	S18.axis2.piezo rotation to 0.147850deg	 DONE
29/08/2023 11:43:57:	32	count	time	5.000000s/cts	O Det=18	H Det=393	Mon Det=32056	Aux Det=18	O+H=429	 DONE
29/08/2023 11:44:05:	move motor	S18.axis2.piezo rotation to 0.147900deg	 DONE
29/08/2023 11:44:08:	33	count	time	5.000000s/cts	O Det=12	H Det=350	Mon Det=31721	Aux Det=14	O+H=376	 DONE
29/08/2023 11:44:16:	move motor	S18.axis2.piezo rotation to 0.147950deg	 DONE
29/08/2023 11:44:19:	34	count	time	5.000000s/cts	O Det=12	H Det=377	Mon Det=31790	Aux Det=7	O+H=396	 DONE
29/08/2023 11:44:27:	move motor	S18.axis2.piezo rotation to 0.148000deg	 DONE
29/08/2023 11:44:30:	35	count	time	5.000000s/cts	O Det=17	H Det=422	Mon Det=32278	Aux Det=21	O+H=460	 DONE
29/08/2023 11:44:38:	move motor	S18.axis2.piezo rotation to 0.148050deg	 DONE
29/08/2023 11:44:41:	36	count	time	5.000000s/cts	O Det=25	H Det=527	Mon Det=32022	Aux Det=20	O+H=572	 DONE
29/08/2023 11:44:49:	move motor	S18.axis2.piezo rotation to 0.148100deg	 DONE
29/08/2023 11:44:52:	37	count	time	5.000000s/cts	O Det=36	H Det=571	Mon Det=31849	Aux Det=25	O+H=632	 DONE
29/08/2023 11:45:00:	move motor	S18.axis2.piezo rotation to 0.148150deg	 DONE
29/08/2023 11:45:03:	38	count	time	5.000000s/cts	O Det=43	H Det=738	Mon Det=31903	Aux Det=57	O+H=838	 DONE
29/08/2023 11:45:11:	move motor	S18.axis2.piezo rotation to 0.148200deg	 DONE
29/08/2023 11:45:14:	39	count	time	5.000000s/cts	O Det=58	H Det=854	Mon Det=32026	Aux Det=64	O+H=976	 DONE
29/08/2023 11:45:22:	move motor	S18.axis2.piezo rotation to 0.148250deg	 DONE
29/08/2023 11:45:25:	40	count	time	5.000000s/cts	O Det=64	H Det=1062	Mon Det=32176	Aux Det=82	O+H=1208	 DONE
29/08/2023 11:45:33:	move motor	S18.axis2.piezo rotation to 0.148300deg	 DONE
29/08/2023 11:45:36:	41	count	time	5.000000s/cts	O Det=78	H Det=1202	Mon Det=32174	Aux Det=78	O+H=1358	 DONE
29/08/2023 11:45:44:	close file and end scan	 DONE
29/08/2023 11:45:44:	move motor	S18.axis2.piezo rotation to fit AUX PEAK65	0.146300reached 0.14631  DONE
29/08/2023 11:45:47:	END OF SCRIPT	 DONE
