31/08/2023 05:54:06:	start execution of script D:\data\Cycle 192ter\exp_3-16-14\rawdata\sc\rocking.sc	 DONE
31/08/2023 05:54:07:	create file	D:\data\Cycle 192ter\exp_3-16-14\rawdata\sc\rocking_31Aug0554.dat	 DONE
room to enter remarks DONE
31/08/2023 05:54:08:	move motor	S18.axis2.piezo rotation to 0.146300deg	 DONE
31/08/2023 05:54:12:	1	count	time	5.000000s/cts	O Det=7	H Det=122	Mon Det=32159	Aux Det=8	O+H=137	 DONE
31/08/2023 05:54:20:	move motor	S18.axis2.piezo rotation to 0.146350deg	 DONE
31/08/2023 05:54:23:	2	count	time	5.000000s/cts	O Det=6	H Det=129	Mon Det=31942	Aux Det=14	O+H=149	 DONE
31/08/2023 05:54:30:	move motor	S18.axis2.piezo rotation to 0.146400deg	 DONE
31/08/2023 05:54:34:	3	count	time	5.000000s/cts	O Det=9	H Det=114	Mon Det=32106	Aux Det=19	O+H=142	 DONE
31/08/2023 05:54:41:	move motor	S18.axis2.piezo rotation to 0.146450deg	 DONE
31/08/2023 05:54:45:	4	count	time	5.000000s/cts	O Det=10	H Det=156	Mon Det=32280	Aux Det=14	O+H=180	 DONE
31/08/2023 05:54:52:	move motor	S18.axis2.piezo rotation to 0.146500deg	 DONE
31/08/2023 05:54:56:	5	count	time	5.000000s/cts	O Det=7	H Det=154	Mon Det=31852	Aux Det=29	O+H=190	 DONE
31/08/2023 05:55:03:	move motor	S18.axis2.piezo rotation to 0.146550deg	 DONE
31/08/2023 05:55:07:	6	count	time	5.000000s/cts	O Det=11	H Det=177	Mon Det=31678	Aux Det=27	O+H=215	 DONE
31/08/2023 05:55:14:	move motor	S18.axis2.piezo rotation to 0.146600deg	 DONE
31/08/2023 05:55:17:	7	count	time	5.000000s/cts	O Det=10	H Det=217	Mon Det=31686	Aux Det=46	O+H=273	 DONE
31/08/2023 05:55:25:	move motor	S18.axis2.piezo rotation to 0.146650deg	 DONE
31/08/2023 05:55:28:	8	count	time	5.000000s/cts	O Det=22	H Det=234	Mon Det=31872	Aux Det=43	O+H=299	 DONE
31/08/2023 05:55:36:	move motor	S18.axis2.piezo rotation to 0.146700deg	 DONE
31/08/2023 05:55:40:	9	count	time	5.000000s/cts	O Det=24	H Det=288	Mon Det=32114	Aux Det=44	O+H=356	 DONE
31/08/2023 05:55:47:	move motor	S18.axis2.piezo rotation to 0.146750deg	 DONE
31/08/2023 05:55:51:	10	count	time	5.000000s/cts	O Det=36	H Det=318	Mon Det=32593	Aux Det=82	O+H=436	 DONE
31/08/2023 05:55:58:	move motor	S18.axis2.piezo rotation to 0.146800deg	 DONE
31/08/2023 05:56:02:	11	count	time	5.000000s/cts	O Det=51	H Det=331	Mon Det=32344	Aux Det=101	O+H=483	 DONE
31/08/2023 05:56:09:	move motor	S18.axis2.piezo rotation to 0.146850deg	 DONE
31/08/2023 05:56:13:	12	count	time	5.000000s/cts	O Det=79	H Det=408	Mon Det=32027	Aux Det=151	O+H=638	 DONE
31/08/2023 05:56:20:	move motor	S18.axis2.piezo rotation to 0.146900deg	 DONE
31/08/2023 05:56:24:	13	count	time	5.000000s/cts	O Det=84	H Det=472	Mon Det=31823	Aux Det=221	O+H=777	 DONE
31/08/2023 05:56:31:	move motor	S18.axis2.piezo rotation to 0.146950deg	 DONE
31/08/2023 05:56:34:	14	count	time	5.000000s/cts	O Det=107	H Det=536	Mon Det=31760	Aux Det=297	O+H=940	 DONE
31/08/2023 05:56:42:	move motor	S18.axis2.piezo rotation to 0.147000deg	 DONE
31/08/2023 05:56:46:	15	count	time	5.000000s/cts	O Det=133	H Det=625	Mon Det=32037	Aux Det=363	O+H=1121	 DONE
31/08/2023 05:56:53:	move motor	S18.axis2.piezo rotation to 0.147050deg	 DONE
31/08/2023 05:56:56:	16	count	time	5.000000s/cts	O Det=166	H Det=649	Mon Det=31352	Aux Det=402	O+H=1217	 DONE
31/08/2023 05:57:04:	move motor	S18.axis2.piezo rotation to 0.147100deg	 DONE
31/08/2023 05:57:07:	17	count	time	5.000000s/cts	O Det=182	H Det=673	Mon Det=31721	Aux Det=530	O+H=1385	 DONE
31/08/2023 05:57:15:	move motor	S18.axis2.piezo rotation to 0.147150deg	 DONE
31/08/2023 05:57:18:	18	count	time	5.000000s/cts	O Det=189	H Det=687	Mon Det=31473	Aux Det=526	O+H=1402	 DONE
31/08/2023 05:57:26:	move motor	S18.axis2.piezo rotation to 0.147200deg	 DONE
31/08/2023 05:57:29:	19	count	time	5.000000s/cts	O Det=187	H Det=656	Mon Det=32228	Aux Det=567	O+H=1410	 DONE
31/08/2023 05:57:37:	move motor	S18.axis2.piezo rotation to 0.147250deg	 DONE
31/08/2023 05:57:40:	20	count	time	5.000000s/cts	O Det=181	H Det=679	Mon Det=31610	Aux Det=566	O+H=1426	 DONE
31/08/2023 05:57:48:	move motor	S18.axis2.piezo rotation to 0.147300deg	 DONE
31/08/2023 05:57:51:	21	count	time	5.000000s/cts	O Det=178	H Det=544	Mon Det=31572	Aux Det=515	O+H=1237	 DONE
31/08/2023 05:57:59:	move motor	S18.axis2.piezo rotation to 0.147350deg	 DONE
31/08/2023 05:58:02:	22	count	time	5.000000s/cts	O Det=151	H Det=559	Mon Det=31726	Aux Det=503	O+H=1213	 DONE
31/08/2023 05:58:10:	move motor	S18.axis2.piezo rotation to 0.147400deg	 DONE
31/08/2023 05:58:13:	23	count	time	5.000000s/cts	O Det=109	H Det=464	Mon Det=31454	Aux Det=350	O+H=923	 DONE
31/08/2023 05:58:21:	move motor	S18.axis2.piezo rotation to 0.147450deg	 DONE
31/08/2023 05:58:24:	24	count	time	5.000000s/cts	O Det=98	H Det=420	Mon Det=32121	Aux Det=290	O+H=808	 DONE
31/08/2023 05:58:32:	move motor	S18.axis2.piezo rotation to 0.147500deg	 DONE
31/08/2023 05:58:35:	25	count	time	5.000000s/cts	O Det=64	H Det=452	Mon Det=31926	Aux Det=204	O+H=720	 DONE
31/08/2023 05:58:43:	move motor	S18.axis2.piezo rotation to 0.147550deg	 DONE
31/08/2023 05:58:46:	26	count	time	5.000000s/cts	O Det=56	H Det=447	Mon Det=32007	Aux Det=154	O+H=657	 DONE
31/08/2023 05:58:54:	move motor	S18.axis2.piezo rotation to 0.147600deg	 DONE
31/08/2023 05:58:57:	27	count	time	5.000000s/cts	O Det=32	H Det=403	Mon Det=32057	Aux Det=114	O+H=549	 DONE
31/08/2023 05:59:04:	move motor	S18.axis2.piezo rotation to 0.147650deg	 DONE
31/08/2023 05:59:08:	28	count	time	5.000000s/cts	O Det=22	H Det=335	Mon Det=32014	Aux Det=85	O+H=442	 DONE
31/08/2023 05:59:15:	move motor	S18.axis2.piezo rotation to 0.147700deg	 DONE
31/08/2023 05:59:18:	29	count	time	5.000000s/cts	O Det=20	H Det=333	Mon Det=31857	Aux Det=54	O+H=407	 DONE
31/08/2023 05:59:26:	move motor	S18.axis2.piezo rotation to 0.147750deg	 DONE
31/08/2023 05:59:30:	30	count	time	5.000000s/cts	O Det=19	H Det=271	Mon Det=31766	Aux Det=48	O+H=338	 DONE
31/08/2023 05:59:37:	move motor	S18.axis2.piezo rotation to 0.147800deg	 DONE
31/08/2023 05:59:40:	31	count	time	5.000000s/cts	O Det=25	H Det=306	Mon Det=31705	Aux Det=44	O+H=375	 DONE
31/08/2023 05:59:48:	move motor	S18.axis2.piezo rotation to 0.147850deg	 DONE
31/08/2023 05:59:51:	32	count	time	5.000000s/cts	O Det=19	H Det=380	Mon Det=32022	Aux Det=41	O+H=440	 DONE
31/08/2023 05:59:59:	move motor	S18.axis2.piezo rotation to 0.147900deg	 DONE
31/08/2023 06:00:02:	33	count	time	5.000000s/cts	O Det=17	H Det=354	Mon Det=31854	Aux Det=48	O+H=419	 DONE
31/08/2023 06:00:10:	move motor	S18.axis2.piezo rotation to 0.147950deg	 DONE
31/08/2023 06:00:13:	34	count	time	5.000000s/cts	O Det=19	H Det=350	Mon Det=32230	Aux Det=50	O+H=419	 DONE
31/08/2023 06:00:21:	move motor	S18.axis2.piezo rotation to 0.148000deg	 DONE
31/08/2023 06:00:24:	35	count	time	5.000000s/cts	O Det=14	H Det=378	Mon Det=32180	Aux Det=61	O+H=453	 DONE
31/08/2023 06:00:32:	move motor	S18.axis2.piezo rotation to 0.148050deg	 DONE
31/08/2023 06:00:35:	36	count	time	5.000000s/cts	O Det=14	H Det=394	Mon Det=31789	Aux Det=65	O+H=473	 DONE
31/08/2023 06:00:43:	move motor	S18.axis2.piezo rotation to 0.148100deg	 DONE
31/08/2023 06:00:46:	37	count	time	5.000000s/cts	O Det=30	H Det=410	Mon Det=31560	Aux Det=99	O+H=539	 DONE
31/08/2023 06:00:54:	move motor	S18.axis2.piezo rotation to 0.148150deg	 DONE
31/08/2023 06:00:57:	38	count	time	5.000000s/cts	O Det=48	H Det=448	Mon Det=32110	Aux Det=143	O+H=639	 DONE
31/08/2023 06:01:05:	move motor	S18.axis2.piezo rotation to 0.148200deg	 DONE
31/08/2023 06:01:08:	39	count	time	5.000000s/cts	O Det=54	H Det=549	Mon Det=31903	Aux Det=202	O+H=805	 DONE
31/08/2023 06:01:16:	move motor	S18.axis2.piezo rotation to 0.148250deg	 DONE
31/08/2023 06:01:19:	40	count	time	5.000000s/cts	O Det=86	H Det=525	Mon Det=31841	Aux Det=275	O+H=886	 DONE
31/08/2023 06:01:27:	move motor	S18.axis2.piezo rotation to 0.148300deg	 DONE
31/08/2023 06:01:30:	41	count	time	5.000000s/cts	O Det=106	H Det=620	Mon Det=31694	Aux Det=400	O+H=1126	 DONE
31/08/2023 06:01:38:	close file and end scan	 DONE
31/08/2023 06:01:38:	move motor	S18.axis2.piezo rotation to fit AUX PEAK65	0.148300reached 0.14831  DONE
31/08/2023 06:01:40:	END OF SCRIPT	 DONE
