30/08/2023 11:32:36:	start execution of script D:\data\Cycle 192ter\exp_3-16-14\rawdata\sc\rocking.sc	 DONE
30/08/2023 11:32:36:	create file	D:\data\Cycle 192ter\exp_3-16-14\rawdata\sc\rocking_30Aug1132.dat	 DONE
room to enter remarks DONE
30/08/2023 11:32:37:	move motor	S18.axis2.piezo rotation to 0.146300deg	 DONE
30/08/2023 11:32:41:	1	count	time	5.000000s/cts	O Det=3	H Det=114	Mon Det=32289	Aux Det=7	O+H=124	 DONE
30/08/2023 11:32:49:	move motor	S18.axis2.piezo rotation to 0.146350deg	 DONE
30/08/2023 11:32:52:	2	count	time	5.000000s/cts	O Det=3	H Det=129	Mon Det=32497	Aux Det=7	O+H=139	 DONE
30/08/2023 11:32:59:	move motor	S18.axis2.piezo rotation to 0.146400deg	 DONE
30/08/2023 11:33:03:	3	count	time	5.000000s/cts	O Det=2	H Det=143	Mon Det=32195	Aux Det=9	O+H=154	 DONE
30/08/2023 11:33:11:	move motor	S18.axis2.piezo rotation to 0.146450deg	 DONE
30/08/2023 11:33:14:	4	count	time	5.000000s/cts	O Det=5	H Det=165	Mon Det=31673	Aux Det=12	O+H=182	 DONE
30/08/2023 11:33:22:	move motor	S18.axis2.piezo rotation to 0.146500deg	 DONE
30/08/2023 11:33:25:	5	count	time	5.000000s/cts	O Det=3	H Det=199	Mon Det=31550	Aux Det=10	O+H=212	 DONE
30/08/2023 11:33:33:	move motor	S18.axis2.piezo rotation to 0.146550deg	 DONE
30/08/2023 11:33:36:	6	count	time	5.000000s/cts	O Det=1	H Det=187	Mon Det=31143	Aux Det=12	O+H=200	 DONE
30/08/2023 11:33:44:	move motor	S18.axis2.piezo rotation to 0.146600deg	 DONE
30/08/2023 11:33:47:	7	count	time	5.000000s/cts	O Det=4	H Det=243	Mon Det=31131	Aux Det=5	O+H=252	 DONE
30/08/2023 11:33:55:	move motor	S18.axis2.piezo rotation to 0.146650deg	 DONE
30/08/2023 11:33:58:	8	count	time	5.000000s/cts	O Det=6	H Det=320	Mon Det=31598	Aux Det=21	O+H=347	 DONE
30/08/2023 11:34:06:	move motor	S18.axis2.piezo rotation to 0.146700deg	 DONE
30/08/2023 11:34:09:	9	count	time	5.000000s/cts	O Det=10	H Det=332	Mon Det=31609	Aux Det=21	O+H=363	 DONE
30/08/2023 11:34:17:	move motor	S18.axis2.piezo rotation to 0.146750deg	 DONE
30/08/2023 11:34:20:	10	count	time	5.000000s/cts	O Det=16	H Det=388	Mon Det=31377	Aux Det=20	O+H=424	 DONE
30/08/2023 11:34:28:	move motor	S18.axis2.piezo rotation to 0.146800deg	 DONE
30/08/2023 11:34:31:	11	count	time	5.000000s/cts	O Det=24	H Det=434	Mon Det=31540	Aux Det=23	O+H=481	 DONE
30/08/2023 11:34:39:	move motor	S18.axis2.piezo rotation to 0.146850deg	 DONE
30/08/2023 11:34:42:	12	count	time	5.000000s/cts	O Det=29	H Det=602	Mon Det=31213	Aux Det=45	O+H=676	 DONE
30/08/2023 11:34:50:	move motor	S18.axis2.piezo rotation to 0.146900deg	 DONE
30/08/2023 11:34:53:	13	count	time	5.000000s/cts	O Det=18	H Det=575	Mon Det=30859	Aux Det=49	O+H=642	 DONE
30/08/2023 11:35:01:	move motor	S18.axis2.piezo rotation to 0.146950deg	 DONE
30/08/2023 11:35:04:	14	count	time	5.000000s/cts	O Det=31	H Det=817	Mon Det=31602	Aux Det=57	O+H=905	 DONE
30/08/2023 11:35:12:	move motor	S18.axis2.piezo rotation to 0.147000deg	 DONE
30/08/2023 11:35:16:	15	count	time	5.000000s/cts	O Det=53	H Det=893	Mon Det=31392	Aux Det=79	O+H=1025	 DONE
30/08/2023 11:35:23:	move motor	S18.axis2.piezo rotation to 0.147050deg	 DONE
30/08/2023 11:35:26:	16	count	time	5.000000s/cts	O Det=54	H Det=999	Mon Det=31567	Aux Det=130	O+H=1183	 DONE
30/08/2023 11:35:34:	move motor	S18.axis2.piezo rotation to 0.147100deg	 DONE
30/08/2023 11:35:37:	17	count	time	5.000000s/cts	O Det=60	H Det=1146	Mon Det=31201	Aux Det=119	O+H=1325	 DONE
30/08/2023 11:35:45:	move motor	S18.axis2.piezo rotation to 0.147150deg	 DONE
30/08/2023 11:35:48:	18	count	time	5.000000s/cts	O Det=77	H Det=1287	Mon Det=31263	Aux Det=172	O+H=1536	 DONE
30/08/2023 11:35:56:	move motor	S18.axis2.piezo rotation to 0.147200deg	 DONE
30/08/2023 11:35:59:	19	count	time	5.000000s/cts	O Det=65	H Det=1330	Mon Det=31448	Aux Det=126	O+H=1521	 DONE
30/08/2023 11:36:07:	move motor	S18.axis2.piezo rotation to 0.147250deg	 DONE
30/08/2023 11:36:10:	20	count	time	5.000000s/cts	O Det=81	H Det=1224	Mon Det=31241	Aux Det=202	O+H=1507	 DONE
30/08/2023 11:36:18:	move motor	S18.axis2.piezo rotation to 0.147300deg	 DONE
30/08/2023 11:36:21:	21	count	time	5.000000s/cts	O Det=59	H Det=1193	Mon Det=31308	Aux Det=154	O+H=1406	 DONE
30/08/2023 11:36:29:	move motor	S18.axis2.piezo rotation to 0.147350deg	 DONE
30/08/2023 11:36:32:	22	count	time	5.000000s/cts	O Det=47	H Det=1021	Mon Det=31740	Aux Det=142	O+H=1210	 DONE
30/08/2023 11:36:40:	move motor	S18.axis2.piezo rotation to 0.147400deg	 DONE
30/08/2023 11:36:43:	23	count	time	5.000000s/cts	O Det=48	H Det=953	Mon Det=31231	Aux Det=109	O+H=1110	 DONE
30/08/2023 11:36:51:	move motor	S18.axis2.piezo rotation to 0.147450deg	 DONE
30/08/2023 11:36:54:	24	count	time	5.000000s/cts	O Det=31	H Det=782	Mon Det=32219	Aux Det=78	O+H=891	 DONE
30/08/2023 11:37:02:	move motor	S18.axis2.piezo rotation to 0.147500deg	 DONE
30/08/2023 11:37:05:	25	count	time	5.000000s/cts	O Det=24	H Det=683	Mon Det=31809	Aux Det=72	O+H=779	 DONE
30/08/2023 11:37:13:	move motor	S18.axis2.piezo rotation to 0.147550deg	 DONE
30/08/2023 11:37:16:	26	count	time	5.000000s/cts	O Det=31	H Det=701	Mon Det=32147	Aux Det=43	O+H=775	 DONE
30/08/2023 11:37:23:	move motor	S18.axis2.piezo rotation to 0.147600deg	 DONE
30/08/2023 11:37:27:	27	count	time	5.000000s/cts	O Det=17	H Det=511	Mon Det=31792	Aux Det=41	O+H=569	 DONE
30/08/2023 11:37:35:	move motor	S18.axis2.piezo rotation to 0.147650deg	 DONE
30/08/2023 11:37:38:	28	count	time	5.000000s/cts	O Det=14	H Det=394	Mon Det=31977	Aux Det=33	O+H=441	 DONE
30/08/2023 11:37:46:	move motor	S18.axis2.piezo rotation to 0.147700deg	 DONE
30/08/2023 11:37:49:	29	count	time	5.000000s/cts	O Det=9	H Det=369	Mon Det=32109	Aux Det=25	O+H=403	 DONE
30/08/2023 11:37:56:	move motor	S18.axis2.piezo rotation to 0.147750deg	 DONE
30/08/2023 11:38:00:	30	count	time	5.000000s/cts	O Det=5	H Det=342	Mon Det=32790	Aux Det=19	O+H=366	 DONE
30/08/2023 11:38:07:	move motor	S18.axis2.piezo rotation to 0.147800deg	 DONE
30/08/2023 11:38:11:	31	count	time	5.000000s/cts	O Det=6	H Det=350	Mon Det=31592	Aux Det=21	O+H=377	 DONE
30/08/2023 11:38:18:	move motor	S18.axis2.piezo rotation to 0.147850deg	 DONE
30/08/2023 11:38:21:	32	count	time	5.000000s/cts	O Det=14	H Det=391	Mon Det=31467	Aux Det=12	O+H=417	 DONE
30/08/2023 11:38:29:	move motor	S18.axis2.piezo rotation to 0.147900deg	 DONE
30/08/2023 11:38:33:	33	count	time	5.000000s/cts	O Det=11	H Det=383	Mon Det=31839	Aux Det=31	O+H=425	 DONE
30/08/2023 11:38:40:	move motor	S18.axis2.piezo rotation to 0.147950deg	 DONE
30/08/2023 11:38:44:	34	count	time	5.000000s/cts	O Det=13	H Det=403	Mon Det=31826	Aux Det=27	O+H=443	 DONE
30/08/2023 11:38:51:	move motor	S18.axis2.piezo rotation to 0.148000deg	 DONE
30/08/2023 11:38:55:	35	count	time	5.000000s/cts	O Det=10	H Det=395	Mon Det=32201	Aux Det=19	O+H=424	 DONE
30/08/2023 11:39:02:	move motor	S18.axis2.piezo rotation to 0.148050deg	 DONE
30/08/2023 11:39:06:	36	count	time	5.000000s/cts	O Det=13	H Det=466	Mon Det=31789	Aux Det=22	O+H=501	 DONE
30/08/2023 11:39:13:	move motor	S18.axis2.piezo rotation to 0.148100deg	 DONE
30/08/2023 11:39:16:	37	count	time	5.000000s/cts	O Det=13	H Det=446	Mon Det=31498	Aux Det=30	O+H=489	 DONE
30/08/2023 11:39:24:	move motor	S18.axis2.piezo rotation to 0.148150deg	 DONE
30/08/2023 11:39:27:	38	count	time	5.000000s/cts	O Det=15	H Det=564	Mon Det=31863	Aux Det=42	O+H=621	 DONE
30/08/2023 11:39:35:	move motor	S18.axis2.piezo rotation to 0.148200deg	 DONE
30/08/2023 11:39:38:	39	count	time	5.000000s/cts	O Det=27	H Det=658	Mon Det=32329	Aux Det=60	O+H=745	 DONE
30/08/2023 11:39:46:	move motor	S18.axis2.piezo rotation to 0.148250deg	 DONE
30/08/2023 11:39:49:	40	count	time	5.000000s/cts	O Det=36	H Det=745	Mon Det=31801	Aux Det=82	O+H=863	 DONE
30/08/2023 11:39:57:	move motor	S18.axis2.piezo rotation to 0.148300deg	 DONE
30/08/2023 11:40:00:	41	count	time	5.000000s/cts	O Det=47	H Det=983	Mon Det=30583	Aux Det=98	O+H=1128	 DONE
30/08/2023 11:40:08:	close file and end scan	 DONE
30/08/2023 11:40:09:	move motor	S18.axis2.piezo rotation to fit AUX PEAK65	NaNreached 0.14830  DONE
30/08/2023 11:40:14:	END OF SCRIPT	 DONE
