29/09/2023 20:18:54:	start execution of script D:\data\Cycle 192ter\exp_3-16-14\rawdata\sc\rockingCamQuick.sc	 DONE
29/09/2023 20:18:54:	COUNT MODE	Camera DONE
29/09/2023 20:18:55:	create file	D:\data\Cycle 192ter\exp_3-16-14\rawdata\polarizertest\rockingCam_29Sep2018.dat	 DONE
room to enter remarks DONE
29/09/2023 20:18:56:	move motor	S18.axis2.piezo rotation to 0.146600deg	 DONE
29/09/2023 20:19:00:	1	count	time	60.000000s/cts	O Det=1836	H Det=65	Mon Det=427114	Aux Det=747	O+H=1901	 DONE
29/09/2023 20:20:22:	move motor	S18.axis2.piezo rotation to 0.146700deg	 DONE
29/09/2023 20:20:25:	2	count	time	60.000000s/cts	O Det=2563	H Det=103	Mon Det=426227	Aux Det=1302	O+H=2666	 DONE
29/09/2023 20:21:30:	move motor	S18.axis2.piezo rotation to 0.146800deg	 DONE
29/09/2023 20:21:33:	3	count	time	60.000000s/cts	O Det=3670	H Det=133	Mon Det=426223	Aux Det=2500	O+H=3803	 DONE
29/09/2023 20:22:38:	move motor	S18.axis2.piezo rotation to 0.146900deg	 DONE
29/09/2023 20:22:42:	4	count	time	60.000000s/cts	O Det=5387	H Det=197	Mon Det=424223	Aux Det=3205	O+H=5584	 DONE
29/09/2023 20:23:47:	move motor	S18.axis2.piezo rotation to 0.147000deg	 DONE
29/09/2023 20:23:50:	5	count	time	60.000000s/cts	O Det=7344	H Det=262	Mon Det=426507	Aux Det=3453	O+H=7606	 DONE
29/09/2023 20:24:55:	move motor	S18.axis2.piezo rotation to 0.147100deg	 DONE
29/09/2023 20:24:58:	6	count	time	60.000000s/cts	O Det=7993	H Det=283	Mon Det=425836	Aux Det=3008	O+H=8276	 DONE
29/09/2023 20:26:03:	move motor	S18.axis2.piezo rotation to 0.147200deg	 DONE
29/09/2023 20:26:06:	7	count	time	60.000000s/cts	O Det=7480	H Det=248	Mon Det=426580	Aux Det=2355	O+H=7728	 DONE
29/09/2023 20:27:11:	move motor	S18.axis2.piezo rotation to 0.147300deg	 DONE
29/09/2023 20:27:14:	8	count	time	60.000000s/cts	O Det=5783	H Det=219	Mon Det=426162	Aux Det=1610	O+H=6002	 DONE
29/09/2023 20:28:19:	move motor	S18.axis2.piezo rotation to 0.147400deg	 DONE
29/09/2023 20:28:23:	9	count	time	60.000000s/cts	O Det=4354	H Det=261	Mon Det=425650	Aux Det=1237	O+H=4615	 DONE
29/09/2023 20:29:28:	move motor	S18.axis2.piezo rotation to 0.147500deg	 DONE
29/09/2023 20:29:31:	10	count	time	60.000000s/cts	O Det=3099	H Det=280	Mon Det=426547	Aux Det=614	O+H=3379	 DONE
29/09/2023 20:30:36:	move motor	S18.axis2.piezo rotation to 0.147600deg	 DONE
29/09/2023 20:30:39:	11	count	time	60.000000s/cts	O Det=2370	H Det=149	Mon Det=427435	Aux Det=318	O+H=2519	 DONE
29/09/2023 20:31:44:	move motor	S18.axis2.piezo rotation to 0.147700deg	 DONE
29/09/2023 20:31:47:	12	count	time	60.000000s/cts	O Det=1969	H Det=181	Mon Det=427524	Aux Det=286	O+H=2150	 DONE
29/09/2023 20:32:52:	move motor	S18.axis2.piezo rotation to 0.147800deg	 DONE
29/09/2023 20:32:56:	13	count	time	60.000000s/cts	O Det=2244	H Det=275	Mon Det=428420	Aux Det=549	O+H=2519	 DONE
29/09/2023 20:34:01:	move motor	S18.axis2.piezo rotation to 0.147900deg	 DONE
29/09/2023 20:34:04:	14	count	time	60.000000s/cts	O Det=2256	H Det=143	Mon Det=427199	Aux Det=347	O+H=2399	 DONE
29/09/2023 20:35:10:	move motor	S18.axis2.piezo rotation to 0.148000deg	 DONE
29/09/2023 20:35:14:	15	count	time	60.000000s/cts	O Det=2883	H Det=95	Mon Det=427073	Aux Det=451	O+H=2978	 DONE
29/09/2023 20:36:19:	move motor	S18.axis2.piezo rotation to 0.148100deg	 DONE
29/09/2023 20:36:22:	16	count	time	60.000000s/cts	O Det=3931	H Det=161	Mon Det=427842	Aux Det=845	O+H=4092	 DONE
29/09/2023 20:37:28:	move motor	S18.axis2.piezo rotation to 0.148200deg	 DONE
29/09/2023 20:37:31:	17	count	time	60.000000s/cts	O Det=5613	H Det=215	Mon Det=426432	Aux Det=1780	O+H=5828	 DONE
29/09/2023 20:38:36:	move motor	S18.axis2.piezo rotation to 0.148300deg	 DONE
29/09/2023 20:38:39:	18	count	time	60.000000s/cts	O Det=7311	H Det=257	Mon Det=428045	Aux Det=2665	O+H=7568	 DONE
29/09/2023 20:39:45:	move motor	S18.axis2.piezo rotation to 0.148400deg	 DONE
29/09/2023 20:39:48:	19	count	time	60.000000s/cts	O Det=7933	H Det=264	Mon Det=424807	Aux Det=2919	O+H=8197	 DONE
29/09/2023 20:40:53:	move motor	S18.axis2.piezo rotation to 0.148500deg	 DONE
29/09/2023 20:40:57:	20	count	time	60.000000s/cts	O Det=7253	H Det=235	Mon Det=426977	Aux Det=2881	O+H=7488	 DONE
29/09/2023 20:42:02:	move motor	S18.axis2.piezo rotation to 0.148600deg	 DONE
29/09/2023 20:42:05:	21	count	time	60.000000s/cts	O Det=5346	H Det=186	Mon Det=426689	Aux Det=2275	O+H=5532	 DONE
29/09/2023 20:43:10:	move motor	S18.axis2.piezo rotation to 0.148700deg	 DONE
29/09/2023 20:43:13:	22	count	time	60.000000s/cts	O Det=3628	H Det=120	Mon Det=425117	Aux Det=1686	O+H=3748	 DONE
29/09/2023 20:44:19:	move motor	S18.axis2.piezo rotation to 0.148800deg	 DONE
29/09/2023 20:44:22:	23	count	time	60.000000s/cts	O Det=2344	H Det=87	Mon Det=427545	Aux Det=1023	O+H=2431	 DONE
29/09/2023 20:45:27:	move motor	S18.axis2.piezo rotation to 0.148900deg	 DONE
29/09/2023 20:45:30:	24	count	time	60.000000s/cts	O Det=1659	H Det=53	Mon Det=425944	Aux Det=479	O+H=1712	 DONE
29/09/2023 20:46:35:	move motor	S18.axis2.piezo rotation to 0.149000deg	 DONE
29/09/2023 20:46:39:	25	count	time	60.000000s/cts	O Det=1192	H Det=56	Mon Det=427675	Aux Det=262	O+H=1248	 DONE
29/09/2023 20:47:44:	COUNT MODE	standard DONE
29/09/2023 20:47:44:	close file and end scan	saving D:\data\Cycle 192ter\exp_3-16-14\rawdata\polarizertest\rockingCam_29Sep2018.tif  DONE
29/09/2023 20:47:45:	END OF SCRIPT	 DONE
