14/09/2023 16:42:32:	start execution of script D:\data\Cycle 192ter\exp_3-16-14\rawdata\sc\rockingR.sc	 DONE
14/09/2023 16:42:33:	create file	D:\data\Cycle 192ter\exp_3-16-14\rawdata\sc\rocking_14Sep1642.dat	 DONE
room to enter remarks DONE
14/09/2023 16:42:34:	move motor	S18.axis2.piezo rotation to 0.146500deg	 DONE
14/09/2023 16:42:38:	1	count	time	5.000000s/cts	O Det=1	H Det=96	Mon Det=34389	Aux Det=5	O+H=97	 DONE
14/09/2023 16:42:46:	move motor	S18.axis2.piezo rotation to 0.146550deg	 DONE
14/09/2023 16:42:49:	2	count	time	5.000000s/cts	O Det=4	H Det=89	Mon Det=34271	Aux Det=10	O+H=93	 DONE
14/09/2023 16:42:57:	move motor	S18.axis2.piezo rotation to 0.146600deg	 DONE
14/09/2023 16:43:00:	3	count	time	5.000000s/cts	O Det=3	H Det=105	Mon Det=34678	Aux Det=16	O+H=108	 DONE
14/09/2023 16:43:08:	move motor	S18.axis2.piezo rotation to 0.146650deg	 DONE
14/09/2023 16:43:11:	4	count	time	5.000000s/cts	O Det=2	H Det=124	Mon Det=34244	Aux Det=8	O+H=126	 DONE
14/09/2023 16:43:19:	move motor	S18.axis2.piezo rotation to 0.146700deg	 DONE
14/09/2023 16:43:22:	5	count	time	5.000000s/cts	O Det=1	H Det=142	Mon Det=34558	Aux Det=16	O+H=143	 DONE
14/09/2023 16:43:30:	move motor	S18.axis2.piezo rotation to 0.146750deg	 DONE
14/09/2023 16:43:33:	6	count	time	5.000000s/cts	O Det=4	H Det=131	Mon Det=34447	Aux Det=11	O+H=135	 DONE
14/09/2023 16:43:41:	move motor	S18.axis2.piezo rotation to 0.146800deg	 DONE
14/09/2023 16:43:44:	7	count	time	5.000000s/cts	O Det=9	H Det=168	Mon Det=34855	Aux Det=15	O+H=177	 DONE
14/09/2023 16:43:51:	move motor	S18.axis2.piezo rotation to 0.146850deg	 DONE
14/09/2023 16:43:55:	8	count	time	5.000000s/cts	O Det=8	H Det=203	Mon Det=34278	Aux Det=19	O+H=211	 DONE
14/09/2023 16:44:02:	move motor	S18.axis2.piezo rotation to 0.146900deg	 DONE
14/09/2023 16:44:06:	9	count	time	5.000000s/cts	O Det=8	H Det=204	Mon Det=34024	Aux Det=31	O+H=212	 DONE
14/09/2023 16:44:14:	move motor	S18.axis2.piezo rotation to 0.146950deg	 DONE
14/09/2023 16:44:18:	10	count	time	5.000000s/cts	O Det=16	H Det=240	Mon Det=34093	Aux Det=40	O+H=256	 DONE
14/09/2023 16:44:25:	move motor	S18.axis2.piezo rotation to 0.147000deg	 DONE
14/09/2023 16:44:28:	11	count	time	5.000000s/cts	O Det=9	H Det=261	Mon Det=34570	Aux Det=54	O+H=270	 DONE
14/09/2023 16:44:36:	move motor	S18.axis2.piezo rotation to 0.147050deg	 DONE
14/09/2023 16:44:39:	12	count	time	5.000000s/cts	O Det=27	H Det=365	Mon Det=34503	Aux Det=59	O+H=392	 DONE
14/09/2023 16:44:47:	move motor	S18.axis2.piezo rotation to 0.147100deg	 DONE
14/09/2023 16:44:51:	13	count	time	5.000000s/cts	O Det=29	H Det=417	Mon Det=34229	Aux Det=79	O+H=446	 DONE
14/09/2023 16:44:58:	move motor	S18.axis2.piezo rotation to 0.147150deg	 DONE
14/09/2023 16:45:01:	14	count	time	5.000000s/cts	O Det=46	H Det=423	Mon Det=34416	Aux Det=114	O+H=469	 DONE
14/09/2023 16:45:09:	move motor	S18.axis2.piezo rotation to 0.147200deg	 DONE
14/09/2023 16:45:12:	15	count	time	5.000000s/cts	O Det=59	H Det=463	Mon Det=34558	Aux Det=182	O+H=522	 DONE
14/09/2023 16:45:20:	move motor	S18.axis2.piezo rotation to 0.147250deg	 DONE
14/09/2023 16:45:23:	16	count	time	5.000000s/cts	O Det=86	H Det=565	Mon Det=34417	Aux Det=252	O+H=651	 DONE
14/09/2023 16:45:31:	move motor	S18.axis2.piezo rotation to 0.147300deg	 DONE
14/09/2023 16:45:34:	17	count	time	5.000000s/cts	O Det=89	H Det=658	Mon Det=33602	Aux Det=291	O+H=747	 DONE
14/09/2023 16:45:42:	move motor	S18.axis2.piezo rotation to 0.147350deg	 DONE
14/09/2023 16:45:45:	18	count	time	5.000000s/cts	O Det=120	H Det=688	Mon Det=34227	Aux Det=406	O+H=808	 DONE
14/09/2023 16:45:53:	move motor	S18.axis2.piezo rotation to 0.147400deg	 DONE
14/09/2023 16:45:56:	19	count	time	5.000000s/cts	O Det=141	H Det=809	Mon Det=34129	Aux Det=473	O+H=950	 DONE
14/09/2023 16:46:04:	move motor	S18.axis2.piezo rotation to 0.147450deg	 DONE
14/09/2023 16:46:07:	20	count	time	5.000000s/cts	O Det=184	H Det=765	Mon Det=34014	Aux Det=562	O+H=949	 DONE
14/09/2023 16:46:15:	move motor	S18.axis2.piezo rotation to 0.147500deg	 DONE
14/09/2023 16:46:18:	21	count	time	5.000000s/cts	O Det=197	H Det=773	Mon Det=34146	Aux Det=587	O+H=970	 DONE
14/09/2023 16:46:26:	move motor	S18.axis2.piezo rotation to 0.147550deg	 DONE
14/09/2023 16:46:29:	22	count	time	5.000000s/cts	O Det=172	H Det=770	Mon Det=34361	Aux Det=645	O+H=942	 DONE
14/09/2023 16:46:37:	move motor	S18.axis2.piezo rotation to 0.147600deg	 DONE
14/09/2023 16:46:40:	23	count	time	5.000000s/cts	O Det=168	H Det=637	Mon Det=34090	Aux Det=525	O+H=805	 DONE
14/09/2023 16:46:48:	move motor	S18.axis2.piezo rotation to 0.147650deg	 DONE
14/09/2023 16:46:51:	24	count	time	5.000000s/cts	O Det=151	H Det=624	Mon Det=34258	Aux Det=515	O+H=775	 DONE
14/09/2023 16:46:59:	move motor	S18.axis2.piezo rotation to 0.147700deg	 DONE
14/09/2023 16:47:02:	25	count	time	5.000000s/cts	O Det=130	H Det=544	Mon Det=34425	Aux Det=383	O+H=674	 DONE
14/09/2023 16:47:10:	move motor	S18.axis2.piezo rotation to 0.147750deg	 DONE
14/09/2023 16:47:13:	26	count	time	5.000000s/cts	O Det=99	H Det=491	Mon Det=34364	Aux Det=304	O+H=590	 DONE
14/09/2023 16:47:21:	move motor	S18.axis2.piezo rotation to 0.147800deg	 DONE
14/09/2023 16:47:24:	27	count	time	5.000000s/cts	O Det=87	H Det=448	Mon Det=34024	Aux Det=214	O+H=535	 DONE
14/09/2023 16:47:32:	move motor	S18.axis2.piezo rotation to 0.147850deg	 DONE
14/09/2023 16:47:35:	28	count	time	5.000000s/cts	O Det=49	H Det=485	Mon Det=34248	Aux Det=148	O+H=534	 DONE
14/09/2023 16:47:43:	move motor	S18.axis2.piezo rotation to 0.147900deg	 DONE
14/09/2023 16:47:46:	29	count	time	5.000000s/cts	O Det=37	H Det=428	Mon Det=34207	Aux Det=101	O+H=465	 DONE
14/09/2023 16:47:54:	move motor	S18.axis2.piezo rotation to 0.147950deg	 DONE
14/09/2023 16:47:57:	30	count	time	5.000000s/cts	O Det=36	H Det=383	Mon Det=34343	Aux Det=100	O+H=419	 DONE
14/09/2023 16:48:05:	move motor	S18.axis2.piezo rotation to 0.148000deg	 DONE
14/09/2023 16:48:08:	31	count	time	5.000000s/cts	O Det=21	H Det=335	Mon Det=34400	Aux Det=64	O+H=356	 DONE
14/09/2023 16:48:16:	move motor	S18.axis2.piezo rotation to 0.148050deg	 DONE
14/09/2023 16:48:19:	32	count	time	5.000000s/cts	O Det=19	H Det=320	Mon Det=34128	Aux Det=38	O+H=339	 DONE
14/09/2023 16:48:27:	move motor	S18.axis2.piezo rotation to 0.148100deg	 DONE
14/09/2023 16:48:30:	33	count	time	5.000000s/cts	O Det=20	H Det=317	Mon Det=34089	Aux Det=27	O+H=337	 DONE
14/09/2023 16:48:38:	move motor	S18.axis2.piezo rotation to 0.148150deg	 DONE
14/09/2023 16:48:41:	34	count	time	5.000000s/cts	O Det=21	H Det=393	Mon Det=34641	Aux Det=44	O+H=414	 DONE
14/09/2023 16:48:49:	move motor	S18.axis2.piezo rotation to 0.148200deg	 DONE
14/09/2023 16:48:52:	35	count	time	5.000000s/cts	O Det=26	H Det=395	Mon Det=34397	Aux Det=50	O+H=421	 DONE
14/09/2023 16:49:00:	move motor	S18.axis2.piezo rotation to 0.148250deg	 DONE
14/09/2023 16:49:03:	36	count	time	5.000000s/cts	O Det=24	H Det=404	Mon Det=34509	Aux Det=42	O+H=428	 DONE
14/09/2023 16:49:11:	move motor	S18.axis2.piezo rotation to 0.148300deg	 DONE
14/09/2023 16:49:14:	37	count	time	5.000000s/cts	O Det=27	H Det=379	Mon Det=34230	Aux Det=60	O+H=406	 DONE
14/09/2023 16:49:22:	move motor	S18.axis2.piezo rotation to 0.148350deg	 DONE
14/09/2023 16:49:25:	38	count	time	5.000000s/cts	O Det=21	H Det=372	Mon Det=34333	Aux Det=63	O+H=393	 DONE
14/09/2023 16:49:33:	move motor	S18.axis2.piezo rotation to 0.148400deg	 DONE
14/09/2023 16:49:36:	39	count	time	5.000000s/cts	O Det=19	H Det=425	Mon Det=34280	Aux Det=88	O+H=444	 DONE
14/09/2023 16:49:44:	move motor	S18.axis2.piezo rotation to 0.148450deg	 DONE
14/09/2023 16:49:47:	40	count	time	5.000000s/cts	O Det=23	H Det=475	Mon Det=34258	Aux Det=105	O+H=498	 DONE
14/09/2023 16:49:55:	move motor	S18.axis2.piezo rotation to 0.148500deg	 DONE
14/09/2023 16:49:58:	41	count	time	5.000000s/cts	O Det=55	H Det=576	Mon Det=34540	Aux Det=176	O+H=631	 DONE
14/09/2023 16:50:06:	move motor	S18.axis2.piezo rotation to 0.148550deg	 DONE
14/09/2023 16:50:09:	42	count	time	5.000000s/cts	O Det=79	H Det=552	Mon Det=34522	Aux Det=273	O+H=631	 DONE
14/09/2023 16:50:17:	move motor	S18.axis2.piezo rotation to 0.148600deg	 DONE
14/09/2023 16:50:20:	43	count	time	5.000000s/cts	O Det=104	H Det=762	Mon Det=34170	Aux Det=365	O+H=866	 DONE
14/09/2023 16:50:28:	move motor	S18.axis2.piezo rotation to 0.148650deg	 DONE
14/09/2023 16:50:31:	44	count	time	5.000000s/cts	O Det=116	H Det=767	Mon Det=34633	Aux Det=433	O+H=883	 DONE
14/09/2023 16:50:39:	move motor	S18.axis2.piezo rotation to 0.148700deg	 DONE
14/09/2023 16:50:42:	45	count	time	5.000000s/cts	O Det=120	H Det=793	Mon Det=34276	Aux Det=471	O+H=913	 DONE
14/09/2023 16:50:50:	move motor	S18.axis2.piezo rotation to 0.148750deg	 DONE
14/09/2023 16:50:53:	46	count	time	5.000000s/cts	O Det=129	H Det=759	Mon Det=34022	Aux Det=598	O+H=888	 DONE
14/09/2023 16:51:01:	move motor	S18.axis2.piezo rotation to 0.148800deg	 DONE
14/09/2023 16:51:04:	47	count	time	5.000000s/cts	O Det=165	H Det=753	Mon Det=34186	Aux Det=534	O+H=918	 DONE
14/09/2023 16:51:12:	move motor	S18.axis2.piezo rotation to 0.148850deg	 DONE
14/09/2023 16:51:16:	48	count	time	5.000000s/cts	O Det=189	H Det=674	Mon Det=34027	Aux Det=563	O+H=863	 DONE
14/09/2023 16:51:23:	move motor	S18.axis2.piezo rotation to 0.148900deg	 DONE
14/09/2023 16:51:27:	49	count	time	5.000000s/cts	O Det=185	H Det=653	Mon Det=34026	Aux Det=502	O+H=838	 DONE
14/09/2023 16:51:34:	move motor	S18.axis2.piezo rotation to 0.148950deg	 DONE
14/09/2023 16:51:38:	50	count	time	5.000000s/cts	O Det=139	H Det=551	Mon Det=34181	Aux Det=466	O+H=690	 DONE
14/09/2023 16:51:45:	move motor	S18.axis2.piezo rotation to 0.149000deg	 DONE
14/09/2023 16:51:49:	51	count	time	5.000000s/cts	O Det=107	H Det=536	Mon Det=34558	Aux Det=293	O+H=643	 DONE
14/09/2023 16:51:56:	move motor	S18.axis2.piezo rotation to 0.149050deg	 DONE
14/09/2023 16:52:00:	52	count	time	5.000000s/cts	O Det=103	H Det=460	Mon Det=34038	Aux Det=297	O+H=563	 DONE
14/09/2023 16:52:07:	move motor	S18.axis2.piezo rotation to 0.149100deg	 DONE
14/09/2023 16:52:11:	53	count	time	5.000000s/cts	O Det=89	H Det=374	Mon Det=34587	Aux Det=220	O+H=463	 DONE
14/09/2023 16:52:18:	move motor	S18.axis2.piezo rotation to 0.149150deg	 DONE
14/09/2023 16:52:22:	54	count	time	5.000000s/cts	O Det=70	H Det=362	Mon Det=34618	Aux Det=176	O+H=432	 DONE
14/09/2023 16:52:30:	move motor	S18.axis2.piezo rotation to 0.149200deg	 DONE
14/09/2023 16:52:33:	55	count	time	5.000000s/cts	O Det=59	H Det=296	Mon Det=34343	Aux Det=113	O+H=355	 DONE
14/09/2023 16:52:41:	move motor	S18.axis2.piezo rotation to 0.149250deg	 DONE
14/09/2023 16:52:44:	56	count	time	5.000000s/cts	O Det=27	H Det=266	Mon Det=34239	Aux Det=92	O+H=293	 DONE
14/09/2023 16:52:52:	move motor	S18.axis2.piezo rotation to 0.149300deg	 DONE
14/09/2023 16:52:55:	57	count	time	5.000000s/cts	O Det=24	H Det=218	Mon Det=34087	Aux Det=79	O+H=242	 DONE
14/09/2023 16:53:03:	move motor	S18.axis2.piezo rotation to 0.149350deg	 DONE
14/09/2023 16:53:06:	58	count	time	5.000000s/cts	O Det=19	H Det=227	Mon Det=34307	Aux Det=44	O+H=246	 DONE
14/09/2023 16:53:14:	move motor	S18.axis2.piezo rotation to 0.149400deg	 DONE
14/09/2023 16:53:17:	59	count	time	5.000000s/cts	O Det=13	H Det=197	Mon Det=34713	Aux Det=49	O+H=210	 DONE
14/09/2023 16:53:25:	move motor	S18.axis2.piezo rotation to 0.149450deg	 DONE
14/09/2023 16:53:28:	60	count	time	5.000000s/cts	O Det=12	H Det=159	Mon Det=34174	Aux Det=23	O+H=171	 DONE
14/09/2023 16:53:36:	move motor	S18.axis2.piezo rotation to 0.149500deg	 DONE
14/09/2023 16:53:39:	61	count	time	5.000000s/cts	O Det=12	H Det=124	Mon Det=34200	Aux Det=27	O+H=136	 DONE
14/09/2023 16:53:47:	close file and end scan	 DONE
14/09/2023 16:53:47:	move motor	S18.axis2.piezo rotation to fit AUX RPEAK45	0.148804reached 0.14880  DONE
14/09/2023 16:53:50:	END OF SCRIPT	 DONE
