24/08/2023 17:12:55:	start execution of script D:\data\Cycle 192ter\exp_3-16-14\rawdata\sc\rocking.sc	 DONE
24/08/2023 17:12:55:	create file	D:\data\Cycle 192ter\exp_3-16-14\rawdata\sc\rocking_24Aug1712.dat	 DONE
room to enter remarks DONE
24/08/2023 17:12:56:	move motor	S18.axis2.piezo rotation to 0.147000deg	 DONE
24/08/2023 17:13:00:	1	count	time	5.000000s/cts	O Det=3	H Det=68	Mon Det=29076	Aux Det=3	O+H=71	 DONE
24/08/2023 17:13:08:	move motor	S18.axis2.piezo rotation to 0.147050deg	 DONE
24/08/2023 17:13:11:	2	count	time	5.000000s/cts	O Det=2	H Det=47	Mon Det=29372	Aux Det=6	O+H=49	 DONE
24/08/2023 17:13:19:	move motor	S18.axis2.piezo rotation to 0.147100deg	 DONE
24/08/2023 17:13:22:	3	count	time	5.000000s/cts	O Det=3	H Det=59	Mon Det=29259	Aux Det=6	O+H=62	 DONE
24/08/2023 17:13:30:	move motor	S18.axis2.piezo rotation to 0.147150deg	 DONE
24/08/2023 17:13:33:	4	count	time	5.000000s/cts	O Det=1	H Det=62	Mon Det=28804	Aux Det=6	O+H=63	 DONE
24/08/2023 17:13:40:	move motor	S18.axis2.piezo rotation to 0.147200deg	 DONE
24/08/2023 17:13:44:	5	count	time	5.000000s/cts	O Det=5	H Det=54	Mon Det=29451	Aux Det=4	O+H=59	 DONE
24/08/2023 17:13:51:	move motor	S18.axis2.piezo rotation to 0.147250deg	 DONE
24/08/2023 17:13:54:	6	count	time	5.000000s/cts	O Det=4	H Det=72	Mon Det=28689	Aux Det=5	O+H=76	 DONE
24/08/2023 17:14:02:	move motor	S18.axis2.piezo rotation to 0.147300deg	 DONE
24/08/2023 17:14:06:	7	count	time	5.000000s/cts	O Det=8	H Det=99	Mon Det=29028	Aux Det=5	O+H=107	 DONE
24/08/2023 17:14:14:	move motor	S18.axis2.piezo rotation to 0.147350deg	 DONE
24/08/2023 17:14:17:	8	count	time	5.000000s/cts	O Det=2	H Det=110	Mon Det=29056	Aux Det=5	O+H=112	 DONE
24/08/2023 17:14:24:	move motor	S18.axis2.piezo rotation to 0.147400deg	 DONE
24/08/2023 17:14:28:	9	count	time	5.000000s/cts	O Det=7	H Det=118	Mon Det=29336	Aux Det=6	O+H=125	 DONE
24/08/2023 17:14:35:	move motor	S18.axis2.piezo rotation to 0.147450deg	 DONE
24/08/2023 17:14:38:	10	count	time	5.000000s/cts	O Det=8	H Det=127	Mon Det=29499	Aux Det=8	O+H=135	 DONE
24/08/2023 17:14:46:	move motor	S18.axis2.piezo rotation to 0.147500deg	 DONE
24/08/2023 17:14:49:	11	count	time	5.000000s/cts	O Det=8	H Det=134	Mon Det=29462	Aux Det=9	O+H=142	 DONE
24/08/2023 17:14:57:	move motor	S18.axis2.piezo rotation to 0.147550deg	 DONE
24/08/2023 17:15:00:	12	count	time	5.000000s/cts	O Det=8	H Det=156	Mon Det=29826	Aux Det=5	O+H=164	 DONE
24/08/2023 17:15:08:	move motor	S18.axis2.piezo rotation to 0.147600deg	 DONE
24/08/2023 17:15:11:	13	count	time	5.000000s/cts	O Det=10	H Det=171	Mon Det=29766	Aux Det=9	O+H=181	 DONE
24/08/2023 17:15:19:	move motor	S18.axis2.piezo rotation to 0.147650deg	 DONE
24/08/2023 17:15:22:	14	count	time	5.000000s/cts	O Det=14	H Det=221	Mon Det=29910	Aux Det=9	O+H=235	 DONE
24/08/2023 17:15:29:	move motor	S18.axis2.piezo rotation to 0.147700deg	 DONE
24/08/2023 17:15:32:	15	count	time	5.000000s/cts	O Det=19	H Det=246	Mon Det=29799	Aux Det=10	O+H=265	 DONE
24/08/2023 17:15:40:	move motor	S18.axis2.piezo rotation to 0.147750deg	 DONE
24/08/2023 17:15:44:	16	count	time	5.000000s/cts	O Det=25	H Det=329	Mon Det=30210	Aux Det=17	O+H=354	 DONE
24/08/2023 17:15:52:	move motor	S18.axis2.piezo rotation to 0.147800deg	 DONE
24/08/2023 17:15:55:	17	count	time	5.000000s/cts	O Det=32	H Det=364	Mon Det=29703	Aux Det=23	O+H=396	 DONE
24/08/2023 17:16:02:	move motor	S18.axis2.piezo rotation to 0.147850deg	 DONE
24/08/2023 17:16:06:	18	count	time	5.000000s/cts	O Det=38	H Det=449	Mon Det=29807	Aux Det=26	O+H=487	 DONE
24/08/2023 17:16:13:	move motor	S18.axis2.piezo rotation to 0.147900deg	 DONE
24/08/2023 17:16:17:	19	count	time	5.000000s/cts	O Det=49	H Det=455	Mon Det=29856	Aux Det=41	O+H=504	 DONE
24/08/2023 17:16:24:	move motor	S18.axis2.piezo rotation to 0.147950deg	 DONE
24/08/2023 17:16:27:	20	count	time	5.000000s/cts	O Det=83	H Det=564	Mon Det=30063	Aux Det=68	O+H=647	 DONE
24/08/2023 17:16:35:	move motor	S18.axis2.piezo rotation to 0.148000deg	 DONE
24/08/2023 17:16:38:	21	count	time	5.000000s/cts	O Det=112	H Det=651	Mon Det=29747	Aux Det=86	O+H=763	 DONE
24/08/2023 17:16:46:	move motor	S18.axis2.piezo rotation to 0.148050deg	 DONE
24/08/2023 17:16:49:	22	count	time	5.000000s/cts	O Det=172	H Det=788	Mon Det=29934	Aux Det=105	O+H=960	 DONE
24/08/2023 17:16:57:	move motor	S18.axis2.piezo rotation to 0.148100deg	 DONE
24/08/2023 17:17:00:	23	count	time	5.000000s/cts	O Det=171	H Det=846	Mon Det=29933	Aux Det=139	O+H=1017	 DONE
24/08/2023 17:17:08:	move motor	S18.axis2.piezo rotation to 0.148150deg	 DONE
24/08/2023 17:17:11:	24	count	time	5.000000s/cts	O Det=233	H Det=970	Mon Det=29767	Aux Det=167	O+H=1203	 DONE
24/08/2023 17:17:19:	move motor	S18.axis2.piezo rotation to 0.148200deg	 DONE
24/08/2023 17:17:22:	25	count	time	5.000000s/cts	O Det=265	H Det=1020	Mon Det=29545	Aux Det=214	O+H=1285	 DONE
24/08/2023 17:17:30:	move motor	S18.axis2.piezo rotation to 0.148250deg	 DONE
24/08/2023 17:17:33:	26	count	time	5.000000s/cts	O Det=245	H Det=941	Mon Det=29541	Aux Det=232	O+H=1186	 DONE
24/08/2023 17:17:41:	move motor	S18.axis2.piezo rotation to 0.148300deg	 DONE
24/08/2023 17:17:44:	27	count	time	5.000000s/cts	O Det=306	H Det=874	Mon Det=29763	Aux Det=217	O+H=1180	 DONE
24/08/2023 17:17:51:	move motor	S18.axis2.piezo rotation to 0.148350deg	 DONE
24/08/2023 17:17:54:	28	count	time	5.000000s/cts	O Det=264	H Det=869	Mon Det=29719	Aux Det=212	O+H=1133	 DONE
24/08/2023 17:18:02:	move motor	S18.axis2.piezo rotation to 0.148400deg	 DONE
24/08/2023 17:18:05:	29	count	time	5.000000s/cts	O Det=221	H Det=725	Mon Det=29351	Aux Det=151	O+H=946	 DONE
24/08/2023 17:18:13:	move motor	S18.axis2.piezo rotation to 0.148450deg	 DONE
24/08/2023 17:18:16:	30	count	time	5.000000s/cts	O Det=224	H Det=638	Mon Det=30017	Aux Det=118	O+H=862	 DONE
24/08/2023 17:18:24:	move motor	S18.axis2.piezo rotation to 0.148500deg	 DONE
24/08/2023 17:18:27:	31	count	time	5.000000s/cts	O Det=169	H Det=541	Mon Det=29404	Aux Det=108	O+H=710	 DONE
24/08/2023 17:18:35:	move motor	S18.axis2.piezo rotation to 0.148550deg	 DONE
24/08/2023 17:18:38:	32	count	time	5.000000s/cts	O Det=122	H Det=533	Mon Det=29663	Aux Det=64	O+H=655	 DONE
24/08/2023 17:18:46:	move motor	S18.axis2.piezo rotation to 0.148600deg	 DONE
24/08/2023 17:18:49:	33	count	time	5.000000s/cts	O Det=101	H Det=510	Mon Det=29942	Aux Det=58	O+H=611	 DONE
24/08/2023 17:18:56:	move motor	S18.axis2.piezo rotation to 0.148650deg	 DONE
24/08/2023 17:19:00:	34	count	time	5.000000s/cts	O Det=74	H Det=427	Mon Det=30016	Aux Det=55	O+H=501	 DONE
24/08/2023 17:19:08:	move motor	S18.axis2.piezo rotation to 0.148700deg	 DONE
24/08/2023 17:19:11:	35	count	time	5.000000s/cts	O Det=52	H Det=346	Mon Det=29456	Aux Det=26	O+H=398	 DONE
24/08/2023 17:19:18:	move motor	S18.axis2.piezo rotation to 0.148750deg	 DONE
24/08/2023 17:19:22:	36	count	time	5.000000s/cts	O Det=32	H Det=295	Mon Det=29967	Aux Det=18	O+H=327	 DONE
24/08/2023 17:19:29:	move motor	S18.axis2.piezo rotation to 0.148800deg	 DONE
24/08/2023 17:19:32:	37	count	time	5.000000s/cts	O Det=26	H Det=307	Mon Det=29600	Aux Det=19	O+H=333	 DONE
24/08/2023 17:19:40:	move motor	S18.axis2.piezo rotation to 0.148850deg	 DONE
24/08/2023 17:19:43:	38	count	time	5.000000s/cts	O Det=23	H Det=302	Mon Det=29450	Aux Det=13	O+H=325	 DONE
24/08/2023 17:19:51:	move motor	S18.axis2.piezo rotation to 0.148900deg	 DONE
24/08/2023 17:19:55:	39	count	time	5.000000s/cts	O Det=27	H Det=355	Mon Det=29652	Aux Det=17	O+H=382	 DONE
24/08/2023 17:20:02:	move motor	S18.axis2.piezo rotation to 0.148950deg	 DONE
24/08/2023 17:20:05:	40	count	time	5.000000s/cts	O Det=34	H Det=371	Mon Det=29473	Aux Det=20	O+H=405	 DONE
24/08/2023 17:20:13:	move motor	S18.axis2.piezo rotation to 0.149000deg	 DONE
24/08/2023 17:20:16:	41	count	time	5.000000s/cts	O Det=17	H Det=365	Mon Det=29573	Aux Det=13	O+H=382	 DONE
24/08/2023 17:20:24:	close file and end scan	 DONE
24/08/2023 17:20:25:	move motor	S18.axis2.piezo rotation to fit AUX PEAK65	0.148268reached 0.14827  DONE
24/08/2023 17:20:28:	END OF SCRIPT	 DONE
