02/09/2023 08:54:19:	start execution of script D:\data\Cycle 192ter\exp_3-16-14\rawdata\sc\rocking.sc	 DONE
02/09/2023 08:54:20:	create file	D:\data\Cycle 192ter\exp_3-16-14\rawdata\sc\rocking_02Sep0854.dat	 DONE
room to enter remarks DONE
02/09/2023 08:54:21:	move motor	S18.axis2.piezo rotation to 0.146000deg	 DONE
02/09/2023 08:54:25:	1	count	time	5.000000s/cts	O Det=1	H Det=40	Mon Det=32413	Aux Det=6	O+H=47	 DONE
02/09/2023 08:54:33:	move motor	S18.axis2.piezo rotation to 0.146050deg	 DONE
02/09/2023 08:54:36:	2	count	time	5.000000s/cts	O Det=2	H Det=57	Mon Det=32817	Aux Det=14	O+H=73	 DONE
02/09/2023 08:54:44:	move motor	S18.axis2.piezo rotation to 0.146100deg	 DONE
02/09/2023 08:54:47:	3	count	time	5.000000s/cts	O Det=2	H Det=67	Mon Det=32237	Aux Det=10	O+H=79	 DONE
02/09/2023 08:54:55:	move motor	S18.axis2.piezo rotation to 0.146150deg	 DONE
02/09/2023 08:54:58:	4	count	time	5.000000s/cts	O Det=1	H Det=86	Mon Det=32443	Aux Det=8	O+H=95	 DONE
02/09/2023 08:55:06:	move motor	S18.axis2.piezo rotation to 0.146200deg	 DONE
02/09/2023 08:55:09:	5	count	time	5.000000s/cts	O Det=3	H Det=89	Mon Det=32472	Aux Det=8	O+H=100	 DONE
02/09/2023 08:55:17:	move motor	S18.axis2.piezo rotation to 0.146250deg	 DONE
02/09/2023 08:55:20:	6	count	time	5.000000s/cts	O Det=7	H Det=83	Mon Det=32604	Aux Det=8	O+H=98	 DONE
02/09/2023 08:55:28:	move motor	S18.axis2.piezo rotation to 0.146300deg	 DONE
02/09/2023 08:55:31:	7	count	time	5.000000s/cts	O Det=3	H Det=115	Mon Det=32523	Aux Det=8	O+H=126	 DONE
02/09/2023 08:55:38:	move motor	S18.axis2.piezo rotation to 0.146350deg	 DONE
02/09/2023 08:55:42:	8	count	time	5.000000s/cts	O Det=1	H Det=122	Mon Det=32596	Aux Det=22	O+H=145	 DONE
02/09/2023 08:55:49:	move motor	S18.axis2.piezo rotation to 0.146400deg	 DONE
02/09/2023 08:55:53:	9	count	time	5.000000s/cts	O Det=3	H Det=94	Mon Det=32454	Aux Det=12	O+H=109	 DONE
02/09/2023 08:56:00:	move motor	S18.axis2.piezo rotation to 0.146450deg	 DONE
02/09/2023 08:56:03:	10	count	time	5.000000s/cts	O Det=4	H Det=116	Mon Det=32437	Aux Det=13	O+H=133	 DONE
02/09/2023 08:56:11:	move motor	S18.axis2.piezo rotation to 0.146500deg	 DONE
02/09/2023 08:56:14:	11	count	time	5.000000s/cts	O Det=3	H Det=142	Mon Det=32242	Aux Det=15	O+H=160	 DONE
02/09/2023 08:56:22:	move motor	S18.axis2.piezo rotation to 0.146550deg	 DONE
02/09/2023 08:56:25:	12	count	time	5.000000s/cts	O Det=7	H Det=170	Mon Det=32529	Aux Det=9	O+H=186	 DONE
02/09/2023 08:56:33:	move motor	S18.axis2.piezo rotation to 0.146600deg	 DONE
02/09/2023 08:56:36:	13	count	time	5.000000s/cts	O Det=5	H Det=186	Mon Det=32685	Aux Det=25	O+H=216	 DONE
02/09/2023 08:56:44:	move motor	S18.axis2.piezo rotation to 0.146650deg	 DONE
02/09/2023 08:56:47:	14	count	time	5.000000s/cts	O Det=13	H Det=225	Mon Det=32508	Aux Det=26	O+H=264	 DONE
02/09/2023 08:56:55:	move motor	S18.axis2.piezo rotation to 0.146700deg	 DONE
02/09/2023 08:56:58:	15	count	time	5.000000s/cts	O Det=4	H Det=242	Mon Det=32552	Aux Det=17	O+H=263	 DONE
02/09/2023 08:57:06:	move motor	S18.axis2.piezo rotation to 0.146750deg	 DONE
02/09/2023 08:57:09:	16	count	time	5.000000s/cts	O Det=16	H Det=278	Mon Det=32687	Aux Det=31	O+H=325	 DONE
02/09/2023 08:57:16:	move motor	S18.axis2.piezo rotation to 0.146800deg	 DONE
02/09/2023 08:57:20:	17	count	time	5.000000s/cts	O Det=9	H Det=353	Mon Det=32494	Aux Det=43	O+H=405	 DONE
02/09/2023 08:57:27:	move motor	S18.axis2.piezo rotation to 0.146850deg	 DONE
02/09/2023 08:57:31:	18	count	time	5.000000s/cts	O Det=21	H Det=365	Mon Det=32240	Aux Det=55	O+H=441	 DONE
02/09/2023 08:57:38:	move motor	S18.axis2.piezo rotation to 0.146900deg	 DONE
02/09/2023 08:57:42:	19	count	time	5.000000s/cts	O Det=27	H Det=447	Mon Det=32467	Aux Det=91	O+H=565	 DONE
02/09/2023 08:57:50:	move motor	S18.axis2.piezo rotation to 0.146950deg	 DONE
02/09/2023 08:57:53:	20	count	time	5.000000s/cts	O Det=35	H Det=556	Mon Det=33037	Aux Det=74	O+H=665	 DONE
02/09/2023 08:58:01:	move motor	S18.axis2.piezo rotation to 0.147000deg	 DONE
02/09/2023 08:58:04:	21	count	time	5.000000s/cts	O Det=57	H Det=679	Mon Det=33154	Aux Det=133	O+H=869	 DONE
02/09/2023 08:58:12:	move motor	S18.axis2.piezo rotation to 0.147050deg	 DONE
02/09/2023 08:58:15:	22	count	time	5.000000s/cts	O Det=54	H Det=744	Mon Det=32859	Aux Det=167	O+H=965	 DONE
02/09/2023 08:58:22:	move motor	S18.axis2.piezo rotation to 0.147100deg	 DONE
02/09/2023 08:58:26:	23	count	time	5.000000s/cts	O Det=87	H Det=824	Mon Det=32712	Aux Det=246	O+H=1157	 DONE
02/09/2023 08:58:33:	move motor	S18.axis2.piezo rotation to 0.147150deg	 DONE
02/09/2023 08:58:37:	24	count	time	5.000000s/cts	O Det=88	H Det=956	Mon Det=32571	Aux Det=281	O+H=1325	 DONE
02/09/2023 08:58:44:	move motor	S18.axis2.piezo rotation to 0.147200deg	 DONE
02/09/2023 08:58:48:	25	count	time	5.000000s/cts	O Det=118	H Det=1010	Mon Det=32405	Aux Det=314	O+H=1442	 DONE
02/09/2023 08:58:55:	move motor	S18.axis2.piezo rotation to 0.147250deg	 DONE
02/09/2023 08:58:58:	26	count	time	5.000000s/cts	O Det=124	H Det=994	Mon Det=31488	Aux Det=344	O+H=1462	 DONE
02/09/2023 08:59:06:	move motor	S18.axis2.piezo rotation to 0.147300deg	 DONE
02/09/2023 08:59:10:	27	count	time	5.000000s/cts	O Det=131	H Det=910	Mon Det=31618	Aux Det=442	O+H=1483	 DONE
02/09/2023 08:59:17:	move motor	S18.axis2.piezo rotation to 0.147350deg	 DONE
02/09/2023 08:59:21:	28	count	time	5.000000s/cts	O Det=129	H Det=895	Mon Det=32150	Aux Det=386	O+H=1410	 DONE
02/09/2023 08:59:28:	move motor	S18.axis2.piezo rotation to 0.147400deg	 DONE
02/09/2023 08:59:32:	29	count	time	5.000000s/cts	O Det=118	H Det=829	Mon Det=31425	Aux Det=336	O+H=1283	 DONE
02/09/2023 08:59:39:	move motor	S18.axis2.piezo rotation to 0.147450deg	 DONE
02/09/2023 08:59:43:	30	count	time	5.000000s/cts	O Det=64	H Det=711	Mon Det=31665	Aux Det=278	O+H=1053	 DONE
02/09/2023 08:59:50:	move motor	S18.axis2.piezo rotation to 0.147500deg	 DONE
02/09/2023 08:59:53:	31	count	time	5.000000s/cts	O Det=57	H Det=739	Mon Det=31701	Aux Det=203	O+H=999	 DONE
02/09/2023 09:00:01:	move motor	S18.axis2.piezo rotation to 0.147550deg	 DONE
02/09/2023 09:00:04:	32	count	time	5.000000s/cts	O Det=46	H Det=636	Mon Det=31197	Aux Det=142	O+H=824	 DONE
02/09/2023 09:00:12:	move motor	S18.axis2.piezo rotation to 0.147600deg	 DONE
02/09/2023 09:00:15:	33	count	time	5.000000s/cts	O Det=37	H Det=567	Mon Det=31575	Aux Det=107	O+H=711	 DONE
02/09/2023 09:00:23:	move motor	S18.axis2.piezo rotation to 0.147650deg	 DONE
02/09/2023 09:00:27:	34	count	time	5.000000s/cts	O Det=44	H Det=551	Mon Det=31684	Aux Det=94	O+H=689	 DONE
02/09/2023 09:00:34:	move motor	S18.axis2.piezo rotation to 0.147700deg	 DONE
02/09/2023 09:00:38:	35	count	time	5.000000s/cts	O Det=22	H Det=410	Mon Det=31536	Aux Det=53	O+H=485	 DONE
02/09/2023 09:00:45:	move motor	S18.axis2.piezo rotation to 0.147750deg	 DONE
02/09/2023 09:00:49:	36	count	time	5.000000s/cts	O Det=15	H Det=397	Mon Det=31608	Aux Det=58	O+H=470	 DONE
02/09/2023 09:00:56:	move motor	S18.axis2.piezo rotation to 0.147800deg	 DONE
02/09/2023 09:01:00:	37	count	time	5.000000s/cts	O Det=14	H Det=364	Mon Det=31611	Aux Det=40	O+H=418	 DONE
02/09/2023 09:01:07:	move motor	S18.axis2.piezo rotation to 0.147850deg	 DONE
02/09/2023 09:01:11:	38	count	time	5.000000s/cts	O Det=15	H Det=351	Mon Det=31824	Aux Det=16	O+H=382	 DONE
02/09/2023 09:01:18:	move motor	S18.axis2.piezo rotation to 0.147900deg	 DONE
02/09/2023 09:01:22:	39	count	time	5.000000s/cts	O Det=11	H Det=351	Mon Det=31221	Aux Det=29	O+H=391	 DONE
02/09/2023 09:01:29:	move motor	S18.axis2.piezo rotation to 0.147950deg	 DONE
02/09/2023 09:01:33:	40	count	time	5.000000s/cts	O Det=26	H Det=337	Mon Det=32981	Aux Det=44	O+H=407	 DONE
02/09/2023 09:01:40:	move motor	S18.axis2.piezo rotation to 0.148000deg	 DONE
02/09/2023 09:01:44:	41	count	time	5.000000s/cts	O Det=17	H Det=365	Mon Det=32798	Aux Det=50	O+H=432	 DONE
02/09/2023 09:01:51:	close file and end scan	 DONE
02/09/2023 09:01:52:	move motor	S18.axis2.piezo rotation to fit AUX PEAK65	0.147310reached 0.14731  DONE
02/09/2023 09:01:55:	END OF SCRIPT	 DONE
