15/09/2023 18:12:24:	start execution of script D:\data\Cycle 192ter\exp_3-16-14\rawdata\sc\rockingR.sc	 DONE
15/09/2023 18:12:25:	create file	D:\data\Cycle 192ter\exp_3-16-14\rawdata\sc\rocking_15Sep1812.dat	 DONE
room to enter remarks DONE
15/09/2023 18:12:26:	move motor	S18.axis2.piezo rotation to 0.146500deg	 DONE
15/09/2023 18:12:30:	1	count	time	5.000000s/cts	O Det=2	H Det=115	Mon Det=30832	Aux Det=10	O+H=117	 DONE
15/09/2023 18:12:38:	move motor	S18.axis2.piezo rotation to 0.146550deg	 DONE
15/09/2023 18:12:41:	2	count	time	5.000000s/cts	O Det=4	H Det=108	Mon Det=30721	Aux Det=11	O+H=112	 DONE
15/09/2023 18:12:49:	move motor	S18.axis2.piezo rotation to 0.146600deg	 DONE
15/09/2023 18:12:52:	3	count	time	5.000000s/cts	O Det=6	H Det=131	Mon Det=31235	Aux Det=14	O+H=137	 DONE
15/09/2023 18:13:00:	move motor	S18.axis2.piezo rotation to 0.146650deg	 DONE
15/09/2023 18:13:03:	4	count	time	5.000000s/cts	O Det=5	H Det=137	Mon Det=30948	Aux Det=16	O+H=142	 DONE
15/09/2023 18:13:11:	move motor	S18.axis2.piezo rotation to 0.146700deg	 DONE
15/09/2023 18:13:14:	5	count	time	5.000000s/cts	O Det=6	H Det=154	Mon Det=31069	Aux Det=18	O+H=160	 DONE
15/09/2023 18:13:22:	move motor	S18.axis2.piezo rotation to 0.146750deg	 DONE
15/09/2023 18:13:25:	6	count	time	5.000000s/cts	O Det=9	H Det=195	Mon Det=30602	Aux Det=28	O+H=204	 DONE
15/09/2023 18:13:33:	move motor	S18.axis2.piezo rotation to 0.146800deg	 DONE
15/09/2023 18:13:36:	7	count	time	5.000000s/cts	O Det=11	H Det=197	Mon Det=30704	Aux Det=12	O+H=208	 DONE
15/09/2023 18:13:44:	move motor	S18.axis2.piezo rotation to 0.146850deg	 DONE
15/09/2023 18:13:47:	8	count	time	5.000000s/cts	O Det=15	H Det=249	Mon Det=30612	Aux Det=40	O+H=264	 DONE
15/09/2023 18:13:55:	move motor	S18.axis2.piezo rotation to 0.146900deg	 DONE
15/09/2023 18:13:58:	9	count	time	5.000000s/cts	O Det=9	H Det=302	Mon Det=30623	Aux Det=37	O+H=311	 DONE
15/09/2023 18:14:06:	move motor	S18.axis2.piezo rotation to 0.146950deg	 DONE
15/09/2023 18:14:09:	10	count	time	5.000000s/cts	O Det=22	H Det=302	Mon Det=30547	Aux Det=57	O+H=324	 DONE
15/09/2023 18:14:17:	move motor	S18.axis2.piezo rotation to 0.147000deg	 DONE
15/09/2023 18:14:20:	11	count	time	5.000000s/cts	O Det=25	H Det=368	Mon Det=30550	Aux Det=72	O+H=393	 DONE
15/09/2023 18:14:28:	move motor	S18.axis2.piezo rotation to 0.147050deg	 DONE
15/09/2023 18:14:31:	12	count	time	5.000000s/cts	O Det=51	H Det=453	Mon Det=30494	Aux Det=92	O+H=504	 DONE
15/09/2023 18:14:39:	move motor	S18.axis2.piezo rotation to 0.147100deg	 DONE
15/09/2023 18:14:42:	13	count	time	5.000000s/cts	O Det=41	H Det=498	Mon Det=30797	Aux Det=163	O+H=539	 DONE
15/09/2023 18:14:50:	move motor	S18.axis2.piezo rotation to 0.147150deg	 DONE
15/09/2023 18:14:53:	14	count	time	5.000000s/cts	O Det=77	H Det=540	Mon Det=30777	Aux Det=204	O+H=617	 DONE
15/09/2023 18:15:01:	move motor	S18.axis2.piezo rotation to 0.147200deg	 DONE
15/09/2023 18:15:04:	15	count	time	5.000000s/cts	O Det=80	H Det=663	Mon Det=30662	Aux Det=229	O+H=743	 DONE
15/09/2023 18:15:12:	move motor	S18.axis2.piezo rotation to 0.147250deg	 DONE
15/09/2023 18:15:15:	16	count	time	5.000000s/cts	O Det=107	H Det=717	Mon Det=30931	Aux Det=340	O+H=824	 DONE
15/09/2023 18:15:23:	move motor	S18.axis2.piezo rotation to 0.147300deg	 DONE
15/09/2023 18:15:27:	17	count	time	5.000000s/cts	O Det=122	H Det=791	Mon Det=30660	Aux Det=443	O+H=913	 DONE
15/09/2023 18:15:34:	move motor	S18.axis2.piezo rotation to 0.147350deg	 DONE
15/09/2023 18:15:38:	18	count	time	5.000000s/cts	O Det=154	H Det=871	Mon Det=30956	Aux Det=456	O+H=1025	 DONE
15/09/2023 18:15:46:	move motor	S18.axis2.piezo rotation to 0.147400deg	 DONE
15/09/2023 18:15:49:	19	count	time	5.000000s/cts	O Det=146	H Det=866	Mon Det=31065	Aux Det=522	O+H=1012	 DONE
15/09/2023 18:15:57:	move motor	S18.axis2.piezo rotation to 0.147450deg	 DONE
15/09/2023 18:16:00:	20	count	time	5.000000s/cts	O Det=193	H Det=765	Mon Det=30795	Aux Det=578	O+H=958	 DONE
15/09/2023 18:16:08:	move motor	S18.axis2.piezo rotation to 0.147500deg	 DONE
15/09/2023 18:16:11:	21	count	time	5.000000s/cts	O Det=171	H Det=811	Mon Det=30751	Aux Det=561	O+H=982	 DONE
15/09/2023 18:16:19:	move motor	S18.axis2.piezo rotation to 0.147550deg	 DONE
15/09/2023 18:16:22:	22	count	time	5.000000s/cts	O Det=135	H Det=678	Mon Det=30969	Aux Det=503	O+H=813	 DONE
15/09/2023 18:16:29:	move motor	S18.axis2.piezo rotation to 0.147600deg	 DONE
15/09/2023 18:16:33:	23	count	time	5.000000s/cts	O Det=112	H Det=706	Mon Det=31010	Aux Det=382	O+H=818	 DONE
15/09/2023 18:16:40:	move motor	S18.axis2.piezo rotation to 0.147650deg	 DONE
15/09/2023 18:16:44:	24	count	time	5.000000s/cts	O Det=98	H Det=616	Mon Det=30567	Aux Det=329	O+H=714	 DONE
15/09/2023 18:16:51:	move motor	S18.axis2.piezo rotation to 0.147700deg	 DONE
15/09/2023 18:16:55:	25	count	time	5.000000s/cts	O Det=67	H Det=540	Mon Det=30625	Aux Det=250	O+H=607	 DONE
15/09/2023 18:17:02:	move motor	S18.axis2.piezo rotation to 0.147750deg	 DONE
15/09/2023 18:17:05:	26	count	time	5.000000s/cts	O Det=42	H Det=513	Mon Det=30784	Aux Det=145	O+H=555	 DONE
15/09/2023 18:17:13:	move motor	S18.axis2.piezo rotation to 0.147800deg	 DONE
15/09/2023 18:17:16:	27	count	time	5.000000s/cts	O Det=46	H Det=478	Mon Det=30772	Aux Det=103	O+H=524	 DONE
15/09/2023 18:17:24:	move motor	S18.axis2.piezo rotation to 0.147850deg	 DONE
15/09/2023 18:17:27:	28	count	time	5.000000s/cts	O Det=42	H Det=425	Mon Det=30427	Aux Det=87	O+H=467	 DONE
15/09/2023 18:17:35:	move motor	S18.axis2.piezo rotation to 0.147900deg	 DONE
15/09/2023 18:17:39:	29	count	time	5.000000s/cts	O Det=26	H Det=344	Mon Det=30567	Aux Det=64	O+H=370	 DONE
15/09/2023 18:17:47:	move motor	S18.axis2.piezo rotation to 0.147950deg	 DONE
15/09/2023 18:17:50:	30	count	time	5.000000s/cts	O Det=17	H Det=331	Mon Det=30988	Aux Det=57	O+H=348	 DONE
15/09/2023 18:17:57:	move motor	S18.axis2.piezo rotation to 0.148000deg	 DONE
15/09/2023 18:18:01:	31	count	time	5.000000s/cts	O Det=12	H Det=318	Mon Det=30733	Aux Det=42	O+H=330	 DONE
15/09/2023 18:18:08:	move motor	S18.axis2.piezo rotation to 0.148050deg	 DONE
15/09/2023 18:18:12:	32	count	time	5.000000s/cts	O Det=20	H Det=372	Mon Det=30938	Aux Det=25	O+H=392	 DONE
15/09/2023 18:18:19:	move motor	S18.axis2.piezo rotation to 0.148100deg	 DONE
15/09/2023 18:18:23:	33	count	time	5.000000s/cts	O Det=21	H Det=367	Mon Det=30723	Aux Det=43	O+H=388	 DONE
15/09/2023 18:18:30:	move motor	S18.axis2.piezo rotation to 0.148150deg	 DONE
15/09/2023 18:18:34:	34	count	time	5.000000s/cts	O Det=25	H Det=379	Mon Det=30631	Aux Det=41	O+H=404	 DONE
15/09/2023 18:18:41:	move motor	S18.axis2.piezo rotation to 0.148200deg	 DONE
15/09/2023 18:18:44:	35	count	time	5.000000s/cts	O Det=26	H Det=391	Mon Det=30672	Aux Det=51	O+H=417	 DONE
15/09/2023 18:18:52:	move motor	S18.axis2.piezo rotation to 0.148250deg	 DONE
15/09/2023 18:18:55:	36	count	time	5.000000s/cts	O Det=9	H Det=369	Mon Det=30471	Aux Det=55	O+H=378	 DONE
15/09/2023 18:19:03:	move motor	S18.axis2.piezo rotation to 0.148300deg	 DONE
15/09/2023 18:19:06:	37	count	time	5.000000s/cts	O Det=22	H Det=435	Mon Det=30365	Aux Det=69	O+H=457	 DONE
15/09/2023 18:19:14:	move motor	S18.axis2.piezo rotation to 0.148350deg	 DONE
15/09/2023 18:19:17:	38	count	time	5.000000s/cts	O Det=22	H Det=478	Mon Det=30813	Aux Det=115	O+H=500	 DONE
15/09/2023 18:19:25:	move motor	S18.axis2.piezo rotation to 0.148400deg	 DONE
15/09/2023 18:19:28:	39	count	time	5.000000s/cts	O Det=43	H Det=502	Mon Det=30789	Aux Det=138	O+H=545	 DONE
15/09/2023 18:19:36:	move motor	S18.axis2.piezo rotation to 0.148450deg	 DONE
15/09/2023 18:19:39:	40	count	time	5.000000s/cts	O Det=60	H Det=626	Mon Det=30410	Aux Det=212	O+H=686	 DONE
15/09/2023 18:19:47:	move motor	S18.axis2.piezo rotation to 0.148500deg	 DONE
15/09/2023 18:19:50:	41	count	time	5.000000s/cts	O Det=63	H Det=662	Mon Det=30798	Aux Det=292	O+H=725	 DONE
15/09/2023 18:19:58:	move motor	S18.axis2.piezo rotation to 0.148550deg	 DONE
15/09/2023 18:20:01:	42	count	time	5.000000s/cts	O Det=87	H Det=777	Mon Det=30831	Aux Det=358	O+H=864	 DONE
15/09/2023 18:20:09:	move motor	S18.axis2.piezo rotation to 0.148600deg	 DONE
15/09/2023 18:20:13:	43	count	time	5.000000s/cts	O Det=107	H Det=823	Mon Det=30693	Aux Det=438	O+H=930	 DONE
15/09/2023 18:20:20:	move motor	S18.axis2.piezo rotation to 0.148650deg	 DONE
15/09/2023 18:20:24:	44	count	time	5.000000s/cts	O Det=134	H Det=848	Mon Det=30367	Aux Det=485	O+H=982	 DONE
15/09/2023 18:20:31:	move motor	S18.axis2.piezo rotation to 0.148700deg	 DONE
15/09/2023 18:20:35:	45	count	time	5.000000s/cts	O Det=165	H Det=828	Mon Det=30732	Aux Det=457	O+H=993	 DONE
15/09/2023 18:20:42:	move motor	S18.axis2.piezo rotation to 0.148750deg	 DONE
15/09/2023 18:20:45:	46	count	time	5.000000s/cts	O Det=154	H Det=795	Mon Det=30063	Aux Det=509	O+H=949	 DONE
15/09/2023 18:20:53:	move motor	S18.axis2.piezo rotation to 0.148800deg	 DONE
15/09/2023 18:20:56:	47	count	time	5.000000s/cts	O Det=134	H Det=794	Mon Det=30924	Aux Det=425	O+H=928	 DONE
15/09/2023 18:21:04:	move motor	S18.axis2.piezo rotation to 0.148850deg	 DONE
15/09/2023 18:21:07:	48	count	time	5.000000s/cts	O Det=114	H Det=741	Mon Det=30858	Aux Det=439	O+H=855	 DONE
15/09/2023 18:21:15:	move motor	S18.axis2.piezo rotation to 0.148900deg	 DONE
15/09/2023 18:21:18:	49	count	time	5.000000s/cts	O Det=131	H Det=601	Mon Det=30949	Aux Det=356	O+H=732	 DONE
15/09/2023 18:21:26:	move motor	S18.axis2.piezo rotation to 0.148950deg	 DONE
15/09/2023 18:21:29:	50	count	time	5.000000s/cts	O Det=97	H Det=509	Mon Det=30609	Aux Det=306	O+H=606	 DONE
15/09/2023 18:21:37:	move motor	S18.axis2.piezo rotation to 0.149000deg	 DONE
15/09/2023 18:21:40:	51	count	time	5.000000s/cts	O Det=83	H Det=422	Mon Det=30664	Aux Det=223	O+H=505	 DONE
15/09/2023 18:21:48:	move motor	S18.axis2.piezo rotation to 0.149050deg	 DONE
15/09/2023 18:21:51:	52	count	time	5.000000s/cts	O Det=76	H Det=375	Mon Det=30743	Aux Det=173	O+H=451	 DONE
15/09/2023 18:21:59:	move motor	S18.axis2.piezo rotation to 0.149100deg	 DONE
15/09/2023 18:22:02:	53	count	time	5.000000s/cts	O Det=38	H Det=353	Mon Det=30835	Aux Det=120	O+H=391	 DONE
15/09/2023 18:22:10:	move motor	S18.axis2.piezo rotation to 0.149150deg	 DONE
15/09/2023 18:22:13:	54	count	time	5.000000s/cts	O Det=43	H Det=290	Mon Det=30675	Aux Det=85	O+H=333	 DONE
15/09/2023 18:22:21:	move motor	S18.axis2.piezo rotation to 0.149200deg	 DONE
15/09/2023 18:22:24:	55	count	time	5.000000s/cts	O Det=35	H Det=257	Mon Det=30671	Aux Det=72	O+H=292	 DONE
15/09/2023 18:22:32:	move motor	S18.axis2.piezo rotation to 0.149250deg	 DONE
15/09/2023 18:22:35:	56	count	time	5.000000s/cts	O Det=8	H Det=231	Mon Det=30496	Aux Det=62	O+H=239	 DONE
15/09/2023 18:22:43:	move motor	S18.axis2.piezo rotation to 0.149300deg	 DONE
15/09/2023 18:22:46:	57	count	time	5.000000s/cts	O Det=16	H Det=227	Mon Det=30685	Aux Det=45	O+H=243	 DONE
15/09/2023 18:22:54:	move motor	S18.axis2.piezo rotation to 0.149350deg	 DONE
15/09/2023 18:22:57:	58	count	time	5.000000s/cts	O Det=12	H Det=171	Mon Det=30564	Aux Det=39	O+H=183	 DONE
15/09/2023 18:23:05:	move motor	S18.axis2.piezo rotation to 0.149400deg	 DONE
15/09/2023 18:23:08:	59	count	time	5.000000s/cts	O Det=12	H Det=166	Mon Det=31078	Aux Det=31	O+H=178	 DONE
15/09/2023 18:23:16:	move motor	S18.axis2.piezo rotation to 0.149450deg	 DONE
15/09/2023 18:23:19:	60	count	time	5.000000s/cts	O Det=8	H Det=149	Mon Det=30623	Aux Det=10	O+H=157	 DONE
15/09/2023 18:23:27:	move motor	S18.axis2.piezo rotation to 0.149500deg	 DONE
15/09/2023 18:23:30:	61	count	time	5.000000s/cts	O Det=5	H Det=126	Mon Det=30923	Aux Det=13	O+H=131	 DONE
15/09/2023 18:23:38:	close file and end scan	 DONE
15/09/2023 18:23:38:	move motor	S18.axis2.piezo rotation to fit AUX RPEAK45	0.148724reached 0.14872  DONE
15/09/2023 18:23:41:	END OF SCRIPT	 DONE
