24/08/2023 11:38:20:	start execution of script D:\data\Cycle 192ter\exp_3-16-14\rawdata\sc\rocking.sc	 DONE
24/08/2023 11:38:21:	create file	D:\data\Cycle 192ter\exp_3-16-14\rawdata\sc\rocking_24Aug1138.dat	 DONE
room to enter remarks DONE
24/08/2023 11:38:22:	move motor	S18.axis2.piezo rotation to 0.147000deg	 DONE
24/08/2023 11:38:26:	1	count	time	5.000000s/cts	O Det=3	H Det=68	Mon Det=29143	Aux Det=0	O+H=71	 DONE
24/08/2023 11:38:34:	move motor	S18.axis2.piezo rotation to 0.147050deg	 DONE
24/08/2023 11:38:37:	2	count	time	5.000000s/cts	O Det=5	H Det=57	Mon Det=29536	Aux Det=0	O+H=62	 DONE
24/08/2023 11:38:44:	move motor	S18.axis2.piezo rotation to 0.147100deg	 DONE
24/08/2023 11:38:48:	3	count	time	5.000000s/cts	O Det=7	H Det=91	Mon Det=29474	Aux Det=0	O+H=98	 DONE
24/08/2023 11:38:55:	move motor	S18.axis2.piezo rotation to 0.147150deg	 DONE
24/08/2023 11:38:58:	4	count	time	5.000000s/cts	O Det=7	H Det=91	Mon Det=29550	Aux Det=0	O+H=98	 DONE
24/08/2023 11:39:06:	move motor	S18.axis2.piezo rotation to 0.147200deg	 DONE
24/08/2023 11:39:09:	5	count	time	5.000000s/cts	O Det=9	H Det=80	Mon Det=29688	Aux Det=0	O+H=89	 DONE
24/08/2023 11:39:17:	move motor	S18.axis2.piezo rotation to 0.147250deg	 DONE
24/08/2023 11:39:20:	6	count	time	5.000000s/cts	O Det=10	H Det=95	Mon Det=29395	Aux Det=0	O+H=105	 DONE
24/08/2023 11:39:28:	move motor	S18.axis2.piezo rotation to 0.147300deg	 DONE
24/08/2023 11:39:31:	7	count	time	5.000000s/cts	O Det=15	H Det=87	Mon Det=29529	Aux Det=0	O+H=102	 DONE
24/08/2023 11:39:39:	move motor	S18.axis2.piezo rotation to 0.147350deg	 DONE
24/08/2023 11:39:42:	8	count	time	5.000000s/cts	O Det=21	H Det=115	Mon Det=29802	Aux Det=0	O+H=136	 DONE
24/08/2023 11:39:50:	move motor	S18.axis2.piezo rotation to 0.147400deg	 DONE
24/08/2023 11:39:53:	9	count	time	5.000000s/cts	O Det=22	H Det=141	Mon Det=29205	Aux Det=0	O+H=163	 DONE
24/08/2023 11:40:00:	move motor	S18.axis2.piezo rotation to 0.147450deg	 DONE
24/08/2023 11:40:03:	10	count	time	5.000000s/cts	O Det=23	H Det=156	Mon Det=29376	Aux Det=0	O+H=179	 DONE
24/08/2023 11:40:11:	move motor	S18.axis2.piezo rotation to 0.147500deg	 DONE
24/08/2023 11:40:14:	11	count	time	5.000000s/cts	O Det=25	H Det=160	Mon Det=29408	Aux Det=0	O+H=185	 DONE
24/08/2023 11:40:22:	move motor	S18.axis2.piezo rotation to 0.147550deg	 DONE
24/08/2023 11:40:25:	12	count	time	5.000000s/cts	O Det=49	H Det=194	Mon Det=29635	Aux Det=0	O+H=243	 DONE
24/08/2023 11:40:33:	move motor	S18.axis2.piezo rotation to 0.147600deg	 DONE
24/08/2023 11:40:36:	13	count	time	5.000000s/cts	O Det=58	H Det=237	Mon Det=29154	Aux Det=0	O+H=295	 DONE
24/08/2023 11:40:43:	move motor	S18.axis2.piezo rotation to 0.147650deg	 DONE
24/08/2023 11:40:47:	14	count	time	5.000000s/cts	O Det=71	H Det=266	Mon Det=29334	Aux Det=0	O+H=337	 DONE
24/08/2023 11:40:54:	move motor	S18.axis2.piezo rotation to 0.147700deg	 DONE
24/08/2023 11:40:57:	15	count	time	5.000000s/cts	O Det=83	H Det=267	Mon Det=29713	Aux Det=0	O+H=350	 DONE
24/08/2023 11:41:05:	move motor	S18.axis2.piezo rotation to 0.147750deg	 DONE
24/08/2023 11:41:08:	16	count	time	5.000000s/cts	O Det=132	H Det=348	Mon Det=29982	Aux Det=1	O+H=480	 DONE
24/08/2023 11:41:16:	move motor	S18.axis2.piezo rotation to 0.147800deg	 DONE
24/08/2023 11:41:19:	17	count	time	5.000000s/cts	O Det=155	H Det=377	Mon Det=29301	Aux Det=0	O+H=532	 DONE
24/08/2023 11:41:27:	move motor	S18.axis2.piezo rotation to 0.147850deg	 DONE
24/08/2023 11:41:30:	18	count	time	5.000000s/cts	O Det=232	H Det=487	Mon Det=29635	Aux Det=0	O+H=719	 DONE
24/08/2023 11:41:38:	move motor	S18.axis2.piezo rotation to 0.147900deg	 DONE
24/08/2023 11:41:41:	19	count	time	5.000000s/cts	O Det=340	H Det=580	Mon Det=29711	Aux Det=0	O+H=920	 DONE
24/08/2023 11:41:49:	move motor	S18.axis2.piezo rotation to 0.147950deg	 DONE
24/08/2023 11:41:52:	20	count	time	5.000000s/cts	O Det=419	H Det=615	Mon Det=29038	Aux Det=0	O+H=1034	 DONE
24/08/2023 11:41:59:	move motor	S18.axis2.piezo rotation to 0.148000deg	 DONE
24/08/2023 11:42:03:	21	count	time	5.000000s/cts	O Det=472	H Det=661	Mon Det=29819	Aux Det=0	O+H=1133	 DONE
24/08/2023 11:42:10:	move motor	S18.axis2.piezo rotation to 0.148050deg	 DONE
24/08/2023 11:42:14:	22	count	time	5.000000s/cts	O Det=582	H Det=832	Mon Det=29504	Aux Det=0	O+H=1414	 DONE
24/08/2023 11:42:21:	move motor	S18.axis2.piezo rotation to 0.148100deg	 DONE
24/08/2023 11:42:24:	23	count	time	5.000000s/cts	O Det=672	H Det=881	Mon Det=29913	Aux Det=0	O+H=1553	 DONE
24/08/2023 11:42:32:	move motor	S18.axis2.piezo rotation to 0.148150deg	 DONE
24/08/2023 11:42:35:	24	count	time	5.000000s/cts	O Det=644	H Det=890	Mon Det=29825	Aux Det=0	O+H=1534	 DONE
24/08/2023 11:42:43:	move motor	S18.axis2.piezo rotation to 0.148200deg	 DONE
24/08/2023 11:42:46:	25	count	time	5.000000s/cts	O Det=613	H Det=880	Mon Det=29299	Aux Det=0	O+H=1493	 DONE
24/08/2023 11:42:54:	move motor	S18.axis2.piezo rotation to 0.148250deg	 DONE
24/08/2023 11:42:57:	26	count	time	5.000000s/cts	O Det=566	H Det=794	Mon Det=29706	Aux Det=0	O+H=1360	 DONE
24/08/2023 11:43:05:	move motor	S18.axis2.piezo rotation to 0.148300deg	 DONE
24/08/2023 11:43:08:	27	count	time	5.000000s/cts	O Det=511	H Det=774	Mon Det=29623	Aux Det=0	O+H=1285	 DONE
24/08/2023 11:43:16:	move motor	S18.axis2.piezo rotation to 0.148350deg	 DONE
24/08/2023 11:43:19:	28	count	time	5.000000s/cts	O Det=385	H Det=726	Mon Det=29623	Aux Det=0	O+H=1111	 DONE
24/08/2023 11:43:27:	move motor	S18.axis2.piezo rotation to 0.148400deg	 DONE
24/08/2023 11:43:30:	29	count	time	5.000000s/cts	O Det=352	H Det=614	Mon Det=29886	Aux Det=0	O+H=966	 DONE
24/08/2023 11:43:38:	move motor	S18.axis2.piezo rotation to 0.148450deg	 DONE
24/08/2023 11:43:41:	30	count	time	5.000000s/cts	O Det=276	H Det=498	Mon Det=29873	Aux Det=0	O+H=774	 DONE
24/08/2023 11:43:49:	move motor	S18.axis2.piezo rotation to 0.148500deg	 DONE
24/08/2023 11:43:52:	31	count	time	5.000000s/cts	O Det=216	H Det=477	Mon Det=29739	Aux Det=0	O+H=693	 DONE
24/08/2023 11:44:00:	move motor	S18.axis2.piezo rotation to 0.148550deg	 DONE
24/08/2023 11:44:03:	32	count	time	5.000000s/cts	O Det=167	H Det=414	Mon Det=29292	Aux Det=0	O+H=581	 DONE
24/08/2023 11:44:11:	move motor	S18.axis2.piezo rotation to 0.148600deg	 DONE
24/08/2023 11:44:14:	33	count	time	5.000000s/cts	O Det=112	H Det=409	Mon Det=29241	Aux Det=0	O+H=521	 DONE
24/08/2023 11:44:22:	move motor	S18.axis2.piezo rotation to 0.148650deg	 DONE
24/08/2023 11:44:25:	34	count	time	5.000000s/cts	O Det=68	H Det=312	Mon Det=29586	Aux Det=0	O+H=380	 DONE
24/08/2023 11:44:33:	move motor	S18.axis2.piezo rotation to 0.148700deg	 DONE
24/08/2023 11:44:36:	35	count	time	5.000000s/cts	O Det=49	H Det=302	Mon Det=29398	Aux Det=0	O+H=351	 DONE
24/08/2023 11:44:44:	move motor	S18.axis2.piezo rotation to 0.148750deg	 DONE
24/08/2023 11:44:47:	36	count	time	5.000000s/cts	O Det=54	H Det=307	Mon Det=29369	Aux Det=0	O+H=361	 DONE
24/08/2023 11:44:54:	move motor	S18.axis2.piezo rotation to 0.148800deg	 DONE
24/08/2023 11:44:57:	37	count	time	5.000000s/cts	O Det=83	H Det=356	Mon Det=29615	Aux Det=0	O+H=439	 DONE
24/08/2023 11:45:05:	move motor	S18.axis2.piezo rotation to 0.148850deg	 DONE
24/08/2023 11:45:08:	38	count	time	5.000000s/cts	O Det=85	H Det=334	Mon Det=29381	Aux Det=0	O+H=419	 DONE
24/08/2023 11:45:16:	move motor	S18.axis2.piezo rotation to 0.148900deg	 DONE
24/08/2023 11:45:19:	39	count	time	5.000000s/cts	O Det=73	H Det=346	Mon Det=29404	Aux Det=0	O+H=419	 DONE
24/08/2023 11:45:27:	move motor	S18.axis2.piezo rotation to 0.148950deg	 DONE
24/08/2023 11:45:30:	40	count	time	5.000000s/cts	O Det=72	H Det=332	Mon Det=29751	Aux Det=0	O+H=404	 DONE
24/08/2023 11:45:37:	move motor	S18.axis2.piezo rotation to 0.149000deg	 DONE
24/08/2023 11:45:40:	41	count	time	5.000000s/cts	O Det=103	H Det=365	Mon Det=29798	Aux Det=0	O+H=468	 DONE
24/08/2023 11:45:48:	close file and end scan	 DONE
24/08/2023 11:45:49:	move motor	S18.axis2.piezo rotation to fit AUX PEAK65	NaNreached 0.14902  DONE
24/08/2023 11:45:54:	END OF SCRIPT	 DONE
