27/08/2023 18:52:25:	start execution of script D:\data\Cycle 192ter\exp_3-16-14\rawdata\sc\rocking.sc	 DONE
27/08/2023 18:52:25:	create file	D:\data\Cycle 192ter\exp_3-16-14\rawdata\sc\rocking_27Aug1852.dat	 DONE
room to enter remarks DONE
27/08/2023 18:52:27:	move motor	S18.axis2.piezo rotation to 0.147200deg	 DONE
27/08/2023 18:52:31:	1	count	time	5.000000s/cts	O Det=19	H Det=253	Mon Det=28659	Aux Det=40	O+H=312	 DONE
27/08/2023 18:52:39:	move motor	S18.axis2.piezo rotation to 0.147250deg	 DONE
27/08/2023 18:52:42:	2	count	time	5.000000s/cts	O Det=20	H Det=263	Mon Det=28682	Aux Det=69	O+H=352	 DONE
27/08/2023 18:52:49:	move motor	S18.axis2.piezo rotation to 0.147300deg	 DONE
27/08/2023 18:52:53:	3	count	time	5.000000s/cts	O Det=33	H Det=345	Mon Det=28642	Aux Det=77	O+H=455	 DONE
27/08/2023 18:53:01:	move motor	S18.axis2.piezo rotation to 0.147350deg	 DONE
27/08/2023 18:53:04:	4	count	time	5.000000s/cts	O Det=48	H Det=388	Mon Det=28619	Aux Det=100	O+H=536	 DONE
27/08/2023 18:53:12:	move motor	S18.axis2.piezo rotation to 0.147400deg	 DONE
27/08/2023 18:53:16:	5	count	time	5.000000s/cts	O Det=62	H Det=474	Mon Det=29021	Aux Det=174	O+H=710	 DONE
27/08/2023 18:53:23:	move motor	S18.axis2.piezo rotation to 0.147450deg	 DONE
27/08/2023 18:53:27:	6	count	time	5.000000s/cts	O Det=89	H Det=476	Mon Det=28607	Aux Det=203	O+H=768	 DONE
27/08/2023 18:53:35:	move motor	S18.axis2.piezo rotation to 0.147500deg	 DONE
27/08/2023 18:53:38:	7	count	time	5.000000s/cts	O Det=126	H Det=521	Mon Det=28613	Aux Det=301	O+H=948	 DONE
27/08/2023 18:53:46:	move motor	S18.axis2.piezo rotation to 0.147550deg	 DONE
27/08/2023 18:53:49:	8	count	time	5.000000s/cts	O Det=149	H Det=562	Mon Det=28902	Aux Det=408	O+H=1119	 DONE
27/08/2023 18:53:56:	move motor	S18.axis2.piezo rotation to 0.147600deg	 DONE
27/08/2023 18:54:00:	9	count	time	5.000000s/cts	O Det=157	H Det=607	Mon Det=28858	Aux Det=441	O+H=1205	 DONE
27/08/2023 18:54:07:	move motor	S18.axis2.piezo rotation to 0.147650deg	 DONE
27/08/2023 18:54:10:	10	count	time	5.000000s/cts	O Det=174	H Det=665	Mon Det=28480	Aux Det=488	O+H=1327	 DONE
27/08/2023 18:54:18:	move motor	S18.axis2.piezo rotation to 0.147700deg	 DONE
27/08/2023 18:54:21:	11	count	time	5.000000s/cts	O Det=187	H Det=690	Mon Det=28452	Aux Det=558	O+H=1435	 DONE
27/08/2023 18:54:29:	move motor	S18.axis2.piezo rotation to 0.147750deg	 DONE
27/08/2023 18:54:33:	12	count	time	5.000000s/cts	O Det=212	H Det=687	Mon Det=28967	Aux Det=584	O+H=1483	 DONE
27/08/2023 18:54:41:	move motor	S18.axis2.piezo rotation to 0.147800deg	 DONE
27/08/2023 18:54:44:	13	count	time	5.000000s/cts	O Det=182	H Det=628	Mon Det=28671	Aux Det=540	O+H=1350	 DONE
27/08/2023 18:54:52:	move motor	S18.axis2.piezo rotation to 0.147850deg	 DONE
27/08/2023 18:54:55:	14	count	time	5.000000s/cts	O Det=173	H Det=594	Mon Det=28656	Aux Det=523	O+H=1290	 DONE
27/08/2023 18:55:03:	move motor	S18.axis2.piezo rotation to 0.147900deg	 DONE
27/08/2023 18:55:06:	15	count	time	5.000000s/cts	O Det=148	H Det=515	Mon Det=28651	Aux Det=425	O+H=1088	 DONE
27/08/2023 18:55:14:	move motor	S18.axis2.piezo rotation to 0.147950deg	 DONE
27/08/2023 18:55:17:	16	count	time	5.000000s/cts	O Det=116	H Det=436	Mon Det=28510	Aux Det=382	O+H=934	 DONE
27/08/2023 18:55:25:	move motor	S18.axis2.piezo rotation to 0.148000deg	 DONE
27/08/2023 18:55:28:	17	count	time	5.000000s/cts	O Det=87	H Det=429	Mon Det=28795	Aux Det=261	O+H=777	 DONE
27/08/2023 18:55:36:	move motor	S18.axis2.piezo rotation to 0.148050deg	 DONE
27/08/2023 18:55:39:	18	count	time	5.000000s/cts	O Det=94	H Det=437	Mon Det=28917	Aux Det=199	O+H=730	 DONE
27/08/2023 18:55:47:	move motor	S18.axis2.piezo rotation to 0.148100deg	 DONE
27/08/2023 18:55:50:	19	count	time	5.000000s/cts	O Det=71	H Det=439	Mon Det=28413	Aux Det=147	O+H=657	 DONE
27/08/2023 18:55:57:	move motor	S18.axis2.piezo rotation to 0.148150deg	 DONE
27/08/2023 18:56:01:	20	count	time	5.000000s/cts	O Det=31	H Det=387	Mon Det=28700	Aux Det=95	O+H=513	 DONE
27/08/2023 18:56:08:	move motor	S18.axis2.piezo rotation to 0.148200deg	 DONE
27/08/2023 18:56:12:	21	count	time	5.000000s/cts	O Det=28	H Det=299	Mon Det=28888	Aux Det=61	O+H=388	 DONE
27/08/2023 18:56:20:	move motor	S18.axis2.piezo rotation to 0.148250deg	 DONE
27/08/2023 18:56:23:	22	count	time	5.000000s/cts	O Det=15	H Det=312	Mon Det=28619	Aux Det=41	O+H=368	 DONE
27/08/2023 18:56:30:	move motor	S18.axis2.piezo rotation to 0.148300deg	 DONE
27/08/2023 18:56:33:	23	count	time	5.000000s/cts	O Det=20	H Det=295	Mon Det=29265	Aux Det=57	O+H=372	 DONE
27/08/2023 18:56:41:	move motor	S18.axis2.piezo rotation to 0.148350deg	 DONE
27/08/2023 18:56:44:	24	count	time	5.000000s/cts	O Det=19	H Det=311	Mon Det=29133	Aux Det=45	O+H=375	 DONE
27/08/2023 18:56:52:	move motor	S18.axis2.piezo rotation to 0.148400deg	 DONE
27/08/2023 18:56:56:	25	count	time	5.000000s/cts	O Det=21	H Det=369	Mon Det=28795	Aux Det=43	O+H=433	 DONE
27/08/2023 18:57:03:	move motor	S18.axis2.piezo rotation to 0.148450deg	 DONE
27/08/2023 18:57:06:	26	count	time	5.000000s/cts	O Det=27	H Det=365	Mon Det=29198	Aux Det=53	O+H=445	 DONE
27/08/2023 18:57:14:	move motor	S18.axis2.piezo rotation to 0.148500deg	 DONE
27/08/2023 18:57:18:	27	count	time	5.000000s/cts	O Det=22	H Det=377	Mon Det=29187	Aux Det=50	O+H=449	 DONE
27/08/2023 18:57:25:	move motor	S18.axis2.piezo rotation to 0.148550deg	 DONE
27/08/2023 18:57:29:	28	count	time	5.000000s/cts	O Det=26	H Det=370	Mon Det=29052	Aux Det=61	O+H=457	 DONE
27/08/2023 18:57:36:	move motor	S18.axis2.piezo rotation to 0.148600deg	 DONE
27/08/2023 18:57:40:	29	count	time	5.000000s/cts	O Det=32	H Det=406	Mon Det=29083	Aux Det=94	O+H=532	 DONE
27/08/2023 18:57:48:	move motor	S18.axis2.piezo rotation to 0.148650deg	 DONE
27/08/2023 18:57:51:	30	count	time	5.000000s/cts	O Det=40	H Det=410	Mon Det=29236	Aux Det=118	O+H=568	 DONE
27/08/2023 18:57:59:	move motor	S18.axis2.piezo rotation to 0.148700deg	 DONE
27/08/2023 18:58:02:	31	count	time	5.000000s/cts	O Det=51	H Det=491	Mon Det=28819	Aux Det=173	O+H=715	 DONE
27/08/2023 18:58:09:	move motor	S18.axis2.piezo rotation to 0.148750deg	 DONE
27/08/2023 18:58:13:	32	count	time	5.000000s/cts	O Det=71	H Det=501	Mon Det=28978	Aux Det=265	O+H=837	 DONE
27/08/2023 18:58:20:	move motor	S18.axis2.piezo rotation to 0.148800deg	 DONE
27/08/2023 18:58:23:	33	count	time	5.000000s/cts	O Det=106	H Det=533	Mon Det=28886	Aux Det=315	O+H=954	 DONE
27/08/2023 18:58:31:	move motor	S18.axis2.piezo rotation to 0.148850deg	 DONE
27/08/2023 18:58:34:	34	count	time	5.000000s/cts	O Det=138	H Det=700	Mon Det=29407	Aux Det=407	O+H=1245	 DONE
27/08/2023 18:58:42:	move motor	S18.axis2.piezo rotation to 0.148900deg	 DONE
27/08/2023 18:58:46:	35	count	time	5.000000s/cts	O Det=157	H Det=722	Mon Det=29161	Aux Det=481	O+H=1360	 DONE
27/08/2023 18:58:53:	move motor	S18.axis2.piezo rotation to 0.148950deg	 DONE
27/08/2023 18:58:56:	36	count	time	5.000000s/cts	O Det=172	H Det=738	Mon Det=28854	Aux Det=535	O+H=1445	 DONE
27/08/2023 18:59:04:	move motor	S18.axis2.piezo rotation to 0.149000deg	 DONE
27/08/2023 18:59:07:	37	count	time	5.000000s/cts	O Det=186	H Det=609	Mon Det=28934	Aux Det=598	O+H=1393	 DONE
27/08/2023 18:59:15:	move motor	S18.axis2.piezo rotation to 0.149050deg	 DONE
27/08/2023 18:59:18:	38	count	time	5.000000s/cts	O Det=191	H Det=638	Mon Det=28878	Aux Det=538	O+H=1367	 DONE
27/08/2023 18:59:26:	move motor	S18.axis2.piezo rotation to 0.149100deg	 DONE
27/08/2023 18:59:29:	39	count	time	5.000000s/cts	O Det=191	H Det=557	Mon Det=29234	Aux Det=499	O+H=1247	 DONE
27/08/2023 18:59:37:	move motor	S18.axis2.piezo rotation to 0.149150deg	 DONE
27/08/2023 18:59:40:	40	count	time	5.000000s/cts	O Det=119	H Det=544	Mon Det=28998	Aux Det=483	O+H=1146	 DONE
27/08/2023 18:59:48:	move motor	S18.axis2.piezo rotation to 0.149200deg	 DONE
27/08/2023 18:59:51:	41	count	time	5.000000s/cts	O Det=155	H Det=441	Mon Det=29435	Aux Det=375	O+H=971	 DONE
27/08/2023 18:59:59:	close file and end scan	 DONE
27/08/2023 19:00:00:	move motor	S18.axis2.piezo rotation to fit AUX PEAK65	0.147744reached 0.14774  DONE
27/08/2023 19:00:03:	END OF SCRIPT	 DONE
