13/09/2023 15:39:22:	start execution of script D:\data\Cycle 192ter\exp_3-16-14\rawdata\sc\rockingL.sc	 DONE
13/09/2023 15:39:23:	create file	D:\data\Cycle 192ter\exp_3-16-14\rawdata\sc\rocking_13Sep1539.dat	 DONE
room to enter remarks DONE
13/09/2023 15:39:24:	move motor	S18.axis2.piezo rotation to 0.146500deg	 DONE
13/09/2023 15:39:27:	1	count	time	5.000000s/cts	O Det=0	H Det=70	Mon Det=31804	Aux Det=5	O+H=70	 DONE
13/09/2023 15:39:35:	move motor	S18.axis2.piezo rotation to 0.146550deg	 DONE
13/09/2023 15:39:38:	2	count	time	5.000000s/cts	O Det=1	H Det=85	Mon Det=31684	Aux Det=12	O+H=86	 DONE
13/09/2023 15:39:46:	move motor	S18.axis2.piezo rotation to 0.146600deg	 DONE
13/09/2023 15:39:49:	3	count	time	5.000000s/cts	O Det=5	H Det=104	Mon Det=31179	Aux Det=0	O+H=109	 DONE
13/09/2023 15:39:57:	move motor	S18.axis2.piezo rotation to 0.146650deg	 DONE
13/09/2023 15:40:00:	4	count	time	5.000000s/cts	O Det=1	H Det=114	Mon Det=31155	Aux Det=4	O+H=115	 DONE
13/09/2023 15:40:08:	move motor	S18.axis2.piezo rotation to 0.146700deg	 DONE
13/09/2023 15:40:11:	5	count	time	5.000000s/cts	O Det=1	H Det=124	Mon Det=31506	Aux Det=2	O+H=125	 DONE
13/09/2023 15:40:19:	move motor	S18.axis2.piezo rotation to 0.146750deg	 DONE
13/09/2023 15:40:22:	6	count	time	5.000000s/cts	O Det=4	H Det=113	Mon Det=31170	Aux Det=3	O+H=117	 DONE
13/09/2023 15:40:30:	move motor	S18.axis2.piezo rotation to 0.146800deg	 DONE
13/09/2023 15:40:33:	7	count	time	5.000000s/cts	O Det=2	H Det=148	Mon Det=31202	Aux Det=5	O+H=150	 DONE
13/09/2023 15:40:40:	move motor	S18.axis2.piezo rotation to 0.146850deg	 DONE
13/09/2023 15:40:43:	8	count	time	5.000000s/cts	O Det=3	H Det=191	Mon Det=30872	Aux Det=6	O+H=194	 DONE
13/09/2023 15:40:51:	move motor	S18.axis2.piezo rotation to 0.146900deg	 DONE
13/09/2023 15:40:54:	9	count	time	5.000000s/cts	O Det=4	H Det=190	Mon Det=31408	Aux Det=11	O+H=194	 DONE
13/09/2023 15:41:02:	move motor	S18.axis2.piezo rotation to 0.146950deg	 DONE
13/09/2023 15:41:05:	10	count	time	5.000000s/cts	O Det=4	H Det=233	Mon Det=31702	Aux Det=11	O+H=237	 DONE
13/09/2023 15:41:13:	move motor	S18.axis2.piezo rotation to 0.147000deg	 DONE
13/09/2023 15:41:16:	11	count	time	5.000000s/cts	O Det=5	H Det=260	Mon Det=31222	Aux Det=10	O+H=265	 DONE
13/09/2023 15:41:24:	move motor	S18.axis2.piezo rotation to 0.147050deg	 DONE
13/09/2023 15:41:27:	12	count	time	5.000000s/cts	O Det=5	H Det=300	Mon Det=31484	Aux Det=16	O+H=305	 DONE
13/09/2023 15:41:34:	move motor	S18.axis2.piezo rotation to 0.147100deg	 DONE
13/09/2023 15:41:38:	13	count	time	5.000000s/cts	O Det=11	H Det=364	Mon Det=31326	Aux Det=18	O+H=375	 DONE
13/09/2023 15:41:45:	move motor	S18.axis2.piezo rotation to 0.147150deg	 DONE
13/09/2023 15:41:48:	14	count	time	5.000000s/cts	O Det=7	H Det=419	Mon Det=31707	Aux Det=21	O+H=426	 DONE
13/09/2023 15:41:56:	move motor	S18.axis2.piezo rotation to 0.147200deg	 DONE
13/09/2023 15:41:59:	15	count	time	5.000000s/cts	O Det=12	H Det=475	Mon Det=31106	Aux Det=27	O+H=487	 DONE
13/09/2023 15:42:07:	move motor	S18.axis2.piezo rotation to 0.147250deg	 DONE
13/09/2023 15:42:10:	16	count	time	5.000000s/cts	O Det=25	H Det=620	Mon Det=31791	Aux Det=37	O+H=645	 DONE
13/09/2023 15:42:18:	move motor	S18.axis2.piezo rotation to 0.147300deg	 DONE
13/09/2023 15:42:21:	17	count	time	5.000000s/cts	O Det=41	H Det=710	Mon Det=31639	Aux Det=48	O+H=751	 DONE
13/09/2023 15:42:29:	move motor	S18.axis2.piezo rotation to 0.147350deg	 DONE
13/09/2023 15:42:32:	18	count	time	5.000000s/cts	O Det=27	H Det=888	Mon Det=31511	Aux Det=67	O+H=915	 DONE
13/09/2023 15:42:40:	move motor	S18.axis2.piezo rotation to 0.147400deg	 DONE
13/09/2023 15:42:43:	19	count	time	5.000000s/cts	O Det=70	H Det=934	Mon Det=31617	Aux Det=101	O+H=1004	 DONE
13/09/2023 15:42:51:	move motor	S18.axis2.piezo rotation to 0.147450deg	 DONE
13/09/2023 15:42:54:	20	count	time	5.000000s/cts	O Det=64	H Det=1182	Mon Det=31374	Aux Det=136	O+H=1246	 DONE
13/09/2023 15:43:02:	move motor	S18.axis2.piezo rotation to 0.147500deg	 DONE
13/09/2023 15:43:05:	21	count	time	5.000000s/cts	O Det=58	H Det=1255	Mon Det=31748	Aux Det=188	O+H=1313	 DONE
13/09/2023 15:43:13:	move motor	S18.axis2.piezo rotation to 0.147550deg	 DONE
13/09/2023 15:43:16:	22	count	time	5.000000s/cts	O Det=67	H Det=1334	Mon Det=31365	Aux Det=177	O+H=1401	 DONE
13/09/2023 15:43:24:	move motor	S18.axis2.piezo rotation to 0.147600deg	 DONE
13/09/2023 15:43:27:	23	count	time	5.000000s/cts	O Det=71	H Det=1286	Mon Det=31687	Aux Det=188	O+H=1357	 DONE
13/09/2023 15:43:35:	move motor	S18.axis2.piezo rotation to 0.147650deg	 DONE
13/09/2023 15:43:38:	24	count	time	5.000000s/cts	O Det=61	H Det=1300	Mon Det=31629	Aux Det=182	O+H=1361	 DONE
13/09/2023 15:43:46:	move motor	S18.axis2.piezo rotation to 0.147700deg	 DONE
13/09/2023 15:43:49:	25	count	time	5.000000s/cts	O Det=42	H Det=1198	Mon Det=31626	Aux Det=124	O+H=1240	 DONE
13/09/2023 15:43:57:	move motor	S18.axis2.piezo rotation to 0.147750deg	 DONE
13/09/2023 15:44:00:	26	count	time	5.000000s/cts	O Det=44	H Det=1033	Mon Det=31630	Aux Det=122	O+H=1077	 DONE
13/09/2023 15:44:07:	move motor	S18.axis2.piezo rotation to 0.147800deg	 DONE
13/09/2023 15:44:10:	27	count	time	5.000000s/cts	O Det=48	H Det=873	Mon Det=31695	Aux Det=120	O+H=921	 DONE
13/09/2023 15:44:18:	move motor	S18.axis2.piezo rotation to 0.147850deg	 DONE
13/09/2023 15:44:21:	28	count	time	5.000000s/cts	O Det=28	H Det=708	Mon Det=31574	Aux Det=87	O+H=736	 DONE
13/09/2023 15:44:29:	move motor	S18.axis2.piezo rotation to 0.147900deg	 DONE
13/09/2023 15:44:32:	29	count	time	5.000000s/cts	O Det=41	H Det=617	Mon Det=31426	Aux Det=91	O+H=658	 DONE
13/09/2023 15:44:40:	move motor	S18.axis2.piezo rotation to 0.147950deg	 DONE
13/09/2023 15:44:43:	30	count	time	5.000000s/cts	O Det=23	H Det=545	Mon Det=32334	Aux Det=56	O+H=568	 DONE
13/09/2023 15:44:51:	move motor	S18.axis2.piezo rotation to 0.148000deg	 DONE
13/09/2023 15:44:54:	31	count	time	5.000000s/cts	O Det=25	H Det=447	Mon Det=31641	Aux Det=39	O+H=472	 DONE
13/09/2023 15:45:02:	move motor	S18.axis2.piezo rotation to 0.148050deg	 DONE
13/09/2023 15:45:05:	32	count	time	5.000000s/cts	O Det=13	H Det=442	Mon Det=31481	Aux Det=33	O+H=455	 DONE
13/09/2023 15:45:13:	move motor	S18.axis2.piezo rotation to 0.148100deg	 DONE
13/09/2023 15:45:16:	33	count	time	5.000000s/cts	O Det=6	H Det=363	Mon Det=31451	Aux Det=20	O+H=369	 DONE
13/09/2023 15:45:24:	move motor	S18.axis2.piezo rotation to 0.148150deg	 DONE
13/09/2023 15:45:27:	34	count	time	5.000000s/cts	O Det=4	H Det=352	Mon Det=31624	Aux Det=21	O+H=356	 DONE
13/09/2023 15:45:35:	move motor	S18.axis2.piezo rotation to 0.148200deg	 DONE
13/09/2023 15:45:38:	35	count	time	5.000000s/cts	O Det=14	H Det=361	Mon Det=31113	Aux Det=22	O+H=375	 DONE
13/09/2023 15:45:45:	move motor	S18.axis2.piezo rotation to 0.148250deg	 DONE
13/09/2023 15:45:49:	36	count	time	5.000000s/cts	O Det=19	H Det=404	Mon Det=31418	Aux Det=47	O+H=423	 DONE
13/09/2023 15:45:56:	move motor	S18.axis2.piezo rotation to 0.148300deg	 DONE
13/09/2023 15:46:00:	37	count	time	5.000000s/cts	O Det=20	H Det=395	Mon Det=31967	Aux Det=30	O+H=415	 DONE
13/09/2023 15:46:07:	move motor	S18.axis2.piezo rotation to 0.148350deg	 DONE
13/09/2023 15:46:10:	38	count	time	5.000000s/cts	O Det=17	H Det=394	Mon Det=31468	Aux Det=20	O+H=411	 DONE
13/09/2023 15:46:18:	move motor	S18.axis2.piezo rotation to 0.148400deg	 DONE
13/09/2023 15:46:21:	39	count	time	5.000000s/cts	O Det=11	H Det=426	Mon Det=31334	Aux Det=23	O+H=437	 DONE
13/09/2023 15:46:29:	move motor	S18.axis2.piezo rotation to 0.148450deg	 DONE
13/09/2023 15:46:33:	40	count	time	5.000000s/cts	O Det=10	H Det=435	Mon Det=31370	Aux Det=23	O+H=445	 DONE
13/09/2023 15:46:41:	move motor	S18.axis2.piezo rotation to 0.148500deg	 DONE
13/09/2023 15:46:44:	41	count	time	5.000000s/cts	O Det=16	H Det=567	Mon Det=31442	Aux Det=21	O+H=583	 DONE
13/09/2023 15:46:52:	move motor	S18.axis2.piezo rotation to 0.148550deg	 DONE
13/09/2023 15:46:55:	42	count	time	5.000000s/cts	O Det=17	H Det=635	Mon Det=31434	Aux Det=42	O+H=652	 DONE
13/09/2023 15:47:03:	move motor	S18.axis2.piezo rotation to 0.148600deg	 DONE
13/09/2023 15:47:06:	43	count	time	5.000000s/cts	O Det=26	H Det=787	Mon Det=31172	Aux Det=50	O+H=813	 DONE
13/09/2023 15:47:14:	move motor	S18.axis2.piezo rotation to 0.148650deg	 DONE
13/09/2023 15:47:17:	44	count	time	5.000000s/cts	O Det=46	H Det=944	Mon Det=31453	Aux Det=80	O+H=990	 DONE
13/09/2023 15:47:25:	move motor	S18.axis2.piezo rotation to 0.148700deg	 DONE
13/09/2023 15:47:28:	45	count	time	5.000000s/cts	O Det=40	H Det=1162	Mon Det=31875	Aux Det=120	O+H=1202	 DONE
13/09/2023 15:47:36:	move motor	S18.axis2.piezo rotation to 0.148750deg	 DONE
13/09/2023 15:47:39:	46	count	time	5.000000s/cts	O Det=50	H Det=1176	Mon Det=31490	Aux Det=134	O+H=1226	 DONE
13/09/2023 15:47:46:	move motor	S18.axis2.piezo rotation to 0.148800deg	 DONE
13/09/2023 15:47:50:	47	count	time	5.000000s/cts	O Det=61	H Det=1321	Mon Det=31345	Aux Det=142	O+H=1382	 DONE
13/09/2023 15:47:57:	move motor	S18.axis2.piezo rotation to 0.148850deg	 DONE
13/09/2023 15:48:01:	48	count	time	5.000000s/cts	O Det=60	H Det=1448	Mon Det=31728	Aux Det=153	O+H=1508	 DONE
13/09/2023 15:48:08:	move motor	S18.axis2.piezo rotation to 0.148900deg	 DONE
13/09/2023 15:48:11:	49	count	time	5.000000s/cts	O Det=55	H Det=1359	Mon Det=31683	Aux Det=183	O+H=1414	 DONE
13/09/2023 15:48:19:	move motor	S18.axis2.piezo rotation to 0.148950deg	 DONE
13/09/2023 15:48:22:	50	count	time	5.000000s/cts	O Det=57	H Det=1212	Mon Det=31471	Aux Det=153	O+H=1269	 DONE
13/09/2023 15:48:30:	move motor	S18.axis2.piezo rotation to 0.149000deg	 DONE
13/09/2023 15:48:33:	51	count	time	5.000000s/cts	O Det=55	H Det=1108	Mon Det=32226	Aux Det=134	O+H=1163	 DONE
13/09/2023 15:48:41:	move motor	S18.axis2.piezo rotation to 0.149050deg	 DONE
13/09/2023 15:48:44:	52	count	time	5.000000s/cts	O Det=41	H Det=993	Mon Det=31510	Aux Det=101	O+H=1034	 DONE
13/09/2023 15:48:52:	move motor	S18.axis2.piezo rotation to 0.149100deg	 DONE
13/09/2023 15:48:55:	53	count	time	5.000000s/cts	O Det=30	H Det=779	Mon Det=31279	Aux Det=79	O+H=809	 DONE
13/09/2023 15:49:03:	move motor	S18.axis2.piezo rotation to 0.149150deg	 DONE
13/09/2023 15:49:07:	54	count	time	5.000000s/cts	O Det=21	H Det=699	Mon Det=31308	Aux Det=60	O+H=720	 DONE
13/09/2023 15:49:14:	move motor	S18.axis2.piezo rotation to 0.149200deg	 DONE
13/09/2023 15:49:17:	55	count	time	5.000000s/cts	O Det=13	H Det=599	Mon Det=31883	Aux Det=50	O+H=612	 DONE
13/09/2023 15:49:25:	move motor	S18.axis2.piezo rotation to 0.149250deg	 DONE
13/09/2023 15:49:28:	56	count	time	5.000000s/cts	O Det=15	H Det=489	Mon Det=31551	Aux Det=30	O+H=504	 DONE
13/09/2023 15:49:36:	move motor	S18.axis2.piezo rotation to 0.149300deg	 DONE
13/09/2023 15:49:39:	57	count	time	5.000000s/cts	O Det=9	H Det=378	Mon Det=31485	Aux Det=32	O+H=387	 DONE
13/09/2023 15:49:47:	move motor	S18.axis2.piezo rotation to 0.149350deg	 DONE
13/09/2023 15:49:50:	58	count	time	5.000000s/cts	O Det=14	H Det=353	Mon Det=31645	Aux Det=22	O+H=367	 DONE
13/09/2023 15:49:58:	move motor	S18.axis2.piezo rotation to 0.149400deg	 DONE
13/09/2023 15:50:01:	59	count	time	5.000000s/cts	O Det=4	H Det=309	Mon Det=31483	Aux Det=14	O+H=313	 DONE
13/09/2023 15:50:09:	move motor	S18.axis2.piezo rotation to 0.149450deg	 DONE
13/09/2023 15:50:12:	60	count	time	5.000000s/cts	O Det=8	H Det=249	Mon Det=31498	Aux Det=11	O+H=257	 DONE
13/09/2023 15:50:20:	move motor	S18.axis2.piezo rotation to 0.149500deg	 DONE
13/09/2023 15:50:23:	61	count	time	5.000000s/cts	O Det=2	H Det=214	Mon Det=31503	Aux Det=9	O+H=216	 DONE
13/09/2023 15:50:31:	close file and end scan	 DONE
13/09/2023 15:50:31:	move motor	S18.axis2.piezo rotation to fit AUX LPEAK45	0.147598reached 0.14760  DONE
13/09/2023 15:50:34:	END OF SCRIPT	 DONE
