01/09/2023 16:48:50:	start execution of script D:\data\Cycle 192ter\exp_3-16-14\rawdata\sc\S1Z.sc	 DONE
01/09/2023 16:48:50:	create file	D:\data\Cycle 192ter\exp_3-16-14\rawdata\sc\S1Z_01Sep1648.dat	 DONE
room to enter remarks DONE
01/09/2023 16:48:51:	set AO_S1Z (PXIDAQ2/ao2) to -3.000000Amps -6.000V DONE
01/09/2023 16:48:52:	1	count	time	10.000000s/cts	O Det=199	H Det=2338	Mon Det=66607	Aux Det=469	O+H=3006	 DONE
01/09/2023 16:49:05:	set AO_S1Z (PXIDAQ2/ao2) to -2.500000Amps -5.000V DONE
01/09/2023 16:49:05:	2	count	time	10.000000s/cts	O Det=169	H Det=2561	Mon Det=65987	Aux Det=317	O+H=3047	 DONE
01/09/2023 16:49:18:	set AO_S1Z (PXIDAQ2/ao2) to -2.000000Amps -4.000V DONE
01/09/2023 16:49:18:	3	count	time	10.000000s/cts	O Det=123	H Det=2764	Mon Det=65740	Aux Det=200	O+H=3087	 DONE
01/09/2023 16:49:31:	set AO_S1Z (PXIDAQ2/ao2) to -1.500000Amps -3.000V DONE
01/09/2023 16:49:32:	4	count	time	10.000000s/cts	O Det=117	H Det=2725	Mon Det=66032	Aux Det=170	O+H=3012	 DONE
01/09/2023 16:49:45:	set AO_S1Z (PXIDAQ2/ao2) to -1.000000Amps -2.000V DONE
01/09/2023 16:49:45:	5	count	time	10.000000s/cts	O Det=140	H Det=2796	Mon Det=65970	Aux Det=182	O+H=3118	 DONE
01/09/2023 16:49:58:	set AO_S1Z (PXIDAQ2/ao2) to -0.500000Amps -1.000V DONE
01/09/2023 16:49:58:	6	count	time	10.000000s/cts	O Det=152	H Det=2751	Mon Det=66607	Aux Det=197	O+H=3100	 DONE
01/09/2023 16:50:11:	set AO_S1Z (PXIDAQ2/ao2) to 0.000000Amps 0.000V DONE
01/09/2023 16:50:12:	7	count	time	10.000000s/cts	O Det=150	H Det=2667	Mon Det=66551	Aux Det=194	O+H=3011	 DONE
01/09/2023 16:50:24:	set AO_S1Z (PXIDAQ2/ao2) to 0.500000Amps 1.000V DONE
01/09/2023 16:50:25:	8	count	time	10.000000s/cts	O Det=191	H Det=2582	Mon Det=66844	Aux Det=285	O+H=3058	 DONE
01/09/2023 16:50:38:	set AO_S1Z (PXIDAQ2/ao2) to 1.000000Amps 2.000V DONE
01/09/2023 16:50:38:	9	count	time	10.000000s/cts	O Det=236	H Det=2323	Mon Det=66182	Aux Det=390	O+H=2949	 DONE
01/09/2023 16:50:51:	set AO_S1Z (PXIDAQ2/ao2) to 1.500000Amps 3.000V DONE
01/09/2023 16:50:52:	10	count	time	10.000000s/cts	O Det=226	H Det=2231	Mon Det=66329	Aux Det=534	O+H=2991	 DONE
01/09/2023 16:51:04:	set AO_S1Z (PXIDAQ2/ao2) to 2.000000Amps 4.000V DONE
01/09/2023 16:51:05:	11	count	time	10.000000s/cts	O Det=261	H Det=2219	Mon Det=65991	Aux Det=534	O+H=3014	 DONE
01/09/2023 16:51:18:	set AO_S1Z (PXIDAQ2/ao2) to 2.500000Amps 5.000V DONE
01/09/2023 16:51:18:	12	count	time	10.000000s/cts	O Det=271	H Det=1987	Mon Det=66589	Aux Det=648	O+H=2906	 DONE
01/09/2023 16:51:31:	set AO_S1Z (PXIDAQ2/ao2) to 3.000000Amps 6.000V DONE
01/09/2023 16:51:32:	13	count	time	10.000000s/cts	O Det=340	H Det=1799	Mon Det=65892	Aux Det=880	O+H=3019	 DONE
01/09/2023 16:51:44:	close file and end scan	 DONE
01/09/2023 16:51:45:	END OF SCRIPT	 DONE
