01/09/2023 17:31:07:	start execution of script D:\data\Cycle 192ter\exp_3-16-14\rawdata\sc\S1Z.sc	 DONE
01/09/2023 17:31:07:	create file	D:\data\Cycle 192ter\exp_3-16-14\rawdata\sc\S1Z_01Sep1731.dat	 DONE
1 DONE
01/09/2023 17:31:08:	set AO_S1Z (PXIDAQ2/ao2) to -3.000000Amps -6.000V DONE
01/09/2023 17:31:09:	1	count	time	10.000000s/cts	O Det=397	H Det=1384	Mon Det=62577	Aux Det=1169	O+H=2950	 DONE
01/09/2023 17:31:22:	set AO_S1Z (PXIDAQ2/ao2) to -2.500000Amps -5.000V DONE
01/09/2023 17:31:22:	2	count	time	10.000000s/cts	O Det=365	H Det=1286	Mon Det=62911	Aux Det=1143	O+H=2794	 DONE
01/09/2023 17:31:35:	set AO_S1Z (PXIDAQ2/ao2) to -2.000000Amps -4.000V DONE
01/09/2023 17:31:35:	3	count	time	10.000000s/cts	O Det=382	H Det=1373	Mon Det=62558	Aux Det=1204	O+H=2959	 DONE
01/09/2023 17:31:48:	set AO_S1Z (PXIDAQ2/ao2) to -1.500000Amps -3.000V DONE
01/09/2023 17:31:49:	4	count	time	10.000000s/cts	O Det=349	H Det=1354	Mon Det=62633	Aux Det=1176	O+H=2879	 DONE
01/09/2023 17:32:02:	set AO_S1Z (PXIDAQ2/ao2) to -1.000000Amps -2.000V DONE
01/09/2023 17:32:02:	5	count	time	10.000000s/cts	O Det=399	H Det=1316	Mon Det=62669	Aux Det=1143	O+H=2858	 DONE
01/09/2023 17:32:15:	set AO_S1Z (PXIDAQ2/ao2) to -0.500000Amps -1.000V DONE
01/09/2023 17:32:15:	6	count	time	10.000000s/cts	O Det=364	H Det=1315	Mon Det=62516	Aux Det=1196	O+H=2875	 DONE
01/09/2023 17:32:28:	set AO_S1Z (PXIDAQ2/ao2) to 0.000000Amps 0.000V DONE
01/09/2023 17:32:29:	7	count	time	10.000000s/cts	O Det=381	H Det=1384	Mon Det=62817	Aux Det=1231	O+H=2996	 DONE
01/09/2023 17:32:41:	set AO_S1Z (PXIDAQ2/ao2) to 0.500000Amps 1.000V DONE
01/09/2023 17:32:42:	8	count	time	10.000000s/cts	O Det=387	H Det=1351	Mon Det=62084	Aux Det=1171	O+H=2909	 DONE
01/09/2023 17:32:54:	set AO_S1Z (PXIDAQ2/ao2) to 1.000000Amps 2.000V DONE
01/09/2023 17:32:55:	9	count	time	10.000000s/cts	O Det=399	H Det=1416	Mon Det=62394	Aux Det=1143	O+H=2958	 DONE
01/09/2023 17:33:08:	set AO_S1Z (PXIDAQ2/ao2) to 1.500000Amps 3.000V DONE
01/09/2023 17:33:08:	10	count	time	10.000000s/cts	O Det=397	H Det=1369	Mon Det=62848	Aux Det=1110	O+H=2876	 DONE
01/09/2023 17:33:21:	set AO_S1Z (PXIDAQ2/ao2) to 2.000000Amps 4.000V DONE
01/09/2023 17:33:22:	11	count	time	10.000000s/cts	O Det=372	H Det=1328	Mon Det=62714	Aux Det=1117	O+H=2817	 DONE
01/09/2023 17:33:34:	set AO_S1Z (PXIDAQ2/ao2) to 2.500000Amps 5.000V DONE
01/09/2023 17:33:35:	12	count	time	10.000000s/cts	O Det=395	H Det=1387	Mon Det=62489	Aux Det=1215	O+H=2997	 DONE
01/09/2023 17:33:48:	set AO_S1Z (PXIDAQ2/ao2) to 3.000000Amps 6.000V DONE
01/09/2023 17:33:48:	13	count	time	10.000000s/cts	O Det=368	H Det=1383	Mon Det=63024	Aux Det=1163	O+H=2914	 DONE
01/09/2023 17:34:01:	close file and end scan	 DONE
01/09/2023 17:34:02:	END OF SCRIPT	 DONE
