01/09/2023 17:43:20:	start execution of script D:\data\Cycle 192ter\exp_3-16-14\rawdata\sc\S1Z.sc	 DONE
01/09/2023 17:43:21:	create file	D:\data\Cycle 192ter\exp_3-16-14\rawdata\sc\S1Z_01Sep1743.dat	 DONE
1 DONE
01/09/2023 17:43:22:	set AO_S1Z (PXIDAQ2/ao2) to -3.000000Amps -6.000V DONE
01/09/2023 17:43:23:	1	count	time	10.000000s/cts	O Det=139	H Det=2756	Mon Det=62759	Aux Det=229	O+H=3124	 DONE
01/09/2023 17:43:36:	set AO_S1Z (PXIDAQ2/ao2) to -2.500000Amps -5.000V DONE
01/09/2023 17:43:36:	2	count	time	10.000000s/cts	O Det=276	H Det=2120	Mon Det=62217	Aux Det=655	O+H=3051	 DONE
01/09/2023 17:43:49:	set AO_S1Z (PXIDAQ2/ao2) to -2.000000Amps -4.000V DONE
01/09/2023 17:43:49:	3	count	time	10.000000s/cts	O Det=341	H Det=1714	Mon Det=63255	Aux Det=963	O+H=3018	 DONE
01/09/2023 17:44:02:	set AO_S1Z (PXIDAQ2/ao2) to -1.500000Amps -3.000V DONE
01/09/2023 17:44:03:	4	count	time	10.000000s/cts	O Det=368	H Det=1469	Mon Det=62541	Aux Det=1011	O+H=2848	 DONE
01/09/2023 17:44:15:	set AO_S1Z (PXIDAQ2/ao2) to -1.000000Amps -2.000V DONE
01/09/2023 17:44:16:	5	count	time	10.000000s/cts	O Det=333	H Det=1574	Mon Det=62934	Aux Det=1089	O+H=2996	 DONE
01/09/2023 17:44:29:	set AO_S1Z (PXIDAQ2/ao2) to -0.500000Amps -1.000V DONE
01/09/2023 17:44:29:	6	count	time	10.000000s/cts	O Det=335	H Det=1517	Mon Det=62833	Aux Det=1062	O+H=2914	 DONE
01/09/2023 17:44:42:	set AO_S1Z (PXIDAQ2/ao2) to 0.000000Amps 0.000V DONE
01/09/2023 17:44:42:	7	count	time	10.000000s/cts	O Det=298	H Det=1787	Mon Det=62765	Aux Det=938	O+H=3023	 DONE
01/09/2023 17:44:55:	set AO_S1Z (PXIDAQ2/ao2) to 0.500000Amps 1.000V DONE
01/09/2023 17:44:56:	8	count	time	10.000000s/cts	O Det=276	H Det=1857	Mon Det=63079	Aux Det=879	O+H=3012	 DONE
01/09/2023 17:45:08:	set AO_S1Z (PXIDAQ2/ao2) to 1.000000Amps 2.000V DONE
01/09/2023 17:45:09:	9	count	time	10.000000s/cts	O Det=221	H Det=2139	Mon Det=62971	Aux Det=640	O+H=3000	 DONE
01/09/2023 17:45:22:	set AO_S1Z (PXIDAQ2/ao2) to 1.500000Amps 3.000V DONE
01/09/2023 17:45:22:	10	count	time	10.000000s/cts	O Det=180	H Det=2571	Mon Det=63181	Aux Det=343	O+H=3094	 DONE
01/09/2023 17:45:35:	set AO_S1Z (PXIDAQ2/ao2) to 2.000000Amps 4.000V DONE
01/09/2023 17:45:36:	11	count	time	10.000000s/cts	O Det=117	H Det=2573	Mon Det=62780	Aux Det=219	O+H=2909	 DONE
01/09/2023 17:45:48:	set AO_S1Z (PXIDAQ2/ao2) to 2.500000Amps 5.000V DONE
01/09/2023 17:45:49:	12	count	time	10.000000s/cts	O Det=158	H Det=2667	Mon Det=62889	Aux Det=259	O+H=3084	 DONE
01/09/2023 17:46:02:	set AO_S1Z (PXIDAQ2/ao2) to 3.000000Amps 6.000V DONE
01/09/2023 17:46:02:	13	count	time	10.000000s/cts	O Det=232	H Det=2258	Mon Det=63313	Aux Det=416	O+H=2906	 DONE
01/09/2023 17:46:15:	close file and end scan	 DONE
01/09/2023 17:46:16:	END OF SCRIPT	 DONE
