01/09/2023 17:54:45:	start execution of script D:\data\Cycle 192ter\exp_3-16-14\rawdata\sc\S1Z.sc	 DONE
01/09/2023 17:54:45:	create file	D:\data\Cycle 192ter\exp_3-16-14\rawdata\sc\S1Z_01Sep1754.dat	 DONE
1 DONE
01/09/2023 17:54:46:	set AO_S1Z (PXIDAQ2/ao2) to -3.000000Amps -6.000V DONE
01/09/2023 17:54:47:	1	count	time	10.000000s/cts	O Det=386	H Det=1476	Mon Det=63268	Aux Det=1101	O+H=2963	 DONE
01/09/2023 17:55:00:	set AO_S1Z (PXIDAQ2/ao2) to -2.500000Amps -5.000V DONE
01/09/2023 17:55:00:	2	count	time	10.000000s/cts	O Det=362	H Det=1495	Mon Det=63443	Aux Det=1102	O+H=2959	 DONE
01/09/2023 17:55:13:	set AO_S1Z (PXIDAQ2/ao2) to -2.000000Amps -4.000V DONE
01/09/2023 17:55:13:	3	count	time	10.000000s/cts	O Det=299	H Det=1800	Mon Det=63317	Aux Det=993	O+H=3092	 DONE
01/09/2023 17:55:26:	set AO_S1Z (PXIDAQ2/ao2) to -1.500000Amps -3.000V DONE
01/09/2023 17:55:27:	4	count	time	10.000000s/cts	O Det=197	H Det=2228	Mon Det=62635	Aux Det=557	O+H=2982	 DONE
01/09/2023 17:55:39:	set AO_S1Z (PXIDAQ2/ao2) to -1.000000Amps -2.000V DONE
01/09/2023 17:55:40:	5	count	time	10.000000s/cts	O Det=117	H Det=2668	Mon Det=63179	Aux Det=255	O+H=3040	 DONE
01/09/2023 17:55:53:	set AO_S1Z (PXIDAQ2/ao2) to -0.500000Amps -1.000V DONE
01/09/2023 17:55:53:	6	count	time	10.000000s/cts	O Det=178	H Det=2629	Mon Det=63033	Aux Det=296	O+H=3103	 DONE
01/09/2023 17:56:06:	set AO_S1Z (PXIDAQ2/ao2) to 0.000000Amps 0.000V DONE
01/09/2023 17:56:07:	7	count	time	10.000000s/cts	O Det=297	H Det=2014	Mon Det=62836	Aux Det=719	O+H=3030	 DONE
01/09/2023 17:56:20:	set AO_S1Z (PXIDAQ2/ao2) to 0.500000Amps 1.000V DONE
01/09/2023 17:56:20:	8	count	time	10.000000s/cts	O Det=343	H Det=1513	Mon Det=62902	Aux Det=1053	O+H=2909	 DONE
01/09/2023 17:56:33:	set AO_S1Z (PXIDAQ2/ao2) to 1.000000Amps 2.000V DONE
01/09/2023 17:56:33:	9	count	time	10.000000s/cts	O Det=316	H Det=1830	Mon Det=62606	Aux Det=892	O+H=3038	 DONE
01/09/2023 17:56:46:	set AO_S1Z (PXIDAQ2/ao2) to 1.500000Amps 3.000V DONE
01/09/2023 17:56:47:	10	count	time	10.000000s/cts	O Det=207	H Det=2143	Mon Det=62675	Aux Det=595	O+H=2945	 DONE
01/09/2023 17:56:59:	set AO_S1Z (PXIDAQ2/ao2) to 2.000000Amps 4.000V DONE
01/09/2023 17:57:00:	11	count	time	10.000000s/cts	O Det=133	H Det=2590	Mon Det=62496	Aux Det=331	O+H=3054	 DONE
01/09/2023 17:57:13:	set AO_S1Z (PXIDAQ2/ao2) to 2.500000Amps 5.000V DONE
01/09/2023 17:57:13:	12	count	time	10.000000s/cts	O Det=161	H Det=2757	Mon Det=62832	Aux Det=235	O+H=3153	 DONE
01/09/2023 17:57:26:	set AO_S1Z (PXIDAQ2/ao2) to 3.000000Amps 6.000V DONE
01/09/2023 17:57:27:	13	count	time	10.000000s/cts	O Det=203	H Det=2431	Mon Det=63172	Aux Det=404	O+H=3038	 DONE
01/09/2023 17:57:39:	close file and end scan	 DONE
01/09/2023 17:57:40:	END OF SCRIPT	 DONE
