14/09/2023 00:21:24:	start execution of script D:\data\Cycle 192ter\exp_3-16-14\rawdata\sc\TOF_vs_chi_S2_19pt_pi16_1500s.sc	 DONE
14/09/2023 00:21:24:	function generator:  GPIB1::8 fn1=SIN *am1=0.0 *fr1=0 *ph1=0 of1=0 bt1=3 DONE
14/09/2023 00:21:25:	function generator:  GPIB1::8 fn2=SIN *am2=0.0 *fr2=0 *ph2=0 of2=0 bt2=3 DONE
14/09/2023 00:21:26:	move motor	S18.axis2.phaseshifter 1 to -1.500000deg	reached -1.50513  DONE
14/09/2023 00:21:30:	function generator:  GPIB1::8 fn2=SIN *am2=0.51 *fr2=10000 *ph2=0 of2=0 bt2=4 dy2=0us DONE
14/09/2023 00:21:31:	function generator:  GPIB1::8 start2 DONE
14/09/2023 00:21:32:	create file	D:\data\Cycle 192ter\exp_3-16-14\rawdata\sc\TOF_vs_chi_S2_19pt_pi16_1500s_14Sep0021.dat	 DONE
14/09/2023 00:21:33:	1	TOF	4	time=1500	period=404µ	binwidth=3µ	delay=95µO Det=13910	H Det=209	Mon Det=31434	Aux Det=20974	O+H=14119	 DONE
14/09/2023 00:46:37:	function generator:  GPIB1::8 stop2 DONE
14/09/2023 00:46:38:	close file and end scan	 DONE
call of TOF_S2_pi16_1500s.sc DONE
14/09/2023 00:46:39:	move motor	S18.axis2.phaseshifter 1 to -1.333333deg	reached -1.32935  DONE
14/09/2023 00:46:42:	function generator:  GPIB1::8 fn2=SIN *am2=0.51 *fr2=10000 *ph2=0 of2=0 bt2=4 dy2=0us DONE
14/09/2023 00:46:43:	function generator:  GPIB1::8 start2 DONE
14/09/2023 00:46:44:	create file	D:\data\Cycle 192ter\exp_3-16-14\rawdata\sc\TOF_vs_chi_S2_19pt_pi16_1500s_14Sep0046.dat	 DONE
14/09/2023 00:46:44:	1	TOF	4	time=1500	period=404µ	binwidth=3µ	delay=95µO Det=15853	H Det=209	Mon Det=31434	Aux Det=44510	O+H=16062	 DONE
14/09/2023 01:11:48:	function generator:  GPIB1::8 stop2 DONE
14/09/2023 01:11:49:	close file and end scan	 DONE
call of TOF_S2_pi16_1500s.sc DONE
14/09/2023 01:11:50:	move motor	S18.axis2.phaseshifter 1 to -1.166666deg	reached -1.16455  DONE
14/09/2023 01:11:53:	function generator:  GPIB1::8 fn2=SIN *am2=0.51 *fr2=10000 *ph2=0 of2=0 bt2=4 dy2=0us DONE
14/09/2023 01:11:54:	function generator:  GPIB1::8 start2 DONE
14/09/2023 01:11:55:	create file	D:\data\Cycle 192ter\exp_3-16-14\rawdata\sc\TOF_vs_chi_S2_19pt_pi16_1500s_14Sep0111.dat	 DONE
14/09/2023 01:11:55:	1	TOF	4	time=1500	period=404µ	binwidth=3µ	delay=95µO Det=23144	H Det=209	Mon Det=31434	Aux Det=78841	O+H=23353	 DONE
14/09/2023 01:36:59:	function generator:  GPIB1::8 stop2 DONE
14/09/2023 01:37:00:	close file and end scan	 DONE
call of TOF_S2_pi16_1500s.sc DONE
14/09/2023 01:37:01:	move motor	S18.axis2.phaseshifter 1 to -0.999999deg	reached -1.01074  DONE
14/09/2023 01:37:04:	function generator:  GPIB1::8 fn2=SIN *am2=0.51 *fr2=10000 *ph2=0 of2=0 bt2=4 dy2=0us DONE
14/09/2023 01:37:05:	function generator:  GPIB1::8 start2 DONE
14/09/2023 01:37:06:	create file	D:\data\Cycle 192ter\exp_3-16-14\rawdata\sc\TOF_vs_chi_S2_19pt_pi16_1500s_14Sep0137.dat	 DONE
14/09/2023 01:37:06:	1	TOF	4	time=1500	period=404µ	binwidth=3µ	delay=95µO Det=34404	H Det=209	Mon Det=31434	Aux Det=119548	O+H=34613	 DONE
14/09/2023 02:02:10:	function generator:  GPIB1::8 stop2 DONE
14/09/2023 02:02:11:	close file and end scan	 DONE
call of TOF_S2_pi16_1500s.sc DONE
14/09/2023 02:02:12:	move motor	S18.axis2.phaseshifter 1 to -0.833332deg	reached -0.83496  DONE
14/09/2023 02:02:15:	function generator:  GPIB1::8 fn2=SIN *am2=0.51 *fr2=10000 *ph2=0 of2=0 bt2=4 dy2=0us DONE
14/09/2023 02:02:16:	function generator:  GPIB1::8 start2 DONE
14/09/2023 02:02:17:	create file	D:\data\Cycle 192ter\exp_3-16-14\rawdata\sc\TOF_vs_chi_S2_19pt_pi16_1500s_14Sep0202.dat	 DONE
14/09/2023 02:02:18:	1	TOF	4	time=1500	period=404µ	binwidth=3µ	delay=95µO Det=45437	H Det=209	Mon Det=31434	Aux Det=152235	O+H=45646	 DONE
14/09/2023 02:27:21:	function generator:  GPIB1::8 stop2 DONE
14/09/2023 02:27:22:	close file and end scan	 DONE
call of TOF_S2_pi16_1500s.sc DONE
14/09/2023 02:27:23:	move motor	S18.axis2.phaseshifter 1 to -0.666665deg	reached -0.67017  DONE
14/09/2023 02:27:27:	function generator:  GPIB1::8 fn2=SIN *am2=0.51 *fr2=10000 *ph2=0 of2=0 bt2=4 dy2=0us DONE
14/09/2023 02:27:28:	function generator:  GPIB1::8 start2 DONE
14/09/2023 02:27:28:	create file	D:\data\Cycle 192ter\exp_3-16-14\rawdata\sc\TOF_vs_chi_S2_19pt_pi16_1500s_14Sep0227.dat	 DONE
14/09/2023 02:27:29:	1	TOF	4	time=1500	period=404µ	binwidth=3µ	delay=95µO Det=55259	H Det=209	Mon Det=31434	Aux Det=171406	O+H=55468	 DONE
14/09/2023 02:52:33:	function generator:  GPIB1::8 stop2 DONE
14/09/2023 02:52:34:	close file and end scan	 DONE
call of TOF_S2_pi16_1500s.sc DONE
14/09/2023 02:52:35:	move motor	S18.axis2.phaseshifter 1 to -0.499998deg	reached -0.50537  DONE
14/09/2023 02:52:38:	function generator:  GPIB1::8 fn2=SIN *am2=0.51 *fr2=10000 *ph2=0 of2=0 bt2=4 dy2=0us DONE
14/09/2023 02:52:39:	function generator:  GPIB1::8 start2 DONE
14/09/2023 02:52:40:	create file	D:\data\Cycle 192ter\exp_3-16-14\rawdata\sc\TOF_vs_chi_S2_19pt_pi16_1500s_14Sep0252.dat	 DONE
14/09/2023 02:52:40:	1	TOF	4	time=1500	period=404µ	binwidth=3µ	delay=95µO Det=59774	H Det=209	Mon Det=31434	Aux Det=172881	O+H=59983	 DONE
14/09/2023 03:17:44:	function generator:  GPIB1::8 stop2 DONE
14/09/2023 03:17:45:	close file and end scan	 DONE
call of TOF_S2_pi16_1500s.sc DONE
14/09/2023 03:17:46:	move motor	S18.axis2.phaseshifter 1 to -0.333331deg	reached -0.32959  DONE
14/09/2023 03:17:49:	function generator:  GPIB1::8 fn2=SIN *am2=0.51 *fr2=10000 *ph2=0 of2=0 bt2=4 dy2=0us DONE
14/09/2023 03:17:50:	function generator:  GPIB1::8 start2 DONE
14/09/2023 03:17:51:	create file	D:\data\Cycle 192ter\exp_3-16-14\rawdata\sc\TOF_vs_chi_S2_19pt_pi16_1500s_14Sep0317.dat	 DONE
14/09/2023 03:17:51:	1	TOF	4	time=1500	period=404µ	binwidth=3µ	delay=95µO Det=59219	H Det=209	Mon Det=31434	Aux Det=153961	O+H=59428	 DONE
14/09/2023 03:42:55:	function generator:  GPIB1::8 stop2 DONE
14/09/2023 03:42:56:	close file and end scan	 DONE
call of TOF_S2_pi16_1500s.sc DONE
14/09/2023 03:42:57:	move motor	S18.axis2.phaseshifter 1 to -0.166664deg	reached -0.16479  DONE
14/09/2023 03:43:00:	function generator:  GPIB1::8 fn2=SIN *am2=0.51 *fr2=10000 *ph2=0 of2=0 bt2=4 dy2=0us DONE
14/09/2023 03:43:01:	function generator:  GPIB1::8 start2 DONE
14/09/2023 03:43:02:	create file	D:\data\Cycle 192ter\exp_3-16-14\rawdata\sc\TOF_vs_chi_S2_19pt_pi16_1500s_14Sep0343.dat	 DONE
14/09/2023 03:43:03:	1	TOF	4	time=1500	period=404µ	binwidth=3µ	delay=95µO Det=53032	H Det=209	Mon Det=31434	Aux Det=124710	O+H=53241	 DONE
14/09/2023 04:08:06:	function generator:  GPIB1::8 stop2 DONE
14/09/2023 04:08:07:	close file and end scan	 DONE
call of TOF_S2_pi16_1500s.sc DONE
14/09/2023 04:08:08:	move motor	S18.axis2.phaseshifter 1 to 0.000003deg	reached 0.00000  DONE
14/09/2023 04:08:11:	function generator:  GPIB1::8 fn2=SIN *am2=0.51 *fr2=10000 *ph2=0 of2=0 bt2=4 dy2=0us DONE
14/09/2023 04:08:12:	function generator:  GPIB1::8 start2 DONE
14/09/2023 04:08:13:	create file	D:\data\Cycle 192ter\exp_3-16-14\rawdata\sc\TOF_vs_chi_S2_19pt_pi16_1500s_14Sep0408.dat	 DONE
14/09/2023 04:08:14:	1	TOF	4	time=1500	period=404µ	binwidth=3µ	delay=95µO Det=43277	H Det=209	Mon Det=31434	Aux Det=87022	O+H=43486	 DONE
14/09/2023 04:33:17:	function generator:  GPIB1::8 stop2 DONE
14/09/2023 04:33:18:	close file and end scan	 DONE
call of TOF_S2_pi16_1500s.sc DONE
14/09/2023 04:33:19:	move motor	S18.axis2.phaseshifter 1 to 0.166670deg	reached 0.15381  DONE
14/09/2023 04:33:23:	function generator:  GPIB1::8 fn2=SIN *am2=0.51 *fr2=10000 *ph2=0 of2=0 bt2=4 dy2=0us DONE
14/09/2023 04:33:23:	function generator:  GPIB1::8 start2 DONE
14/09/2023 04:33:24:	create file	D:\data\Cycle 192ter\exp_3-16-14\rawdata\sc\TOF_vs_chi_S2_19pt_pi16_1500s_14Sep0433.dat	 DONE
14/09/2023 04:33:25:	1	TOF	4	time=1500	period=404µ	binwidth=3µ	delay=95µO Det=32591	H Det=209	Mon Det=31434	Aux Det=54251	O+H=32800	 DONE
14/09/2023 04:58:29:	function generator:  GPIB1::8 stop2 DONE
14/09/2023 04:58:30:	close file and end scan	 DONE
call of TOF_S2_pi16_1500s.sc DONE
14/09/2023 04:58:31:	move motor	S18.axis2.phaseshifter 1 to 0.333337deg	reached 0.31860  DONE
14/09/2023 04:58:34:	function generator:  GPIB1::8 fn2=SIN *am2=0.51 *fr2=10000 *ph2=0 of2=0 bt2=4 dy2=0us DONE
14/09/2023 04:58:35:	function generator:  GPIB1::8 start2 DONE
14/09/2023 04:58:36:	create file	D:\data\Cycle 192ter\exp_3-16-14\rawdata\sc\TOF_vs_chi_S2_19pt_pi16_1500s_14Sep0458.dat	 DONE
14/09/2023 04:58:36:	1	TOF	4	time=1500	period=404µ	binwidth=3µ	delay=95µO Det=22000	H Det=209	Mon Det=31434	Aux Det=27131	O+H=22209	 DONE
14/09/2023 05:23:40:	function generator:  GPIB1::8 stop2 DONE
14/09/2023 05:23:41:	close file and end scan	 DONE
call of TOF_S2_pi16_1500s.sc DONE
14/09/2023 05:23:42:	move motor	S18.axis2.phaseshifter 1 to 0.500004deg	reached 0.50537  DONE
14/09/2023 05:23:45:	function generator:  GPIB1::8 fn2=SIN *am2=0.51 *fr2=10000 *ph2=0 of2=0 bt2=4 dy2=0us DONE
14/09/2023 05:23:46:	function generator:  GPIB1::8 start2 DONE
14/09/2023 05:23:47:	create file	D:\data\Cycle 192ter\exp_3-16-14\rawdata\sc\TOF_vs_chi_S2_19pt_pi16_1500s_14Sep0523.dat	 DONE
14/09/2023 05:23:47:	1	TOF	4	time=1500	period=404µ	binwidth=3µ	delay=95µO Det=14351	H Det=209	Mon Det=31434	Aux Det=16279	O+H=14560	 DONE
14/09/2023 05:48:51:	function generator:  GPIB1::8 stop2 DONE
14/09/2023 05:48:52:	close file and end scan	 DONE
call of TOF_S2_pi16_1500s.sc DONE
14/09/2023 05:48:53:	move motor	S18.axis2.phaseshifter 1 to 0.666671deg	reached 0.67017  DONE
14/09/2023 05:48:56:	function generator:  GPIB1::8 fn2=SIN *am2=0.51 *fr2=10000 *ph2=0 of2=0 bt2=4 dy2=0us DONE
14/09/2023 05:48:57:	function generator:  GPIB1::8 start2 DONE
14/09/2023 05:48:58:	create file	D:\data\Cycle 192ter\exp_3-16-14\rawdata\sc\TOF_vs_chi_S2_19pt_pi16_1500s_14Sep0548.dat	 DONE
14/09/2023 05:48:59:	1	TOF	4	time=1500	period=404µ	binwidth=3µ	delay=95µO Det=11601	H Det=209	Mon Det=31434	Aux Det=23841	O+H=11810	 DONE
14/09/2023 06:14:02:	function generator:  GPIB1::8 stop2 DONE
14/09/2023 06:14:03:	close file and end scan	 DONE
call of TOF_S2_pi16_1500s.sc DONE
14/09/2023 06:14:04:	move motor	S18.axis2.phaseshifter 1 to 0.833338deg	reached 0.83496  DONE
14/09/2023 06:14:07:	function generator:  GPIB1::8 fn2=SIN *am2=0.51 *fr2=10000 *ph2=0 of2=0 bt2=4 dy2=0us DONE
14/09/2023 06:14:08:	function generator:  GPIB1::8 start2 DONE
14/09/2023 06:14:09:	create file	D:\data\Cycle 192ter\exp_3-16-14\rawdata\sc\TOF_vs_chi_S2_19pt_pi16_1500s_14Sep0614.dat	 DONE
14/09/2023 06:14:10:	1	TOF	4	time=1500	period=404µ	binwidth=3µ	delay=95µO Det=15135	H Det=209	Mon Det=31434	Aux Det=48449	O+H=15344	 DONE
14/09/2023 06:39:14:	function generator:  GPIB1::8 stop2 DONE
14/09/2023 06:39:14:	close file and end scan	 DONE
call of TOF_S2_pi16_1500s.sc DONE
14/09/2023 06:39:16:	move motor	S18.axis2.phaseshifter 1 to 1.000005deg	reached 0.99976  DONE
14/09/2023 06:39:19:	function generator:  GPIB1::8 fn2=SIN *am2=0.51 *fr2=10000 *ph2=0 of2=0 bt2=4 dy2=0us DONE
14/09/2023 06:39:20:	function generator:  GPIB1::8 start2 DONE
14/09/2023 06:39:20:	create file	D:\data\Cycle 192ter\exp_3-16-14\rawdata\sc\TOF_vs_chi_S2_19pt_pi16_1500s_14Sep0639.dat	 DONE
14/09/2023 06:39:21:	1	TOF	4	time=1500	period=404µ	binwidth=3µ	delay=95µO Det=22785	H Det=209	Mon Det=31434	Aux Det=80621	O+H=22994	 DONE
14/09/2023 07:04:25:	function generator:  GPIB1::8 stop2 DONE
14/09/2023 07:04:26:	close file and end scan	 DONE
call of TOF_S2_pi16_1500s.sc DONE
14/09/2023 07:04:27:	move motor	S18.axis2.phaseshifter 1 to 1.166672deg	reached 1.16455  DONE
14/09/2023 07:04:30:	function generator:  GPIB1::8 fn2=SIN *am2=0.51 *fr2=10000 *ph2=0 of2=0 bt2=4 dy2=0us DONE
14/09/2023 07:04:31:	function generator:  GPIB1::8 start2 DONE
14/09/2023 07:04:32:	create file	D:\data\Cycle 192ter\exp_3-16-14\rawdata\sc\TOF_vs_chi_S2_19pt_pi16_1500s_14Sep0704.dat	 DONE
14/09/2023 07:04:32:	1	TOF	4	time=1500	period=404µ	binwidth=3µ	delay=95µO Det=32820	H Det=209	Mon Det=31434	Aux Det=113820	O+H=33029	 DONE
14/09/2023 07:29:36:	function generator:  GPIB1::8 stop2 DONE
14/09/2023 07:29:37:	close file and end scan	 DONE
call of TOF_S2_pi16_1500s.sc DONE
14/09/2023 07:29:38:	move motor	S18.axis2.phaseshifter 1 to 1.333339deg	reached 1.32935  DONE
14/09/2023 07:29:41:	function generator:  GPIB1::8 fn2=SIN *am2=0.51 *fr2=10000 *ph2=0 of2=0 bt2=4 dy2=0us DONE
14/09/2023 07:29:42:	function generator:  GPIB1::8 start2 DONE
14/09/2023 07:29:43:	create file	D:\data\Cycle 192ter\exp_3-16-14\rawdata\sc\TOF_vs_chi_S2_19pt_pi16_1500s_14Sep0729.dat	 DONE
14/09/2023 07:29:44:	1	TOF	4	time=1500	period=404µ	binwidth=3µ	delay=95µO Det=42939	H Det=209	Mon Det=31434	Aux Det=141134	O+H=43148	 DONE
14/09/2023 07:54:47:	function generator:  GPIB1::8 stop2 DONE
14/09/2023 07:54:48:	close file and end scan	 DONE
call of TOF_S2_pi16_1500s.sc DONE
14/09/2023 07:54:49:	move motor	S18.axis2.phaseshifter 1 to 1.500006deg	reached 1.50513  DONE
14/09/2023 07:54:52:	function generator:  GPIB1::8 fn2=SIN *am2=0.51 *fr2=10000 *ph2=0 of2=0 bt2=4 dy2=0us DONE
14/09/2023 07:54:53:	function generator:  GPIB1::8 start2 DONE
14/09/2023 07:54:54:	create file	D:\data\Cycle 192ter\exp_3-16-14\rawdata\sc\TOF_vs_chi_S2_19pt_pi16_1500s_14Sep0754.dat	 DONE
14/09/2023 07:54:55:	1	TOF	4	time=1500	period=404µ	binwidth=3µ	delay=95µO Det=51148	H Det=209	Mon Det=31434	Aux Det=153921	O+H=51357	 DONE
14/09/2023 08:19:58:	function generator:  GPIB1::8 stop2 DONE
14/09/2023 08:19:59:	close file and end scan	 DONE
call of TOF_S2_pi16_1500s.sc DONE
14/09/2023 08:20:00:	close file and end scan	 DONE
14/09/2023 08:20:01:	END OF SCRIPT	 DONE
