08/09/2023 19:59:12:	start execution of script D:\data\Cycle 192ter\exp_3-16-14\rawdata\sc\TOF_A1_alpha_ifg.sc	 DONE
08/09/2023 19:59:12:	function generator:  GPIB1::8 fn1=SIN *am1=0.235 *fr1=10000 *ph1=0 of1=0 bt1=4 dy1=29.43us DONE
08/09/2023 19:59:13:	function generator:  GPIB1::8 start1 DONE
08/09/2023 19:59:14:	create file	D:\data\Cycle 192ter\exp_3-16-14\rawdata\sc\ifg_TOF_A1_08Sep1959.dat	 DONE
room to enter remarks DONE
08/09/2023 19:59:15:	move motor	S18.axis2.phaseshifter 1 to -2.000000deg	 DONE
08/09/2023 19:59:19:	1	TOF	5	time=20	period=434µ	binwidth=3µ	delay=95µO Det=275	H Det=365	Mon Det=32483	Aux Det=282	O+H=640	 DONE
08/09/2023 19:59:43:	move motor	S18.axis2.phaseshifter 1 to -1.800000deg	 DONE
08/09/2023 19:59:47:	2	TOF	5	time=20	period=434µ	binwidth=3µ	delay=95µO Det=192	H Det=365	Mon Det=32483	Aux Det=241	O+H=557	 DONE
08/09/2023 20:00:10:	move motor	S18.axis2.phaseshifter 1 to -1.600000deg	 DONE
08/09/2023 20:00:14:	3	TOF	5	time=20	period=434µ	binwidth=3µ	delay=95µO Det=176	H Det=365	Mon Det=32483	Aux Det=426	O+H=541	 DONE
08/09/2023 20:00:38:	move motor	S18.axis2.phaseshifter 1 to -1.400000deg	 DONE
08/09/2023 20:00:42:	4	TOF	5	time=20	period=434µ	binwidth=3µ	delay=95µO Det=258	H Det=365	Mon Det=32483	Aux Det=798	O+H=623	 DONE
08/09/2023 20:01:06:	move motor	S18.axis2.phaseshifter 1 to -1.200000deg	 DONE
08/09/2023 20:01:10:	5	TOF	5	time=20	period=434µ	binwidth=3µ	delay=95µO Det=397	H Det=365	Mon Det=32483	Aux Det=1262	O+H=762	 DONE
08/09/2023 20:01:33:	move motor	S18.axis2.phaseshifter 1 to -1.000000deg	 DONE
08/09/2023 20:01:38:	6	TOF	5	time=20	period=434µ	binwidth=3µ	delay=95µO Det=564	H Det=365	Mon Det=32483	Aux Det=1665	O+H=929	 DONE
08/09/2023 20:02:01:	move motor	S18.axis2.phaseshifter 1 to -0.800000deg	 DONE
08/09/2023 20:02:05:	7	TOF	5	time=20	period=434µ	binwidth=3µ	delay=95µO Det=704	H Det=365	Mon Det=32483	Aux Det=1720	O+H=1069	 DONE
08/09/2023 20:02:29:	move motor	S18.axis2.phaseshifter 1 to -0.600000deg	 DONE
08/09/2023 20:02:33:	8	TOF	5	time=20	period=434µ	binwidth=3µ	delay=95µO Det=598	H Det=365	Mon Det=32483	Aux Det=1504	O+H=963	 DONE
08/09/2023 20:02:56:	move motor	S18.axis2.phaseshifter 1 to -0.400000deg	 DONE
08/09/2023 20:03:00:	9	TOF	5	time=20	period=434µ	binwidth=3µ	delay=95µO Det=541	H Det=365	Mon Det=32483	Aux Det=1203	O+H=906	 DONE
08/09/2023 20:03:24:	move motor	S18.axis2.phaseshifter 1 to -0.200000deg	 DONE
08/09/2023 20:03:28:	10	TOF	5	time=20	period=434µ	binwidth=3µ	delay=95µO Det=480	H Det=365	Mon Det=32483	Aux Det=801	O+H=845	 DONE
08/09/2023 20:03:52:	move motor	S18.axis2.phaseshifter 1 to 0.000000deg	 DONE
08/09/2023 20:03:56:	11	TOF	5	time=20	period=434µ	binwidth=3µ	delay=95µO Det=327	H Det=365	Mon Det=32483	Aux Det=372	O+H=692	 DONE
08/09/2023 20:04:19:	move motor	S18.axis2.phaseshifter 1 to 0.200000deg	 DONE
08/09/2023 20:04:23:	12	TOF	5	time=20	period=434µ	binwidth=3µ	delay=95µO Det=206	H Det=365	Mon Det=32483	Aux Det=221	O+H=571	 DONE
08/09/2023 20:04:47:	move motor	S18.axis2.phaseshifter 1 to 0.400000deg	 DONE
08/09/2023 20:04:51:	13	TOF	5	time=20	period=434µ	binwidth=3µ	delay=95µO Det=167	H Det=365	Mon Det=32483	Aux Det=326	O+H=532	 DONE
08/09/2023 20:05:14:	move motor	S18.axis2.phaseshifter 1 to 0.600000deg	 DONE
08/09/2023 20:05:18:	14	TOF	5	time=20	period=434µ	binwidth=3µ	delay=95µO Det=246	H Det=365	Mon Det=32483	Aux Det=675	O+H=611	 DONE
08/09/2023 20:05:42:	move motor	S18.axis2.phaseshifter 1 to 0.800000deg	 DONE
08/09/2023 20:05:46:	15	TOF	5	time=20	period=434µ	binwidth=3µ	delay=95µO Det=372	H Det=365	Mon Det=32483	Aux Det=1203	O+H=737	 DONE
08/09/2023 20:06:10:	move motor	S18.axis2.phaseshifter 1 to 1.000000deg	 DONE
08/09/2023 20:06:13:	16	TOF	5	time=20	period=434µ	binwidth=3µ	delay=95µO Det=484	H Det=365	Mon Det=32483	Aux Det=1484	O+H=849	 DONE
08/09/2023 20:06:37:	move motor	S18.axis2.phaseshifter 1 to 1.200000deg	 DONE
08/09/2023 20:06:41:	17	TOF	5	time=20	period=434µ	binwidth=3µ	delay=95µO Det=640	H Det=365	Mon Det=32483	Aux Det=1833	O+H=1005	 DONE
08/09/2023 20:07:05:	move motor	S18.axis2.phaseshifter 1 to 1.400000deg	 DONE
08/09/2023 20:07:09:	18	TOF	5	time=20	period=434µ	binwidth=3µ	delay=95µO Det=634	H Det=365	Mon Det=32483	Aux Det=1594	O+H=999	 DONE
08/09/2023 20:07:32:	move motor	S18.axis2.phaseshifter 1 to 1.600000deg	 DONE
08/09/2023 20:07:36:	19	TOF	5	time=20	period=434µ	binwidth=3µ	delay=95µO Det=651	H Det=365	Mon Det=32483	Aux Det=1353	O+H=1016	 DONE
08/09/2023 20:08:00:	move motor	S18.axis2.phaseshifter 1 to 1.800000deg	 DONE
08/09/2023 20:08:04:	20	TOF	5	time=20	period=434µ	binwidth=3µ	delay=95µO Det=494	H Det=365	Mon Det=32483	Aux Det=897	O+H=859	 DONE
08/09/2023 20:08:27:	move motor	S18.axis2.phaseshifter 1 to 2.000000deg	 DONE
08/09/2023 20:08:31:	21	TOF	5	time=20	period=434µ	binwidth=3µ	delay=95µO Det=358	H Det=365	Mon Det=32483	Aux Det=482	O+H=723	 DONE
08/09/2023 20:08:55:	function generator:  GPIB1::8 stop1 DONE
08/09/2023 20:08:56:	close file and end scan	 DONE
08/09/2023 20:08:56:	move motor	S18.axis2.phaseshifter 1 to fit AUX COS45	-0.559818reached -0.56030  DONE
call of ifg_TOF_A1.sc DONE
08/09/2023 20:09:01:	function generator:  GPIB1::8 start1 DONE
08/09/2023 20:09:02:	create file	D:\data\Cycle 192ter\exp_3-16-14\rawdata\sc\TOF_A1_alpha_ifg_08Sep2009.dat	 DONE
08/09/2023 20:09:02:	1	TOF	4	time=1200	period=434µ	binwidth=3µ	delay=126µO Det=38635	H Det=365	Mon Det=32483	Aux Det=97015	O+H=39000	 DONE
08/09/2023 20:29:06:	function generator:  GPIB1::8 stop1 DONE
08/09/2023 20:29:07:	close file and end scan	 DONE
08/09/2023 20:29:07:	function generator:  GPIB1::8 fn1=SIN *am1=0.49 *fr1=10000 *ph1=0 of1=0 bt1=4 dy1=29.43us DONE
08/09/2023 20:29:08:	function generator:  GPIB1::8 start1 DONE
08/09/2023 20:29:09:	create file	D:\data\Cycle 192ter\exp_3-16-14\rawdata\sc\ifg_TOF_A1_08Sep2029.dat	 DONE
room to enter remarks DONE
08/09/2023 20:29:10:	move motor	S18.axis2.phaseshifter 1 to -2.000000deg	 DONE
08/09/2023 20:29:15:	1	TOF	5	time=20	period=434µ	binwidth=3µ	delay=95µO Det=396	H Det=365	Mon Det=32483	Aux Det=449	O+H=761	 DONE
08/09/2023 20:29:38:	move motor	S18.axis2.phaseshifter 1 to -1.800000deg	 DONE
08/09/2023 20:29:42:	2	TOF	5	time=20	period=434µ	binwidth=3µ	delay=95µO Det=222	H Det=365	Mon Det=32483	Aux Det=227	O+H=587	 DONE
08/09/2023 20:30:06:	move motor	S18.axis2.phaseshifter 1 to -1.600000deg	 DONE
08/09/2023 20:30:10:	3	TOF	5	time=20	period=434µ	binwidth=3µ	delay=95µO Det=199	H Det=365	Mon Det=32483	Aux Det=294	O+H=564	 DONE
08/09/2023 20:30:33:	move motor	S18.axis2.phaseshifter 1 to -1.400000deg	 DONE
08/09/2023 20:30:37:	4	TOF	5	time=20	period=434µ	binwidth=3µ	delay=95µO Det=212	H Det=365	Mon Det=32483	Aux Det=539	O+H=577	 DONE
08/09/2023 20:31:01:	move motor	S18.axis2.phaseshifter 1 to -1.200000deg	 DONE
08/09/2023 20:31:05:	5	TOF	5	time=20	period=434µ	binwidth=3µ	delay=95µO Det=328	H Det=365	Mon Det=32483	Aux Det=1062	O+H=693	 DONE
08/09/2023 20:31:29:	move motor	S18.axis2.phaseshifter 1 to -1.000000deg	 DONE
08/09/2023 20:31:33:	6	TOF	5	time=20	period=434µ	binwidth=3µ	delay=95µO Det=438	H Det=365	Mon Det=32483	Aux Det=1532	O+H=803	 DONE
08/09/2023 20:31:56:	move motor	S18.axis2.phaseshifter 1 to -0.800000deg	 DONE
08/09/2023 20:32:00:	7	TOF	5	time=20	period=434µ	binwidth=3µ	delay=95µO Det=609	H Det=365	Mon Det=32483	Aux Det=1712	O+H=974	 DONE
08/09/2023 20:32:24:	move motor	S18.axis2.phaseshifter 1 to -0.600000deg	 DONE
08/09/2023 20:32:28:	8	TOF	5	time=20	period=434µ	binwidth=3µ	delay=95µO Det=627	H Det=365	Mon Det=32483	Aux Det=1782	O+H=992	 DONE
08/09/2023 20:32:52:	move motor	S18.axis2.phaseshifter 1 to -0.400000deg	 DONE
08/09/2023 20:32:56:	9	TOF	5	time=20	period=434µ	binwidth=3µ	delay=95µO Det=602	H Det=365	Mon Det=32483	Aux Det=1388	O+H=967	 DONE
08/09/2023 20:33:19:	move motor	S18.axis2.phaseshifter 1 to -0.200000deg	 DONE
08/09/2023 20:33:23:	10	TOF	5	time=20	period=434µ	binwidth=3µ	delay=95µO Det=543	H Det=365	Mon Det=32483	Aux Det=887	O+H=908	 DONE
08/09/2023 20:33:47:	move motor	S18.axis2.phaseshifter 1 to 0.000000deg	 DONE
08/09/2023 20:33:51:	11	TOF	5	time=20	period=434µ	binwidth=3µ	delay=95µO Det=363	H Det=365	Mon Det=32483	Aux Det=448	O+H=728	 DONE
08/09/2023 20:34:14:	move motor	S18.axis2.phaseshifter 1 to 0.200000deg	 DONE
08/09/2023 20:34:18:	12	TOF	5	time=20	period=434µ	binwidth=3µ	delay=95µO Det=273	H Det=365	Mon Det=32483	Aux Det=257	O+H=638	 DONE
08/09/2023 20:34:42:	move motor	S18.axis2.phaseshifter 1 to 0.400000deg	 DONE
08/09/2023 20:34:46:	13	TOF	5	time=20	period=434µ	binwidth=3µ	delay=95µO Det=188	H Det=365	Mon Det=32483	Aux Det=255	O+H=553	 DONE
08/09/2023 20:35:10:	move motor	S18.axis2.phaseshifter 1 to 0.600000deg	 DONE
08/09/2023 20:35:14:	14	TOF	5	time=20	period=434µ	binwidth=3µ	delay=95µO Det=201	H Det=365	Mon Det=32483	Aux Det=535	O+H=566	 DONE
08/09/2023 20:35:38:	move motor	S18.axis2.phaseshifter 1 to 0.800000deg	 DONE
08/09/2023 20:35:42:	15	TOF	5	time=20	period=434µ	binwidth=3µ	delay=95µO Det=285	H Det=365	Mon Det=32483	Aux Det=984	O+H=650	 DONE
08/09/2023 20:36:05:	move motor	S18.axis2.phaseshifter 1 to 1.000000deg	 DONE
08/09/2023 20:36:09:	16	TOF	5	time=20	period=434µ	binwidth=3µ	delay=95µO Det=431	H Det=365	Mon Det=32483	Aux Det=1477	O+H=796	 DONE
08/09/2023 20:36:33:	move motor	S18.axis2.phaseshifter 1 to 1.200000deg	 DONE
08/09/2023 20:36:37:	17	TOF	5	time=20	period=434µ	binwidth=3µ	delay=95µO Det=541	H Det=365	Mon Det=32483	Aux Det=1666	O+H=906	 DONE
08/09/2023 20:37:00:	move motor	S18.axis2.phaseshifter 1 to 1.400000deg	 DONE
08/09/2023 20:37:04:	18	TOF	5	time=20	period=434µ	binwidth=3µ	delay=95µO Det=628	H Det=365	Mon Det=32483	Aux Det=1803	O+H=993	 DONE
08/09/2023 20:37:28:	move motor	S18.axis2.phaseshifter 1 to 1.600000deg	 DONE
08/09/2023 20:37:32:	19	TOF	5	time=20	period=434µ	binwidth=3µ	delay=95µO Det=624	H Det=365	Mon Det=32483	Aux Det=1441	O+H=989	 DONE
08/09/2023 20:37:56:	move motor	S18.axis2.phaseshifter 1 to 1.800000deg	 DONE
08/09/2023 20:38:00:	20	TOF	5	time=20	period=434µ	binwidth=3µ	delay=95µO Det=529	H Det=365	Mon Det=32483	Aux Det=1052	O+H=894	 DONE
08/09/2023 20:38:23:	move motor	S18.axis2.phaseshifter 1 to 2.000000deg	 DONE
08/09/2023 20:38:27:	21	TOF	5	time=20	period=434µ	binwidth=3µ	delay=95µO Det=395	H Det=365	Mon Det=32483	Aux Det=654	O+H=760	 DONE
08/09/2023 20:38:51:	function generator:  GPIB1::8 stop1 DONE
08/09/2023 20:38:52:	close file and end scan	 DONE
08/09/2023 20:38:52:	move motor	S18.axis2.phaseshifter 1 to fit AUX COS45	-0.471796reached -0.47241  DONE
call of ifg_TOF_A1.sc DONE
08/09/2023 20:38:57:	function generator:  GPIB1::8 start1 DONE
08/09/2023 20:38:58:	create file	D:\data\Cycle 192ter\exp_3-16-14\rawdata\sc\TOF_A1_alpha_ifg_08Sep2038.dat	 DONE
08/09/2023 20:38:58:	1	TOF	4	time=1200	period=434µ	binwidth=3µ	delay=126µO Det=39106	H Det=365	Mon Det=32483	Aux Det=95926	O+H=39471	 DONE
08/09/2023 20:59:02:	function generator:  GPIB1::8 stop1 DONE
08/09/2023 20:59:03:	close file and end scan	 DONE
08/09/2023 20:59:03:	function generator:  GPIB1::8 fn1=SIN *am1=0.75 *fr1=10000 *ph1=0 of1=0 bt1=4 dy1=29.43us DONE
08/09/2023 20:59:04:	function generator:  GPIB1::8 start1 DONE
08/09/2023 20:59:05:	create file	D:\data\Cycle 192ter\exp_3-16-14\rawdata\sc\ifg_TOF_A1_08Sep2059.dat	 DONE
room to enter remarks DONE
08/09/2023 20:59:06:	move motor	S18.axis2.phaseshifter 1 to -2.000000deg	 DONE
08/09/2023 20:59:10:	1	TOF	5	time=20	period=434µ	binwidth=3µ	delay=95µO Det=393	H Det=365	Mon Det=32483	Aux Det=603	O+H=758	 DONE
08/09/2023 20:59:34:	move motor	S18.axis2.phaseshifter 1 to -1.800000deg	 DONE
08/09/2023 20:59:38:	2	TOF	5	time=20	period=434µ	binwidth=3µ	delay=95µO Det=292	H Det=365	Mon Det=32483	Aux Det=306	O+H=657	 DONE
08/09/2023 21:00:02:	move motor	S18.axis2.phaseshifter 1 to -1.600000deg	 DONE
08/09/2023 21:00:06:	3	TOF	5	time=20	period=434µ	binwidth=3µ	delay=95µO Det=211	H Det=365	Mon Det=32483	Aux Det=285	O+H=576	 DONE
08/09/2023 21:00:29:	move motor	S18.axis2.phaseshifter 1 to -1.400000deg	 DONE
08/09/2023 21:00:34:	4	TOF	5	time=20	period=434µ	binwidth=3µ	delay=95µO Det=195	H Det=365	Mon Det=32483	Aux Det=553	O+H=560	 DONE
08/09/2023 21:00:57:	move motor	S18.axis2.phaseshifter 1 to -1.200000deg	 DONE
08/09/2023 21:01:01:	5	TOF	5	time=20	period=434µ	binwidth=3µ	delay=95µO Det=323	H Det=365	Mon Det=32483	Aux Det=990	O+H=688	 DONE
08/09/2023 21:01:25:	move motor	S18.axis2.phaseshifter 1 to -1.000000deg	 DONE
08/09/2023 21:01:29:	6	TOF	5	time=20	period=434µ	binwidth=3µ	delay=95µO Det=430	H Det=365	Mon Det=32483	Aux Det=1364	O+H=795	 DONE
08/09/2023 21:01:52:	move motor	S18.axis2.phaseshifter 1 to -0.800000deg	 DONE
08/09/2023 21:01:56:	7	TOF	5	time=20	period=434µ	binwidth=3µ	delay=95µO Det=558	H Det=365	Mon Det=32483	Aux Det=1702	O+H=923	 DONE
08/09/2023 21:02:20:	move motor	S18.axis2.phaseshifter 1 to -0.600000deg	 DONE
08/09/2023 21:02:24:	8	TOF	5	time=20	period=434µ	binwidth=3µ	delay=95µO Det=675	H Det=365	Mon Det=32483	Aux Det=1700	O+H=1040	 DONE
08/09/2023 21:02:48:	move motor	S18.axis2.phaseshifter 1 to -0.400000deg	 DONE
08/09/2023 21:02:52:	9	TOF	5	time=20	period=434µ	binwidth=3µ	delay=95µO Det=613	H Det=365	Mon Det=32483	Aux Det=1560	O+H=978	 DONE
08/09/2023 21:03:15:	move motor	S18.axis2.phaseshifter 1 to -0.200000deg	 DONE
08/09/2023 21:03:19:	10	TOF	5	time=20	period=434µ	binwidth=3µ	delay=95µO Det=509	H Det=365	Mon Det=32483	Aux Det=1008	O+H=874	 DONE
08/09/2023 21:03:43:	move motor	S18.axis2.phaseshifter 1 to 0.000000deg	 DONE
08/09/2023 21:03:47:	11	TOF	5	time=20	period=434µ	binwidth=3µ	delay=95µO Det=402	H Det=365	Mon Det=32483	Aux Det=617	O+H=767	 DONE
08/09/2023 21:04:11:	move motor	S18.axis2.phaseshifter 1 to 0.200000deg	 DONE
08/09/2023 21:04:14:	12	TOF	5	time=20	period=434µ	binwidth=3µ	delay=95µO Det=281	H Det=365	Mon Det=32483	Aux Det=307	O+H=646	 DONE
08/09/2023 21:04:38:	move motor	S18.axis2.phaseshifter 1 to 0.400000deg	 DONE
08/09/2023 21:04:42:	13	TOF	5	time=20	period=434µ	binwidth=3µ	delay=95µO Det=233	H Det=365	Mon Det=32483	Aux Det=228	O+H=598	 DONE
08/09/2023 21:05:06:	move motor	S18.axis2.phaseshifter 1 to 0.600000deg	 DONE
08/09/2023 21:05:10:	14	TOF	5	time=20	period=434µ	binwidth=3µ	delay=95µO Det=219	H Det=365	Mon Det=32483	Aux Det=499	O+H=584	 DONE
08/09/2023 21:05:33:	move motor	S18.axis2.phaseshifter 1 to 0.800000deg	 DONE
08/09/2023 21:05:37:	15	TOF	5	time=20	period=434µ	binwidth=3µ	delay=95µO Det=301	H Det=365	Mon Det=32483	Aux Det=956	O+H=666	 DONE
08/09/2023 21:06:01:	move motor	S18.axis2.phaseshifter 1 to 1.000000deg	 DONE
08/09/2023 21:06:05:	16	TOF	5	time=20	period=434µ	binwidth=3µ	delay=95µO Det=435	H Det=365	Mon Det=32483	Aux Det=1347	O+H=800	 DONE
08/09/2023 21:06:29:	move motor	S18.axis2.phaseshifter 1 to 1.200000deg	 DONE
08/09/2023 21:06:33:	17	TOF	5	time=20	period=434µ	binwidth=3µ	delay=95µO Det=580	H Det=365	Mon Det=32483	Aux Det=1703	O+H=945	 DONE
08/09/2023 21:06:56:	move motor	S18.axis2.phaseshifter 1 to 1.400000deg	 DONE
08/09/2023 21:07:00:	18	TOF	5	time=20	period=434µ	binwidth=3µ	delay=95µO Det=625	H Det=365	Mon Det=32483	Aux Det=1825	O+H=990	 DONE
08/09/2023 21:07:24:	move motor	S18.axis2.phaseshifter 1 to 1.600000deg	 DONE
08/09/2023 21:07:28:	19	TOF	5	time=20	period=434µ	binwidth=3µ	delay=95µO Det=622	H Det=365	Mon Det=32483	Aux Det=1493	O+H=987	 DONE
08/09/2023 21:07:52:	move motor	S18.axis2.phaseshifter 1 to 1.800000deg	 DONE
08/09/2023 21:07:56:	20	TOF	5	time=20	period=434µ	binwidth=3µ	delay=95µO Det=574	H Det=365	Mon Det=32483	Aux Det=1242	O+H=939	 DONE
08/09/2023 21:08:19:	move motor	S18.axis2.phaseshifter 1 to 2.000000deg	 DONE
08/09/2023 21:08:23:	21	TOF	5	time=20	period=434µ	binwidth=3µ	delay=95µO Det=428	H Det=365	Mon Det=32483	Aux Det=854	O+H=793	 DONE
08/09/2023 21:08:47:	function generator:  GPIB1::8 stop1 DONE
08/09/2023 21:08:48:	close file and end scan	 DONE
08/09/2023 21:08:48:	move motor	S18.axis2.phaseshifter 1 to fit AUX COS45	-0.422587reached -0.41748  DONE
call of ifg_TOF_A1.sc DONE
08/09/2023 21:08:53:	function generator:  GPIB1::8 start1 DONE
08/09/2023 21:08:53:	create file	D:\data\Cycle 192ter\exp_3-16-14\rawdata\sc\TOF_A1_alpha_ifg_08Sep2108.dat	 DONE
08/09/2023 21:08:54:	1	TOF	4	time=1200	period=434µ	binwidth=3µ	delay=126µO Det=39412	H Det=365	Mon Det=32483	Aux Det=95707	O+H=39777	 DONE
08/09/2023 21:28:58:	function generator:  GPIB1::8 stop1 DONE
08/09/2023 21:28:58:	close file and end scan	 DONE
08/09/2023 21:28:59:	function generator:  GPIB1::8 fn1=SIN *am1=1.01 *fr1=10000 *ph1=0 of1=0 bt1=4 dy1=29.43us DONE
08/09/2023 21:29:00:	function generator:  GPIB1::8 start1 DONE
08/09/2023 21:29:01:	create file	D:\data\Cycle 192ter\exp_3-16-14\rawdata\sc\ifg_TOF_A1_08Sep2129.dat	 DONE
room to enter remarks DONE
08/09/2023 21:29:02:	move motor	S18.axis2.phaseshifter 1 to -2.000000deg	 DONE
08/09/2023 21:29:06:	1	TOF	5	time=20	period=434µ	binwidth=3µ	delay=95µO Det=430	H Det=365	Mon Det=32483	Aux Det=739	O+H=795	 DONE
08/09/2023 21:29:30:	move motor	S18.axis2.phaseshifter 1 to -1.800000deg	 DONE
08/09/2023 21:29:34:	2	TOF	5	time=20	period=434µ	binwidth=3µ	delay=95µO Det=301	H Det=365	Mon Det=32483	Aux Det=382	O+H=666	 DONE
08/09/2023 21:29:58:	move motor	S18.axis2.phaseshifter 1 to -1.600000deg	 DONE
08/09/2023 21:30:02:	3	TOF	5	time=20	period=434µ	binwidth=3µ	delay=95µO Det=237	H Det=365	Mon Det=32483	Aux Det=294	O+H=602	 DONE
08/09/2023 21:30:25:	move motor	S18.axis2.phaseshifter 1 to -1.400000deg	 DONE
08/09/2023 21:30:29:	4	TOF	5	time=20	period=434µ	binwidth=3µ	delay=95µO Det=244	H Det=365	Mon Det=32483	Aux Det=469	O+H=609	 DONE
08/09/2023 21:30:53:	move motor	S18.axis2.phaseshifter 1 to -1.200000deg	 DONE
08/09/2023 21:30:57:	5	TOF	5	time=20	period=434µ	binwidth=3µ	delay=95µO Det=341	H Det=365	Mon Det=32483	Aux Det=952	O+H=706	 DONE
08/09/2023 21:31:21:	move motor	S18.axis2.phaseshifter 1 to -1.000000deg	 DONE
08/09/2023 21:31:25:	6	TOF	5	time=20	period=434µ	binwidth=3µ	delay=95µO Det=453	H Det=365	Mon Det=32483	Aux Det=1323	O+H=818	 DONE
08/09/2023 21:31:48:	move motor	S18.axis2.phaseshifter 1 to -0.800000deg	 DONE
08/09/2023 21:31:52:	7	TOF	5	time=20	period=434µ	binwidth=3µ	delay=95µO Det=558	H Det=365	Mon Det=32483	Aux Det=1666	O+H=923	 DONE
08/09/2023 21:32:16:	move motor	S18.axis2.phaseshifter 1 to -0.600000deg	 DONE
08/09/2023 21:32:20:	8	TOF	5	time=20	period=434µ	binwidth=3µ	delay=95µO Det=639	H Det=365	Mon Det=32483	Aux Det=1834	O+H=1004	 DONE
08/09/2023 21:32:44:	move motor	S18.axis2.phaseshifter 1 to -0.400000deg	 DONE
08/09/2023 21:32:48:	9	TOF	5	time=20	period=434µ	binwidth=3µ	delay=95µO Det=649	H Det=365	Mon Det=32483	Aux Det=1534	O+H=1014	 DONE
08/09/2023 21:33:11:	move motor	S18.axis2.phaseshifter 1 to -0.200000deg	 DONE
08/09/2023 21:33:15:	10	TOF	5	time=20	period=434µ	binwidth=3µ	delay=95µO Det=550	H Det=365	Mon Det=32483	Aux Det=1167	O+H=915	 DONE
08/09/2023 21:33:39:	move motor	S18.axis2.phaseshifter 1 to 0.000000deg	 DONE
08/09/2023 21:33:43:	11	TOF	5	time=20	period=434µ	binwidth=3µ	delay=95µO Det=476	H Det=365	Mon Det=32483	Aux Det=698	O+H=841	 DONE
08/09/2023 21:34:06:	move motor	S18.axis2.phaseshifter 1 to 0.200000deg	 DONE
08/09/2023 21:34:10:	12	TOF	5	time=20	period=434µ	binwidth=3µ	delay=95µO Det=304	H Det=365	Mon Det=32483	Aux Det=376	O+H=669	 DONE
08/09/2023 21:34:34:	move motor	S18.axis2.phaseshifter 1 to 0.400000deg	 DONE
08/09/2023 21:34:38:	13	TOF	5	time=20	period=434µ	binwidth=3µ	delay=95µO Det=243	H Det=365	Mon Det=32483	Aux Det=293	O+H=608	 DONE
08/09/2023 21:35:01:	move motor	S18.axis2.phaseshifter 1 to 0.600000deg	 DONE
08/09/2023 21:35:05:	14	TOF	5	time=20	period=434µ	binwidth=3µ	delay=95µO Det=198	H Det=365	Mon Det=32483	Aux Det=446	O+H=563	 DONE
08/09/2023 21:35:29:	move motor	S18.axis2.phaseshifter 1 to 0.800000deg	 DONE
08/09/2023 21:35:33:	15	TOF	5	time=20	period=434µ	binwidth=3µ	delay=95µO Det=243	H Det=365	Mon Det=32483	Aux Det=796	O+H=608	 DONE
08/09/2023 21:35:57:	move motor	S18.axis2.phaseshifter 1 to 1.000000deg	 DONE
08/09/2023 21:36:00:	16	TOF	5	time=20	period=434µ	binwidth=3µ	delay=95µO Det=398	H Det=365	Mon Det=32483	Aux Det=1174	O+H=763	 DONE
08/09/2023 21:36:24:	move motor	S18.axis2.phaseshifter 1 to 1.200000deg	 DONE
08/09/2023 21:36:28:	17	TOF	5	time=20	period=434µ	binwidth=3µ	delay=95µO Det=535	H Det=365	Mon Det=32483	Aux Det=1694	O+H=900	 DONE
08/09/2023 21:36:52:	move motor	S18.axis2.phaseshifter 1 to 1.400000deg	 DONE
08/09/2023 21:36:56:	18	TOF	5	time=20	period=434µ	binwidth=3µ	delay=95µO Det=637	H Det=365	Mon Det=32483	Aux Det=1689	O+H=1002	 DONE
08/09/2023 21:37:19:	move motor	S18.axis2.phaseshifter 1 to 1.600000deg	 DONE
08/09/2023 21:37:23:	19	TOF	5	time=20	period=434µ	binwidth=3µ	delay=95µO Det=640	H Det=365	Mon Det=32483	Aux Det=1554	O+H=1005	 DONE
08/09/2023 21:37:47:	move motor	S18.axis2.phaseshifter 1 to 1.800000deg	 DONE
08/09/2023 21:37:51:	20	TOF	5	time=20	period=434µ	binwidth=3µ	delay=95µO Det=532	H Det=365	Mon Det=32483	Aux Det=1105	O+H=897	 DONE
08/09/2023 21:38:14:	move motor	S18.axis2.phaseshifter 1 to 2.000000deg	 DONE
08/09/2023 21:38:18:	21	TOF	5	time=20	period=434µ	binwidth=3µ	delay=95µO Det=464	H Det=365	Mon Det=32483	Aux Det=781	O+H=829	 DONE
08/09/2023 21:38:42:	function generator:  GPIB1::8 stop1 DONE
08/09/2023 21:38:43:	close file and end scan	 DONE
08/09/2023 21:38:43:	move motor	S18.axis2.phaseshifter 1 to fit AUX COS45	-0.383021reached -0.37354  DONE
call of ifg_TOF_A1.sc DONE
08/09/2023 21:38:48:	function generator:  GPIB1::8 start1 DONE
08/09/2023 21:38:49:	create file	D:\data\Cycle 192ter\exp_3-16-14\rawdata\sc\TOF_A1_alpha_ifg_08Sep2138.dat	 DONE
08/09/2023 21:38:49:	1	TOF	4	time=1200	period=434µ	binwidth=3µ	delay=126µO Det=38953	H Det=365	Mon Det=32483	Aux Det=96393	O+H=39318	 DONE
08/09/2023 21:58:53:	function generator:  GPIB1::8 stop1 DONE
08/09/2023 21:58:54:	close file and end scan	 DONE
08/09/2023 21:58:54:	function generator:  GPIB1::8 fn1=SIN *am1=1.3 *fr1=10000 *ph1=0 of1=0 bt1=4 dy1=29.43us DONE
08/09/2023 21:58:55:	function generator:  GPIB1::8 start1 DONE
08/09/2023 21:58:56:	create file	D:\data\Cycle 192ter\exp_3-16-14\rawdata\sc\ifg_TOF_A1_08Sep2158.dat	 DONE
room to enter remarks DONE
08/09/2023 21:58:57:	move motor	S18.axis2.phaseshifter 1 to -2.000000deg	 DONE
08/09/2023 21:59:02:	1	TOF	5	time=20	period=434µ	binwidth=3µ	delay=95µO Det=465	H Det=365	Mon Det=32483	Aux Det=788	O+H=830	 DONE
08/09/2023 21:59:25:	move motor	S18.axis2.phaseshifter 1 to -1.800000deg	 DONE
08/09/2023 21:59:29:	2	TOF	5	time=20	period=434µ	binwidth=3µ	delay=95µO Det=339	H Det=365	Mon Det=32483	Aux Det=434	O+H=704	 DONE
08/09/2023 21:59:53:	move motor	S18.axis2.phaseshifter 1 to -1.600000deg	 DONE
08/09/2023 21:59:57:	3	TOF	5	time=20	period=434µ	binwidth=3µ	delay=95µO Det=252	H Det=365	Mon Det=32483	Aux Det=313	O+H=617	 DONE
08/09/2023 22:00:20:	move motor	S18.axis2.phaseshifter 1 to -1.400000deg	 DONE
08/09/2023 22:00:24:	4	TOF	5	time=20	period=434µ	binwidth=3µ	delay=95µO Det=208	H Det=365	Mon Det=32483	Aux Det=460	O+H=573	 DONE
08/09/2023 22:00:48:	move motor	S18.axis2.phaseshifter 1 to -1.200000deg	 DONE
08/09/2023 22:00:52:	5	TOF	5	time=20	period=434µ	binwidth=3µ	delay=95µO Det=302	H Det=365	Mon Det=32483	Aux Det=887	O+H=667	 DONE
08/09/2023 22:01:16:	move motor	S18.axis2.phaseshifter 1 to -1.000000deg	 DONE
08/09/2023 22:01:20:	6	TOF	5	time=20	period=434µ	binwidth=3µ	delay=95µO Det=426	H Det=365	Mon Det=32483	Aux Det=1241	O+H=791	 DONE
08/09/2023 22:01:43:	move motor	S18.axis2.phaseshifter 1 to -0.800000deg	 DONE
08/09/2023 22:01:47:	7	TOF	5	time=20	period=434µ	binwidth=3µ	delay=95µO Det=540	H Det=365	Mon Det=32483	Aux Det=1579	O+H=905	 DONE
08/09/2023 22:02:11:	move motor	S18.axis2.phaseshifter 1 to -0.600000deg	 DONE
08/09/2023 22:02:15:	8	TOF	5	time=20	period=434µ	binwidth=3µ	delay=95µO Det=609	H Det=365	Mon Det=32483	Aux Det=1718	O+H=974	 DONE
08/09/2023 22:02:38:	move motor	S18.axis2.phaseshifter 1 to -0.400000deg	 DONE
08/09/2023 22:02:42:	9	TOF	5	time=20	period=434µ	binwidth=3µ	delay=95µO Det=680	H Det=365	Mon Det=32483	Aux Det=1606	O+H=1045	 DONE
08/09/2023 22:03:06:	move motor	S18.axis2.phaseshifter 1 to -0.200000deg	 DONE
08/09/2023 22:03:10:	10	TOF	5	time=20	period=434µ	binwidth=3µ	delay=95µO Det=559	H Det=365	Mon Det=32483	Aux Det=1244	O+H=924	 DONE
08/09/2023 22:03:34:	move motor	S18.axis2.phaseshifter 1 to 0.000000deg	 DONE
08/09/2023 22:03:38:	11	TOF	5	time=20	period=434µ	binwidth=3µ	delay=95µO Det=473	H Det=365	Mon Det=32483	Aux Det=733	O+H=838	 DONE
08/09/2023 22:04:01:	move motor	S18.axis2.phaseshifter 1 to 0.200000deg	 DONE
08/09/2023 22:04:05:	12	TOF	5	time=20	period=434µ	binwidth=3µ	delay=95µO Det=311	H Det=365	Mon Det=32483	Aux Det=445	O+H=676	 DONE
08/09/2023 22:04:29:	move motor	S18.axis2.phaseshifter 1 to 0.400000deg	 DONE
08/09/2023 22:04:33:	13	TOF	5	time=20	period=434µ	binwidth=3µ	delay=95µO Det=269	H Det=365	Mon Det=32483	Aux Det=325	O+H=634	 DONE
08/09/2023 22:04:56:	move motor	S18.axis2.phaseshifter 1 to 0.600000deg	 DONE
08/09/2023 22:05:00:	14	TOF	5	time=20	period=434µ	binwidth=3µ	delay=95µO Det=235	H Det=365	Mon Det=32483	Aux Det=390	O+H=600	 DONE
08/09/2023 22:05:24:	move motor	S18.axis2.phaseshifter 1 to 0.800000deg	 DONE
08/09/2023 22:05:28:	15	TOF	5	time=20	period=434µ	binwidth=3µ	delay=95µO Det=272	H Det=365	Mon Det=32483	Aux Det=748	O+H=637	 DONE
08/09/2023 22:05:52:	move motor	S18.axis2.phaseshifter 1 to 1.000000deg	 DONE
08/09/2023 22:05:56:	16	TOF	5	time=20	period=434µ	binwidth=3µ	delay=95µO Det=374	H Det=365	Mon Det=32483	Aux Det=1184	O+H=739	 DONE
08/09/2023 22:06:19:	move motor	S18.axis2.phaseshifter 1 to 1.200000deg	 DONE
08/09/2023 22:06:23:	17	TOF	5	time=20	period=434µ	binwidth=3µ	delay=95µO Det=539	H Det=365	Mon Det=32483	Aux Det=1543	O+H=904	 DONE
08/09/2023 22:06:47:	move motor	S18.axis2.phaseshifter 1 to 1.400000deg	 DONE
08/09/2023 22:06:51:	18	TOF	5	time=20	period=434µ	binwidth=3µ	delay=95µO Det=602	H Det=365	Mon Det=32483	Aux Det=1725	O+H=967	 DONE
08/09/2023 22:07:14:	move motor	S18.axis2.phaseshifter 1 to 1.600000deg	 DONE
08/09/2023 22:07:18:	19	TOF	5	time=20	period=434µ	binwidth=3µ	delay=95µO Det=645	H Det=365	Mon Det=32483	Aux Det=1677	O+H=1010	 DONE
08/09/2023 22:07:42:	move motor	S18.axis2.phaseshifter 1 to 1.800000deg	 DONE
08/09/2023 22:07:46:	20	TOF	5	time=20	period=434µ	binwidth=3µ	delay=95µO Det=593	H Det=365	Mon Det=32483	Aux Det=1375	O+H=958	 DONE
08/09/2023 22:08:10:	move motor	S18.axis2.phaseshifter 1 to 2.000000deg	 DONE
08/09/2023 22:08:14:	21	TOF	5	time=20	period=434µ	binwidth=3µ	delay=95µO Det=539	H Det=365	Mon Det=32483	Aux Det=913	O+H=904	 DONE
08/09/2023 22:08:37:	function generator:  GPIB1::8 stop1 DONE
08/09/2023 22:08:38:	close file and end scan	 DONE
08/09/2023 22:08:39:	move motor	S18.axis2.phaseshifter 1 to fit AUX COS45	-0.020735reached -0.01099  DONE
call of ifg_TOF_A1.sc DONE
08/09/2023 22:08:43:	function generator:  GPIB1::8 start1 DONE
08/09/2023 22:08:44:	create file	D:\data\Cycle 192ter\exp_3-16-14\rawdata\sc\TOF_A1_alpha_ifg_08Sep2208.dat	 DONE
08/09/2023 22:08:44:	1	TOF	4	time=1200	period=434µ	binwidth=3µ	delay=126µO Det=29978	H Det=365	Mon Det=32483	Aux Det=55498	O+H=30343	 DONE
08/09/2023 22:28:48:	function generator:  GPIB1::8 stop1 DONE
08/09/2023 22:28:49:	close file and end scan	 DONE
08/09/2023 22:28:49:	function generator:  GPIB1::8 fn1=SIN *am1=1.6 *fr1=10000 *ph1=0 of1=0 bt1=4 dy1=29.43us DONE
08/09/2023 22:28:50:	function generator:  GPIB1::8 start1 DONE
08/09/2023 22:28:51:	create file	D:\data\Cycle 192ter\exp_3-16-14\rawdata\sc\ifg_TOF_A1_08Sep2228.dat	 DONE
room to enter remarks DONE
08/09/2023 22:28:52:	move motor	S18.axis2.phaseshifter 1 to -2.000000deg	 DONE
08/09/2023 22:28:57:	1	TOF	5	time=20	period=434µ	binwidth=3µ	delay=95µO Det=474	H Det=365	Mon Det=32483	Aux Det=823	O+H=839	 DONE
08/09/2023 22:29:20:	move motor	S18.axis2.phaseshifter 1 to -1.800000deg	 DONE
08/09/2023 22:29:24:	2	TOF	5	time=20	period=434µ	binwidth=3µ	delay=95µO Det=384	H Det=365	Mon Det=32483	Aux Det=533	O+H=749	 DONE
08/09/2023 22:29:48:	move motor	S18.axis2.phaseshifter 1 to -1.600000deg	 DONE
08/09/2023 22:29:52:	3	TOF	5	time=20	period=434µ	binwidth=3µ	delay=95µO Det=248	H Det=365	Mon Det=32483	Aux Det=384	O+H=613	 DONE
08/09/2023 22:30:16:	move motor	S18.axis2.phaseshifter 1 to -1.400000deg	 DONE
08/09/2023 22:30:20:	4	TOF	5	time=20	period=434µ	binwidth=3µ	delay=95µO Det=263	H Det=365	Mon Det=32483	Aux Det=506	O+H=628	 DONE
08/09/2023 22:30:43:	move motor	S18.axis2.phaseshifter 1 to -1.200000deg	 DONE
08/09/2023 22:30:47:	5	TOF	5	time=20	period=434µ	binwidth=3µ	delay=95µO Det=284	H Det=365	Mon Det=32483	Aux Det=753	O+H=649	 DONE
08/09/2023 22:31:11:	move motor	S18.axis2.phaseshifter 1 to -1.000000deg	 DONE
08/09/2023 22:31:15:	6	TOF	5	time=20	period=434µ	binwidth=3µ	delay=95µO Det=347	H Det=365	Mon Det=32483	Aux Det=1178	O+H=712	 DONE
08/09/2023 22:31:39:	move motor	S18.axis2.phaseshifter 1 to -0.800000deg	 DONE
08/09/2023 22:31:43:	7	TOF	5	time=20	period=434µ	binwidth=3µ	delay=95µO Det=535	H Det=365	Mon Det=32483	Aux Det=1595	O+H=900	 DONE
08/09/2023 22:32:06:	move motor	S18.axis2.phaseshifter 1 to -0.600000deg	 DONE
08/09/2023 22:32:10:	8	TOF	5	time=20	period=434µ	binwidth=3µ	delay=95µO Det=622	H Det=365	Mon Det=32483	Aux Det=1747	O+H=987	 DONE
08/09/2023 22:32:34:	move motor	S18.axis2.phaseshifter 1 to -0.400000deg	 DONE
08/09/2023 22:32:38:	9	TOF	5	time=20	period=434µ	binwidth=3µ	delay=95µO Det=644	H Det=365	Mon Det=32483	Aux Det=1680	O+H=1009	 DONE
08/09/2023 22:33:02:	move motor	S18.axis2.phaseshifter 1 to -0.200000deg	 DONE
08/09/2023 22:33:06:	10	TOF	5	time=20	period=434µ	binwidth=3µ	delay=95µO Det=595	H Det=365	Mon Det=32483	Aux Det=1269	O+H=960	 DONE
08/09/2023 22:33:30:	move motor	S18.axis2.phaseshifter 1 to 0.000000deg	 DONE
08/09/2023 22:33:33:	11	TOF	5	time=20	period=434µ	binwidth=3µ	delay=95µO Det=493	H Det=365	Mon Det=32483	Aux Det=993	O+H=858	 DONE
08/09/2023 22:33:57:	move motor	S18.axis2.phaseshifter 1 to 0.200000deg	 DONE
08/09/2023 22:34:01:	12	TOF	5	time=20	period=434µ	binwidth=3µ	delay=95µO Det=381	H Det=365	Mon Det=32483	Aux Det=554	O+H=746	 DONE
08/09/2023 22:34:25:	move motor	S18.axis2.phaseshifter 1 to 0.400000deg	 DONE
08/09/2023 22:34:29:	13	TOF	5	time=20	period=434µ	binwidth=3µ	delay=95µO Det=272	H Det=365	Mon Det=32483	Aux Det=342	O+H=637	 DONE
08/09/2023 22:34:52:	move motor	S18.axis2.phaseshifter 1 to 0.600000deg	 DONE
08/09/2023 22:34:56:	14	TOF	5	time=20	period=434µ	binwidth=3µ	delay=95µO Det=234	H Det=365	Mon Det=32483	Aux Det=395	O+H=599	 DONE
08/09/2023 22:35:20:	move motor	S18.axis2.phaseshifter 1 to 0.800000deg	 DONE
08/09/2023 22:35:24:	15	TOF	5	time=20	period=434µ	binwidth=3µ	delay=95µO Det=278	H Det=365	Mon Det=32483	Aux Det=695	O+H=643	 DONE
08/09/2023 22:35:48:	move motor	S18.axis2.phaseshifter 1 to 1.000000deg	 DONE
08/09/2023 22:35:52:	16	TOF	5	time=20	period=434µ	binwidth=3µ	delay=95µO Det=374	H Det=365	Mon Det=32483	Aux Det=1122	O+H=739	 DONE
08/09/2023 22:36:15:	move motor	S18.axis2.phaseshifter 1 to 1.200000deg	 DONE
08/09/2023 22:36:20:	17	TOF	5	time=20	period=434µ	binwidth=3µ	delay=95µO Det=479	H Det=365	Mon Det=32483	Aux Det=1463	O+H=844	 DONE
08/09/2023 22:36:43:	move motor	S18.axis2.phaseshifter 1 to 1.400000deg	 DONE
08/09/2023 22:36:47:	18	TOF	5	time=20	period=434µ	binwidth=3µ	delay=95µO Det=631	H Det=365	Mon Det=32483	Aux Det=1702	O+H=996	 DONE
08/09/2023 22:37:11:	move motor	S18.axis2.phaseshifter 1 to 1.600000deg	 DONE
08/09/2023 22:37:15:	19	TOF	5	time=20	period=434µ	binwidth=3µ	delay=95µO Det=662	H Det=365	Mon Det=32483	Aux Det=1611	O+H=1027	 DONE
08/09/2023 22:37:39:	move motor	S18.axis2.phaseshifter 1 to 1.800000deg	 DONE
08/09/2023 22:37:43:	20	TOF	5	time=20	period=434µ	binwidth=3µ	delay=95µO Det=601	H Det=365	Mon Det=32483	Aux Det=1403	O+H=966	 DONE
08/09/2023 22:38:06:	move motor	S18.axis2.phaseshifter 1 to 2.000000deg	 DONE
08/09/2023 22:38:10:	21	TOF	5	time=20	period=434µ	binwidth=3µ	delay=95µO Det=532	H Det=365	Mon Det=32483	Aux Det=1002	O+H=897	 DONE
08/09/2023 22:38:34:	function generator:  GPIB1::8 stop1 DONE
08/09/2023 22:38:35:	close file and end scan	 DONE
08/09/2023 22:38:35:	move motor	S18.axis2.phaseshifter 1 to fit AUX COS45	0.171219reached 0.17578  DONE
call of ifg_TOF_A1.sc DONE
08/09/2023 22:38:39:	function generator:  GPIB1::8 start1 DONE
08/09/2023 22:38:40:	create file	D:\data\Cycle 192ter\exp_3-16-14\rawdata\sc\TOF_A1_alpha_ifg_08Sep2238.dat	 DONE
08/09/2023 22:38:41:	1	TOF	4	time=1200	period=434µ	binwidth=3µ	delay=126µO Det=24317	H Det=365	Mon Det=32483	Aux Det=39402	O+H=24682	 DONE
08/09/2023 22:58:44:	function generator:  GPIB1::8 stop1 DONE
08/09/2023 22:58:45:	close file and end scan	 DONE
08/09/2023 22:58:46:	function generator:  GPIB1::8 fn1=SIN *am1=1.88 *fr1=10000 *ph1=0 of1=0 bt1=4 dy1=29.43us DONE
08/09/2023 22:58:47:	function generator:  GPIB1::8 start1 DONE
08/09/2023 22:58:48:	create file	D:\data\Cycle 192ter\exp_3-16-14\rawdata\sc\ifg_TOF_A1_08Sep2258.dat	 DONE
room to enter remarks DONE
08/09/2023 22:58:49:	move motor	S18.axis2.phaseshifter 1 to -2.000000deg	 DONE
08/09/2023 22:58:53:	1	TOF	5	time=20	period=434µ	binwidth=3µ	delay=95µO Det=490	H Det=365	Mon Det=32483	Aux Det=967	O+H=855	 DONE
08/09/2023 22:59:17:	move motor	S18.axis2.phaseshifter 1 to -1.800000deg	 DONE
08/09/2023 22:59:21:	2	TOF	5	time=20	period=434µ	binwidth=3µ	delay=95µO Det=405	H Det=365	Mon Det=32483	Aux Det=593	O+H=770	 DONE
08/09/2023 22:59:45:	move motor	S18.axis2.phaseshifter 1 to -1.600000deg	 DONE
08/09/2023 22:59:49:	3	TOF	5	time=20	period=434µ	binwidth=3µ	delay=95µO Det=301	H Det=365	Mon Det=32483	Aux Det=405	O+H=666	 DONE
08/09/2023 23:00:12:	move motor	S18.axis2.phaseshifter 1 to -1.400000deg	 DONE
08/09/2023 23:00:16:	4	TOF	5	time=20	period=434µ	binwidth=3µ	delay=95µO Det=272	H Det=365	Mon Det=32483	Aux Det=450	O+H=637	 DONE
08/09/2023 23:00:40:	move motor	S18.axis2.phaseshifter 1 to -1.200000deg	 DONE
08/09/2023 23:00:44:	5	TOF	5	time=20	period=434µ	binwidth=3µ	delay=95µO Det=263	H Det=365	Mon Det=32483	Aux Det=695	O+H=628	 DONE
08/09/2023 23:01:08:	move motor	S18.axis2.phaseshifter 1 to -1.000000deg	 DONE
08/09/2023 23:01:12:	6	TOF	5	time=20	period=434µ	binwidth=3µ	delay=95µO Det=392	H Det=365	Mon Det=32483	Aux Det=1192	O+H=757	 DONE
08/09/2023 23:01:35:	move motor	S18.axis2.phaseshifter 1 to -0.800000deg	 DONE
08/09/2023 23:01:39:	7	TOF	5	time=20	period=434µ	binwidth=3µ	delay=95µO Det=488	H Det=365	Mon Det=32483	Aux Det=1403	O+H=853	 DONE
08/09/2023 23:02:03:	move motor	S18.axis2.phaseshifter 1 to -0.600000deg	 DONE
08/09/2023 23:02:07:	8	TOF	5	time=20	period=434µ	binwidth=3µ	delay=95µO Det=581	H Det=365	Mon Det=32483	Aux Det=1659	O+H=946	 DONE
08/09/2023 23:02:30:	move motor	S18.axis2.phaseshifter 1 to -0.400000deg	 DONE
08/09/2023 23:02:34:	9	TOF	5	time=20	period=434µ	binwidth=3µ	delay=95µO Det=627	H Det=365	Mon Det=32483	Aux Det=1585	O+H=992	 DONE
08/09/2023 23:02:58:	move motor	S18.axis2.phaseshifter 1 to -0.200000deg	 DONE
08/09/2023 23:03:02:	10	TOF	5	time=20	period=434µ	binwidth=3µ	delay=95µO Det=588	H Det=365	Mon Det=32483	Aux Det=1405	O+H=953	 DONE
08/09/2023 23:03:26:	move motor	S18.axis2.phaseshifter 1 to 0.000000deg	 DONE
08/09/2023 23:03:30:	11	TOF	5	time=20	period=434µ	binwidth=3µ	delay=95µO Det=512	H Det=365	Mon Det=32483	Aux Det=951	O+H=877	 DONE
08/09/2023 23:03:54:	move motor	S18.axis2.phaseshifter 1 to 0.200000deg	 DONE
08/09/2023 23:03:57:	12	TOF	5	time=20	period=434µ	binwidth=3µ	delay=95µO Det=392	H Det=365	Mon Det=32483	Aux Det=602	O+H=757	 DONE
08/09/2023 23:04:21:	move motor	S18.axis2.phaseshifter 1 to 0.400000deg	 DONE
08/09/2023 23:04:25:	13	TOF	5	time=20	period=434µ	binwidth=3µ	delay=95µO Det=336	H Det=365	Mon Det=32483	Aux Det=435	O+H=701	 DONE
08/09/2023 23:04:49:	move motor	S18.axis2.phaseshifter 1 to 0.600000deg	 DONE
08/09/2023 23:04:53:	14	TOF	5	time=20	period=434µ	binwidth=3µ	delay=95µO Det=230	H Det=365	Mon Det=32483	Aux Det=391	O+H=595	 DONE
08/09/2023 23:05:16:	move motor	S18.axis2.phaseshifter 1 to 0.800000deg	 DONE
08/09/2023 23:05:20:	15	TOF	5	time=20	period=434µ	binwidth=3µ	delay=95µO Det=278	H Det=365	Mon Det=32483	Aux Det=658	O+H=643	 DONE
08/09/2023 23:05:44:	move motor	S18.axis2.phaseshifter 1 to 1.000000deg	 DONE
08/09/2023 23:05:48:	16	TOF	5	time=20	period=434µ	binwidth=3µ	delay=95µO Det=339	H Det=365	Mon Det=32483	Aux Det=981	O+H=704	 DONE
08/09/2023 23:06:12:	move motor	S18.axis2.phaseshifter 1 to 1.200000deg	 DONE
08/09/2023 23:06:16:	17	TOF	5	time=20	period=434µ	binwidth=3µ	delay=95µO Det=471	H Det=365	Mon Det=32483	Aux Det=1487	O+H=836	 DONE
08/09/2023 23:06:39:	move motor	S18.axis2.phaseshifter 1 to 1.400000deg	 DONE
08/09/2023 23:06:43:	18	TOF	5	time=20	period=434µ	binwidth=3µ	delay=95µO Det=605	H Det=365	Mon Det=32483	Aux Det=1591	O+H=970	 DONE
08/09/2023 23:07:07:	move motor	S18.axis2.phaseshifter 1 to 1.600000deg	 DONE
08/09/2023 23:07:11:	19	TOF	5	time=20	period=434µ	binwidth=3µ	delay=95µO Det=653	H Det=365	Mon Det=32483	Aux Det=1647	O+H=1018	 DONE
08/09/2023 23:07:35:	move motor	S18.axis2.phaseshifter 1 to 1.800000deg	 DONE
08/09/2023 23:07:39:	20	TOF	5	time=20	period=434µ	binwidth=3µ	delay=95µO Det=612	H Det=365	Mon Det=32483	Aux Det=1447	O+H=977	 DONE
08/09/2023 23:08:02:	move motor	S18.axis2.phaseshifter 1 to 2.000000deg	 DONE
08/09/2023 23:08:06:	21	TOF	5	time=20	period=434µ	binwidth=3µ	delay=95µO Det=504	H Det=365	Mon Det=32483	Aux Det=1072	O+H=869	 DONE
08/09/2023 23:08:30:	function generator:  GPIB1::8 stop1 DONE
08/09/2023 23:08:31:	close file and end scan	 DONE
08/09/2023 23:08:31:	move motor	S18.axis2.phaseshifter 1 to fit AUX COS45	0.203380reached 0.21973  DONE
call of ifg_TOF_A1.sc DONE
08/09/2023 23:08:36:	function generator:  GPIB1::8 start1 DONE
08/09/2023 23:08:36:	create file	D:\data\Cycle 192ter\exp_3-16-14\rawdata\sc\TOF_A1_alpha_ifg_08Sep2308.dat	 DONE
08/09/2023 23:08:37:	1	TOF	4	time=1200	period=434µ	binwidth=3µ	delay=126µO Det=24576	H Det=365	Mon Det=32483	Aux Det=41042	O+H=24941	 DONE
08/09/2023 23:28:41:	function generator:  GPIB1::8 stop1 DONE
08/09/2023 23:28:42:	close file and end scan	 DONE
08/09/2023 23:28:42:	function generator:  GPIB1::8 fn1=SIN *am1=2.15 *fr1=10000 *ph1=0 of1=0 bt1=4 dy1=29.43us DONE
08/09/2023 23:28:43:	function generator:  GPIB1::8 start1 DONE
08/09/2023 23:28:44:	create file	D:\data\Cycle 192ter\exp_3-16-14\rawdata\sc\ifg_TOF_A1_08Sep2328.dat	 DONE
room to enter remarks DONE
08/09/2023 23:28:45:	move motor	S18.axis2.phaseshifter 1 to -2.000000deg	 DONE
08/09/2023 23:28:50:	1	TOF	5	time=20	period=434µ	binwidth=3µ	delay=95µO Det=519	H Det=365	Mon Det=32483	Aux Det=1009	O+H=884	 DONE
08/09/2023 23:29:13:	move motor	S18.axis2.phaseshifter 1 to -1.800000deg	 DONE
08/09/2023 23:29:17:	2	TOF	5	time=20	period=434µ	binwidth=3µ	delay=95µO Det=389	H Det=365	Mon Det=32483	Aux Det=623	O+H=754	 DONE
08/09/2023 23:29:41:	move motor	S18.axis2.phaseshifter 1 to -1.600000deg	 DONE
08/09/2023 23:29:45:	3	TOF	5	time=20	period=434µ	binwidth=3µ	delay=95µO Det=307	H Det=365	Mon Det=32483	Aux Det=431	O+H=672	 DONE
08/09/2023 23:30:09:	move motor	S18.axis2.phaseshifter 1 to -1.400000deg	 DONE
08/09/2023 23:30:13:	4	TOF	5	time=20	period=434µ	binwidth=3µ	delay=95µO Det=272	H Det=365	Mon Det=32483	Aux Det=460	O+H=637	 DONE
08/09/2023 23:30:36:	move motor	S18.axis2.phaseshifter 1 to -1.200000deg	 DONE
08/09/2023 23:30:40:	5	TOF	5	time=20	period=434µ	binwidth=3µ	delay=95µO Det=270	H Det=365	Mon Det=32483	Aux Det=657	O+H=635	 DONE
08/09/2023 23:31:04:	move motor	S18.axis2.phaseshifter 1 to -1.000000deg	 DONE
08/09/2023 23:31:08:	6	TOF	5	time=20	period=434µ	binwidth=3µ	delay=95µO Det=372	H Det=365	Mon Det=32483	Aux Det=1069	O+H=737	 DONE
08/09/2023 23:31:32:	move motor	S18.axis2.phaseshifter 1 to -0.800000deg	 DONE
08/09/2023 23:31:35:	7	TOF	5	time=20	period=434µ	binwidth=3µ	delay=95µO Det=483	H Det=365	Mon Det=32483	Aux Det=1378	O+H=848	 DONE
08/09/2023 23:31:59:	move motor	S18.axis2.phaseshifter 1 to -0.600000deg	 DONE
08/09/2023 23:32:03:	8	TOF	5	time=20	period=434µ	binwidth=3µ	delay=95µO Det=579	H Det=365	Mon Det=32483	Aux Det=1582	O+H=944	 DONE
08/09/2023 23:32:27:	move motor	S18.axis2.phaseshifter 1 to -0.400000deg	 DONE
08/09/2023 23:32:31:	9	TOF	5	time=20	period=434µ	binwidth=3µ	delay=95µO Det=576	H Det=365	Mon Det=32483	Aux Det=1627	O+H=941	 DONE
08/09/2023 23:32:55:	move motor	S18.axis2.phaseshifter 1 to -0.200000deg	 DONE
08/09/2023 23:32:58:	10	TOF	5	time=20	period=434µ	binwidth=3µ	delay=95µO Det=592	H Det=365	Mon Det=32483	Aux Det=1349	O+H=957	 DONE
08/09/2023 23:33:22:	move motor	S18.axis2.phaseshifter 1 to 0.000000deg	 DONE
08/09/2023 23:33:26:	11	TOF	5	time=20	period=434µ	binwidth=3µ	delay=95µO Det=517	H Det=365	Mon Det=32483	Aux Det=967	O+H=882	 DONE
08/09/2023 23:33:50:	move motor	S18.axis2.phaseshifter 1 to 0.200000deg	 DONE
08/09/2023 23:33:54:	12	TOF	5	time=20	period=434µ	binwidth=3µ	delay=95µO Det=381	H Det=365	Mon Det=32483	Aux Det=618	O+H=746	 DONE
08/09/2023 23:34:17:	move motor	S18.axis2.phaseshifter 1 to 0.400000deg	 DONE
08/09/2023 23:34:21:	13	TOF	5	time=20	period=434µ	binwidth=3µ	delay=95µO Det=299	H Det=365	Mon Det=32483	Aux Det=450	O+H=664	 DONE
08/09/2023 23:34:45:	move motor	S18.axis2.phaseshifter 1 to 0.600000deg	 DONE
08/09/2023 23:34:49:	14	TOF	5	time=20	period=434µ	binwidth=3µ	delay=95µO Det=269	H Det=365	Mon Det=32483	Aux Det=391	O+H=634	 DONE
08/09/2023 23:35:12:	move motor	S18.axis2.phaseshifter 1 to 0.800000deg	 DONE
08/09/2023 23:35:16:	15	TOF	5	time=20	period=434µ	binwidth=3µ	delay=95µO Det=277	H Det=365	Mon Det=32483	Aux Det=669	O+H=642	 DONE
08/09/2023 23:35:40:	move motor	S18.axis2.phaseshifter 1 to 1.000000deg	 DONE
08/09/2023 23:35:44:	16	TOF	5	time=20	period=434µ	binwidth=3µ	delay=95µO Det=332	H Det=365	Mon Det=32483	Aux Det=903	O+H=697	 DONE
08/09/2023 23:36:08:	move motor	S18.axis2.phaseshifter 1 to 1.200000deg	 DONE
08/09/2023 23:36:12:	17	TOF	5	time=20	period=434µ	binwidth=3µ	delay=95µO Det=445	H Det=365	Mon Det=32483	Aux Det=1306	O+H=810	 DONE
08/09/2023 23:36:35:	move motor	S18.axis2.phaseshifter 1 to 1.400000deg	 DONE
08/09/2023 23:36:39:	18	TOF	5	time=20	period=434µ	binwidth=3µ	delay=95µO Det=550	H Det=365	Mon Det=32483	Aux Det=1544	O+H=915	 DONE
08/09/2023 23:37:03:	move motor	S18.axis2.phaseshifter 1 to 1.600000deg	 DONE
08/09/2023 23:37:07:	19	TOF	5	time=20	period=434µ	binwidth=3µ	delay=95µO Det=609	H Det=365	Mon Det=32483	Aux Det=1594	O+H=974	 DONE
08/09/2023 23:37:30:	move motor	S18.axis2.phaseshifter 1 to 1.800000deg	 DONE
08/09/2023 23:37:34:	20	TOF	5	time=20	period=434µ	binwidth=3µ	delay=95µO Det=633	H Det=365	Mon Det=32483	Aux Det=1492	O+H=998	 DONE
08/09/2023 23:37:58:	move motor	S18.axis2.phaseshifter 1 to 2.000000deg	 DONE
08/09/2023 23:38:02:	21	TOF	5	time=20	period=434µ	binwidth=3µ	delay=95µO Det=550	H Det=365	Mon Det=32483	Aux Det=1143	O+H=915	 DONE
08/09/2023 23:38:26:	function generator:  GPIB1::8 stop1 DONE
08/09/2023 23:38:27:	close file and end scan	 DONE
08/09/2023 23:38:27:	move motor	S18.axis2.phaseshifter 1 to fit AUX COS45	0.046623reached 0.03296  DONE
call of ifg_TOF_A1.sc DONE
08/09/2023 23:38:31:	function generator:  GPIB1::8 start1 DONE
08/09/2023 23:38:32:	create file	D:\data\Cycle 192ter\exp_3-16-14\rawdata\sc\TOF_A1_alpha_ifg_08Sep2338.dat	 DONE
08/09/2023 23:38:33:	1	TOF	4	time=1200	period=434µ	binwidth=3µ	delay=126µO Det=31083	H Det=365	Mon Det=32483	Aux Det=63458	O+H=31448	 DONE
08/09/2023 23:58:36:	function generator:  GPIB1::8 stop1 DONE
08/09/2023 23:58:37:	close file and end scan	 DONE
08/09/2023 23:58:38:	function generator:  GPIB1::8 fn1=SIN *am1=2.45 *fr1=10000 *ph1=0 of1=0 bt1=4 dy1=29.43us DONE
08/09/2023 23:58:39:	function generator:  GPIB1::8 start1 DONE
08/09/2023 23:58:40:	create file	D:\data\Cycle 192ter\exp_3-16-14\rawdata\sc\ifg_TOF_A1_08Sep2358.dat	 DONE
room to enter remarks DONE
08/09/2023 23:58:41:	move motor	S18.axis2.phaseshifter 1 to -2.000000deg	 DONE
08/09/2023 23:58:45:	1	TOF	5	time=20	period=434µ	binwidth=3µ	delay=95µO Det=552	H Det=365	Mon Det=32483	Aux Det=1027	O+H=917	 DONE
08/09/2023 23:59:09:	move motor	S18.axis2.phaseshifter 1 to -1.800000deg	 DONE
08/09/2023 23:59:13:	2	TOF	5	time=20	period=434µ	binwidth=3µ	delay=95µO Det=410	H Det=365	Mon Det=32483	Aux Det=742	O+H=775	 DONE
08/09/2023 23:59:37:	move motor	S18.axis2.phaseshifter 1 to -1.600000deg	 DONE
08/09/2023 23:59:41:	3	TOF	5	time=20	period=434µ	binwidth=3µ	delay=95µO Det=329	H Det=365	Mon Det=32483	Aux Det=521	O+H=694	 DONE
09/09/2023 00:00:04:	move motor	S18.axis2.phaseshifter 1 to -1.400000deg	 DONE
09/09/2023 00:00:08:	4	TOF	5	time=20	period=434µ	binwidth=3µ	delay=95µO Det=280	H Det=365	Mon Det=32483	Aux Det=510	O+H=645	 DONE
09/09/2023 00:00:32:	move motor	S18.axis2.phaseshifter 1 to -1.200000deg	 DONE
09/09/2023 00:00:36:	5	TOF	5	time=20	period=434µ	binwidth=3µ	delay=95µO Det=308	H Det=365	Mon Det=32483	Aux Det=731	O+H=673	 DONE
09/09/2023 00:01:00:	move motor	S18.axis2.phaseshifter 1 to -1.000000deg	 DONE
09/09/2023 00:01:04:	6	TOF	5	time=20	period=434µ	binwidth=3µ	delay=95µO Det=384	H Det=365	Mon Det=32483	Aux Det=945	O+H=749	 DONE
09/09/2023 00:01:27:	move motor	S18.axis2.phaseshifter 1 to -0.800000deg	 DONE
09/09/2023 00:01:31:	7	TOF	5	time=20	period=434µ	binwidth=3µ	delay=95µO Det=463	H Det=365	Mon Det=32483	Aux Det=1366	O+H=828	 DONE
09/09/2023 00:01:55:	move motor	S18.axis2.phaseshifter 1 to -0.600000deg	 DONE
09/09/2023 00:01:59:	8	TOF	5	time=20	period=434µ	binwidth=3µ	delay=95µO Det=586	H Det=365	Mon Det=32483	Aux Det=1497	O+H=951	 DONE
09/09/2023 00:02:22:	move motor	S18.axis2.phaseshifter 1 to -0.400000deg	 DONE
09/09/2023 00:02:27:	9	TOF	5	time=20	period=434µ	binwidth=3µ	delay=95µO Det=589	H Det=365	Mon Det=32483	Aux Det=1570	O+H=954	 DONE
09/09/2023 00:02:50:	move motor	S18.axis2.phaseshifter 1 to -0.200000deg	 DONE
09/09/2023 00:02:54:	10	TOF	5	time=20	period=434µ	binwidth=3µ	delay=95µO Det=622	H Det=365	Mon Det=32483	Aux Det=1337	O+H=987	 DONE
09/09/2023 00:03:18:	move motor	S18.axis2.phaseshifter 1 to 0.000000deg	 DONE
09/09/2023 00:03:22:	11	TOF	5	time=20	period=434µ	binwidth=3µ	delay=95µO Det=525	H Det=365	Mon Det=32483	Aux Det=991	O+H=890	 DONE
09/09/2023 00:03:46:	move motor	S18.axis2.phaseshifter 1 to 0.200000deg	 DONE
09/09/2023 00:03:49:	12	TOF	5	time=20	period=434µ	binwidth=3µ	delay=95µO Det=406	H Det=365	Mon Det=32483	Aux Det=708	O+H=771	 DONE
09/09/2023 00:04:13:	move motor	S18.axis2.phaseshifter 1 to 0.400000deg	 DONE
09/09/2023 00:04:17:	13	TOF	5	time=20	period=434µ	binwidth=3µ	delay=95µO Det=288	H Det=365	Mon Det=32483	Aux Det=510	O+H=653	 DONE
09/09/2023 00:04:41:	move motor	S18.axis2.phaseshifter 1 to 0.600000deg	 DONE
09/09/2023 00:04:45:	14	TOF	5	time=20	period=434µ	binwidth=3µ	delay=95µO Det=272	H Det=365	Mon Det=32483	Aux Det=494	O+H=637	 DONE
09/09/2023 00:05:08:	move motor	S18.axis2.phaseshifter 1 to 0.800000deg	 DONE
09/09/2023 00:05:12:	15	TOF	5	time=20	period=434µ	binwidth=3µ	delay=95µO Det=298	H Det=365	Mon Det=32483	Aux Det=741	O+H=663	 DONE
09/09/2023 00:05:36:	move motor	S18.axis2.phaseshifter 1 to 1.000000deg	 DONE
09/09/2023 00:05:40:	16	TOF	5	time=20	period=434µ	binwidth=3µ	delay=95µO Det=366	H Det=365	Mon Det=32483	Aux Det=950	O+H=731	 DONE
09/09/2023 00:06:04:	move motor	S18.axis2.phaseshifter 1 to 1.200000deg	 DONE
09/09/2023 00:06:08:	17	TOF	5	time=20	period=434µ	binwidth=3µ	delay=95µO Det=451	H Det=365	Mon Det=32483	Aux Det=1297	O+H=816	 DONE
09/09/2023 00:06:31:	move motor	S18.axis2.phaseshifter 1 to 1.400000deg	 DONE
09/09/2023 00:06:35:	18	TOF	5	time=20	period=434µ	binwidth=3µ	delay=95µO Det=538	H Det=365	Mon Det=32483	Aux Det=1449	O+H=903	 DONE
09/09/2023 00:06:59:	move motor	S18.axis2.phaseshifter 1 to 1.600000deg	 DONE
09/09/2023 00:07:03:	19	TOF	5	time=20	period=434µ	binwidth=3µ	delay=95µO Det=592	H Det=365	Mon Det=32483	Aux Det=1497	O+H=957	 DONE
09/09/2023 00:07:27:	move motor	S18.axis2.phaseshifter 1 to 1.800000deg	 DONE
09/09/2023 00:07:31:	20	TOF	5	time=20	period=434µ	binwidth=3µ	delay=95µO Det=588	H Det=365	Mon Det=32483	Aux Det=1458	O+H=953	 DONE
09/09/2023 00:07:54:	move motor	S18.axis2.phaseshifter 1 to 2.000000deg	 DONE
09/09/2023 00:07:58:	21	TOF	5	time=20	period=434µ	binwidth=3µ	delay=95µO Det=496	H Det=365	Mon Det=32483	Aux Det=1148	O+H=861	 DONE
09/09/2023 00:08:22:	function generator:  GPIB1::8 stop1 DONE
09/09/2023 00:08:23:	close file and end scan	 DONE
09/09/2023 00:08:23:	move motor	S18.axis2.phaseshifter 1 to fit AUX COS45	-0.008072reached -0.02197  DONE
call of ifg_TOF_A1.sc DONE
09/09/2023 00:08:28:	function generator:  GPIB1::8 start1 DONE
09/09/2023 00:08:28:	create file	D:\data\Cycle 192ter\exp_3-16-14\rawdata\sc\TOF_A1_alpha_ifg_09Sep0008.dat	 DONE
09/09/2023 00:08:29:	1	TOF	4	time=1200	period=434µ	binwidth=3µ	delay=126µO Det=30547	H Det=365	Mon Det=32483	Aux Det=68572	O+H=30912	 DONE
09/09/2023 00:28:33:	function generator:  GPIB1::8 stop1 DONE
09/09/2023 00:28:34:	close file and end scan	 DONE
09/09/2023 00:28:34:	function generator:  GPIB1::8 fn1=SIN *am1=2.75 *fr1=10000 *ph1=0 of1=0 bt1=4 dy1=29.43us DONE
09/09/2023 00:28:35:	function generator:  GPIB1::8 start1 DONE
09/09/2023 00:28:36:	create file	D:\data\Cycle 192ter\exp_3-16-14\rawdata\sc\ifg_TOF_A1_09Sep0028.dat	 DONE
room to enter remarks DONE
09/09/2023 00:28:37:	move motor	S18.axis2.phaseshifter 1 to -2.000000deg	 DONE
09/09/2023 00:28:41:	1	TOF	5	time=20	period=434µ	binwidth=3µ	delay=95µO Det=460	H Det=365	Mon Det=32483	Aux Det=1005	O+H=825	 DONE
09/09/2023 00:29:05:	move motor	S18.axis2.phaseshifter 1 to -1.800000deg	 DONE
09/09/2023 00:29:09:	2	TOF	5	time=20	period=434µ	binwidth=3µ	delay=95µO Det=420	H Det=365	Mon Det=32483	Aux Det=1022	O+H=785	 DONE
09/09/2023 00:29:33:	move motor	S18.axis2.phaseshifter 1 to -1.600000deg	 DONE
09/09/2023 00:29:37:	3	TOF	5	time=20	period=434µ	binwidth=3µ	delay=95µO Det=424	H Det=365	Mon Det=32483	Aux Det=963	O+H=789	 DONE
09/09/2023 00:30:00:	move motor	S18.axis2.phaseshifter 1 to -1.400000deg	 DONE
09/09/2023 00:30:04:	4	TOF	5	time=20	period=434µ	binwidth=3µ	delay=95µO Det=474	H Det=365	Mon Det=32483	Aux Det=1101	O+H=839	 DONE
09/09/2023 00:30:28:	move motor	S18.axis2.phaseshifter 1 to -1.200000deg	 DONE
09/09/2023 00:30:32:	5	TOF	5	time=20	period=434µ	binwidth=3µ	delay=95µO Det=425	H Det=365	Mon Det=32483	Aux Det=962	O+H=790	 DONE
09/09/2023 00:30:56:	move motor	S18.axis2.phaseshifter 1 to -1.000000deg	 DONE
09/09/2023 00:31:00:	6	TOF	5	time=20	period=434µ	binwidth=3µ	delay=95µO Det=443	H Det=365	Mon Det=32483	Aux Det=1047	O+H=808	 DONE
09/09/2023 00:31:23:	move motor	S18.axis2.phaseshifter 1 to -0.800000deg	 DONE
09/09/2023 00:31:27:	7	TOF	5	time=20	period=434µ	binwidth=3µ	delay=95µO Det=430	H Det=365	Mon Det=32483	Aux Det=1030	O+H=795	 DONE
09/09/2023 00:31:51:	move motor	S18.axis2.phaseshifter 1 to -0.600000deg	 DONE
09/09/2023 00:31:55:	8	TOF	5	time=20	period=434µ	binwidth=3µ	delay=95µO Det=440	H Det=365	Mon Det=32483	Aux Det=1089	O+H=805	 DONE
09/09/2023 00:32:18:	move motor	S18.axis2.phaseshifter 1 to -0.400000deg	 DONE
09/09/2023 00:32:22:	9	TOF	5	time=20	period=434µ	binwidth=3µ	delay=95µO Det=402	H Det=365	Mon Det=32483	Aux Det=934	O+H=767	 DONE
09/09/2023 00:32:46:	move motor	S18.axis2.phaseshifter 1 to -0.200000deg	 DONE
09/09/2023 00:32:50:	10	TOF	5	time=20	period=434µ	binwidth=3µ	delay=95µO Det=457	H Det=365	Mon Det=32483	Aux Det=1038	O+H=822	 DONE
09/09/2023 00:33:14:	move motor	S18.axis2.phaseshifter 1 to 0.000000deg	 DONE
09/09/2023 00:33:18:	11	TOF	5	time=20	period=434µ	binwidth=3µ	delay=95µO Det=461	H Det=365	Mon Det=32483	Aux Det=1081	O+H=826	 DONE
09/09/2023 00:33:41:	move motor	S18.axis2.phaseshifter 1 to 0.200000deg	 DONE
09/09/2023 00:33:45:	12	TOF	5	time=20	period=434µ	binwidth=3µ	delay=95µO Det=466	H Det=365	Mon Det=32483	Aux Det=1169	O+H=831	 DONE
09/09/2023 00:34:09:	move motor	S18.axis2.phaseshifter 1 to 0.400000deg	 DONE
09/09/2023 00:34:13:	13	TOF	5	time=20	period=434µ	binwidth=3µ	delay=95µO Det=382	H Det=365	Mon Det=32483	Aux Det=966	O+H=747	 DONE
09/09/2023 00:34:37:	move motor	S18.axis2.phaseshifter 1 to 0.600000deg	 DONE
09/09/2023 00:34:41:	14	TOF	5	time=20	period=434µ	binwidth=3µ	delay=95µO Det=444	H Det=365	Mon Det=32483	Aux Det=1112	O+H=809	 DONE
09/09/2023 00:35:04:	move motor	S18.axis2.phaseshifter 1 to 0.800000deg	 DONE
09/09/2023 00:35:09:	15	TOF	5	time=20	period=434µ	binwidth=3µ	delay=95µO Det=446	H Det=365	Mon Det=32483	Aux Det=998	O+H=811	 DONE
09/09/2023 00:35:32:	move motor	S18.axis2.phaseshifter 1 to 1.000000deg	 DONE
09/09/2023 00:35:36:	16	TOF	5	time=20	period=434µ	binwidth=3µ	delay=95µO Det=418	H Det=365	Mon Det=32483	Aux Det=950	O+H=783	 DONE
09/09/2023 00:36:00:	move motor	S18.axis2.phaseshifter 1 to 1.200000deg	 DONE
09/09/2023 00:36:04:	17	TOF	5	time=20	period=434µ	binwidth=3µ	delay=95µO Det=462	H Det=365	Mon Det=32483	Aux Det=1103	O+H=827	 DONE
09/09/2023 00:36:27:	move motor	S18.axis2.phaseshifter 1 to 1.400000deg	 DONE
09/09/2023 00:36:31:	18	TOF	5	time=20	period=434µ	binwidth=3µ	delay=95µO Det=469	H Det=365	Mon Det=32483	Aux Det=1226	O+H=834	 DONE
09/09/2023 00:36:55:	move motor	S18.axis2.phaseshifter 1 to 1.600000deg	 DONE
09/09/2023 00:36:59:	19	TOF	5	time=20	period=434µ	binwidth=3µ	delay=95µO Det=500	H Det=365	Mon Det=32483	Aux Det=1217	O+H=865	 DONE
09/09/2023 00:37:23:	move motor	S18.axis2.phaseshifter 1 to 1.800000deg	 DONE
09/09/2023 00:37:27:	20	TOF	5	time=20	period=434µ	binwidth=3µ	delay=95µO Det=528	H Det=365	Mon Det=32483	Aux Det=1228	O+H=893	 DONE
09/09/2023 00:37:50:	move motor	S18.axis2.phaseshifter 1 to 2.000000deg	 DONE
09/09/2023 00:37:54:	21	TOF	5	time=20	period=434µ	binwidth=3µ	delay=95µO Det=434	H Det=365	Mon Det=32483	Aux Det=1059	O+H=799	 DONE
09/09/2023 00:38:18:	function generator:  GPIB1::8 stop1 DONE
09/09/2023 00:38:19:	close file and end scan	 DONE
09/09/2023 00:38:19:	move motor	S18.axis2.phaseshifter 1 to fit AUX COS45	0.160082reached 0.16479  DONE
call of ifg_TOF_A1.sc DONE
09/09/2023 00:38:23:	function generator:  GPIB1::8 start1 DONE
09/09/2023 00:38:24:	create file	D:\data\Cycle 192ter\exp_3-16-14\rawdata\sc\TOF_A1_alpha_ifg_09Sep0038.dat	 DONE
09/09/2023 00:38:25:	1	TOF	4	time=1200	period=434µ	binwidth=3µ	delay=126µO Det=27503	H Det=365	Mon Det=32483	Aux Det=55927	O+H=27868	 DONE
09/09/2023 00:58:29:	function generator:  GPIB1::8 stop1 DONE
09/09/2023 00:58:29:	close file and end scan	 DONE
09/09/2023 00:58:30:	function generator:  GPIB1::8 fn1=SIN *am1=3.05 *fr1=10000 *ph1=0 of1=0 bt1=4 dy1=29.43us DONE
09/09/2023 00:58:31:	function generator:  GPIB1::8 start1 DONE
09/09/2023 00:58:32:	create file	D:\data\Cycle 192ter\exp_3-16-14\rawdata\sc\ifg_TOF_A1_09Sep0058.dat	 DONE
room to enter remarks DONE
09/09/2023 00:58:33:	move motor	S18.axis2.phaseshifter 1 to -2.000000deg	 DONE
09/09/2023 00:58:38:	1	TOF	5	time=20	period=434µ	binwidth=3µ	delay=95µO Det=510	H Det=365	Mon Det=32483	Aux Det=1026	O+H=875	 DONE
09/09/2023 00:59:01:	move motor	S18.axis2.phaseshifter 1 to -1.800000deg	 DONE
09/09/2023 00:59:05:	2	TOF	5	time=20	period=434µ	binwidth=3µ	delay=95µO Det=439	H Det=365	Mon Det=32483	Aux Det=783	O+H=804	 DONE
09/09/2023 00:59:29:	move motor	S18.axis2.phaseshifter 1 to -1.600000deg	 DONE
09/09/2023 00:59:33:	3	TOF	5	time=20	period=434µ	binwidth=3µ	delay=95µO Det=343	H Det=365	Mon Det=32483	Aux Det=644	O+H=708	 DONE
09/09/2023 00:59:56:	move motor	S18.axis2.phaseshifter 1 to -1.400000deg	 DONE
09/09/2023 01:00:00:	4	TOF	5	time=20	period=434µ	binwidth=3µ	delay=95µO Det=308	H Det=365	Mon Det=32483	Aux Det=543	O+H=673	 DONE
09/09/2023 01:00:24:	move motor	S18.axis2.phaseshifter 1 to -1.200000deg	 DONE
09/09/2023 01:00:28:	5	TOF	5	time=20	period=434µ	binwidth=3µ	delay=95µO Det=325	H Det=365	Mon Det=32483	Aux Det=667	O+H=690	 DONE
09/09/2023 01:00:52:	move motor	S18.axis2.phaseshifter 1 to -1.000000deg	 DONE
09/09/2023 01:00:56:	6	TOF	5	time=20	period=434µ	binwidth=3µ	delay=95µO Det=351	H Det=365	Mon Det=32483	Aux Det=917	O+H=716	 DONE
09/09/2023 01:01:19:	move motor	S18.axis2.phaseshifter 1 to -0.800000deg	 DONE
09/09/2023 01:01:23:	7	TOF	5	time=20	period=434µ	binwidth=3µ	delay=95µO Det=459	H Det=365	Mon Det=32483	Aux Det=1183	O+H=824	 DONE
09/09/2023 01:01:47:	move motor	S18.axis2.phaseshifter 1 to -0.600000deg	 DONE
09/09/2023 01:01:51:	8	TOF	5	time=20	period=434µ	binwidth=3µ	delay=95µO Det=512	H Det=365	Mon Det=32483	Aux Det=1332	O+H=877	 DONE
09/09/2023 01:02:15:	move motor	S18.axis2.phaseshifter 1 to -0.400000deg	 DONE
09/09/2023 01:02:19:	9	TOF	5	time=20	period=434µ	binwidth=3µ	delay=95µO Det=551	H Det=365	Mon Det=32483	Aux Det=1375	O+H=916	 DONE
09/09/2023 01:02:42:	move motor	S18.axis2.phaseshifter 1 to -0.200000deg	 DONE
09/09/2023 01:02:46:	10	TOF	5	time=20	period=434µ	binwidth=3µ	delay=95µO Det=585	H Det=365	Mon Det=32483	Aux Det=1300	O+H=950	 DONE
09/09/2023 01:03:10:	move motor	S18.axis2.phaseshifter 1 to 0.000000deg	 DONE
09/09/2023 01:03:14:	11	TOF	5	time=20	period=434µ	binwidth=3µ	delay=95µO Det=521	H Det=365	Mon Det=32483	Aux Det=1102	O+H=886	 DONE
09/09/2023 01:03:37:	move motor	S18.axis2.phaseshifter 1 to 0.200000deg	 DONE
09/09/2023 01:03:41:	12	TOF	5	time=20	period=434µ	binwidth=3µ	delay=95µO Det=467	H Det=365	Mon Det=32483	Aux Det=861	O+H=832	 DONE
09/09/2023 01:04:05:	move motor	S18.axis2.phaseshifter 1 to 0.400000deg	 DONE
09/09/2023 01:04:09:	13	TOF	5	time=20	period=434µ	binwidth=3µ	delay=95µO Det=358	H Det=365	Mon Det=32483	Aux Det=692	O+H=723	 DONE
09/09/2023 01:04:33:	move motor	S18.axis2.phaseshifter 1 to 0.600000deg	 DONE
09/09/2023 01:04:37:	14	TOF	5	time=20	period=434µ	binwidth=3µ	delay=95µO Det=317	H Det=365	Mon Det=32483	Aux Det=553	O+H=682	 DONE
09/09/2023 01:05:00:	move motor	S18.axis2.phaseshifter 1 to 0.800000deg	 DONE
09/09/2023 01:05:04:	15	TOF	5	time=20	period=434µ	binwidth=3µ	delay=95µO Det=319	H Det=365	Mon Det=32483	Aux Det=728	O+H=684	 DONE
09/09/2023 01:05:28:	move motor	S18.axis2.phaseshifter 1 to 1.000000deg	 DONE
09/09/2023 01:05:32:	16	TOF	5	time=20	period=434µ	binwidth=3µ	delay=95µO Det=314	H Det=365	Mon Det=32483	Aux Det=907	O+H=679	 DONE
09/09/2023 01:05:55:	move motor	S18.axis2.phaseshifter 1 to 1.200000deg	 DONE
09/09/2023 01:05:59:	17	TOF	5	time=20	period=434µ	binwidth=3µ	delay=95µO Det=392	H Det=365	Mon Det=32483	Aux Det=1213	O+H=757	 DONE
09/09/2023 01:06:23:	move motor	S18.axis2.phaseshifter 1 to 1.400000deg	 DONE
09/09/2023 01:06:27:	18	TOF	5	time=20	period=434µ	binwidth=3µ	delay=95µO Det=529	H Det=365	Mon Det=32483	Aux Det=1326	O+H=894	 DONE
09/09/2023 01:06:51:	move motor	S18.axis2.phaseshifter 1 to 1.600000deg	 DONE
09/09/2023 01:06:55:	19	TOF	5	time=20	period=434µ	binwidth=3µ	delay=95µO Det=576	H Det=365	Mon Det=32483	Aux Det=1436	O+H=941	 DONE
09/09/2023 01:07:18:	move motor	S18.axis2.phaseshifter 1 to 1.800000deg	 DONE
09/09/2023 01:07:22:	20	TOF	5	time=20	period=434µ	binwidth=3µ	delay=95µO Det=579	H Det=365	Mon Det=32483	Aux Det=1438	O+H=944	 DONE
09/09/2023 01:07:46:	move motor	S18.axis2.phaseshifter 1 to 2.000000deg	 DONE
09/09/2023 01:07:50:	21	TOF	5	time=20	period=434µ	binwidth=3µ	delay=95µO Det=494	H Det=365	Mon Det=32483	Aux Det=1153	O+H=859	 DONE
09/09/2023 01:08:14:	function generator:  GPIB1::8 stop1 DONE
09/09/2023 01:08:14:	close file and end scan	 DONE
09/09/2023 01:08:15:	move motor	S18.axis2.phaseshifter 1 to fit AUX COS45	-0.710952reached -0.71411  DONE
call of ifg_TOF_A1.sc DONE
09/09/2023 01:08:20:	function generator:  GPIB1::8 start1 DONE
09/09/2023 01:08:20:	create file	D:\data\Cycle 192ter\exp_3-16-14\rawdata\sc\TOF_A1_alpha_ifg_09Sep0108.dat	 DONE
09/09/2023 01:08:21:	1	TOF	4	time=1200	period=434µ	binwidth=3µ	delay=126µO Det=26440	H Det=365	Mon Det=32483	Aux Det=73446	O+H=26805	 DONE
09/09/2023 01:28:25:	function generator:  GPIB1::8 stop1 DONE
09/09/2023 01:28:25:	close file and end scan	 DONE
09/09/2023 01:28:26:	function generator:  GPIB1::8 fn1=SIN *am1=3.335 *fr1=10000 *ph1=0 of1=0 bt1=4 dy1=29.43us DONE
09/09/2023 01:28:27:	function generator:  GPIB1::8 start1 DONE
09/09/2023 01:28:28:	create file	D:\data\Cycle 192ter\exp_3-16-14\rawdata\sc\ifg_TOF_A1_09Sep0128.dat	 DONE
room to enter remarks DONE
09/09/2023 01:28:29:	move motor	S18.axis2.phaseshifter 1 to -2.000000deg	 DONE
09/09/2023 01:28:33:	1	TOF	5	time=20	period=434µ	binwidth=3µ	delay=95µO Det=541	H Det=365	Mon Det=32483	Aux Det=1059	O+H=906	 DONE
09/09/2023 01:28:57:	move motor	S18.axis2.phaseshifter 1 to -1.800000deg	 DONE
09/09/2023 01:29:01:	2	TOF	5	time=20	period=434µ	binwidth=3µ	delay=95µO Det=385	H Det=365	Mon Det=32483	Aux Det=804	O+H=750	 DONE
09/09/2023 01:29:24:	move motor	S18.axis2.phaseshifter 1 to -1.600000deg	 DONE
09/09/2023 01:29:28:	3	TOF	5	time=20	period=434µ	binwidth=3µ	delay=95µO Det=379	H Det=365	Mon Det=32483	Aux Det=690	O+H=744	 DONE
09/09/2023 01:29:52:	move motor	S18.axis2.phaseshifter 1 to -1.400000deg	 DONE
09/09/2023 01:29:56:	4	TOF	5	time=20	period=434µ	binwidth=3µ	delay=95µO Det=355	H Det=365	Mon Det=32483	Aux Det=618	O+H=720	 DONE
09/09/2023 01:30:20:	move motor	S18.axis2.phaseshifter 1 to -1.200000deg	 DONE
09/09/2023 01:30:24:	5	TOF	5	time=20	period=434µ	binwidth=3µ	delay=95µO Det=314	H Det=365	Mon Det=32483	Aux Det=681	O+H=679	 DONE
09/09/2023 01:30:47:	move motor	S18.axis2.phaseshifter 1 to -1.000000deg	 DONE
09/09/2023 01:30:51:	6	TOF	5	time=20	period=434µ	binwidth=3µ	delay=95µO Det=394	H Det=365	Mon Det=32483	Aux Det=914	O+H=759	 DONE
09/09/2023 01:31:15:	move motor	S18.axis2.phaseshifter 1 to -0.800000deg	 DONE
09/09/2023 01:31:19:	7	TOF	5	time=20	period=434µ	binwidth=3µ	delay=95µO Det=450	H Det=365	Mon Det=32483	Aux Det=1130	O+H=815	 DONE
09/09/2023 01:31:42:	move motor	S18.axis2.phaseshifter 1 to -0.600000deg	 DONE
09/09/2023 01:31:46:	8	TOF	5	time=20	period=434µ	binwidth=3µ	delay=95µO Det=487	H Det=365	Mon Det=32483	Aux Det=1390	O+H=852	 DONE
09/09/2023 01:32:10:	move motor	S18.axis2.phaseshifter 1 to -0.400000deg	 DONE
09/09/2023 01:32:14:	9	TOF	5	time=20	period=434µ	binwidth=3µ	delay=95µO Det=549	H Det=365	Mon Det=32483	Aux Det=1423	O+H=914	 DONE
09/09/2023 01:32:38:	move motor	S18.axis2.phaseshifter 1 to -0.200000deg	 DONE
09/09/2023 01:32:42:	10	TOF	5	time=20	period=434µ	binwidth=3µ	delay=95µO Det=529	H Det=365	Mon Det=32483	Aux Det=1248	O+H=894	 DONE
09/09/2023 01:33:05:	move motor	S18.axis2.phaseshifter 1 to 0.000000deg	 DONE
09/09/2023 01:33:09:	11	TOF	5	time=20	period=434µ	binwidth=3µ	delay=95µO Det=464	H Det=365	Mon Det=32483	Aux Det=1074	O+H=829	 DONE
09/09/2023 01:33:33:	move motor	S18.axis2.phaseshifter 1 to 0.200000deg	 DONE
09/09/2023 01:33:37:	12	TOF	5	time=20	period=434µ	binwidth=3µ	delay=95µO Det=440	H Det=365	Mon Det=32483	Aux Det=907	O+H=805	 DONE
09/09/2023 01:34:01:	move motor	S18.axis2.phaseshifter 1 to 0.400000deg	 DONE
09/09/2023 01:34:05:	13	TOF	5	time=20	period=434µ	binwidth=3µ	delay=95µO Det=364	H Det=365	Mon Det=32483	Aux Det=711	O+H=729	 DONE
09/09/2023 01:34:28:	move motor	S18.axis2.phaseshifter 1 to 0.600000deg	 DONE
09/09/2023 01:34:32:	14	TOF	5	time=20	period=434µ	binwidth=3µ	delay=95µO Det=347	H Det=365	Mon Det=32483	Aux Det=682	O+H=712	 DONE
09/09/2023 01:34:56:	move motor	S18.axis2.phaseshifter 1 to 0.800000deg	 DONE
09/09/2023 01:35:00:	15	TOF	5	time=20	period=434µ	binwidth=3µ	delay=95µO Det=287	H Det=365	Mon Det=32483	Aux Det=697	O+H=652	 DONE
09/09/2023 01:35:24:	move motor	S18.axis2.phaseshifter 1 to 1.000000deg	 DONE
09/09/2023 01:35:28:	16	TOF	5	time=20	period=434µ	binwidth=3µ	delay=95µO Det=375	H Det=365	Mon Det=32483	Aux Det=931	O+H=740	 DONE
09/09/2023 01:35:51:	move motor	S18.axis2.phaseshifter 1 to 1.200000deg	 DONE
09/09/2023 01:35:55:	17	TOF	5	time=20	period=434µ	binwidth=3µ	delay=95µO Det=415	H Det=365	Mon Det=32483	Aux Det=1070	O+H=780	 DONE
09/09/2023 01:36:19:	move motor	S18.axis2.phaseshifter 1 to 1.400000deg	 DONE
09/09/2023 01:36:23:	18	TOF	5	time=20	period=434µ	binwidth=3µ	delay=95µO Det=491	H Det=365	Mon Det=32483	Aux Det=1241	O+H=856	 DONE
09/09/2023 01:36:47:	move motor	S18.axis2.phaseshifter 1 to 1.600000deg	 DONE
09/09/2023 01:36:51:	19	TOF	5	time=20	period=434µ	binwidth=3µ	delay=95µO Det=514	H Det=365	Mon Det=32483	Aux Det=1384	O+H=879	 DONE
09/09/2023 01:37:14:	move motor	S18.axis2.phaseshifter 1 to 1.800000deg	 DONE
09/09/2023 01:37:18:	20	TOF	5	time=20	period=434µ	binwidth=3µ	delay=95µO Det=511	H Det=365	Mon Det=32483	Aux Det=1252	O+H=876	 DONE
09/09/2023 01:37:42:	move motor	S18.axis2.phaseshifter 1 to 2.000000deg	 DONE
09/09/2023 01:37:46:	21	TOF	5	time=20	period=434µ	binwidth=3µ	delay=95µO Det=518	H Det=365	Mon Det=32483	Aux Det=1097	O+H=883	 DONE
09/09/2023 01:38:09:	function generator:  GPIB1::8 stop1 DONE
09/09/2023 01:38:10:	close file and end scan	 DONE
09/09/2023 01:38:11:	move motor	S18.axis2.phaseshifter 1 to fit AUX COS45	0.062503reached 0.07690  DONE
call of ifg_TOF_A1.sc DONE
09/09/2023 01:38:15:	function generator:  GPIB1::8 start1 DONE
09/09/2023 01:38:16:	create file	D:\data\Cycle 192ter\exp_3-16-14\rawdata\sc\TOF_A1_alpha_ifg_09Sep0138.dat	 DONE
09/09/2023 01:38:16:	1	TOF	4	time=1200	period=434µ	binwidth=3µ	delay=126µO Det=30467	H Det=365	Mon Det=32483	Aux Det=68068	O+H=30832	 DONE
09/09/2023 01:58:20:	function generator:  GPIB1::8 stop1 DONE
09/09/2023 01:58:21:	close file and end scan	 DONE
09/09/2023 01:58:22:	function generator:  GPIB1::8 fn1=SIN *am1=3.67 *fr1=10000 *ph1=0 of1=0 bt1=4 dy1=29.43us DONE
09/09/2023 01:58:22:	function generator:  GPIB1::8 start1 DONE
09/09/2023 01:58:23:	create file	D:\data\Cycle 192ter\exp_3-16-14\rawdata\sc\ifg_TOF_A1_09Sep0158.dat	 DONE
room to enter remarks DONE
09/09/2023 01:58:24:	move motor	S18.axis2.phaseshifter 1 to -2.000000deg	 DONE
09/09/2023 01:58:29:	1	TOF	5	time=20	period=434µ	binwidth=3µ	delay=95µO Det=430	H Det=365	Mon Det=32483	Aux Det=1050	O+H=795	 DONE
09/09/2023 01:58:53:	move motor	S18.axis2.phaseshifter 1 to -1.800000deg	 DONE
09/09/2023 01:58:57:	2	TOF	5	time=20	period=434µ	binwidth=3µ	delay=95µO Det=450	H Det=365	Mon Det=32483	Aux Det=921	O+H=815	 DONE
09/09/2023 01:59:20:	move motor	S18.axis2.phaseshifter 1 to -1.600000deg	 DONE
09/09/2023 01:59:24:	3	TOF	5	time=20	period=434µ	binwidth=3µ	delay=95µO Det=383	H Det=365	Mon Det=32483	Aux Det=828	O+H=748	 DONE
09/09/2023 01:59:48:	move motor	S18.axis2.phaseshifter 1 to -1.400000deg	 DONE
09/09/2023 01:59:52:	4	TOF	5	time=20	period=434µ	binwidth=3µ	delay=95µO Det=340	H Det=365	Mon Det=32483	Aux Det=722	O+H=705	 DONE
09/09/2023 02:00:16:	move motor	S18.axis2.phaseshifter 1 to -1.200000deg	 DONE
09/09/2023 02:00:20:	5	TOF	5	time=20	period=434µ	binwidth=3µ	delay=95µO Det=334	H Det=365	Mon Det=32483	Aux Det=780	O+H=699	 DONE
09/09/2023 02:00:43:	move motor	S18.axis2.phaseshifter 1 to -1.000000deg	 DONE
09/09/2023 02:00:47:	6	TOF	5	time=20	period=434µ	binwidth=3µ	delay=95µO Det=374	H Det=365	Mon Det=32483	Aux Det=916	O+H=739	 DONE
09/09/2023 02:01:11:	move motor	S18.axis2.phaseshifter 1 to -0.800000deg	 DONE
09/09/2023 02:01:15:	7	TOF	5	time=20	period=434µ	binwidth=3µ	delay=95µO Det=387	H Det=365	Mon Det=32483	Aux Det=1019	O+H=752	 DONE
09/09/2023 02:01:39:	move motor	S18.axis2.phaseshifter 1 to -0.600000deg	 DONE
09/09/2023 02:01:43:	8	TOF	5	time=20	period=434µ	binwidth=3µ	delay=95µO Det=450	H Det=365	Mon Det=32483	Aux Det=1202	O+H=815	 DONE
09/09/2023 02:02:07:	move motor	S18.axis2.phaseshifter 1 to -0.400000deg	 DONE
09/09/2023 02:02:10:	9	TOF	5	time=20	period=434µ	binwidth=3µ	delay=95µO Det=492	H Det=365	Mon Det=32483	Aux Det=1293	O+H=857	 DONE
09/09/2023 02:02:34:	move motor	S18.axis2.phaseshifter 1 to -0.200000deg	 DONE
09/09/2023 02:02:38:	10	TOF	5	time=20	period=434µ	binwidth=3µ	delay=95µO Det=477	H Det=365	Mon Det=32483	Aux Det=1229	O+H=842	 DONE
09/09/2023 02:03:02:	move motor	S18.axis2.phaseshifter 1 to 0.000000deg	 DONE
09/09/2023 02:03:06:	11	TOF	5	time=20	period=434µ	binwidth=3µ	delay=95µO Det=533	H Det=365	Mon Det=32483	Aux Det=1134	O+H=898	 DONE
09/09/2023 02:03:29:	move motor	S18.axis2.phaseshifter 1 to 0.200000deg	 DONE
09/09/2023 02:03:33:	12	TOF	5	time=20	period=434µ	binwidth=3µ	delay=95µO Det=443	H Det=365	Mon Det=32483	Aux Det=903	O+H=808	 DONE
09/09/2023 02:03:57:	move motor	S18.axis2.phaseshifter 1 to 0.400000deg	 DONE
09/09/2023 02:04:01:	13	TOF	5	time=20	period=434µ	binwidth=3µ	delay=95µO Det=425	H Det=365	Mon Det=32483	Aux Det=805	O+H=790	 DONE
09/09/2023 02:04:25:	move motor	S18.axis2.phaseshifter 1 to 0.600000deg	 DONE
09/09/2023 02:04:29:	14	TOF	5	time=20	period=434µ	binwidth=3µ	delay=95µO Det=332	H Det=365	Mon Det=32483	Aux Det=686	O+H=697	 DONE
09/09/2023 02:04:52:	move motor	S18.axis2.phaseshifter 1 to 0.800000deg	 DONE
09/09/2023 02:04:56:	15	TOF	5	time=20	period=434µ	binwidth=3µ	delay=95µO Det=308	H Det=365	Mon Det=32483	Aux Det=697	O+H=673	 DONE
09/09/2023 02:05:20:	move motor	S18.axis2.phaseshifter 1 to 1.000000deg	 DONE
09/09/2023 02:05:24:	16	TOF	5	time=20	period=434µ	binwidth=3µ	delay=95µO Det=382	H Det=365	Mon Det=32483	Aux Det=838	O+H=747	 DONE
09/09/2023 02:05:47:	move motor	S18.axis2.phaseshifter 1 to 1.200000deg	 DONE
09/09/2023 02:05:51:	17	TOF	5	time=20	period=434µ	binwidth=3µ	delay=95µO Det=462	H Det=365	Mon Det=32483	Aux Det=1007	O+H=827	 DONE
09/09/2023 02:06:15:	move motor	S18.axis2.phaseshifter 1 to 1.400000deg	 DONE
09/09/2023 02:06:19:	18	TOF	5	time=20	period=434µ	binwidth=3µ	delay=95µO Det=434	H Det=365	Mon Det=32483	Aux Det=1242	O+H=799	 DONE
09/09/2023 02:06:43:	move motor	S18.axis2.phaseshifter 1 to 1.600000deg	 DONE
09/09/2023 02:06:47:	19	TOF	5	time=20	period=434µ	binwidth=3µ	delay=95µO Det=484	H Det=365	Mon Det=32483	Aux Det=1243	O+H=849	 DONE
09/09/2023 02:07:10:	move motor	S18.axis2.phaseshifter 1 to 1.800000deg	 DONE
09/09/2023 02:07:14:	20	TOF	5	time=20	period=434µ	binwidth=3µ	delay=95µO Det=484	H Det=365	Mon Det=32483	Aux Det=1220	O+H=849	 DONE
09/09/2023 02:07:38:	move motor	S18.axis2.phaseshifter 1 to 2.000000deg	 DONE
09/09/2023 02:07:42:	21	TOF	5	time=20	period=434µ	binwidth=3µ	delay=95µO Det=515	H Det=365	Mon Det=32483	Aux Det=1199	O+H=880	 DONE
09/09/2023 02:08:06:	function generator:  GPIB1::8 stop1 DONE
09/09/2023 02:08:07:	close file and end scan	 DONE
09/09/2023 02:08:07:	move motor	S18.axis2.phaseshifter 1 to fit AUX COS45	-0.113314reached -0.10986  DONE
call of ifg_TOF_A1.sc DONE
09/09/2023 02:08:11:	function generator:  GPIB1::8 start1 DONE
09/09/2023 02:08:12:	create file	D:\data\Cycle 192ter\exp_3-16-14\rawdata\sc\TOF_A1_alpha_ifg_09Sep0208.dat	 DONE
09/09/2023 02:08:13:	1	TOF	4	time=1200	period=434µ	binwidth=3µ	delay=126µO Det=30714	H Det=365	Mon Det=32483	Aux Det=75957	O+H=31079	 DONE
09/09/2023 02:28:17:	function generator:  GPIB1::8 stop1 DONE
09/09/2023 02:28:17:	close file and end scan	 DONE
09/09/2023 02:28:18:	function generator:  GPIB1::8 fn1=SIN *am1=3.94 *fr1=10000 *ph1=0 of1=0 bt1=4 dy1=29.43us DONE
09/09/2023 02:28:19:	function generator:  GPIB1::8 start1 DONE
09/09/2023 02:28:20:	create file	D:\data\Cycle 192ter\exp_3-16-14\rawdata\sc\ifg_TOF_A1_09Sep0228.dat	 DONE
room to enter remarks DONE
09/09/2023 02:28:21:	move motor	S18.axis2.phaseshifter 1 to -2.000000deg	 DONE
09/09/2023 02:28:25:	1	TOF	5	time=20	period=434µ	binwidth=3µ	delay=95µO Det=495	H Det=365	Mon Det=32483	Aux Det=1071	O+H=860	 DONE
09/09/2023 02:28:49:	move motor	S18.axis2.phaseshifter 1 to -1.800000deg	 DONE
09/09/2023 02:28:53:	2	TOF	5	time=20	period=434µ	binwidth=3µ	delay=95µO Det=476	H Det=365	Mon Det=32483	Aux Det=927	O+H=841	 DONE
09/09/2023 02:29:17:	move motor	S18.axis2.phaseshifter 1 to -1.600000deg	 DONE
09/09/2023 02:29:21:	3	TOF	5	time=20	period=434µ	binwidth=3µ	delay=95µO Det=380	H Det=365	Mon Det=32483	Aux Det=822	O+H=745	 DONE
09/09/2023 02:29:44:	move motor	S18.axis2.phaseshifter 1 to -1.400000deg	 DONE
09/09/2023 02:29:49:	4	TOF	5	time=20	period=434µ	binwidth=3µ	delay=95µO Det=358	H Det=365	Mon Det=32483	Aux Det=766	O+H=723	 DONE
09/09/2023 02:30:12:	move motor	S18.axis2.phaseshifter 1 to -1.200000deg	 DONE
09/09/2023 02:30:16:	5	TOF	5	time=20	period=434µ	binwidth=3µ	delay=95µO Det=366	H Det=365	Mon Det=32483	Aux Det=739	O+H=731	 DONE
09/09/2023 02:30:40:	move motor	S18.axis2.phaseshifter 1 to -1.000000deg	 DONE
09/09/2023 02:30:44:	6	TOF	5	time=20	period=434µ	binwidth=3µ	delay=95µO Det=377	H Det=365	Mon Det=32483	Aux Det=870	O+H=742	 DONE
09/09/2023 02:31:08:	move motor	S18.axis2.phaseshifter 1 to -0.800000deg	 DONE
09/09/2023 02:31:11:	7	TOF	5	time=20	period=434µ	binwidth=3µ	delay=95µO Det=411	H Det=365	Mon Det=32483	Aux Det=1036	O+H=776	 DONE
09/09/2023 02:31:35:	move motor	S18.axis2.phaseshifter 1 to -0.600000deg	 DONE
09/09/2023 02:31:39:	8	TOF	5	time=20	period=434µ	binwidth=3µ	delay=95µO Det=476	H Det=365	Mon Det=32483	Aux Det=1149	O+H=841	 DONE
09/09/2023 02:32:03:	move motor	S18.axis2.phaseshifter 1 to -0.400000deg	 DONE
09/09/2023 02:32:07:	9	TOF	5	time=20	period=434µ	binwidth=3µ	delay=95µO Det=508	H Det=365	Mon Det=32483	Aux Det=1245	O+H=873	 DONE
09/09/2023 02:32:30:	move motor	S18.axis2.phaseshifter 1 to -0.200000deg	 DONE
09/09/2023 02:32:34:	10	TOF	5	time=20	period=434µ	binwidth=3µ	delay=95µO Det=499	H Det=365	Mon Det=32483	Aux Det=1275	O+H=864	 DONE
09/09/2023 02:32:58:	move motor	S18.axis2.phaseshifter 1 to 0.000000deg	 DONE
09/09/2023 02:33:02:	11	TOF	5	time=20	period=434µ	binwidth=3µ	delay=95µO Det=502	H Det=365	Mon Det=32483	Aux Det=1078	O+H=867	 DONE
09/09/2023 02:33:25:	move motor	S18.axis2.phaseshifter 1 to 0.200000deg	 DONE
09/09/2023 02:33:29:	12	TOF	5	time=20	period=434µ	binwidth=3µ	delay=95µO Det=439	H Det=365	Mon Det=32483	Aux Det=972	O+H=804	 DONE
09/09/2023 02:33:53:	move motor	S18.axis2.phaseshifter 1 to 0.400000deg	 DONE
09/09/2023 02:33:57:	13	TOF	5	time=20	period=434µ	binwidth=3µ	delay=95µO Det=439	H Det=365	Mon Det=32483	Aux Det=812	O+H=804	 DONE
09/09/2023 02:34:21:	move motor	S18.axis2.phaseshifter 1 to 0.600000deg	 DONE
09/09/2023 02:34:25:	14	TOF	5	time=20	period=434µ	binwidth=3µ	delay=95µO Det=419	H Det=365	Mon Det=32483	Aux Det=717	O+H=784	 DONE
09/09/2023 02:34:49:	move motor	S18.axis2.phaseshifter 1 to 0.800000deg	 DONE
09/09/2023 02:34:53:	15	TOF	5	time=20	period=434µ	binwidth=3µ	delay=95µO Det=344	H Det=365	Mon Det=32483	Aux Det=722	O+H=709	 DONE
09/09/2023 02:35:16:	move motor	S18.axis2.phaseshifter 1 to 1.000000deg	 DONE
09/09/2023 02:35:20:	16	TOF	5	time=20	period=434µ	binwidth=3µ	delay=95µO Det=389	H Det=365	Mon Det=32483	Aux Det=848	O+H=754	 DONE
09/09/2023 02:35:44:	move motor	S18.axis2.phaseshifter 1 to 1.200000deg	 DONE
09/09/2023 02:35:48:	17	TOF	5	time=20	period=434µ	binwidth=3µ	delay=95µO Det=368	H Det=365	Mon Det=32483	Aux Det=1011	O+H=733	 DONE
09/09/2023 02:36:12:	move motor	S18.axis2.phaseshifter 1 to 1.400000deg	 DONE
09/09/2023 02:36:16:	18	TOF	5	time=20	period=434µ	binwidth=3µ	delay=95µO Det=449	H Det=365	Mon Det=32483	Aux Det=1081	O+H=814	 DONE
09/09/2023 02:36:39:	move motor	S18.axis2.phaseshifter 1 to 1.600000deg	 DONE
09/09/2023 02:36:43:	19	TOF	5	time=20	period=434µ	binwidth=3µ	delay=95µO Det=510	H Det=365	Mon Det=32483	Aux Det=1199	O+H=875	 DONE
09/09/2023 02:37:07:	move motor	S18.axis2.phaseshifter 1 to 1.800000deg	 DONE
09/09/2023 02:37:11:	20	TOF	5	time=20	period=434µ	binwidth=3µ	delay=95µO Det=503	H Det=365	Mon Det=32483	Aux Det=1180	O+H=868	 DONE
09/09/2023 02:37:34:	move motor	S18.axis2.phaseshifter 1 to 2.000000deg	 DONE
09/09/2023 02:37:38:	21	TOF	5	time=20	period=434µ	binwidth=3µ	delay=95µO Det=488	H Det=365	Mon Det=32483	Aux Det=1175	O+H=853	 DONE
09/09/2023 02:38:02:	function generator:  GPIB1::8 stop1 DONE
09/09/2023 02:38:03:	close file and end scan	 DONE
09/09/2023 02:38:03:	move motor	S18.axis2.phaseshifter 1 to fit AUX COS45	-0.082839reached -0.07690  DONE
call of ifg_TOF_A1.sc DONE
09/09/2023 02:38:08:	function generator:  GPIB1::8 start1 DONE
09/09/2023 02:38:09:	create file	D:\data\Cycle 192ter\exp_3-16-14\rawdata\sc\TOF_A1_alpha_ifg_09Sep0238.dat	 DONE
09/09/2023 02:38:09:	1	TOF	4	time=1200	period=434µ	binwidth=3µ	delay=126µO Det=29487	H Det=365	Mon Det=32483	Aux Det=72830	O+H=29852	 DONE
09/09/2023 02:58:13:	function generator:  GPIB1::8 stop1 DONE
09/09/2023 02:58:14:	close file and end scan	 DONE
09/09/2023 02:58:14:	function generator:  GPIB1::8 fn1=SIN *am1=4.22 *fr1=10000 *ph1=0 of1=0 bt1=4 dy1=29.43us DONE
09/09/2023 02:58:15:	function generator:  GPIB1::8 start1 DONE
09/09/2023 02:58:16:	create file	D:\data\Cycle 192ter\exp_3-16-14\rawdata\sc\ifg_TOF_A1_09Sep0258.dat	 DONE
room to enter remarks DONE
09/09/2023 02:58:17:	move motor	S18.axis2.phaseshifter 1 to -2.000000deg	 DONE
09/09/2023 02:58:21:	1	TOF	5	time=20	period=434µ	binwidth=3µ	delay=95µO Det=487	H Det=365	Mon Det=32483	Aux Det=1103	O+H=852	 DONE
09/09/2023 02:58:45:	move motor	S18.axis2.phaseshifter 1 to -1.800000deg	 DONE
09/09/2023 02:58:49:	2	TOF	5	time=20	period=434µ	binwidth=3µ	delay=95µO Det=449	H Det=365	Mon Det=32483	Aux Det=1020	O+H=814	 DONE
09/09/2023 02:59:13:	move motor	S18.axis2.phaseshifter 1 to -1.600000deg	 DONE
09/09/2023 02:59:17:	3	TOF	5	time=20	period=434µ	binwidth=3µ	delay=95µO Det=387	H Det=365	Mon Det=32483	Aux Det=838	O+H=752	 DONE
09/09/2023 02:59:41:	move motor	S18.axis2.phaseshifter 1 to -1.400000deg	 DONE
09/09/2023 02:59:45:	4	TOF	5	time=20	period=434µ	binwidth=3µ	delay=95µO Det=376	H Det=365	Mon Det=32483	Aux Det=779	O+H=741	 DONE
09/09/2023 03:00:08:	move motor	S18.axis2.phaseshifter 1 to -1.200000deg	 DONE
09/09/2023 03:00:12:	5	TOF	5	time=20	period=434µ	binwidth=3µ	delay=95µO Det=357	H Det=365	Mon Det=32483	Aux Det=845	O+H=722	 DONE
09/09/2023 03:00:36:	move motor	S18.axis2.phaseshifter 1 to -1.000000deg	 DONE
09/09/2023 03:00:40:	6	TOF	5	time=20	period=434µ	binwidth=3µ	delay=95µO Det=361	H Det=365	Mon Det=32483	Aux Det=882	O+H=726	 DONE
09/09/2023 03:01:04:	move motor	S18.axis2.phaseshifter 1 to -0.800000deg	 DONE
09/09/2023 03:01:08:	7	TOF	5	time=20	period=434µ	binwidth=3µ	delay=95µO Det=411	H Det=365	Mon Det=32483	Aux Det=983	O+H=776	 DONE
09/09/2023 03:01:31:	move motor	S18.axis2.phaseshifter 1 to -0.600000deg	 DONE
09/09/2023 03:01:35:	8	TOF	5	time=20	period=434µ	binwidth=3µ	delay=95µO Det=423	H Det=365	Mon Det=32483	Aux Det=1180	O+H=788	 DONE
09/09/2023 03:01:59:	move motor	S18.axis2.phaseshifter 1 to -0.400000deg	 DONE
09/09/2023 03:02:03:	9	TOF	5	time=20	period=434µ	binwidth=3µ	delay=95µO Det=503	H Det=365	Mon Det=32483	Aux Det=1168	O+H=868	 DONE
09/09/2023 03:02:26:	move motor	S18.axis2.phaseshifter 1 to -0.200000deg	 DONE
09/09/2023 03:02:30:	10	TOF	5	time=20	period=434µ	binwidth=3µ	delay=95µO Det=486	H Det=365	Mon Det=32483	Aux Det=1162	O+H=851	 DONE
09/09/2023 03:02:54:	move motor	S18.axis2.phaseshifter 1 to 0.000000deg	 DONE
09/09/2023 03:02:58:	11	TOF	5	time=20	period=434µ	binwidth=3µ	delay=95µO Det=483	H Det=365	Mon Det=32483	Aux Det=1156	O+H=848	 DONE
09/09/2023 03:03:22:	move motor	S18.axis2.phaseshifter 1 to 0.200000deg	 DONE
09/09/2023 03:03:26:	12	TOF	5	time=20	period=434µ	binwidth=3µ	delay=95µO Det=430	H Det=365	Mon Det=32483	Aux Det=1086	O+H=795	 DONE
09/09/2023 03:03:49:	move motor	S18.axis2.phaseshifter 1 to 0.400000deg	 DONE
09/09/2023 03:03:53:	13	TOF	5	time=20	period=434µ	binwidth=3µ	delay=95µO Det=420	H Det=365	Mon Det=32483	Aux Det=899	O+H=785	 DONE
09/09/2023 03:04:17:	move motor	S18.axis2.phaseshifter 1 to 0.600000deg	 DONE
09/09/2023 03:04:21:	14	TOF	5	time=20	period=434µ	binwidth=3µ	delay=95µO Det=358	H Det=365	Mon Det=32483	Aux Det=817	O+H=723	 DONE
09/09/2023 03:04:44:	move motor	S18.axis2.phaseshifter 1 to 0.800000deg	 DONE
09/09/2023 03:04:48:	15	TOF	5	time=20	period=434µ	binwidth=3µ	delay=95µO Det=353	H Det=365	Mon Det=32483	Aux Det=769	O+H=718	 DONE
09/09/2023 03:05:12:	move motor	S18.axis2.phaseshifter 1 to 1.000000deg	 DONE
09/09/2023 03:05:16:	16	TOF	5	time=20	period=434µ	binwidth=3µ	delay=95µO Det=382	H Det=365	Mon Det=32483	Aux Det=895	O+H=747	 DONE
09/09/2023 03:05:40:	move motor	S18.axis2.phaseshifter 1 to 1.200000deg	 DONE
09/09/2023 03:05:44:	17	TOF	5	time=20	period=434µ	binwidth=3µ	delay=95µO Det=372	H Det=365	Mon Det=32483	Aux Det=971	O+H=737	 DONE
09/09/2023 03:06:07:	move motor	S18.axis2.phaseshifter 1 to 1.400000deg	 DONE
09/09/2023 03:06:11:	18	TOF	5	time=20	period=434µ	binwidth=3µ	delay=95µO Det=452	H Det=365	Mon Det=32483	Aux Det=1048	O+H=817	 DONE
09/09/2023 03:06:35:	move motor	S18.axis2.phaseshifter 1 to 1.600000deg	 DONE
09/09/2023 03:06:39:	19	TOF	5	time=20	period=434µ	binwidth=3µ	delay=95µO Det=447	H Det=365	Mon Det=32483	Aux Det=1167	O+H=812	 DONE
09/09/2023 03:07:03:	move motor	S18.axis2.phaseshifter 1 to 1.800000deg	 DONE
09/09/2023 03:07:07:	20	TOF	5	time=20	period=434µ	binwidth=3µ	delay=95µO Det=477	H Det=365	Mon Det=32483	Aux Det=1183	O+H=842	 DONE
09/09/2023 03:07:30:	move motor	S18.axis2.phaseshifter 1 to 2.000000deg	 DONE
09/09/2023 03:07:34:	21	TOF	5	time=20	period=434µ	binwidth=3µ	delay=95µO Det=455	H Det=365	Mon Det=32483	Aux Det=1113	O+H=820	 DONE
09/09/2023 03:07:58:	function generator:  GPIB1::8 stop1 DONE
09/09/2023 03:07:59:	close file and end scan	 DONE
09/09/2023 03:07:59:	move motor	S18.axis2.phaseshifter 1 to fit AUX COS45	-0.026981reached -0.02197  DONE
call of ifg_TOF_A1.sc DONE
09/09/2023 03:08:03:	function generator:  GPIB1::8 start1 DONE
09/09/2023 03:08:04:	create file	D:\data\Cycle 192ter\exp_3-16-14\rawdata\sc\TOF_A1_alpha_ifg_09Sep0308.dat	 DONE
09/09/2023 03:08:05:	1	TOF	4	time=1200	period=434µ	binwidth=3µ	delay=126µO Det=28491	H Det=365	Mon Det=32483	Aux Det=68376	O+H=28856	 DONE
09/09/2023 03:28:08:	function generator:  GPIB1::8 stop1 DONE
09/09/2023 03:28:09:	close file and end scan	 DONE
09/09/2023 03:28:10:	function generator:  GPIB1::8 fn1=SIN *am1=4.5 *fr1=10000 *ph1=0 of1=0 bt1=4 dy1=29.43us DONE
09/09/2023 03:28:11:	function generator:  GPIB1::8 start1 DONE
09/09/2023 03:28:12:	create file	D:\data\Cycle 192ter\exp_3-16-14\rawdata\sc\ifg_TOF_A1_09Sep0328.dat	 DONE
room to enter remarks DONE
09/09/2023 03:28:13:	move motor	S18.axis2.phaseshifter 1 to -2.000000deg	 DONE
09/09/2023 03:28:17:	1	TOF	5	time=20	period=434µ	binwidth=3µ	delay=95µO Det=460	H Det=365	Mon Det=32483	Aux Det=1110	O+H=825	 DONE
09/09/2023 03:28:41:	move motor	S18.axis2.phaseshifter 1 to -1.800000deg	 DONE
09/09/2023 03:28:45:	2	TOF	5	time=20	period=434µ	binwidth=3µ	delay=95µO Det=455	H Det=365	Mon Det=32483	Aux Det=970	O+H=820	 DONE
09/09/2023 03:29:08:	move motor	S18.axis2.phaseshifter 1 to -1.600000deg	 DONE
09/09/2023 03:29:12:	3	TOF	5	time=20	period=434µ	binwidth=3µ	delay=95µO Det=396	H Det=365	Mon Det=32483	Aux Det=935	O+H=761	 DONE
09/09/2023 03:29:36:	move motor	S18.axis2.phaseshifter 1 to -1.400000deg	 DONE
09/09/2023 03:29:40:	4	TOF	5	time=20	period=434µ	binwidth=3µ	delay=95µO Det=380	H Det=365	Mon Det=32483	Aux Det=820	O+H=745	 DONE
09/09/2023 03:30:04:	move motor	S18.axis2.phaseshifter 1 to -1.200000deg	 DONE
09/09/2023 03:30:08:	5	TOF	5	time=20	period=434µ	binwidth=3µ	delay=95µO Det=383	H Det=365	Mon Det=32483	Aux Det=806	O+H=748	 DONE
09/09/2023 03:30:31:	move motor	S18.axis2.phaseshifter 1 to -1.000000deg	 DONE
09/09/2023 03:30:35:	6	TOF	5	time=20	period=434µ	binwidth=3µ	delay=95µO Det=369	H Det=365	Mon Det=32483	Aux Det=894	O+H=734	 DONE
09/09/2023 03:30:59:	move motor	S18.axis2.phaseshifter 1 to -0.800000deg	 DONE
09/09/2023 03:31:03:	7	TOF	5	time=20	period=434µ	binwidth=3µ	delay=95µO Det=408	H Det=365	Mon Det=32483	Aux Det=972	O+H=773	 DONE
09/09/2023 03:31:27:	move motor	S18.axis2.phaseshifter 1 to -0.600000deg	 DONE
09/09/2023 03:31:31:	8	TOF	5	time=20	period=434µ	binwidth=3µ	delay=95µO Det=419	H Det=365	Mon Det=32483	Aux Det=1061	O+H=784	 DONE
09/09/2023 03:31:54:	move motor	S18.axis2.phaseshifter 1 to -0.400000deg	 DONE
09/09/2023 03:31:58:	9	TOF	5	time=20	period=434µ	binwidth=3µ	delay=95µO Det=417	H Det=365	Mon Det=32483	Aux Det=1096	O+H=782	 DONE
09/09/2023 03:32:22:	move motor	S18.axis2.phaseshifter 1 to -0.200000deg	 DONE
09/09/2023 03:32:26:	10	TOF	5	time=20	period=434µ	binwidth=3µ	delay=95µO Det=421	H Det=365	Mon Det=32483	Aux Det=1148	O+H=786	 DONE
09/09/2023 03:32:49:	move motor	S18.axis2.phaseshifter 1 to 0.000000deg	 DONE
09/09/2023 03:32:53:	11	TOF	5	time=20	period=434µ	binwidth=3µ	delay=95µO Det=487	H Det=365	Mon Det=32483	Aux Det=1117	O+H=852	 DONE
09/09/2023 03:33:17:	move motor	S18.axis2.phaseshifter 1 to 0.200000deg	 DONE
09/09/2023 03:33:21:	12	TOF	5	time=20	period=434µ	binwidth=3µ	delay=95µO Det=413	H Det=365	Mon Det=32483	Aux Det=954	O+H=778	 DONE
09/09/2023 03:33:45:	move motor	S18.axis2.phaseshifter 1 to 0.400000deg	 DONE
09/09/2023 03:33:49:	13	TOF	5	time=20	period=434µ	binwidth=3µ	delay=95µO Det=421	H Det=365	Mon Det=32483	Aux Det=853	O+H=786	 DONE
09/09/2023 03:34:12:	move motor	S18.axis2.phaseshifter 1 to 0.600000deg	 DONE
09/09/2023 03:34:16:	14	TOF	5	time=20	period=434µ	binwidth=3µ	delay=95µO Det=384	H Det=365	Mon Det=32483	Aux Det=889	O+H=749	 DONE
09/09/2023 03:34:40:	move motor	S18.axis2.phaseshifter 1 to 0.800000deg	 DONE
09/09/2023 03:34:44:	15	TOF	5	time=20	period=434µ	binwidth=3µ	delay=95µO Det=369	H Det=365	Mon Det=32483	Aux Det=814	O+H=734	 DONE
09/09/2023 03:35:08:	move motor	S18.axis2.phaseshifter 1 to 1.000000deg	 DONE
09/09/2023 03:35:12:	16	TOF	5	time=20	period=434µ	binwidth=3µ	delay=95µO Det=397	H Det=365	Mon Det=32483	Aux Det=884	O+H=762	 DONE
09/09/2023 03:35:35:	move motor	S18.axis2.phaseshifter 1 to 1.200000deg	 DONE
09/09/2023 03:35:39:	17	TOF	5	time=20	period=434µ	binwidth=3µ	delay=95µO Det=397	H Det=365	Mon Det=32483	Aux Det=876	O+H=762	 DONE
09/09/2023 03:36:03:	move motor	S18.axis2.phaseshifter 1 to 1.400000deg	 DONE
09/09/2023 03:36:07:	18	TOF	5	time=20	period=434µ	binwidth=3µ	delay=95µO Det=399	H Det=365	Mon Det=32483	Aux Det=995	O+H=764	 DONE
09/09/2023 03:36:30:	move motor	S18.axis2.phaseshifter 1 to 1.600000deg	 DONE
09/09/2023 03:36:34:	19	TOF	5	time=20	period=434µ	binwidth=3µ	delay=95µO Det=410	H Det=365	Mon Det=32483	Aux Det=1046	O+H=775	 DONE
09/09/2023 03:36:58:	move motor	S18.axis2.phaseshifter 1 to 1.800000deg	 DONE
09/09/2023 03:37:02:	20	TOF	5	time=20	period=434µ	binwidth=3µ	delay=95µO Det=437	H Det=365	Mon Det=32483	Aux Det=1086	O+H=802	 DONE
09/09/2023 03:37:26:	move motor	S18.axis2.phaseshifter 1 to 2.000000deg	 DONE
09/09/2023 03:37:30:	21	TOF	5	time=20	period=434µ	binwidth=3µ	delay=95µO Det=450	H Det=365	Mon Det=32483	Aux Det=1066	O+H=815	 DONE
09/09/2023 03:37:53:	function generator:  GPIB1::8 stop1 DONE
09/09/2023 03:37:54:	close file and end scan	 DONE
09/09/2023 03:37:55:	move motor	S18.axis2.phaseshifter 1 to fit AUX COS45	0.011185reached 0.01099  DONE
call of ifg_TOF_A1.sc DONE
09/09/2023 03:37:59:	function generator:  GPIB1::8 start1 DONE
09/09/2023 03:38:00:	create file	D:\data\Cycle 192ter\exp_3-16-14\rawdata\sc\TOF_A1_alpha_ifg_09Sep0338.dat	 DONE
09/09/2023 03:38:00:	1	TOF	4	time=1200	period=434µ	binwidth=3µ	delay=126µO Det=27105	H Det=365	Mon Det=32483	Aux Det=64319	O+H=27470	 DONE
09/09/2023 03:58:04:	function generator:  GPIB1::8 stop1 DONE
09/09/2023 03:58:05:	close file and end scan	 DONE
09/09/2023 03:58:05:	END OF SCRIPT	 DONE
