07/09/2023 16:00:50:	function generator:  GPIB1::8 fn1=SIN *am1=1.0 *fr1=10000 *ph1=0 of1=0 bt1=2 dy1=29.43us DONE
07/09/2023 16:00:51:	function generator:  GPIB1::8 start1 DONE
07/09/2023 16:00:51:	create file	D:\data\Cycle 192ter\exp_3-16-14\rawdata\sc\TOF_A1_alpha_ifg_07Sep1600.dat	 DONE
room to enter remarks DONE
07/09/2023 16:00:52:	move motor	S18.axis2.phaseshifter 1 to -2.000000deg	 DONE
07/09/2023 16:00:57:	1	TOF	4	time=20	period=404µ	binwidth=3µ	delay=95µO Det=445	H Det=2269	Mon Det=61043	Aux Det=768	O+H=2714	 DONE
07/09/2023 16:01:21:	move motor	S18.axis2.phaseshifter 1 to -1.800000deg	 DONE
07/09/2023 16:01:25:	2	TOF	4	time=20	period=404µ	binwidth=3µ	delay=95µO Det=281	H Det=2269	Mon Det=61043	Aux Det=325	O+H=2550	 DONE
07/09/2023 16:01:48:	move motor	S18.axis2.phaseshifter 1 to -1.600000deg	 DONE
07/09/2023 16:01:52:	3	TOF	4	time=20	period=404µ	binwidth=3µ	delay=95µO Det=202	H Det=2269	Mon Det=61043	Aux Det=251	O+H=2471	 DONE
07/09/2023 16:02:16:	move motor	S18.axis2.phaseshifter 1 to -1.400000deg	 DONE
07/09/2023 16:02:20:	4	TOF	4	time=20	period=404µ	binwidth=3µ	delay=95µO Det=245	H Det=2269	Mon Det=61043	Aux Det=571	O+H=2514	 DONE
07/09/2023 16:02:44:	move motor	S18.axis2.phaseshifter 1 to -1.200000deg	 DONE
07/09/2023 16:02:47:	5	TOF	4	time=20	period=404µ	binwidth=3µ	delay=95µO Det=348	H Det=2269	Mon Det=61043	Aux Det=1156	O+H=2617	 DONE
07/09/2023 16:03:11:	move motor	S18.axis2.phaseshifter 1 to -1.000000deg	 DONE
07/09/2023 16:03:15:	6	TOF	4	time=20	period=404µ	binwidth=3µ	delay=95µO Det=582	H Det=2269	Mon Det=61043	Aux Det=1827	O+H=2851	 DONE
07/09/2023 16:03:39:	move motor	S18.axis2.phaseshifter 1 to -0.800000deg	 DONE
07/09/2023 16:03:43:	7	TOF	4	time=20	period=404µ	binwidth=3µ	delay=95µO Det=739	H Det=2269	Mon Det=61043	Aux Det=2315	O+H=3008	 DONE
07/09/2023 16:04:07:	move motor	S18.axis2.phaseshifter 1 to -0.600000deg	 DONE
07/09/2023 16:04:11:	8	TOF	4	time=20	period=404µ	binwidth=3µ	delay=95µO Det=800	H Det=2269	Mon Det=61043	Aux Det=2442	O+H=3069	 DONE
07/09/2023 16:04:34:	move motor	S18.axis2.phaseshifter 1 to -0.400000deg	 DONE
07/09/2023 16:04:38:	9	TOF	4	time=20	period=404µ	binwidth=3µ	delay=95µO Det=819	H Det=2269	Mon Det=61043	Aux Det=2090	O+H=3088	 DONE
07/09/2023 16:05:02:	move motor	S18.axis2.phaseshifter 1 to -0.200000deg	 DONE
07/09/2023 16:05:06:	10	TOF	4	time=20	period=404µ	binwidth=3µ	delay=95µO Det=712	H Det=2269	Mon Det=61043	Aux Det=1523	O+H=2981	 DONE
07/09/2023 16:05:30:	move motor	S18.axis2.phaseshifter 1 to 0.000000deg	 DONE
07/09/2023 16:05:34:	11	TOF	4	time=20	period=404µ	binwidth=3µ	delay=95µO Det=509	H Det=2269	Mon Det=61043	Aux Det=824	O+H=2778	 DONE
07/09/2023 16:05:57:	move motor	S18.axis2.phaseshifter 1 to 0.200000deg	 DONE
07/09/2023 16:06:01:	12	TOF	4	time=20	period=404µ	binwidth=3µ	delay=95µO Det=304	H Det=2269	Mon Det=61043	Aux Det=351	O+H=2573	 DONE
07/09/2023 16:06:25:	move motor	S18.axis2.phaseshifter 1 to 0.400000deg	 DONE
07/09/2023 16:06:29:	13	TOF	4	time=20	period=404µ	binwidth=3µ	delay=95µO Det=193	H Det=2269	Mon Det=61043	Aux Det=231	O+H=2462	 DONE
07/09/2023 16:06:53:	move motor	S18.axis2.phaseshifter 1 to 0.600000deg	 DONE
07/09/2023 16:06:57:	14	TOF	4	time=20	period=404µ	binwidth=3µ	delay=95µO Det=217	H Det=2269	Mon Det=61043	Aux Det=519	O+H=2486	 DONE
07/09/2023 16:07:20:	move motor	S18.axis2.phaseshifter 1 to 0.800000deg	 DONE
07/09/2023 16:07:24:	15	TOF	4	time=20	period=404µ	binwidth=3µ	delay=95µO Det=367	H Det=2269	Mon Det=61043	Aux Det=1152	O+H=2636	 DONE
07/09/2023 16:07:48:	move motor	S18.axis2.phaseshifter 1 to 1.000000deg	 DONE
07/09/2023 16:07:52:	16	TOF	4	time=20	period=404µ	binwidth=3µ	delay=95µO Det=527	H Det=2269	Mon Det=61043	Aux Det=1763	O+H=2796	 DONE
07/09/2023 16:08:15:	move motor	S18.axis2.phaseshifter 1 to 1.200000deg	 DONE
07/09/2023 16:08:19:	17	TOF	4	time=20	period=404µ	binwidth=3µ	delay=95µO Det=719	H Det=2269	Mon Det=61043	Aux Det=2235	O+H=2988	 DONE
07/09/2023 16:08:43:	move motor	S18.axis2.phaseshifter 1 to 1.400000deg	 DONE
07/09/2023 16:08:47:	18	TOF	4	time=20	period=404µ	binwidth=3µ	delay=95µO Det=821	H Det=2269	Mon Det=61043	Aux Det=2414	O+H=3090	 DONE
07/09/2023 16:09:11:	move motor	S18.axis2.phaseshifter 1 to 1.600000deg	 DONE
07/09/2023 16:09:15:	19	TOF	4	time=20	period=404µ	binwidth=3µ	delay=95µO Det=799	H Det=2269	Mon Det=61043	Aux Det=2163	O+H=3068	 DONE
07/09/2023 16:09:39:	move motor	S18.axis2.phaseshifter 1 to 1.800000deg	 DONE
07/09/2023 16:09:43:	20	TOF	4	time=20	period=404µ	binwidth=3µ	delay=95µO Det=698	H Det=2269	Mon Det=61043	Aux Det=1663	O+H=2967	 DONE
07/09/2023 16:10:06:	move motor	S18.axis2.phaseshifter 1 to 2.000000deg	 DONE
07/09/2023 16:10:10:	21	TOF	4	time=20	period=404µ	binwidth=3µ	delay=95µO Det=491	H Det=2269	Mon Det=61043	Aux Det=1012	O+H=2760	 DONE
07/09/2023 16:10:34:	function generator:  GPIB1::8 stop1 DONE
07/09/2023 16:10:35:	close file and end scan	 DONE
07/09/2023 16:10:35:	move motor	S18.axis2.phaseshifter 1 to fit AUX COS90	-0.144839reached -0.14282  DONE
call of ifg_TOF_A1.sc DONE
07/09/2023 16:10:39:	function generator:  GPIB1::8 start1 DONE
07/09/2023 16:10:40:	create file	D:\data\Cycle 192ter\exp_3-16-14\rawdata\sc\TOF_A1_alpha_ifg_07Sep1610.dat	 DONE
07/09/2023 16:10:41:	1	TOF	4	time=1200	period=434µ	binwidth=3µ	delay=126µO Det=6269	H Det=2269	Mon Det=61043	Aux Det=13602	O+H=8538	 DONE
07/09/2023 16:14:03:	function generator:  GPIB1::8 stop1 DONE
07/09/2023 16:14:04:	function generator:  GPIB1::8 fn1=SIN *am1=1.4 *fr1=10000 *ph1=0 of1=0 bt1=2 dy1=29.43us DONE
07/09/2023 16:14:05:	function generator:  GPIB1::8 start1 DONE
07/09/2023 16:14:06:	create file	D:\data\Cycle 192ter\exp_3-16-14\rawdata\sc\TOF_A1_alpha_ifg_07Sep1614.dat	 DONE
room to enter remarks DONE
07/09/2023 16:14:07:	move motor	S18.axis2.phaseshifter 1 to -2.000000deg	STOPPED BY USER	07/09/2023 16:14:12:	close file and end scan	 DONE
07/09/2023 16:14:12:	move motor	S18.axis2.phaseshifter 1 to fit AUX COS90	