18/09/2023 19:08:32:	start execution of script D:\data\Cycle 192ter\exp_3-16-14\rawdata\sc\TOF_vs_chi_A1_19pt_pi4_1500s.sc	 DONE
18/09/2023 19:08:32:	function generator:  GPIB1::8 fn1=SIN *am1=0.0 *fr1=0 *ph1=0 of1=0 bt1=3 DONE
18/09/2023 19:08:33:	function generator:  GPIB1::8 fn2=SIN *am2=0.0 *fr2=0 *ph2=0 of2=0 bt2=3 DONE
18/09/2023 19:08:33:	move motor	S18.axis2.phaseshifter 1 to -1.500000deg	reached -1.50513  DONE
18/09/2023 19:08:37:	function generator:  GPIB1::8 fn1=SIN *am1=1.52 *fr1=10000 *ph1=0 of1=0 bt1=4 dy1=29.43us DONE
18/09/2023 19:08:37:	function generator:  GPIB1::8 start1 DONE
18/09/2023 19:08:38:	create file	D:\data\Cycle 192ter\exp_3-16-14\rawdata\sc\TOF_vs_chi_A1_19pt_pi4_1500s_18Sep1908.dat	 DONE
18/09/2023 19:08:38:	1	TOF	4	time=1500	period=404µ	binwidth=3µ	delay=95µO Det=32907	H Det=110	Mon Det=31552	Aux Det=64095	O+H=33017	 DONE
18/09/2023 19:33:42:	function generator:  GPIB1::8 stop1 DONE
18/09/2023 19:33:43:	close file and end scan	 DONE
call of TOF_A1_pi4_1500s.sc DONE
18/09/2023 19:33:44:	move motor	S18.axis2.phaseshifter 1 to -1.333333deg	reached -1.32935  DONE
18/09/2023 19:33:47:	function generator:  GPIB1::8 fn1=SIN *am1=1.52 *fr1=10000 *ph1=0 of1=0 bt1=4 dy1=29.43us DONE
18/09/2023 19:33:48:	function generator:  GPIB1::8 start1 DONE
18/09/2023 19:33:48:	create file	D:\data\Cycle 192ter\exp_3-16-14\rawdata\sc\TOF_vs_chi_A1_19pt_pi4_1500s_18Sep1933.dat	 DONE
18/09/2023 19:33:49:	1	TOF	4	time=1500	period=404µ	binwidth=3µ	delay=95µO Det=23898	H Det=110	Mon Det=31552	Aux Det=34436	O+H=24008	 DONE
18/09/2023 19:58:53:	function generator:  GPIB1::8 stop1 DONE
18/09/2023 19:58:53:	close file and end scan	 DONE
call of TOF_A1_pi4_1500s.sc DONE
18/09/2023 19:58:54:	move motor	S18.axis2.phaseshifter 1 to -1.166666deg	reached -1.16455  DONE
18/09/2023 19:58:57:	function generator:  GPIB1::8 fn1=SIN *am1=1.52 *fr1=10000 *ph1=0 of1=0 bt1=4 dy1=29.43us DONE
18/09/2023 19:58:58:	function generator:  GPIB1::8 start1 DONE
18/09/2023 19:58:59:	create file	D:\data\Cycle 192ter\exp_3-16-14\rawdata\sc\TOF_vs_chi_A1_19pt_pi4_1500s_18Sep1958.dat	 DONE
18/09/2023 19:58:59:	1	TOF	4	time=1500	period=404µ	binwidth=3µ	delay=95µO Det=20609	H Det=110	Mon Det=31552	Aux Det=29452	O+H=20719	 DONE
18/09/2023 20:24:03:	function generator:  GPIB1::8 stop1 DONE
18/09/2023 20:24:04:	close file and end scan	 DONE
call of TOF_A1_pi4_1500s.sc DONE
18/09/2023 20:24:05:	move motor	S18.axis2.phaseshifter 1 to -0.999999deg	reached -0.99976  DONE
18/09/2023 20:24:08:	function generator:  GPIB1::8 fn1=SIN *am1=1.52 *fr1=10000 *ph1=0 of1=0 bt1=4 dy1=29.43us DONE
18/09/2023 20:24:08:	function generator:  GPIB1::8 start1 DONE
18/09/2023 20:24:09:	create file	D:\data\Cycle 192ter\exp_3-16-14\rawdata\sc\TOF_vs_chi_A1_19pt_pi4_1500s_18Sep2024.dat	 DONE
18/09/2023 20:24:10:	1	TOF	4	time=1500	period=404µ	binwidth=3µ	delay=95µO Det=22886	H Det=110	Mon Det=31552	Aux Det=45331	O+H=22996	 DONE
18/09/2023 20:49:13:	function generator:  GPIB1::8 stop1 DONE
18/09/2023 20:49:14:	close file and end scan	 DONE
call of TOF_A1_pi4_1500s.sc DONE
18/09/2023 20:49:15:	move motor	S18.axis2.phaseshifter 1 to -0.833332deg	reached -0.85693  DONE
18/09/2023 20:49:18:	function generator:  GPIB1::8 fn1=SIN *am1=1.52 *fr1=10000 *ph1=0 of1=0 bt1=4 dy1=29.43us DONE
18/09/2023 20:49:19:	function generator:  GPIB1::8 start1 DONE
18/09/2023 20:49:19:	create file	D:\data\Cycle 192ter\exp_3-16-14\rawdata\sc\TOF_vs_chi_A1_19pt_pi4_1500s_18Sep2049.dat	 DONE
18/09/2023 20:49:20:	1	TOF	4	time=1500	period=404µ	binwidth=3µ	delay=95µO Det=29307	H Det=110	Mon Det=31552	Aux Det=72618	O+H=29417	 DONE
18/09/2023 21:14:24:	function generator:  GPIB1::8 stop1 DONE
18/09/2023 21:14:24:	close file and end scan	 DONE
call of TOF_A1_pi4_1500s.sc DONE
18/09/2023 21:14:25:	move motor	S18.axis2.phaseshifter 1 to -0.666665deg	reached -0.67017  DONE
18/09/2023 21:14:28:	function generator:  GPIB1::8 fn1=SIN *am1=1.52 *fr1=10000 *ph1=0 of1=0 bt1=4 dy1=29.43us DONE
18/09/2023 21:14:29:	function generator:  GPIB1::8 start1 DONE
18/09/2023 21:14:30:	create file	D:\data\Cycle 192ter\exp_3-16-14\rawdata\sc\TOF_vs_chi_A1_19pt_pi4_1500s_18Sep2114.dat	 DONE
18/09/2023 21:14:30:	1	TOF	4	time=1500	period=404µ	binwidth=3µ	delay=95µO Det=38403	H Det=110	Mon Det=31552	Aux Det=110679	O+H=38513	 DONE
18/09/2023 21:39:34:	function generator:  GPIB1::8 stop1 DONE
18/09/2023 21:39:35:	close file and end scan	 DONE
call of TOF_A1_pi4_1500s.sc DONE
18/09/2023 21:39:36:	move motor	S18.axis2.phaseshifter 1 to -0.499998deg	reached -0.49438  DONE
18/09/2023 21:39:39:	function generator:  GPIB1::8 fn1=SIN *am1=1.52 *fr1=10000 *ph1=0 of1=0 bt1=4 dy1=29.43us DONE
18/09/2023 21:39:39:	function generator:  GPIB1::8 start1 DONE
18/09/2023 21:39:40:	create file	D:\data\Cycle 192ter\exp_3-16-14\rawdata\sc\TOF_vs_chi_A1_19pt_pi4_1500s_18Sep2139.dat	 DONE
18/09/2023 21:39:41:	1	TOF	4	time=1500	period=404µ	binwidth=3µ	delay=95µO Det=10560	H Det=110	Mon Det=31552	Aux Det=31815	O+H=10670	 DONE
18/09/2023 22:04:44:	function generator:  GPIB1::8 stop1 DONE
18/09/2023 22:04:45:	close file and end scan	 DONE
call of TOF_A1_pi4_1500s.sc DONE
18/09/2023 22:04:46:	move motor	S18.axis2.phaseshifter 1 to -0.333331deg	reached -0.34058  DONE
18/09/2023 22:04:49:	function generator:  GPIB1::8 fn1=SIN *am1=1.52 *fr1=10000 *ph1=0 of1=0 bt1=4 dy1=29.43us DONE
18/09/2023 22:04:50:	function generator:  GPIB1::8 start1 DONE
18/09/2023 22:04:50:	create file	D:\data\Cycle 192ter\exp_3-16-14\rawdata\sc\TOF_vs_chi_A1_19pt_pi4_1500s_18Sep2204.dat	 DONE
18/09/2023 22:04:51:	1	TOF	4	time=1500	period=404µ	binwidth=3µ	delay=95µO Det=10	H Det=110	Mon Det=31552	Aux Det=7	O+H=120	 DONE
18/09/2023 22:29:55:	function generator:  GPIB1::8 stop1 DONE
18/09/2023 22:29:55:	close file and end scan	 DONE
call of TOF_A1_pi4_1500s.sc DONE
18/09/2023 22:29:57:	move motor	S18.axis2.phaseshifter 1 to -0.166664deg	reached -0.16479  DONE
18/09/2023 22:30:00:	function generator:  GPIB1::8 fn1=SIN *am1=1.52 *fr1=10000 *ph1=0 of1=0 bt1=4 dy1=29.43us DONE
18/09/2023 22:30:00:	function generator:  GPIB1::8 start1 DONE
18/09/2023 22:30:01:	create file	D:\data\Cycle 192ter\exp_3-16-14\rawdata\sc\TOF_vs_chi_A1_19pt_pi4_1500s_18Sep2230.dat	 DONE
18/09/2023 22:30:02:	1	TOF	4	time=1500	period=404µ	binwidth=3µ	delay=95µO Det=6	H Det=110	Mon Det=31552	Aux Det=13	O+H=116	 DONE
18/09/2023 22:55:05:	function generator:  GPIB1::8 stop1 DONE
18/09/2023 22:55:06:	close file and end scan	 DONE
call of TOF_A1_pi4_1500s.sc DONE
18/09/2023 22:55:07:	move motor	S18.axis2.phaseshifter 1 to 0.000003deg	reached 0.00000  DONE
18/09/2023 22:55:10:	function generator:  GPIB1::8 fn1=SIN *am1=1.52 *fr1=10000 *ph1=0 of1=0 bt1=4 dy1=29.43us DONE
18/09/2023 22:55:11:	function generator:  GPIB1::8 start1 DONE
18/09/2023 22:55:12:	create file	D:\data\Cycle 192ter\exp_3-16-14\rawdata\sc\TOF_vs_chi_A1_19pt_pi4_1500s_18Sep2255.dat	 DONE
18/09/2023 22:55:12:	1	TOF	4	time=1500	period=404µ	binwidth=3µ	delay=95µO Det=7	H Det=110	Mon Det=31552	Aux Det=8	O+H=117	 DONE
18/09/2023 23:20:16:	function generator:  GPIB1::8 stop1 DONE
18/09/2023 23:20:16:	close file and end scan	 DONE
call of TOF_A1_pi4_1500s.sc DONE
18/09/2023 23:20:17:	move motor	S18.axis2.phaseshifter 1 to 0.166670deg	reached 0.15381  DONE
18/09/2023 23:20:21:	function generator:  GPIB1::8 fn1=SIN *am1=1.52 *fr1=10000 *ph1=0 of1=0 bt1=4 dy1=29.43us DONE
18/09/2023 23:20:21:	function generator:  GPIB1::8 start1 DONE
18/09/2023 23:20:22:	create file	D:\data\Cycle 192ter\exp_3-16-14\rawdata\sc\TOF_vs_chi_A1_19pt_pi4_1500s_18Sep2320.dat	 DONE
18/09/2023 23:20:22:	1	TOF	4	time=1500	period=404µ	binwidth=3µ	delay=95µO Det=9	H Det=110	Mon Det=31552	Aux Det=6	O+H=119	 DONE
18/09/2023 23:45:26:	function generator:  GPIB1::8 stop1 DONE
18/09/2023 23:45:27:	close file and end scan	 DONE
call of TOF_A1_pi4_1500s.sc DONE
18/09/2023 23:45:28:	move motor	S18.axis2.phaseshifter 1 to 0.333337deg	reached 0.31860  DONE
18/09/2023 23:45:31:	function generator:  GPIB1::8 fn1=SIN *am1=1.52 *fr1=10000 *ph1=0 of1=0 bt1=4 dy1=29.43us DONE
18/09/2023 23:45:32:	function generator:  GPIB1::8 start1 DONE
18/09/2023 23:45:32:	create file	D:\data\Cycle 192ter\exp_3-16-14\rawdata\sc\TOF_vs_chi_A1_19pt_pi4_1500s_18Sep2345.dat	 DONE
18/09/2023 23:45:33:	1	TOF	4	time=1500	period=404µ	binwidth=3µ	delay=95µO Det=4	H Det=110	Mon Det=31552	Aux Det=2	O+H=114	 DONE
19/09/2023 00:10:36:	function generator:  GPIB1::8 stop1 DONE
19/09/2023 00:10:37:	close file and end scan	 DONE
call of TOF_A1_pi4_1500s.sc DONE
19/09/2023 00:10:38:	move motor	S18.axis2.phaseshifter 1 to 0.500004deg	reached 0.49438  DONE
19/09/2023 00:10:41:	function generator:  GPIB1::8 fn1=SIN *am1=1.52 *fr1=10000 *ph1=0 of1=0 bt1=4 dy1=29.43us DONE
19/09/2023 00:10:42:	function generator:  GPIB1::8 start1 DONE
19/09/2023 00:10:43:	create file	D:\data\Cycle 192ter\exp_3-16-14\rawdata\sc\TOF_vs_chi_A1_19pt_pi4_1500s_19Sep0010.dat	 DONE
19/09/2023 00:10:43:	1	TOF	4	time=1500	period=404µ	binwidth=3µ	delay=95µO Det=7	H Det=110	Mon Det=31552	Aux Det=12	O+H=117	 DONE
19/09/2023 00:35:47:	function generator:  GPIB1::8 stop1 DONE
19/09/2023 00:35:47:	close file and end scan	 DONE
call of TOF_A1_pi4_1500s.sc DONE
19/09/2023 00:35:49:	move motor	S18.axis2.phaseshifter 1 to 0.666671deg	reached 0.67017  DONE
19/09/2023 00:35:52:	function generator:  GPIB1::8 fn1=SIN *am1=1.52 *fr1=10000 *ph1=0 of1=0 bt1=4 dy1=29.43us DONE
19/09/2023 00:35:52:	function generator:  GPIB1::8 start1 DONE
19/09/2023 00:35:53:	create file	D:\data\Cycle 192ter\exp_3-16-14\rawdata\sc\TOF_vs_chi_A1_19pt_pi4_1500s_19Sep0035.dat	 DONE
19/09/2023 00:35:53:	1	TOF	4	time=1500	period=404µ	binwidth=3µ	delay=95µO Det=7	H Det=110	Mon Det=31552	Aux Det=8	O+H=117	 DONE
19/09/2023 01:00:57:	function generator:  GPIB1::8 stop1 DONE
19/09/2023 01:00:58:	close file and end scan	 DONE
call of TOF_A1_pi4_1500s.sc DONE
19/09/2023 01:00:59:	move motor	S18.axis2.phaseshifter 1 to 0.833338deg	reached 0.83496  DONE
19/09/2023 01:01:02:	function generator:  GPIB1::8 fn1=SIN *am1=1.52 *fr1=10000 *ph1=0 of1=0 bt1=4 dy1=29.43us DONE
19/09/2023 01:01:03:	function generator:  GPIB1::8 start1 DONE
19/09/2023 01:01:03:	create file	D:\data\Cycle 192ter\exp_3-16-14\rawdata\sc\TOF_vs_chi_A1_19pt_pi4_1500s_19Sep0101.dat	 DONE
19/09/2023 01:01:04:	1	TOF	4	time=1500	period=404µ	binwidth=3µ	delay=95µO Det=7	H Det=110	Mon Det=31552	Aux Det=2	O+H=117	 DONE
19/09/2023 01:26:08:	function generator:  GPIB1::8 stop1 DONE
19/09/2023 01:26:08:	close file and end scan	 DONE
call of TOF_A1_pi4_1500s.sc DONE
19/09/2023 01:26:09:	move motor	S18.axis2.phaseshifter 1 to 1.000005deg	reached 0.99976  DONE
19/09/2023 01:26:12:	function generator:  GPIB1::8 fn1=SIN *am1=1.52 *fr1=10000 *ph1=0 of1=0 bt1=4 dy1=29.43us DONE
19/09/2023 01:26:13:	function generator:  GPIB1::8 start1 DONE
19/09/2023 01:26:14:	create file	D:\data\Cycle 192ter\exp_3-16-14\rawdata\sc\TOF_vs_chi_A1_19pt_pi4_1500s_19Sep0126.dat	 DONE
19/09/2023 01:26:14:	1	TOF	4	time=1500	period=404µ	binwidth=3µ	delay=95µO Det=7	H Det=110	Mon Det=31552	Aux Det=14	O+H=117	 DONE
19/09/2023 01:51:18:	function generator:  GPIB1::8 stop1 DONE
19/09/2023 01:51:19:	close file and end scan	 DONE
call of TOF_A1_pi4_1500s.sc DONE
19/09/2023 01:51:20:	move motor	S18.axis2.phaseshifter 1 to 1.166672deg	reached 1.16455  DONE
19/09/2023 01:51:23:	function generator:  GPIB1::8 fn1=SIN *am1=1.52 *fr1=10000 *ph1=0 of1=0 bt1=4 dy1=29.43us DONE
19/09/2023 01:51:23:	function generator:  GPIB1::8 start1 DONE
19/09/2023 01:51:24:	create file	D:\data\Cycle 192ter\exp_3-16-14\rawdata\sc\TOF_vs_chi_A1_19pt_pi4_1500s_19Sep0151.dat	 DONE
19/09/2023 01:51:25:	1	TOF	4	time=1500	period=404µ	binwidth=3µ	delay=95µO Det=11	H Det=110	Mon Det=31552	Aux Det=6	O+H=121	 DONE
19/09/2023 02:16:28:	function generator:  GPIB1::8 stop1 DONE
19/09/2023 02:16:29:	close file and end scan	 DONE
call of TOF_A1_pi4_1500s.sc DONE
19/09/2023 02:16:30:	move motor	S18.axis2.phaseshifter 1 to 1.333339deg	reached 1.31836  DONE
19/09/2023 02:16:33:	function generator:  GPIB1::8 fn1=SIN *am1=1.52 *fr1=10000 *ph1=0 of1=0 bt1=4 dy1=29.43us DONE
19/09/2023 02:16:34:	function generator:  GPIB1::8 start1 DONE
19/09/2023 02:16:35:	create file	D:\data\Cycle 192ter\exp_3-16-14\rawdata\sc\TOF_vs_chi_A1_19pt_pi4_1500s_19Sep0216.dat	 DONE
19/09/2023 02:16:35:	1	TOF	4	time=1500	period=404µ	binwidth=3µ	delay=95µO Det=10	H Det=110	Mon Det=31552	Aux Det=9	O+H=120	 DONE
19/09/2023 02:41:39:	function generator:  GPIB1::8 stop1 DONE
19/09/2023 02:41:39:	close file and end scan	 DONE
call of TOF_A1_pi4_1500s.sc DONE
19/09/2023 02:41:41:	move motor	S18.axis2.phaseshifter 1 to 1.500006deg	reached 1.50513  DONE
19/09/2023 02:41:44:	function generator:  GPIB1::8 fn1=SIN *am1=1.52 *fr1=10000 *ph1=0 of1=0 bt1=4 dy1=29.43us DONE
19/09/2023 02:41:44:	function generator:  GPIB1::8 start1 DONE
19/09/2023 02:41:45:	create file	D:\data\Cycle 192ter\exp_3-16-14\rawdata\sc\TOF_vs_chi_A1_19pt_pi4_1500s_19Sep0241.dat	 DONE
19/09/2023 02:41:46:	1	TOF	4	time=1500	period=404µ	binwidth=3µ	delay=95µO Det=11	H Det=110	Mon Det=31552	Aux Det=6	O+H=121	 DONE
19/09/2023 03:06:49:	function generator:  GPIB1::8 stop1 DONE
19/09/2023 03:06:50:	close file and end scan	 DONE
call of TOF_A1_pi4_1500s.sc DONE
19/09/2023 03:06:51:	close file and end scan	 DONE
19/09/2023 03:06:52:	END OF SCRIPT	 DONE
