23/09/2023 15:39:47:	start execution of script D:\data\Cycle 192ter\exp_3-16-14\rawdata\sc\TOF_vs_chi_A1_19pt_pi4_1500s.sc	 DONE
23/09/2023 15:39:47:	function generator:  GPIB1::8 fn1=SIN *am1=0.0 *fr1=0 *ph1=0 of1=0 bt1=3 DONE
23/09/2023 15:39:48:	function generator:  GPIB1::8 fn2=SIN *am2=0.0 *fr2=0 *ph2=0 of2=0 bt2=3 DONE
23/09/2023 15:39:48:	move motor	S18.axis2.phaseshifter 1 to -1.500000deg	reached -1.49414  DONE
23/09/2023 15:39:51:	function generator:  GPIB1::8 fn1=SIN *am1=1.52 *fr1=10000 *ph1=0 of1=0 bt1=4 dy1=29.43us DONE
23/09/2023 15:39:52:	function generator:  GPIB1::8 start1 DONE
23/09/2023 15:39:52:	create file	D:\data\Cycle 192ter\exp_3-16-14\rawdata\sc\TOF_vs_chi_A1_19pt_pi4_1500s_23Sep1539.dat	 DONE
23/09/2023 15:39:53:	1	TOF	4	time=1500	period=434µ	binwidth=3µ	delay=95µO Det=43167	H Det=93	Mon Det=31739	Aux Det=107391	O+H=43260	 DONE
23/09/2023 16:04:57:	function generator:  GPIB1::8 stop1 DONE
23/09/2023 16:04:57:	close file and end scan	 DONE
call of TOF_A1_pi4_1500s.sc DONE
23/09/2023 16:04:58:	move motor	S18.axis2.phaseshifter 1 to -1.333333deg	reached -1.32935  DONE
23/09/2023 16:05:01:	function generator:  GPIB1::8 fn1=SIN *am1=1.52 *fr1=10000 *ph1=0 of1=0 bt1=4 dy1=29.43us DONE
23/09/2023 16:05:02:	function generator:  GPIB1::8 start1 DONE
23/09/2023 16:05:02:	create file	D:\data\Cycle 192ter\exp_3-16-14\rawdata\sc\TOF_vs_chi_A1_19pt_pi4_1500s_23Sep1605.dat	 DONE
23/09/2023 16:05:03:	1	TOF	4	time=1500	period=434µ	binwidth=3µ	delay=95µO Det=33657	H Det=93	Mon Det=31739	Aux Det=69579	O+H=33750	 DONE
23/09/2023 16:30:07:	function generator:  GPIB1::8 stop1 DONE
23/09/2023 16:30:07:	close file and end scan	 DONE
call of TOF_A1_pi4_1500s.sc DONE
23/09/2023 16:30:08:	move motor	S18.axis2.phaseshifter 1 to -1.166666deg	reached -1.16455  DONE
23/09/2023 16:30:11:	function generator:  GPIB1::8 fn1=SIN *am1=1.52 *fr1=10000 *ph1=0 of1=0 bt1=4 dy1=29.43us DONE
23/09/2023 16:30:12:	function generator:  GPIB1::8 start1 DONE
23/09/2023 16:30:12:	create file	D:\data\Cycle 192ter\exp_3-16-14\rawdata\sc\TOF_vs_chi_A1_19pt_pi4_1500s_23Sep1630.dat	 DONE
23/09/2023 16:30:13:	1	TOF	4	time=1500	period=434µ	binwidth=3µ	delay=95µO Det=26064	H Det=93	Mon Det=31739	Aux Det=40813	O+H=26157	 DONE
23/09/2023 16:55:17:	function generator:  GPIB1::8 stop1 DONE
23/09/2023 16:55:17:	close file and end scan	 DONE
call of TOF_A1_pi4_1500s.sc DONE
23/09/2023 16:55:18:	move motor	S18.axis2.phaseshifter 1 to -0.999999deg	reached -0.99976  DONE
23/09/2023 16:55:21:	function generator:  GPIB1::8 fn1=SIN *am1=1.52 *fr1=10000 *ph1=0 of1=0 bt1=4 dy1=29.43us DONE
23/09/2023 16:55:22:	function generator:  GPIB1::8 start1 DONE
23/09/2023 16:55:22:	create file	D:\data\Cycle 192ter\exp_3-16-14\rawdata\sc\TOF_vs_chi_A1_19pt_pi4_1500s_23Sep1655.dat	 DONE
23/09/2023 16:55:23:	1	TOF	4	time=1500	period=434µ	binwidth=3µ	delay=95µO Det=22006	H Det=93	Mon Det=31739	Aux Det=28531	O+H=22099	 DONE
23/09/2023 17:20:27:	function generator:  GPIB1::8 stop1 DONE
23/09/2023 17:20:27:	close file and end scan	 DONE
call of TOF_A1_pi4_1500s.sc DONE
23/09/2023 17:20:28:	move motor	S18.axis2.phaseshifter 1 to -0.833332deg	reached -0.82397  DONE
23/09/2023 17:20:31:	function generator:  GPIB1::8 fn1=SIN *am1=1.52 *fr1=10000 *ph1=0 of1=0 bt1=4 dy1=29.43us DONE
23/09/2023 17:20:32:	function generator:  GPIB1::8 start1 DONE
23/09/2023 17:20:32:	create file	D:\data\Cycle 192ter\exp_3-16-14\rawdata\sc\TOF_vs_chi_A1_19pt_pi4_1500s_23Sep1720.dat	 DONE
23/09/2023 17:20:33:	1	TOF	4	time=1500	period=434µ	binwidth=3µ	delay=95µO Det=22398	H Det=93	Mon Det=31739	Aux Det=34577	O+H=22491	 DONE
23/09/2023 17:45:36:	function generator:  GPIB1::8 stop1 DONE
23/09/2023 17:45:37:	close file and end scan	 DONE
call of TOF_A1_pi4_1500s.sc DONE
23/09/2023 17:45:38:	move motor	S18.axis2.phaseshifter 1 to -0.666665deg	reached -0.68115  DONE
23/09/2023 17:45:41:	function generator:  GPIB1::8 fn1=SIN *am1=1.52 *fr1=10000 *ph1=0 of1=0 bt1=4 dy1=29.43us DONE
23/09/2023 17:45:41:	function generator:  GPIB1::8 start1 DONE
23/09/2023 17:45:42:	create file	D:\data\Cycle 192ter\exp_3-16-14\rawdata\sc\TOF_vs_chi_A1_19pt_pi4_1500s_23Sep1745.dat	 DONE
23/09/2023 17:45:43:	1	TOF	4	time=1500	period=434µ	binwidth=3µ	delay=95µO Det=25807	H Det=93	Mon Det=31739	Aux Det=55722	O+H=25900	 DONE
23/09/2023 18:10:46:	function generator:  GPIB1::8 stop1 DONE
23/09/2023 18:10:47:	close file and end scan	 DONE
call of TOF_A1_pi4_1500s.sc DONE
23/09/2023 18:10:48:	move motor	S18.axis2.phaseshifter 1 to -0.499998deg	reached -0.50537  DONE
23/09/2023 18:10:51:	function generator:  GPIB1::8 fn1=SIN *am1=1.52 *fr1=10000 *ph1=0 of1=0 bt1=4 dy1=29.43us DONE
23/09/2023 18:10:51:	function generator:  GPIB1::8 start1 DONE
23/09/2023 18:10:52:	create file	D:\data\Cycle 192ter\exp_3-16-14\rawdata\sc\TOF_vs_chi_A1_19pt_pi4_1500s_23Sep1810.dat	 DONE
23/09/2023 18:10:53:	1	TOF	4	time=1500	period=434µ	binwidth=3µ	delay=95µO Det=33682	H Det=93	Mon Det=31739	Aux Det=89721	O+H=33775	 DONE
23/09/2023 18:35:56:	function generator:  GPIB1::8 stop1 DONE
23/09/2023 18:35:57:	close file and end scan	 DONE
call of TOF_A1_pi4_1500s.sc DONE
23/09/2023 18:35:58:	move motor	S18.axis2.phaseshifter 1 to -0.333331deg	reached -0.32959  DONE
23/09/2023 18:36:01:	function generator:  GPIB1::8 fn1=SIN *am1=1.52 *fr1=10000 *ph1=0 of1=0 bt1=4 dy1=29.43us DONE
23/09/2023 18:36:01:	function generator:  GPIB1::8 start1 DONE
23/09/2023 18:36:02:	create file	D:\data\Cycle 192ter\exp_3-16-14\rawdata\sc\TOF_vs_chi_A1_19pt_pi4_1500s_23Sep1836.dat	 DONE
23/09/2023 18:36:03:	1	TOF	4	time=1500	period=434µ	binwidth=3µ	delay=95µO Det=41732	H Det=93	Mon Det=31739	Aux Det=124288	O+H=41825	 DONE
23/09/2023 19:01:06:	function generator:  GPIB1::8 stop1 DONE
23/09/2023 19:01:07:	close file and end scan	 DONE
call of TOF_A1_pi4_1500s.sc DONE
23/09/2023 19:01:08:	move motor	S18.axis2.phaseshifter 1 to -0.166664deg	reached -0.17578  DONE
23/09/2023 19:01:11:	function generator:  GPIB1::8 fn1=SIN *am1=1.52 *fr1=10000 *ph1=0 of1=0 bt1=4 dy1=29.43us DONE
23/09/2023 19:01:11:	function generator:  GPIB1::8 start1 DONE
23/09/2023 19:01:12:	create file	D:\data\Cycle 192ter\exp_3-16-14\rawdata\sc\TOF_vs_chi_A1_19pt_pi4_1500s_23Sep1901.dat	 DONE
23/09/2023 19:01:13:	1	TOF	4	time=1500	period=434µ	binwidth=3µ	delay=95µO Det=50090	H Det=93	Mon Det=31739	Aux Det=154047	O+H=50183	 DONE
23/09/2023 19:26:16:	function generator:  GPIB1::8 stop1 DONE
23/09/2023 19:26:17:	close file and end scan	 DONE
call of TOF_A1_pi4_1500s.sc DONE
23/09/2023 19:26:18:	move motor	S18.axis2.phaseshifter 1 to 0.000003deg	reached 0.01099  DONE
23/09/2023 19:26:21:	function generator:  GPIB1::8 fn1=SIN *am1=1.52 *fr1=10000 *ph1=0 of1=0 bt1=4 dy1=29.43us DONE
23/09/2023 19:26:21:	function generator:  GPIB1::8 start1 DONE
23/09/2023 19:26:22:	create file	D:\data\Cycle 192ter\exp_3-16-14\rawdata\sc\TOF_vs_chi_A1_19pt_pi4_1500s_23Sep1926.dat	 DONE
23/09/2023 19:26:23:	1	TOF	4	time=1500	period=434µ	binwidth=3µ	delay=95µO Det=55062	H Det=93	Mon Det=31739	Aux Det=170730	O+H=55155	 DONE
23/09/2023 19:51:26:	function generator:  GPIB1::8 stop1 DONE
23/09/2023 19:51:27:	close file and end scan	 DONE
call of TOF_A1_pi4_1500s.sc DONE
23/09/2023 19:51:28:	move motor	S18.axis2.phaseshifter 1 to 0.166670deg	reached 0.16479  DONE
23/09/2023 19:51:31:	function generator:  GPIB1::8 fn1=SIN *am1=1.52 *fr1=10000 *ph1=0 of1=0 bt1=4 dy1=29.43us DONE
23/09/2023 19:51:31:	function generator:  GPIB1::8 start1 DONE
23/09/2023 19:51:32:	create file	D:\data\Cycle 192ter\exp_3-16-14\rawdata\sc\TOF_vs_chi_A1_19pt_pi4_1500s_23Sep1951.dat	 DONE
23/09/2023 19:51:32:	1	TOF	4	time=1500	period=434µ	binwidth=3µ	delay=95µO Det=56348	H Det=93	Mon Det=31739	Aux Det=169972	O+H=56441	 DONE
23/09/2023 20:16:36:	function generator:  GPIB1::8 stop1 DONE
23/09/2023 20:16:37:	close file and end scan	 DONE
call of TOF_A1_pi4_1500s.sc DONE
23/09/2023 20:16:38:	move motor	S18.axis2.phaseshifter 1 to 0.333337deg	reached 0.31860  DONE
23/09/2023 20:16:40:	function generator:  GPIB1::8 fn1=SIN *am1=1.52 *fr1=10000 *ph1=0 of1=0 bt1=4 dy1=29.43us DONE
23/09/2023 20:16:41:	function generator:  GPIB1::8 start1 DONE
23/09/2023 20:16:42:	create file	D:\data\Cycle 192ter\exp_3-16-14\rawdata\sc\TOF_vs_chi_A1_19pt_pi4_1500s_23Sep2016.dat	 DONE
23/09/2023 20:16:42:	1	TOF	4	time=1500	period=434µ	binwidth=3µ	delay=95µO Det=53576	H Det=93	Mon Det=31739	Aux Det=153514	O+H=53669	 DONE
23/09/2023 20:41:46:	function generator:  GPIB1::8 stop1 DONE
23/09/2023 20:41:47:	close file and end scan	 DONE
call of TOF_A1_pi4_1500s.sc DONE
23/09/2023 20:41:48:	move motor	S18.axis2.phaseshifter 1 to 0.500004deg	reached 0.50537  DONE
23/09/2023 20:41:50:	function generator:  GPIB1::8 fn1=SIN *am1=1.52 *fr1=10000 *ph1=0 of1=0 bt1=4 dy1=29.43us DONE
23/09/2023 20:41:51:	function generator:  GPIB1::8 start1 DONE
23/09/2023 20:41:52:	create file	D:\data\Cycle 192ter\exp_3-16-14\rawdata\sc\TOF_vs_chi_A1_19pt_pi4_1500s_23Sep2041.dat	 DONE
23/09/2023 20:41:52:	1	TOF	4	time=1500	period=434µ	binwidth=3µ	delay=95µO Det=47226	H Det=93	Mon Det=31739	Aux Det=120962	O+H=47319	 DONE
23/09/2023 21:06:56:	function generator:  GPIB1::8 stop1 DONE
23/09/2023 21:06:56:	close file and end scan	 DONE
call of TOF_A1_pi4_1500s.sc DONE
23/09/2023 21:06:57:	move motor	S18.axis2.phaseshifter 1 to 0.666671deg	reached 0.67017  DONE
23/09/2023 21:07:00:	function generator:  GPIB1::8 fn1=SIN *am1=1.52 *fr1=10000 *ph1=0 of1=0 bt1=4 dy1=29.43us DONE
23/09/2023 21:07:01:	function generator:  GPIB1::8 start1 DONE
23/09/2023 21:07:01:	create file	D:\data\Cycle 192ter\exp_3-16-14\rawdata\sc\TOF_vs_chi_A1_19pt_pi4_1500s_23Sep2107.dat	 DONE
23/09/2023 21:07:02:	1	TOF	4	time=1500	period=434µ	binwidth=3µ	delay=95µO Det=38199	H Det=93	Mon Det=31739	Aux Det=86016	O+H=38292	 DONE
23/09/2023 21:32:06:	function generator:  GPIB1::8 stop1 DONE
23/09/2023 21:32:06:	close file and end scan	 DONE
call of TOF_A1_pi4_1500s.sc DONE
23/09/2023 21:32:07:	move motor	S18.axis2.phaseshifter 1 to 0.833338deg	reached 0.83496  DONE
23/09/2023 21:32:10:	function generator:  GPIB1::8 fn1=SIN *am1=1.52 *fr1=10000 *ph1=0 of1=0 bt1=4 dy1=29.43us DONE
23/09/2023 21:32:11:	function generator:  GPIB1::8 start1 DONE
23/09/2023 21:32:11:	create file	D:\data\Cycle 192ter\exp_3-16-14\rawdata\sc\TOF_vs_chi_A1_19pt_pi4_1500s_23Sep2132.dat	 DONE
23/09/2023 21:32:12:	1	TOF	4	time=1500	period=434µ	binwidth=3µ	delay=95µO Det=29240	H Det=93	Mon Det=31739	Aux Det=53484	O+H=29333	 DONE
23/09/2023 21:57:16:	function generator:  GPIB1::8 stop1 DONE
23/09/2023 21:57:16:	close file and end scan	 DONE
call of TOF_A1_pi4_1500s.sc DONE
23/09/2023 21:57:17:	move motor	S18.axis2.phaseshifter 1 to 1.000005deg	reached 0.99976  DONE
23/09/2023 21:57:20:	function generator:  GPIB1::8 fn1=SIN *am1=1.52 *fr1=10000 *ph1=0 of1=0 bt1=4 dy1=29.43us DONE
23/09/2023 21:57:21:	function generator:  GPIB1::8 start1 DONE
23/09/2023 21:57:21:	create file	D:\data\Cycle 192ter\exp_3-16-14\rawdata\sc\TOF_vs_chi_A1_19pt_pi4_1500s_23Sep2157.dat	 DONE
23/09/2023 21:57:22:	1	TOF	4	time=1500	period=434µ	binwidth=3µ	delay=95µO Det=23190	H Det=93	Mon Det=31739	Aux Det=33168	O+H=23283	 DONE
23/09/2023 22:22:26:	function generator:  GPIB1::8 stop1 DONE
23/09/2023 22:22:26:	close file and end scan	 DONE
call of TOF_A1_pi4_1500s.sc DONE
23/09/2023 22:22:27:	move motor	S18.axis2.phaseshifter 1 to 1.166672deg	reached 1.16455  DONE
23/09/2023 22:22:30:	function generator:  GPIB1::8 fn1=SIN *am1=1.52 *fr1=10000 *ph1=0 of1=0 bt1=4 dy1=29.43us DONE
23/09/2023 22:22:30:	function generator:  GPIB1::8 start1 DONE
23/09/2023 22:22:31:	create file	D:\data\Cycle 192ter\exp_3-16-14\rawdata\sc\TOF_vs_chi_A1_19pt_pi4_1500s_23Sep2222.dat	 DONE
23/09/2023 22:22:32:	1	TOF	4	time=1500	period=434µ	binwidth=3µ	delay=95µO Det=20899	H Det=93	Mon Det=31739	Aux Det=28963	O+H=20992	 DONE
23/09/2023 22:47:35:	function generator:  GPIB1::8 stop1 DONE
23/09/2023 22:47:36:	close file and end scan	 DONE
call of TOF_A1_pi4_1500s.sc DONE
23/09/2023 22:47:37:	move motor	S18.axis2.phaseshifter 1 to 1.333339deg	reached 1.32935  DONE
23/09/2023 22:47:40:	function generator:  GPIB1::8 fn1=SIN *am1=1.52 *fr1=10000 *ph1=0 of1=0 bt1=4 dy1=29.43us DONE
23/09/2023 22:47:40:	function generator:  GPIB1::8 start1 DONE
23/09/2023 22:47:41:	create file	D:\data\Cycle 192ter\exp_3-16-14\rawdata\sc\TOF_vs_chi_A1_19pt_pi4_1500s_23Sep2247.dat	 DONE
23/09/2023 22:47:42:	1	TOF	4	time=1500	period=434µ	binwidth=3µ	delay=95µO Det=23258	H Det=93	Mon Det=31739	Aux Det=44099	O+H=23351	 DONE
23/09/2023 23:12:45:	function generator:  GPIB1::8 stop1 DONE
23/09/2023 23:12:46:	close file and end scan	 DONE
call of TOF_A1_pi4_1500s.sc DONE
23/09/2023 23:12:47:	move motor	S18.axis2.phaseshifter 1 to 1.500006deg	reached 1.50513  DONE
23/09/2023 23:12:50:	function generator:  GPIB1::8 fn1=SIN *am1=1.52 *fr1=10000 *ph1=0 of1=0 bt1=4 dy1=29.43us DONE
23/09/2023 23:12:50:	function generator:  GPIB1::8 start1 DONE
23/09/2023 23:12:51:	create file	D:\data\Cycle 192ter\exp_3-16-14\rawdata\sc\TOF_vs_chi_A1_19pt_pi4_1500s_23Sep2312.dat	 DONE
23/09/2023 23:12:52:	1	TOF	4	time=1500	period=434µ	binwidth=3µ	delay=95µO Det=29319	H Det=93	Mon Det=31739	Aux Det=72896	O+H=29412	 DONE
23/09/2023 23:37:55:	function generator:  GPIB1::8 stop1 DONE
23/09/2023 23:37:56:	close file and end scan	 DONE
call of TOF_A1_pi4_1500s.sc DONE
23/09/2023 23:37:57:	close file and end scan	 DONE
23/09/2023 23:37:57:	END OF SCRIPT	 DONE
