28/09/2023 03:01:16:	start execution of script D:\data\Cycle 192ter\exp_3-16-14\rawdata\sc\TOF_vs_chi_S2+A1_19pt_pi8_1500s.sc	 DONE
28/09/2023 03:01:17:	function generator:  GPIB1::8 fn1=SIN *am1=0.0 *fr1=0 *ph1=0 of1=0 bt1=3 DONE
28/09/2023 03:01:17:	function generator:  GPIB1::8 fn2=SIN *am2=0.0 *fr2=0 *ph2=0 of2=0 bt2=3 DONE
28/09/2023 03:01:18:	move motor	S18.axis2.phaseshifter 1 to -1.500000deg	reached -1.50513  DONE
28/09/2023 03:01:22:	function generator:  GPIB1::8 fn1=SIN *am1=0.74 *fr1=10000 *ph1=0 of1=0 bt1=4 dy1=29.43us DONE
28/09/2023 03:01:22:	function generator:  GPIB1::8 fn2=SIN *am2=0.61 *fr2=15000 *ph2=0 of2=0 bt2=6  dy2=0us DONE
28/09/2023 03:01:23:	function generator:  GPIB1::8 start1 DONE
28/09/2023 03:01:24:	function generator:  GPIB1::8 start2 DONE
28/09/2023 03:01:24:	create file	D:\data\Cycle 192ter\exp_3-16-14\rawdata\sc\TOF_vs_chi_S2+A1_19pt_pi8_1500s_28Sep0301.dat	 DONE
28/09/2023 03:01:25:	1	TOF	4	time=1500	period=434µ	binwidth=3µ	delay=95µO Det=84866	H Det=67	Mon Det=32540	Aux Det=127282	O+H=84933	 DONE
28/09/2023 03:26:28:	function generator:  GPIB1::8 stop1 DONE
28/09/2023 03:26:29:	function generator:  GPIB1::8 stop2 DONE
28/09/2023 03:26:30:	close file and end scan	 DONE
call of TOF_S2+A1_pi8_1500s.sc DONE
28/09/2023 03:26:31:	move motor	S18.axis2.phaseshifter 1 to -1.333333deg	reached -1.34033  DONE
28/09/2023 03:26:33:	function generator:  GPIB1::8 fn1=SIN *am1=0.74 *fr1=10000 *ph1=0 of1=0 bt1=4 dy1=29.43us DONE
28/09/2023 03:26:34:	function generator:  GPIB1::8 fn2=SIN *am2=0.61 *fr2=15000 *ph2=0 of2=0 bt2=6  dy2=0us DONE
28/09/2023 03:26:35:	function generator:  GPIB1::8 start1 DONE
28/09/2023 03:26:35:	function generator:  GPIB1::8 start2 DONE
28/09/2023 03:26:36:	create file	D:\data\Cycle 192ter\exp_3-16-14\rawdata\sc\TOF_vs_chi_S2+A1_19pt_pi8_1500s_28Sep0326.dat	 DONE
28/09/2023 03:26:36:	1	TOF	4	time=1500	period=434µ	binwidth=3µ	delay=95µO Det=69347	H Det=67	Mon Det=32540	Aux Det=103394	O+H=69414	 DONE
28/09/2023 03:51:40:	function generator:  GPIB1::8 stop1 DONE
28/09/2023 03:51:41:	function generator:  GPIB1::8 stop2 DONE
28/09/2023 03:51:41:	close file and end scan	 DONE
call of TOF_S2+A1_pi8_1500s.sc DONE
28/09/2023 03:51:42:	move motor	S18.axis2.phaseshifter 1 to -1.166666deg	reached -1.16455  DONE
28/09/2023 03:51:45:	function generator:  GPIB1::8 fn1=SIN *am1=0.74 *fr1=10000 *ph1=0 of1=0 bt1=4 dy1=29.43us DONE
28/09/2023 03:51:46:	function generator:  GPIB1::8 fn2=SIN *am2=0.61 *fr2=15000 *ph2=0 of2=0 bt2=6  dy2=0us DONE
28/09/2023 03:51:46:	function generator:  GPIB1::8 start1 DONE
28/09/2023 03:51:47:	function generator:  GPIB1::8 start2 DONE
28/09/2023 03:51:48:	create file	D:\data\Cycle 192ter\exp_3-16-14\rawdata\sc\TOF_vs_chi_S2+A1_19pt_pi8_1500s_28Sep0351.dat	 DONE
28/09/2023 03:51:48:	1	TOF	4	time=1500	period=434µ	binwidth=3µ	delay=95µO Det=68878	H Det=67	Mon Det=32540	Aux Det=136176	O+H=68945	 DONE
28/09/2023 04:16:52:	function generator:  GPIB1::8 stop1 DONE
28/09/2023 04:16:52:	function generator:  GPIB1::8 stop2 DONE
28/09/2023 04:16:53:	close file and end scan	 DONE
call of TOF_S2+A1_pi8_1500s.sc DONE
28/09/2023 04:16:54:	move motor	S18.axis2.phaseshifter 1 to -0.999999deg	reached -1.01074  DONE
28/09/2023 04:16:57:	function generator:  GPIB1::8 fn1=SIN *am1=0.74 *fr1=10000 *ph1=0 of1=0 bt1=4 dy1=29.43us DONE
28/09/2023 04:16:57:	function generator:  GPIB1::8 fn2=SIN *am2=0.61 *fr2=15000 *ph2=0 of2=0 bt2=6  dy2=0us DONE
28/09/2023 04:16:58:	function generator:  GPIB1::8 start1 DONE
28/09/2023 04:16:59:	function generator:  GPIB1::8 start2 DONE
28/09/2023 04:16:59:	create file	D:\data\Cycle 192ter\exp_3-16-14\rawdata\sc\TOF_vs_chi_S2+A1_19pt_pi8_1500s_28Sep0416.dat	 DONE
28/09/2023 04:17:00:	1	TOF	4	time=1500	period=434µ	binwidth=3µ	delay=95µO Det=80471	H Det=67	Mon Det=32540	Aux Det=217165	O+H=80538	 DONE
28/09/2023 04:42:04:	function generator:  GPIB1::8 stop1 DONE
28/09/2023 04:42:04:	function generator:  GPIB1::8 stop2 DONE
28/09/2023 04:42:05:	close file and end scan	 DONE
call of TOF_S2+A1_pi8_1500s.sc DONE
28/09/2023 04:42:06:	move motor	S18.axis2.phaseshifter 1 to -0.833332deg	reached -0.83496  DONE
28/09/2023 04:42:09:	function generator:  GPIB1::8 fn1=SIN *am1=0.74 *fr1=10000 *ph1=0 of1=0 bt1=4 dy1=29.43us DONE
28/09/2023 04:42:09:	function generator:  GPIB1::8 fn2=SIN *am2=0.61 *fr2=15000 *ph2=0 of2=0 bt2=6  dy2=0us DONE
28/09/2023 04:42:10:	function generator:  GPIB1::8 start1 DONE
28/09/2023 04:42:10:	function generator:  GPIB1::8 start2 DONE
28/09/2023 04:42:11:	create file	D:\data\Cycle 192ter\exp_3-16-14\rawdata\sc\TOF_vs_chi_S2+A1_19pt_pi8_1500s_28Sep0442.dat	 DONE
28/09/2023 04:42:12:	1	TOF	4	time=1500	period=434µ	binwidth=3µ	delay=95µO Det=101540	H Det=67	Mon Det=32540	Aux Det=320567	O+H=101607	 DONE
28/09/2023 05:07:15:	function generator:  GPIB1::8 stop1 DONE
28/09/2023 05:07:16:	function generator:  GPIB1::8 stop2 DONE
28/09/2023 05:07:17:	close file and end scan	 DONE
call of TOF_S2+A1_pi8_1500s.sc DONE
28/09/2023 05:07:18:	move motor	S18.axis2.phaseshifter 1 to -0.666665deg	reached -0.68115  DONE
28/09/2023 05:07:20:	function generator:  GPIB1::8 fn1=SIN *am1=0.74 *fr1=10000 *ph1=0 of1=0 bt1=4 dy1=29.43us DONE
28/09/2023 05:07:21:	function generator:  GPIB1::8 fn2=SIN *am2=0.61 *fr2=15000 *ph2=0 of2=0 bt2=6  dy2=0us DONE
28/09/2023 05:07:22:	function generator:  GPIB1::8 start1 DONE
28/09/2023 05:07:22:	function generator:  GPIB1::8 start2 DONE
28/09/2023 05:07:23:	create file	D:\data\Cycle 192ter\exp_3-16-14\rawdata\sc\TOF_vs_chi_S2+A1_19pt_pi8_1500s_28Sep0507.dat	 DONE
28/09/2023 05:07:23:	1	TOF	4	time=1500	period=434µ	binwidth=3µ	delay=95µO Det=129688	H Det=67	Mon Det=32540	Aux Det=434075	O+H=129755	 DONE
28/09/2023 05:32:27:	function generator:  GPIB1::8 stop1 DONE
28/09/2023 05:32:28:	function generator:  GPIB1::8 stop2 DONE
28/09/2023 05:32:28:	close file and end scan	 DONE
call of TOF_S2+A1_pi8_1500s.sc DONE
28/09/2023 05:32:29:	move motor	S18.axis2.phaseshifter 1 to -0.499998deg	reached -0.50537  DONE
28/09/2023 05:32:32:	function generator:  GPIB1::8 fn1=SIN *am1=0.74 *fr1=10000 *ph1=0 of1=0 bt1=4 dy1=29.43us DONE
28/09/2023 05:32:33:	function generator:  GPIB1::8 fn2=SIN *am2=0.61 *fr2=15000 *ph2=0 of2=0 bt2=6  dy2=0us DONE
28/09/2023 05:32:33:	function generator:  GPIB1::8 start1 DONE
28/09/2023 05:32:34:	function generator:  GPIB1::8 start2 DONE
28/09/2023 05:32:35:	create file	D:\data\Cycle 192ter\exp_3-16-14\rawdata\sc\TOF_vs_chi_S2+A1_19pt_pi8_1500s_28Sep0532.dat	 DONE
28/09/2023 05:32:35:	1	TOF	4	time=1500	period=434µ	binwidth=3µ	delay=95µO Det=155655	H Det=67	Mon Det=32540	Aux Det=524821	O+H=155722	 DONE
28/09/2023 05:57:39:	function generator:  GPIB1::8 stop1 DONE
28/09/2023 05:57:39:	function generator:  GPIB1::8 stop2 DONE
28/09/2023 05:57:40:	close file and end scan	 DONE
call of TOF_S2+A1_pi8_1500s.sc DONE
28/09/2023 05:57:41:	move motor	S18.axis2.phaseshifter 1 to -0.333331deg	reached -0.34058  DONE
28/09/2023 05:57:44:	function generator:  GPIB1::8 fn1=SIN *am1=0.74 *fr1=10000 *ph1=0 of1=0 bt1=4 dy1=29.43us DONE
28/09/2023 05:57:44:	function generator:  GPIB1::8 fn2=SIN *am2=0.61 *fr2=15000 *ph2=0 of2=0 bt2=6  dy2=0us DONE
28/09/2023 05:57:45:	function generator:  GPIB1::8 start1 DONE
28/09/2023 05:57:46:	function generator:  GPIB1::8 start2 DONE
28/09/2023 05:57:46:	create file	D:\data\Cycle 192ter\exp_3-16-14\rawdata\sc\TOF_vs_chi_S2+A1_19pt_pi8_1500s_28Sep0557.dat	 DONE
28/09/2023 05:57:47:	1	TOF	4	time=1500	period=434µ	binwidth=3µ	delay=95µO Det=173759	H Det=67	Mon Det=32540	Aux Det=564193	O+H=173826	 DONE
28/09/2023 06:22:51:	function generator:  GPIB1::8 stop1 DONE
28/09/2023 06:22:51:	function generator:  GPIB1::8 stop2 DONE
28/09/2023 06:22:52:	close file and end scan	 DONE
call of TOF_S2+A1_pi8_1500s.sc DONE
28/09/2023 06:22:53:	move motor	S18.axis2.phaseshifter 1 to -0.166664deg	reached -0.17578  DONE
28/09/2023 06:22:56:	function generator:  GPIB1::8 fn1=SIN *am1=0.74 *fr1=10000 *ph1=0 of1=0 bt1=4 dy1=29.43us DONE
28/09/2023 06:22:56:	function generator:  GPIB1::8 fn2=SIN *am2=0.61 *fr2=15000 *ph2=0 of2=0 bt2=6  dy2=0us DONE
28/09/2023 06:22:57:	function generator:  GPIB1::8 start1 DONE
28/09/2023 06:22:58:	function generator:  GPIB1::8 start2 DONE
28/09/2023 06:22:58:	create file	D:\data\Cycle 192ter\exp_3-16-14\rawdata\sc\TOF_vs_chi_S2+A1_19pt_pi8_1500s_28Sep0622.dat	 DONE
28/09/2023 06:22:59:	1	TOF	4	time=1500	period=434µ	binwidth=3µ	delay=95µO Det=177761	H Det=67	Mon Det=32540	Aux Det=539918	O+H=177828	 DONE
28/09/2023 06:48:02:	function generator:  GPIB1::8 stop1 DONE
28/09/2023 06:48:03:	function generator:  GPIB1::8 stop2 DONE
28/09/2023 06:48:04:	close file and end scan	 DONE
call of TOF_S2+A1_pi8_1500s.sc DONE
28/09/2023 06:48:05:	move motor	S18.axis2.phaseshifter 1 to 0.000003deg	reached 0.01099  DONE
28/09/2023 06:48:07:	function generator:  GPIB1::8 fn1=SIN *am1=0.74 *fr1=10000 *ph1=0 of1=0 bt1=4 dy1=29.43us DONE
28/09/2023 06:48:08:	function generator:  GPIB1::8 fn2=SIN *am2=0.61 *fr2=15000 *ph2=0 of2=0 bt2=6  dy2=0us DONE
28/09/2023 06:48:09:	function generator:  GPIB1::8 start1 DONE
28/09/2023 06:48:09:	function generator:  GPIB1::8 start2 DONE
28/09/2023 06:48:10:	create file	D:\data\Cycle 192ter\exp_3-16-14\rawdata\sc\TOF_vs_chi_S2+A1_19pt_pi8_1500s_28Sep0648.dat	 DONE
28/09/2023 06:48:11:	1	TOF	4	time=1500	period=434µ	binwidth=3µ	delay=95µO Det=168235	H Det=67	Mon Det=32540	Aux Det=470012	O+H=168302	 DONE
28/09/2023 07:13:14:	function generator:  GPIB1::8 stop1 DONE
28/09/2023 07:13:15:	function generator:  GPIB1::8 stop2 DONE
28/09/2023 07:13:16:	close file and end scan	 DONE
call of TOF_S2+A1_pi8_1500s.sc DONE
28/09/2023 07:13:17:	move motor	S18.axis2.phaseshifter 1 to 0.166670deg	reached 0.16479  DONE
28/09/2023 07:13:19:	function generator:  GPIB1::8 fn1=SIN *am1=0.74 *fr1=10000 *ph1=0 of1=0 bt1=4 dy1=29.43us DONE
28/09/2023 07:13:20:	function generator:  GPIB1::8 fn2=SIN *am2=0.61 *fr2=15000 *ph2=0 of2=0 bt2=6  dy2=0us DONE
28/09/2023 07:13:21:	function generator:  GPIB1::8 start1 DONE
28/09/2023 07:13:21:	function generator:  GPIB1::8 start2 DONE
28/09/2023 07:13:22:	create file	D:\data\Cycle 192ter\exp_3-16-14\rawdata\sc\TOF_vs_chi_S2+A1_19pt_pi8_1500s_28Sep0713.dat	 DONE
28/09/2023 07:13:22:	1	TOF	4	time=1500	period=434µ	binwidth=3µ	delay=95µO Det=146523	H Det=67	Mon Det=32540	Aux Det=355484	O+H=146590	 DONE
28/09/2023 07:38:26:	function generator:  GPIB1::8 stop1 DONE
28/09/2023 07:38:27:	function generator:  GPIB1::8 stop2 DONE
28/09/2023 07:38:27:	close file and end scan	 DONE
call of TOF_S2+A1_pi8_1500s.sc DONE
28/09/2023 07:38:28:	move motor	S18.axis2.phaseshifter 1 to 0.333337deg	reached 0.32959  DONE
28/09/2023 07:38:31:	function generator:  GPIB1::8 fn1=SIN *am1=0.74 *fr1=10000 *ph1=0 of1=0 bt1=4 dy1=29.43us DONE
28/09/2023 07:38:32:	function generator:  GPIB1::8 fn2=SIN *am2=0.61 *fr2=15000 *ph2=0 of2=0 bt2=6  dy2=0us DONE
28/09/2023 07:38:32:	function generator:  GPIB1::8 start1 DONE
28/09/2023 07:38:33:	function generator:  GPIB1::8 start2 DONE
28/09/2023 07:38:34:	create file	D:\data\Cycle 192ter\exp_3-16-14\rawdata\sc\TOF_vs_chi_S2+A1_19pt_pi8_1500s_28Sep0738.dat	 DONE
28/09/2023 07:38:34:	1	TOF	4	time=1500	period=434µ	binwidth=3µ	delay=95µO Det=116935	H Det=67	Mon Det=32540	Aux Det=238138	O+H=117002	 DONE
28/09/2023 08:03:38:	function generator:  GPIB1::8 stop1 DONE
28/09/2023 08:03:39:	function generator:  GPIB1::8 stop2 DONE
28/09/2023 08:03:39:	close file and end scan	 DONE
call of TOF_S2+A1_pi8_1500s.sc DONE
28/09/2023 08:03:40:	move motor	S18.axis2.phaseshifter 1 to 0.500004deg	reached 0.50537  DONE
28/09/2023 08:03:43:	function generator:  GPIB1::8 fn1=SIN *am1=0.74 *fr1=10000 *ph1=0 of1=0 bt1=4 dy1=29.43us DONE
28/09/2023 08:03:44:	function generator:  GPIB1::8 fn2=SIN *am2=0.61 *fr2=15000 *ph2=0 of2=0 bt2=6  dy2=0us DONE
28/09/2023 08:03:44:	function generator:  GPIB1::8 start1 DONE
28/09/2023 08:03:45:	function generator:  GPIB1::8 start2 DONE
28/09/2023 08:03:45:	create file	D:\data\Cycle 192ter\exp_3-16-14\rawdata\sc\TOF_vs_chi_S2+A1_19pt_pi8_1500s_28Sep0803.dat	 DONE
28/09/2023 08:03:46:	1	TOF	4	time=1500	period=434µ	binwidth=3µ	delay=95µO Det=86868	H Det=67	Mon Det=32540	Aux Det=137492	O+H=86935	 DONE
28/09/2023 08:28:50:	function generator:  GPIB1::8 stop1 DONE
28/09/2023 08:28:50:	function generator:  GPIB1::8 stop2 DONE
28/09/2023 08:28:51:	close file and end scan	 DONE
call of TOF_S2+A1_pi8_1500s.sc DONE
28/09/2023 08:28:52:	move motor	S18.axis2.phaseshifter 1 to 0.666671deg	reached 0.65918  DONE
28/09/2023 08:28:55:	function generator:  GPIB1::8 fn1=SIN *am1=0.74 *fr1=10000 *ph1=0 of1=0 bt1=4 dy1=29.43us DONE
28/09/2023 08:28:55:	function generator:  GPIB1::8 fn2=SIN *am2=0.61 *fr2=15000 *ph2=0 of2=0 bt2=6  dy2=0us DONE
28/09/2023 08:28:56:	function generator:  GPIB1::8 start1 DONE
28/09/2023 08:28:57:	function generator:  GPIB1::8 start2 DONE
28/09/2023 08:28:57:	create file	D:\data\Cycle 192ter\exp_3-16-14\rawdata\sc\TOF_vs_chi_S2+A1_19pt_pi8_1500s_28Sep0828.dat	 DONE
28/09/2023 08:28:58:	1	TOF	4	time=1500	period=434µ	binwidth=3µ	delay=95µO Det=69164	H Det=67	Mon Det=32540	Aux Det=100001	O+H=69231	 DONE
28/09/2023 08:54:02:	function generator:  GPIB1::8 stop1 DONE
28/09/2023 08:54:02:	function generator:  GPIB1::8 stop2 DONE
28/09/2023 08:54:03:	close file and end scan	 DONE
call of TOF_S2+A1_pi8_1500s.sc DONE
28/09/2023 08:54:04:	move motor	S18.axis2.phaseshifter 1 to 0.833338deg	reached 0.83496  DONE
28/09/2023 08:54:06:	function generator:  GPIB1::8 fn1=SIN *am1=0.74 *fr1=10000 *ph1=0 of1=0 bt1=4 dy1=29.43us DONE
28/09/2023 08:54:07:	function generator:  GPIB1::8 fn2=SIN *am2=0.61 *fr2=15000 *ph2=0 of2=0 bt2=6  dy2=0us DONE
28/09/2023 08:54:08:	function generator:  GPIB1::8 start1 DONE
28/09/2023 08:54:08:	function generator:  GPIB1::8 start2 DONE
28/09/2023 08:54:09:	create file	D:\data\Cycle 192ter\exp_3-16-14\rawdata\sc\TOF_vs_chi_S2+A1_19pt_pi8_1500s_28Sep0854.dat	 DONE
28/09/2023 08:54:10:	1	TOF	4	time=1500	period=434µ	binwidth=3µ	delay=95µO Det=66719	H Det=67	Mon Det=32540	Aux Det=127546	O+H=66786	 DONE
28/09/2023 09:19:13:	function generator:  GPIB1::8 stop1 DONE
28/09/2023 09:19:14:	function generator:  GPIB1::8 stop2 DONE
28/09/2023 09:19:15:	close file and end scan	 DONE
call of TOF_S2+A1_pi8_1500s.sc DONE
28/09/2023 09:19:16:	move motor	S18.axis2.phaseshifter 1 to 1.000005deg	reached 0.99976  DONE
28/09/2023 09:19:18:	function generator:  GPIB1::8 fn1=SIN *am1=0.74 *fr1=10000 *ph1=0 of1=0 bt1=4 dy1=29.43us DONE
28/09/2023 09:19:19:	function generator:  GPIB1::8 fn2=SIN *am2=0.61 *fr2=15000 *ph2=0 of2=0 bt2=6  dy2=0us DONE
28/09/2023 09:19:19:	function generator:  GPIB1::8 start1 DONE
28/09/2023 09:19:20:	function generator:  GPIB1::8 start2 DONE
28/09/2023 09:19:21:	create file	D:\data\Cycle 192ter\exp_3-16-14\rawdata\sc\TOF_vs_chi_S2+A1_19pt_pi8_1500s_28Sep0919.dat	 DONE
28/09/2023 09:19:21:	1	TOF	4	time=1500	period=434µ	binwidth=3µ	delay=95µO Det=76464	H Det=67	Mon Det=32540	Aux Det=200814	O+H=76531	 DONE
28/09/2023 09:44:25:	function generator:  GPIB1::8 stop1 DONE
28/09/2023 09:44:26:	function generator:  GPIB1::8 stop2 DONE
28/09/2023 09:44:26:	close file and end scan	 DONE
call of TOF_S2+A1_pi8_1500s.sc DONE
28/09/2023 09:44:27:	move motor	S18.axis2.phaseshifter 1 to 1.166672deg	reached 1.15356  DONE
28/09/2023 09:44:30:	function generator:  GPIB1::8 fn1=SIN *am1=0.74 *fr1=10000 *ph1=0 of1=0 bt1=4 dy1=29.43us DONE
28/09/2023 09:44:31:	function generator:  GPIB1::8 fn2=SIN *am2=0.61 *fr2=15000 *ph2=0 of2=0 bt2=6  dy2=0us DONE
28/09/2023 09:44:31:	function generator:  GPIB1::8 start1 DONE
28/09/2023 09:44:32:	function generator:  GPIB1::8 start2 DONE
28/09/2023 09:44:33:	create file	D:\data\Cycle 192ter\exp_3-16-14\rawdata\sc\TOF_vs_chi_S2+A1_19pt_pi8_1500s_28Sep0944.dat	 DONE
28/09/2023 09:44:33:	1	TOF	4	time=1500	period=434µ	binwidth=3µ	delay=95µO Det=98293	H Det=67	Mon Det=32540	Aux Det=304367	O+H=98360	 DONE
28/09/2023 10:09:37:	function generator:  GPIB1::8 stop1 DONE
28/09/2023 10:09:37:	function generator:  GPIB1::8 stop2 DONE
28/09/2023 10:09:38:	close file and end scan	 DONE
call of TOF_S2+A1_pi8_1500s.sc DONE
28/09/2023 10:09:39:	move motor	S18.axis2.phaseshifter 1 to 1.333339deg	reached 1.32935  DONE
28/09/2023 10:09:42:	function generator:  GPIB1::8 fn1=SIN *am1=0.74 *fr1=10000 *ph1=0 of1=0 bt1=4 dy1=29.43us DONE
28/09/2023 10:09:42:	function generator:  GPIB1::8 fn2=SIN *am2=0.61 *fr2=15000 *ph2=0 of2=0 bt2=6  dy2=0us DONE
28/09/2023 10:09:43:	function generator:  GPIB1::8 start1 DONE
28/09/2023 10:09:44:	function generator:  GPIB1::8 start2 DONE
28/09/2023 10:09:44:	create file	D:\data\Cycle 192ter\exp_3-16-14\rawdata\sc\TOF_vs_chi_S2+A1_19pt_pi8_1500s_28Sep1009.dat	 DONE
28/09/2023 10:09:45:	1	TOF	4	time=1500	period=434µ	binwidth=3µ	delay=95µO Det=120642	H Det=67	Mon Det=32540	Aux Det=399068	O+H=120709	 DONE
28/09/2023 10:34:49:	function generator:  GPIB1::8 stop1 DONE
28/09/2023 10:34:49:	function generator:  GPIB1::8 stop2 DONE
28/09/2023 10:34:50:	close file and end scan	 DONE
call of TOF_S2+A1_pi8_1500s.sc DONE
28/09/2023 10:34:51:	move motor	S18.axis2.phaseshifter 1 to 1.500006deg	reached 1.50513  DONE
28/09/2023 10:34:53:	function generator:  GPIB1::8 fn1=SIN *am1=0.74 *fr1=10000 *ph1=0 of1=0 bt1=4 dy1=29.43us DONE
28/09/2023 10:34:54:	function generator:  GPIB1::8 fn2=SIN *am2=0.61 *fr2=15000 *ph2=0 of2=0 bt2=6  dy2=0us DONE
28/09/2023 10:34:55:	function generator:  GPIB1::8 start1 DONE
28/09/2023 10:34:55:	function generator:  GPIB1::8 start2 DONE
28/09/2023 10:34:56:	create file	D:\data\Cycle 192ter\exp_3-16-14\rawdata\sc\TOF_vs_chi_S2+A1_19pt_pi8_1500s_28Sep1034.dat	 DONE
28/09/2023 10:34:57:	1	TOF	4	time=1500	period=434µ	binwidth=3µ	delay=95µO Det=153066	H Det=67	Mon Det=32540	Aux Det=509182	O+H=153133	 DONE
28/09/2023 11:00:00:	function generator:  GPIB1::8 stop1 DONE
28/09/2023 11:00:01:	function generator:  GPIB1::8 stop2 DONE
28/09/2023 11:00:02:	close file and end scan	 DONE
call of TOF_S2+A1_pi8_1500s.sc DONE
28/09/2023 11:00:03:	close file and end scan	 DONE
28/09/2023 11:00:03:	END OF SCRIPT	 DONE
