14/09/2023 08:31:17:	start execution of script D:\data\Cycle 192ter\exp_3-16-14\rawdata\sc\TOF_vs_chi_S2+A1_19pt_pi16_1500s.sc	 DONE
14/09/2023 08:31:17:	function generator:  GPIB1::8 fn1=SIN *am1=0.0 *fr1=0 *ph1=0 of1=0 bt1=3 DONE
14/09/2023 08:31:18:	function generator:  GPIB1::8 fn2=SIN *am2=0.0 *fr2=0 *ph2=0 of2=0 bt2=3 DONE
14/09/2023 08:31:19:	move motor	S18.axis2.phaseshifter 1 to -1.500000deg	reached -1.49414  DONE
14/09/2023 08:31:23:	function generator:  GPIB1::8 fn1=SIN *am1=0.37 *fr1=10000 *ph1=0 of1=0 bt1=4 dy1=29.43us DONE
14/09/2023 08:31:24:	function generator:  GPIB1::8 fn2=SIN *am2=0.3 *fr2=15000 *ph2=0 of2=0 bt2=6 DONE
14/09/2023 08:31:25:	function generator:  GPIB1::8 start1 DONE
14/09/2023 08:31:26:	function generator:  GPIB1::8 start2 DONE
14/09/2023 08:31:27:	create file	D:\data\Cycle 192ter\exp_3-16-14\rawdata\sc\TOF_vs_chi_S2+A1_19pt_pi16_1500s_14Sep0831.dat	 DONE
14/09/2023 08:31:28:	1	TOF	4	time=1500	period=434µ	binwidth=3µ	delay=95µO Det=21085	H Det=152	Mon Det=32633	Aux Det=23562	O+H=21237	 DONE
14/09/2023 08:56:31:	function generator:  GPIB1::8 stop1 DONE
14/09/2023 08:56:32:	function generator:  GPIB1::8 stop2 DONE
14/09/2023 08:56:33:	close file and end scan	 DONE
call of TOF_S2+A1_pi16_1500s.sc DONE
14/09/2023 08:56:34:	move motor	S18.axis2.phaseshifter 1 to -1.333333deg	reached -1.32935  DONE
14/09/2023 08:56:37:	function generator:  GPIB1::8 fn1=SIN *am1=0.37 *fr1=10000 *ph1=0 of1=0 bt1=4 dy1=29.43us DONE
14/09/2023 08:56:38:	function generator:  GPIB1::8 fn2=SIN *am2=0.3 *fr2=15000 *ph2=0 of2=0 bt2=6 DONE
14/09/2023 08:56:39:	function generator:  GPIB1::8 start1 DONE
14/09/2023 08:56:40:	function generator:  GPIB1::8 start2 DONE
14/09/2023 08:56:41:	create file	D:\data\Cycle 192ter\exp_3-16-14\rawdata\sc\TOF_vs_chi_S2+A1_19pt_pi16_1500s_14Sep0856.dat	 DONE
14/09/2023 08:56:42:	1	TOF	4	time=1500	period=434µ	binwidth=3µ	delay=95µO Det=16886	H Det=152	Mon Det=32633	Aux Det=28560	O+H=17038	 DONE
14/09/2023 09:21:45:	function generator:  GPIB1::8 stop1 DONE
14/09/2023 09:21:46:	function generator:  GPIB1::8 stop2 DONE
14/09/2023 09:21:47:	close file and end scan	 DONE
call of TOF_S2+A1_pi16_1500s.sc DONE
14/09/2023 09:21:48:	move motor	S18.axis2.phaseshifter 1 to -1.166666deg	reached -1.16455  DONE
14/09/2023 09:21:51:	function generator:  GPIB1::8 fn1=SIN *am1=0.37 *fr1=10000 *ph1=0 of1=0 bt1=4 dy1=29.43us DONE
14/09/2023 09:21:52:	function generator:  GPIB1::8 fn2=SIN *am2=0.3 *fr2=15000 *ph2=0 of2=0 bt2=6 DONE
14/09/2023 09:21:53:	function generator:  GPIB1::8 start1 DONE
14/09/2023 09:21:54:	function generator:  GPIB1::8 start2 DONE
14/09/2023 09:21:55:	create file	D:\data\Cycle 192ter\exp_3-16-14\rawdata\sc\TOF_vs_chi_S2+A1_19pt_pi16_1500s_14Sep0921.dat	 DONE
14/09/2023 09:21:56:	1	TOF	4	time=1500	period=434µ	binwidth=3µ	delay=95µO Det=19146	H Det=152	Mon Det=32633	Aux Det=49993	O+H=19298	 DONE
14/09/2023 09:46:59:	function generator:  GPIB1::8 stop1 DONE
14/09/2023 09:47:00:	function generator:  GPIB1::8 stop2 DONE
14/09/2023 09:47:01:	close file and end scan	 DONE
call of TOF_S2+A1_pi16_1500s.sc DONE
14/09/2023 09:47:02:	move motor	S18.axis2.phaseshifter 1 to -0.999999deg	reached -1.01074  DONE
14/09/2023 09:47:05:	function generator:  GPIB1::8 fn1=SIN *am1=0.37 *fr1=10000 *ph1=0 of1=0 bt1=4 dy1=29.43us DONE
14/09/2023 09:47:06:	function generator:  GPIB1::8 fn2=SIN *am2=0.3 *fr2=15000 *ph2=0 of2=0 bt2=6 DONE
14/09/2023 09:47:07:	function generator:  GPIB1::8 start1 DONE
14/09/2023 09:47:08:	function generator:  GPIB1::8 start2 DONE
14/09/2023 09:47:09:	create file	D:\data\Cycle 192ter\exp_3-16-14\rawdata\sc\TOF_vs_chi_S2+A1_19pt_pi16_1500s_14Sep0947.dat	 DONE
14/09/2023 09:47:10:	1	TOF	4	time=1500	period=434µ	binwidth=3µ	delay=95µO Det=26555	H Det=152	Mon Det=32633	Aux Det=84809	O+H=26707	 DONE
14/09/2023 10:12:14:	function generator:  GPIB1::8 stop1 DONE
14/09/2023 10:12:14:	function generator:  GPIB1::8 stop2 DONE
14/09/2023 10:12:15:	close file and end scan	 DONE
call of TOF_S2+A1_pi16_1500s.sc DONE
14/09/2023 10:12:16:	move motor	S18.axis2.phaseshifter 1 to -0.833332deg	reached -0.83496  DONE
14/09/2023 10:12:20:	function generator:  GPIB1::8 fn1=SIN *am1=0.37 *fr1=10000 *ph1=0 of1=0 bt1=4 dy1=29.43us DONE
14/09/2023 10:12:21:	function generator:  GPIB1::8 fn2=SIN *am2=0.3 *fr2=15000 *ph2=0 of2=0 bt2=6 DONE
14/09/2023 10:12:22:	function generator:  GPIB1::8 start1 DONE
14/09/2023 10:12:22:	function generator:  GPIB1::8 start2 DONE
14/09/2023 10:12:23:	create file	D:\data\Cycle 192ter\exp_3-16-14\rawdata\sc\TOF_vs_chi_S2+A1_19pt_pi16_1500s_14Sep1012.dat	 DONE
14/09/2023 10:12:24:	1	TOF	4	time=1500	period=434µ	binwidth=3µ	delay=95µO Det=36940	H Det=152	Mon Det=32633	Aux Det=123058	O+H=37092	 DONE
14/09/2023 10:37:28:	function generator:  GPIB1::8 stop1 DONE
14/09/2023 10:37:29:	function generator:  GPIB1::8 stop2 DONE
14/09/2023 10:37:30:	close file and end scan	 DONE
call of TOF_S2+A1_pi16_1500s.sc DONE
14/09/2023 10:37:31:	move motor	S18.axis2.phaseshifter 1 to -0.666665deg	reached -0.67017  DONE
14/09/2023 10:37:34:	function generator:  GPIB1::8 fn1=SIN *am1=0.37 *fr1=10000 *ph1=0 of1=0 bt1=4 dy1=29.43us DONE
14/09/2023 10:37:35:	function generator:  GPIB1::8 fn2=SIN *am2=0.3 *fr2=15000 *ph2=0 of2=0 bt2=6 DONE
14/09/2023 10:37:36:	function generator:  GPIB1::8 start1 DONE
14/09/2023 10:37:37:	function generator:  GPIB1::8 start2 DONE
14/09/2023 10:37:37:	create file	D:\data\Cycle 192ter\exp_3-16-14\rawdata\sc\TOF_vs_chi_S2+A1_19pt_pi16_1500s_14Sep1037.dat	 DONE
14/09/2023 10:37:38:	1	TOF	4	time=1500	period=434µ	binwidth=3µ	delay=95µO Det=47864	H Det=152	Mon Det=32633	Aux Det=156459	O+H=48016	 DONE
14/09/2023 11:02:42:	function generator:  GPIB1::8 stop1 DONE
14/09/2023 11:02:43:	function generator:  GPIB1::8 stop2 DONE
14/09/2023 11:02:44:	close file and end scan	 DONE
call of TOF_S2+A1_pi16_1500s.sc DONE
14/09/2023 11:02:45:	move motor	S18.axis2.phaseshifter 1 to -0.499998deg	reached -0.50537  DONE
14/09/2023 11:02:48:	function generator:  GPIB1::8 fn1=SIN *am1=0.37 *fr1=10000 *ph1=0 of1=0 bt1=4 dy1=29.43us DONE
14/09/2023 11:02:49:	function generator:  GPIB1::8 fn2=SIN *am2=0.3 *fr2=15000 *ph2=0 of2=0 bt2=6 DONE
14/09/2023 11:02:50:	function generator:  GPIB1::8 start1 DONE
14/09/2023 11:02:50:	function generator:  GPIB1::8 start2 DONE
14/09/2023 11:02:51:	create file	D:\data\Cycle 192ter\exp_3-16-14\rawdata\sc\TOF_vs_chi_S2+A1_19pt_pi16_1500s_14Sep1102.dat	 DONE
14/09/2023 11:02:52:	1	TOF	4	time=1500	period=434µ	binwidth=3µ	delay=95µO Det=57694	H Det=152	Mon Det=32633	Aux Det=177141	O+H=57846	 DONE
14/09/2023 11:27:56:	function generator:  GPIB1::8 stop1 DONE
14/09/2023 11:27:57:	function generator:  GPIB1::8 stop2 DONE
14/09/2023 11:27:58:	close file and end scan	 DONE
call of TOF_S2+A1_pi16_1500s.sc DONE
14/09/2023 11:27:59:	move motor	S18.axis2.phaseshifter 1 to -0.333331deg	reached -0.32959  DONE
14/09/2023 11:28:02:	function generator:  GPIB1::8 fn1=SIN *am1=0.37 *fr1=10000 *ph1=0 of1=0 bt1=4 dy1=29.43us DONE
14/09/2023 11:28:03:	function generator:  GPIB1::8 fn2=SIN *am2=0.3 *fr2=15000 *ph2=0 of2=0 bt2=6 DONE
14/09/2023 11:28:04:	function generator:  GPIB1::8 start1 DONE
14/09/2023 11:28:04:	function generator:  GPIB1::8 start2 DONE
14/09/2023 11:28:05:	create file	D:\data\Cycle 192ter\exp_3-16-14\rawdata\sc\TOF_vs_chi_S2+A1_19pt_pi16_1500s_14Sep1128.dat	 DONE
14/09/2023 11:28:06:	1	TOF	4	time=1500	period=434µ	binwidth=3µ	delay=95µO Det=62517	H Det=152	Mon Det=32633	Aux Det=177529	O+H=62669	 DONE
14/09/2023 11:53:10:	function generator:  GPIB1::8 stop1 DONE
14/09/2023 11:53:11:	function generator:  GPIB1::8 stop2 DONE
14/09/2023 11:53:12:	close file and end scan	 DONE
call of TOF_S2+A1_pi16_1500s.sc DONE
14/09/2023 11:53:13:	move motor	S18.axis2.phaseshifter 1 to -0.166664deg	reached -0.15381  DONE
14/09/2023 11:53:16:	function generator:  GPIB1::8 fn1=SIN *am1=0.37 *fr1=10000 *ph1=0 of1=0 bt1=4 dy1=29.43us DONE
14/09/2023 11:53:17:	function generator:  GPIB1::8 fn2=SIN *am2=0.3 *fr2=15000 *ph2=0 of2=0 bt2=6 DONE
14/09/2023 11:53:18:	function generator:  GPIB1::8 start1 DONE
14/09/2023 11:53:19:	function generator:  GPIB1::8 start2 DONE
14/09/2023 11:53:19:	create file	D:\data\Cycle 192ter\exp_3-16-14\rawdata\sc\TOF_vs_chi_S2+A1_19pt_pi16_1500s_14Sep1153.dat	 DONE
14/09/2023 11:53:20:	1	TOF	4	time=1500	period=434µ	binwidth=3µ	delay=95µO Det=61657	H Det=152	Mon Det=32633	Aux Det=160615	O+H=61809	 DONE
14/09/2023 12:18:24:	function generator:  GPIB1::8 stop1 DONE
14/09/2023 12:18:25:	function generator:  GPIB1::8 stop2 DONE
14/09/2023 12:18:26:	close file and end scan	 DONE
call of TOF_S2+A1_pi16_1500s.sc DONE
14/09/2023 12:18:27:	move motor	S18.axis2.phaseshifter 1 to 0.000003deg	reached -0.01099  DONE
14/09/2023 12:18:30:	function generator:  GPIB1::8 fn1=SIN *am1=0.37 *fr1=10000 *ph1=0 of1=0 bt1=4 dy1=29.43us DONE
14/09/2023 12:18:31:	function generator:  GPIB1::8 fn2=SIN *am2=0.3 *fr2=15000 *ph2=0 of2=0 bt2=6 DONE
14/09/2023 12:18:32:	function generator:  GPIB1::8 start1 DONE
14/09/2023 12:18:33:	function generator:  GPIB1::8 start2 DONE
14/09/2023 12:18:34:	create file	D:\data\Cycle 192ter\exp_3-16-14\rawdata\sc\TOF_vs_chi_S2+A1_19pt_pi16_1500s_14Sep1218.dat	 DONE
14/09/2023 12:18:34:	1	TOF	4	time=1500	period=434µ	binwidth=3µ	delay=95µO Det=55007	H Det=152	Mon Det=32633	Aux Det=126501	O+H=55159	 DONE
14/09/2023 12:43:38:	function generator:  GPIB1::8 stop1 DONE
14/09/2023 12:43:39:	function generator:  GPIB1::8 stop2 DONE
14/09/2023 12:43:40:	close file and end scan	 DONE
call of TOF_S2+A1_pi16_1500s.sc DONE
14/09/2023 12:43:41:	move motor	S18.axis2.phaseshifter 1 to 0.166670deg	reached 0.16479  DONE
14/09/2023 12:43:44:	function generator:  GPIB1::8 fn1=SIN *am1=0.37 *fr1=10000 *ph1=0 of1=0 bt1=4 dy1=29.43us DONE
14/09/2023 12:43:45:	function generator:  GPIB1::8 fn2=SIN *am2=0.3 *fr2=15000 *ph2=0 of2=0 bt2=6 DONE
14/09/2023 12:43:46:	function generator:  GPIB1::8 start1 DONE
14/09/2023 12:43:47:	function generator:  GPIB1::8 start2 DONE
14/09/2023 12:43:48:	create file	D:\data\Cycle 192ter\exp_3-16-14\rawdata\sc\TOF_vs_chi_S2+A1_19pt_pi16_1500s_14Sep1243.dat	 DONE
14/09/2023 12:43:48:	1	TOF	4	time=1500	period=434µ	binwidth=3µ	delay=95µO Det=44350	H Det=152	Mon Det=32633	Aux Det=87867	O+H=44502	 DONE
14/09/2023 13:08:52:	function generator:  GPIB1::8 stop1 DONE
14/09/2023 13:08:53:	function generator:  GPIB1::8 stop2 DONE
14/09/2023 13:08:54:	close file and end scan	 DONE
call of TOF_S2+A1_pi16_1500s.sc DONE
14/09/2023 13:08:55:	move motor	S18.axis2.phaseshifter 1 to 0.333337deg	reached 0.32959  DONE
14/09/2023 13:08:58:	function generator:  GPIB1::8 fn1=SIN *am1=0.37 *fr1=10000 *ph1=0 of1=0 bt1=4 dy1=29.43us DONE
14/09/2023 13:08:59:	function generator:  GPIB1::8 fn2=SIN *am2=0.3 *fr2=15000 *ph2=0 of2=0 bt2=6 DONE
14/09/2023 13:09:00:	function generator:  GPIB1::8 start1 DONE
14/09/2023 13:09:01:	function generator:  GPIB1::8 start2 DONE
14/09/2023 13:09:02:	create file	D:\data\Cycle 192ter\exp_3-16-14\rawdata\sc\TOF_vs_chi_S2+A1_19pt_pi16_1500s_14Sep1309.dat	 DONE
14/09/2023 13:09:02:	1	TOF	4	time=1500	period=434µ	binwidth=3µ	delay=95µO Det=33237	H Det=152	Mon Det=32633	Aux Det=52177	O+H=33389	 DONE
14/09/2023 13:34:06:	function generator:  GPIB1::8 stop1 DONE
14/09/2023 13:34:07:	function generator:  GPIB1::8 stop2 DONE
14/09/2023 13:34:08:	close file and end scan	 DONE
call of TOF_S2+A1_pi16_1500s.sc DONE
14/09/2023 13:34:09:	move motor	S18.axis2.phaseshifter 1 to 0.500004deg	reached 0.50537  DONE
14/09/2023 13:34:12:	function generator:  GPIB1::8 fn1=SIN *am1=0.37 *fr1=10000 *ph1=0 of1=0 bt1=4 dy1=29.43us DONE
14/09/2023 13:34:13:	function generator:  GPIB1::8 fn2=SIN *am2=0.3 *fr2=15000 *ph2=0 of2=0 bt2=6 DONE
14/09/2023 13:34:14:	function generator:  GPIB1::8 start1 DONE
14/09/2023 13:34:15:	function generator:  GPIB1::8 start2 DONE
14/09/2023 13:34:16:	create file	D:\data\Cycle 192ter\exp_3-16-14\rawdata\sc\TOF_vs_chi_S2+A1_19pt_pi16_1500s_14Sep1334.dat	 DONE
14/09/2023 13:34:16:	1	TOF	4	time=1500	period=434µ	binwidth=3µ	delay=95µO Det=21601	H Det=152	Mon Det=32633	Aux Det=25733	O+H=21753	 DONE
14/09/2023 13:59:20:	function generator:  GPIB1::8 stop1 DONE
14/09/2023 13:59:21:	function generator:  GPIB1::8 stop2 DONE
14/09/2023 13:59:22:	close file and end scan	 DONE
call of TOF_S2+A1_pi16_1500s.sc DONE
14/09/2023 13:59:23:	move motor	S18.axis2.phaseshifter 1 to 0.666671deg	reached 0.64819  DONE
14/09/2023 13:59:26:	function generator:  GPIB1::8 fn1=SIN *am1=0.37 *fr1=10000 *ph1=0 of1=0 bt1=4 dy1=29.43us DONE
14/09/2023 13:59:27:	function generator:  GPIB1::8 fn2=SIN *am2=0.3 *fr2=15000 *ph2=0 of2=0 bt2=6 DONE
14/09/2023 13:59:28:	function generator:  GPIB1::8 start1 DONE
14/09/2023 13:59:29:	function generator:  GPIB1::8 start2 DONE
14/09/2023 13:59:30:	create file	D:\data\Cycle 192ter\exp_3-16-14\rawdata\sc\TOF_vs_chi_S2+A1_19pt_pi16_1500s_14Sep1359.dat	 DONE
14/09/2023 13:59:30:	1	TOF	4	time=1500	period=434µ	binwidth=3µ	delay=95µO Det=16309	H Det=152	Mon Det=32633	Aux Det=21852	O+H=16461	 DONE
14/09/2023 14:24:34:	function generator:  GPIB1::8 stop1 DONE
14/09/2023 14:24:35:	function generator:  GPIB1::8 stop2 DONE
14/09/2023 14:24:36:	close file and end scan	 DONE
call of TOF_S2+A1_pi16_1500s.sc DONE
14/09/2023 14:24:37:	move motor	S18.axis2.phaseshifter 1 to 0.833338deg	reached 0.83496  DONE
14/09/2023 14:24:40:	function generator:  GPIB1::8 fn1=SIN *am1=0.37 *fr1=10000 *ph1=0 of1=0 bt1=4 dy1=29.43us DONE
14/09/2023 14:24:41:	function generator:  GPIB1::8 fn2=SIN *am2=0.3 *fr2=15000 *ph2=0 of2=0 bt2=6 DONE
14/09/2023 14:24:42:	function generator:  GPIB1::8 start1 DONE
14/09/2023 14:24:43:	function generator:  GPIB1::8 start2 DONE
14/09/2023 14:24:44:	create file	D:\data\Cycle 192ter\exp_3-16-14\rawdata\sc\TOF_vs_chi_S2+A1_19pt_pi16_1500s_14Sep1424.dat	 DONE
14/09/2023 14:24:44:	1	TOF	4	time=1500	period=434µ	binwidth=3µ	delay=95µO Det=16215	H Det=152	Mon Det=32633	Aux Det=38230	O+H=16367	 DONE
14/09/2023 14:49:48:	function generator:  GPIB1::8 stop1 DONE
14/09/2023 14:49:49:	function generator:  GPIB1::8 stop2 DONE
14/09/2023 14:49:50:	close file and end scan	 DONE
call of TOF_S2+A1_pi16_1500s.sc DONE
14/09/2023 14:49:51:	move motor	S18.axis2.phaseshifter 1 to 1.000005deg	reached 0.98877  DONE
14/09/2023 14:49:54:	function generator:  GPIB1::8 fn1=SIN *am1=0.37 *fr1=10000 *ph1=0 of1=0 bt1=4 dy1=29.43us DONE
14/09/2023 14:49:55:	function generator:  GPIB1::8 fn2=SIN *am2=0.3 *fr2=15000 *ph2=0 of2=0 bt2=6 DONE
14/09/2023 14:49:56:	function generator:  GPIB1::8 start1 DONE
14/09/2023 14:49:57:	function generator:  GPIB1::8 start2 DONE
14/09/2023 14:49:58:	create file	D:\data\Cycle 192ter\exp_3-16-14\rawdata\sc\TOF_vs_chi_S2+A1_19pt_pi16_1500s_14Sep1449.dat	 DONE
14/09/2023 14:49:58:	1	TOF	4	time=1500	period=434µ	binwidth=3µ	delay=95µO Det=21965	H Det=152	Mon Det=32633	Aux Det=69459	O+H=22117	 DONE
14/09/2023 15:15:02:	function generator:  GPIB1::8 stop1 DONE
14/09/2023 15:15:03:	function generator:  GPIB1::8 stop2 DONE
14/09/2023 15:15:04:	close file and end scan	 DONE
call of TOF_S2+A1_pi16_1500s.sc DONE
14/09/2023 15:15:05:	move motor	S18.axis2.phaseshifter 1 to 1.166672deg	reached 1.15356  DONE
14/09/2023 15:15:08:	function generator:  GPIB1::8 fn1=SIN *am1=0.37 *fr1=10000 *ph1=0 of1=0 bt1=4 dy1=29.43us DONE
14/09/2023 15:15:09:	function generator:  GPIB1::8 fn2=SIN *am2=0.3 *fr2=15000 *ph2=0 of2=0 bt2=6 DONE
14/09/2023 15:15:10:	function generator:  GPIB1::8 start1 DONE
14/09/2023 15:15:11:	function generator:  GPIB1::8 start2 DONE
14/09/2023 15:15:12:	create file	D:\data\Cycle 192ter\exp_3-16-14\rawdata\sc\TOF_vs_chi_S2+A1_19pt_pi16_1500s_14Sep1515.dat	 DONE
14/09/2023 15:15:12:	1	TOF	4	time=1500	period=434µ	binwidth=3µ	delay=95µO Det=32204	H Det=152	Mon Det=32633	Aux Det=108599	O+H=32356	 DONE
14/09/2023 15:40:16:	function generator:  GPIB1::8 stop1 DONE
14/09/2023 15:40:17:	function generator:  GPIB1::8 stop2 DONE
14/09/2023 15:40:18:	close file and end scan	 DONE
call of TOF_S2+A1_pi16_1500s.sc DONE
14/09/2023 15:40:19:	move motor	S18.axis2.phaseshifter 1 to 1.333339deg	reached 1.32935  DONE
14/09/2023 15:40:22:	function generator:  GPIB1::8 fn1=SIN *am1=0.37 *fr1=10000 *ph1=0 of1=0 bt1=4 dy1=29.43us DONE
14/09/2023 15:40:23:	function generator:  GPIB1::8 fn2=SIN *am2=0.3 *fr2=15000 *ph2=0 of2=0 bt2=6 DONE
14/09/2023 15:40:24:	function generator:  GPIB1::8 start1 DONE
14/09/2023 15:40:25:	function generator:  GPIB1::8 start2 DONE
14/09/2023 15:40:26:	create file	D:\data\Cycle 192ter\exp_3-16-14\rawdata\sc\TOF_vs_chi_S2+A1_19pt_pi16_1500s_14Sep1540.dat	 DONE
14/09/2023 15:40:26:	1	TOF	4	time=1500	period=434µ	binwidth=3µ	delay=95µO Det=43748	H Det=152	Mon Det=32633	Aux Det=146695	O+H=43900	 DONE
14/09/2023 16:05:30:	function generator:  GPIB1::8 stop1 DONE
14/09/2023 16:05:31:	function generator:  GPIB1::8 stop2 DONE
14/09/2023 16:05:32:	close file and end scan	 DONE
call of TOF_S2+A1_pi16_1500s.sc DONE
14/09/2023 16:05:33:	move motor	S18.axis2.phaseshifter 1 to 1.500006deg	reached 1.49414  DONE
14/09/2023 16:05:36:	function generator:  GPIB1::8 fn1=SIN *am1=0.37 *fr1=10000 *ph1=0 of1=0 bt1=4 dy1=29.43us DONE
14/09/2023 16:05:37:	function generator:  GPIB1::8 fn2=SIN *am2=0.3 *fr2=15000 *ph2=0 of2=0 bt2=6 DONE
14/09/2023 16:05:38:	function generator:  GPIB1::8 start1 DONE
14/09/2023 16:05:39:	function generator:  GPIB1::8 start2 DONE
14/09/2023 16:05:40:	create file	D:\data\Cycle 192ter\exp_3-16-14\rawdata\sc\TOF_vs_chi_S2+A1_19pt_pi16_1500s_14Sep1605.dat	 DONE
14/09/2023 16:05:40:	1	TOF	4	time=1500	period=434µ	binwidth=3µ	delay=95µO Det=55228	H Det=152	Mon Det=32633	Aux Det=173461	O+H=55380	 DONE
14/09/2023 16:30:44:	function generator:  GPIB1::8 stop1 DONE
14/09/2023 16:30:45:	function generator:  GPIB1::8 stop2 DONE
14/09/2023 16:30:46:	close file and end scan	 DONE
call of TOF_S2+A1_pi16_1500s.sc DONE
14/09/2023 16:30:47:	close file and end scan	 DONE
14/09/2023 16:30:47:	END OF SCRIPT	 DONE
