17/09/2023 06:32:04:	start execution of script D:\data\Cycle 192ter\exp_3-16-14\rawdata\sc\TOF_vs_chi_S2+A1_19pt_pi8_1500s.sc	 DONE
17/09/2023 06:32:04:	function generator:  GPIB1::8 fn1=SIN *am1=0.0 *fr1=0 *ph1=0 of1=0 bt1=3 DONE
17/09/2023 06:32:05:	function generator:  GPIB1::8 fn2=SIN *am2=0.0 *fr2=0 *ph2=0 of2=0 bt2=3 DONE
17/09/2023 06:32:06:	move motor	S18.axis2.phaseshifter 1 to -1.500000deg	reached -1.49414  DONE
17/09/2023 06:32:10:	function generator:  GPIB1::8 fn1=SIN *am1=0.74 *fr1=10000 *ph1=0 of1=0 bt1=4 dy1=29.43us DONE
17/09/2023 06:32:10:	function generator:  GPIB1::8 fn2=SIN *am2=0.61 *fr2=15000 *ph2=0 of2=0 bt2=6 DONE
17/09/2023 06:32:11:	function generator:  GPIB1::8 start1 DONE
17/09/2023 06:32:12:	function generator:  GPIB1::8 start2 DONE
17/09/2023 06:32:12:	create file	D:\data\Cycle 192ter\exp_3-16-14\rawdata\sc\TOF_vs_chi_S2+A1_19pt_pi8_1500s_17Sep0632.dat	 DONE
17/09/2023 06:32:13:	1	TOF	4	time=1500	period=434µ	binwidth=3µ	delay=95µO Det=24583	H Det=43	Mon Det=30813	Aux Det=71883	O+H=24626	 DONE
17/09/2023 06:57:17:	function generator:  GPIB1::8 stop1 DONE
17/09/2023 06:57:17:	function generator:  GPIB1::8 stop2 DONE
17/09/2023 06:57:18:	close file and end scan	 DONE
call of TOF_S2+A1_pi8_1500s.sc DONE
17/09/2023 06:57:19:	move motor	S18.axis2.phaseshifter 1 to -1.333333deg	reached -1.32935  DONE
17/09/2023 06:57:22:	function generator:  GPIB1::8 fn1=SIN *am1=0.74 *fr1=10000 *ph1=0 of1=0 bt1=4 dy1=29.43us DONE
17/09/2023 06:57:23:	function generator:  GPIB1::8 fn2=SIN *am2=0.61 *fr2=15000 *ph2=0 of2=0 bt2=6 DONE
17/09/2023 06:57:23:	function generator:  GPIB1::8 start1 DONE
17/09/2023 06:57:24:	function generator:  GPIB1::8 start2 DONE
17/09/2023 06:57:25:	create file	D:\data\Cycle 192ter\exp_3-16-14\rawdata\sc\TOF_vs_chi_S2+A1_19pt_pi8_1500s_17Sep0657.dat	 DONE
17/09/2023 06:57:25:	1	TOF	4	time=1500	period=434µ	binwidth=3µ	delay=95µO Det=29769	H Det=43	Mon Det=30813	Aux Det=88810	O+H=29812	 DONE
17/09/2023 07:22:29:	function generator:  GPIB1::8 stop1 DONE
17/09/2023 07:22:30:	function generator:  GPIB1::8 stop2 DONE
17/09/2023 07:22:30:	close file and end scan	 DONE
call of TOF_S2+A1_pi8_1500s.sc DONE
17/09/2023 07:22:31:	move motor	S18.axis2.phaseshifter 1 to -1.166666deg	reached -1.16455  DONE
17/09/2023 07:22:34:	function generator:  GPIB1::8 fn1=SIN *am1=0.74 *fr1=10000 *ph1=0 of1=0 bt1=4 dy1=29.43us DONE
17/09/2023 07:22:35:	function generator:  GPIB1::8 fn2=SIN *am2=0.61 *fr2=15000 *ph2=0 of2=0 bt2=6 DONE
17/09/2023 07:22:36:	function generator:  GPIB1::8 start1 DONE
17/09/2023 07:22:36:	function generator:  GPIB1::8 start2 DONE
17/09/2023 07:22:37:	create file	D:\data\Cycle 192ter\exp_3-16-14\rawdata\sc\TOF_vs_chi_S2+A1_19pt_pi8_1500s_17Sep0722.dat	 DONE
17/09/2023 07:22:38:	1	TOF	4	time=1500	period=434µ	binwidth=3µ	delay=95µO Det=33158	H Det=43	Mon Det=30813	Aux Det=97280	O+H=33201	 DONE
17/09/2023 07:47:41:	function generator:  GPIB1::8 stop1 DONE
17/09/2023 07:47:42:	function generator:  GPIB1::8 stop2 DONE
17/09/2023 07:47:43:	close file and end scan	 DONE
call of TOF_S2+A1_pi8_1500s.sc DONE
17/09/2023 07:47:44:	move motor	S18.axis2.phaseshifter 1 to -0.999999deg	reached -1.01074  DONE
17/09/2023 07:47:47:	function generator:  GPIB1::8 fn1=SIN *am1=0.74 *fr1=10000 *ph1=0 of1=0 bt1=4 dy1=29.43us DONE
17/09/2023 07:47:47:	function generator:  GPIB1::8 fn2=SIN *am2=0.61 *fr2=15000 *ph2=0 of2=0 bt2=6 DONE
17/09/2023 07:47:48:	function generator:  GPIB1::8 start1 DONE
17/09/2023 07:47:49:	function generator:  GPIB1::8 start2 DONE
17/09/2023 07:47:49:	create file	D:\data\Cycle 192ter\exp_3-16-14\rawdata\sc\TOF_vs_chi_S2+A1_19pt_pi8_1500s_17Sep0747.dat	 DONE
17/09/2023 07:47:50:	1	TOF	4	time=1500	period=434µ	binwidth=3µ	delay=95µO Det=34737	H Det=43	Mon Det=30813	Aux Det=98920	O+H=34780	 DONE
17/09/2023 08:12:54:	function generator:  GPIB1::8 stop1 DONE
17/09/2023 08:12:54:	function generator:  GPIB1::8 stop2 DONE
17/09/2023 08:12:55:	close file and end scan	 DONE
call of TOF_S2+A1_pi8_1500s.sc DONE
17/09/2023 08:12:56:	move motor	S18.axis2.phaseshifter 1 to -0.833332deg	reached -0.83496  DONE
17/09/2023 08:12:59:	function generator:  GPIB1::8 fn1=SIN *am1=0.74 *fr1=10000 *ph1=0 of1=0 bt1=4 dy1=29.43us DONE
17/09/2023 08:13:00:	function generator:  GPIB1::8 fn2=SIN *am2=0.61 *fr2=15000 *ph2=0 of2=0 bt2=6 DONE
17/09/2023 08:13:00:	function generator:  GPIB1::8 start1 DONE
17/09/2023 08:13:01:	function generator:  GPIB1::8 start2 DONE
17/09/2023 08:13:02:	create file	D:\data\Cycle 192ter\exp_3-16-14\rawdata\sc\TOF_vs_chi_S2+A1_19pt_pi8_1500s_17Sep0813.dat	 DONE
17/09/2023 08:13:02:	1	TOF	4	time=1500	period=434µ	binwidth=3µ	delay=95µO Det=34030	H Det=43	Mon Det=30813	Aux Det=91035	O+H=34073	 DONE
17/09/2023 08:38:06:	function generator:  GPIB1::8 stop1 DONE
17/09/2023 08:38:07:	function generator:  GPIB1::8 stop2 DONE
17/09/2023 08:38:07:	close file and end scan	 DONE
call of TOF_S2+A1_pi8_1500s.sc DONE
17/09/2023 08:38:08:	move motor	S18.axis2.phaseshifter 1 to -0.666665deg	reached -0.68115  DONE
17/09/2023 08:38:12:	function generator:  GPIB1::8 fn1=SIN *am1=0.74 *fr1=10000 *ph1=0 of1=0 bt1=4 dy1=29.43us DONE
17/09/2023 08:38:12:	function generator:  GPIB1::8 fn2=SIN *am2=0.61 *fr2=15000 *ph2=0 of2=0 bt2=6 DONE
17/09/2023 08:38:13:	function generator:  GPIB1::8 start1 DONE
17/09/2023 08:38:14:	function generator:  GPIB1::8 start2 DONE
17/09/2023 08:38:14:	create file	D:\data\Cycle 192ter\exp_3-16-14\rawdata\sc\TOF_vs_chi_S2+A1_19pt_pi8_1500s_17Sep0838.dat	 DONE
17/09/2023 08:38:15:	1	TOF	4	time=1500	period=434µ	binwidth=3µ	delay=95µO Det=30283	H Det=43	Mon Det=30813	Aux Det=76990	O+H=30326	 DONE
17/09/2023 09:03:19:	function generator:  GPIB1::8 stop1 DONE
17/09/2023 09:03:19:	function generator:  GPIB1::8 stop2 DONE
17/09/2023 09:03:20:	close file and end scan	 DONE
call of TOF_S2+A1_pi8_1500s.sc DONE
17/09/2023 09:03:21:	move motor	S18.axis2.phaseshifter 1 to -0.499998deg	reached -0.50537  DONE
17/09/2023 09:03:24:	function generator:  GPIB1::8 fn1=SIN *am1=0.74 *fr1=10000 *ph1=0 of1=0 bt1=4 dy1=29.43us DONE
17/09/2023 09:03:25:	function generator:  GPIB1::8 fn2=SIN *am2=0.61 *fr2=15000 *ph2=0 of2=0 bt2=6 DONE
17/09/2023 09:03:25:	function generator:  GPIB1::8 start1 DONE
17/09/2023 09:03:26:	function generator:  GPIB1::8 start2 DONE
17/09/2023 09:03:27:	create file	D:\data\Cycle 192ter\exp_3-16-14\rawdata\sc\TOF_vs_chi_S2+A1_19pt_pi8_1500s_17Sep0903.dat	 DONE
17/09/2023 09:03:27:	1	TOF	4	time=1500	period=434µ	binwidth=3µ	delay=95µO Det=25730	H Det=43	Mon Det=30813	Aux Det=59601	O+H=25773	 DONE
17/09/2023 09:28:31:	function generator:  GPIB1::8 stop1 DONE
17/09/2023 09:28:32:	function generator:  GPIB1::8 stop2 DONE
17/09/2023 09:28:32:	close file and end scan	 DONE
call of TOF_S2+A1_pi8_1500s.sc DONE
17/09/2023 09:28:33:	move motor	S18.axis2.phaseshifter 1 to -0.333331deg	reached -0.32959  DONE
17/09/2023 09:28:36:	function generator:  GPIB1::8 fn1=SIN *am1=0.74 *fr1=10000 *ph1=0 of1=0 bt1=4 dy1=29.43us DONE
17/09/2023 09:28:37:	function generator:  GPIB1::8 fn2=SIN *am2=0.61 *fr2=15000 *ph2=0 of2=0 bt2=6 DONE
17/09/2023 09:28:38:	function generator:  GPIB1::8 start1 DONE
17/09/2023 09:28:38:	function generator:  GPIB1::8 start2 DONE
17/09/2023 09:28:39:	create file	D:\data\Cycle 192ter\exp_3-16-14\rawdata\sc\TOF_vs_chi_S2+A1_19pt_pi8_1500s_17Sep0928.dat	 DONE
17/09/2023 09:28:40:	1	TOF	4	time=1500	period=434µ	binwidth=3µ	delay=95µO Det=20900	H Det=43	Mon Det=30813	Aux Det=44555	O+H=20943	 DONE
17/09/2023 09:53:43:	function generator:  GPIB1::8 stop1 DONE
17/09/2023 09:53:44:	function generator:  GPIB1::8 stop2 DONE
17/09/2023 09:53:45:	close file and end scan	 DONE
call of TOF_S2+A1_pi8_1500s.sc DONE
17/09/2023 09:53:46:	move motor	S18.axis2.phaseshifter 1 to -0.166664deg	reached -0.16479  DONE
17/09/2023 09:53:49:	function generator:  GPIB1::8 fn1=SIN *am1=0.74 *fr1=10000 *ph1=0 of1=0 bt1=4 dy1=29.43us DONE
17/09/2023 09:53:49:	function generator:  GPIB1::8 fn2=SIN *am2=0.61 *fr2=15000 *ph2=0 of2=0 bt2=6 DONE
17/09/2023 09:53:50:	function generator:  GPIB1::8 start1 DONE
17/09/2023 09:53:51:	function generator:  GPIB1::8 start2 DONE
17/09/2023 09:53:51:	create file	D:\data\Cycle 192ter\exp_3-16-14\rawdata\sc\TOF_vs_chi_S2+A1_19pt_pi8_1500s_17Sep0953.dat	 DONE
17/09/2023 09:53:52:	1	TOF	4	time=1500	period=434µ	binwidth=3µ	delay=95µO Det=17266	H Det=43	Mon Det=30813	Aux Det=34260	O+H=17309	 DONE
17/09/2023 10:18:56:	function generator:  GPIB1::8 stop1 DONE
17/09/2023 10:18:56:	function generator:  GPIB1::8 stop2 DONE
17/09/2023 10:18:57:	close file and end scan	 DONE
call of TOF_S2+A1_pi8_1500s.sc DONE
17/09/2023 10:18:58:	move motor	S18.axis2.phaseshifter 1 to 0.000003deg	reached 0.00000  DONE
17/09/2023 10:19:01:	function generator:  GPIB1::8 fn1=SIN *am1=0.74 *fr1=10000 *ph1=0 of1=0 bt1=4 dy1=29.43us DONE
17/09/2023 10:19:02:	function generator:  GPIB1::8 fn2=SIN *am2=0.61 *fr2=15000 *ph2=0 of2=0 bt2=6 DONE
17/09/2023 10:19:02:	function generator:  GPIB1::8 start1 DONE
17/09/2023 10:19:03:	function generator:  GPIB1::8 start2 DONE
17/09/2023 10:19:04:	create file	D:\data\Cycle 192ter\exp_3-16-14\rawdata\sc\TOF_vs_chi_S2+A1_19pt_pi8_1500s_17Sep1019.dat	 DONE
17/09/2023 10:19:04:	1	TOF	4	time=1500	period=434µ	binwidth=3µ	delay=95µO Det=15382	H Det=43	Mon Det=30813	Aux Det=32347	O+H=15425	 DONE
17/09/2023 10:44:08:	function generator:  GPIB1::8 stop1 DONE
17/09/2023 10:44:09:	function generator:  GPIB1::8 stop2 DONE
17/09/2023 10:44:09:	close file and end scan	 DONE
call of TOF_S2+A1_pi8_1500s.sc DONE
17/09/2023 10:44:10:	move motor	S18.axis2.phaseshifter 1 to 0.166670deg	reached 0.15381  DONE
17/09/2023 10:44:13:	function generator:  GPIB1::8 fn1=SIN *am1=0.74 *fr1=10000 *ph1=0 of1=0 bt1=4 dy1=29.43us DONE
17/09/2023 10:44:14:	function generator:  GPIB1::8 fn2=SIN *am2=0.61 *fr2=15000 *ph2=0 of2=0 bt2=6 DONE
17/09/2023 10:44:15:	function generator:  GPIB1::8 start1 DONE
17/09/2023 10:44:15:	function generator:  GPIB1::8 start2 DONE
17/09/2023 10:44:16:	create file	D:\data\Cycle 192ter\exp_3-16-14\rawdata\sc\TOF_vs_chi_S2+A1_19pt_pi8_1500s_17Sep1044.dat	 DONE
17/09/2023 10:44:17:	1	TOF	4	time=1500	period=434µ	binwidth=3µ	delay=95µO Det=16128	H Det=43	Mon Det=30813	Aux Det=38342	O+H=16171	 DONE
17/09/2023 11:09:20:	function generator:  GPIB1::8 stop1 DONE
17/09/2023 11:09:21:	function generator:  GPIB1::8 stop2 DONE
17/09/2023 11:09:22:	close file and end scan	 DONE
call of TOF_S2+A1_pi8_1500s.sc DONE
17/09/2023 11:09:23:	move motor	S18.axis2.phaseshifter 1 to 0.333337deg	reached 0.32959  DONE
17/09/2023 11:09:26:	function generator:  GPIB1::8 fn1=SIN *am1=0.74 *fr1=10000 *ph1=0 of1=0 bt1=4 dy1=29.43us DONE
17/09/2023 11:09:27:	function generator:  GPIB1::8 fn2=SIN *am2=0.61 *fr2=15000 *ph2=0 of2=0 bt2=6 DONE
17/09/2023 11:09:27:	function generator:  GPIB1::8 start1 DONE
17/09/2023 11:09:28:	function generator:  GPIB1::8 start2 DONE
17/09/2023 11:09:29:	create file	D:\data\Cycle 192ter\exp_3-16-14\rawdata\sc\TOF_vs_chi_S2+A1_19pt_pi8_1500s_17Sep1109.dat	 DONE
17/09/2023 11:09:29:	1	TOF	4	time=1500	period=434µ	binwidth=3µ	delay=95µO Det=19042	H Det=43	Mon Det=30813	Aux Det=50420	O+H=19085	 DONE
17/09/2023 11:34:33:	function generator:  GPIB1::8 stop1 DONE
17/09/2023 11:34:33:	function generator:  GPIB1::8 stop2 DONE
17/09/2023 11:34:34:	close file and end scan	 DONE
call of TOF_S2+A1_pi8_1500s.sc DONE
17/09/2023 11:34:35:	move motor	S18.axis2.phaseshifter 1 to 0.500004deg	reached 0.50537  DONE
17/09/2023 11:34:38:	function generator:  GPIB1::8 fn1=SIN *am1=0.74 *fr1=10000 *ph1=0 of1=0 bt1=4 dy1=29.43us DONE
17/09/2023 11:34:39:	function generator:  GPIB1::8 fn2=SIN *am2=0.61 *fr2=15000 *ph2=0 of2=0 bt2=6 DONE
17/09/2023 11:34:40:	function generator:  GPIB1::8 start1 DONE
17/09/2023 11:34:40:	function generator:  GPIB1::8 start2 DONE
17/09/2023 11:34:41:	create file	D:\data\Cycle 192ter\exp_3-16-14\rawdata\sc\TOF_vs_chi_S2+A1_19pt_pi8_1500s_17Sep1134.dat	 DONE
17/09/2023 11:34:41:	1	TOF	4	time=1500	period=434µ	binwidth=3µ	delay=95µO Det=23779	H Det=43	Mon Det=30813	Aux Det=68658	O+H=23822	 DONE
17/09/2023 11:59:45:	function generator:  GPIB1::8 stop1 DONE
17/09/2023 11:59:46:	function generator:  GPIB1::8 stop2 DONE
17/09/2023 11:59:46:	close file and end scan	 DONE
call of TOF_S2+A1_pi8_1500s.sc DONE
17/09/2023 11:59:47:	move motor	S18.axis2.phaseshifter 1 to 0.666671deg	reached 0.65918  DONE
17/09/2023 11:59:50:	function generator:  GPIB1::8 fn1=SIN *am1=0.74 *fr1=10000 *ph1=0 of1=0 bt1=4 dy1=29.43us DONE
17/09/2023 11:59:51:	function generator:  GPIB1::8 fn2=SIN *am2=0.61 *fr2=15000 *ph2=0 of2=0 bt2=6 DONE
17/09/2023 11:59:52:	function generator:  GPIB1::8 start1 DONE
17/09/2023 11:59:52:	function generator:  GPIB1::8 start2 DONE
17/09/2023 11:59:53:	create file	D:\data\Cycle 192ter\exp_3-16-14\rawdata\sc\TOF_vs_chi_S2+A1_19pt_pi8_1500s_17Sep1159.dat	 DONE
17/09/2023 11:59:54:	1	TOF	4	time=1500	period=434µ	binwidth=3µ	delay=95µO Det=28697	H Det=43	Mon Det=30813	Aux Det=84468	O+H=28740	 DONE
17/09/2023 12:24:57:	function generator:  GPIB1::8 stop1 DONE
17/09/2023 12:24:58:	function generator:  GPIB1::8 stop2 DONE
17/09/2023 12:24:59:	close file and end scan	 DONE
call of TOF_S2+A1_pi8_1500s.sc DONE
17/09/2023 12:25:00:	move motor	S18.axis2.phaseshifter 1 to 0.833338deg	reached 0.83496  DONE
17/09/2023 12:25:03:	function generator:  GPIB1::8 fn1=SIN *am1=0.74 *fr1=10000 *ph1=0 of1=0 bt1=4 dy1=29.43us DONE
17/09/2023 12:25:03:	function generator:  GPIB1::8 fn2=SIN *am2=0.61 *fr2=15000 *ph2=0 of2=0 bt2=6 DONE
17/09/2023 12:25:04:	function generator:  GPIB1::8 start1 DONE
17/09/2023 12:25:05:	function generator:  GPIB1::8 start2 DONE
17/09/2023 12:25:06:	create file	D:\data\Cycle 192ter\exp_3-16-14\rawdata\sc\TOF_vs_chi_S2+A1_19pt_pi8_1500s_17Sep1225.dat	 DONE
17/09/2023 12:25:06:	1	TOF	4	time=1500	period=434µ	binwidth=3µ	delay=95µO Det=32868	H Det=43	Mon Det=30813	Aux Det=95274	O+H=32911	 DONE
17/09/2023 12:50:10:	function generator:  GPIB1::8 stop1 DONE
17/09/2023 12:50:10:	function generator:  GPIB1::8 stop2 DONE
17/09/2023 12:50:11:	close file and end scan	 DONE
call of TOF_S2+A1_pi8_1500s.sc DONE
17/09/2023 12:50:12:	move motor	S18.axis2.phaseshifter 1 to 1.000005deg	reached 0.98877  DONE
17/09/2023 12:50:15:	function generator:  GPIB1::8 fn1=SIN *am1=0.74 *fr1=10000 *ph1=0 of1=0 bt1=4 dy1=29.43us DONE
17/09/2023 12:50:16:	function generator:  GPIB1::8 fn2=SIN *am2=0.61 *fr2=15000 *ph2=0 of2=0 bt2=6 DONE
17/09/2023 12:50:17:	function generator:  GPIB1::8 start1 DONE
17/09/2023 12:50:18:	function generator:  GPIB1::8 start2 DONE
17/09/2023 12:50:18:	create file	D:\data\Cycle 192ter\exp_3-16-14\rawdata\sc\TOF_vs_chi_S2+A1_19pt_pi8_1500s_17Sep1250.dat	 DONE
17/09/2023 12:50:19:	1	TOF	4	time=1500	period=434µ	binwidth=3µ	delay=95µO Det=34678	H Det=43	Mon Det=30813	Aux Det=98555	O+H=34721	 DONE
17/09/2023 13:15:22:	function generator:  GPIB1::8 stop1 DONE
17/09/2023 13:15:23:	function generator:  GPIB1::8 stop2 DONE
17/09/2023 13:15:24:	close file and end scan	 DONE
call of TOF_S2+A1_pi8_1500s.sc DONE
17/09/2023 13:15:25:	move motor	S18.axis2.phaseshifter 1 to 1.166672deg	reached 1.17554  DONE
17/09/2023 13:15:28:	function generator:  GPIB1::8 fn1=SIN *am1=0.74 *fr1=10000 *ph1=0 of1=0 bt1=4 dy1=29.43us DONE
17/09/2023 13:15:29:	function generator:  GPIB1::8 fn2=SIN *am2=0.61 *fr2=15000 *ph2=0 of2=0 bt2=6 DONE
17/09/2023 13:15:29:	function generator:  GPIB1::8 start1 DONE
17/09/2023 13:15:30:	function generator:  GPIB1::8 start2 DONE
17/09/2023 13:15:31:	create file	D:\data\Cycle 192ter\exp_3-16-14\rawdata\sc\TOF_vs_chi_S2+A1_19pt_pi8_1500s_17Sep1315.dat	 DONE
17/09/2023 13:15:31:	1	TOF	4	time=1500	period=434µ	binwidth=3µ	delay=95µO Det=33595	H Det=43	Mon Det=30813	Aux Det=91656	O+H=33638	 DONE
17/09/2023 13:40:35:	function generator:  GPIB1::8 stop1 DONE
17/09/2023 13:40:36:	function generator:  GPIB1::8 stop2 DONE
17/09/2023 13:40:36:	close file and end scan	 DONE
call of TOF_S2+A1_pi8_1500s.sc DONE
17/09/2023 13:40:37:	move motor	S18.axis2.phaseshifter 1 to 1.333339deg	reached 1.31836  DONE
17/09/2023 13:40:40:	function generator:  GPIB1::8 fn1=SIN *am1=0.74 *fr1=10000 *ph1=0 of1=0 bt1=4 dy1=29.43us DONE
17/09/2023 13:40:41:	function generator:  GPIB1::8 fn2=SIN *am2=0.61 *fr2=15000 *ph2=0 of2=0 bt2=6 DONE
17/09/2023 13:40:42:	function generator:  GPIB1::8 start1 DONE
17/09/2023 13:40:42:	function generator:  GPIB1::8 start2 DONE
17/09/2023 13:40:43:	create file	D:\data\Cycle 192ter\exp_3-16-14\rawdata\sc\TOF_vs_chi_S2+A1_19pt_pi8_1500s_17Sep1340.dat	 DONE
17/09/2023 13:40:44:	1	TOF	4	time=1500	period=434µ	binwidth=3µ	delay=95µO Det=30538	H Det=43	Mon Det=30813	Aux Det=78494	O+H=30581	 DONE
17/09/2023 14:05:47:	function generator:  GPIB1::8 stop1 DONE
17/09/2023 14:05:48:	function generator:  GPIB1::8 stop2 DONE
17/09/2023 14:05:49:	close file and end scan	 DONE
call of TOF_S2+A1_pi8_1500s.sc DONE
17/09/2023 14:05:50:	move motor	S18.axis2.phaseshifter 1 to 1.500006deg	reached 1.50513  DONE
17/09/2023 14:05:53:	function generator:  GPIB1::8 fn1=SIN *am1=0.74 *fr1=10000 *ph1=0 of1=0 bt1=4 dy1=29.43us DONE
17/09/2023 14:05:54:	function generator:  GPIB1::8 fn2=SIN *am2=0.61 *fr2=15000 *ph2=0 of2=0 bt2=6 DONE
17/09/2023 14:05:54:	function generator:  GPIB1::8 start1 DONE
17/09/2023 14:05:55:	function generator:  GPIB1::8 start2 DONE
17/09/2023 14:05:56:	create file	D:\data\Cycle 192ter\exp_3-16-14\rawdata\sc\TOF_vs_chi_S2+A1_19pt_pi8_1500s_17Sep1405.dat	 DONE
17/09/2023 14:05:56:	1	TOF	4	time=1500	period=434µ	binwidth=3µ	delay=95µO Det=25868	H Det=43	Mon Det=30813	Aux Det=60662	O+H=25911	 DONE
17/09/2023 14:31:00:	function generator:  GPIB1::8 stop1 DONE
17/09/2023 14:31:01:	function generator:  GPIB1::8 stop2 DONE
17/09/2023 14:31:01:	close file and end scan	 DONE
call of TOF_S2+A1_pi8_1500s.sc DONE
17/09/2023 14:31:02:	close file and end scan	 DONE
17/09/2023 14:31:03:	END OF SCRIPT	 DONE
