01/09/2023 05:09:02:	start execution of script D:\data\Cycle 192ter\exp_3-16-14\rawdata\sc\TOF_vs_chi_A1_ifg.sc	 DONE
01/09/2023 05:09:03:	function generator:  GPIB1::8 fn1=SIN *am1=0.0 *fr1=0 *ph1=0 of1=0 bt1=3 DONE
01/09/2023 05:09:04:	function generator:  GPIB1::8 fn2=SIN *am2=0.0 *fr2=0 *ph2=0 of2=0 bt2=3 DONE
01/09/2023 05:09:04:	read encoder	S18.axis2.phaseshifter 1		1.505127 DONE
01/09/2023 05:09:06:	create file	D:\data\Cycle 192ter\exp_3-16-14\rawdata\sc\TOF_vs_chi_A1_ifg_01Sep0509.dat	 DONE
room to enter remarks DONE
01/09/2023 05:09:07:	move motor	S18.axis2.phaseshifter 1 to -3.000000deg	 DONE
01/09/2023 05:09:12:	1	count	time	20.000000s/cts	O Det=300	H Det=5290	Mon Det=130583	Aux Det=636	O+H=6226	 DONE
01/09/2023 05:09:35:	move motor	S18.axis2.phaseshifter 1 to -2.800000deg	 DONE
01/09/2023 05:09:39:	2	count	time	20.000000s/cts	O Det=422	H Det=4213	Mon Det=131834	Aux Det=1324	O+H=5959	 DONE
01/09/2023 05:10:02:	move motor	S18.axis2.phaseshifter 1 to -2.600000deg	 DONE
01/09/2023 05:10:06:	3	count	time	20.000000s/cts	O Det=642	H Det=3369	Mon Det=130491	Aux Det=2025	O+H=6036	 DONE
01/09/2023 05:10:29:	move motor	S18.axis2.phaseshifter 1 to -2.400000deg	 DONE
01/09/2023 05:10:33:	4	count	time	20.000000s/cts	O Det=774	H Det=2741	Mon Det=130966	Aux Det=2306	O+H=5821	 DONE
01/09/2023 05:10:55:	move motor	S18.axis2.phaseshifter 1 to -2.200000deg	 DONE
01/09/2023 05:10:59:	5	count	time	20.000000s/cts	O Det=810	H Det=2787	Mon Det=130882	Aux Det=2296	O+H=5893	 DONE
01/09/2023 05:11:22:	move motor	S18.axis2.phaseshifter 1 to -2.000000deg	 DONE
01/09/2023 05:11:26:	6	count	time	20.000000s/cts	O Det=681	H Det=3523	Mon Det=130910	Aux Det=1714	O+H=5918	 DONE
01/09/2023 05:11:49:	move motor	S18.axis2.phaseshifter 1 to -1.800000deg	 DONE
01/09/2023 05:11:53:	7	count	time	20.000000s/cts	O Det=495	H Det=4657	Mon Det=131074	Aux Det=1092	O+H=6244	 DONE
01/09/2023 05:12:16:	move motor	S18.axis2.phaseshifter 1 to -1.600000deg	 DONE
01/09/2023 05:12:20:	8	count	time	20.000000s/cts	O Det=356	H Det=5267	Mon Det=130982	Aux Det=625	O+H=6248	 DONE
01/09/2023 05:12:42:	move motor	S18.axis2.phaseshifter 1 to -1.400000deg	 DONE
01/09/2023 05:12:47:	9	count	time	20.000000s/cts	O Det=291	H Det=5625	Mon Det=130378	Aux Det=334	O+H=6250	 DONE
01/09/2023 05:13:09:	move motor	S18.axis2.phaseshifter 1 to -1.200000deg	 DONE
01/09/2023 05:13:14:	10	count	time	20.000000s/cts	O Det=219	H Det=5679	Mon Det=130502	Aux Det=373	O+H=6271	 DONE
01/09/2023 05:13:36:	move motor	S18.axis2.phaseshifter 1 to -1.000000deg	 DONE
01/09/2023 05:13:40:	11	count	time	20.000000s/cts	O Det=302	H Det=4970	Mon Det=131089	Aux Det=838	O+H=6110	 DONE
01/09/2023 05:14:03:	move motor	S18.axis2.phaseshifter 1 to -0.800000deg	 DONE
01/09/2023 05:14:07:	12	count	time	20.000000s/cts	O Det=499	H Det=3933	Mon Det=131867	Aux Det=1551	O+H=5983	 DONE
01/09/2023 05:14:30:	move motor	S18.axis2.phaseshifter 1 to -0.600000deg	 DONE
01/09/2023 05:14:34:	13	count	time	20.000000s/cts	O Det=676	H Det=3106	Mon Det=130719	Aux Det=2067	O+H=5849	 DONE
01/09/2023 05:14:57:	move motor	S18.axis2.phaseshifter 1 to -0.400000deg	 DONE
01/09/2023 05:15:01:	14	count	time	20.000000s/cts	O Det=725	H Det=2815	Mon Det=130774	Aux Det=2394	O+H=5934	 DONE
01/09/2023 05:15:24:	move motor	S18.axis2.phaseshifter 1 to -0.200000deg	 DONE
01/09/2023 05:15:28:	15	count	time	20.000000s/cts	O Det=798	H Det=2875	Mon Det=130642	Aux Det=2180	O+H=5853	 DONE
01/09/2023 05:15:51:	move motor	S18.axis2.phaseshifter 1 to 0.000000deg	 DONE
01/09/2023 05:15:55:	16	count	time	20.000000s/cts	O Det=646	H Det=3392	Mon Det=131062	Aux Det=1774	O+H=5812	 DONE
01/09/2023 05:16:18:	move motor	S18.axis2.phaseshifter 1 to 0.200000deg	 DONE
01/09/2023 05:16:22:	17	count	time	20.000000s/cts	O Det=531	H Det=4255	Mon Det=130830	Aux Det=1160	O+H=5946	 DONE
01/09/2023 05:16:44:	move motor	S18.axis2.phaseshifter 1 to 0.400000deg	 DONE
01/09/2023 05:16:49:	18	count	time	20.000000s/cts	O Det=338	H Det=5209	Mon Det=130799	Aux Det=582	O+H=6129	 DONE
01/09/2023 05:17:12:	move motor	S18.axis2.phaseshifter 1 to 0.600000deg	 DONE
01/09/2023 05:17:16:	19	count	time	20.000000s/cts	O Det=240	H Det=5776	Mon Det=130211	Aux Det=277	O+H=6293	 DONE
01/09/2023 05:17:39:	move motor	S18.axis2.phaseshifter 1 to 0.800000deg	 DONE
01/09/2023 05:17:43:	20	count	time	20.000000s/cts	O Det=221	H Det=5644	Mon Det=131299	Aux Det=352	O+H=6217	 DONE
01/09/2023 05:18:06:	move motor	S18.axis2.phaseshifter 1 to 1.000000deg	 DONE
01/09/2023 05:18:10:	21	count	time	20.000000s/cts	O Det=310	H Det=4952	Mon Det=131345	Aux Det=825	O+H=6087	 DONE
01/09/2023 05:18:32:	move motor	S18.axis2.phaseshifter 1 to 1.200000deg	 DONE
01/09/2023 05:18:36:	22	count	time	20.000000s/cts	O Det=508	H Det=4032	Mon Det=131434	Aux Det=1381	O+H=5921	 DONE
01/09/2023 05:18:59:	move motor	S18.axis2.phaseshifter 1 to 1.400000deg	 DONE
01/09/2023 05:19:03:	23	count	time	20.000000s/cts	O Det=642	H Det=3423	Mon Det=131207	Aux Det=1958	O+H=6023	 DONE
01/09/2023 05:19:26:	move motor	S18.axis2.phaseshifter 1 to 1.600000deg	 DONE
01/09/2023 05:19:30:	24	count	time	20.000000s/cts	O Det=781	H Det=2713	Mon Det=132527	Aux Det=2343	O+H=5837	 DONE
01/09/2023 05:19:53:	move motor	S18.axis2.phaseshifter 1 to 1.800000deg	 DONE
01/09/2023 05:19:57:	25	count	time	20.000000s/cts	O Det=851	H Det=2792	Mon Det=131151	Aux Det=2284	O+H=5927	 DONE
01/09/2023 05:20:20:	move motor	S18.axis2.phaseshifter 1 to 2.000000deg	 DONE
01/09/2023 05:20:24:	26	count	time	20.000000s/cts	O Det=701	H Det=3292	Mon Det=131041	Aux Det=1949	O+H=5942	 DONE
01/09/2023 05:20:46:	move motor	S18.axis2.phaseshifter 1 to 2.200000deg	 DONE
01/09/2023 05:20:50:	27	count	time	20.000000s/cts	O Det=536	H Det=4100	Mon Det=129972	Aux Det=1343	O+H=5979	 DONE
01/09/2023 05:21:13:	move motor	S18.axis2.phaseshifter 1 to 2.400000deg	 DONE
01/09/2023 05:21:17:	28	count	time	20.000000s/cts	O Det=380	H Det=4913	Mon Det=131485	Aux Det=763	O+H=6056	 DONE
01/09/2023 05:21:40:	move motor	S18.axis2.phaseshifter 1 to 2.600000deg	 DONE
01/09/2023 05:21:44:	29	count	time	20.000000s/cts	O Det=223	H Det=5663	Mon Det=130911	Aux Det=306	O+H=6192	 DONE
01/09/2023 05:22:07:	move motor	S18.axis2.phaseshifter 1 to 2.800000deg	 DONE
01/09/2023 05:22:11:	30	count	time	20.000000s/cts	O Det=200	H Det=5717	Mon Det=131158	Aux Det=354	O+H=6271	 DONE
01/09/2023 05:22:34:	move motor	S18.axis2.phaseshifter 1 to 3.000000deg	 DONE
01/09/2023 05:22:38:	31	count	time	20.000000s/cts	O Det=300	H Det=5143	Mon Det=130760	Aux Det=762	O+H=6205	 DONE
01/09/2023 05:23:00:	close file and end scan	 DONE
call of ifg_20s_3p.sc DONE
01/09/2023 05:23:01:	move motor	S18.axis2.phaseshifter 1 to -1.500000deg	reached -1.49414  DONE
01/09/2023 05:23:06:	function generator:  GPIB1::8 fn1=SIN *am1=1.0 *fr1=10000 *ph1=0 of1=0 bt1=3 DONE
01/09/2023 05:23:07:	function generator:  GPIB1::8 start1 DONE
01/09/2023 05:23:08:	create file	D:\data\Cycle 192ter\exp_3-16-14\rawdata\sc\TOF_vs_chi_A1_ifg_01Sep0523.dat	 DONE
01/09/2023 05:23:08:	1	TOF	4	time=1200	period=301µ	binwidth=3µ	delay=95µO Det=19168	H Det=5143	Mon Det=130760	Aux Det=29628	O+H=53939	 DONE
01/09/2023 05:43:12:	function generator:  GPIB1::8 stop1 DONE
01/09/2023 05:43:13:	close file and end scan	 DONE
call of TOF_A1.sc DONE
01/09/2023 05:43:14:	move motor	S18.axis2.phaseshifter 1 to -1.300000deg	reached -1.30737  DONE
01/09/2023 05:43:17:	function generator:  GPIB1::8 fn1=SIN *am1=1.0 *fr1=10000 *ph1=0 of1=0 bt1=3 DONE
01/09/2023 05:43:17:	function generator:  GPIB1::8 start1 DONE
01/09/2023 05:43:18:	create file	D:\data\Cycle 192ter\exp_3-16-14\rawdata\sc\TOF_vs_chi_A1_ifg_01Sep0543.dat	 DONE
01/09/2023 05:43:19:	1	TOF	4	time=1200	period=301µ	binwidth=3µ	delay=95µO Det=14504	H Det=5143	Mon Det=130760	Aux Det=19501	O+H=39148	 DONE
01/09/2023 06:03:22:	function generator:  GPIB1::8 stop1 DONE
01/09/2023 06:03:23:	close file and end scan	 DONE
call of TOF_A1.sc DONE
01/09/2023 06:03:24:	move motor	S18.axis2.phaseshifter 1 to -1.100000deg	reached -1.09863  DONE
01/09/2023 06:03:27:	function generator:  GPIB1::8 fn1=SIN *am1=1.0 *fr1=10000 *ph1=0 of1=0 bt1=3 DONE
01/09/2023 06:03:28:	function generator:  GPIB1::8 start1 DONE
01/09/2023 06:03:29:	create file	D:\data\Cycle 192ter\exp_3-16-14\rawdata\sc\TOF_vs_chi_A1_ifg_01Sep0603.dat	 DONE
01/09/2023 06:03:29:	1	TOF	4	time=1200	period=301µ	binwidth=3µ	delay=95µO Det=15980	H Det=5143	Mon Det=130760	Aux Det=31930	O+H=53053	 DONE
01/09/2023 06:23:33:	function generator:  GPIB1::8 stop1 DONE
01/09/2023 06:23:34:	close file and end scan	 DONE
call of TOF_A1.sc DONE
01/09/2023 06:23:35:	move motor	S18.axis2.phaseshifter 1 to -0.900000deg	reached -0.90088  DONE
01/09/2023 06:23:38:	function generator:  GPIB1::8 fn1=SIN *am1=1.0 *fr1=10000 *ph1=0 of1=0 bt1=3 DONE
01/09/2023 06:23:39:	function generator:  GPIB1::8 start1 DONE
01/09/2023 06:23:40:	create file	D:\data\Cycle 192ter\exp_3-16-14\rawdata\sc\TOF_vs_chi_A1_ifg_01Sep0623.dat	 DONE
01/09/2023 06:23:40:	1	TOF	4	time=1200	period=301µ	binwidth=3µ	delay=95µO Det=22588	H Det=5143	Mon Det=130760	Aux Det=61804	O+H=89535	 DONE
01/09/2023 06:43:44:	function generator:  GPIB1::8 stop1 DONE
01/09/2023 06:43:45:	close file and end scan	 DONE
call of TOF_A1.sc DONE
01/09/2023 06:43:46:	move motor	S18.axis2.phaseshifter 1 to -0.700000deg	reached -0.70313  DONE
01/09/2023 06:43:49:	function generator:  GPIB1::8 fn1=SIN *am1=1.0 *fr1=10000 *ph1=0 of1=0 bt1=3 DONE
01/09/2023 06:43:49:	function generator:  GPIB1::8 start1 DONE
01/09/2023 06:43:50:	create file	D:\data\Cycle 192ter\exp_3-16-14\rawdata\sc\TOF_vs_chi_A1_ifg_01Sep0643.dat	 DONE
01/09/2023 06:43:51:	1	TOF	4	time=1200	period=301µ	binwidth=3µ	delay=95µO Det=31734	H Det=5143	Mon Det=130760	Aux Det=96609	O+H=133486	 DONE
01/09/2023 07:03:54:	function generator:  GPIB1::8 stop1 DONE
01/09/2023 07:03:55:	close file and end scan	 DONE
call of TOF_A1.sc DONE
01/09/2023 07:03:56:	create file	D:\data\Cycle 192ter\exp_3-16-14\rawdata\sc\TOF_vs_chi_A1_ifg_01Sep0703.dat	 DONE
room to enter remarks DONE
01/09/2023 07:03:57:	move motor	S18.axis2.phaseshifter 1 to -3.000000deg	 DONE
01/09/2023 07:04:02:	1	count	time	20.000000s/cts	O Det=332	H Det=5053	Mon Det=122904	Aux Det=850	O+H=6235	 DONE
01/09/2023 07:04:25:	move motor	S18.axis2.phaseshifter 1 to -2.800000deg	 DONE
01/09/2023 07:04:29:	2	count	time	20.000000s/cts	O Det=488	H Det=4162	Mon Det=123076	Aux Det=1383	O+H=6033	 DONE
01/09/2023 07:04:52:	move motor	S18.axis2.phaseshifter 1 to -2.600000deg	 DONE
01/09/2023 07:04:56:	3	count	time	20.000000s/cts	O Det=628	H Det=3267	Mon Det=123277	Aux Det=1971	O+H=5866	 DONE
01/09/2023 07:05:18:	move motor	S18.axis2.phaseshifter 1 to -2.400000deg	 DONE
01/09/2023 07:05:23:	4	count	time	20.000000s/cts	O Det=715	H Det=2951	Mon Det=122873	Aux Det=2293	O+H=5959	 DONE
01/09/2023 07:05:46:	move motor	S18.axis2.phaseshifter 1 to -2.200000deg	 DONE
01/09/2023 07:05:50:	5	count	time	20.000000s/cts	O Det=784	H Det=2852	Mon Det=123562	Aux Det=2186	O+H=5822	 DONE
01/09/2023 07:06:13:	move motor	S18.axis2.phaseshifter 1 to -2.000000deg	 DONE
01/09/2023 07:06:17:	6	count	time	20.000000s/cts	O Det=667	H Det=3577	Mon Det=123502	Aux Det=1748	O+H=5992	 DONE
01/09/2023 07:06:39:	move motor	S18.axis2.phaseshifter 1 to -1.800000deg	 DONE
01/09/2023 07:06:44:	7	count	time	20.000000s/cts	O Det=505	H Det=4545	Mon Det=123554	Aux Det=1125	O+H=6175	 DONE
01/09/2023 07:07:06:	move motor	S18.axis2.phaseshifter 1 to -1.600000deg	 DONE
01/09/2023 07:07:10:	8	count	time	20.000000s/cts	O Det=351	H Det=5252	Mon Det=122491	Aux Det=497	O+H=6100	 DONE
01/09/2023 07:07:33:	move motor	S18.axis2.phaseshifter 1 to -1.400000deg	 DONE
01/09/2023 07:07:37:	9	count	time	20.000000s/cts	O Det=239	H Det=5776	Mon Det=123380	Aux Det=260	O+H=6275	 DONE
01/09/2023 07:08:00:	move motor	S18.axis2.phaseshifter 1 to -1.200000deg	 DONE
01/09/2023 07:08:04:	10	count	time	20.000000s/cts	O Det=262	H Det=5413	Mon Det=123929	Aux Det=422	O+H=6097	 DONE
01/09/2023 07:08:27:	move motor	S18.axis2.phaseshifter 1 to -1.000000deg	 DONE
01/09/2023 07:08:31:	11	count	time	20.000000s/cts	O Det=361	H Det=4827	Mon Det=123942	Aux Det=945	O+H=6133	 DONE
01/09/2023 07:08:54:	move motor	S18.axis2.phaseshifter 1 to -0.800000deg	 DONE
01/09/2023 07:08:58:	12	count	time	20.000000s/cts	O Det=474	H Det=4169	Mon Det=123990	Aux Det=1377	O+H=6020	 DONE
01/09/2023 07:09:20:	move motor	S18.axis2.phaseshifter 1 to -0.600000deg	 DONE
01/09/2023 07:09:24:	13	count	time	20.000000s/cts	O Det=640	H Det=3260	Mon Det=123437	Aux Det=2126	O+H=6026	 DONE
01/09/2023 07:09:47:	move motor	S18.axis2.phaseshifter 1 to -0.400000deg	 DONE
01/09/2023 07:09:51:	14	count	time	20.000000s/cts	O Det=732	H Det=2835	Mon Det=123688	Aux Det=2339	O+H=5906	 DONE
01/09/2023 07:10:14:	move motor	S18.axis2.phaseshifter 1 to -0.200000deg	 DONE
01/09/2023 07:10:18:	15	count	time	20.000000s/cts	O Det=767	H Det=2838	Mon Det=123987	Aux Det=2195	O+H=5800	 DONE
01/09/2023 07:10:41:	move motor	S18.axis2.phaseshifter 1 to 0.000000deg	 DONE
01/09/2023 07:10:45:	16	count	time	20.000000s/cts	O Det=727	H Det=3413	Mon Det=122702	Aux Det=1851	O+H=5991	 DONE
01/09/2023 07:11:08:	move motor	S18.axis2.phaseshifter 1 to 0.200000deg	 DONE
01/09/2023 07:11:12:	17	count	time	20.000000s/cts	O Det=507	H Det=4263	Mon Det=122765	Aux Det=1178	O+H=5948	 DONE
01/09/2023 07:11:35:	move motor	S18.axis2.phaseshifter 1 to 0.400000deg	 DONE
01/09/2023 07:11:39:	18	count	time	20.000000s/cts	O Det=369	H Det=5077	Mon Det=123005	Aux Det=630	O+H=6076	 DONE
01/09/2023 07:12:02:	move motor	S18.axis2.phaseshifter 1 to 0.600000deg	 DONE
01/09/2023 07:12:06:	19	count	time	20.000000s/cts	O Det=244	H Det=5553	Mon Det=123075	Aux Det=278	O+H=6075	 DONE
01/09/2023 07:12:28:	move motor	S18.axis2.phaseshifter 1 to 0.800000deg	 DONE
01/09/2023 07:12:33:	20	count	time	20.000000s/cts	O Det=214	H Det=5658	Mon Det=123552	Aux Det=320	O+H=6192	 DONE
01/09/2023 07:12:55:	move motor	S18.axis2.phaseshifter 1 to 1.000000deg	 DONE
01/09/2023 07:12:59:	21	count	time	20.000000s/cts	O Det=298	H Det=4957	Mon Det=124085	Aux Det=786	O+H=6041	 DONE
01/09/2023 07:13:22:	move motor	S18.axis2.phaseshifter 1 to 1.200000deg	 DONE
01/09/2023 07:13:26:	22	count	time	20.000000s/cts	O Det=438	H Det=4150	Mon Det=123554	Aux Det=1403	O+H=5991	 DONE
01/09/2023 07:13:49:	move motor	S18.axis2.phaseshifter 1 to 1.400000deg	 DONE
01/09/2023 07:13:53:	23	count	time	20.000000s/cts	O Det=645	H Det=3359	Mon Det=123841	Aux Det=1968	O+H=5972	 DONE
01/09/2023 07:14:16:	move motor	S18.axis2.phaseshifter 1 to 1.600000deg	 DONE
01/09/2023 07:14:20:	24	count	time	20.000000s/cts	O Det=782	H Det=2745	Mon Det=123342	Aux Det=2280	O+H=5807	 DONE
01/09/2023 07:14:43:	move motor	S18.axis2.phaseshifter 1 to 1.800000deg	 DONE
01/09/2023 07:14:47:	25	count	time	20.000000s/cts	O Det=833	H Det=2717	Mon Det=123558	Aux Det=2261	O+H=5811	 DONE
01/09/2023 07:15:10:	move motor	S18.axis2.phaseshifter 1 to 2.000000deg	 DONE
01/09/2023 07:15:14:	26	count	time	20.000000s/cts	O Det=682	H Det=3386	Mon Det=123296	Aux Det=1787	O+H=5855	 DONE
01/09/2023 07:15:37:	move motor	S18.axis2.phaseshifter 1 to 2.200000deg	 DONE
01/09/2023 07:15:41:	27	count	time	20.000000s/cts	O Det=527	H Det=4433	Mon Det=123700	Aux Det=1136	O+H=6096	 DONE
01/09/2023 07:16:04:	move motor	S18.axis2.phaseshifter 1 to 2.400000deg	 DONE
01/09/2023 07:16:08:	28	count	time	20.000000s/cts	O Det=417	H Det=4879	Mon Det=123271	Aux Det=749	O+H=6045	 DONE
01/09/2023 07:16:31:	move motor	S18.axis2.phaseshifter 1 to 2.600000deg	 DONE
01/09/2023 07:16:35:	29	count	time	20.000000s/cts	O Det=256	H Det=5584	Mon Det=123396	Aux Det=331	O+H=6171	 DONE
01/09/2023 07:16:57:	move motor	S18.axis2.phaseshifter 1 to 2.800000deg	 DONE
01/09/2023 07:17:01:	30	count	time	20.000000s/cts	O Det=202	H Det=5717	Mon Det=123655	Aux Det=294	O+H=6213	 DONE
01/09/2023 07:17:24:	move motor	S18.axis2.phaseshifter 1 to 3.000000deg	 DONE
01/09/2023 07:17:29:	31	count	time	20.000000s/cts	O Det=291	H Det=5112	Mon Det=123446	Aux Det=686	O+H=6089	 DONE
01/09/2023 07:17:51:	close file and end scan	 DONE
call of ifg_20s_3p.sc DONE
01/09/2023 07:17:52:	move motor	S18.axis2.phaseshifter 1 to -0.500000deg	reached -0.50537  DONE
01/09/2023 07:17:57:	function generator:  GPIB1::8 fn1=SIN *am1=1.0 *fr1=10000 *ph1=0 of1=0 bt1=3 DONE
01/09/2023 07:17:58:	function generator:  GPIB1::8 start1 DONE
01/09/2023 07:17:58:	create file	D:\data\Cycle 192ter\exp_3-16-14\rawdata\sc\TOF_vs_chi_A1_ifg_01Sep0717.dat	 DONE
01/09/2023 07:17:59:	1	TOF	4	time=1200	period=301µ	binwidth=3µ	delay=95µO Det=40284	H Det=5112	Mon Det=123446	Aux Det=125694	O+H=171090	 DONE
01/09/2023 07:38:03:	function generator:  GPIB1::8 stop1 DONE
01/09/2023 07:38:03:	close file and end scan	 DONE
call of TOF_A1.sc DONE
01/09/2023 07:38:04:	move motor	S18.axis2.phaseshifter 1 to -0.300000deg	reached -0.29663  DONE
01/09/2023 07:38:07:	function generator:  GPIB1::8 fn1=SIN *am1=1.0 *fr1=10000 *ph1=0 of1=0 bt1=3 DONE
01/09/2023 07:38:08:	function generator:  GPIB1::8 start1 DONE
01/09/2023 07:38:09:	create file	D:\data\Cycle 192ter\exp_3-16-14\rawdata\sc\TOF_vs_chi_A1_ifg_01Sep0738.dat	 DONE
01/09/2023 07:38:09:	1	TOF	4	time=1200	period=301µ	binwidth=3µ	delay=95µO Det=45660	H Det=5112	Mon Det=123446	Aux Det=138056	O+H=188828	 DONE
01/09/2023 07:58:13:	function generator:  GPIB1::8 stop1 DONE
01/09/2023 07:58:14:	close file and end scan	 DONE
call of TOF_A1.sc DONE
01/09/2023 07:58:15:	move motor	S18.axis2.phaseshifter 1 to -0.100000deg	reached -0.10986  DONE
01/09/2023 07:58:18:	function generator:  GPIB1::8 fn1=SIN *am1=1.0 *fr1=10000 *ph1=0 of1=0 bt1=3 DONE
01/09/2023 07:58:19:	function generator:  GPIB1::8 start1 DONE
01/09/2023 07:58:19:	create file	D:\data\Cycle 192ter\exp_3-16-14\rawdata\sc\TOF_vs_chi_A1_ifg_01Sep0758.dat	 DONE
01/09/2023 07:58:20:	1	TOF	4	time=1200	period=301µ	binwidth=3µ	delay=95µO Det=44746	H Det=5112	Mon Det=123446	Aux Det=127049	O+H=176907	 DONE
01/09/2023 08:18:24:	function generator:  GPIB1::8 stop1 DONE
01/09/2023 08:18:25:	close file and end scan	 DONE
call of TOF_A1.sc DONE
01/09/2023 08:18:26:	move motor	S18.axis2.phaseshifter 1 to 0.100000deg	reached 0.09888  DONE
01/09/2023 08:18:29:	function generator:  GPIB1::8 fn1=SIN *am1=1.0 *fr1=10000 *ph1=0 of1=0 bt1=3 DONE
01/09/2023 08:18:30:	function generator:  GPIB1::8 start1 DONE
01/09/2023 08:18:30:	create file	D:\data\Cycle 192ter\exp_3-16-14\rawdata\sc\TOF_vs_chi_A1_ifg_01Sep0818.dat	 DONE
01/09/2023 08:18:31:	1	TOF	4	time=1200	period=301µ	binwidth=3µ	delay=95µO Det=39177	H Det=5112	Mon Det=123446	Aux Det=100387	O+H=144676	 DONE
01/09/2023 08:38:35:	function generator:  GPIB1::8 stop1 DONE
01/09/2023 08:38:35:	close file and end scan	 DONE
call of TOF_A1.sc DONE
01/09/2023 08:38:37:	move motor	S18.axis2.phaseshifter 1 to 0.300000deg	reached 0.27466  DONE
01/09/2023 08:38:40:	function generator:  GPIB1::8 fn1=SIN *am1=1.0 *fr1=10000 *ph1=0 of1=0 bt1=3 DONE
01/09/2023 08:38:40:	function generator:  GPIB1::8 start1 DONE
01/09/2023 08:38:41:	create file	D:\data\Cycle 192ter\exp_3-16-14\rawdata\sc\TOF_vs_chi_A1_ifg_01Sep0838.dat	 DONE
01/09/2023 08:38:42:	1	TOF	4	time=1200	period=301µ	binwidth=3µ	delay=95µO Det=29100	H Det=5112	Mon Det=123446	Aux Det=62198	O+H=96410	 DONE
01/09/2023 08:58:45:	function generator:  GPIB1::8 stop1 DONE
01/09/2023 08:58:46:	close file and end scan	 DONE
call of TOF_A1.sc DONE
01/09/2023 08:58:47:	move motor	S18.axis2.phaseshifter 1 to 0.500000deg	reached 0.49438  DONE
01/09/2023 08:58:50:	function generator:  GPIB1::8 fn1=SIN *am1=1.0 *fr1=10000 *ph1=0 of1=0 bt1=3 DONE
01/09/2023 08:58:51:	function generator:  GPIB1::8 start1 DONE
01/09/2023 08:58:52:	create file	D:\data\Cycle 192ter\exp_3-16-14\rawdata\sc\TOF_vs_chi_A1_ifg_01Sep0858.dat	 DONE
01/09/2023 08:58:52:	1	TOF	4	time=1200	period=301µ	binwidth=3µ	delay=95µO Det=20536	H Det=5112	Mon Det=123446	Aux Det=33897	O+H=59545	 DONE
01/09/2023 09:18:56:	function generator:  GPIB1::8 stop1 DONE
01/09/2023 09:18:57:	close file and end scan	 DONE
call of TOF_A1.sc DONE
01/09/2023 09:18:58:	create file	D:\data\Cycle 192ter\exp_3-16-14\rawdata\sc\TOF_vs_chi_A1_ifg_01Sep0918.dat	 DONE
room to enter remarks DONE
01/09/2023 09:18:59:	move motor	S18.axis2.phaseshifter 1 to -3.000000deg	 DONE
01/09/2023 09:19:04:	1	count	time	20.000000s/cts	O Det=288	H Det=5238	Mon Det=124524	Aux Det=575	O+H=6101	 DONE
01/09/2023 09:19:27:	move motor	S18.axis2.phaseshifter 1 to -2.800000deg	 DONE
01/09/2023 09:19:31:	2	count	time	20.000000s/cts	O Det=449	H Det=4335	Mon Det=125236	Aux Det=1238	O+H=6022	 DONE
01/09/2023 09:19:54:	move motor	S18.axis2.phaseshifter 1 to -2.600000deg	 DONE
01/09/2023 09:19:58:	3	count	time	20.000000s/cts	O Det=612	H Det=3333	Mon Det=125404	Aux Det=1974	O+H=5919	 DONE
01/09/2023 09:20:21:	move motor	S18.axis2.phaseshifter 1 to -2.400000deg	 DONE
01/09/2023 09:20:25:	4	count	time	20.000000s/cts	O Det=750	H Det=2705	Mon Det=124724	Aux Det=2246	O+H=5701	 DONE
01/09/2023 09:20:47:	move motor	S18.axis2.phaseshifter 1 to -2.200000deg	 DONE
01/09/2023 09:20:51:	5	count	time	20.000000s/cts	O Det=810	H Det=2804	Mon Det=125109	Aux Det=2219	O+H=5833	 DONE
01/09/2023 09:21:14:	move motor	S18.axis2.phaseshifter 1 to -2.000000deg	 DONE
01/09/2023 09:21:18:	6	count	time	20.000000s/cts	O Det=641	H Det=3583	Mon Det=125232	Aux Det=1683	O+H=5907	 DONE
01/09/2023 09:21:41:	move motor	S18.axis2.phaseshifter 1 to -1.800000deg	 DONE
01/09/2023 09:21:45:	7	count	time	20.000000s/cts	O Det=494	H Det=4472	Mon Det=124605	Aux Det=1165	O+H=6131	 DONE
01/09/2023 09:22:08:	move motor	S18.axis2.phaseshifter 1 to -1.600000deg	 DONE
01/09/2023 09:22:12:	8	count	time	20.000000s/cts	O Det=375	H Det=5171	Mon Det=125986	Aux Det=625	O+H=6171	 DONE
01/09/2023 09:22:35:	move motor	S18.axis2.phaseshifter 1 to -1.400000deg	 DONE
01/09/2023 09:22:39:	9	count	time	20.000000s/cts	O Det=242	H Det=5701	Mon Det=124836	Aux Det=254	O+H=6197	 DONE
01/09/2023 09:23:01:	move motor	S18.axis2.phaseshifter 1 to -1.200000deg	 DONE
01/09/2023 09:23:05:	10	count	time	20.000000s/cts	O Det=197	H Det=5679	Mon Det=124840	Aux Det=390	O+H=6266	 DONE
01/09/2023 09:23:28:	move motor	S18.axis2.phaseshifter 1 to -1.000000deg	 DONE
01/09/2023 09:23:32:	11	count	time	20.000000s/cts	O Det=360	H Det=4704	Mon Det=124740	Aux Det=974	O+H=6038	 DONE
01/09/2023 09:23:55:	move motor	S18.axis2.phaseshifter 1 to -0.800000deg	 DONE
01/09/2023 09:23:59:	12	count	time	20.000000s/cts	O Det=526	H Det=3914	Mon Det=125205	Aux Det=1603	O+H=6043	 DONE
01/09/2023 09:24:22:	move motor	S18.axis2.phaseshifter 1 to -0.600000deg	 DONE
01/09/2023 09:24:26:	13	count	time	20.000000s/cts	O Det=675	H Det=3207	Mon Det=125079	Aux Det=2069	O+H=5951	 DONE
01/09/2023 09:24:49:	move motor	S18.axis2.phaseshifter 1 to -0.400000deg	 DONE
01/09/2023 09:24:53:	14	count	time	20.000000s/cts	O Det=722	H Det=2690	Mon Det=125775	Aux Det=2342	O+H=5754	 DONE
01/09/2023 09:25:16:	move motor	S18.axis2.phaseshifter 1 to -0.200000deg	 DONE
01/09/2023 09:25:20:	15	count	time	20.000000s/cts	O Det=760	H Det=2889	Mon Det=125509	Aux Det=2309	O+H=5958	 DONE
01/09/2023 09:25:43:	move motor	S18.axis2.phaseshifter 1 to 0.000000deg	 DONE
01/09/2023 09:25:47:	16	count	time	20.000000s/cts	O Det=637	H Det=3672	Mon Det=124624	Aux Det=1637	O+H=5946	 DONE
01/09/2023 09:26:09:	move motor	S18.axis2.phaseshifter 1 to 0.200000deg	 DONE
01/09/2023 09:26:13:	17	count	time	20.000000s/cts	O Det=545	H Det=4309	Mon Det=124760	Aux Det=1155	O+H=6009	 DONE
01/09/2023 09:26:36:	move motor	S18.axis2.phaseshifter 1 to 0.400000deg	 DONE
01/09/2023 09:26:40:	18	count	time	20.000000s/cts	O Det=390	H Det=5045	Mon Det=125439	Aux Det=675	O+H=6110	 DONE
01/09/2023 09:27:03:	move motor	S18.axis2.phaseshifter 1 to 0.600000deg	 DONE
01/09/2023 09:27:07:	19	count	time	20.000000s/cts	O Det=243	H Det=5635	Mon Det=125324	Aux Det=273	O+H=6151	 DONE
01/09/2023 09:27:30:	move motor	S18.axis2.phaseshifter 1 to 0.800000deg	 DONE
01/09/2023 09:27:34:	20	count	time	20.000000s/cts	O Det=235	H Det=5695	Mon Det=125686	Aux Det=346	O+H=6276	 DONE
01/09/2023 09:27:57:	move motor	S18.axis2.phaseshifter 1 to 1.000000deg	 DONE
01/09/2023 09:28:01:	21	count	time	20.000000s/cts	O Det=293	H Det=5315	Mon Det=124285	Aux Det=716	O+H=6324	 DONE
01/09/2023 09:28:24:	move motor	S18.axis2.phaseshifter 1 to 1.200000deg	 DONE
01/09/2023 09:28:28:	22	count	time	20.000000s/cts	O Det=474	H Det=4209	Mon Det=125337	Aux Det=1455	O+H=6138	 DONE
01/09/2023 09:28:51:	move motor	S18.axis2.phaseshifter 1 to 1.400000deg	 DONE
01/09/2023 09:28:55:	23	count	time	20.000000s/cts	O Det=629	H Det=3235	Mon Det=124649	Aux Det=2043	O+H=5907	 DONE
01/09/2023 09:29:17:	move motor	S18.axis2.phaseshifter 1 to 1.600000deg	 DONE
01/09/2023 09:29:21:	24	count	time	20.000000s/cts	O Det=718	H Det=2732	Mon Det=125568	Aux Det=2278	O+H=5728	 DONE
01/09/2023 09:29:44:	move motor	S18.axis2.phaseshifter 1 to 1.800000deg	 DONE
01/09/2023 09:29:48:	25	count	time	20.000000s/cts	O Det=734	H Det=2855	Mon Det=125064	Aux Det=2263	O+H=5852	 DONE
01/09/2023 09:30:11:	move motor	S18.axis2.phaseshifter 1 to 2.000000deg	 DONE
01/09/2023 09:30:15:	26	count	time	20.000000s/cts	O Det=712	H Det=3338	Mon Det=125402	Aux Det=1888	O+H=5938	 DONE
01/09/2023 09:30:38:	move motor	S18.axis2.phaseshifter 1 to 2.200000deg	 DONE
01/09/2023 09:30:42:	27	count	time	20.000000s/cts	O Det=510	H Det=4374	Mon Det=125550	Aux Det=1289	O+H=6173	 DONE
01/09/2023 09:31:05:	move motor	S18.axis2.phaseshifter 1 to 2.400000deg	 DONE
01/09/2023 09:31:09:	28	count	time	20.000000s/cts	O Det=364	H Det=5014	Mon Det=124516	Aux Det=720	O+H=6098	 DONE
01/09/2023 09:31:32:	move motor	S18.axis2.phaseshifter 1 to 2.600000deg	 DONE
01/09/2023 09:31:36:	29	count	time	20.000000s/cts	O Det=282	H Det=5673	Mon Det=124989	Aux Det=327	O+H=6282	 DONE
01/09/2023 09:31:59:	move motor	S18.axis2.phaseshifter 1 to 2.800000deg	 DONE
01/09/2023 09:32:03:	30	count	time	20.000000s/cts	O Det=203	H Det=5904	Mon Det=125525	Aux Det=284	O+H=6391	 DONE
01/09/2023 09:32:26:	move motor	S18.axis2.phaseshifter 1 to 3.000000deg	 DONE
01/09/2023 09:32:30:	31	count	time	20.000000s/cts	O Det=258	H Det=5331	Mon Det=124513	Aux Det=643	O+H=6232	 DONE
01/09/2023 09:32:52:	close file and end scan	 DONE
call of ifg_20s_3p.sc DONE
01/09/2023 09:32:53:	move motor	S18.axis2.phaseshifter 1 to 0.700000deg	reached 0.71411  DONE
01/09/2023 09:32:57:	function generator:  GPIB1::8 fn1=SIN *am1=1.0 *fr1=10000 *ph1=0 of1=0 bt1=3 DONE
01/09/2023 09:32:58:	function generator:  GPIB1::8 start1 DONE
01/09/2023 09:32:59:	create file	D:\data\Cycle 192ter\exp_3-16-14\rawdata\sc\TOF_vs_chi_A1_ifg_01Sep0932.dat	 DONE
01/09/2023 09:32:59:	1	TOF	4	time=1200	period=301µ	binwidth=3µ	delay=95µO Det=14646	H Det=5331	Mon Det=124513	Aux Det=19490	O+H=39467	 DONE
01/09/2023 09:53:03:	function generator:  GPIB1::8 stop1 DONE
01/09/2023 09:53:04:	close file and end scan	 DONE
call of TOF_A1.sc DONE
01/09/2023 09:53:05:	move motor	S18.axis2.phaseshifter 1 to 0.900000deg	reached 0.90088  DONE
01/09/2023 09:53:08:	function generator:  GPIB1::8 fn1=SIN *am1=1.0 *fr1=10000 *ph1=0 of1=0 bt1=3 DONE
01/09/2023 09:53:09:	function generator:  GPIB1::8 start1 DONE
01/09/2023 09:53:10:	create file	D:\data\Cycle 192ter\exp_3-16-14\rawdata\sc\TOF_vs_chi_A1_ifg_01Sep0953.dat	 DONE
01/09/2023 09:53:10:	1	TOF	4	time=1200	period=301µ	binwidth=3µ	delay=95µO Det=15133	H Det=5331	Mon Det=124513	Aux Det=28359	O+H=48823	 DONE
01/09/2023 10:13:14:	function generator:  GPIB1::8 stop1 DONE
01/09/2023 10:13:14:	close file and end scan	 DONE
call of TOF_A1.sc DONE
01/09/2023 10:13:16:	move motor	S18.axis2.phaseshifter 1 to 1.100000deg	reached 1.07666  DONE
01/09/2023 10:13:19:	function generator:  GPIB1::8 fn1=SIN *am1=1.0 *fr1=10000 *ph1=0 of1=0 bt1=3 DONE
01/09/2023 10:13:19:	function generator:  GPIB1::8 start1 DONE
01/09/2023 10:13:20:	create file	D:\data\Cycle 192ter\exp_3-16-14\rawdata\sc\TOF_vs_chi_A1_ifg_01Sep1013.dat	 DONE
01/09/2023 10:13:21:	1	TOF	4	time=1200	period=301µ	binwidth=3µ	delay=95µO Det=21025	H Det=5331	Mon Det=124513	Aux Det=55149	O+H=81505	 DONE
01/09/2023 10:33:24:	function generator:  GPIB1::8 stop1 DONE
01/09/2023 10:33:25:	close file and end scan	 DONE
call of TOF_A1.sc DONE
01/09/2023 10:33:26:	move motor	S18.axis2.phaseshifter 1 to 1.300000deg	reached 1.29639  DONE
01/09/2023 10:33:29:	function generator:  GPIB1::8 fn1=SIN *am1=1.0 *fr1=10000 *ph1=0 of1=0 bt1=3 DONE
01/09/2023 10:33:30:	function generator:  GPIB1::8 start1 DONE
01/09/2023 10:33:31:	create file	D:\data\Cycle 192ter\exp_3-16-14\rawdata\sc\TOF_vs_chi_A1_ifg_01Sep1033.dat	 DONE
01/09/2023 10:33:31:	1	TOF	4	time=1200	period=301µ	binwidth=3µ	delay=95µO Det=30334	H Det=5331	Mon Det=124513	Aux Det=91585	O+H=127250	 DONE
01/09/2023 10:53:35:	function generator:  GPIB1::8 stop1 DONE
01/09/2023 10:53:36:	close file and end scan	 DONE
call of TOF_A1.sc DONE
01/09/2023 10:53:37:	move motor	S18.axis2.phaseshifter 1 to 1.500000deg	reached 1.50513  DONE
01/09/2023 10:53:40:	function generator:  GPIB1::8 fn1=SIN *am1=1.0 *fr1=10000 *ph1=0 of1=0 bt1=3 DONE
01/09/2023 10:53:41:	function generator:  GPIB1::8 start1 DONE
01/09/2023 10:53:41:	create file	D:\data\Cycle 192ter\exp_3-16-14\rawdata\sc\TOF_vs_chi_A1_ifg_01Sep1053.dat	 DONE
01/09/2023 10:53:42:	1	TOF	4	time=1200	period=301µ	binwidth=3µ	delay=95µO Det=39821	H Det=5331	Mon Det=124513	Aux Det=124092	O+H=169244	 DONE
01/09/2023 11:13:46:	function generator:  GPIB1::8 stop1 DONE
01/09/2023 11:13:46:	close file and end scan	 DONE
call of TOF_A1.sc DONE
01/09/2023 11:13:47:	close file and end scan	 DONE
01/09/2023 11:13:48:	END OF SCRIPT	 DONE
