12/09/2023 04:45:02:	start execution of script D:\data\Cycle 192ter\exp_3-16-14\rawdata\sc\TOF_vs_chi_A1_19pt_pi8_1500s.sc	 DONE
12/09/2023 04:45:02:	function generator:  GPIB1::8 fn1=SIN *am1=0.0 *fr1=0 *ph1=0 of1=0 bt1=3 DONE
12/09/2023 04:45:03:	function generator:  GPIB1::8 fn2=SIN *am2=0.0 *fr2=0 *ph2=0 of2=0 bt2=3 DONE
12/09/2023 04:45:04:	move motor	S18.axis2.phaseshifter 1 to -1.500000deg	reached -1.50513  DONE
12/09/2023 04:45:08:	function generator:  GPIB1::8 fn1=SIN *am1=0.74 *fr1=10000 *ph1=0 of1=0 bt1=4 dy1=29.43us DONE
12/09/2023 04:45:09:	function generator:  GPIB1::8 start1 DONE
12/09/2023 04:45:10:	create file	D:\data\Cycle 192ter\exp_3-16-14\rawdata\sc\TOF_vs_chi_A1_19pt_pi8_1500s_12Sep0445.dat	 DONE
12/09/2023 04:45:10:	1	TOF	4	time=1500	period=434µ	binwidth=3µ	delay=95µO Det=2551	H Det=379	Mon Det=29484	Aux Det=3603	O+H=2930	 DONE
12/09/2023 05:10:14:	function generator:  GPIB1::8 stop1 DONE
12/09/2023 05:10:15:	close file and end scan	 DONE
call of TOF_A1_pi8_1500s.sc DONE
12/09/2023 05:10:16:	move motor	S18.axis2.phaseshifter 1 to -1.333333deg	reached -1.34033  DONE
12/09/2023 05:10:19:	function generator:  GPIB1::8 fn1=SIN *am1=0.74 *fr1=10000 *ph1=0 of1=0 bt1=4 dy1=29.43us DONE
12/09/2023 05:10:20:	function generator:  GPIB1::8 start1 DONE
12/09/2023 05:10:21:	create file	D:\data\Cycle 192ter\exp_3-16-14\rawdata\sc\TOF_vs_chi_A1_19pt_pi8_1500s_12Sep0510.dat	 DONE
12/09/2023 05:10:21:	1	TOF	4	time=1500	period=434µ	binwidth=3µ	delay=95µO Det=2480	H Det=379	Mon Det=29484	Aux Det=5563	O+H=2859	 DONE
12/09/2023 05:35:25:	function generator:  GPIB1::8 stop1 DONE
12/09/2023 05:35:26:	close file and end scan	 DONE
call of TOF_A1_pi8_1500s.sc DONE
12/09/2023 05:35:27:	move motor	S18.axis2.phaseshifter 1 to -1.166666deg	reached -1.17554  DONE
12/09/2023 05:35:30:	function generator:  GPIB1::8 fn1=SIN *am1=0.74 *fr1=10000 *ph1=0 of1=0 bt1=4 dy1=29.43us DONE
12/09/2023 05:35:31:	function generator:  GPIB1::8 start1 DONE
12/09/2023 05:35:32:	create file	D:\data\Cycle 192ter\exp_3-16-14\rawdata\sc\TOF_vs_chi_A1_19pt_pi8_1500s_12Sep0535.dat	 DONE
12/09/2023 05:35:32:	1	TOF	4	time=1500	period=434µ	binwidth=3µ	delay=95µO Det=3187	H Det=379	Mon Det=29484	Aux Det=8349	O+H=3566	 DONE
12/09/2023 06:00:36:	function generator:  GPIB1::8 stop1 DONE
12/09/2023 06:00:37:	close file and end scan	 DONE
call of TOF_A1_pi8_1500s.sc DONE
12/09/2023 06:00:38:	move motor	S18.axis2.phaseshifter 1 to -0.999999deg	reached -1.01074  DONE
12/09/2023 06:00:41:	function generator:  GPIB1::8 fn1=SIN *am1=0.74 *fr1=10000 *ph1=0 of1=0 bt1=4 dy1=29.43us DONE
12/09/2023 06:00:42:	function generator:  GPIB1::8 start1 DONE
12/09/2023 06:00:42:	create file	D:\data\Cycle 192ter\exp_3-16-14\rawdata\sc\TOF_vs_chi_A1_19pt_pi8_1500s_12Sep0600.dat	 DONE
12/09/2023 06:00:43:	1	TOF	4	time=1500	period=434µ	binwidth=3µ	delay=95µO Det=4305	H Det=379	Mon Det=29484	Aux Det=11754	O+H=4684	 DONE
12/09/2023 06:25:47:	function generator:  GPIB1::8 stop1 DONE
12/09/2023 06:25:48:	close file and end scan	 DONE
call of TOF_A1_pi8_1500s.sc DONE
12/09/2023 06:25:49:	move motor	S18.axis2.phaseshifter 1 to -0.833332deg	reached -0.84595  DONE
12/09/2023 06:25:52:	function generator:  GPIB1::8 fn1=SIN *am1=0.74 *fr1=10000 *ph1=0 of1=0 bt1=4 dy1=29.43us DONE
12/09/2023 06:25:52:	function generator:  GPIB1::8 start1 DONE
12/09/2023 06:25:53:	create file	D:\data\Cycle 192ter\exp_3-16-14\rawdata\sc\TOF_vs_chi_A1_19pt_pi8_1500s_12Sep0625.dat	 DONE
12/09/2023 06:25:54:	1	TOF	4	time=1500	period=434µ	binwidth=3µ	delay=95µO Det=5563	H Det=379	Mon Det=29484	Aux Det=14604	O+H=5942	 DONE
12/09/2023 06:50:57:	function generator:  GPIB1::8 stop1 DONE
12/09/2023 06:50:58:	close file and end scan	 DONE
call of TOF_A1_pi8_1500s.sc DONE
12/09/2023 06:50:59:	move motor	S18.axis2.phaseshifter 1 to -0.666665deg	reached -0.68115  DONE
12/09/2023 06:51:02:	function generator:  GPIB1::8 fn1=SIN *am1=0.74 *fr1=10000 *ph1=0 of1=0 bt1=4 dy1=29.43us DONE
12/09/2023 06:51:03:	function generator:  GPIB1::8 start1 DONE
12/09/2023 06:51:04:	create file	D:\data\Cycle 192ter\exp_3-16-14\rawdata\sc\TOF_vs_chi_A1_19pt_pi8_1500s_12Sep0651.dat	 DONE
12/09/2023 06:51:05:	1	TOF	4	time=1500	period=434µ	binwidth=3µ	delay=95µO Det=7083	H Det=379	Mon Det=29484	Aux Det=16947	O+H=7462	 DONE
12/09/2023 07:16:08:	function generator:  GPIB1::8 stop1 DONE
12/09/2023 07:16:09:	close file and end scan	 DONE
call of TOF_A1_pi8_1500s.sc DONE
12/09/2023 07:16:10:	move motor	S18.axis2.phaseshifter 1 to -0.499998deg	reached -0.51636  DONE
12/09/2023 07:16:13:	function generator:  GPIB1::8 fn1=SIN *am1=0.74 *fr1=10000 *ph1=0 of1=0 bt1=4 dy1=29.43us DONE
12/09/2023 07:16:14:	function generator:  GPIB1::8 start1 DONE
12/09/2023 07:16:15:	create file	D:\data\Cycle 192ter\exp_3-16-14\rawdata\sc\TOF_vs_chi_A1_19pt_pi8_1500s_12Sep0716.dat	 DONE
12/09/2023 07:16:16:	1	TOF	4	time=1500	period=434µ	binwidth=3µ	delay=95µO Det=8062	H Det=379	Mon Det=29484	Aux Det=17008	O+H=8441	 DONE
12/09/2023 07:41:19:	function generator:  GPIB1::8 stop1 DONE
12/09/2023 07:41:20:	close file and end scan	 DONE
call of TOF_A1_pi8_1500s.sc DONE
12/09/2023 07:41:21:	move motor	S18.axis2.phaseshifter 1 to -0.333331deg	reached -0.32959  DONE
12/09/2023 07:41:24:	function generator:  GPIB1::8 fn1=SIN *am1=0.74 *fr1=10000 *ph1=0 of1=0 bt1=4 dy1=29.43us DONE
12/09/2023 07:41:25:	function generator:  GPIB1::8 start1 DONE
12/09/2023 07:41:26:	create file	D:\data\Cycle 192ter\exp_3-16-14\rawdata\sc\TOF_vs_chi_A1_19pt_pi8_1500s_12Sep0741.dat	 DONE
12/09/2023 07:41:27:	1	TOF	4	time=1500	period=434µ	binwidth=3µ	delay=95µO Det=8264	H Det=379	Mon Det=29484	Aux Det=15362	O+H=8643	 DONE
12/09/2023 08:06:30:	function generator:  GPIB1::8 stop1 DONE
12/09/2023 08:06:31:	close file and end scan	 DONE
call of TOF_A1_pi8_1500s.sc DONE
12/09/2023 08:06:32:	move motor	S18.axis2.phaseshifter 1 to -0.166664deg	reached -0.15381  DONE
12/09/2023 08:06:35:	function generator:  GPIB1::8 fn1=SIN *am1=0.74 *fr1=10000 *ph1=0 of1=0 bt1=4 dy1=29.43us DONE
12/09/2023 08:06:36:	function generator:  GPIB1::8 start1 DONE
12/09/2023 08:06:37:	create file	D:\data\Cycle 192ter\exp_3-16-14\rawdata\sc\TOF_vs_chi_A1_19pt_pi8_1500s_12Sep0806.dat	 DONE
12/09/2023 08:06:37:	1	TOF	4	time=1500	period=434µ	binwidth=3µ	delay=95µO Det=7923	H Det=379	Mon Det=29484	Aux Det=12349	O+H=8302	 DONE
12/09/2023 08:31:44:	function generator:  GPIB1::8 stop1 DONE
12/09/2023 08:31:45:	close file and end scan	 DONE
call of TOF_A1_pi8_1500s.sc DONE
12/09/2023 08:31:46:	move motor	S18.axis2.phaseshifter 1 to 0.000003deg	reached -0.01099  DONE
12/09/2023 08:31:49:	function generator:  GPIB1::8 fn1=SIN *am1=0.74 *fr1=10000 *ph1=0 of1=0 bt1=4 dy1=29.43us DONE
12/09/2023 08:31:50:	function generator:  GPIB1::8 start1 DONE
12/09/2023 08:31:50:	create file	D:\data\Cycle 192ter\exp_3-16-14\rawdata\sc\TOF_vs_chi_A1_19pt_pi8_1500s_12Sep0831.dat	 DONE
12/09/2023 08:31:51:	1	TOF	4	time=1500	period=434µ	binwidth=3µ	delay=95µO Det=6543	H Det=379	Mon Det=29484	Aux Det=8656	O+H=6922	 DONE
12/09/2023 08:56:55:	function generator:  GPIB1::8 stop1 DONE
12/09/2023 08:56:56:	close file and end scan	 DONE
call of TOF_A1_pi8_1500s.sc DONE
12/09/2023 08:56:57:	move motor	S18.axis2.phaseshifter 1 to 0.166670deg	reached 0.16479  DONE
12/09/2023 08:57:00:	function generator:  GPIB1::8 fn1=SIN *am1=0.74 *fr1=10000 *ph1=0 of1=0 bt1=4 dy1=29.43us DONE
12/09/2023 08:57:00:	function generator:  GPIB1::8 start1 DONE
12/09/2023 08:57:01:	create file	D:\data\Cycle 192ter\exp_3-16-14\rawdata\sc\TOF_vs_chi_A1_19pt_pi8_1500s_12Sep0857.dat	 DONE
12/09/2023 08:57:02:	1	TOF	4	time=1500	period=434µ	binwidth=3µ	delay=95µO Det=5163	H Det=379	Mon Det=29484	Aux Det=5693	O+H=5542	 DONE
12/09/2023 09:22:06:	function generator:  GPIB1::8 stop1 DONE
12/09/2023 09:22:07:	close file and end scan	 DONE
call of TOF_A1_pi8_1500s.sc DONE
12/09/2023 09:22:08:	move motor	S18.axis2.phaseshifter 1 to 0.333337deg	reached 0.32959  DONE
12/09/2023 09:22:10:	function generator:  GPIB1::8 fn1=SIN *am1=0.74 *fr1=10000 *ph1=0 of1=0 bt1=4 dy1=29.43us DONE
12/09/2023 09:22:11:	function generator:  GPIB1::8 start1 DONE
12/09/2023 09:22:12:	create file	D:\data\Cycle 192ter\exp_3-16-14\rawdata\sc\TOF_vs_chi_A1_19pt_pi8_1500s_12Sep0922.dat	 DONE
12/09/2023 09:22:13:	1	TOF	4	time=1500	period=434µ	binwidth=3µ	delay=95µO Det=3846	H Det=379	Mon Det=29484	Aux Det=3462	O+H=4225	 DONE
12/09/2023 09:47:16:	function generator:  GPIB1::8 stop1 DONE
12/09/2023 09:47:17:	close file and end scan	 DONE
call of TOF_A1_pi8_1500s.sc DONE
12/09/2023 09:47:19:	move motor	S18.axis2.phaseshifter 1 to 0.500004deg	reached 0.49438  DONE
12/09/2023 09:47:21:	function generator:  GPIB1::8 fn1=SIN *am1=0.74 *fr1=10000 *ph1=0 of1=0 bt1=4 dy1=29.43us DONE
12/09/2023 09:47:22:	function generator:  GPIB1::8 start1 DONE
12/09/2023 09:47:23:	create file	D:\data\Cycle 192ter\exp_3-16-14\rawdata\sc\TOF_vs_chi_A1_19pt_pi8_1500s_12Sep0947.dat	 DONE
12/09/2023 09:47:24:	1	TOF	4	time=1500	period=434µ	binwidth=3µ	delay=95µO Det=2777	H Det=379	Mon Det=29484	Aux Det=3338	O+H=3156	 DONE
12/09/2023 10:12:28:	function generator:  GPIB1::8 stop1 DONE
12/09/2023 10:12:29:	close file and end scan	 DONE
call of TOF_A1_pi8_1500s.sc DONE
12/09/2023 10:12:30:	move motor	S18.axis2.phaseshifter 1 to 0.666671deg	reached 0.67017  DONE
12/09/2023 10:12:32:	function generator:  GPIB1::8 fn1=SIN *am1=0.74 *fr1=10000 *ph1=0 of1=0 bt1=4 dy1=29.43us DONE
12/09/2023 10:12:33:	function generator:  GPIB1::8 start1 DONE
12/09/2023 10:12:34:	create file	D:\data\Cycle 192ter\exp_3-16-14\rawdata\sc\TOF_vs_chi_A1_19pt_pi8_1500s_12Sep1012.dat	 DONE
12/09/2023 10:12:35:	1	TOF	4	time=1500	period=434µ	binwidth=3µ	delay=95µO Det=2618	H Det=379	Mon Det=29484	Aux Det=5165	O+H=2997	 DONE
12/09/2023 10:37:38:	function generator:  GPIB1::8 stop1 DONE
12/09/2023 10:37:39:	close file and end scan	 DONE
call of TOF_A1_pi8_1500s.sc DONE
12/09/2023 10:37:40:	move motor	S18.axis2.phaseshifter 1 to 0.833338deg	reached 0.83496  DONE
12/09/2023 10:37:43:	function generator:  GPIB1::8 fn1=SIN *am1=0.74 *fr1=10000 *ph1=0 of1=0 bt1=4 dy1=29.43us DONE
12/09/2023 10:37:44:	function generator:  GPIB1::8 start1 DONE
12/09/2023 10:37:45:	create file	D:\data\Cycle 192ter\exp_3-16-14\rawdata\sc\TOF_vs_chi_A1_19pt_pi8_1500s_12Sep1037.dat	 DONE
12/09/2023 10:37:46:	1	TOF	4	time=1500	period=434µ	binwidth=3µ	delay=95µO Det=3144	H Det=379	Mon Det=29484	Aux Det=8466	O+H=3523	 DONE
12/09/2023 11:02:49:	function generator:  GPIB1::8 stop1 DONE
12/09/2023 11:02:50:	close file and end scan	 DONE
call of TOF_A1_pi8_1500s.sc DONE
12/09/2023 11:02:51:	move motor	S18.axis2.phaseshifter 1 to 1.000005deg	reached 0.99976  DONE
12/09/2023 11:02:54:	function generator:  GPIB1::8 fn1=SIN *am1=0.74 *fr1=10000 *ph1=0 of1=0 bt1=4 dy1=29.43us DONE
12/09/2023 11:02:55:	function generator:  GPIB1::8 start1 DONE
12/09/2023 11:02:56:	create file	D:\data\Cycle 192ter\exp_3-16-14\rawdata\sc\TOF_vs_chi_A1_19pt_pi8_1500s_12Sep1102.dat	 DONE
12/09/2023 11:02:57:	1	TOF	4	time=1500	period=434µ	binwidth=3µ	delay=95µO Det=4432	H Det=379	Mon Det=29484	Aux Det=12178	O+H=4811	 DONE
12/09/2023 11:28:00:	function generator:  GPIB1::8 stop1 DONE
12/09/2023 11:28:01:	close file and end scan	 DONE
call of TOF_A1_pi8_1500s.sc DONE
12/09/2023 11:28:02:	move motor	S18.axis2.phaseshifter 1 to 1.166672deg	reached 1.15356  DONE
12/09/2023 11:28:05:	function generator:  GPIB1::8 fn1=SIN *am1=0.74 *fr1=10000 *ph1=0 of1=0 bt1=4 dy1=29.43us DONE
12/09/2023 11:28:06:	function generator:  GPIB1::8 start1 DONE
12/09/2023 11:28:07:	create file	D:\data\Cycle 192ter\exp_3-16-14\rawdata\sc\TOF_vs_chi_A1_19pt_pi8_1500s_12Sep1128.dat	 DONE
12/09/2023 11:28:08:	1	TOF	4	time=1500	period=434µ	binwidth=3µ	delay=95µO Det=5722	H Det=379	Mon Det=29484	Aux Det=15323	O+H=6101	 DONE
12/09/2023 11:53:11:	function generator:  GPIB1::8 stop1 DONE
12/09/2023 11:53:12:	close file and end scan	 DONE
call of TOF_A1_pi8_1500s.sc DONE
12/09/2023 11:53:13:	move motor	S18.axis2.phaseshifter 1 to 1.333339deg	reached 1.32935  DONE
12/09/2023 11:53:16:	function generator:  GPIB1::8 fn1=SIN *am1=0.74 *fr1=10000 *ph1=0 of1=0 bt1=4 dy1=29.43us DONE
12/09/2023 11:53:17:	function generator:  GPIB1::8 start1 DONE
12/09/2023 11:53:18:	create file	D:\data\Cycle 192ter\exp_3-16-14\rawdata\sc\TOF_vs_chi_A1_19pt_pi8_1500s_12Sep1153.dat	 DONE
12/09/2023 11:53:18:	1	TOF	4	time=1500	period=434µ	binwidth=3µ	delay=95µO Det=7135	H Det=379	Mon Det=29484	Aux Det=17656	O+H=7514	 DONE
12/09/2023 12:18:22:	function generator:  GPIB1::8 stop1 DONE
12/09/2023 12:18:23:	close file and end scan	 DONE
call of TOF_A1_pi8_1500s.sc DONE
12/09/2023 12:18:24:	move motor	S18.axis2.phaseshifter 1 to 1.500006deg	reached 1.49414  DONE
12/09/2023 12:18:27:	function generator:  GPIB1::8 fn1=SIN *am1=0.74 *fr1=10000 *ph1=0 of1=0 bt1=4 dy1=29.43us DONE
12/09/2023 12:18:28:	function generator:  GPIB1::8 start1 DONE
12/09/2023 12:18:29:	create file	D:\data\Cycle 192ter\exp_3-16-14\rawdata\sc\TOF_vs_chi_A1_19pt_pi8_1500s_12Sep1218.dat	 DONE
12/09/2023 12:18:29:	1	TOF	4	time=1500	period=434µ	binwidth=3µ	delay=95µO Det=8186	H Det=379	Mon Det=29484	Aux Det=17818	O+H=8565	 DONE
12/09/2023 12:43:33:	function generator:  GPIB1::8 stop1 DONE
12/09/2023 12:43:34:	close file and end scan	 DONE
call of TOF_A1_pi8_1500s.sc DONE
12/09/2023 12:43:35:	close file and end scan	 DONE
12/09/2023 12:43:36:	END OF SCRIPT	 DONE
