16/09/2023 14:24:07:	start execution of script D:\data\Cycle 192ter\exp_3-16-14\rawdata\sc\TOF_vs_chi_A1_19pt_pi8_1500s.sc	 DONE
16/09/2023 14:24:08:	function generator:  GPIB1::8 fn1=SIN *am1=0.0 *fr1=0 *ph1=0 of1=0 bt1=3 DONE
16/09/2023 14:24:09:	function generator:  GPIB1::8 fn2=SIN *am2=0.0 *fr2=0 *ph2=0 of2=0 bt2=3 DONE
16/09/2023 14:24:09:	move motor	S18.axis2.phaseshifter 1 to -1.500000deg	reached -1.49414  DONE
16/09/2023 14:24:13:	function generator:  GPIB1::8 fn1=SIN *am1=0.74 *fr1=10000 *ph1=0 of1=0 bt1=4 dy1=29.43us DONE
16/09/2023 14:24:14:	function generator:  GPIB1::8 start1 DONE
16/09/2023 14:24:15:	create file	D:\data\Cycle 192ter\exp_3-16-14\rawdata\sc\TOF_vs_chi_A1_19pt_pi8_1500s_16Sep1424.dat	 DONE
16/09/2023 14:24:15:	1	TOF	4	time=1500	period=434µ	binwidth=3µ	delay=95µO Det=19736	H Det=40	Mon Det=30689	Aux Det=55488	O+H=19776	 DONE
16/09/2023 14:49:19:	function generator:  GPIB1::8 stop1 DONE
16/09/2023 14:49:20:	close file and end scan	 DONE
call of TOF_A1_pi8_1500s.sc DONE
16/09/2023 14:49:21:	move motor	S18.axis2.phaseshifter 1 to -1.333333deg	reached -1.32935  DONE
16/09/2023 14:49:24:	function generator:  GPIB1::8 fn1=SIN *am1=0.74 *fr1=10000 *ph1=0 of1=0 bt1=4 dy1=29.43us DONE
16/09/2023 14:49:25:	function generator:  GPIB1::8 start1 DONE
16/09/2023 14:49:26:	create file	D:\data\Cycle 192ter\exp_3-16-14\rawdata\sc\TOF_vs_chi_A1_19pt_pi8_1500s_16Sep1449.dat	 DONE
16/09/2023 14:49:26:	1	TOF	4	time=1500	period=434µ	binwidth=3µ	delay=95µO Det=28258	H Det=40	Mon Det=30689	Aux Det=84853	O+H=28298	 DONE
16/09/2023 15:14:30:	function generator:  GPIB1::8 stop1 DONE
16/09/2023 15:14:31:	close file and end scan	 DONE
call of TOF_A1_pi8_1500s.sc DONE
16/09/2023 15:14:32:	move motor	S18.axis2.phaseshifter 1 to -1.166666deg	reached -1.17554  DONE
16/09/2023 15:14:35:	function generator:  GPIB1::8 fn1=SIN *am1=0.74 *fr1=10000 *ph1=0 of1=0 bt1=4 dy1=29.43us DONE
16/09/2023 15:14:35:	function generator:  GPIB1::8 start1 DONE
16/09/2023 15:14:36:	create file	D:\data\Cycle 192ter\exp_3-16-14\rawdata\sc\TOF_vs_chi_A1_19pt_pi8_1500s_16Sep1514.dat	 DONE
16/09/2023 15:14:37:	1	TOF	4	time=1500	period=434µ	binwidth=3µ	delay=95µO Det=33231	H Det=40	Mon Det=30689	Aux Det=98148	O+H=33271	 DONE
16/09/2023 15:39:40:	function generator:  GPIB1::8 stop1 DONE
16/09/2023 15:39:41:	close file and end scan	 DONE
call of TOF_A1_pi8_1500s.sc DONE
16/09/2023 15:39:42:	move motor	S18.axis2.phaseshifter 1 to -0.999999deg	reached -0.99976  DONE
16/09/2023 15:39:45:	function generator:  GPIB1::8 fn1=SIN *am1=0.74 *fr1=10000 *ph1=0 of1=0 bt1=4 dy1=29.43us DONE
16/09/2023 15:39:46:	function generator:  GPIB1::8 start1 DONE
16/09/2023 15:39:46:	create file	D:\data\Cycle 192ter\exp_3-16-14\rawdata\sc\TOF_vs_chi_A1_19pt_pi8_1500s_16Sep1539.dat	 DONE
16/09/2023 15:39:47:	1	TOF	4	time=1500	period=434µ	binwidth=3µ	delay=95µO Det=35229	H Det=40	Mon Det=30689	Aux Det=100188	O+H=35269	 DONE
16/09/2023 16:04:50:	function generator:  GPIB1::8 stop1 DONE
16/09/2023 16:04:51:	close file and end scan	 DONE
call of TOF_A1_pi8_1500s.sc DONE
16/09/2023 16:04:52:	move motor	S18.axis2.phaseshifter 1 to -0.833332deg	reached -0.83496  DONE
16/09/2023 16:04:55:	function generator:  GPIB1::8 fn1=SIN *am1=0.74 *fr1=10000 *ph1=0 of1=0 bt1=4 dy1=29.43us DONE
16/09/2023 16:04:56:	function generator:  GPIB1::8 start1 DONE
16/09/2023 16:04:57:	create file	D:\data\Cycle 192ter\exp_3-16-14\rawdata\sc\TOF_vs_chi_A1_19pt_pi8_1500s_16Sep1604.dat	 DONE
16/09/2023 16:04:57:	1	TOF	4	time=1500	period=434µ	binwidth=3µ	delay=95µO Det=33632	H Det=40	Mon Det=30689	Aux Det=92492	O+H=33672	 DONE
16/09/2023 16:30:01:	function generator:  GPIB1::8 stop1 DONE
16/09/2023 16:30:01:	close file and end scan	 DONE
call of TOF_A1_pi8_1500s.sc DONE
16/09/2023 16:30:03:	move motor	S18.axis2.phaseshifter 1 to -0.666665deg	reached -0.68115  DONE
16/09/2023 16:30:06:	function generator:  GPIB1::8 fn1=SIN *am1=0.74 *fr1=10000 *ph1=0 of1=0 bt1=4 dy1=29.43us DONE
16/09/2023 16:30:06:	function generator:  GPIB1::8 start1 DONE
16/09/2023 16:30:07:	create file	D:\data\Cycle 192ter\exp_3-16-14\rawdata\sc\TOF_vs_chi_A1_19pt_pi8_1500s_16Sep1630.dat	 DONE
16/09/2023 16:30:08:	1	TOF	4	time=1500	period=434µ	binwidth=3µ	delay=95µO Det=30039	H Det=40	Mon Det=30689	Aux Det=76719	O+H=30079	 DONE
16/09/2023 16:55:11:	function generator:  GPIB1::8 stop1 DONE
16/09/2023 16:55:12:	close file and end scan	 DONE
call of TOF_A1_pi8_1500s.sc DONE
16/09/2023 16:55:13:	move motor	S18.axis2.phaseshifter 1 to -0.499998deg	reached -0.50537  DONE
16/09/2023 16:55:16:	function generator:  GPIB1::8 fn1=SIN *am1=0.74 *fr1=10000 *ph1=0 of1=0 bt1=4 dy1=29.43us DONE
16/09/2023 16:55:17:	function generator:  GPIB1::8 start1 DONE
16/09/2023 16:55:17:	create file	D:\data\Cycle 192ter\exp_3-16-14\rawdata\sc\TOF_vs_chi_A1_19pt_pi8_1500s_16Sep1655.dat	 DONE
16/09/2023 16:55:18:	1	TOF	4	time=1500	period=434µ	binwidth=3µ	delay=95µO Det=24969	H Det=40	Mon Det=30689	Aux Det=57545	O+H=25009	 DONE
16/09/2023 17:20:22:	function generator:  GPIB1::8 stop1 DONE
16/09/2023 17:20:22:	close file and end scan	 DONE
call of TOF_A1_pi8_1500s.sc DONE
16/09/2023 17:20:23:	move motor	S18.axis2.phaseshifter 1 to -0.333331deg	reached -0.34058  DONE
16/09/2023 17:20:26:	function generator:  GPIB1::8 fn1=SIN *am1=0.74 *fr1=10000 *ph1=0 of1=0 bt1=4 dy1=29.43us DONE
16/09/2023 17:20:27:	function generator:  GPIB1::8 start1 DONE
16/09/2023 17:20:28:	create file	D:\data\Cycle 192ter\exp_3-16-14\rawdata\sc\TOF_vs_chi_A1_19pt_pi8_1500s_16Sep1720.dat	 DONE
16/09/2023 17:20:28:	1	TOF	4	time=1500	period=434µ	binwidth=3µ	delay=95µO Det=19839	H Det=40	Mon Det=30689	Aux Det=42322	O+H=19879	 DONE
16/09/2023 17:45:32:	function generator:  GPIB1::8 stop1 DONE
16/09/2023 17:45:33:	close file and end scan	 DONE
call of TOF_A1_pi8_1500s.sc DONE
16/09/2023 17:45:34:	move motor	S18.axis2.phaseshifter 1 to -0.166664deg	reached -0.16479  DONE
16/09/2023 17:45:37:	function generator:  GPIB1::8 fn1=SIN *am1=0.74 *fr1=10000 *ph1=0 of1=0 bt1=4 dy1=29.43us DONE
16/09/2023 17:45:37:	function generator:  GPIB1::8 start1 DONE
16/09/2023 17:45:38:	create file	D:\data\Cycle 192ter\exp_3-16-14\rawdata\sc\TOF_vs_chi_A1_19pt_pi8_1500s_16Sep1745.dat	 DONE
16/09/2023 17:45:39:	1	TOF	4	time=1500	period=434µ	binwidth=3µ	delay=95µO Det=16207	H Det=40	Mon Det=30689	Aux Det=32654	O+H=16247	 DONE
16/09/2023 18:10:42:	function generator:  GPIB1::8 stop1 DONE
16/09/2023 18:10:43:	close file and end scan	 DONE
call of TOF_A1_pi8_1500s.sc DONE
16/09/2023 18:10:44:	move motor	S18.axis2.phaseshifter 1 to 0.000003deg	reached 0.01099  DONE
16/09/2023 18:10:47:	function generator:  GPIB1::8 fn1=SIN *am1=0.74 *fr1=10000 *ph1=0 of1=0 bt1=4 dy1=29.43us DONE
16/09/2023 18:10:48:	function generator:  GPIB1::8 start1 DONE
16/09/2023 18:10:48:	create file	D:\data\Cycle 192ter\exp_3-16-14\rawdata\sc\TOF_vs_chi_A1_19pt_pi8_1500s_16Sep1810.dat	 DONE
16/09/2023 18:10:49:	1	TOF	4	time=1500	period=434µ	binwidth=3µ	delay=95µO Det=15060	H Det=40	Mon Det=30689	Aux Det=31364	O+H=15100	 DONE
16/09/2023 18:35:53:	function generator:  GPIB1::8 stop1 DONE
16/09/2023 18:35:53:	close file and end scan	 DONE
call of TOF_A1_pi8_1500s.sc DONE
16/09/2023 18:35:55:	move motor	S18.axis2.phaseshifter 1 to 0.166670deg	reached 0.16479  DONE
16/09/2023 18:35:58:	function generator:  GPIB1::8 fn1=SIN *am1=0.74 *fr1=10000 *ph1=0 of1=0 bt1=4 dy1=29.43us DONE
16/09/2023 18:35:58:	function generator:  GPIB1::8 start1 DONE
16/09/2023 18:35:59:	create file	D:\data\Cycle 192ter\exp_3-16-14\rawdata\sc\TOF_vs_chi_A1_19pt_pi8_1500s_16Sep1835.dat	 DONE
16/09/2023 18:35:59:	1	TOF	4	time=1500	period=434µ	binwidth=3µ	delay=95µO Det=16045	H Det=40	Mon Det=30689	Aux Det=37714	O+H=16085	 DONE
16/09/2023 19:01:03:	function generator:  GPIB1::8 stop1 DONE
16/09/2023 19:01:04:	close file and end scan	 DONE
call of TOF_A1_pi8_1500s.sc DONE
16/09/2023 19:01:05:	move motor	S18.axis2.phaseshifter 1 to 0.333337deg	reached 0.34058  DONE
16/09/2023 19:01:08:	function generator:  GPIB1::8 fn1=SIN *am1=0.74 *fr1=10000 *ph1=0 of1=0 bt1=4 dy1=29.43us DONE
16/09/2023 19:01:08:	function generator:  GPIB1::8 start1 DONE
16/09/2023 19:01:09:	create file	D:\data\Cycle 192ter\exp_3-16-14\rawdata\sc\TOF_vs_chi_A1_19pt_pi8_1500s_16Sep1901.dat	 DONE
16/09/2023 19:01:10:	1	TOF	4	time=1500	period=434µ	binwidth=3µ	delay=95µO Det=18832	H Det=40	Mon Det=30689	Aux Det=52387	O+H=18872	 DONE
16/09/2023 19:26:13:	function generator:  GPIB1::8 stop1 DONE
16/09/2023 19:26:14:	close file and end scan	 DONE
call of TOF_A1_pi8_1500s.sc DONE
16/09/2023 19:26:15:	move motor	S18.axis2.phaseshifter 1 to 0.500004deg	reached 0.49438  DONE
16/09/2023 19:26:18:	function generator:  GPIB1::8 fn1=SIN *am1=0.74 *fr1=10000 *ph1=0 of1=0 bt1=4 dy1=29.43us DONE
16/09/2023 19:26:19:	function generator:  GPIB1::8 start1 DONE
16/09/2023 19:26:19:	create file	D:\data\Cycle 192ter\exp_3-16-14\rawdata\sc\TOF_vs_chi_A1_19pt_pi8_1500s_16Sep1926.dat	 DONE
16/09/2023 19:26:20:	1	TOF	4	time=1500	period=434µ	binwidth=3µ	delay=95µO Det=24440	H Det=40	Mon Det=30689	Aux Det=70848	O+H=24480	 DONE
16/09/2023 19:51:24:	function generator:  GPIB1::8 stop1 DONE
16/09/2023 19:51:24:	close file and end scan	 DONE
call of TOF_A1_pi8_1500s.sc DONE
16/09/2023 19:51:25:	move motor	S18.axis2.phaseshifter 1 to 0.666671deg	reached 0.65918  DONE
16/09/2023 19:51:28:	function generator:  GPIB1::8 fn1=SIN *am1=0.74 *fr1=10000 *ph1=0 of1=0 bt1=4 dy1=29.43us DONE
16/09/2023 19:51:29:	function generator:  GPIB1::8 start1 DONE
16/09/2023 19:51:30:	create file	D:\data\Cycle 192ter\exp_3-16-14\rawdata\sc\TOF_vs_chi_A1_19pt_pi8_1500s_16Sep1951.dat	 DONE
16/09/2023 19:51:30:	1	TOF	4	time=1500	period=434µ	binwidth=3µ	delay=95µO Det=28935	H Det=40	Mon Det=30689	Aux Det=86492	O+H=28975	 DONE
16/09/2023 20:16:34:	function generator:  GPIB1::8 stop1 DONE
16/09/2023 20:16:35:	close file and end scan	 DONE
call of TOF_A1_pi8_1500s.sc DONE
16/09/2023 20:16:36:	move motor	S18.axis2.phaseshifter 1 to 0.833338deg	reached 0.83496  DONE
16/09/2023 20:16:39:	function generator:  GPIB1::8 fn1=SIN *am1=0.74 *fr1=10000 *ph1=0 of1=0 bt1=4 dy1=29.43us DONE
16/09/2023 20:16:39:	function generator:  GPIB1::8 start1 DONE
16/09/2023 20:16:40:	create file	D:\data\Cycle 192ter\exp_3-16-14\rawdata\sc\TOF_vs_chi_A1_19pt_pi8_1500s_16Sep2016.dat	 DONE
16/09/2023 20:16:41:	1	TOF	4	time=1500	period=434µ	binwidth=3µ	delay=95µO Det=33153	H Det=40	Mon Det=30689	Aux Det=96929	O+H=33193	 DONE
16/09/2023 20:41:44:	function generator:  GPIB1::8 stop1 DONE
16/09/2023 20:41:45:	close file and end scan	 DONE
call of TOF_A1_pi8_1500s.sc DONE
16/09/2023 20:41:46:	move motor	S18.axis2.phaseshifter 1 to 1.000005deg	reached 0.98877  DONE
16/09/2023 20:41:49:	function generator:  GPIB1::8 fn1=SIN *am1=0.74 *fr1=10000 *ph1=0 of1=0 bt1=4 dy1=29.43us DONE
16/09/2023 20:41:50:	function generator:  GPIB1::8 start1 DONE
16/09/2023 20:41:50:	create file	D:\data\Cycle 192ter\exp_3-16-14\rawdata\sc\TOF_vs_chi_A1_19pt_pi8_1500s_16Sep2041.dat	 DONE
16/09/2023 20:41:51:	1	TOF	4	time=1500	period=434µ	binwidth=3µ	delay=95µO Det=35120	H Det=40	Mon Det=30689	Aux Det=100109	O+H=35160	 DONE
16/09/2023 21:06:55:	function generator:  GPIB1::8 stop1 DONE
16/09/2023 21:06:55:	close file and end scan	 DONE
call of TOF_A1_pi8_1500s.sc DONE
16/09/2023 21:06:56:	move motor	S18.axis2.phaseshifter 1 to 1.166672deg	reached 1.16455  DONE
16/09/2023 21:06:59:	function generator:  GPIB1::8 fn1=SIN *am1=0.74 *fr1=10000 *ph1=0 of1=0 bt1=4 dy1=29.43us DONE
16/09/2023 21:07:00:	function generator:  GPIB1::8 start1 DONE
16/09/2023 21:07:01:	create file	D:\data\Cycle 192ter\exp_3-16-14\rawdata\sc\TOF_vs_chi_A1_19pt_pi8_1500s_16Sep2107.dat	 DONE
16/09/2023 21:07:01:	1	TOF	4	time=1500	period=434µ	binwidth=3µ	delay=95µO Det=34609	H Det=40	Mon Det=30689	Aux Det=94665	O+H=34649	 DONE
16/09/2023 21:32:05:	function generator:  GPIB1::8 stop1 DONE
16/09/2023 21:32:06:	close file and end scan	 DONE
call of TOF_A1_pi8_1500s.sc DONE
16/09/2023 21:32:07:	move motor	S18.axis2.phaseshifter 1 to 1.333339deg	reached 1.31836  DONE
16/09/2023 21:32:10:	function generator:  GPIB1::8 fn1=SIN *am1=0.74 *fr1=10000 *ph1=0 of1=0 bt1=4 dy1=29.43us DONE
16/09/2023 21:32:10:	function generator:  GPIB1::8 start1 DONE
16/09/2023 21:32:11:	create file	D:\data\Cycle 192ter\exp_3-16-14\rawdata\sc\TOF_vs_chi_A1_19pt_pi8_1500s_16Sep2132.dat	 DONE
16/09/2023 21:32:11:	1	TOF	4	time=1500	period=434µ	binwidth=3µ	delay=95µO Det=31620	H Det=40	Mon Det=30689	Aux Det=82550	O+H=31660	 DONE
16/09/2023 21:57:15:	function generator:  GPIB1::8 stop1 DONE
16/09/2023 21:57:16:	close file and end scan	 DONE
call of TOF_A1_pi8_1500s.sc DONE
16/09/2023 21:57:17:	move motor	S18.axis2.phaseshifter 1 to 1.500006deg	reached 1.50513  DONE
16/09/2023 21:57:20:	function generator:  GPIB1::8 fn1=SIN *am1=0.74 *fr1=10000 *ph1=0 of1=0 bt1=4 dy1=29.43us DONE
16/09/2023 21:57:21:	function generator:  GPIB1::8 start1 DONE
16/09/2023 21:57:21:	create file	D:\data\Cycle 192ter\exp_3-16-14\rawdata\sc\TOF_vs_chi_A1_19pt_pi8_1500s_16Sep2157.dat	 DONE
16/09/2023 21:57:22:	1	TOF	4	time=1500	period=434µ	binwidth=3µ	delay=95µO Det=27364	H Det=40	Mon Det=30689	Aux Det=65978	O+H=27404	 DONE
16/09/2023 22:22:26:	function generator:  GPIB1::8 stop1 DONE
16/09/2023 22:22:26:	close file and end scan	 DONE
call of TOF_A1_pi8_1500s.sc DONE
16/09/2023 22:22:27:	close file and end scan	 DONE
16/09/2023 22:22:28:	END OF SCRIPT	 DONE
