19/09/2023 03:06:52:	start execution of script D:\data\Cycle 192ter\exp_3-16-14\rawdata\sc\TOF_vs_chi_S2_19pt_pi4_1500s.sc	 DONE
19/09/2023 03:06:53:	function generator:  GPIB1::8 fn1=SIN *am1=0.0 *fr1=0 *ph1=0 of1=0 bt1=3 DONE
19/09/2023 03:06:53:	function generator:  GPIB1::8 fn2=SIN *am2=0.0 *fr2=0 *ph2=0 of2=0 bt2=3 DONE
19/09/2023 03:06:54:	move motor	S18.axis2.phaseshifter 1 to -1.500000deg	reached -1.50513  DONE
19/09/2023 03:06:58:	function generator:  GPIB1::8 fn2=SIN *am2=2.05 *fr2=10000 *ph2=0 of2=0 bt2=4 dy2=0us DONE
19/09/2023 03:06:59:	function generator:  GPIB1::8 start2 DONE
19/09/2023 03:06:59:	create file	D:\data\Cycle 192ter\exp_3-16-14\rawdata\sc\TOF_vs_chi_S2_19pt_pi4_1500s_19Sep0306.dat	 DONE
19/09/2023 03:07:00:	1	TOF	4	time=1500	period=404µ	binwidth=3µ	delay=95µO Det=6	H Det=110	Mon Det=31552	Aux Det=5	O+H=116	 DONE
19/09/2023 03:32:04:	function generator:  GPIB1::8 stop2 DONE
19/09/2023 03:32:04:	close file and end scan	 DONE
call of TOF_S2_pi4_1500s.sc DONE
19/09/2023 03:32:05:	move motor	S18.axis2.phaseshifter 1 to -1.333333deg	reached -1.32935  DONE
19/09/2023 03:32:08:	function generator:  GPIB1::8 fn2=SIN *am2=2.05 *fr2=10000 *ph2=0 of2=0 bt2=4 dy2=0us DONE
19/09/2023 03:32:09:	function generator:  GPIB1::8 start2 DONE
19/09/2023 03:32:10:	create file	D:\data\Cycle 192ter\exp_3-16-14\rawdata\sc\TOF_vs_chi_S2_19pt_pi4_1500s_19Sep0332.dat	 DONE
19/09/2023 03:32:10:	1	TOF	4	time=1500	period=404µ	binwidth=3µ	delay=95µO Det=9	H Det=110	Mon Det=31552	Aux Det=2	O+H=119	 DONE
19/09/2023 03:57:14:	function generator:  GPIB1::8 stop2 DONE
19/09/2023 03:57:15:	close file and end scan	 DONE
call of TOF_S2_pi4_1500s.sc DONE
19/09/2023 03:57:16:	move motor	S18.axis2.phaseshifter 1 to -1.166666deg	reached -1.16455  DONE
19/09/2023 03:57:19:	function generator:  GPIB1::8 fn2=SIN *am2=2.05 *fr2=10000 *ph2=0 of2=0 bt2=4 dy2=0us DONE
19/09/2023 03:57:20:	function generator:  GPIB1::8 start2 DONE
19/09/2023 03:57:20:	create file	D:\data\Cycle 192ter\exp_3-16-14\rawdata\sc\TOF_vs_chi_S2_19pt_pi4_1500s_19Sep0357.dat	 DONE
19/09/2023 03:57:21:	1	TOF	4	time=1500	period=404µ	binwidth=3µ	delay=95µO Det=7	H Det=110	Mon Det=31552	Aux Det=4	O+H=117	 DONE
19/09/2023 04:22:24:	function generator:  GPIB1::8 stop2 DONE
19/09/2023 04:22:25:	close file and end scan	 DONE
call of TOF_S2_pi4_1500s.sc DONE
19/09/2023 04:22:26:	move motor	S18.axis2.phaseshifter 1 to -0.999999deg	reached -0.99976  DONE
19/09/2023 04:22:29:	function generator:  GPIB1::8 fn2=SIN *am2=2.05 *fr2=10000 *ph2=0 of2=0 bt2=4 dy2=0us DONE
19/09/2023 04:22:30:	function generator:  GPIB1::8 start2 DONE
19/09/2023 04:22:30:	create file	D:\data\Cycle 192ter\exp_3-16-14\rawdata\sc\TOF_vs_chi_S2_19pt_pi4_1500s_19Sep0422.dat	 DONE
19/09/2023 04:22:31:	1	TOF	4	time=1500	period=404µ	binwidth=3µ	delay=95µO Det=14	H Det=110	Mon Det=31552	Aux Det=4	O+H=124	 DONE
19/09/2023 04:47:35:	function generator:  GPIB1::8 stop2 DONE
19/09/2023 04:47:35:	close file and end scan	 DONE
call of TOF_S2_pi4_1500s.sc DONE
19/09/2023 04:47:36:	move motor	S18.axis2.phaseshifter 1 to -0.833332deg	reached -0.84595  DONE
19/09/2023 04:47:39:	function generator:  GPIB1::8 fn2=SIN *am2=2.05 *fr2=10000 *ph2=0 of2=0 bt2=4 dy2=0us DONE
19/09/2023 04:47:40:	function generator:  GPIB1::8 start2 DONE
19/09/2023 04:47:41:	create file	D:\data\Cycle 192ter\exp_3-16-14\rawdata\sc\TOF_vs_chi_S2_19pt_pi4_1500s_19Sep0447.dat	 DONE
19/09/2023 04:47:41:	1	TOF	4	time=1500	period=404µ	binwidth=3µ	delay=95µO Det=14	H Det=110	Mon Det=31552	Aux Det=1	O+H=124	 DONE
19/09/2023 05:12:45:	function generator:  GPIB1::8 stop2 DONE
19/09/2023 05:12:46:	close file and end scan	 DONE
call of TOF_S2_pi4_1500s.sc DONE
19/09/2023 05:12:47:	move motor	S18.axis2.phaseshifter 1 to -0.666665deg	reached -0.67017  DONE
19/09/2023 05:12:50:	function generator:  GPIB1::8 fn2=SIN *am2=2.05 *fr2=10000 *ph2=0 of2=0 bt2=4 dy2=0us DONE
19/09/2023 05:12:51:	function generator:  GPIB1::8 start2 DONE
19/09/2023 05:12:51:	create file	D:\data\Cycle 192ter\exp_3-16-14\rawdata\sc\TOF_vs_chi_S2_19pt_pi4_1500s_19Sep0512.dat	 DONE
19/09/2023 05:12:52:	1	TOF	4	time=1500	period=404µ	binwidth=3µ	delay=95µO Det=4	H Det=110	Mon Det=31552	Aux Det=7	O+H=114	 DONE
19/09/2023 05:37:55:	function generator:  GPIB1::8 stop2 DONE
19/09/2023 05:37:56:	close file and end scan	 DONE
call of TOF_S2_pi4_1500s.sc DONE
19/09/2023 05:37:57:	move motor	S18.axis2.phaseshifter 1 to -0.499998deg	reached -0.49438  DONE
19/09/2023 05:38:00:	function generator:  GPIB1::8 fn2=SIN *am2=2.05 *fr2=10000 *ph2=0 of2=0 bt2=4 dy2=0us DONE
19/09/2023 05:38:01:	function generator:  GPIB1::8 start2 DONE
19/09/2023 05:38:02:	create file	D:\data\Cycle 192ter\exp_3-16-14\rawdata\sc\TOF_vs_chi_S2_19pt_pi4_1500s_19Sep0538.dat	 DONE
19/09/2023 05:38:02:	1	TOF	4	time=1500	period=404µ	binwidth=3µ	delay=95µO Det=4	H Det=110	Mon Det=31552	Aux Det=5	O+H=114	 DONE
19/09/2023 06:03:06:	function generator:  GPIB1::8 stop2 DONE
19/09/2023 06:03:06:	close file and end scan	 DONE
call of TOF_S2_pi4_1500s.sc DONE
19/09/2023 06:03:07:	move motor	S18.axis2.phaseshifter 1 to -0.333331deg	reached -0.32959  DONE
19/09/2023 06:03:11:	function generator:  GPIB1::8 fn2=SIN *am2=2.05 *fr2=10000 *ph2=0 of2=0 bt2=4 dy2=0us DONE
19/09/2023 06:03:11:	function generator:  GPIB1::8 start2 DONE
19/09/2023 06:03:12:	create file	D:\data\Cycle 192ter\exp_3-16-14\rawdata\sc\TOF_vs_chi_S2_19pt_pi4_1500s_19Sep0603.dat	 DONE
19/09/2023 06:03:13:	1	TOF	4	time=1500	period=404µ	binwidth=3µ	delay=95µO Det=6	H Det=110	Mon Det=31552	Aux Det=2	O+H=116	 DONE
19/09/2023 06:28:16:	function generator:  GPIB1::8 stop2 DONE
19/09/2023 06:28:17:	close file and end scan	 DONE
call of TOF_S2_pi4_1500s.sc DONE
19/09/2023 06:28:18:	move motor	S18.axis2.phaseshifter 1 to -0.166664deg	reached -0.16479  DONE
19/09/2023 06:28:21:	function generator:  GPIB1::8 fn2=SIN *am2=2.05 *fr2=10000 *ph2=0 of2=0 bt2=4 dy2=0us DONE
19/09/2023 06:28:22:	function generator:  GPIB1::8 start2 DONE
19/09/2023 06:28:22:	create file	D:\data\Cycle 192ter\exp_3-16-14\rawdata\sc\TOF_vs_chi_S2_19pt_pi4_1500s_19Sep0628.dat	 DONE
19/09/2023 06:28:23:	1	TOF	4	time=1500	period=404µ	binwidth=3µ	delay=95µO Det=8	H Det=110	Mon Det=31552	Aux Det=5	O+H=118	 DONE
19/09/2023 06:53:27:	function generator:  GPIB1::8 stop2 DONE
19/09/2023 06:53:27:	close file and end scan	 DONE
call of TOF_S2_pi4_1500s.sc DONE
19/09/2023 06:53:28:	move motor	S18.axis2.phaseshifter 1 to 0.000003deg	reached 0.01099  DONE
19/09/2023 06:53:31:	function generator:  GPIB1::8 fn2=SIN *am2=2.05 *fr2=10000 *ph2=0 of2=0 bt2=4 dy2=0us DONE
19/09/2023 06:53:32:	function generator:  GPIB1::8 start2 DONE
19/09/2023 06:53:33:	create file	D:\data\Cycle 192ter\exp_3-16-14\rawdata\sc\TOF_vs_chi_S2_19pt_pi4_1500s_19Sep0653.dat	 DONE
19/09/2023 06:53:33:	1	TOF	4	time=1500	period=404µ	binwidth=3µ	delay=95µO Det=8	H Det=110	Mon Det=31552	Aux Det=4	O+H=118	 DONE
19/09/2023 07:18:37:	function generator:  GPIB1::8 stop2 DONE
19/09/2023 07:18:38:	close file and end scan	 DONE
call of TOF_S2_pi4_1500s.sc DONE
19/09/2023 07:18:39:	move motor	S18.axis2.phaseshifter 1 to 0.166670deg	reached 0.16479  DONE
19/09/2023 07:18:42:	function generator:  GPIB1::8 fn2=SIN *am2=2.05 *fr2=10000 *ph2=0 of2=0 bt2=4 dy2=0us DONE
19/09/2023 07:18:43:	function generator:  GPIB1::8 start2 DONE
19/09/2023 07:18:43:	create file	D:\data\Cycle 192ter\exp_3-16-14\rawdata\sc\TOF_vs_chi_S2_19pt_pi4_1500s_19Sep0718.dat	 DONE
19/09/2023 07:18:44:	1	TOF	4	time=1500	period=404µ	binwidth=3µ	delay=95µO Det=6	H Det=110	Mon Det=31552	Aux Det=2	O+H=116	 DONE
19/09/2023 07:43:48:	function generator:  GPIB1::8 stop2 DONE
19/09/2023 07:43:48:	close file and end scan	 DONE
call of TOF_S2_pi4_1500s.sc DONE
19/09/2023 07:43:49:	move motor	S18.axis2.phaseshifter 1 to 0.333337deg	reached 0.31860  DONE
19/09/2023 07:43:52:	function generator:  GPIB1::8 fn2=SIN *am2=2.05 *fr2=10000 *ph2=0 of2=0 bt2=4 dy2=0us DONE
19/09/2023 07:43:53:	function generator:  GPIB1::8 start2 DONE
19/09/2023 07:43:54:	create file	D:\data\Cycle 192ter\exp_3-16-14\rawdata\sc\TOF_vs_chi_S2_19pt_pi4_1500s_19Sep0743.dat	 DONE
19/09/2023 07:43:54:	1	TOF	4	time=1500	period=404µ	binwidth=3µ	delay=95µO Det=7	H Det=110	Mon Det=31552	Aux Det=5	O+H=117	 DONE
19/09/2023 08:08:58:	function generator:  GPIB1::8 stop2 DONE
19/09/2023 08:08:59:	close file and end scan	 DONE
call of TOF_S2_pi4_1500s.sc DONE
19/09/2023 08:09:00:	move motor	S18.axis2.phaseshifter 1 to 0.500004deg	reached 0.50537  DONE
19/09/2023 08:09:03:	function generator:  GPIB1::8 fn2=SIN *am2=2.05 *fr2=10000 *ph2=0 of2=0 bt2=4 dy2=0us DONE
19/09/2023 08:09:04:	function generator:  GPIB1::8 start2 DONE
19/09/2023 08:09:04:	create file	D:\data\Cycle 192ter\exp_3-16-14\rawdata\sc\TOF_vs_chi_S2_19pt_pi4_1500s_19Sep0809.dat	 DONE
19/09/2023 08:09:05:	1	TOF	4	time=1500	period=404µ	binwidth=3µ	delay=95µO Det=11	H Det=110	Mon Det=31552	Aux Det=4	O+H=121	 DONE
19/09/2023 08:34:09:	function generator:  GPIB1::8 stop2 DONE
19/09/2023 08:34:09:	close file and end scan	 DONE
call of TOF_S2_pi4_1500s.sc DONE
19/09/2023 08:34:10:	move motor	S18.axis2.phaseshifter 1 to 0.666671deg	reached 0.67017  DONE
19/09/2023 08:34:13:	function generator:  GPIB1::8 fn2=SIN *am2=2.05 *fr2=10000 *ph2=0 of2=0 bt2=4 dy2=0us DONE
19/09/2023 08:34:14:	function generator:  GPIB1::8 start2 DONE
19/09/2023 08:34:15:	create file	D:\data\Cycle 192ter\exp_3-16-14\rawdata\sc\TOF_vs_chi_S2_19pt_pi4_1500s_19Sep0834.dat	 DONE
19/09/2023 08:34:15:	1	TOF	4	time=1500	period=404µ	binwidth=3µ	delay=95µO Det=11	H Det=110	Mon Det=31552	Aux Det=4	O+H=121	 DONE
19/09/2023 08:59:19:	function generator:  GPIB1::8 stop2 DONE
19/09/2023 08:59:20:	close file and end scan	 DONE
call of TOF_S2_pi4_1500s.sc DONE
19/09/2023 08:59:21:	move motor	S18.axis2.phaseshifter 1 to 0.833338deg	reached 0.84595  DONE
19/09/2023 08:59:24:	function generator:  GPIB1::8 fn2=SIN *am2=2.05 *fr2=10000 *ph2=0 of2=0 bt2=4 dy2=0us DONE
19/09/2023 08:59:24:	function generator:  GPIB1::8 start2 DONE
19/09/2023 08:59:25:	create file	D:\data\Cycle 192ter\exp_3-16-14\rawdata\sc\TOF_vs_chi_S2_19pt_pi4_1500s_19Sep0859.dat	 DONE
19/09/2023 08:59:26:	1	TOF	4	time=1500	period=404µ	binwidth=3µ	delay=95µO Det=7	H Det=110	Mon Det=31552	Aux Det=5	O+H=117	STOPPED BY USER	19/09/2023 09:24:15:	close file and end scan	 DONE
call of TOF_S2_pi4_1500s.sc DONE
19/09/2023 09:24:16:	move motor	S18.axis2.phaseshifter 1 to 1.000005deg	reached 0.99976 STOPPED BY USER	