26/08/2023 11:35:52:	start execution of script D:\data\Cycle 192ter\exp_3-16-14\rawdata\sc\TOF_vs_chi_S2+A1.sc	 DONE
26/08/2023 11:35:53:	function generator:  GPIB1::8 fn1=SIN *am1=0.0 *fr1=0 *ph1=0 of1=0 bt1=3 DONE
26/08/2023 11:35:54:	function generator:  GPIB1::8 fn2=SIN *am2=0.0 *fr2=0 *ph2=0 of2=0 bt2=3 DONE
26/08/2023 11:35:54:	move motor	S18.axis2.phaseshifter 1 to -1.500000deg	reached -1.51611  DONE
26/08/2023 11:35:59:	function generator:  GPIB1::8 fn1=SIN *am1=1.5 *fr1=10000 *ph1=0 of1=0 bt1=4 DONE
26/08/2023 11:36:00:	function generator:  GPIB1::8 fn2=SIN *am2=1.0 *fr2=15000 *ph2=0 of2=0 bt2=6 DONE
26/08/2023 11:36:00:	function generator:  GPIB1::8 start1 DONE
26/08/2023 11:36:01:	function generator:  GPIB1::8 start2 DONE
26/08/2023 11:36:02:	create file	D:\data\Cycle 192ter\exp_3-16-14\rawdata\sc\TOF_vs_chi_S2+A1_26Aug1136.dat	 DONE
26/08/2023 11:36:02:	1	TOF	4	time=1200	period=401µ	binwidth=3µ	delay=95µO Det=35864	H Det=4287	Mon Det=119191	Aux Det=85223	O+H=125374	 DONE
26/08/2023 11:56:06:	function generator:  GPIB1::8 stop1 DONE
26/08/2023 11:56:07:	function generator:  GPIB1::8 stop2 DONE
26/08/2023 11:56:07:	close file and end scan	 DONE
call of TOF_S2+A1.sc DONE
26/08/2023 11:56:08:	move motor	S18.axis2.phaseshifter 1 to -1.300000deg	reached -1.29639  DONE
26/08/2023 11:56:12:	function generator:  GPIB1::8 fn1=SIN *am1=1.5 *fr1=10000 *ph1=0 of1=0 bt1=4 DONE
26/08/2023 11:56:12:	function generator:  GPIB1::8 fn2=SIN *am2=1.0 *fr2=15000 *ph2=0 of2=0 bt2=6 DONE
26/08/2023 11:56:13:	function generator:  GPIB1::8 start1 DONE
26/08/2023 11:56:14:	function generator:  GPIB1::8 start2 DONE
26/08/2023 11:56:14:	create file	D:\data\Cycle 192ter\exp_3-16-14\rawdata\sc\TOF_vs_chi_S2+A1_26Aug1156.dat	 DONE
26/08/2023 11:56:15:	1	TOF	4	time=1200	period=401µ	binwidth=3µ	delay=95µO Det=25486	H Det=4287	Mon Det=119191	Aux Det=52698	O+H=82471	 DONE
26/08/2023 12:16:19:	function generator:  GPIB1::8 stop1 DONE
26/08/2023 12:16:19:	function generator:  GPIB1::8 stop2 DONE
26/08/2023 12:16:20:	close file and end scan	 DONE
call of TOF_S2+A1.sc DONE
26/08/2023 12:16:21:	move motor	S18.axis2.phaseshifter 1 to -1.100000deg	reached -1.10962  DONE
26/08/2023 12:16:24:	function generator:  GPIB1::8 fn1=SIN *am1=1.5 *fr1=10000 *ph1=0 of1=0 bt1=4 DONE
26/08/2023 12:16:25:	function generator:  GPIB1::8 fn2=SIN *am2=1.0 *fr2=15000 *ph2=0 of2=0 bt2=6 DONE
26/08/2023 12:16:26:	function generator:  GPIB1::8 start1 DONE
26/08/2023 12:16:26:	function generator:  GPIB1::8 start2 DONE
26/08/2023 12:16:27:	create file	D:\data\Cycle 192ter\exp_3-16-14\rawdata\sc\TOF_vs_chi_S2+A1_26Aug1216.dat	 DONE
26/08/2023 12:16:28:	1	TOF	4	time=1200	period=401µ	binwidth=3µ	delay=95µO Det=18665	H Det=4287	Mon Det=119191	Aux Det=34942	O+H=57894	 DONE
26/08/2023 12:36:31:	function generator:  GPIB1::8 stop1 DONE
26/08/2023 12:36:32:	function generator:  GPIB1::8 stop2 DONE
26/08/2023 12:36:33:	close file and end scan	 DONE
call of TOF_S2+A1.sc DONE
26/08/2023 12:36:34:	move motor	S18.axis2.phaseshifter 1 to -0.900000deg	reached -0.91187  DONE
26/08/2023 12:36:37:	function generator:  GPIB1::8 fn1=SIN *am1=1.5 *fr1=10000 *ph1=0 of1=0 bt1=4 DONE
26/08/2023 12:36:37:	function generator:  GPIB1::8 fn2=SIN *am2=1.0 *fr2=15000 *ph2=0 of2=0 bt2=6 DONE
26/08/2023 12:36:38:	function generator:  GPIB1::8 start1 DONE
26/08/2023 12:36:39:	function generator:  GPIB1::8 start2 DONE
26/08/2023 12:36:40:	create file	D:\data\Cycle 192ter\exp_3-16-14\rawdata\sc\TOF_vs_chi_S2+A1_26Aug1236.dat	 DONE
26/08/2023 12:36:40:	1	TOF	4	time=1200	period=401µ	binwidth=3µ	delay=95µO Det=15740	H Det=4287	Mon Det=119191	Aux Det=31185	O+H=51212	 DONE
26/08/2023 12:56:44:	function generator:  GPIB1::8 stop1 DONE
26/08/2023 12:56:44:	function generator:  GPIB1::8 stop2 DONE
26/08/2023 12:56:45:	close file and end scan	 DONE
call of TOF_S2+A1.sc DONE
26/08/2023 12:56:46:	move motor	S18.axis2.phaseshifter 1 to -0.700000deg	reached -0.71411  DONE
26/08/2023 12:56:49:	function generator:  GPIB1::8 fn1=SIN *am1=1.5 *fr1=10000 *ph1=0 of1=0 bt1=4 DONE
26/08/2023 12:56:50:	function generator:  GPIB1::8 fn2=SIN *am2=1.0 *fr2=15000 *ph2=0 of2=0 bt2=6 DONE
26/08/2023 12:56:51:	function generator:  GPIB1::8 start1 DONE
26/08/2023 12:56:51:	function generator:  GPIB1::8 start2 DONE
26/08/2023 12:56:52:	create file	D:\data\Cycle 192ter\exp_3-16-14\rawdata\sc\TOF_vs_chi_S2+A1_26Aug1256.dat	 DONE
26/08/2023 12:56:53:	1	TOF	4	time=1200	period=401µ	binwidth=3µ	delay=95µO Det=17264	H Det=4287	Mon Det=119191	Aux Det=42768	O+H=64319	 DONE
26/08/2023 13:16:57:	function generator:  GPIB1::8 stop1 DONE
26/08/2023 13:16:57:	function generator:  GPIB1::8 stop2 DONE
26/08/2023 13:16:58:	close file and end scan	 DONE
call of TOF_S2+A1.sc DONE
26/08/2023 13:16:59:	move motor	S18.axis2.phaseshifter 1 to -0.500000deg	reached -0.50537  DONE
26/08/2023 13:17:02:	function generator:  GPIB1::8 fn1=SIN *am1=1.5 *fr1=10000 *ph1=0 of1=0 bt1=4 DONE
26/08/2023 13:17:03:	function generator:  GPIB1::8 fn2=SIN *am2=1.0 *fr2=15000 *ph2=0 of2=0 bt2=6 DONE
26/08/2023 13:17:03:	function generator:  GPIB1::8 start1 DONE
26/08/2023 13:17:04:	function generator:  GPIB1::8 start2 DONE
26/08/2023 13:17:05:	create file	D:\data\Cycle 192ter\exp_3-16-14\rawdata\sc\TOF_vs_chi_S2+A1_26Aug1317.dat	 DONE
26/08/2023 13:17:05:	1	TOF	4	time=1200	period=401µ	binwidth=3µ	delay=95µO Det=23079	H Det=4287	Mon Det=119191	Aux Det=66281	O+H=93647	 DONE
26/08/2023 13:37:09:	function generator:  GPIB1::8 stop1 DONE
26/08/2023 13:37:10:	function generator:  GPIB1::8 stop2 DONE
26/08/2023 13:37:10:	close file and end scan	 DONE
call of TOF_S2+A1.sc DONE
26/08/2023 13:37:11:	move motor	S18.axis2.phaseshifter 1 to -0.300000deg	reached -0.29663  DONE
26/08/2023 13:37:15:	function generator:  GPIB1::8 fn1=SIN *am1=1.5 *fr1=10000 *ph1=0 of1=0 bt1=4 DONE
26/08/2023 13:37:15:	function generator:  GPIB1::8 fn2=SIN *am2=1.0 *fr2=15000 *ph2=0 of2=0 bt2=6 DONE
26/08/2023 13:37:16:	function generator:  GPIB1::8 start1 DONE
26/08/2023 13:37:17:	function generator:  GPIB1::8 start2 DONE
26/08/2023 13:37:17:	create file	D:\data\Cycle 192ter\exp_3-16-14\rawdata\sc\TOF_vs_chi_S2+A1_26Aug1337.dat	 DONE
26/08/2023 13:37:18:	1	TOF	4	time=1200	period=401µ	binwidth=3µ	delay=95µO Det=31239	H Det=4287	Mon Det=119191	Aux Det=92743	O+H=128269	 DONE
26/08/2023 13:57:22:	function generator:  GPIB1::8 stop1 DONE
26/08/2023 13:57:22:	function generator:  GPIB1::8 stop2 DONE
26/08/2023 13:57:23:	close file and end scan	 DONE
call of TOF_S2+A1.sc DONE
26/08/2023 13:57:24:	move motor	S18.axis2.phaseshifter 1 to -0.100000deg	reached -0.09888  DONE
26/08/2023 13:57:27:	function generator:  GPIB1::8 fn1=SIN *am1=1.5 *fr1=10000 *ph1=0 of1=0 bt1=4 DONE
26/08/2023 13:57:28:	function generator:  GPIB1::8 fn2=SIN *am2=1.0 *fr2=15000 *ph2=0 of2=0 bt2=6 DONE
26/08/2023 13:57:29:	function generator:  GPIB1::8 start1 DONE
26/08/2023 13:57:29:	function generator:  GPIB1::8 start2 DONE
26/08/2023 13:57:30:	create file	D:\data\Cycle 192ter\exp_3-16-14\rawdata\sc\TOF_vs_chi_S2+A1_26Aug1357.dat	 DONE
26/08/2023 13:57:31:	1	TOF	4	time=1200	period=401µ	binwidth=3µ	delay=95µO Det=38385	H Det=4287	Mon Det=119191	Aux Det=114233	O+H=156905	 DONE
26/08/2023 14:17:34:	function generator:  GPIB1::8 stop1 DONE
26/08/2023 14:17:35:	function generator:  GPIB1::8 stop2 DONE
26/08/2023 14:17:36:	close file and end scan	 DONE
call of TOF_S2+A1.sc DONE
26/08/2023 14:17:37:	move motor	S18.axis2.phaseshifter 1 to 0.100000deg	reached 0.09888  DONE
26/08/2023 14:17:40:	function generator:  GPIB1::8 fn1=SIN *am1=1.5 *fr1=10000 *ph1=0 of1=0 bt1=4 DONE
26/08/2023 14:17:40:	function generator:  GPIB1::8 fn2=SIN *am2=1.0 *fr2=15000 *ph2=0 of2=0 bt2=6 DONE
26/08/2023 14:17:41:	function generator:  GPIB1::8 start1 DONE
26/08/2023 14:17:42:	function generator:  GPIB1::8 start2 DONE
26/08/2023 14:17:43:	create file	D:\data\Cycle 192ter\exp_3-16-14\rawdata\sc\TOF_vs_chi_S2+A1_26Aug1417.dat	 DONE
26/08/2023 14:17:43:	1	TOF	4	time=1200	period=401µ	binwidth=3µ	delay=95µO Det=42533	H Det=4287	Mon Det=119191	Aux Det=123709	O+H=170529	 DONE
26/08/2023 14:37:47:	function generator:  GPIB1::8 stop1 DONE
26/08/2023 14:37:47:	function generator:  GPIB1::8 stop2 DONE
26/08/2023 14:37:48:	close file and end scan	 DONE
call of TOF_S2+A1.sc DONE
26/08/2023 14:37:49:	move motor	S18.axis2.phaseshifter 1 to 0.300000deg	reached 0.28564  DONE
26/08/2023 14:37:52:	function generator:  GPIB1::8 fn1=SIN *am1=1.5 *fr1=10000 *ph1=0 of1=0 bt1=4 DONE
26/08/2023 14:37:53:	function generator:  GPIB1::8 fn2=SIN *am2=1.0 *fr2=15000 *ph2=0 of2=0 bt2=6 DONE
26/08/2023 14:37:54:	function generator:  GPIB1::8 start1 DONE
26/08/2023 14:37:55:	function generator:  GPIB1::8 start2 DONE
26/08/2023 14:37:55:	create file	D:\data\Cycle 192ter\exp_3-16-14\rawdata\sc\TOF_vs_chi_S2+A1_26Aug1437.dat	 DONE
26/08/2023 14:37:56:	1	TOF	4	time=1200	period=401µ	binwidth=3µ	delay=95µO Det=42301	H Det=4287	Mon Det=119191	Aux Det=117853	O+H=164441	 DONE
26/08/2023 14:57:59:	function generator:  GPIB1::8 stop1 DONE
26/08/2023 14:58:00:	function generator:  GPIB1::8 stop2 DONE
26/08/2023 14:58:01:	close file and end scan	 DONE
call of TOF_S2+A1.sc DONE
26/08/2023 14:58:02:	move motor	S18.axis2.phaseshifter 1 to 0.500000deg	reached 0.50537  DONE
26/08/2023 14:58:05:	function generator:  GPIB1::8 fn1=SIN *am1=1.5 *fr1=10000 *ph1=0 of1=0 bt1=4 DONE
26/08/2023 14:58:06:	function generator:  GPIB1::8 fn2=SIN *am2=1.0 *fr2=15000 *ph2=0 of2=0 bt2=6 DONE
26/08/2023 14:58:06:	function generator:  GPIB1::8 start1 DONE
26/08/2023 14:58:07:	function generator:  GPIB1::8 start2 DONE
26/08/2023 14:58:08:	create file	D:\data\Cycle 192ter\exp_3-16-14\rawdata\sc\TOF_vs_chi_S2+A1_26Aug1458.dat	 DONE
26/08/2023 14:58:08:	1	TOF	4	time=1200	period=401µ	binwidth=3µ	delay=95µO Det=37697	H Det=4287	Mon Det=119191	Aux Det=97998	O+H=139982	 DONE
26/08/2023 15:18:12:	function generator:  GPIB1::8 stop1 DONE
26/08/2023 15:18:13:	function generator:  GPIB1::8 stop2 DONE
26/08/2023 15:18:14:	close file and end scan	 DONE
call of TOF_S2+A1.sc DONE
26/08/2023 15:18:15:	move motor	S18.axis2.phaseshifter 1 to 0.700000deg	reached 0.70313  DONE
26/08/2023 15:18:18:	function generator:  GPIB1::8 fn1=SIN *am1=1.5 *fr1=10000 *ph1=0 of1=0 bt1=4 DONE
26/08/2023 15:18:19:	function generator:  GPIB1::8 fn2=SIN *am2=1.0 *fr2=15000 *ph2=0 of2=0 bt2=6 DONE
26/08/2023 15:18:19:	function generator:  GPIB1::8 start1 DONE
26/08/2023 15:18:20:	function generator:  GPIB1::8 start2 DONE
26/08/2023 15:18:21:	create file	D:\data\Cycle 192ter\exp_3-16-14\rawdata\sc\TOF_vs_chi_S2+A1_26Aug1518.dat	 DONE
26/08/2023 15:18:21:	1	TOF	4	time=1200	period=401µ	binwidth=3µ	delay=95µO Det=28837	H Det=4287	Mon Det=119191	Aux Det=69462	O+H=102586	 DONE
26/08/2023 15:38:25:	function generator:  GPIB1::8 stop1 DONE
26/08/2023 15:38:26:	function generator:  GPIB1::8 stop2 DONE
26/08/2023 15:38:26:	close file and end scan	 DONE
call of TOF_S2+A1.sc DONE
26/08/2023 15:38:28:	move motor	S18.axis2.phaseshifter 1 to 0.900000deg	reached 0.88989  DONE
26/08/2023 15:38:31:	function generator:  GPIB1::8 fn1=SIN *am1=1.5 *fr1=10000 *ph1=0 of1=0 bt1=4 DONE
26/08/2023 15:38:31:	function generator:  GPIB1::8 fn2=SIN *am2=1.0 *fr2=15000 *ph2=0 of2=0 bt2=6 DONE
26/08/2023 15:38:32:	function generator:  GPIB1::8 start1 DONE
26/08/2023 15:38:33:	function generator:  GPIB1::8 start2 DONE
26/08/2023 15:38:33:	create file	D:\data\Cycle 192ter\exp_3-16-14\rawdata\sc\TOF_vs_chi_S2+A1_26Aug1538.dat	 DONE
26/08/2023 15:38:34:	1	TOF	4	time=1200	period=401µ	binwidth=3µ	delay=95µO Det=21141	H Det=4287	Mon Det=119191	Aux Det=44798	O+H=70226	 DONE
26/08/2023 15:58:38:	function generator:  GPIB1::8 stop1 DONE
26/08/2023 15:58:38:	function generator:  GPIB1::8 stop2 DONE
26/08/2023 15:58:39:	close file and end scan	 DONE
call of TOF_S2+A1.sc DONE
26/08/2023 15:58:40:	move motor	S18.axis2.phaseshifter 1 to 1.100000deg	reached 1.09863  DONE
26/08/2023 15:58:43:	function generator:  GPIB1::8 fn1=SIN *am1=1.5 *fr1=10000 *ph1=0 of1=0 bt1=4 DONE
26/08/2023 15:58:44:	function generator:  GPIB1::8 fn2=SIN *am2=1.0 *fr2=15000 *ph2=0 of2=0 bt2=6 DONE
26/08/2023 15:58:44:	function generator:  GPIB1::8 start1 DONE
26/08/2023 15:58:45:	function generator:  GPIB1::8 start2 DONE
26/08/2023 15:58:46:	create file	D:\data\Cycle 192ter\exp_3-16-14\rawdata\sc\TOF_vs_chi_S2+A1_26Aug1558.dat	 DONE
26/08/2023 15:58:47:	1	TOF	4	time=1200	period=401µ	binwidth=3µ	delay=95µO Det=14941	H Det=4287	Mon Det=119191	Aux Det=29194	O+H=48422	 DONE
26/08/2023 16:18:50:	function generator:  GPIB1::8 stop1 DONE
26/08/2023 16:18:51:	function generator:  GPIB1::8 stop2 DONE
26/08/2023 16:18:52:	close file and end scan	 DONE
call of TOF_S2+A1.sc DONE
26/08/2023 16:18:53:	move motor	S18.axis2.phaseshifter 1 to 1.300000deg	reached 1.29639  DONE
26/08/2023 16:18:56:	function generator:  GPIB1::8 fn1=SIN *am1=1.5 *fr1=10000 *ph1=0 of1=0 bt1=4 DONE
26/08/2023 16:18:57:	function generator:  GPIB1::8 fn2=SIN *am2=1.0 *fr2=15000 *ph2=0 of2=0 bt2=6 DONE
26/08/2023 16:18:57:	function generator:  GPIB1::8 start1 DONE
26/08/2023 16:18:58:	function generator:  GPIB1::8 start2 DONE
26/08/2023 16:18:59:	create file	D:\data\Cycle 192ter\exp_3-16-14\rawdata\sc\TOF_vs_chi_S2+A1_26Aug1618.dat	 DONE
26/08/2023 16:18:59:	1	TOF	4	time=1200	period=401µ	binwidth=3µ	delay=95µO Det=13083	H Det=4287	Mon Det=119191	Aux Det=28359	O+H=45729	 DONE
26/08/2023 16:39:03:	function generator:  GPIB1::8 stop1 DONE
26/08/2023 16:39:04:	function generator:  GPIB1::8 stop2 DONE
26/08/2023 16:39:04:	close file and end scan	 DONE
call of TOF_S2+A1.sc DONE
26/08/2023 16:39:06:	move motor	S18.axis2.phaseshifter 1 to 1.500000deg	reached 1.49414  DONE
26/08/2023 16:39:09:	function generator:  GPIB1::8 fn1=SIN *am1=1.5 *fr1=10000 *ph1=0 of1=0 bt1=4 DONE
26/08/2023 16:39:10:	function generator:  GPIB1::8 fn2=SIN *am2=1.0 *fr2=15000 *ph2=0 of2=0 bt2=6 DONE
26/08/2023 16:39:10:	function generator:  GPIB1::8 start1 DONE
26/08/2023 16:39:11:	function generator:  GPIB1::8 start2 DONE
26/08/2023 16:39:12:	create file	D:\data\Cycle 192ter\exp_3-16-14\rawdata\sc\TOF_vs_chi_S2+A1_26Aug1639.dat	 DONE
26/08/2023 16:39:12:	1	TOF	4	time=1200	period=401µ	binwidth=3µ	delay=95µO Det=16004	H Det=4287	Mon Det=119191	Aux Det=43194	O+H=63485	 DONE
26/08/2023 16:59:16:	function generator:  GPIB1::8 stop1 DONE
26/08/2023 16:59:16:	function generator:  GPIB1::8 stop2 DONE
26/08/2023 16:59:17:	close file and end scan	 DONE
call of TOF_S2+A1.sc DONE
26/08/2023 16:59:18:	close file and end scan	 DONE
26/08/2023 16:59:19:	END OF SCRIPT	 DONE
