13/09/2023 06:02:05:	start execution of script D:\data\Cycle 192ter\exp_3-16-14\rawdata\sc\TOF_vs_chi_S2_19pt_pi16_1500s.sc	 DONE
13/09/2023 06:02:05:	function generator:  GPIB1::8 fn1=SIN *am1=0.0 *fr1=0 *ph1=0 of1=0 bt1=3 DONE
13/09/2023 06:02:06:	function generator:  GPIB1::8 fn2=SIN *am2=0.0 *fr2=0 *ph2=0 of2=0 bt2=3 DONE
13/09/2023 06:02:07:	move motor	S18.axis2.phaseshifter 1 to -1.500000deg	reached -1.50513  DONE
13/09/2023 06:02:11:	function generator:  GPIB1::8 fn2=SIN *am2=1.0 *fr2=10000 *ph2=0 of2=0 bt2=4 dy2=0us DONE
13/09/2023 06:02:12:	function generator:  GPIB1::8 start2 DONE
13/09/2023 06:02:13:	create file	D:\data\Cycle 192ter\exp_3-16-14\rawdata\sc\TOF_vs_chi_S2_19pt_pi16_1500s_13Sep0602.dat	 DONE
13/09/2023 06:02:13:	1	TOF	4	time=1500	period=404µ	binwidth=3µ	delay=95µO Det=15812	H Det=163	Mon Det=32587	Aux Det=36428	O+H=15975	 DONE
13/09/2023 06:27:17:	function generator:  GPIB1::8 stop2 DONE
13/09/2023 06:27:18:	close file and end scan	 DONE
call of TOF_S2_pi8_1500s.sc DONE
13/09/2023 06:27:19:	move motor	S18.axis2.phaseshifter 1 to -1.333333deg	reached -1.32935  DONE
13/09/2023 06:27:22:	function generator:  GPIB1::8 fn2=SIN *am2=1.0 *fr2=10000 *ph2=0 of2=0 bt2=4 dy2=0us DONE
13/09/2023 06:27:23:	function generator:  GPIB1::8 start2 DONE
13/09/2023 06:27:24:	create file	D:\data\Cycle 192ter\exp_3-16-14\rawdata\sc\TOF_vs_chi_S2_19pt_pi16_1500s_13Sep0627.dat	 DONE
13/09/2023 06:27:24:	1	TOF	4	time=1500	period=404µ	binwidth=3µ	delay=95µO Det=23210	H Det=163	Mon Det=32587	Aux Det=73748	O+H=23373	 DONE
13/09/2023 06:52:28:	function generator:  GPIB1::8 stop2 DONE
13/09/2023 06:52:29:	close file and end scan	 DONE
call of TOF_S2_pi8_1500s.sc DONE
13/09/2023 06:52:30:	move motor	S18.axis2.phaseshifter 1 to -1.166666deg	reached -1.16455  DONE
13/09/2023 06:52:33:	function generator:  GPIB1::8 fn2=SIN *am2=1.0 *fr2=10000 *ph2=0 of2=0 bt2=4 dy2=0us DONE
13/09/2023 06:52:34:	function generator:  GPIB1::8 start2 DONE
13/09/2023 06:52:35:	create file	D:\data\Cycle 192ter\exp_3-16-14\rawdata\sc\TOF_vs_chi_S2_19pt_pi16_1500s_13Sep0652.dat	 DONE
13/09/2023 06:52:35:	1	TOF	4	time=1500	period=404µ	binwidth=3µ	delay=95µO Det=33833	H Det=163	Mon Det=32587	Aux Det=112661	O+H=33996	 DONE
13/09/2023 07:17:39:	function generator:  GPIB1::8 stop2 DONE
13/09/2023 07:17:40:	close file and end scan	 DONE
call of TOF_S2_pi8_1500s.sc DONE
13/09/2023 07:17:41:	move motor	S18.axis2.phaseshifter 1 to -0.999999deg	reached -0.98877  DONE
13/09/2023 07:17:44:	function generator:  GPIB1::8 fn2=SIN *am2=1.0 *fr2=10000 *ph2=0 of2=0 bt2=4 dy2=0us DONE
13/09/2023 07:17:45:	function generator:  GPIB1::8 start2 DONE
13/09/2023 07:17:46:	create file	D:\data\Cycle 192ter\exp_3-16-14\rawdata\sc\TOF_vs_chi_S2_19pt_pi16_1500s_13Sep0717.dat	 DONE
13/09/2023 07:17:46:	1	TOF	4	time=1500	period=404µ	binwidth=3µ	delay=95µO Det=45613	H Det=163	Mon Det=32587	Aux Det=148330	O+H=45776	 DONE
13/09/2023 07:42:50:	function generator:  GPIB1::8 stop2 DONE
13/09/2023 07:42:51:	close file and end scan	 DONE
call of TOF_S2_pi8_1500s.sc DONE
13/09/2023 07:42:52:	move motor	S18.axis2.phaseshifter 1 to -0.833332deg	reached -0.83496  DONE
13/09/2023 07:42:55:	function generator:  GPIB1::8 fn2=SIN *am2=1.0 *fr2=10000 *ph2=0 of2=0 bt2=4 dy2=0us DONE
13/09/2023 07:42:56:	function generator:  GPIB1::8 start2 DONE
13/09/2023 07:42:56:	create file	D:\data\Cycle 192ter\exp_3-16-14\rawdata\sc\TOF_vs_chi_S2_19pt_pi16_1500s_13Sep0742.dat	 DONE
13/09/2023 07:42:57:	1	TOF	4	time=1500	period=404µ	binwidth=3µ	delay=95µO Det=56073	H Det=163	Mon Det=32587	Aux Det=173116	O+H=56236	 DONE
13/09/2023 08:08:01:	function generator:  GPIB1::8 stop2 DONE
13/09/2023 08:08:02:	close file and end scan	 DONE
call of TOF_S2_pi8_1500s.sc DONE
13/09/2023 08:08:03:	move motor	S18.axis2.phaseshifter 1 to -0.666665deg	reached -0.68115  DONE
13/09/2023 08:08:06:	function generator:  GPIB1::8 fn2=SIN *am2=1.0 *fr2=10000 *ph2=0 of2=0 bt2=4 dy2=0us DONE
13/09/2023 08:08:06:	function generator:  GPIB1::8 start2 DONE
13/09/2023 08:08:07:	create file	D:\data\Cycle 192ter\exp_3-16-14\rawdata\sc\TOF_vs_chi_S2_19pt_pi16_1500s_13Sep0808.dat	 DONE
13/09/2023 08:08:08:	1	TOF	4	time=1500	period=404µ	binwidth=3µ	delay=95µO Det=62626	H Det=163	Mon Det=32587	Aux Det=180338	O+H=62789	 DONE
13/09/2023 08:33:12:	function generator:  GPIB1::8 stop2 DONE
13/09/2023 08:33:12:	close file and end scan	 DONE
call of TOF_S2_pi8_1500s.sc DONE
13/09/2023 08:33:13:	move motor	S18.axis2.phaseshifter 1 to -0.499998deg	reached -0.50537  DONE
13/09/2023 08:33:16:	function generator:  GPIB1::8 fn2=SIN *am2=1.0 *fr2=10000 *ph2=0 of2=0 bt2=4 dy2=0us DONE
13/09/2023 08:33:17:	function generator:  GPIB1::8 start2 DONE
13/09/2023 08:33:18:	create file	D:\data\Cycle 192ter\exp_3-16-14\rawdata\sc\TOF_vs_chi_S2_19pt_pi16_1500s_13Sep0833.dat	 DONE
13/09/2023 08:33:19:	1	TOF	4	time=1500	period=404µ	binwidth=3µ	delay=95µO Det=62612	H Det=163	Mon Det=32587	Aux Det=168349	O+H=62775	 DONE
13/09/2023 08:58:22:	function generator:  GPIB1::8 stop2 DONE
13/09/2023 08:58:23:	close file and end scan	 DONE
call of TOF_S2_pi8_1500s.sc DONE
13/09/2023 08:58:24:	move motor	S18.axis2.phaseshifter 1 to -0.333331deg	reached -0.31860  DONE
13/09/2023 08:58:27:	function generator:  GPIB1::8 fn2=SIN *am2=1.0 *fr2=10000 *ph2=0 of2=0 bt2=4 dy2=0us DONE
13/09/2023 08:58:28:	function generator:  GPIB1::8 start2 DONE
13/09/2023 08:58:29:	create file	D:\data\Cycle 192ter\exp_3-16-14\rawdata\sc\TOF_vs_chi_S2_19pt_pi16_1500s_13Sep0858.dat	 DONE
13/09/2023 08:58:30:	1	TOF	4	time=1500	period=404µ	binwidth=3µ	delay=95µO Det=56530	H Det=163	Mon Det=32587	Aux Det=134934	O+H=56693	 DONE
13/09/2023 09:23:33:	function generator:  GPIB1::8 stop2 DONE
13/09/2023 09:23:34:	close file and end scan	 DONE
call of TOF_S2_pi8_1500s.sc DONE
13/09/2023 09:23:35:	move motor	S18.axis2.phaseshifter 1 to -0.166664deg	reached -0.16479  DONE
13/09/2023 09:23:38:	function generator:  GPIB1::8 fn2=SIN *am2=1.0 *fr2=10000 *ph2=0 of2=0 bt2=4 dy2=0us DONE
13/09/2023 09:23:39:	function generator:  GPIB1::8 start2 DONE
13/09/2023 09:23:40:	create file	D:\data\Cycle 192ter\exp_3-16-14\rawdata\sc\TOF_vs_chi_S2_19pt_pi16_1500s_13Sep0923.dat	 DONE
13/09/2023 09:23:41:	1	TOF	4	time=1500	period=404µ	binwidth=3µ	delay=95µO Det=39312	H Det=163	Mon Det=32587	Aux Det=78194	O+H=39475	 DONE
13/09/2023 09:48:44:	function generator:  GPIB1::8 stop2 DONE
13/09/2023 09:48:45:	close file and end scan	 DONE
call of TOF_S2_pi8_1500s.sc DONE
13/09/2023 09:48:46:	move motor	S18.axis2.phaseshifter 1 to 0.000003deg	reached 0.00000  DONE
13/09/2023 09:48:49:	function generator:  GPIB1::8 fn2=SIN *am2=1.0 *fr2=10000 *ph2=0 of2=0 bt2=4 dy2=0us DONE
13/09/2023 09:48:50:	function generator:  GPIB1::8 start2 DONE
13/09/2023 09:48:51:	create file	D:\data\Cycle 192ter\exp_3-16-14\rawdata\sc\TOF_vs_chi_S2_19pt_pi16_1500s_13Sep0948.dat	 DONE
13/09/2023 09:48:51:	1	TOF	4	time=1500	period=404µ	binwidth=3µ	delay=95µO Det=29098	H Det=163	Mon Det=32587	Aux Det=46356	O+H=29261	 DONE
13/09/2023 10:13:55:	function generator:  GPIB1::8 stop2 DONE
13/09/2023 10:13:56:	close file and end scan	 DONE
call of TOF_S2_pi8_1500s.sc DONE
13/09/2023 10:13:57:	move motor	S18.axis2.phaseshifter 1 to 0.166670deg	reached 0.17578  DONE
13/09/2023 10:14:00:	function generator:  GPIB1::8 fn2=SIN *am2=1.0 *fr2=10000 *ph2=0 of2=0 bt2=4 dy2=0us DONE
13/09/2023 10:14:01:	function generator:  GPIB1::8 start2 DONE
13/09/2023 10:14:02:	create file	D:\data\Cycle 192ter\exp_3-16-14\rawdata\sc\TOF_vs_chi_S2_19pt_pi16_1500s_13Sep1014.dat	 DONE
13/09/2023 10:14:02:	1	TOF	4	time=1500	period=404µ	binwidth=3µ	delay=95µO Det=18590	H Det=163	Mon Det=32587	Aux Det=23151	O+H=18753	 DONE
13/09/2023 10:39:06:	function generator:  GPIB1::8 stop2 DONE
13/09/2023 10:39:07:	close file and end scan	 DONE
call of TOF_S2_pi8_1500s.sc DONE
13/09/2023 10:39:08:	move motor	S18.axis2.phaseshifter 1 to 0.333337deg	reached 0.31860  DONE
13/09/2023 10:39:11:	function generator:  GPIB1::8 fn2=SIN *am2=1.0 *fr2=10000 *ph2=0 of2=0 bt2=4 dy2=0us DONE
13/09/2023 10:39:12:	function generator:  GPIB1::8 start2 DONE
13/09/2023 10:39:13:	create file	D:\data\Cycle 192ter\exp_3-16-14\rawdata\sc\TOF_vs_chi_S2_19pt_pi16_1500s_13Sep1039.dat	 DONE
13/09/2023 10:39:13:	1	TOF	4	time=1500	period=404µ	binwidth=3µ	delay=95µO Det=12533	H Det=163	Mon Det=32587	Aux Det=16791	O+H=12696	 DONE
13/09/2023 11:04:17:	function generator:  GPIB1::8 stop2 DONE
13/09/2023 11:04:18:	close file and end scan	 DONE
call of TOF_S2_pi8_1500s.sc DONE
13/09/2023 11:04:19:	move motor	S18.axis2.phaseshifter 1 to 0.500004deg	reached 0.50537  DONE
13/09/2023 11:04:22:	function generator:  GPIB1::8 fn2=SIN *am2=1.0 *fr2=10000 *ph2=0 of2=0 bt2=4 dy2=0us DONE
13/09/2023 11:04:23:	function generator:  GPIB1::8 start2 DONE
13/09/2023 11:04:24:	create file	D:\data\Cycle 192ter\exp_3-16-14\rawdata\sc\TOF_vs_chi_S2_19pt_pi16_1500s_13Sep1104.dat	 DONE
13/09/2023 11:04:24:	1	TOF	4	time=1500	period=404µ	binwidth=3µ	delay=95µO Det=10980	H Det=163	Mon Det=32587	Aux Det=24698	O+H=11143	 DONE
13/09/2023 11:29:28:	function generator:  GPIB1::8 stop2 DONE
13/09/2023 11:29:29:	close file and end scan	 DONE
call of TOF_S2_pi8_1500s.sc DONE
13/09/2023 11:29:30:	move motor	S18.axis2.phaseshifter 1 to 0.666671deg	reached 0.67017  DONE
13/09/2023 11:29:33:	function generator:  GPIB1::8 fn2=SIN *am2=1.0 *fr2=10000 *ph2=0 of2=0 bt2=4 dy2=0us DONE
13/09/2023 11:29:34:	function generator:  GPIB1::8 start2 DONE
13/09/2023 11:29:35:	create file	D:\data\Cycle 192ter\exp_3-16-14\rawdata\sc\TOF_vs_chi_S2_19pt_pi16_1500s_13Sep1129.dat	 DONE
13/09/2023 11:29:35:	1	TOF	4	time=1500	period=404µ	binwidth=3µ	delay=95µO Det=14610	H Det=163	Mon Det=32587	Aux Det=48136	O+H=14773	 DONE
13/09/2023 11:54:39:	function generator:  GPIB1::8 stop2 DONE
13/09/2023 11:54:40:	close file and end scan	 DONE
call of TOF_S2_pi8_1500s.sc DONE
13/09/2023 11:54:41:	move motor	S18.axis2.phaseshifter 1 to 0.833338deg	reached 0.82397  DONE
13/09/2023 11:54:44:	function generator:  GPIB1::8 fn2=SIN *am2=1.0 *fr2=10000 *ph2=0 of2=0 bt2=4 dy2=0us DONE
13/09/2023 11:54:45:	function generator:  GPIB1::8 start2 DONE
13/09/2023 11:54:45:	create file	D:\data\Cycle 192ter\exp_3-16-14\rawdata\sc\TOF_vs_chi_S2_19pt_pi16_1500s_13Sep1154.dat	 DONE
13/09/2023 11:54:46:	1	TOF	4	time=1500	period=404µ	binwidth=3µ	delay=95µO Det=23120	H Det=163	Mon Det=32587	Aux Det=80754	O+H=23283	 DONE
13/09/2023 12:19:50:	function generator:  GPIB1::8 stop2 DONE
13/09/2023 12:19:51:	close file and end scan	 DONE
call of TOF_S2_pi8_1500s.sc DONE
13/09/2023 12:19:52:	move motor	S18.axis2.phaseshifter 1 to 1.000005deg	reached 0.99976  DONE
13/09/2023 12:19:55:	function generator:  GPIB1::8 fn2=SIN *am2=1.0 *fr2=10000 *ph2=0 of2=0 bt2=4 dy2=0us DONE
13/09/2023 12:19:55:	function generator:  GPIB1::8 start2 DONE
13/09/2023 12:19:56:	create file	D:\data\Cycle 192ter\exp_3-16-14\rawdata\sc\TOF_vs_chi_S2_19pt_pi16_1500s_13Sep1219.dat	 DONE
13/09/2023 12:19:57:	1	TOF	4	time=1500	period=404µ	binwidth=3µ	delay=95µO Det=34422	H Det=163	Mon Det=32587	Aux Det=115187	O+H=34585	 DONE
13/09/2023 12:45:01:	function generator:  GPIB1::8 stop2 DONE
13/09/2023 12:45:01:	close file and end scan	 DONE
call of TOF_S2_pi8_1500s.sc DONE
13/09/2023 12:45:02:	move motor	S18.axis2.phaseshifter 1 to 1.166672deg	reached 1.16455  DONE
13/09/2023 12:45:05:	function generator:  GPIB1::8 fn2=SIN *am2=1.0 *fr2=10000 *ph2=0 of2=0 bt2=4 dy2=0us DONE
13/09/2023 12:45:06:	function generator:  GPIB1::8 start2 DONE
13/09/2023 12:45:07:	create file	D:\data\Cycle 192ter\exp_3-16-14\rawdata\sc\TOF_vs_chi_S2_19pt_pi16_1500s_13Sep1245.dat	 DONE
13/09/2023 12:45:08:	1	TOF	4	time=1500	period=404µ	binwidth=3µ	delay=95µO Det=50847	H Det=163	Mon Det=32587	Aux Det=161357	O+H=51010	 DONE
13/09/2023 13:10:11:	function generator:  GPIB1::8 stop2 DONE
13/09/2023 13:10:12:	close file and end scan	 DONE
call of TOF_S2_pi8_1500s.sc DONE
13/09/2023 13:10:13:	move motor	S18.axis2.phaseshifter 1 to 1.333339deg	reached 1.31836  DONE
13/09/2023 13:10:16:	function generator:  GPIB1::8 fn2=SIN *am2=1.0 *fr2=10000 *ph2=0 of2=0 bt2=4 dy2=0us DONE
13/09/2023 13:10:17:	function generator:  GPIB1::8 start2 DONE
13/09/2023 13:10:18:	create file	D:\data\Cycle 192ter\exp_3-16-14\rawdata\sc\TOF_vs_chi_S2_19pt_pi16_1500s_13Sep1310.dat	 DONE
13/09/2023 13:10:19:	1	TOF	4	time=1500	period=404µ	binwidth=3µ	delay=95µO Det=60265	H Det=163	Mon Det=32587	Aux Det=177993	O+H=60428	 DONE
13/09/2023 13:35:22:	function generator:  GPIB1::8 stop2 DONE
13/09/2023 13:35:23:	close file and end scan	 DONE
call of TOF_S2_pi8_1500s.sc DONE
13/09/2023 13:35:24:	move motor	S18.axis2.phaseshifter 1 to 1.500006deg	reached 1.50513  DONE
13/09/2023 13:35:27:	function generator:  GPIB1::8 fn2=SIN *am2=1.0 *fr2=10000 *ph2=0 of2=0 bt2=4 dy2=0us DONE
13/09/2023 13:35:28:	function generator:  GPIB1::8 start2 DONE
13/09/2023 13:35:29:	create file	D:\data\Cycle 192ter\exp_3-16-14\rawdata\sc\TOF_vs_chi_S2_19pt_pi16_1500s_13Sep1335.dat	 DONE
13/09/2023 13:35:30:	1	TOF	4	time=1500	period=404µ	binwidth=3µ	delay=95µO Det=62330	H Det=163	Mon Det=32587	Aux Det=171881	O+H=62493	 DONE
13/09/2023 14:00:33:	function generator:  GPIB1::8 stop2 DONE
13/09/2023 14:00:34:	close file and end scan	 DONE
call of TOF_S2_pi8_1500s.sc DONE
13/09/2023 14:00:35:	close file and end scan	 DONE
13/09/2023 14:00:36:	END OF SCRIPT	 DONE
