25/09/2023 16:07:15:	start execution of script D:\data\Cycle 192ter\exp_3-16-14\rawdata\sc\TOF_vs_chi_A1_19pt_pi4_1500s.sc	 DONE
25/09/2023 16:07:16:	function generator:  GPIB1::8 fn1=SIN *am1=0.0 *fr1=0 *ph1=0 of1=0 bt1=3 DONE
25/09/2023 16:07:16:	function generator:  GPIB1::8 fn2=SIN *am2=0.0 *fr2=0 *ph2=0 of2=0 bt2=3 DONE
25/09/2023 16:07:17:	move motor	S18.axis2.phaseshifter 1 to -1.500000deg	reached -1.50513  DONE
25/09/2023 16:07:20:	function generator:  GPIB1::8 fn1=SIN *am1=1.52 *fr1=10000 *ph1=0 of1=0 bt1=4 dy1=29.43us DONE
25/09/2023 16:07:20:	function generator:  GPIB1::8 start1 DONE
25/09/2023 16:07:21:	create file	D:\data\Cycle 192ter\exp_3-16-14\rawdata\sc\TOF_vs_chi_A1_19pt_pi4_1500s_25Sep1607.dat	 DONE
25/09/2023 16:07:21:	1	TOF	4	time=1500	period=434µ	binwidth=3µ	delay=95µO Det=42285	H Det=0	Mon Det=30762	Aux Det=85938	O+H=42285	 DONE
25/09/2023 16:32:25:	function generator:  GPIB1::8 stop1 DONE
25/09/2023 16:32:26:	close file and end scan	 DONE
call of TOF_A1_pi4_1500s.sc DONE
25/09/2023 16:32:27:	move motor	S18.axis2.phaseshifter 1 to -1.333333deg	reached -1.34033  DONE
25/09/2023 16:32:29:	function generator:  GPIB1::8 fn1=SIN *am1=1.52 *fr1=10000 *ph1=0 of1=0 bt1=4 dy1=29.43us DONE
25/09/2023 16:32:30:	function generator:  GPIB1::8 start1 DONE
25/09/2023 16:32:30:	create file	D:\data\Cycle 192ter\exp_3-16-14\rawdata\sc\TOF_vs_chi_A1_19pt_pi4_1500s_25Sep1632.dat	 DONE
25/09/2023 16:32:31:	1	TOF	4	time=1500	period=434µ	binwidth=3µ	delay=95µO Det=30424	H Det=0	Mon Det=30762	Aux Det=45058	O+H=30424	 DONE
25/09/2023 16:57:35:	function generator:  GPIB1::8 stop1 DONE
25/09/2023 16:57:35:	close file and end scan	 DONE
call of TOF_A1_pi4_1500s.sc DONE
25/09/2023 16:57:36:	move motor	S18.axis2.phaseshifter 1 to -1.166666deg	reached -1.17554  DONE
25/09/2023 16:57:39:	function generator:  GPIB1::8 fn1=SIN *am1=1.52 *fr1=10000 *ph1=0 of1=0 bt1=4 dy1=29.43us DONE
25/09/2023 16:57:39:	function generator:  GPIB1::8 start1 DONE
25/09/2023 16:57:40:	create file	D:\data\Cycle 192ter\exp_3-16-14\rawdata\sc\TOF_vs_chi_A1_19pt_pi4_1500s_25Sep1657.dat	 DONE
25/09/2023 16:57:41:	1	TOF	4	time=1500	period=434µ	binwidth=3µ	delay=95µO Det=24874	H Det=0	Mon Det=30762	Aux Det=35779	O+H=24874	 DONE
25/09/2023 17:22:44:	function generator:  GPIB1::8 stop1 DONE
25/09/2023 17:22:45:	close file and end scan	 DONE
call of TOF_A1_pi4_1500s.sc DONE
25/09/2023 17:22:46:	move motor	S18.axis2.phaseshifter 1 to -0.999999deg	reached -1.01074  DONE
25/09/2023 17:22:48:	function generator:  GPIB1::8 fn1=SIN *am1=1.52 *fr1=10000 *ph1=0 of1=0 bt1=4 dy1=29.43us DONE
25/09/2023 17:22:49:	function generator:  GPIB1::8 start1 DONE
25/09/2023 17:22:50:	create file	D:\data\Cycle 192ter\exp_3-16-14\rawdata\sc\TOF_vs_chi_A1_19pt_pi4_1500s_25Sep1722.dat	 DONE
25/09/2023 17:22:50:	1	TOF	4	time=1500	period=434µ	binwidth=3µ	delay=95µO Det=25182	H Det=0	Mon Det=30762	Aux Det=50628	O+H=25182	 DONE
25/09/2023 17:47:54:	function generator:  GPIB1::8 stop1 DONE
25/09/2023 17:47:54:	close file and end scan	 DONE
call of TOF_A1_pi4_1500s.sc DONE
25/09/2023 17:47:55:	move motor	S18.axis2.phaseshifter 1 to -0.833332deg	reached -0.83496  DONE
25/09/2023 17:47:58:	function generator:  GPIB1::8 fn1=SIN *am1=1.52 *fr1=10000 *ph1=0 of1=0 bt1=4 dy1=29.43us DONE
25/09/2023 17:47:59:	function generator:  GPIB1::8 start1 DONE
25/09/2023 17:47:59:	create file	D:\data\Cycle 192ter\exp_3-16-14\rawdata\sc\TOF_vs_chi_A1_19pt_pi4_1500s_25Sep1747.dat	 DONE
25/09/2023 17:48:00:	1	TOF	4	time=1500	period=434µ	binwidth=3µ	delay=95µO Det=30168	H Det=0	Mon Det=30762	Aux Det=81319	O+H=30168	 DONE
25/09/2023 18:13:03:	function generator:  GPIB1::8 stop1 DONE
25/09/2023 18:13:04:	close file and end scan	 DONE
call of TOF_A1_pi4_1500s.sc DONE
25/09/2023 18:13:05:	move motor	S18.axis2.phaseshifter 1 to -0.666665deg	reached -0.67017  DONE
25/09/2023 18:13:07:	function generator:  GPIB1::8 fn1=SIN *am1=1.52 *fr1=10000 *ph1=0 of1=0 bt1=4 dy1=29.43us DONE
25/09/2023 18:13:08:	function generator:  GPIB1::8 start1 DONE
25/09/2023 18:13:09:	create file	D:\data\Cycle 192ter\exp_3-16-14\rawdata\sc\TOF_vs_chi_A1_19pt_pi4_1500s_25Sep1813.dat	 DONE
25/09/2023 18:13:09:	1	TOF	4	time=1500	period=434µ	binwidth=3µ	delay=95µO Det=38905	H Det=0	Mon Det=30762	Aux Det=119434	O+H=38905	 DONE
25/09/2023 18:38:13:	function generator:  GPIB1::8 stop1 DONE
25/09/2023 18:38:13:	close file and end scan	 DONE
call of TOF_A1_pi4_1500s.sc DONE
25/09/2023 18:38:15:	move motor	S18.axis2.phaseshifter 1 to -0.499998deg	reached -0.50537  DONE
25/09/2023 18:38:17:	function generator:  GPIB1::8 fn1=SIN *am1=1.52 *fr1=10000 *ph1=0 of1=0 bt1=4 dy1=29.43us DONE
25/09/2023 18:38:18:	function generator:  GPIB1::8 start1 DONE
25/09/2023 18:38:18:	create file	D:\data\Cycle 192ter\exp_3-16-14\rawdata\sc\TOF_vs_chi_A1_19pt_pi4_1500s_25Sep1838.dat	 DONE
25/09/2023 18:38:19:	1	TOF	4	time=1500	period=434µ	binwidth=3µ	delay=95µO Det=47268	H Det=0	Mon Det=30762	Aux Det=150399	O+H=47268	 DONE
25/09/2023 19:03:22:	function generator:  GPIB1::8 stop1 DONE
25/09/2023 19:03:23:	close file and end scan	 DONE
call of TOF_A1_pi4_1500s.sc DONE
25/09/2023 19:03:24:	move motor	S18.axis2.phaseshifter 1 to -0.333331deg	reached -0.32959  DONE
25/09/2023 19:03:27:	function generator:  GPIB1::8 fn1=SIN *am1=1.52 *fr1=10000 *ph1=0 of1=0 bt1=4 dy1=29.43us DONE
25/09/2023 19:03:27:	function generator:  GPIB1::8 start1 DONE
25/09/2023 19:03:28:	create file	D:\data\Cycle 192ter\exp_3-16-14\rawdata\sc\TOF_vs_chi_A1_19pt_pi4_1500s_25Sep1903.dat	 DONE
25/09/2023 19:03:28:	1	TOF	4	time=1500	period=434µ	binwidth=3µ	delay=95µO Det=53741	H Det=0	Mon Det=30762	Aux Det=170397	O+H=53741	 DONE
25/09/2023 19:28:32:	function generator:  GPIB1::8 stop1 DONE
25/09/2023 19:28:33:	close file and end scan	 DONE
call of TOF_A1_pi4_1500s.sc DONE
25/09/2023 19:28:34:	move motor	S18.axis2.phaseshifter 1 to -0.166664deg	reached -0.16479  DONE
25/09/2023 19:28:36:	function generator:  GPIB1::8 fn1=SIN *am1=1.52 *fr1=10000 *ph1=0 of1=0 bt1=4 dy1=29.43us DONE
25/09/2023 19:28:37:	function generator:  GPIB1::8 start1 DONE
25/09/2023 19:28:37:	create file	D:\data\Cycle 192ter\exp_3-16-14\rawdata\sc\TOF_vs_chi_A1_19pt_pi4_1500s_25Sep1928.dat	 DONE
25/09/2023 19:28:38:	1	TOF	4	time=1500	period=434µ	binwidth=3µ	delay=95µO Det=57034	H Det=0	Mon Det=30762	Aux Det=172411	O+H=57034	 DONE
25/09/2023 19:53:42:	function generator:  GPIB1::8 stop1 DONE
25/09/2023 19:53:42:	close file and end scan	 DONE
call of TOF_A1_pi4_1500s.sc DONE
25/09/2023 19:53:43:	move motor	S18.axis2.phaseshifter 1 to 0.000003deg	reached 0.01099  DONE
25/09/2023 19:53:46:	function generator:  GPIB1::8 fn1=SIN *am1=1.52 *fr1=10000 *ph1=0 of1=0 bt1=4 dy1=29.43us DONE
25/09/2023 19:53:46:	function generator:  GPIB1::8 start1 DONE
25/09/2023 19:53:47:	create file	D:\data\Cycle 192ter\exp_3-16-14\rawdata\sc\TOF_vs_chi_A1_19pt_pi4_1500s_25Sep1953.dat	 DONE
25/09/2023 19:53:48:	1	TOF	4	time=1500	period=434µ	binwidth=3µ	delay=95µO Det=57217	H Det=0	Mon Det=30762	Aux Det=160451	O+H=57217	 DONE
25/09/2023 20:18:51:	function generator:  GPIB1::8 stop1 DONE
25/09/2023 20:18:52:	close file and end scan	 DONE
call of TOF_A1_pi4_1500s.sc DONE
25/09/2023 20:18:53:	move motor	S18.axis2.phaseshifter 1 to 0.166670deg	reached 0.15381  DONE
25/09/2023 20:18:55:	function generator:  GPIB1::8 fn1=SIN *am1=1.52 *fr1=10000 *ph1=0 of1=0 bt1=4 dy1=29.43us DONE
25/09/2023 20:18:56:	function generator:  GPIB1::8 start1 DONE
25/09/2023 20:18:57:	create file	D:\data\Cycle 192ter\exp_3-16-14\rawdata\sc\TOF_vs_chi_A1_19pt_pi4_1500s_25Sep2018.dat	 DONE
25/09/2023 20:18:57:	1	TOF	4	time=1500	period=434µ	binwidth=3µ	delay=95µO Det=52775	H Det=0	Mon Det=30762	Aux Det=133468	O+H=52775	 DONE
25/09/2023 20:44:01:	function generator:  GPIB1::8 stop1 DONE
25/09/2023 20:44:01:	close file and end scan	 DONE
call of TOF_A1_pi4_1500s.sc DONE
25/09/2023 20:44:02:	move motor	S18.axis2.phaseshifter 1 to 0.333337deg	reached 0.32959  DONE
25/09/2023 20:44:05:	function generator:  GPIB1::8 fn1=SIN *am1=1.52 *fr1=10000 *ph1=0 of1=0 bt1=4 dy1=29.43us DONE
25/09/2023 20:44:05:	function generator:  GPIB1::8 start1 DONE
25/09/2023 20:44:06:	create file	D:\data\Cycle 192ter\exp_3-16-14\rawdata\sc\TOF_vs_chi_A1_19pt_pi4_1500s_25Sep2044.dat	 DONE
25/09/2023 20:44:07:	1	TOF	4	time=1500	period=434µ	binwidth=3µ	delay=95µO Det=45228	H Det=0	Mon Det=30762	Aux Det=99872	O+H=45228	 DONE
25/09/2023 21:09:10:	function generator:  GPIB1::8 stop1 DONE
25/09/2023 21:09:11:	close file and end scan	 DONE
call of TOF_A1_pi4_1500s.sc DONE
25/09/2023 21:09:12:	move motor	S18.axis2.phaseshifter 1 to 0.500004deg	reached 0.49438  DONE
25/09/2023 21:09:14:	function generator:  GPIB1::8 fn1=SIN *am1=1.52 *fr1=10000 *ph1=0 of1=0 bt1=4 dy1=29.43us DONE
25/09/2023 21:09:15:	function generator:  GPIB1::8 start1 DONE
25/09/2023 21:09:16:	create file	D:\data\Cycle 192ter\exp_3-16-14\rawdata\sc\TOF_vs_chi_A1_19pt_pi4_1500s_25Sep2109.dat	 DONE
25/09/2023 21:09:16:	1	TOF	4	time=1500	period=434µ	binwidth=3µ	delay=95µO Det=36119	H Det=0	Mon Det=30762	Aux Det=63927	O+H=36119	 DONE
25/09/2023 21:34:20:	function generator:  GPIB1::8 stop1 DONE
25/09/2023 21:34:20:	close file and end scan	 DONE
call of TOF_A1_pi4_1500s.sc DONE
25/09/2023 21:34:21:	move motor	S18.axis2.phaseshifter 1 to 0.666671deg	reached 0.67017  DONE
25/09/2023 21:34:24:	function generator:  GPIB1::8 fn1=SIN *am1=1.52 *fr1=10000 *ph1=0 of1=0 bt1=4 dy1=29.43us DONE
25/09/2023 21:34:25:	function generator:  GPIB1::8 start1 DONE
25/09/2023 21:34:25:	create file	D:\data\Cycle 192ter\exp_3-16-14\rawdata\sc\TOF_vs_chi_A1_19pt_pi4_1500s_25Sep2134.dat	 DONE
25/09/2023 21:34:26:	1	TOF	4	time=1500	period=434µ	binwidth=3µ	delay=95µO Det=28787	H Det=0	Mon Det=30762	Aux Det=41622	O+H=28787	 DONE
25/09/2023 21:59:29:	function generator:  GPIB1::8 stop1 DONE
25/09/2023 21:59:30:	close file and end scan	 DONE
call of TOF_A1_pi4_1500s.sc DONE
25/09/2023 21:59:31:	move motor	S18.axis2.phaseshifter 1 to 0.833338deg	reached 0.83496  DONE
25/09/2023 21:59:34:	function generator:  GPIB1::8 fn1=SIN *am1=1.52 *fr1=10000 *ph1=0 of1=0 bt1=4 dy1=29.43us DONE
25/09/2023 21:59:34:	function generator:  GPIB1::8 start1 DONE
25/09/2023 21:59:35:	create file	D:\data\Cycle 192ter\exp_3-16-14\rawdata\sc\TOF_vs_chi_A1_19pt_pi4_1500s_25Sep2159.dat	 DONE
25/09/2023 21:59:35:	1	TOF	4	time=1500	period=434µ	binwidth=3µ	delay=95µO Det=24386	H Det=0	Mon Det=30762	Aux Det=33352	O+H=24386	 DONE
25/09/2023 22:24:39:	function generator:  GPIB1::8 stop1 DONE
25/09/2023 22:24:40:	close file and end scan	 DONE
call of TOF_A1_pi4_1500s.sc DONE
25/09/2023 22:24:41:	move motor	S18.axis2.phaseshifter 1 to 1.000005deg	reached 0.99976  DONE
25/09/2023 22:24:43:	function generator:  GPIB1::8 fn1=SIN *am1=1.52 *fr1=10000 *ph1=0 of1=0 bt1=4 dy1=29.43us DONE
25/09/2023 22:24:44:	function generator:  GPIB1::8 start1 DONE
25/09/2023 22:24:44:	create file	D:\data\Cycle 192ter\exp_3-16-14\rawdata\sc\TOF_vs_chi_A1_19pt_pi4_1500s_25Sep2224.dat	 DONE
25/09/2023 22:24:45:	1	TOF	4	time=1500	period=434µ	binwidth=3µ	delay=95µO Det=23465	H Det=0	Mon Det=30762	Aux Det=41969	O+H=23465	 DONE
25/09/2023 22:49:49:	function generator:  GPIB1::8 stop1 DONE
25/09/2023 22:49:49:	close file and end scan	 DONE
call of TOF_A1_pi4_1500s.sc DONE
25/09/2023 22:49:50:	move motor	S18.axis2.phaseshifter 1 to 1.166672deg	reached 1.16455  DONE
25/09/2023 22:49:53:	function generator:  GPIB1::8 fn1=SIN *am1=1.52 *fr1=10000 *ph1=0 of1=0 bt1=4 dy1=29.43us DONE
25/09/2023 22:49:53:	function generator:  GPIB1::8 start1 DONE
25/09/2023 22:49:54:	create file	D:\data\Cycle 192ter\exp_3-16-14\rawdata\sc\TOF_vs_chi_A1_19pt_pi4_1500s_25Sep2249.dat	 DONE
25/09/2023 22:49:55:	1	TOF	4	time=1500	period=434µ	binwidth=3µ	delay=95µO Det=26959	H Det=0	Mon Det=30762	Aux Det=64651	O+H=26959	 DONE
25/09/2023 23:14:58:	function generator:  GPIB1::8 stop1 DONE
25/09/2023 23:14:59:	close file and end scan	 DONE
call of TOF_A1_pi4_1500s.sc DONE
25/09/2023 23:15:00:	move motor	S18.axis2.phaseshifter 1 to 1.333339deg	reached 1.32935  DONE
25/09/2023 23:15:02:	function generator:  GPIB1::8 fn1=SIN *am1=1.52 *fr1=10000 *ph1=0 of1=0 bt1=4 dy1=29.43us DONE
25/09/2023 23:15:03:	function generator:  GPIB1::8 start1 DONE
25/09/2023 23:15:04:	create file	D:\data\Cycle 192ter\exp_3-16-14\rawdata\sc\TOF_vs_chi_A1_19pt_pi4_1500s_25Sep2315.dat	 DONE
25/09/2023 23:15:04:	1	TOF	4	time=1500	period=434µ	binwidth=3µ	delay=95µO Det=32981	H Det=0	Mon Det=30762	Aux Det=95401	O+H=32981	 DONE
25/09/2023 23:40:08:	function generator:  GPIB1::8 stop1 DONE
25/09/2023 23:40:08:	close file and end scan	 DONE
call of TOF_A1_pi4_1500s.sc DONE
25/09/2023 23:40:09:	move motor	S18.axis2.phaseshifter 1 to 1.500006deg	reached 1.50513  DONE
25/09/2023 23:40:12:	function generator:  GPIB1::8 fn1=SIN *am1=1.52 *fr1=10000 *ph1=0 of1=0 bt1=4 dy1=29.43us DONE
25/09/2023 23:40:13:	function generator:  GPIB1::8 start1 DONE
25/09/2023 23:40:13:	create file	D:\data\Cycle 192ter\exp_3-16-14\rawdata\sc\TOF_vs_chi_A1_19pt_pi4_1500s_25Sep2340.dat	 DONE
25/09/2023 23:40:14:	1	TOF	4	time=1500	period=434µ	binwidth=3µ	delay=95µO Det=41702	H Det=0	Mon Det=30762	Aux Det=131292	O+H=41702	 DONE
26/09/2023 00:05:17:	function generator:  GPIB1::8 stop1 DONE
26/09/2023 00:05:18:	close file and end scan	 DONE
call of TOF_A1_pi4_1500s.sc DONE
26/09/2023 00:05:19:	close file and end scan	 DONE
26/09/2023 00:05:19:	END OF SCRIPT	 DONE
