11/09/2023 19:28:00:	start execution of script D:\data\Cycle 192ter\exp_3-16-14\rawdata\sc\TOF_vs_chi_S2_19pt_pi8_1500s.sc	 DONE
11/09/2023 19:28:01:	function generator:  GPIB1::8 fn1=SIN *am1=0.0 *fr1=0 *ph1=0 of1=0 bt1=3 DONE
11/09/2023 19:28:02:	function generator:  GPIB1::8 fn2=SIN *am2=0.0 *fr2=0 *ph2=0 of2=0 bt2=3 DONE
11/09/2023 19:28:03:	move motor	S18.axis2.phaseshifter 1 to -1.500000deg	reached -1.49414  DONE
11/09/2023 19:28:06:	function generator:  GPIB1::8 fn2=SIN *am2=1.34 *fr2=10000 *ph2=0 of2=0 bt2=4 dy2=0us DONE
11/09/2023 19:28:07:	function generator:  GPIB1::8 start2 DONE
11/09/2023 19:28:08:	create file	D:\data\Cycle 192ter\exp_3-16-14\rawdata\sc\TOF_vs_chi_S2_19pt_pi8_1500s_11Sep1928.dat	 DONE
11/09/2023 19:28:08:	1	TOF	4	time=1500	period=404µ	binwidth=3µ	delay=95µO Det=2603	H Det=379	Mon Det=29484	Aux Det=4887	O+H=2982	 DONE
11/09/2023 19:53:12:	function generator:  GPIB1::8 stop2 DONE
11/09/2023 19:53:13:	close file and end scan	 DONE
call of TOF_S2_pi8_1500s.sc DONE
11/09/2023 19:53:14:	move motor	S18.axis2.phaseshifter 1 to -1.333333deg	reached -1.32935  DONE
11/09/2023 19:53:17:	function generator:  GPIB1::8 fn2=SIN *am2=1.34 *fr2=10000 *ph2=0 of2=0 bt2=4 dy2=0us DONE
11/09/2023 19:53:18:	function generator:  GPIB1::8 start2 DONE
11/09/2023 19:53:19:	create file	D:\data\Cycle 192ter\exp_3-16-14\rawdata\sc\TOF_vs_chi_S2_19pt_pi8_1500s_11Sep1953.dat	 DONE
11/09/2023 19:53:19:	1	TOF	4	time=1500	period=404µ	binwidth=3µ	delay=95µO Det=3131	H Det=379	Mon Det=29484	Aux Det=7456	O+H=3510	 DONE
11/09/2023 20:18:23:	function generator:  GPIB1::8 stop2 DONE
11/09/2023 20:18:24:	close file and end scan	 DONE
call of TOF_S2_pi8_1500s.sc DONE
11/09/2023 20:18:25:	move motor	S18.axis2.phaseshifter 1 to -1.166666deg	reached -1.17554  DONE
11/09/2023 20:18:28:	function generator:  GPIB1::8 fn2=SIN *am2=1.34 *fr2=10000 *ph2=0 of2=0 bt2=4 dy2=0us DONE
11/09/2023 20:18:29:	function generator:  GPIB1::8 start2 DONE
11/09/2023 20:18:30:	create file	D:\data\Cycle 192ter\exp_3-16-14\rawdata\sc\TOF_vs_chi_S2_19pt_pi8_1500s_11Sep2018.dat	 DONE
11/09/2023 20:18:30:	1	TOF	4	time=1500	period=404µ	binwidth=3µ	delay=95µO Det=3203	H Det=379	Mon Det=29484	Aux Det=8417	O+H=3582	STOPPED BY USER	