29/09/2023 04:42:56:	start execution of script D:\data\Cycle 192ter\exp_3-16-14\rawdata\sc\TOF_vs_chi_S2_19pt_pi4_1500s.sc	 DONE
29/09/2023 04:42:57:	function generator:  GPIB1::8 fn1=SIN *am1=0.0 *fr1=0 *ph1=0 of1=0 bt1=3 DONE
29/09/2023 04:42:57:	function generator:  GPIB1::8 fn2=SIN *am2=0.0 *fr2=0 *ph2=0 of2=0 bt2=3 DONE
29/09/2023 04:42:58:	move motor	S18.axis2.phaseshifter 1 to -1.500000deg	reached -1.49414  DONE
29/09/2023 04:43:02:	function generator:  GPIB1::8 fn2=SIN *am2=2.05 *fr2=10000 *ph2=0 of2=0 bt2=4 dy2=0us DONE
29/09/2023 04:43:03:	function generator:  GPIB1::8 start2 DONE
29/09/2023 04:43:03:	create file	D:\data\Cycle 192ter\exp_3-16-14\rawdata\sc\TOF_vs_chi_S2_19pt_pi4_1500s_29Sep0443.dat	 DONE
29/09/2023 04:43:04:	1	TOF	4	time=1500	period=404µ	binwidth=3µ	delay=95µO Det=40081	H Det=6958	Mon Det=4273519	Aux Det=78155	O+H=47039	 DONE
29/09/2023 05:40:47:	function generator:  GPIB1::8 stop2 DONE
29/09/2023 05:40:48:	close file and end scan	 DONE
call of TOF_S2_pi4_1500s.sc DONE
29/09/2023 05:40:49:	move motor	S18.axis2.phaseshifter 1 to -1.333333deg	reached -1.32935  DONE
29/09/2023 05:40:51:	function generator:  GPIB1::8 fn2=SIN *am2=2.05 *fr2=10000 *ph2=0 of2=0 bt2=4 dy2=0us DONE
29/09/2023 05:40:52:	function generator:  GPIB1::8 start2 DONE
29/09/2023 05:40:53:	create file	D:\data\Cycle 192ter\exp_3-16-14\rawdata\sc\TOF_vs_chi_S2_19pt_pi4_1500s_29Sep0540.dat	 DONE
29/09/2023 05:40:53:	1	TOF	4	time=1500	period=404µ	binwidth=3µ	delay=95µO Det=127867	H Det=6958	Mon Det=4273519	Aux Det=328798	O+H=134825	 DONE
29/09/2023 06:05:57:	function generator:  GPIB1::8 stop2 DONE
29/09/2023 06:05:57:	close file and end scan	 DONE
call of TOF_S2_pi4_1500s.sc DONE
29/09/2023 06:05:59:	move motor	S18.axis2.phaseshifter 1 to -1.166666deg	reached -1.17554  DONE
29/09/2023 06:06:01:	function generator:  GPIB1::8 fn2=SIN *am2=2.05 *fr2=10000 *ph2=0 of2=0 bt2=4 dy2=0us DONE
29/09/2023 06:06:02:	function generator:  GPIB1::8 start2 DONE
29/09/2023 06:06:02:	create file	D:\data\Cycle 192ter\exp_3-16-14\rawdata\sc\TOF_vs_chi_S2_19pt_pi4_1500s_29Sep0606.dat	 DONE
29/09/2023 06:06:03:	1	TOF	4	time=1500	period=404µ	binwidth=3µ	delay=95µO Det=127666	H Det=6958	Mon Det=4273519	Aux Det=329210	O+H=134624	 DONE
29/09/2023 06:31:07:	function generator:  GPIB1::8 stop2 DONE
29/09/2023 06:31:07:	close file and end scan	 DONE
call of TOF_S2_pi4_1500s.sc DONE
29/09/2023 06:31:08:	move motor	S18.axis2.phaseshifter 1 to -0.999999deg	reached -0.99976  DONE
29/09/2023 06:31:11:	function generator:  GPIB1::8 fn2=SIN *am2=2.05 *fr2=10000 *ph2=0 of2=0 bt2=4 dy2=0us DONE
29/09/2023 06:31:11:	function generator:  GPIB1::8 start2 DONE
29/09/2023 06:31:12:	create file	D:\data\Cycle 192ter\exp_3-16-14\rawdata\sc\TOF_vs_chi_S2_19pt_pi4_1500s_29Sep0631.dat	 DONE
29/09/2023 06:31:13:	1	TOF	4	time=1500	period=404µ	binwidth=3µ	delay=95µO Det=127453	H Det=6958	Mon Det=4273519	Aux Det=329473	O+H=134411	 DONE
29/09/2023 06:56:16:	function generator:  GPIB1::8 stop2 DONE
29/09/2023 06:56:17:	close file and end scan	 DONE
call of TOF_S2_pi4_1500s.sc DONE
29/09/2023 06:56:18:	move motor	S18.axis2.phaseshifter 1 to -0.833332deg	reached -0.82397  DONE
29/09/2023 06:56:21:	function generator:  GPIB1::8 fn2=SIN *am2=2.05 *fr2=10000 *ph2=0 of2=0 bt2=4 dy2=0us DONE
29/09/2023 06:56:21:	function generator:  GPIB1::8 start2 DONE
29/09/2023 06:56:22:	create file	D:\data\Cycle 192ter\exp_3-16-14\rawdata\sc\TOF_vs_chi_S2_19pt_pi4_1500s_29Sep0656.dat	 DONE
29/09/2023 06:56:22:	1	TOF	4	time=1500	period=404µ	binwidth=3µ	delay=95µO Det=128280	H Det=6958	Mon Det=4273519	Aux Det=330094	O+H=135238	 DONE
29/09/2023 07:21:26:	function generator:  GPIB1::8 stop2 DONE
29/09/2023 07:21:27:	close file and end scan	 DONE
call of TOF_S2_pi4_1500s.sc DONE
29/09/2023 07:21:28:	move motor	S18.axis2.phaseshifter 1 to -0.666665deg	reached -0.68115  DONE
29/09/2023 07:21:30:	function generator:  GPIB1::8 fn2=SIN *am2=2.05 *fr2=10000 *ph2=0 of2=0 bt2=4 dy2=0us DONE
29/09/2023 07:21:31:	function generator:  GPIB1::8 start2 DONE
29/09/2023 07:21:32:	create file	D:\data\Cycle 192ter\exp_3-16-14\rawdata\sc\TOF_vs_chi_S2_19pt_pi4_1500s_29Sep0721.dat	 DONE
29/09/2023 07:21:32:	1	TOF	4	time=1500	period=404µ	binwidth=3µ	delay=95µO Det=127766	H Det=6958	Mon Det=4273519	Aux Det=328352	O+H=134724	 DONE
29/09/2023 07:46:36:	function generator:  GPIB1::8 stop2 DONE
29/09/2023 07:46:37:	close file and end scan	 DONE
call of TOF_S2_pi4_1500s.sc DONE
29/09/2023 07:46:38:	move motor	S18.axis2.phaseshifter 1 to -0.499998deg	reached -0.50537  DONE
29/09/2023 07:46:40:	function generator:  GPIB1::8 fn2=SIN *am2=2.05 *fr2=10000 *ph2=0 of2=0 bt2=4 dy2=0us DONE
29/09/2023 07:46:41:	function generator:  GPIB1::8 start2 DONE
29/09/2023 07:46:41:	create file	D:\data\Cycle 192ter\exp_3-16-14\rawdata\sc\TOF_vs_chi_S2_19pt_pi4_1500s_29Sep0746.dat	 DONE
29/09/2023 07:46:42:	1	TOF	4	time=1500	period=404µ	binwidth=3µ	delay=95µO Det=128338	H Det=6958	Mon Det=4273519	Aux Det=330560	O+H=135296	 DONE
29/09/2023 08:11:46:	paused
29/09/2023 08:12:57:	function generator:  GPIB1::8 stop2 DONE
29/09/2023 08:12:57:	close file and end scan	 DONE
call of TOF_S2_pi4_1500s.sc DONE
29/09/2023 08:12:58:	move motor	S18.axis2.phaseshifter 1 to -0.333331deg	reached -0.34058  DONE
29/09/2023 08:13:01:	function generator:  GPIB1::8 fn2=SIN *am2=2.05 *fr2=10000 *ph2=0 of2=0 bt2=4 dy2=0us DONE
29/09/2023 08:13:02:	function generator:  GPIB1::8 start2 DONE
29/09/2023 08:13:02:	create file	D:\data\Cycle 192ter\exp_3-16-14\rawdata\sc\TOF_vs_chi_S2_19pt_pi4_1500s_29Sep0813.dat	 DONE
29/09/2023 08:13:03:	1	TOF	4	time=1500	period=404µ	binwidth=3µ	delay=95µO Det=127824	H Det=6958	Mon Det=4273519	Aux Det=328414	O+H=134782	 DONE
29/09/2023 08:38:07:	function generator:  GPIB1::8 stop2 DONE
29/09/2023 08:38:07:	close file and end scan	 DONE
call of TOF_S2_pi4_1500s.sc DONE
29/09/2023 08:38:08:	move motor	S18.axis2.phaseshifter 1 to -0.166664deg	reached -0.17578  DONE
29/09/2023 08:38:11:	function generator:  GPIB1::8 fn2=SIN *am2=2.05 *fr2=10000 *ph2=0 of2=0 bt2=4 dy2=0us DONE
29/09/2023 08:38:11:	function generator:  GPIB1::8 start2 DONE
29/09/2023 08:38:12:	create file	D:\data\Cycle 192ter\exp_3-16-14\rawdata\sc\TOF_vs_chi_S2_19pt_pi4_1500s_29Sep0838.dat	 DONE
29/09/2023 08:38:13:	1	TOF	4	time=1500	period=404µ	binwidth=3µ	delay=95µO Det=126904	H Det=6958	Mon Det=4273519	Aux Det=325270	O+H=133862	 DONE
29/09/2023 09:03:16:	function generator:  GPIB1::8 stop2 DONE
29/09/2023 09:03:17:	close file and end scan	 DONE
call of TOF_S2_pi4_1500s.sc DONE
29/09/2023 09:03:18:	move motor	S18.axis2.phaseshifter 1 to 0.000003deg	reached 0.00000  DONE
29/09/2023 09:03:21:	function generator:  GPIB1::8 fn2=SIN *am2=2.05 *fr2=10000 *ph2=0 of2=0 bt2=4 dy2=0us DONE
29/09/2023 09:03:21:	function generator:  GPIB1::8 start2 DONE
29/09/2023 09:03:22:	create file	D:\data\Cycle 192ter\exp_3-16-14\rawdata\sc\TOF_vs_chi_S2_19pt_pi4_1500s_29Sep0903.dat	 DONE
29/09/2023 09:03:22:	1	TOF	4	time=1500	period=404µ	binwidth=3µ	delay=95µO Det=126860	H Det=6958	Mon Det=4273519	Aux Det=324902	O+H=133818	 DONE
29/09/2023 09:28:26:	function generator:  GPIB1::8 stop2 DONE
29/09/2023 09:28:27:	close file and end scan	 DONE
call of TOF_S2_pi4_1500s.sc DONE
29/09/2023 09:28:28:	move motor	S18.axis2.phaseshifter 1 to 0.166670deg	reached 0.15381  DONE
29/09/2023 09:28:30:	function generator:  GPIB1::8 fn2=SIN *am2=2.05 *fr2=10000 *ph2=0 of2=0 bt2=4 dy2=0us DONE
29/09/2023 09:28:31:	function generator:  GPIB1::8 start2 DONE
29/09/2023 09:28:32:	create file	D:\data\Cycle 192ter\exp_3-16-14\rawdata\sc\TOF_vs_chi_S2_19pt_pi4_1500s_29Sep0928.dat	 DONE
29/09/2023 09:28:32:	1	TOF	4	time=1500	period=404µ	binwidth=3µ	delay=95µO Det=126335	H Det=6958	Mon Det=4273519	Aux Det=324188	O+H=133293	 DONE
29/09/2023 09:53:36:	function generator:  GPIB1::8 stop2 DONE
29/09/2023 09:53:37:	close file and end scan	 DONE
call of TOF_S2_pi4_1500s.sc DONE
29/09/2023 09:53:38:	move motor	S18.axis2.phaseshifter 1 to 0.333337deg	reached 0.31860  DONE
29/09/2023 09:53:40:	function generator:  GPIB1::8 fn2=SIN *am2=2.05 *fr2=10000 *ph2=0 of2=0 bt2=4 dy2=0us DONE
29/09/2023 09:53:41:	function generator:  GPIB1::8 start2 DONE
29/09/2023 09:53:41:	create file	D:\data\Cycle 192ter\exp_3-16-14\rawdata\sc\TOF_vs_chi_S2_19pt_pi4_1500s_29Sep0953.dat	 DONE
29/09/2023 09:53:42:	1	TOF	4	time=1500	period=404µ	binwidth=3µ	delay=95µO Det=126055	H Det=6958	Mon Det=4273519	Aux Det=323301	O+H=133013	 DONE
29/09/2023 10:18:46:	function generator:  GPIB1::8 stop2 DONE
29/09/2023 10:18:46:	close file and end scan	 DONE
call of TOF_S2_pi4_1500s.sc DONE
29/09/2023 10:18:47:	move motor	S18.axis2.phaseshifter 1 to 0.500004deg	reached 0.50537  DONE
29/09/2023 10:18:50:	function generator:  GPIB1::8 fn2=SIN *am2=2.05 *fr2=10000 *ph2=0 of2=0 bt2=4 dy2=0us DONE
29/09/2023 10:18:51:	function generator:  GPIB1::8 start2 DONE
29/09/2023 10:18:51:	create file	D:\data\Cycle 192ter\exp_3-16-14\rawdata\sc\TOF_vs_chi_S2_19pt_pi4_1500s_29Sep1018.dat	 DONE
29/09/2023 10:18:52:	1	TOF	4	time=1500	period=404µ	binwidth=3µ	delay=95µO Det=126870	H Det=6958	Mon Det=4273519	Aux Det=325027	O+H=133828	 DONE
29/09/2023 10:43:55:	function generator:  GPIB1::8 stop2 DONE
29/09/2023 10:43:56:	close file and end scan	 DONE
call of TOF_S2_pi4_1500s.sc DONE
29/09/2023 10:43:57:	move motor	S18.axis2.phaseshifter 1 to 0.666671deg	reached 0.65918  DONE
29/09/2023 10:44:00:	function generator:  GPIB1::8 fn2=SIN *am2=2.05 *fr2=10000 *ph2=0 of2=0 bt2=4 dy2=0us DONE
29/09/2023 10:44:00:	function generator:  GPIB1::8 start2 DONE
29/09/2023 10:44:01:	create file	D:\data\Cycle 192ter\exp_3-16-14\rawdata\sc\TOF_vs_chi_S2_19pt_pi4_1500s_29Sep1044.dat	 DONE
29/09/2023 10:44:02:	1	TOF	4	time=1500	period=404µ	binwidth=3µ	delay=95µO Det=126084	H Det=6958	Mon Det=4273519	Aux Det=323897	O+H=133042	 DONE
29/09/2023 11:09:05:	function generator:  GPIB1::8 stop2 DONE
29/09/2023 11:09:06:	close file and end scan	 DONE
call of TOF_S2_pi4_1500s.sc DONE
29/09/2023 11:09:07:	move motor	S18.axis2.phaseshifter 1 to 0.833338deg	reached 0.83496  DONE
29/09/2023 11:09:09:	function generator:  GPIB1::8 fn2=SIN *am2=2.05 *fr2=10000 *ph2=0 of2=0 bt2=4 dy2=0us DONE
29/09/2023 11:09:10:	function generator:  GPIB1::8 start2 DONE
29/09/2023 11:09:11:	create file	D:\data\Cycle 192ter\exp_3-16-14\rawdata\sc\TOF_vs_chi_S2_19pt_pi4_1500s_29Sep1109.dat	 DONE
29/09/2023 11:09:11:	1	TOF	4	time=1500	period=404µ	binwidth=3µ	delay=95µO Det=125379	H Det=6958	Mon Det=4273519	Aux Det=318602	O+H=132337	 DONE
29/09/2023 11:34:15:	function generator:  GPIB1::8 stop2 DONE
29/09/2023 11:34:16:	close file and end scan	 DONE
call of TOF_S2_pi4_1500s.sc DONE
29/09/2023 11:34:17:	move motor	S18.axis2.phaseshifter 1 to 1.000005deg	reached 0.98877  DONE
29/09/2023 11:34:19:	function generator:  GPIB1::8 fn2=SIN *am2=2.05 *fr2=10000 *ph2=0 of2=0 bt2=4 dy2=0us DONE
29/09/2023 11:34:20:	function generator:  GPIB1::8 start2 DONE
29/09/2023 11:34:21:	create file	D:\data\Cycle 192ter\exp_3-16-14\rawdata\sc\TOF_vs_chi_S2_19pt_pi4_1500s_29Sep1134.dat	 DONE
29/09/2023 11:34:21:	1	TOF	4	time=1500	period=404µ	binwidth=3µ	delay=95µO Det=124905	H Det=6958	Mon Det=4273519	Aux Det=317786	O+H=131863	 DONE
29/09/2023 11:59:25:	function generator:  GPIB1::8 stop2 DONE
29/09/2023 11:59:25:	close file and end scan	 DONE
call of TOF_S2_pi4_1500s.sc DONE
29/09/2023 11:59:26:	move motor	S18.axis2.phaseshifter 1 to 1.166672deg	reached 1.16455  DONE
29/09/2023 11:59:29:	function generator:  GPIB1::8 fn2=SIN *am2=2.05 *fr2=10000 *ph2=0 of2=0 bt2=4 dy2=0us DONE
29/09/2023 11:59:30:	function generator:  GPIB1::8 start2 DONE
29/09/2023 11:59:30:	create file	D:\data\Cycle 192ter\exp_3-16-14\rawdata\sc\TOF_vs_chi_S2_19pt_pi4_1500s_29Sep1159.dat	 DONE
29/09/2023 11:59:31:	1	TOF	4	time=1500	period=404µ	binwidth=3µ	delay=95µO Det=124006	H Det=6958	Mon Det=4273519	Aux Det=316936	O+H=130964	 DONE
29/09/2023 12:24:34:	function generator:  GPIB1::8 stop2 DONE
29/09/2023 12:24:35:	close file and end scan	 DONE
call of TOF_S2_pi4_1500s.sc DONE
29/09/2023 12:24:36:	move motor	S18.axis2.phaseshifter 1 to 1.333339deg	reached 1.32935  DONE
29/09/2023 12:24:39:	function generator:  GPIB1::8 fn2=SIN *am2=2.05 *fr2=10000 *ph2=0 of2=0 bt2=4 dy2=0us DONE
29/09/2023 12:24:39:	function generator:  GPIB1::8 start2 DONE
29/09/2023 12:24:40:	create file	D:\data\Cycle 192ter\exp_3-16-14\rawdata\sc\TOF_vs_chi_S2_19pt_pi4_1500s_29Sep1224.dat	 DONE
29/09/2023 12:24:41:	1	TOF	4	time=1500	period=404µ	binwidth=3µ	delay=95µO Det=124131	H Det=6958	Mon Det=4273519	Aux Det=315104	O+H=131089	 DONE
29/09/2023 12:49:44:	function generator:  GPIB1::8 stop2 DONE
29/09/2023 12:49:45:	close file and end scan	 DONE
call of TOF_S2_pi4_1500s.sc DONE
29/09/2023 12:49:46:	move motor	S18.axis2.phaseshifter 1 to 1.500006deg	reached 1.50513  DONE
29/09/2023 12:49:48:	function generator:  GPIB1::8 fn2=SIN *am2=2.05 *fr2=10000 *ph2=0 of2=0 bt2=4 dy2=0us DONE
29/09/2023 12:49:49:	function generator:  GPIB1::8 start2 DONE
29/09/2023 12:49:50:	create file	D:\data\Cycle 192ter\exp_3-16-14\rawdata\sc\TOF_vs_chi_S2_19pt_pi4_1500s_29Sep1249.dat	 DONE
29/09/2023 12:49:50:	1	TOF	4	time=1500	period=404µ	binwidth=3µ	delay=95µO Det=124484	H Det=6958	Mon Det=4273519	Aux Det=316560	O+H=131442	 DONE
29/09/2023 13:14:54:	function generator:  GPIB1::8 stop2 DONE
29/09/2023 13:14:55:	close file and end scan	 DONE
call of TOF_S2_pi4_1500s.sc DONE
29/09/2023 13:14:56:	close file and end scan	 DONE
29/09/2023 13:14:56:	END OF SCRIPT	 DONE
