26/08/2023 17:02:32:	start execution of script D:\data\Cycle 192ter\exp_3-16-14\rawdata\sc\TOF_vs_chi_S2.sc	 DONE
26/08/2023 17:02:32:	function generator:  GPIB1::8 fn1=SIN *am1=0.0 *fr1=0 *ph1=0 of1=0 bt1=3 DONE
26/08/2023 17:02:33:	function generator:  GPIB1::8 fn2=SIN *am2=0.0 *fr2=0 *ph2=0 of2=0 bt2=3 DONE
26/08/2023 17:02:34:	move motor	S18.axis2.phaseshifter 1 to -1.500000deg	reached -1.50513  DONE
26/08/2023 17:02:37:	function generator:  GPIB1::8 fn2=SIN *am2=2.0 *fr2=10000 *ph2=0 of2=0 bt2=3 DONE
26/08/2023 17:02:38:	function generator:  GPIB1::8 start2 DONE
26/08/2023 17:02:39:	create file	D:\data\Cycle 192ter\exp_3-16-14\rawdata\sc\TOF_vs_chi_S2_26Aug1702.dat	 DONE
26/08/2023 17:02:39:	1	TOF	4	time=1200	period=304µ	binwidth=3µ	delay=95µO Det=19810	H Det=1282	Mon Det=28042	Aux Det=44406	O+H=65498	 DONE
26/08/2023 17:22:43:	function generator:  GPIB1::8 stop2 DONE
26/08/2023 17:22:44:	close file and end scan	 DONE
call of TOF_S2.sc DONE
26/08/2023 17:22:45:	move motor	S18.axis2.phaseshifter 1 to -1.300000deg	reached -1.29639  DONE
26/08/2023 17:22:48:	function generator:  GPIB1::8 fn2=SIN *am2=2.0 *fr2=10000 *ph2=0 of2=0 bt2=3 DONE
26/08/2023 17:22:49:	function generator:  GPIB1::8 start2 DONE
26/08/2023 17:22:50:	create file	D:\data\Cycle 192ter\exp_3-16-14\rawdata\sc\TOF_vs_chi_S2_26Aug1722.dat	 DONE
26/08/2023 17:22:50:	1	TOF	4	time=1200	period=304µ	binwidth=3µ	delay=95µO Det=12688	H Det=1282	Mon Det=28042	Aux Det=26016	O+H=39986	 DONE
26/08/2023 17:42:54:	function generator:  GPIB1::8 stop2 DONE
26/08/2023 17:42:55:	close file and end scan	 DONE
call of TOF_S2.sc DONE
26/08/2023 17:42:56:	move motor	S18.axis2.phaseshifter 1 to -1.100000deg	reached -1.10962  DONE
26/08/2023 17:42:59:	function generator:  GPIB1::8 fn2=SIN *am2=2.0 *fr2=10000 *ph2=0 of2=0 bt2=3 DONE
26/08/2023 17:43:00:	function generator:  GPIB1::8 start2 DONE
26/08/2023 17:43:00:	create file	D:\data\Cycle 192ter\exp_3-16-14\rawdata\sc\TOF_vs_chi_S2_26Aug1743.dat	 DONE
26/08/2023 17:43:01:	1	TOF	4	time=1200	period=304µ	binwidth=3µ	delay=95µO Det=11610	H Det=1282	Mon Det=28042	Aux Det=28470	O+H=41362	 DONE
26/08/2023 18:03:05:	function generator:  GPIB1::8 stop2 DONE
26/08/2023 18:03:05:	close file and end scan	 DONE
call of TOF_S2.sc DONE
26/08/2023 18:03:06:	move motor	S18.axis2.phaseshifter 1 to -0.900000deg	reached -0.88989  DONE
26/08/2023 18:03:10:	function generator:  GPIB1::8 fn2=SIN *am2=2.0 *fr2=10000 *ph2=0 of2=0 bt2=3 DONE
26/08/2023 18:03:10:	function generator:  GPIB1::8 start2 DONE
26/08/2023 18:03:11:	create file	D:\data\Cycle 192ter\exp_3-16-14\rawdata\sc\TOF_vs_chi_S2_26Aug1803.dat	 DONE
26/08/2023 18:03:11:	1	TOF	4	time=1200	period=304µ	binwidth=3µ	delay=95µO Det=16594	H Det=1282	Mon Det=28042	Aux Det=48820	O+H=66696	 DONE
26/08/2023 18:23:15:	function generator:  GPIB1::8 stop2 DONE
26/08/2023 18:23:16:	close file and end scan	 DONE
call of TOF_S2.sc DONE
26/08/2023 18:23:17:	move motor	S18.axis2.phaseshifter 1 to -0.700000deg	reached -0.70313  DONE
26/08/2023 18:23:20:	function generator:  GPIB1::8 fn2=SIN *am2=2.0 *fr2=10000 *ph2=0 of2=0 bt2=3 DONE
26/08/2023 18:23:21:	function generator:  GPIB1::8 start2 DONE
26/08/2023 18:23:22:	create file	D:\data\Cycle 192ter\exp_3-16-14\rawdata\sc\TOF_vs_chi_S2_26Aug1823.dat	 DONE
26/08/2023 18:23:22:	1	TOF	4	time=1200	period=304µ	binwidth=3µ	delay=95µO Det=23538	H Det=1282	Mon Det=28042	Aux Det=71920	O+H=96740	 DONE
26/08/2023 18:43:26:	function generator:  GPIB1::8 stop2 DONE
26/08/2023 18:43:26:	close file and end scan	 DONE
call of TOF_S2.sc DONE
26/08/2023 18:43:27:	move motor	S18.axis2.phaseshifter 1 to -0.500000deg	reached -0.51636  DONE
26/08/2023 18:43:30:	function generator:  GPIB1::8 fn2=SIN *am2=2.0 *fr2=10000 *ph2=0 of2=0 bt2=3 DONE
26/08/2023 18:43:31:	function generator:  GPIB1::8 start2 DONE
26/08/2023 18:43:32:	create file	D:\data\Cycle 192ter\exp_3-16-14\rawdata\sc\TOF_vs_chi_S2_26Aug1843.dat	 DONE
26/08/2023 18:43:32:	1	TOF	4	time=1200	period=304µ	binwidth=3µ	delay=95µO Det=30612	H Det=1282	Mon Det=28042	Aux Det=91099	O+H=122993	 DONE
26/08/2023 19:03:36:	function generator:  GPIB1::8 stop2 DONE
26/08/2023 19:03:37:	close file and end scan	 DONE
call of TOF_S2.sc DONE
26/08/2023 19:03:38:	move motor	S18.axis2.phaseshifter 1 to -0.300000deg	reached -0.30762  DONE
26/08/2023 19:03:41:	function generator:  GPIB1::8 fn2=SIN *am2=2.0 *fr2=10000 *ph2=0 of2=0 bt2=3 DONE
26/08/2023 19:03:41:	function generator:  GPIB1::8 start2 DONE
26/08/2023 19:03:42:	create file	D:\data\Cycle 192ter\exp_3-16-14\rawdata\sc\TOF_vs_chi_S2_26Aug1903.dat	 DONE
26/08/2023 19:03:43:	1	TOF	4	time=1200	period=304µ	binwidth=3µ	delay=95µO Det=34719	H Det=1282	Mon Det=28042	Aux Det=101791	O+H=137792	 DONE
26/08/2023 19:23:46:	function generator:  GPIB1::8 stop2 DONE
26/08/2023 19:23:47:	close file and end scan	 DONE
call of TOF_S2.sc DONE
26/08/2023 19:23:48:	move motor	S18.axis2.phaseshifter 1 to -0.100000deg	reached -0.08789  DONE
26/08/2023 19:23:51:	function generator:  GPIB1::8 fn2=SIN *am2=2.0 *fr2=10000 *ph2=0 of2=0 bt2=3 DONE
26/08/2023 19:23:52:	function generator:  GPIB1::8 start2 DONE
26/08/2023 19:23:53:	create file	D:\data\Cycle 192ter\exp_3-16-14\rawdata\sc\TOF_vs_chi_S2_26Aug1923.dat	 DONE
26/08/2023 19:23:53:	1	TOF	4	time=1200	period=304µ	binwidth=3µ	delay=95µO Det=34537	H Det=1282	Mon Det=28042	Aux Det=97344	O+H=133163	 DONE
26/08/2023 19:43:57:	function generator:  GPIB1::8 stop2 DONE
26/08/2023 19:43:58:	close file and end scan	 DONE
call of TOF_S2.sc DONE
26/08/2023 19:43:59:	move motor	S18.axis2.phaseshifter 1 to 0.100000deg	reached 0.09888  DONE
26/08/2023 19:44:02:	function generator:  GPIB1::8 fn2=SIN *am2=2.0 *fr2=10000 *ph2=0 of2=0 bt2=3 DONE
26/08/2023 19:44:02:	function generator:  GPIB1::8 start2 DONE
26/08/2023 19:44:03:	create file	D:\data\Cycle 192ter\exp_3-16-14\rawdata\sc\TOF_vs_chi_S2_26Aug1944.dat	 DONE
26/08/2023 19:44:04:	1	TOF	4	time=1200	period=304µ	binwidth=3µ	delay=95µO Det=31221	H Det=1282	Mon Det=28042	Aux Det=83467	O+H=115970	 DONE
26/08/2023 20:04:07:	function generator:  GPIB1::8 stop2 DONE
26/08/2023 20:04:08:	close file and end scan	 DONE
call of TOF_S2.sc DONE
26/08/2023 20:04:09:	move motor	S18.axis2.phaseshifter 1 to 0.300000deg	reached 0.28564  DONE
26/08/2023 20:04:12:	function generator:  GPIB1::8 fn2=SIN *am2=2.0 *fr2=10000 *ph2=0 of2=0 bt2=3 DONE
26/08/2023 20:04:13:	function generator:  GPIB1::8 start2 DONE
26/08/2023 20:04:14:	create file	D:\data\Cycle 192ter\exp_3-16-14\rawdata\sc\TOF_vs_chi_S2_26Aug2004.dat	 DONE
26/08/2023 20:04:14:	1	TOF	4	time=1200	period=304µ	binwidth=3µ	delay=95µO Det=25053	H Det=1282	Mon Det=28042	Aux Det=62401	O+H=88736	 DONE
26/08/2023 20:24:18:	function generator:  GPIB1::8 stop2 DONE
26/08/2023 20:24:19:	close file and end scan	 DONE
call of TOF_S2.sc DONE
26/08/2023 20:24:20:	move motor	S18.axis2.phaseshifter 1 to 0.500000deg	reached 0.51636  DONE
26/08/2023 20:24:23:	function generator:  GPIB1::8 fn2=SIN *am2=2.0 *fr2=10000 *ph2=0 of2=0 bt2=3 DONE
26/08/2023 20:24:24:	function generator:  GPIB1::8 start2 DONE
26/08/2023 20:24:24:	create file	D:\data\Cycle 192ter\exp_3-16-14\rawdata\sc\TOF_vs_chi_S2_26Aug2024.dat	 DONE
26/08/2023 20:24:25:	1	TOF	4	time=1200	period=304µ	binwidth=3µ	delay=95µO Det=18308	H Det=1282	Mon Det=28042	Aux Det=40381	O+H=59971	 DONE
26/08/2023 20:44:28:	function generator:  GPIB1::8 stop2 DONE
26/08/2023 20:44:29:	close file and end scan	 DONE
call of TOF_S2.sc DONE
26/08/2023 20:44:30:	move motor	S18.axis2.phaseshifter 1 to 0.700000deg	reached 0.69214  DONE
26/08/2023 20:44:33:	function generator:  GPIB1::8 fn2=SIN *am2=2.0 *fr2=10000 *ph2=0 of2=0 bt2=3 DONE
26/08/2023 20:44:34:	function generator:  GPIB1::8 start2 DONE
26/08/2023 20:44:35:	create file	D:\data\Cycle 192ter\exp_3-16-14\rawdata\sc\TOF_vs_chi_S2_26Aug2044.dat	 DONE
26/08/2023 20:44:35:	1	TOF	4	time=1200	period=304µ	binwidth=3µ	delay=95µO Det=12341	H Det=1282	Mon Det=28042	Aux Det=25027	O+H=38650	 DONE
26/08/2023 21:04:39:	function generator:  GPIB1::8 stop2 DONE
26/08/2023 21:04:40:	close file and end scan	 DONE
call of TOF_S2.sc DONE
26/08/2023 21:04:41:	move motor	S18.axis2.phaseshifter 1 to 0.900000deg	reached 0.90088  DONE
26/08/2023 21:04:44:	function generator:  GPIB1::8 fn2=SIN *am2=2.0 *fr2=10000 *ph2=0 of2=0 bt2=3 DONE
26/08/2023 21:04:45:	function generator:  GPIB1::8 start2 DONE
26/08/2023 21:04:45:	create file	D:\data\Cycle 192ter\exp_3-16-14\rawdata\sc\TOF_vs_chi_S2_26Aug2104.dat	 DONE
26/08/2023 21:04:46:	1	TOF	4	time=1200	period=304µ	binwidth=3µ	delay=95µO Det=9213	H Det=1282	Mon Det=28042	Aux Det=20192	O+H=30687	 DONE
26/08/2023 21:24:50:	function generator:  GPIB1::8 stop2 DONE
26/08/2023 21:24:50:	close file and end scan	 DONE
call of TOF_S2.sc DONE
26/08/2023 21:24:52:	move motor	S18.axis2.phaseshifter 1 to 1.100000deg	reached 1.09863  DONE
26/08/2023 21:24:55:	function generator:  GPIB1::8 fn2=SIN *am2=2.0 *fr2=10000 *ph2=0 of2=0 bt2=3 DONE
26/08/2023 21:24:55:	function generator:  GPIB1::8 start2 DONE
26/08/2023 21:24:56:	create file	D:\data\Cycle 192ter\exp_3-16-14\rawdata\sc\TOF_vs_chi_S2_26Aug2124.dat	 DONE
26/08/2023 21:24:56:	1	TOF	4	time=1200	period=304µ	binwidth=3µ	delay=95µO Det=9680	H Det=1282	Mon Det=28042	Aux Det=25901	O+H=36863	 DONE
26/08/2023 21:45:00:	function generator:  GPIB1::8 stop2 DONE
26/08/2023 21:45:01:	close file and end scan	 DONE
call of TOF_S2.sc DONE
26/08/2023 21:45:02:	move motor	S18.axis2.phaseshifter 1 to 1.300000deg	reached 1.29639  DONE
26/08/2023 21:45:05:	function generator:  GPIB1::8 fn2=SIN *am2=2.0 *fr2=10000 *ph2=0 of2=0 bt2=3 DONE
26/08/2023 21:45:06:	function generator:  GPIB1::8 start2 DONE
26/08/2023 21:45:06:	create file	D:\data\Cycle 192ter\exp_3-16-14\rawdata\sc\TOF_vs_chi_S2_26Aug2145.dat	 DONE
26/08/2023 21:45:07:	1	TOF	4	time=1200	period=304µ	binwidth=3µ	delay=95µO Det=12829	H Det=1282	Mon Det=28042	Aux Det=38977	O+H=53088	 DONE
26/08/2023 22:05:11:	function generator:  GPIB1::8 stop2 DONE
26/08/2023 22:05:11:	close file and end scan	 DONE
call of TOF_S2.sc DONE
26/08/2023 22:05:13:	move motor	S18.axis2.phaseshifter 1 to 1.500000deg	reached 1.49414  DONE
26/08/2023 22:05:16:	function generator:  GPIB1::8 fn2=SIN *am2=2.0 *fr2=10000 *ph2=0 of2=0 bt2=3 DONE
26/08/2023 22:05:17:	function generator:  GPIB1::8 start2 DONE
26/08/2023 22:05:17:	create file	D:\data\Cycle 192ter\exp_3-16-14\rawdata\sc\TOF_vs_chi_S2_26Aug2205.dat	 DONE
26/08/2023 22:05:18:	1	TOF	4	time=1200	period=304µ	binwidth=3µ	delay=95µO Det=18179	H Det=1282	Mon Det=28042	Aux Det=55994	O+H=75455	 DONE
26/08/2023 22:25:22:	function generator:  GPIB1::8 stop2 DONE
26/08/2023 22:25:22:	close file and end scan	 DONE
call of TOF_S2.sc DONE
26/08/2023 22:25:24:	close file and end scan	 DONE
26/08/2023 22:25:24:	END OF SCRIPT	 DONE
