14/09/2023 16:53:51:	start execution of script D:\data\Cycle 192ter\exp_3-16-14\rawdata\sc\TOF_vs_chi_A1_19pt_pi8_1500s.sc	 DONE
14/09/2023 16:53:51:	function generator:  GPIB1::8 fn1=SIN *am1=0.0 *fr1=0 *ph1=0 of1=0 bt1=3 DONE
14/09/2023 16:53:52:	function generator:  GPIB1::8 fn2=SIN *am2=0.0 *fr2=0 *ph2=0 of2=0 bt2=3 DONE
14/09/2023 16:53:53:	move motor	S18.axis2.phaseshifter 1 to -1.500000deg	reached -1.50513  DONE
14/09/2023 16:53:57:	function generator:  GPIB1::8 fn1=SIN *am1=0.74 *fr1=10000 *ph1=0 of1=0 bt1=4 dy1=29.43us DONE
14/09/2023 16:53:58:	function generator:  GPIB1::8 start1 DONE
14/09/2023 16:53:59:	create file	D:\data\Cycle 192ter\exp_3-16-14\rawdata\sc\TOF_vs_chi_A1_19pt_pi8_1500s_14Sep1653.dat	 DONE
14/09/2023 16:53:59:	1	TOF	4	time=1500	period=434µ	binwidth=3µ	delay=95µO Det=22826	H Det=124	Mon Det=34200	Aux Det=26367	O+H=22950	 DONE
14/09/2023 17:19:03:	function generator:  GPIB1::8 stop1 DONE
14/09/2023 17:19:04:	close file and end scan	 DONE
call of TOF_A1_pi8_1500s.sc DONE
14/09/2023 17:19:05:	move motor	S18.axis2.phaseshifter 1 to -1.333333deg	reached -1.34033  DONE
14/09/2023 17:19:08:	function generator:  GPIB1::8 fn1=SIN *am1=0.74 *fr1=10000 *ph1=0 of1=0 bt1=4 dy1=29.43us DONE
14/09/2023 17:19:09:	function generator:  GPIB1::8 start1 DONE
14/09/2023 17:19:10:	create file	D:\data\Cycle 192ter\exp_3-16-14\rawdata\sc\TOF_vs_chi_A1_19pt_pi8_1500s_14Sep1719.dat	 DONE
14/09/2023 17:19:11:	1	TOF	4	time=1500	period=434µ	binwidth=3µ	delay=95µO Det=16234	H Det=124	Mon Det=34200	Aux Det=22424	O+H=16358	 DONE
14/09/2023 17:44:15:	function generator:  GPIB1::8 stop1 DONE
14/09/2023 17:44:16:	close file and end scan	 DONE
call of TOF_A1_pi8_1500s.sc DONE
14/09/2023 17:44:17:	move motor	S18.axis2.phaseshifter 1 to -1.166666deg	reached -1.15356  DONE
14/09/2023 17:44:20:	function generator:  GPIB1::8 fn1=SIN *am1=0.74 *fr1=10000 *ph1=0 of1=0 bt1=4 dy1=29.43us DONE
14/09/2023 17:44:21:	function generator:  GPIB1::8 start1 DONE
14/09/2023 17:44:22:	create file	D:\data\Cycle 192ter\exp_3-16-14\rawdata\sc\TOF_vs_chi_A1_19pt_pi8_1500s_14Sep1744.dat	 DONE
14/09/2023 17:44:22:	1	TOF	4	time=1500	period=434µ	binwidth=3µ	delay=95µO Det=16747	H Det=124	Mon Det=34200	Aux Det=39806	O+H=16871	 DONE
14/09/2023 18:09:26:	function generator:  GPIB1::8 stop1 DONE
14/09/2023 18:09:27:	close file and end scan	 DONE
call of TOF_A1_pi8_1500s.sc DONE
14/09/2023 18:09:28:	move motor	S18.axis2.phaseshifter 1 to -0.999999deg	reached -1.01074  DONE
14/09/2023 18:09:31:	function generator:  GPIB1::8 fn1=SIN *am1=0.74 *fr1=10000 *ph1=0 of1=0 bt1=4 dy1=29.43us DONE
14/09/2023 18:09:32:	function generator:  GPIB1::8 start1 DONE
14/09/2023 18:09:33:	create file	D:\data\Cycle 192ter\exp_3-16-14\rawdata\sc\TOF_vs_chi_A1_19pt_pi8_1500s_14Sep1809.dat	 DONE
14/09/2023 18:09:33:	1	TOF	4	time=1500	period=434µ	binwidth=3µ	delay=95µO Det=21889	H Det=124	Mon Det=34200	Aux Det=69496	O+H=22013	 DONE
14/09/2023 18:34:37:	function generator:  GPIB1::8 stop1 DONE
14/09/2023 18:34:38:	close file and end scan	 DONE
call of TOF_A1_pi8_1500s.sc DONE
14/09/2023 18:34:39:	move motor	S18.axis2.phaseshifter 1 to -0.833332deg	reached -0.83496  DONE
14/09/2023 18:34:42:	function generator:  GPIB1::8 fn1=SIN *am1=0.74 *fr1=10000 *ph1=0 of1=0 bt1=4 dy1=29.43us DONE
14/09/2023 18:34:43:	function generator:  GPIB1::8 start1 DONE
14/09/2023 18:34:44:	create file	D:\data\Cycle 192ter\exp_3-16-14\rawdata\sc\TOF_vs_chi_A1_19pt_pi8_1500s_14Sep1834.dat	 DONE
14/09/2023 18:34:44:	1	TOF	4	time=1500	period=434µ	binwidth=3µ	delay=95µO Det=31450	H Det=124	Mon Det=34200	Aux Det=106985	O+H=31574	 DONE
14/09/2023 18:59:48:	function generator:  GPIB1::8 stop1 DONE
14/09/2023 18:59:49:	close file and end scan	 DONE
call of TOF_A1_pi8_1500s.sc DONE
14/09/2023 18:59:50:	move motor	S18.axis2.phaseshifter 1 to -0.666665deg	reached -0.68115  DONE
14/09/2023 18:59:53:	function generator:  GPIB1::8 fn1=SIN *am1=0.74 *fr1=10000 *ph1=0 of1=0 bt1=4 dy1=29.43us DONE
14/09/2023 18:59:54:	function generator:  GPIB1::8 start1 DONE
14/09/2023 18:59:55:	create file	D:\data\Cycle 192ter\exp_3-16-14\rawdata\sc\TOF_vs_chi_A1_19pt_pi8_1500s_14Sep1859.dat	 DONE
14/09/2023 18:59:56:	1	TOF	4	time=1500	period=434µ	binwidth=3µ	delay=95µO Det=43968	H Det=124	Mon Det=34200	Aux Det=144948	O+H=44092	 DONE
14/09/2023 19:24:59:	function generator:  GPIB1::8 stop1 DONE
14/09/2023 19:25:00:	close file and end scan	 DONE
call of TOF_A1_pi8_1500s.sc DONE
14/09/2023 19:25:02:	move motor	S18.axis2.phaseshifter 1 to -0.499998deg	reached -0.50537  DONE
14/09/2023 19:25:05:	function generator:  GPIB1::8 fn1=SIN *am1=0.74 *fr1=10000 *ph1=0 of1=0 bt1=4 dy1=29.43us DONE
14/09/2023 19:25:06:	function generator:  GPIB1::8 start1 DONE
14/09/2023 19:25:06:	create file	D:\data\Cycle 192ter\exp_3-16-14\rawdata\sc\TOF_vs_chi_A1_19pt_pi8_1500s_14Sep1925.dat	 DONE
14/09/2023 19:25:07:	1	TOF	4	time=1500	period=434µ	binwidth=3µ	delay=95µO Det=53757	H Det=124	Mon Det=34200	Aux Det=167391	O+H=53881	 DONE
14/09/2023 19:50:11:	function generator:  GPIB1::8 stop1 DONE
14/09/2023 19:50:12:	close file and end scan	 DONE
call of TOF_A1_pi8_1500s.sc DONE
14/09/2023 19:50:13:	move motor	S18.axis2.phaseshifter 1 to -0.333331deg	reached -0.32959  DONE
14/09/2023 19:50:16:	function generator:  GPIB1::8 fn1=SIN *am1=0.74 *fr1=10000 *ph1=0 of1=0 bt1=4 dy1=29.43us DONE
14/09/2023 19:50:17:	function generator:  GPIB1::8 start1 DONE
14/09/2023 19:50:18:	create file	D:\data\Cycle 192ter\exp_3-16-14\rawdata\sc\TOF_vs_chi_A1_19pt_pi8_1500s_14Sep1950.dat	 DONE
14/09/2023 19:50:18:	1	TOF	4	time=1500	period=434µ	binwidth=3µ	delay=95µO Det=60764	H Det=124	Mon Det=34200	Aux Det=175531	O+H=60888	 DONE
14/09/2023 20:15:22:	function generator:  GPIB1::8 stop1 DONE
14/09/2023 20:15:23:	close file and end scan	 DONE
call of TOF_A1_pi8_1500s.sc DONE
14/09/2023 20:15:24:	move motor	S18.axis2.phaseshifter 1 to -0.166664deg	reached -0.16479  DONE
14/09/2023 20:15:27:	function generator:  GPIB1::8 fn1=SIN *am1=0.74 *fr1=10000 *ph1=0 of1=0 bt1=4 dy1=29.43us DONE
14/09/2023 20:15:28:	function generator:  GPIB1::8 start1 DONE
14/09/2023 20:15:29:	create file	D:\data\Cycle 192ter\exp_3-16-14\rawdata\sc\TOF_vs_chi_A1_19pt_pi8_1500s_14Sep2015.dat	 DONE
14/09/2023 20:15:29:	1	TOF	4	time=1500	period=434µ	binwidth=3µ	delay=95µO Det=61491	H Det=124	Mon Det=34200	Aux Det=164188	O+H=61615	 DONE
14/09/2023 20:40:33:	function generator:  GPIB1::8 stop1 DONE
14/09/2023 20:40:34:	close file and end scan	 DONE
call of TOF_A1_pi8_1500s.sc DONE
14/09/2023 20:40:35:	move motor	S18.axis2.phaseshifter 1 to 0.000003deg	reached 0.00000  DONE
14/09/2023 20:40:38:	function generator:  GPIB1::8 fn1=SIN *am1=0.74 *fr1=10000 *ph1=0 of1=0 bt1=4 dy1=29.43us DONE
14/09/2023 20:40:39:	function generator:  GPIB1::8 start1 DONE
14/09/2023 20:40:40:	create file	D:\data\Cycle 192ter\exp_3-16-14\rawdata\sc\TOF_vs_chi_A1_19pt_pi8_1500s_14Sep2040.dat	 DONE
14/09/2023 20:40:41:	1	TOF	4	time=1500	period=434µ	binwidth=3µ	delay=95µO Det=57306	H Det=124	Mon Det=34200	Aux Det=136120	O+H=57430	 DONE
14/09/2023 21:05:44:	function generator:  GPIB1::8 stop1 DONE
14/09/2023 21:05:45:	close file and end scan	 DONE
call of TOF_A1_pi8_1500s.sc DONE
14/09/2023 21:05:46:	move motor	S18.axis2.phaseshifter 1 to 0.166670deg	reached 0.15381  DONE
14/09/2023 21:05:49:	function generator:  GPIB1::8 fn1=SIN *am1=0.74 *fr1=10000 *ph1=0 of1=0 bt1=4 dy1=29.43us DONE
14/09/2023 21:05:50:	function generator:  GPIB1::8 start1 DONE
14/09/2023 21:05:51:	create file	D:\data\Cycle 192ter\exp_3-16-14\rawdata\sc\TOF_vs_chi_A1_19pt_pi8_1500s_14Sep2105.dat	 DONE
14/09/2023 21:05:52:	1	TOF	4	time=1500	period=434µ	binwidth=3µ	delay=95µO Det=48791	H Det=124	Mon Det=34200	Aux Det=100269	O+H=48915	 DONE
14/09/2023 21:30:56:	function generator:  GPIB1::8 stop1 DONE
14/09/2023 21:30:56:	close file and end scan	 DONE
call of TOF_A1_pi8_1500s.sc DONE
14/09/2023 21:30:58:	move motor	S18.axis2.phaseshifter 1 to 0.333337deg	reached 0.32959  DONE
14/09/2023 21:31:01:	function generator:  GPIB1::8 fn1=SIN *am1=0.74 *fr1=10000 *ph1=0 of1=0 bt1=4 dy1=29.43us DONE
14/09/2023 21:31:02:	function generator:  GPIB1::8 start1 DONE
14/09/2023 21:31:03:	create file	D:\data\Cycle 192ter\exp_3-16-14\rawdata\sc\TOF_vs_chi_A1_19pt_pi8_1500s_14Sep2131.dat	 DONE
14/09/2023 21:31:03:	1	TOF	4	time=1500	period=434µ	binwidth=3µ	delay=95µO Det=37770	H Det=124	Mon Det=34200	Aux Det=63725	O+H=37894	 DONE
14/09/2023 21:56:07:	function generator:  GPIB1::8 stop1 DONE
14/09/2023 21:56:08:	close file and end scan	 DONE
call of TOF_A1_pi8_1500s.sc DONE
14/09/2023 21:56:09:	move motor	S18.axis2.phaseshifter 1 to 0.500004deg	reached 0.51636  DONE
14/09/2023 21:56:12:	function generator:  GPIB1::8 fn1=SIN *am1=0.74 *fr1=10000 *ph1=0 of1=0 bt1=4 dy1=29.43us DONE
14/09/2023 21:56:13:	function generator:  GPIB1::8 start1 DONE
14/09/2023 21:56:14:	create file	D:\data\Cycle 192ter\exp_3-16-14\rawdata\sc\TOF_vs_chi_A1_19pt_pi8_1500s_14Sep2156.dat	 DONE
14/09/2023 21:56:14:	1	TOF	4	time=1500	period=434µ	binwidth=3µ	delay=95µO Det=25886	H Det=124	Mon Det=34200	Aux Det=32724	O+H=26010	 DONE
14/09/2023 22:21:18:	function generator:  GPIB1::8 stop1 DONE
14/09/2023 22:21:19:	close file and end scan	 DONE
call of TOF_A1_pi8_1500s.sc DONE
14/09/2023 22:21:20:	move motor	S18.axis2.phaseshifter 1 to 0.666671deg	reached 0.67017  DONE
14/09/2023 22:21:23:	function generator:  GPIB1::8 fn1=SIN *am1=0.74 *fr1=10000 *ph1=0 of1=0 bt1=4 dy1=29.43us DONE
14/09/2023 22:21:24:	function generator:  GPIB1::8 start1 DONE
14/09/2023 22:21:25:	create file	D:\data\Cycle 192ter\exp_3-16-14\rawdata\sc\TOF_vs_chi_A1_19pt_pi8_1500s_14Sep2221.dat	 DONE
14/09/2023 22:21:26:	1	TOF	4	time=1500	period=434µ	binwidth=3µ	delay=95µO Det=18052	H Det=124	Mon Det=34200	Aux Det=20593	O+H=18176	 DONE
14/09/2023 22:46:29:	function generator:  GPIB1::8 stop1 DONE
14/09/2023 22:46:30:	close file and end scan	 DONE
call of TOF_A1_pi8_1500s.sc DONE
14/09/2023 22:46:31:	move motor	S18.axis2.phaseshifter 1 to 0.833338deg	reached 0.82397  DONE
14/09/2023 22:46:34:	function generator:  GPIB1::8 fn1=SIN *am1=0.74 *fr1=10000 *ph1=0 of1=0 bt1=4 dy1=29.43us DONE
14/09/2023 22:46:35:	function generator:  GPIB1::8 start1 DONE
14/09/2023 22:46:36:	create file	D:\data\Cycle 192ter\exp_3-16-14\rawdata\sc\TOF_vs_chi_A1_19pt_pi8_1500s_14Sep2246.dat	 DONE
14/09/2023 22:46:37:	1	TOF	4	time=1500	period=434µ	binwidth=3µ	delay=95µO Det=14722	H Det=124	Mon Det=34200	Aux Det=26079	O+H=14846	 DONE
14/09/2023 23:11:41:	function generator:  GPIB1::8 stop1 DONE
14/09/2023 23:11:42:	close file and end scan	 DONE
call of TOF_A1_pi8_1500s.sc DONE
14/09/2023 23:11:43:	move motor	S18.axis2.phaseshifter 1 to 1.000005deg	reached 0.99976  DONE
14/09/2023 23:11:46:	function generator:  GPIB1::8 fn1=SIN *am1=0.74 *fr1=10000 *ph1=0 of1=0 bt1=4 dy1=29.43us DONE
14/09/2023 23:11:47:	function generator:  GPIB1::8 start1 DONE
14/09/2023 23:11:48:	create file	D:\data\Cycle 192ter\exp_3-16-14\rawdata\sc\TOF_vs_chi_A1_19pt_pi8_1500s_14Sep2311.dat	 DONE
14/09/2023 23:11:48:	1	TOF	4	time=1500	period=434µ	binwidth=3µ	delay=95µO Det=17220	H Det=124	Mon Det=34200	Aux Det=47602	O+H=17344	 DONE
14/09/2023 23:36:52:	function generator:  GPIB1::8 stop1 DONE
14/09/2023 23:36:53:	close file and end scan	 DONE
call of TOF_A1_pi8_1500s.sc DONE
14/09/2023 23:36:54:	move motor	S18.axis2.phaseshifter 1 to 1.166672deg	reached 1.16455  DONE
14/09/2023 23:36:57:	function generator:  GPIB1::8 fn1=SIN *am1=0.74 *fr1=10000 *ph1=0 of1=0 bt1=4 dy1=29.43us DONE
14/09/2023 23:36:58:	function generator:  GPIB1::8 start1 DONE
14/09/2023 23:36:59:	create file	D:\data\Cycle 192ter\exp_3-16-14\rawdata\sc\TOF_vs_chi_A1_19pt_pi8_1500s_14Sep2336.dat	 DONE
14/09/2023 23:36:59:	1	TOF	4	time=1500	period=434µ	binwidth=3µ	delay=95µO Det=38747	H Det=124	Mon Det=34200	Aux Det=85724	O+H=38871	 DONE
15/09/2023 09:22:36:	function generator:  GPIB1::8 stop1 DONE
15/09/2023 09:22:37:	close file and end scan	 DONE
call of TOF_A1_pi8_1500s.sc DONE
15/09/2023 09:22:38:	move motor	S18.axis2.phaseshifter 1 to 1.333339deg	reached 1.32935  DONE
15/09/2023 09:22:47:	function generator:  GPIB1::8 fn1=SIN *am1=0.74 *fr1=10000 *ph1=0 of1=0 bt1=4 dy1=29.43us DONE
15/09/2023 09:22:48:	function generator:  GPIB1::8 start1 DONE
15/09/2023 09:22:49:	create file	D:\data\Cycle 192ter\exp_3-16-14\rawdata\sc\TOF_vs_chi_A1_19pt_pi8_1500s_15Sep0922.dat	 DONE
15/09/2023 09:22:49:	1	TOF	4	time=1500	period=434µ	binwidth=3µ	delay=95µO Det=27412	H Det=124	Mon Det=34200	Aux Det=86346	O+H=27536	 DONE
15/09/2023 09:48:32:	function generator:  GPIB1::8 stop1 DONE
15/09/2023 09:48:33:	close file and end scan	 DONE
call of TOF_A1_pi8_1500s.sc DONE
15/09/2023 09:48:34:	move motor	S18.axis2.phaseshifter 1 to 1.500006deg	reached 1.49414  DONE
15/09/2023 09:48:37:	function generator:  GPIB1::8 fn1=SIN *am1=0.74 *fr1=10000 *ph1=0 of1=0 bt1=4 dy1=29.43us DONE
15/09/2023 09:48:38:	function generator:  GPIB1::8 start1 DONE
15/09/2023 09:48:39:	create file	D:\data\Cycle 192ter\exp_3-16-14\rawdata\sc\TOF_vs_chi_A1_19pt_pi8_1500s_15Sep0948.dat	 DONE
15/09/2023 09:48:39:	1	TOF	4	time=1500	period=434µ	binwidth=3µ	delay=95µO Det=42344	H Det=124	Mon Det=34200	Aux Det=130690	O+H=42468	 DONE
15/09/2023 10:13:43:	function generator:  GPIB1::8 stop1 DONE
15/09/2023 10:13:44:	close file and end scan	 DONE
call of TOF_A1_pi8_1500s.sc DONE
15/09/2023 10:13:45:	close file and end scan	 DONE
15/09/2023 10:13:46:	END OF SCRIPT	 DONE
