24/09/2023 07:47:22:	start execution of script D:\data\Cycle 192ter\exp_3-16-14\rawdata\sc\TOF_vs_chi_A1_19pt_pi4_1500s.sc	 DONE
24/09/2023 07:47:22:	function generator:  GPIB1::8 fn1=SIN *am1=0.0 *fr1=0 *ph1=0 of1=0 bt1=3 DONE
24/09/2023 07:47:23:	function generator:  GPIB1::8 fn2=SIN *am2=0.0 *fr2=0 *ph2=0 of2=0 bt2=3 DONE
24/09/2023 07:47:23:	move motor	S18.axis2.phaseshifter 1 to -1.500000deg	reached -1.51611  DONE
24/09/2023 07:47:27:	function generator:  GPIB1::8 fn1=SIN *am1=1.52 *fr1=10000 *ph1=0 of1=0 bt1=4 dy1=29.43us DONE
24/09/2023 07:47:28:	function generator:  GPIB1::8 start1 DONE
24/09/2023 07:47:28:	create file	D:\data\Cycle 192ter\exp_3-16-14\rawdata\sc\TOF_vs_chi_A1_19pt_pi4_1500s_24Sep0747.dat	 DONE
24/09/2023 07:47:29:	1	TOF	4	time=1500	period=434µ	binwidth=3µ	delay=95µO Det=47064	H Det=49	Mon Det=32590	Aux Det=129846	O+H=47113	 DONE
24/09/2023 08:12:33:	function generator:  GPIB1::8 stop1 DONE
24/09/2023 08:12:33:	close file and end scan	 DONE
call of TOF_A1_pi4_1500s.sc DONE
24/09/2023 08:12:34:	move motor	S18.axis2.phaseshifter 1 to -1.333333deg	reached -1.32935  DONE
24/09/2023 08:12:37:	function generator:  GPIB1::8 fn1=SIN *am1=1.52 *fr1=10000 *ph1=0 of1=0 bt1=4 dy1=29.43us DONE
24/09/2023 08:12:38:	function generator:  GPIB1::8 start1 DONE
24/09/2023 08:12:38:	create file	D:\data\Cycle 192ter\exp_3-16-14\rawdata\sc\TOF_vs_chi_A1_19pt_pi4_1500s_24Sep0812.dat	 DONE
24/09/2023 08:12:39:	1	TOF	4	time=1500	period=434µ	binwidth=3µ	delay=95µO Det=39669	H Det=49	Mon Det=32590	Aux Det=96459	O+H=39718	 DONE
24/09/2023 08:37:43:	function generator:  GPIB1::8 stop1 DONE
24/09/2023 08:37:43:	close file and end scan	 DONE
call of TOF_A1_pi4_1500s.sc DONE
24/09/2023 08:37:44:	move motor	S18.axis2.phaseshifter 1 to -1.166666deg	reached -1.16455  DONE
24/09/2023 08:37:47:	function generator:  GPIB1::8 fn1=SIN *am1=1.52 *fr1=10000 *ph1=0 of1=0 bt1=4 dy1=29.43us DONE
24/09/2023 08:37:48:	function generator:  GPIB1::8 start1 DONE
24/09/2023 08:37:48:	create file	D:\data\Cycle 192ter\exp_3-16-14\rawdata\sc\TOF_vs_chi_A1_19pt_pi4_1500s_24Sep0837.dat	 DONE
24/09/2023 08:37:49:	1	TOF	4	time=1500	period=434µ	binwidth=3µ	delay=95µO Det=32851	H Det=49	Mon Det=32590	Aux Det=66514	O+H=32900	 DONE
24/09/2023 09:02:52:	function generator:  GPIB1::8 stop1 DONE
24/09/2023 09:02:53:	close file and end scan	 DONE
call of TOF_A1_pi4_1500s.sc DONE
24/09/2023 09:02:54:	move motor	S18.axis2.phaseshifter 1 to -0.999999deg	reached -0.99976  DONE
24/09/2023 09:02:57:	function generator:  GPIB1::8 fn1=SIN *am1=1.52 *fr1=10000 *ph1=0 of1=0 bt1=4 dy1=29.43us DONE
24/09/2023 09:02:57:	function generator:  GPIB1::8 start1 DONE
24/09/2023 09:02:58:	create file	D:\data\Cycle 192ter\exp_3-16-14\rawdata\sc\TOF_vs_chi_A1_19pt_pi4_1500s_24Sep0902.dat	 DONE
24/09/2023 09:02:59:	1	TOF	4	time=1500	period=434µ	binwidth=3µ	delay=95µO Det=25643	H Det=49	Mon Det=32590	Aux Det=39501	O+H=25692	 DONE
24/09/2023 09:28:02:	function generator:  GPIB1::8 stop1 DONE
24/09/2023 09:28:03:	close file and end scan	 DONE
call of TOF_A1_pi4_1500s.sc DONE
24/09/2023 09:28:04:	move motor	S18.axis2.phaseshifter 1 to -0.833332deg	reached -0.83496  DONE
24/09/2023 09:28:07:	function generator:  GPIB1::8 fn1=SIN *am1=1.52 *fr1=10000 *ph1=0 of1=0 bt1=4 dy1=29.43us DONE
24/09/2023 09:28:07:	function generator:  GPIB1::8 start1 DONE
24/09/2023 09:28:08:	create file	D:\data\Cycle 192ter\exp_3-16-14\rawdata\sc\TOF_vs_chi_A1_19pt_pi4_1500s_24Sep0928.dat	 DONE
24/09/2023 09:28:09:	1	TOF	4	time=1500	period=434µ	binwidth=3µ	delay=95µO Det=22177	H Det=49	Mon Det=32590	Aux Det=29182	O+H=22226	 DONE
24/09/2023 09:53:12:	function generator:  GPIB1::8 stop1 DONE
24/09/2023 09:53:13:	close file and end scan	 DONE
call of TOF_A1_pi4_1500s.sc DONE
24/09/2023 09:53:14:	move motor	S18.axis2.phaseshifter 1 to -0.666665deg	reached -0.67017  DONE
24/09/2023 09:53:17:	function generator:  GPIB1::8 fn1=SIN *am1=1.52 *fr1=10000 *ph1=0 of1=0 bt1=4 dy1=29.43us DONE
24/09/2023 09:53:17:	function generator:  GPIB1::8 start1 DONE
24/09/2023 09:53:18:	create file	D:\data\Cycle 192ter\exp_3-16-14\rawdata\sc\TOF_vs_chi_A1_19pt_pi4_1500s_24Sep0953.dat	 DONE
24/09/2023 09:53:18:	1	TOF	4	time=1500	period=434µ	binwidth=3µ	delay=95µO Det=22567	H Det=49	Mon Det=32590	Aux Det=35437	O+H=22616	 DONE
24/09/2023 10:18:22:	function generator:  GPIB1::8 stop1 DONE
24/09/2023 10:18:23:	close file and end scan	 DONE
call of TOF_A1_pi4_1500s.sc DONE
24/09/2023 10:18:24:	move motor	S18.axis2.phaseshifter 1 to -0.499998deg	reached -0.51636  DONE
24/09/2023 10:18:26:	function generator:  GPIB1::8 fn1=SIN *am1=1.52 *fr1=10000 *ph1=0 of1=0 bt1=4 dy1=29.43us DONE
24/09/2023 10:18:27:	function generator:  GPIB1::8 start1 DONE
24/09/2023 10:18:28:	create file	D:\data\Cycle 192ter\exp_3-16-14\rawdata\sc\TOF_vs_chi_A1_19pt_pi4_1500s_24Sep1018.dat	 DONE
24/09/2023 10:18:28:	1	TOF	4	time=1500	period=434µ	binwidth=3µ	delay=95µO Det=26035	H Det=49	Mon Det=32590	Aux Det=56557	O+H=26084	 DONE
24/09/2023 10:43:32:	function generator:  GPIB1::8 stop1 DONE
24/09/2023 10:43:33:	close file and end scan	 DONE
call of TOF_A1_pi4_1500s.sc DONE
24/09/2023 10:43:34:	move motor	S18.axis2.phaseshifter 1 to -0.333331deg	reached -0.32959  DONE
24/09/2023 10:43:36:	function generator:  GPIB1::8 fn1=SIN *am1=1.52 *fr1=10000 *ph1=0 of1=0 bt1=4 dy1=29.43us DONE
24/09/2023 10:43:37:	function generator:  GPIB1::8 start1 DONE
24/09/2023 10:43:38:	create file	D:\data\Cycle 192ter\exp_3-16-14\rawdata\sc\TOF_vs_chi_A1_19pt_pi4_1500s_24Sep1043.dat	 DONE
24/09/2023 10:43:38:	1	TOF	4	time=1500	period=434µ	binwidth=3µ	delay=95µO Det=33079	H Det=49	Mon Det=32590	Aux Det=90373	O+H=33128	 DONE
24/09/2023 11:08:42:	function generator:  GPIB1::8 stop1 DONE
24/09/2023 11:08:42:	close file and end scan	 DONE
call of TOF_A1_pi4_1500s.sc DONE
24/09/2023 11:08:43:	move motor	S18.axis2.phaseshifter 1 to -0.166664deg	reached -0.16479  DONE
24/09/2023 11:08:46:	function generator:  GPIB1::8 fn1=SIN *am1=1.52 *fr1=10000 *ph1=0 of1=0 bt1=4 dy1=29.43us DONE
24/09/2023 11:08:47:	function generator:  GPIB1::8 start1 DONE
24/09/2023 11:08:47:	create file	D:\data\Cycle 192ter\exp_3-16-14\rawdata\sc\TOF_vs_chi_A1_19pt_pi4_1500s_24Sep1108.dat	 DONE
24/09/2023 11:08:48:	1	TOF	4	time=1500	period=434µ	binwidth=3µ	delay=95µO Det=40978	H Det=49	Mon Det=32590	Aux Det=123316	O+H=41027	 DONE
24/09/2023 11:33:52:	function generator:  GPIB1::8 stop1 DONE
24/09/2023 11:33:52:	close file and end scan	 DONE
call of TOF_A1_pi4_1500s.sc DONE
24/09/2023 11:33:53:	move motor	S18.axis2.phaseshifter 1 to 0.000003deg	reached 0.00000  DONE
24/09/2023 11:33:56:	function generator:  GPIB1::8 fn1=SIN *am1=1.52 *fr1=10000 *ph1=0 of1=0 bt1=4 dy1=29.43us DONE
24/09/2023 11:33:57:	function generator:  GPIB1::8 start1 DONE
24/09/2023 11:33:57:	create file	D:\data\Cycle 192ter\exp_3-16-14\rawdata\sc\TOF_vs_chi_A1_19pt_pi4_1500s_24Sep1133.dat	 DONE
24/09/2023 11:33:58:	1	TOF	4	time=1500	period=434µ	binwidth=3µ	delay=95µO Det=48097	H Det=49	Mon Det=32590	Aux Det=151946	O+H=48146	 DONE
24/09/2023 11:59:01:	function generator:  GPIB1::8 stop1 DONE
24/09/2023 11:59:02:	close file and end scan	 DONE
call of TOF_A1_pi4_1500s.sc DONE
24/09/2023 11:59:03:	move motor	S18.axis2.phaseshifter 1 to 0.166670deg	reached 0.14282  DONE
24/09/2023 11:59:06:	function generator:  GPIB1::8 fn1=SIN *am1=1.52 *fr1=10000 *ph1=0 of1=0 bt1=4 dy1=29.43us DONE
24/09/2023 11:59:06:	function generator:  GPIB1::8 start1 DONE
24/09/2023 11:59:07:	create file	D:\data\Cycle 192ter\exp_3-16-14\rawdata\sc\TOF_vs_chi_A1_19pt_pi4_1500s_24Sep1159.dat	 DONE
24/09/2023 11:59:08:	1	TOF	4	time=1500	period=434µ	binwidth=3µ	delay=95µO Det=52501	H Det=49	Mon Det=32590	Aux Det=164962	O+H=52550	 DONE
24/09/2023 12:24:11:	function generator:  GPIB1::8 stop1 DONE
24/09/2023 12:24:12:	close file and end scan	 DONE
call of TOF_A1_pi4_1500s.sc DONE
24/09/2023 12:24:13:	move motor	S18.axis2.phaseshifter 1 to 0.333337deg	reached 0.32959  DONE
24/09/2023 12:24:16:	function generator:  GPIB1::8 fn1=SIN *am1=1.52 *fr1=10000 *ph1=0 of1=0 bt1=4 dy1=29.43us DONE
24/09/2023 12:24:16:	function generator:  GPIB1::8 start1 DONE
24/09/2023 12:24:17:	create file	D:\data\Cycle 192ter\exp_3-16-14\rawdata\sc\TOF_vs_chi_A1_19pt_pi4_1500s_24Sep1224.dat	 DONE
24/09/2023 12:24:18:	1	TOF	4	time=1500	period=434µ	binwidth=3µ	delay=95µO Det=53830	H Det=49	Mon Det=32590	Aux Det=163565	O+H=53879	 DONE
24/09/2023 12:49:21:	function generator:  GPIB1::8 stop1 DONE
24/09/2023 12:49:22:	close file and end scan	 DONE
call of TOF_A1_pi4_1500s.sc DONE
24/09/2023 12:49:23:	move motor	S18.axis2.phaseshifter 1 to 0.500004deg	reached 0.49438  DONE
24/09/2023 12:49:26:	function generator:  GPIB1::8 fn1=SIN *am1=1.52 *fr1=10000 *ph1=0 of1=0 bt1=4 dy1=29.43us DONE
24/09/2023 12:49:27:	function generator:  GPIB1::8 start1 DONE
24/09/2023 12:49:27:	create file	D:\data\Cycle 192ter\exp_3-16-14\rawdata\sc\TOF_vs_chi_A1_19pt_pi4_1500s_24Sep1249.dat	 DONE
24/09/2023 12:49:28:	1	TOF	4	time=1500	period=434µ	binwidth=3µ	delay=95µO Det=50982	H Det=49	Mon Det=32590	Aux Det=145263	O+H=51031	 DONE
24/09/2023 13:14:31:	function generator:  GPIB1::8 stop1 DONE
24/09/2023 13:14:32:	close file and end scan	 DONE
call of TOF_A1_pi4_1500s.sc DONE
24/09/2023 13:14:33:	move motor	S18.axis2.phaseshifter 1 to 0.666671deg	reached 0.67017  DONE
24/09/2023 13:14:36:	function generator:  GPIB1::8 fn1=SIN *am1=1.52 *fr1=10000 *ph1=0 of1=0 bt1=4 dy1=29.43us DONE
24/09/2023 13:14:36:	function generator:  GPIB1::8 start1 DONE
24/09/2023 13:14:37:	create file	D:\data\Cycle 192ter\exp_3-16-14\rawdata\sc\TOF_vs_chi_A1_19pt_pi4_1500s_24Sep1314.dat	 DONE
24/09/2023 13:14:38:	1	TOF	4	time=1500	period=434µ	binwidth=3µ	delay=95µO Det=43981	H Det=49	Mon Det=32590	Aux Det=114943	O+H=44030	 DONE
24/09/2023 13:39:41:	function generator:  GPIB1::8 stop1 DONE
24/09/2023 13:39:42:	close file and end scan	 DONE
call of TOF_A1_pi4_1500s.sc DONE
24/09/2023 13:39:43:	move motor	S18.axis2.phaseshifter 1 to 0.833338deg	reached 0.83496  DONE
24/09/2023 13:39:46:	function generator:  GPIB1::8 fn1=SIN *am1=1.52 *fr1=10000 *ph1=0 of1=0 bt1=4 dy1=29.43us DONE
24/09/2023 13:39:46:	function generator:  GPIB1::8 start1 DONE
24/09/2023 13:39:47:	create file	D:\data\Cycle 192ter\exp_3-16-14\rawdata\sc\TOF_vs_chi_A1_19pt_pi4_1500s_24Sep1339.dat	 DONE
24/09/2023 13:39:48:	1	TOF	4	time=1500	period=434µ	binwidth=3µ	delay=95µO Det=35405	H Det=49	Mon Det=32590	Aux Det=76301	O+H=35454	 DONE
24/09/2023 14:04:51:	function generator:  GPIB1::8 stop1 DONE
24/09/2023 14:04:52:	close file and end scan	 DONE
call of TOF_A1_pi4_1500s.sc DONE
24/09/2023 14:04:53:	move motor	S18.axis2.phaseshifter 1 to 1.000005deg	reached 0.99976  DONE
24/09/2023 14:04:56:	function generator:  GPIB1::8 fn1=SIN *am1=1.52 *fr1=10000 *ph1=0 of1=0 bt1=4 dy1=29.43us DONE
24/09/2023 14:04:56:	function generator:  GPIB1::8 start1 DONE
24/09/2023 14:04:57:	create file	D:\data\Cycle 192ter\exp_3-16-14\rawdata\sc\TOF_vs_chi_A1_19pt_pi4_1500s_24Sep1404.dat	 DONE
24/09/2023 14:04:58:	1	TOF	4	time=1500	period=434µ	binwidth=3µ	delay=95µO Det=27725	H Det=49	Mon Det=32590	Aux Det=47334	O+H=27774	 DONE
24/09/2023 14:30:01:	function generator:  GPIB1::8 stop1 DONE
24/09/2023 14:30:02:	close file and end scan	 DONE
call of TOF_A1_pi4_1500s.sc DONE
24/09/2023 14:30:03:	move motor	S18.axis2.phaseshifter 1 to 1.166672deg	reached 1.15356  DONE
24/09/2023 14:30:06:	function generator:  GPIB1::8 fn1=SIN *am1=1.52 *fr1=10000 *ph1=0 of1=0 bt1=4 dy1=29.43us DONE
24/09/2023 14:30:06:	function generator:  GPIB1::8 start1 DONE
24/09/2023 14:30:07:	create file	D:\data\Cycle 192ter\exp_3-16-14\rawdata\sc\TOF_vs_chi_A1_19pt_pi4_1500s_24Sep1430.dat	 DONE
24/09/2023 14:30:07:	1	TOF	4	time=1500	period=434µ	binwidth=3µ	delay=95µO Det=22858	H Det=49	Mon Det=32590	Aux Det=31195	O+H=22907	 DONE
24/09/2023 14:55:11:	function generator:  GPIB1::8 stop1 DONE
24/09/2023 14:55:12:	close file and end scan	 DONE
call of TOF_A1_pi4_1500s.sc DONE
24/09/2023 14:55:13:	move motor	S18.axis2.phaseshifter 1 to 1.333339deg	reached 1.32935  DONE
24/09/2023 14:55:16:	function generator:  GPIB1::8 fn1=SIN *am1=1.52 *fr1=10000 *ph1=0 of1=0 bt1=4 dy1=29.43us DONE
24/09/2023 14:55:16:	function generator:  GPIB1::8 start1 DONE
24/09/2023 14:55:17:	create file	D:\data\Cycle 192ter\exp_3-16-14\rawdata\sc\TOF_vs_chi_A1_19pt_pi4_1500s_24Sep1455.dat	 DONE
24/09/2023 14:55:17:	1	TOF	4	time=1500	period=434µ	binwidth=3µ	delay=95µO Det=21371	H Det=49	Mon Det=32590	Aux Det=32651	O+H=21420	 DONE
24/09/2023 15:20:21:	function generator:  GPIB1::8 stop1 DONE
24/09/2023 15:20:22:	close file and end scan	 DONE
call of TOF_A1_pi4_1500s.sc DONE
24/09/2023 15:20:23:	move motor	S18.axis2.phaseshifter 1 to 1.500006deg	reached 1.49414  DONE
24/09/2023 15:20:26:	function generator:  GPIB1::8 fn1=SIN *am1=1.52 *fr1=10000 *ph1=0 of1=0 bt1=4 dy1=29.43us DONE
24/09/2023 15:20:26:	function generator:  GPIB1::8 start1 DONE
24/09/2023 15:20:27:	create file	D:\data\Cycle 192ter\exp_3-16-14\rawdata\sc\TOF_vs_chi_A1_19pt_pi4_1500s_24Sep1520.dat	 DONE
24/09/2023 15:20:27:	1	TOF	4	time=1500	period=434µ	binwidth=3µ	delay=95µO Det=24616	H Det=49	Mon Det=32590	Aux Det=52466	O+H=24665	 DONE
24/09/2023 15:45:31:	function generator:  GPIB1::8 stop1 DONE
24/09/2023 15:45:32:	close file and end scan	 DONE
call of TOF_A1_pi4_1500s.sc DONE
24/09/2023 15:45:33:	close file and end scan	 DONE
24/09/2023 15:45:33:	END OF SCRIPT	 DONE
