27/09/2023 11:04:58:	start execution of script D:\data\Cycle 192ter\exp_3-16-14\rawdata\sc\TOF_vs_chi_A1_19pt_pi8_1500s.sc	 DONE
27/09/2023 11:04:58:	function generator:  GPIB1::8 fn1=SIN *am1=0.0 *fr1=0 *ph1=0 of1=0 bt1=3 DONE
27/09/2023 11:04:59:	function generator:  GPIB1::8 fn2=SIN *am2=0.0 *fr2=0 *ph2=0 of2=0 bt2=3 DONE
27/09/2023 11:04:59:	move motor	S18.axis2.phaseshifter 1 to -1.500000deg	reached -1.50513  DONE
27/09/2023 11:05:03:	function generator:  GPIB1::8 fn1=SIN *am1=0.74 *fr1=10000 *ph1=0 of1=0 bt1=4 dy1=29.43us DONE
27/09/2023 11:05:04:	function generator:  GPIB1::8 start1 DONE
27/09/2023 11:05:04:	create file	D:\data\Cycle 192ter\exp_3-16-14\rawdata\sc\TOF_vs_chi_A1_19pt_pi8_1500s_27Sep1105.dat	 DONE
27/09/2023 11:05:05:	1	TOF	4	time=1500	period=434µ	binwidth=3µ	delay=95µO Det=89992	H Det=67	Mon Det=32540	Aux Det=140534	O+H=90059	 DONE
27/09/2023 11:30:08:	function generator:  GPIB1::8 stop1 DONE
27/09/2023 11:30:09:	close file and end scan	 DONE
call of TOF_A1_pi8_1500s.sc DONE
27/09/2023 11:30:10:	move motor	S18.axis2.phaseshifter 1 to -1.333333deg	reached -1.32935  DONE
27/09/2023 11:30:12:	function generator:  GPIB1::8 fn1=SIN *am1=0.74 *fr1=10000 *ph1=0 of1=0 bt1=4 dy1=29.43us DONE
27/09/2023 11:30:13:	function generator:  GPIB1::8 start1 DONE
27/09/2023 11:30:14:	create file	D:\data\Cycle 192ter\exp_3-16-14\rawdata\sc\TOF_vs_chi_A1_19pt_pi8_1500s_27Sep1130.dat	 DONE
27/09/2023 11:30:14:	1	TOF	4	time=1500	period=434µ	binwidth=3µ	delay=95µO Det=68129	H Det=67	Mon Det=32540	Aux Det=90443	O+H=68196	 DONE
27/09/2023 11:55:18:	function generator:  GPIB1::8 stop1 DONE
27/09/2023 11:55:18:	close file and end scan	 DONE
call of TOF_A1_pi8_1500s.sc DONE
27/09/2023 11:55:20:	move motor	S18.axis2.phaseshifter 1 to -1.166666deg	reached -1.16455  DONE
27/09/2023 11:55:22:	function generator:  GPIB1::8 fn1=SIN *am1=0.74 *fr1=10000 *ph1=0 of1=0 bt1=4 dy1=29.43us DONE
27/09/2023 11:55:23:	function generator:  GPIB1::8 start1 DONE
27/09/2023 11:55:23:	create file	D:\data\Cycle 192ter\exp_3-16-14\rawdata\sc\TOF_vs_chi_A1_19pt_pi8_1500s_27Sep1155.dat	 DONE
27/09/2023 11:55:24:	1	TOF	4	time=1500	period=434µ	binwidth=3µ	delay=95µO Det=64479	H Det=67	Mon Det=32540	Aux Det=109283	O+H=64546	 DONE
27/09/2023 12:20:27:	function generator:  GPIB1::8 stop1 DONE
27/09/2023 12:20:28:	close file and end scan	 DONE
call of TOF_A1_pi8_1500s.sc DONE
27/09/2023 12:20:29:	move motor	S18.axis2.phaseshifter 1 to -0.999999deg	reached -0.99976  DONE
27/09/2023 12:20:32:	function generator:  GPIB1::8 fn1=SIN *am1=0.74 *fr1=10000 *ph1=0 of1=0 bt1=4 dy1=29.43us DONE
27/09/2023 12:20:32:	function generator:  GPIB1::8 start1 DONE
27/09/2023 12:20:33:	create file	D:\data\Cycle 192ter\exp_3-16-14\rawdata\sc\TOF_vs_chi_A1_19pt_pi8_1500s_27Sep1220.dat	 DONE
27/09/2023 12:20:33:	1	TOF	4	time=1500	period=434µ	binwidth=3µ	delay=95µO Det=72182	H Det=67	Mon Det=32540	Aux Det=181882	O+H=72249	 DONE
27/09/2023 12:45:37:	function generator:  GPIB1::8 stop1 DONE
27/09/2023 12:45:38:	close file and end scan	 DONE
call of TOF_A1_pi8_1500s.sc DONE
27/09/2023 12:45:39:	move motor	S18.axis2.phaseshifter 1 to -0.833332deg	reached -0.84595  DONE
27/09/2023 12:45:41:	function generator:  GPIB1::8 fn1=SIN *am1=0.74 *fr1=10000 *ph1=0 of1=0 bt1=4 dy1=29.43us DONE
27/09/2023 12:45:42:	function generator:  GPIB1::8 start1 DONE
27/09/2023 12:45:42:	create file	D:\data\Cycle 192ter\exp_3-16-14\rawdata\sc\TOF_vs_chi_A1_19pt_pi8_1500s_27Sep1245.dat	 DONE
27/09/2023 12:45:43:	1	TOF	4	time=1500	period=434µ	binwidth=3µ	delay=95µO Det=92998	H Det=67	Mon Det=32540	Aux Det=287511	O+H=93065	 DONE
27/09/2023 13:10:47:	function generator:  GPIB1::8 stop1 DONE
27/09/2023 13:10:47:	close file and end scan	 DONE
call of TOF_A1_pi8_1500s.sc DONE
27/09/2023 13:10:48:	move motor	S18.axis2.phaseshifter 1 to -0.666665deg	reached -0.67017  DONE
27/09/2023 13:10:51:	function generator:  GPIB1::8 fn1=SIN *am1=0.74 *fr1=10000 *ph1=0 of1=0 bt1=4 dy1=29.43us DONE
27/09/2023 13:10:51:	function generator:  GPIB1::8 start1 DONE
27/09/2023 13:10:52:	create file	D:\data\Cycle 192ter\exp_3-16-14\rawdata\sc\TOF_vs_chi_A1_19pt_pi8_1500s_27Sep1310.dat	 DONE
27/09/2023 13:10:53:	1	TOF	4	time=1500	period=434µ	binwidth=3µ	delay=95µO Det=121303	H Det=67	Mon Det=32540	Aux Det=407593	O+H=121370	 DONE
27/09/2023 13:35:56:	function generator:  GPIB1::8 stop1 DONE
27/09/2023 13:35:57:	close file and end scan	 DONE
call of TOF_A1_pi8_1500s.sc DONE
27/09/2023 13:35:58:	move motor	S18.axis2.phaseshifter 1 to -0.499998deg	reached -0.51636  DONE
27/09/2023 13:36:00:	function generator:  GPIB1::8 fn1=SIN *am1=0.74 *fr1=10000 *ph1=0 of1=0 bt1=4 dy1=29.43us DONE
27/09/2023 13:36:01:	function generator:  GPIB1::8 start1 DONE
27/09/2023 13:36:02:	create file	D:\data\Cycle 192ter\exp_3-16-14\rawdata\sc\TOF_vs_chi_A1_19pt_pi8_1500s_27Sep1336.dat	 DONE
27/09/2023 13:36:02:	1	TOF	4	time=1500	period=434µ	binwidth=3µ	delay=95µO Det=150458	H Det=67	Mon Det=32540	Aux Det=512639	O+H=150525	 DONE
27/09/2023 14:01:06:	function generator:  GPIB1::8 stop1 DONE
27/09/2023 14:01:06:	close file and end scan	 DONE
call of TOF_A1_pi8_1500s.sc DONE
27/09/2023 14:01:07:	move motor	S18.axis2.phaseshifter 1 to -0.333331deg	reached -0.32959  DONE
27/09/2023 14:01:10:	function generator:  GPIB1::8 fn1=SIN *am1=0.74 *fr1=10000 *ph1=0 of1=0 bt1=4 dy1=29.43us DONE
27/09/2023 14:01:11:	function generator:  GPIB1::8 start1 DONE
27/09/2023 14:01:11:	create file	D:\data\Cycle 192ter\exp_3-16-14\rawdata\sc\TOF_vs_chi_A1_19pt_pi8_1500s_27Sep1401.dat	 DONE
27/09/2023 14:01:12:	1	TOF	4	time=1500	period=434µ	binwidth=3µ	delay=95µO Det=174060	H Det=67	Mon Det=32540	Aux Det=572336	O+H=174127	 DONE
27/09/2023 14:26:15:	function generator:  GPIB1::8 stop1 DONE
27/09/2023 14:26:16:	close file and end scan	 DONE
call of TOF_A1_pi8_1500s.sc DONE
27/09/2023 14:26:17:	move motor	S18.axis2.phaseshifter 1 to -0.166664deg	reached -0.17578  DONE
27/09/2023 14:26:19:	function generator:  GPIB1::8 fn1=SIN *am1=0.74 *fr1=10000 *ph1=0 of1=0 bt1=4 dy1=29.43us DONE
27/09/2023 14:26:20:	function generator:  GPIB1::8 start1 DONE
27/09/2023 14:26:21:	create file	D:\data\Cycle 192ter\exp_3-16-14\rawdata\sc\TOF_vs_chi_A1_19pt_pi8_1500s_27Sep1426.dat	 DONE
27/09/2023 14:26:21:	1	TOF	4	time=1500	period=434µ	binwidth=3µ	delay=95µO Det=179684	H Det=67	Mon Det=32540	Aux Det=557135	O+H=179751	 DONE
27/09/2023 14:51:25:	function generator:  GPIB1::8 stop1 DONE
27/09/2023 14:51:25:	close file and end scan	 DONE
call of TOF_A1_pi8_1500s.sc DONE
27/09/2023 14:51:27:	move motor	S18.axis2.phaseshifter 1 to 0.000003deg	reached 0.00000  DONE
27/09/2023 14:51:29:	function generator:  GPIB1::8 fn1=SIN *am1=0.74 *fr1=10000 *ph1=0 of1=0 bt1=4 dy1=29.43us DONE
27/09/2023 14:51:30:	function generator:  GPIB1::8 start1 DONE
27/09/2023 14:51:30:	create file	D:\data\Cycle 192ter\exp_3-16-14\rawdata\sc\TOF_vs_chi_A1_19pt_pi8_1500s_27Sep1451.dat	 DONE
27/09/2023 14:51:31:	1	TOF	4	time=1500	period=434µ	binwidth=3µ	delay=95µO Det=170707	H Det=67	Mon Det=32540	Aux Det=481652	O+H=170774	 DONE
27/09/2023 15:16:35:	function generator:  GPIB1::8 stop1 DONE
27/09/2023 15:16:35:	close file and end scan	 DONE
call of TOF_A1_pi8_1500s.sc DONE
27/09/2023 15:16:36:	move motor	S18.axis2.phaseshifter 1 to 0.166670deg	reached 0.16479  DONE
27/09/2023 15:16:39:	function generator:  GPIB1::8 fn1=SIN *am1=0.74 *fr1=10000 *ph1=0 of1=0 bt1=4 dy1=29.43us DONE
27/09/2023 15:16:39:	function generator:  GPIB1::8 start1 DONE
27/09/2023 15:16:40:	create file	D:\data\Cycle 192ter\exp_3-16-14\rawdata\sc\TOF_vs_chi_A1_19pt_pi8_1500s_27Sep1516.dat	 DONE
27/09/2023 15:16:40:	1	TOF	4	time=1500	period=434µ	binwidth=3µ	delay=95µO Det=149099	H Det=67	Mon Det=32540	Aux Det=372266	O+H=149166	 DONE
27/09/2023 15:41:44:	function generator:  GPIB1::8 stop1 DONE
27/09/2023 15:41:45:	close file and end scan	 DONE
call of TOF_A1_pi8_1500s.sc DONE
27/09/2023 15:41:46:	move motor	S18.axis2.phaseshifter 1 to 0.333337deg	reached 0.32959  DONE
27/09/2023 15:41:48:	function generator:  GPIB1::8 fn1=SIN *am1=0.74 *fr1=10000 *ph1=0 of1=0 bt1=4 dy1=29.43us DONE
27/09/2023 15:41:49:	function generator:  GPIB1::8 start1 DONE
27/09/2023 15:41:49:	create file	D:\data\Cycle 192ter\exp_3-16-14\rawdata\sc\TOF_vs_chi_A1_19pt_pi8_1500s_27Sep1541.dat	 DONE
27/09/2023 15:41:50:	1	TOF	4	time=1500	period=434µ	binwidth=3µ	delay=95µO Det=120512	H Det=67	Mon Det=32540	Aux Det=251563	O+H=120579	 DONE
27/09/2023 16:06:54:	function generator:  GPIB1::8 stop1 DONE
27/09/2023 16:06:54:	close file and end scan	 DONE
call of TOF_A1_pi8_1500s.sc DONE
27/09/2023 16:06:55:	move motor	S18.axis2.phaseshifter 1 to 0.500004deg	reached 0.49438  DONE
27/09/2023 16:06:58:	function generator:  GPIB1::8 fn1=SIN *am1=0.74 *fr1=10000 *ph1=0 of1=0 bt1=4 dy1=29.43us DONE
27/09/2023 16:06:59:	function generator:  GPIB1::8 start1 DONE
27/09/2023 16:06:59:	create file	D:\data\Cycle 192ter\exp_3-16-14\rawdata\sc\TOF_vs_chi_A1_19pt_pi8_1500s_27Sep1606.dat	 DONE
27/09/2023 16:07:00:	1	TOF	4	time=1500	period=434µ	binwidth=3µ	delay=95µO Det=91251	H Det=67	Mon Det=32540	Aux Det=151298	O+H=91318	 DONE
27/09/2023 16:32:03:	function generator:  GPIB1::8 stop1 DONE
27/09/2023 16:32:04:	close file and end scan	 DONE
call of TOF_A1_pi8_1500s.sc DONE
27/09/2023 16:32:05:	move motor	S18.axis2.phaseshifter 1 to 0.666671deg	reached 0.67017  DONE
27/09/2023 16:32:08:	function generator:  GPIB1::8 fn1=SIN *am1=0.74 *fr1=10000 *ph1=0 of1=0 bt1=4 dy1=29.43us DONE
27/09/2023 16:32:08:	function generator:  GPIB1::8 start1 DONE
27/09/2023 16:32:09:	create file	D:\data\Cycle 192ter\exp_3-16-14\rawdata\sc\TOF_vs_chi_A1_19pt_pi8_1500s_27Sep1632.dat	 DONE
27/09/2023 16:32:10:	1	TOF	4	time=1500	period=434µ	binwidth=3µ	delay=95µO Det=70407	H Det=67	Mon Det=32540	Aux Det=98980	O+H=70474	 DONE
27/09/2023 16:57:13:	function generator:  GPIB1::8 stop1 DONE
27/09/2023 16:57:14:	close file and end scan	 DONE
call of TOF_A1_pi8_1500s.sc DONE
27/09/2023 16:57:15:	move motor	S18.axis2.phaseshifter 1 to 0.833338deg	reached 0.83496  DONE
27/09/2023 16:57:17:	function generator:  GPIB1::8 fn1=SIN *am1=0.74 *fr1=10000 *ph1=0 of1=0 bt1=4 dy1=29.43us DONE
27/09/2023 16:57:18:	function generator:  GPIB1::8 start1 DONE
27/09/2023 16:57:19:	create file	D:\data\Cycle 192ter\exp_3-16-14\rawdata\sc\TOF_vs_chi_A1_19pt_pi8_1500s_27Sep1657.dat	 DONE
27/09/2023 16:57:19:	1	TOF	4	time=1500	period=434µ	binwidth=3µ	delay=95µO Det=63998	H Det=67	Mon Det=32540	Aux Det=111730	O+H=64065	 DONE
27/09/2023 17:22:23:	function generator:  GPIB1::8 stop1 DONE
27/09/2023 17:22:24:	close file and end scan	 DONE
call of TOF_A1_pi8_1500s.sc DONE
27/09/2023 17:22:25:	move motor	S18.axis2.phaseshifter 1 to 1.000005deg	reached 0.99976  DONE
27/09/2023 17:22:27:	function generator:  GPIB1::8 fn1=SIN *am1=0.74 *fr1=10000 *ph1=0 of1=0 bt1=4 dy1=29.43us DONE
27/09/2023 17:22:28:	function generator:  GPIB1::8 start1 DONE
27/09/2023 17:22:29:	create file	D:\data\Cycle 192ter\exp_3-16-14\rawdata\sc\TOF_vs_chi_A1_19pt_pi8_1500s_27Sep1722.dat	 DONE
27/09/2023 17:22:29:	1	TOF	4	time=1500	period=434µ	binwidth=3µ	delay=95µO Det=72653	H Det=67	Mon Det=32540	Aux Det=182458	O+H=72720	 DONE
27/09/2023 17:47:33:	function generator:  GPIB1::8 stop1 DONE
27/09/2023 17:47:33:	close file and end scan	 DONE
call of TOF_A1_pi8_1500s.sc DONE
27/09/2023 17:47:35:	move motor	S18.axis2.phaseshifter 1 to 1.166672deg	reached 1.15356  DONE
27/09/2023 17:47:37:	function generator:  GPIB1::8 fn1=SIN *am1=0.74 *fr1=10000 *ph1=0 of1=0 bt1=4 dy1=29.43us DONE
27/09/2023 17:47:38:	function generator:  GPIB1::8 start1 DONE
27/09/2023 17:47:39:	create file	D:\data\Cycle 192ter\exp_3-16-14\rawdata\sc\TOF_vs_chi_A1_19pt_pi8_1500s_27Sep1747.dat	 DONE
27/09/2023 17:47:39:	1	TOF	4	time=1500	period=434µ	binwidth=3µ	delay=95µO Det=94850	H Det=67	Mon Det=32540	Aux Det=290018	O+H=94917	 DONE
27/09/2023 18:12:43:	function generator:  GPIB1::8 stop1 DONE
27/09/2023 18:12:43:	close file and end scan	 DONE
call of TOF_A1_pi8_1500s.sc DONE
27/09/2023 18:12:44:	move motor	S18.axis2.phaseshifter 1 to 1.333339deg	reached 1.31836  DONE
27/09/2023 18:12:47:	function generator:  GPIB1::8 fn1=SIN *am1=0.74 *fr1=10000 *ph1=0 of1=0 bt1=4 dy1=29.43us DONE
27/09/2023 18:12:48:	function generator:  GPIB1::8 start1 DONE
27/09/2023 18:12:48:	create file	D:\data\Cycle 192ter\exp_3-16-14\rawdata\sc\TOF_vs_chi_A1_19pt_pi8_1500s_27Sep1812.dat	 DONE
27/09/2023 18:12:49:	1	TOF	4	time=1500	period=434µ	binwidth=3µ	delay=95µO Det=123973	H Det=67	Mon Det=32540	Aux Det=414924	O+H=124040	 DONE
27/09/2023 18:37:53:	function generator:  GPIB1::8 stop1 DONE
27/09/2023 18:37:53:	close file and end scan	 DONE
call of TOF_A1_pi8_1500s.sc DONE
27/09/2023 18:37:54:	move motor	S18.axis2.phaseshifter 1 to 1.500006deg	reached 1.50513  DONE
27/09/2023 18:37:57:	function generator:  GPIB1::8 fn1=SIN *am1=0.74 *fr1=10000 *ph1=0 of1=0 bt1=4 dy1=29.43us DONE
27/09/2023 18:37:57:	function generator:  GPIB1::8 start1 DONE
27/09/2023 18:37:58:	create file	D:\data\Cycle 192ter\exp_3-16-14\rawdata\sc\TOF_vs_chi_A1_19pt_pi8_1500s_27Sep1837.dat	 DONE
27/09/2023 18:37:59:	1	TOF	4	time=1500	period=434µ	binwidth=3µ	delay=95µO Det=152903	H Det=67	Mon Det=32540	Aux Det=513445	O+H=152970	 DONE
27/09/2023 19:03:02:	function generator:  GPIB1::8 stop1 DONE
27/09/2023 19:03:03:	close file and end scan	 DONE
call of TOF_A1_pi8_1500s.sc DONE
27/09/2023 19:03:04:	close file and end scan	 DONE
27/09/2023 19:03:05:	END OF SCRIPT	 DONE
