24/09/2023 15:52:09:	start execution of script D:\data\Cycle 192ter\exp_3-16-14\rawdata\sc\TOF_vs_chi_S2_19pt_pi4_1500s.sc	 DONE
24/09/2023 15:52:10:	function generator:  GPIB1::8 fn1=SIN *am1=0.0 *fr1=0 *ph1=0 of1=0 bt1=3 DONE
24/09/2023 15:52:10:	function generator:  GPIB1::8 fn2=SIN *am2=0.0 *fr2=0 *ph2=0 of2=0 bt2=3 DONE
24/09/2023 15:52:11:	move motor	S18.axis2.phaseshifter 1 to -1.500000deg	reached -1.50513  DONE
24/09/2023 15:52:14:	function generator:  GPIB1::8 fn2=SIN *am2=2.05 *fr2=10000 *ph2=0 of2=0 bt2=4 dy2=0us DONE
24/09/2023 15:52:14:	function generator:  GPIB1::8 start2 DONE
24/09/2023 15:52:15:	create file	D:\data\Cycle 192ter\exp_3-16-14\rawdata\sc\TOF_vs_chi_S2_19pt_pi4_1500s_24Sep1552.dat	 DONE
24/09/2023 15:52:16:	1	TOF	4	time=1500	period=404µ	binwidth=3µ	delay=95µO Det=42112	H Det=49	Mon Det=32590	Aux Det=105696	O+H=42161	 DONE
24/09/2023 16:17:19:	function generator:  GPIB1::8 stop2 DONE
24/09/2023 16:17:20:	close file and end scan	 DONE
call of TOF_S2_pi4_1500s.sc DONE
24/09/2023 16:17:21:	move motor	S18.axis2.phaseshifter 1 to -1.333333deg	reached -1.32935  DONE
24/09/2023 16:17:24:	function generator:  GPIB1::8 fn2=SIN *am2=2.05 *fr2=10000 *ph2=0 of2=0 bt2=4 dy2=0us DONE
24/09/2023 16:17:24:	function generator:  GPIB1::8 start2 DONE
24/09/2023 16:17:25:	create file	D:\data\Cycle 192ter\exp_3-16-14\rawdata\sc\TOF_vs_chi_S2_19pt_pi4_1500s_24Sep1617.dat	 DONE
24/09/2023 16:17:25:	1	TOF	4	time=1500	period=404µ	binwidth=3µ	delay=95µO Det=32494	H Det=49	Mon Det=32590	Aux Det=63846	O+H=32543	 DONE
24/09/2023 16:42:29:	function generator:  GPIB1::8 stop2 DONE
24/09/2023 16:42:30:	close file and end scan	 DONE
call of TOF_S2_pi4_1500s.sc DONE
24/09/2023 16:42:31:	move motor	S18.axis2.phaseshifter 1 to -1.166666deg	reached -1.16455  DONE
24/09/2023 16:42:34:	function generator:  GPIB1::8 fn2=SIN *am2=2.05 *fr2=10000 *ph2=0 of2=0 bt2=4 dy2=0us DONE
24/09/2023 16:42:34:	function generator:  GPIB1::8 start2 DONE
24/09/2023 16:42:35:	create file	D:\data\Cycle 192ter\exp_3-16-14\rawdata\sc\TOF_vs_chi_S2_19pt_pi4_1500s_24Sep1642.dat	 DONE
24/09/2023 16:42:35:	1	TOF	4	time=1500	period=404µ	binwidth=3µ	delay=95µO Det=25717	H Det=49	Mon Det=32590	Aux Det=38413	O+H=25766	 DONE
24/09/2023 17:07:39:	function generator:  GPIB1::8 stop2 DONE
24/09/2023 17:07:40:	close file and end scan	 DONE
call of TOF_S2_pi4_1500s.sc DONE
24/09/2023 17:07:41:	move motor	S18.axis2.phaseshifter 1 to -0.999999deg	reached -1.01074  DONE
24/09/2023 17:07:43:	function generator:  GPIB1::8 fn2=SIN *am2=2.05 *fr2=10000 *ph2=0 of2=0 bt2=4 dy2=0us DONE
24/09/2023 17:07:44:	function generator:  GPIB1::8 start2 DONE
24/09/2023 17:07:45:	create file	D:\data\Cycle 192ter\exp_3-16-14\rawdata\sc\TOF_vs_chi_S2_19pt_pi4_1500s_24Sep1707.dat	 DONE
24/09/2023 17:07:45:	1	TOF	4	time=1500	period=404µ	binwidth=3µ	delay=95µO Det=21989	H Det=49	Mon Det=32590	Aux Det=29261	O+H=22038	 DONE
24/09/2023 17:32:49:	function generator:  GPIB1::8 stop2 DONE
24/09/2023 17:32:50:	close file and end scan	 DONE
call of TOF_S2_pi4_1500s.sc DONE
24/09/2023 17:32:51:	move motor	S18.axis2.phaseshifter 1 to -0.833332deg	reached -0.83496  DONE
24/09/2023 17:32:53:	function generator:  GPIB1::8 fn2=SIN *am2=2.05 *fr2=10000 *ph2=0 of2=0 bt2=4 dy2=0us DONE
24/09/2023 17:32:54:	function generator:  GPIB1::8 start2 DONE
24/09/2023 17:32:55:	create file	D:\data\Cycle 192ter\exp_3-16-14\rawdata\sc\TOF_vs_chi_S2_19pt_pi4_1500s_24Sep1732.dat	 DONE
24/09/2023 17:32:55:	1	TOF	4	time=1500	period=404µ	binwidth=3µ	delay=95µO Det=22785	H Det=49	Mon Det=32590	Aux Det=38913	O+H=22834	 DONE
24/09/2023 17:57:59:	function generator:  GPIB1::8 stop2 DONE
24/09/2023 17:58:00:	close file and end scan	 DONE
call of TOF_S2_pi4_1500s.sc DONE
24/09/2023 17:58:01:	move motor	S18.axis2.phaseshifter 1 to -0.666665deg	reached -0.67017  DONE
24/09/2023 17:58:03:	function generator:  GPIB1::8 fn2=SIN *am2=2.05 *fr2=10000 *ph2=0 of2=0 bt2=4 dy2=0us DONE
24/09/2023 17:58:04:	function generator:  GPIB1::8 start2 DONE
24/09/2023 17:58:05:	create file	D:\data\Cycle 192ter\exp_3-16-14\rawdata\sc\TOF_vs_chi_S2_19pt_pi4_1500s_24Sep1758.dat	 DONE
24/09/2023 17:58:05:	1	TOF	4	time=1500	period=404µ	binwidth=3µ	delay=95µO Det=27275	H Det=49	Mon Det=32590	Aux Det=64163	O+H=27324	 DONE
24/09/2023 18:23:09:	function generator:  GPIB1::8 stop2 DONE
24/09/2023 18:23:10:	close file and end scan	 DONE
call of TOF_S2_pi4_1500s.sc DONE
24/09/2023 18:23:11:	move motor	S18.axis2.phaseshifter 1 to -0.499998deg	reached -0.50537  DONE
24/09/2023 18:23:13:	function generator:  GPIB1::8 fn2=SIN *am2=2.05 *fr2=10000 *ph2=0 of2=0 bt2=4 dy2=0us DONE
24/09/2023 18:23:14:	function generator:  GPIB1::8 start2 DONE
24/09/2023 18:23:15:	create file	D:\data\Cycle 192ter\exp_3-16-14\rawdata\sc\TOF_vs_chi_S2_19pt_pi4_1500s_24Sep1823.dat	 DONE
24/09/2023 18:23:15:	1	TOF	4	time=1500	period=404µ	binwidth=3µ	delay=95µO Det=35132	H Det=49	Mon Det=32590	Aux Det=97836	O+H=35181	 DONE
24/09/2023 18:48:19:	function generator:  GPIB1::8 stop2 DONE
24/09/2023 18:48:20:	close file and end scan	 DONE
call of TOF_S2_pi4_1500s.sc DONE
24/09/2023 18:48:21:	move motor	S18.axis2.phaseshifter 1 to -0.333331deg	reached -0.32959  DONE
24/09/2023 18:48:23:	function generator:  GPIB1::8 fn2=SIN *am2=2.05 *fr2=10000 *ph2=0 of2=0 bt2=4 dy2=0us DONE
24/09/2023 18:48:24:	function generator:  GPIB1::8 start2 DONE
24/09/2023 18:48:25:	create file	D:\data\Cycle 192ter\exp_3-16-14\rawdata\sc\TOF_vs_chi_S2_19pt_pi4_1500s_24Sep1848.dat	 DONE
24/09/2023 18:48:25:	1	TOF	4	time=1500	period=404µ	binwidth=3µ	delay=95µO Det=43143	H Det=49	Mon Det=32590	Aux Det=133363	O+H=43192	 DONE
24/09/2023 19:13:29:	function generator:  GPIB1::8 stop2 DONE
24/09/2023 19:13:29:	close file and end scan	 DONE
call of TOF_S2_pi4_1500s.sc DONE
24/09/2023 19:13:31:	move motor	S18.axis2.phaseshifter 1 to -0.166664deg	reached -0.15381  DONE
24/09/2023 19:13:33:	function generator:  GPIB1::8 fn2=SIN *am2=2.05 *fr2=10000 *ph2=0 of2=0 bt2=4 dy2=0us DONE
24/09/2023 19:13:34:	function generator:  GPIB1::8 start2 DONE
24/09/2023 19:13:34:	create file	D:\data\Cycle 192ter\exp_3-16-14\rawdata\sc\TOF_vs_chi_S2_19pt_pi4_1500s_24Sep1913.dat	 DONE
24/09/2023 19:13:35:	1	TOF	4	time=1500	period=404µ	binwidth=3µ	delay=95µO Det=50018	H Det=49	Mon Det=32590	Aux Det=157797	O+H=50067	 DONE
24/09/2023 19:38:39:	function generator:  GPIB1::8 stop2 DONE
24/09/2023 19:38:39:	close file and end scan	 DONE
call of TOF_S2_pi4_1500s.sc DONE
24/09/2023 19:38:40:	move motor	S18.axis2.phaseshifter 1 to 0.000003deg	reached 0.00000  DONE
24/09/2023 19:38:43:	function generator:  GPIB1::8 fn2=SIN *am2=2.05 *fr2=10000 *ph2=0 of2=0 bt2=4 dy2=0us DONE
24/09/2023 19:38:44:	function generator:  GPIB1::8 start2 DONE
24/09/2023 19:38:44:	create file	D:\data\Cycle 192ter\exp_3-16-14\rawdata\sc\TOF_vs_chi_S2_19pt_pi4_1500s_24Sep1938.dat	 DONE
24/09/2023 19:38:45:	1	TOF	4	time=1500	period=404µ	binwidth=3µ	delay=95µO Det=53957	H Det=49	Mon Det=32590	Aux Det=168198	O+H=54006	 DONE
24/09/2023 20:03:49:	function generator:  GPIB1::8 stop2 DONE
24/09/2023 20:03:49:	close file and end scan	 DONE
call of TOF_S2_pi4_1500s.sc DONE
24/09/2023 20:03:50:	move motor	S18.axis2.phaseshifter 1 to 0.166670deg	reached 0.16479  DONE
24/09/2023 20:03:53:	function generator:  GPIB1::8 fn2=SIN *am2=2.05 *fr2=10000 *ph2=0 of2=0 bt2=4 dy2=0us DONE
24/09/2023 20:03:54:	function generator:  GPIB1::8 start2 DONE
24/09/2023 20:03:54:	create file	D:\data\Cycle 192ter\exp_3-16-14\rawdata\sc\TOF_vs_chi_S2_19pt_pi4_1500s_24Sep2003.dat	 DONE
24/09/2023 20:03:55:	1	TOF	4	time=1500	period=404µ	binwidth=3µ	delay=95µO Det=53315	H Det=49	Mon Det=32590	Aux Det=158774	O+H=53364	 DONE
24/09/2023 20:28:59:	function generator:  GPIB1::8 stop2 DONE
24/09/2023 20:28:59:	close file and end scan	 DONE
call of TOF_S2_pi4_1500s.sc DONE
24/09/2023 20:29:00:	move motor	S18.axis2.phaseshifter 1 to 0.333337deg	reached 0.32959  DONE
24/09/2023 20:29:03:	function generator:  GPIB1::8 fn2=SIN *am2=2.05 *fr2=10000 *ph2=0 of2=0 bt2=4 dy2=0us DONE
24/09/2023 20:29:03:	function generator:  GPIB1::8 start2 DONE
24/09/2023 20:29:04:	create file	D:\data\Cycle 192ter\exp_3-16-14\rawdata\sc\TOF_vs_chi_S2_19pt_pi4_1500s_24Sep2029.dat	 DONE
24/09/2023 20:29:05:	1	TOF	4	time=1500	period=404µ	binwidth=3µ	delay=95µO Det=48857	H Det=49	Mon Det=32590	Aux Det=135635	O+H=48906	 DONE
24/09/2023 20:54:08:	function generator:  GPIB1::8 stop2 DONE
24/09/2023 20:54:09:	close file and end scan	 DONE
call of TOF_S2_pi4_1500s.sc DONE
24/09/2023 20:54:10:	move motor	S18.axis2.phaseshifter 1 to 0.500004deg	reached 0.50537  DONE
24/09/2023 20:54:13:	function generator:  GPIB1::8 fn2=SIN *am2=2.05 *fr2=10000 *ph2=0 of2=0 bt2=4 dy2=0us DONE
24/09/2023 20:54:13:	function generator:  GPIB1::8 start2 DONE
24/09/2023 20:54:14:	create file	D:\data\Cycle 192ter\exp_3-16-14\rawdata\sc\TOF_vs_chi_S2_19pt_pi4_1500s_24Sep2054.dat	 DONE
24/09/2023 20:54:15:	1	TOF	4	time=1500	period=404µ	binwidth=3µ	delay=95µO Det=41815	H Det=49	Mon Det=32590	Aux Det=101054	O+H=41864	 DONE
24/09/2023 21:19:18:	function generator:  GPIB1::8 stop2 DONE
24/09/2023 21:19:19:	close file and end scan	 DONE
call of TOF_S2_pi4_1500s.sc DONE
24/09/2023 21:19:20:	move motor	S18.axis2.phaseshifter 1 to 0.666671deg	reached 0.65918  DONE
24/09/2023 21:19:23:	function generator:  GPIB1::8 fn2=SIN *am2=2.05 *fr2=10000 *ph2=0 of2=0 bt2=4 dy2=0us DONE
24/09/2023 21:19:23:	function generator:  GPIB1::8 start2 DONE
24/09/2023 21:19:24:	create file	D:\data\Cycle 192ter\exp_3-16-14\rawdata\sc\TOF_vs_chi_S2_19pt_pi4_1500s_24Sep2119.dat	 DONE
24/09/2023 21:19:25:	1	TOF	4	time=1500	period=404µ	binwidth=3µ	delay=95µO Det=33973	H Det=49	Mon Det=32590	Aux Det=70100	O+H=34022	 DONE
24/09/2023 21:44:28:	function generator:  GPIB1::8 stop2 DONE
24/09/2023 21:44:29:	close file and end scan	 DONE
call of TOF_S2_pi4_1500s.sc DONE
24/09/2023 21:44:30:	move motor	S18.axis2.phaseshifter 1 to 0.833338deg	reached 0.82397  DONE
24/09/2023 21:44:33:	function generator:  GPIB1::8 fn2=SIN *am2=2.05 *fr2=10000 *ph2=0 of2=0 bt2=4 dy2=0us DONE
24/09/2023 21:44:33:	function generator:  GPIB1::8 start2 DONE
24/09/2023 21:44:34:	create file	D:\data\Cycle 192ter\exp_3-16-14\rawdata\sc\TOF_vs_chi_S2_19pt_pi4_1500s_24Sep2144.dat	 DONE
24/09/2023 21:44:35:	1	TOF	4	time=1500	period=404µ	binwidth=3µ	delay=95µO Det=27744	H Det=49	Mon Det=32590	Aux Det=47147	O+H=27793	 DONE
24/09/2023 22:09:38:	function generator:  GPIB1::8 stop2 DONE
24/09/2023 22:09:39:	close file and end scan	 DONE
call of TOF_S2_pi4_1500s.sc DONE
24/09/2023 22:09:40:	move motor	S18.axis2.phaseshifter 1 to 1.000005deg	reached 0.98877  DONE
24/09/2023 22:09:43:	function generator:  GPIB1::8 fn2=SIN *am2=2.05 *fr2=10000 *ph2=0 of2=0 bt2=4 dy2=0us DONE
24/09/2023 22:09:43:	function generator:  GPIB1::8 start2 DONE
24/09/2023 22:09:44:	create file	D:\data\Cycle 192ter\exp_3-16-14\rawdata\sc\TOF_vs_chi_S2_19pt_pi4_1500s_24Sep2209.dat	 DONE
24/09/2023 22:09:44:	1	TOF	4	time=1500	period=404µ	binwidth=3µ	delay=95µO Det=23617	H Det=49	Mon Det=32590	Aux Det=32759	O+H=23666	 DONE
24/09/2023 22:34:48:	function generator:  GPIB1::8 stop2 DONE
24/09/2023 22:34:49:	close file and end scan	 DONE
call of TOF_S2_pi4_1500s.sc DONE
24/09/2023 22:34:50:	move motor	S18.axis2.phaseshifter 1 to 1.166672deg	reached 1.16455  DONE
24/09/2023 22:34:52:	function generator:  GPIB1::8 fn2=SIN *am2=2.05 *fr2=10000 *ph2=0 of2=0 bt2=4 dy2=0us DONE
24/09/2023 22:34:53:	function generator:  GPIB1::8 start2 DONE
24/09/2023 22:34:54:	create file	D:\data\Cycle 192ter\exp_3-16-14\rawdata\sc\TOF_vs_chi_S2_19pt_pi4_1500s_24Sep2234.dat	 DONE
24/09/2023 22:34:54:	1	TOF	4	time=1500	period=404µ	binwidth=3µ	delay=95µO Det=21566	H Det=49	Mon Det=32590	Aux Det=32084	O+H=21615	 DONE
24/09/2023 22:59:58:	function generator:  GPIB1::8 stop2 DONE
24/09/2023 22:59:59:	close file and end scan	 DONE
call of TOF_S2_pi4_1500s.sc DONE
24/09/2023 23:00:00:	move motor	S18.axis2.phaseshifter 1 to 1.333339deg	reached 1.32935  DONE
24/09/2023 23:00:02:	function generator:  GPIB1::8 fn2=SIN *am2=2.05 *fr2=10000 *ph2=0 of2=0 bt2=4 dy2=0us DONE
24/09/2023 23:00:03:	function generator:  GPIB1::8 start2 DONE
24/09/2023 23:00:04:	create file	D:\data\Cycle 192ter\exp_3-16-14\rawdata\sc\TOF_vs_chi_S2_19pt_pi4_1500s_24Sep2300.dat	 DONE
24/09/2023 23:00:04:	1	TOF	4	time=1500	period=404µ	binwidth=3µ	delay=95µO Det=23169	H Det=49	Mon Det=32590	Aux Det=43882	O+H=23218	 DONE
24/09/2023 23:25:08:	function generator:  GPIB1::8 stop2 DONE
24/09/2023 23:25:09:	close file and end scan	 DONE
call of TOF_S2_pi4_1500s.sc DONE
24/09/2023 23:25:10:	move motor	S18.axis2.phaseshifter 1 to 1.500006deg	reached 1.49414  DONE
24/09/2023 23:25:12:	function generator:  GPIB1::8 fn2=SIN *am2=2.05 *fr2=10000 *ph2=0 of2=0 bt2=4 dy2=0us DONE
24/09/2023 23:25:13:	function generator:  GPIB1::8 start2 DONE
24/09/2023 23:25:14:	create file	D:\data\Cycle 192ter\exp_3-16-14\rawdata\sc\TOF_vs_chi_S2_19pt_pi4_1500s_24Sep2325.dat	 DONE
24/09/2023 23:25:14:	1	TOF	4	time=1500	period=404µ	binwidth=3µ	delay=95µO Det=28724	H Det=49	Mon Det=32590	Aux Det=72189	O+H=28773	 DONE
24/09/2023 23:50:18:	function generator:  GPIB1::8 stop2 DONE
24/09/2023 23:50:19:	close file and end scan	 DONE
call of TOF_S2_pi4_1500s.sc DONE
24/09/2023 23:50:20:	close file and end scan	 DONE
24/09/2023 23:50:20:	END OF SCRIPT	 DONE
