05/04/2023 21:38:01:	start execution of script D:\data\Cycle 192\exp_3-16-13\rawdata\sc\betaS1pi8.sc	 DONE
05/04/2023 21:38:02:	set AO_S2Z (PXIDAQ1/ao3) to 0.000000Amps 0.000V DONE
call of setS2Zoff.sc DONE
05/04/2023 21:38:04:	move motor	S18.auxiliary.LinearBlue to -0.010000mm	 DONE
05/04/2023 21:38:18:	create file	D:\data\Cycle 192\exp_3-16-13\rawdata\sc\betaS1pi8_ON_05Apr2138.dat	 DONE
05/04/2023 21:38:19:	create file	D:\data\Cycle 192\exp_3-16-13\rawdata\sc\betaS1pi8_OFF_05Apr2138.dat	 DONE
room to enter remarks DONE
05/04/2023 21:38:21:	move motor	S18.auxiliary.LinearBlue to 0.000000mm	 DONE
05/04/2023 21:38:25:	set AO_S1Z (6229/ao0) to 0.521000Amps	 0.261V DONE
05/04/2023 21:38:26:	1	count	time	30s/cts	O Det=385	H Det=2521	Mon Det=309960	Aux Det=3989	O+H=2906	 DONE
05/04/2023 21:38:59:	set AO_S1Z (6229/ao0) to 0.000000Amps	 0.000V DONE
05/04/2023 21:39:00:	2	count	time	30.000000s/cts	O Det=425	H Det=2453	Mon Det=315789	Aux Det=3912	O+H=2878	 DONE
05/04/2023 21:39:33:	move motor	S18.auxiliary.LinearBlue to 5.000000mm	 DONE
05/04/2023 21:39:37:	set AO_S1Z (6229/ao0) to 0.000000Amps	 0.000V DONE
05/04/2023 21:39:38:	3	count	time	30.000000s/cts	O Det=677	H Det=2493	Mon Det=316634	Aux Det=3994	O+H=3170	 DONE
05/04/2023 21:40:12:	set AO_S1Z (6229/ao0) to 0.521000Amps	 0.261V DONE
05/04/2023 21:40:13:	4	count	time	30s/cts	O Det=731	H Det=2533	Mon Det=315908	Aux Det=3939	O+H=3264	 DONE
05/04/2023 21:40:46:	move motor	S18.auxiliary.LinearBlue to 10.000000mm	 DONE
05/04/2023 21:40:50:	set AO_S1Z (6229/ao0) to 0.521000Amps	 0.261V DONE
05/04/2023 21:40:51:	5	count	time	30s/cts	O Det=920	H Det=2504	Mon Det=331306	Aux Det=3937	O+H=3424	 DONE
05/04/2023 21:41:24:	set AO_S1Z (6229/ao0) to 0.000000Amps	 0.000V DONE
05/04/2023 21:41:25:	6	count	time	30.000000s/cts	O Det=1050	H Det=2435	Mon Det=347361	Aux Det=3926	O+H=3485	 DONE
05/04/2023 21:41:58:	move motor	S18.auxiliary.LinearBlue to 15.000000mm	 DONE
05/04/2023 21:42:03:	set AO_S1Z (6229/ao0) to 0.000000Amps	 0.000V DONE
05/04/2023 21:42:04:	7	count	time	30.000000s/cts	O Det=1011	H Det=2492	Mon Det=348706	Aux Det=3942	O+H=3503	 DONE
05/04/2023 21:42:37:	set AO_S1Z (6229/ao0) to 0.521000Amps	 0.261V DONE
05/04/2023 21:42:38:	8	count	time	30s/cts	O Det=956	H Det=2542	Mon Det=346837	Aux Det=4015	O+H=3498	 DONE
05/04/2023 21:43:11:	move motor	S18.auxiliary.LinearBlue to 20.000000mm	 DONE
05/04/2023 21:43:15:	set AO_S1Z (6229/ao0) to 0.521000Amps	 0.261V DONE
05/04/2023 21:43:16:	9	count	time	30s/cts	O Det=840	H Det=2457	Mon Det=337388	Aux Det=3901	O+H=3297	 DONE
05/04/2023 21:43:50:	set AO_S1Z (6229/ao0) to 0.000000Amps	 0.000V DONE
05/04/2023 21:43:51:	10	count	time	30.000000s/cts	O Det=870	H Det=2483	Mon Det=319396	Aux Det=3925	O+H=3353	 DONE
05/04/2023 21:44:24:	move motor	S18.auxiliary.LinearBlue to 25.000000mm	 DONE
05/04/2023 21:44:28:	set AO_S1Z (6229/ao0) to 0.000000Amps	 0.000V DONE
05/04/2023 21:44:29:	11	count	time	30.000000s/cts	O Det=583	H Det=2390	Mon Det=321200	Aux Det=3877	O+H=2973	 DONE
05/04/2023 21:45:03:	set AO_S1Z (6229/ao0) to 0.521000Amps	 0.261V DONE
05/04/2023 21:45:04:	12	count	time	30s/cts	O Det=646	H Det=2424	Mon Det=322679	Aux Det=3897	O+H=3070	 DONE
05/04/2023 21:45:37:	move motor	S18.auxiliary.LinearBlue to 30.000000mm	 DONE
05/04/2023 21:45:41:	set AO_S1Z (6229/ao0) to 0.521000Amps	 0.261V DONE
05/04/2023 21:45:42:	13	count	time	30s/cts	O Det=307	H Det=2525	Mon Det=317045	Aux Det=3900	O+H=2832	 DONE
05/04/2023 21:46:16:	set AO_S1Z (6229/ao0) to 0.000000Amps	 0.000V DONE
05/04/2023 21:46:17:	14	count	time	30.000000s/cts	O Det=267	H Det=2530	Mon Det=304514	Aux Det=4048	O+H=2797	 DONE
05/04/2023 21:46:50:	move motor	S18.auxiliary.LinearBlue to 35.000000mm	 DONE
05/04/2023 21:46:54:	set AO_S1Z (6229/ao0) to 0.000000Amps	 0.000V DONE
05/04/2023 21:46:55:	15	count	time	30.000000s/cts	O Det=75	H Det=2429	Mon Det=305031	Aux Det=3832	O+H=2504	 DONE
05/04/2023 21:47:28:	set AO_S1Z (6229/ao0) to 0.521000Amps	 0.261V DONE
05/04/2023 21:47:30:	16	count	time	30s/cts	O Det=86	H Det=2436	Mon Det=304164	Aux Det=4012	O+H=2522	 DONE
05/04/2023 21:48:03:	move motor	S18.auxiliary.LinearBlue to 40.000000mm	 DONE
05/04/2023 21:48:07:	set AO_S1Z (6229/ao0) to 0.521000Amps	 0.261V DONE
05/04/2023 21:48:08:	17	count	time	30s/cts	O Det=68	H Det=2525	Mon Det=303909	Aux Det=3952	O+H=2593	 DONE
05/04/2023 21:48:41:	set AO_S1Z (6229/ao0) to 0.000000Amps	 0.000V DONE
05/04/2023 21:48:42:	18	count	time	30.000000s/cts	O Det=63	H Det=2554	Mon Det=330998	Aux Det=3976	O+H=2617	 DONE
05/04/2023 21:49:16:	move motor	S18.auxiliary.LinearBlue to 45.000000mm	 DONE
05/04/2023 21:49:20:	set AO_S1Z (6229/ao0) to 0.000000Amps	 0.000V DONE
05/04/2023 21:49:21:	19	count	time	30.000000s/cts	O Det=258	H Det=2500	Mon Det=333025	Aux Det=4069	O+H=2758	 DONE
05/04/2023 21:49:54:	set AO_S1Z (6229/ao0) to 0.521000Amps	 0.261V DONE
05/04/2023 21:49:55:	20	count	time	30s/cts	O Det=262	H Det=2424	Mon Det=334821	Aux Det=3911	O+H=2686	 DONE
05/04/2023 21:50:28:	move motor	S18.auxiliary.LinearBlue to 50.000000mm	 DONE
05/04/2023 21:50:33:	set AO_S1Z (6229/ao0) to 0.521000Amps	 0.261V DONE
05/04/2023 21:50:34:	21	count	time	30s/cts	O Det=484	H Det=2482	Mon Det=335756	Aux Det=3930	O+H=2966	 DONE
05/04/2023 21:51:07:	set AO_S1Z (6229/ao0) to 0.000000Amps	 0.000V DONE
05/04/2023 21:51:08:	22	count	time	30.000000s/cts	O Det=594	H Det=2472	Mon Det=339856	Aux Det=3950	O+H=3066	 DONE
05/04/2023 21:51:41:	move motor	S18.auxiliary.LinearBlue to 55.000000mm	 DONE
05/04/2023 21:51:45:	set AO_S1Z (6229/ao0) to 0.000000Amps	 0.000V DONE
05/04/2023 21:51:47:	23	count	time	30.000000s/cts	O Det=809	H Det=2489	Mon Det=336916	Aux Det=4031	O+H=3298	 DONE
05/04/2023 21:52:20:	set AO_S1Z (6229/ao0) to 0.521000Amps	 0.261V DONE
05/04/2023 21:52:21:	24	count	time	30s/cts	O Det=776	H Det=2488	Mon Det=337696	Aux Det=3899	O+H=3264	 DONE
05/04/2023 21:52:54:	move motor	S18.auxiliary.LinearBlue to 60.000000mm	 DONE
05/04/2023 21:52:58:	set AO_S1Z (6229/ao0) to 0.521000Amps	 0.261V DONE
05/04/2023 21:53:00:	25	count	time	30s/cts	O Det=974	H Det=2499	Mon Det=336546	Aux Det=4003	O+H=3473	 DONE
05/04/2023 21:53:33:	set AO_S1Z (6229/ao0) to 0.000000Amps	 0.000V DONE
05/04/2023 21:53:34:	26	count	time	30.000000s/cts	O Det=1048	H Det=2542	Mon Det=329330	Aux Det=3924	O+H=3590	 DONE
05/04/2023 21:54:07:	move motor	S18.auxiliary.LinearBlue to 65.000000mm	 DONE
05/04/2023 21:54:11:	set AO_S1Z (6229/ao0) to 0.000000Amps	 0.000V DONE
05/04/2023 21:54:12:	27	count	time	30.000000s/cts	O Det=1013	H Det=2412	Mon Det=318567	Aux Det=3972	O+H=3425	 DONE
05/04/2023 21:54:45:	set AO_S1Z (6229/ao0) to 0.521000Amps	 0.261V DONE
05/04/2023 21:54:46:	28	count	time	30s/cts	O Det=964	H Det=2435	Mon Det=318731	Aux Det=3932	O+H=3399	 DONE
05/04/2023 21:55:20:	move motor	S18.auxiliary.LinearBlue to 70.000000mm	 DONE
05/04/2023 21:55:24:	set AO_S1Z (6229/ao0) to 0.521000Amps	 0.261V DONE
05/04/2023 21:55:25:	29	count	time	30s/cts	O Det=785	H Det=2551	Mon Det=316874	Aux Det=4004	O+H=3336	 DONE
05/04/2023 21:55:58:	set AO_S1Z (6229/ao0) to 0.000000Amps	 0.000V DONE
05/04/2023 21:55:59:	30	count	time	30.000000s/cts	O Det=732	H Det=2486	Mon Det=304788	Aux Det=4003	O+H=3218	 DONE
05/04/2023 21:56:32:	move motor	S18.auxiliary.LinearBlue to 75.000000mm	 DONE
05/04/2023 21:56:37:	set AO_S1Z (6229/ao0) to 0.000000Amps	 0.000V DONE
05/04/2023 21:56:38:	31	count	time	30.000000s/cts	O Det=442	H Det=2509	Mon Det=352960	Aux Det=3974	O+H=2951	 DONE
05/04/2023 21:57:11:	set AO_S1Z (6229/ao0) to 0.521000Amps	 0.261V DONE
05/04/2023 21:57:12:	32	count	time	30s/cts	O Det=549	H Det=2546	Mon Det=356701	Aux Det=3957	O+H=3095	 DONE
05/04/2023 21:57:45:	move motor	S18.auxiliary.LinearBlue to 80.000000mm	 DONE
05/04/2023 21:57:50:	set AO_S1Z (6229/ao0) to 0.521000Amps	 0.261V DONE
05/04/2023 21:57:51:	33	count	time	30s/cts	O Det=201	H Det=2551	Mon Det=355796	Aux Det=3849	O+H=2752	 DONE
05/04/2023 21:58:24:	set AO_S1Z (6229/ao0) to 0.000000Amps	 0.000V DONE
05/04/2023 21:58:25:	34	count	time	30.000000s/cts	O Det=198	H Det=2563	Mon Det=357814	Aux Det=4055	O+H=2761	 DONE
05/04/2023 21:58:58:	move motor	S18.auxiliary.LinearBlue to 85.000000mm	 DONE
05/04/2023 21:59:03:	set AO_S1Z (6229/ao0) to 0.000000Amps	 0.000V DONE
05/04/2023 21:59:04:	35	count	time	30.000000s/cts	O Det=64	H Det=2534	Mon Det=353484	Aux Det=3943	O+H=2598	 DONE
05/04/2023 21:59:37:	set AO_S1Z (6229/ao0) to 0.521000Amps	 0.261V DONE
05/04/2023 21:59:38:	36	count	time	30s/cts	O Det=58	H Det=2582	Mon Det=352093	Aux Det=3990	O+H=2640	 DONE
05/04/2023 22:00:11:	move motor	S18.auxiliary.LinearBlue to 90.000000mm	 DONE
05/04/2023 22:00:15:	set AO_S1Z (6229/ao0) to 0.521000Amps	 0.261V DONE
05/04/2023 22:00:17:	37	count	time	30s/cts	O Det=111	H Det=2546	Mon Det=355106	Aux Det=3891	O+H=2657	 DONE
05/04/2023 22:00:50:	set AO_S1Z (6229/ao0) to 0.000000Amps	 0.000V DONE
05/04/2023 22:00:51:	38	count	time	30.000000s/cts	O Det=122	H Det=2488	Mon Det=352679	Aux Det=3944	O+H=2610	 DONE
05/04/2023 22:01:24:	move motor	S18.auxiliary.LinearBlue to 95.000000mm	 DONE
05/04/2023 22:01:28:	set AO_S1Z (6229/ao0) to 0.000000Amps	 0.000V DONE
05/04/2023 22:01:29:	39	count	time	30.000000s/cts	O Det=424	H Det=2480	Mon Det=319664	Aux Det=3919	O+H=2904	 DONE
05/04/2023 22:02:03:	set AO_S1Z (6229/ao0) to 0.521000Amps	 0.261V DONE
05/04/2023 22:02:04:	40	count	time	30s/cts	O Det=369	H Det=2575	Mon Det=311707	Aux Det=3939	O+H=2944	 DONE
05/04/2023 22:02:37:	close file and end scan	 DONE
05/04/2023 22:02:38:	END OF SCRIPT	 DONE
