05/04/2023 14:59:29:	start execution of script D:\data\Cycle 192\exp_3-16-13\rawdata\sc\betaS2pi8.sc	 DONE
05/04/2023 14:59:30:	set AO_S1Z (6229/ao0) to 0.000000Amps 0.000V DONE
call of setS1Zoff.sc DONE
05/04/2023 14:59:32:	move motor	S18.auxiliary.LinearBlue to -0.010000mm	 DONE
05/04/2023 14:59:45:	create file	D:\data\Cycle 192\exp_3-16-13\rawdata\sc\betaS2pi8_ON_05Apr1459.dat	 DONE
05/04/2023 14:59:46:	create file	D:\data\Cycle 192\exp_3-16-13\rawdata\sc\betaS2pi8_OFF_05Apr1459.dat	 DONE
room to enter remarks DONE
05/04/2023 14:59:48:	move motor	S18.auxiliary.LinearBlue to 0.000000mm	 DONE
05/04/2023 14:59:52:	set AO_S2Z (PXIDAQ1/ao3) to 0.496000Amps	 0.496V DONE
05/04/2023 14:59:53:	1	count	time	30s/cts	O Det=289	H Det=2734	Mon Det=332702	Aux Det=3936	O+H=3023	 DONE
05/04/2023 15:00:26:	set AO_S2Z (PXIDAQ1/ao3) to 0.000000Amps	 0.000V DONE
05/04/2023 15:00:27:	2	count	time	30.000000s/cts	O Det=413	H Det=2710	Mon Det=314637	Aux Det=3938	O+H=3123	 DONE
05/04/2023 15:01:00:	move motor	S18.auxiliary.LinearBlue to 5.000000mm	 DONE
05/04/2023 15:01:05:	set AO_S2Z (PXIDAQ1/ao3) to 0.000000Amps	 0.000V DONE
05/04/2023 15:01:06:	3	count	time	30.000000s/cts	O Det=643	H Det=2687	Mon Det=310460	Aux Det=3874	O+H=3330	 DONE
05/04/2023 15:01:39:	set AO_S2Z (PXIDAQ1/ao3) to 0.496000Amps	 0.496V DONE
05/04/2023 15:01:40:	4	count	time	30s/cts	O Det=544	H Det=2748	Mon Det=311946	Aux Det=3970	O+H=3292	 DONE
05/04/2023 15:02:13:	move motor	S18.auxiliary.LinearBlue to 10.000000mm	 DONE
05/04/2023 15:02:17:	set AO_S2Z (PXIDAQ1/ao3) to 0.496000Amps	 0.496V DONE
05/04/2023 15:02:19:	5	count	time	30s/cts	O Det=775	H Det=2766	Mon Det=314364	Aux Det=4017	O+H=3541	 DONE
05/04/2023 15:02:52:	set AO_S2Z (PXIDAQ1/ao3) to 0.000000Amps	 0.000V DONE
05/04/2023 15:02:53:	6	count	time	30.000000s/cts	O Det=853	H Det=2697	Mon Det=297628	Aux Det=3846	O+H=3550	 DONE
05/04/2023 15:03:26:	move motor	S18.auxiliary.LinearBlue to 15.000000mm	 DONE
05/04/2023 15:03:30:	set AO_S2Z (PXIDAQ1/ao3) to 0.000000Amps	 0.000V DONE
05/04/2023 15:03:31:	7	count	time	30.000000s/cts	O Det=882	H Det=2790	Mon Det=351318	Aux Det=4004	O+H=3672	 DONE
05/04/2023 15:04:04:	set AO_S2Z (PXIDAQ1/ao3) to 0.496000Amps	 0.496V DONE
05/04/2023 15:04:05:	8	count	time	30s/cts	O Det=905	H Det=2697	Mon Det=351615	Aux Det=4020	O+H=3602	 DONE
05/04/2023 15:04:39:	move motor	S18.auxiliary.LinearBlue to 20.000000mm	 DONE
05/04/2023 15:04:43:	set AO_S2Z (PXIDAQ1/ao3) to 0.496000Amps	 0.496V DONE
05/04/2023 15:04:44:	9	count	time	30s/cts	O Det=893	H Det=2626	Mon Det=346870	Aux Det=4025	O+H=3519	 DONE
05/04/2023 15:05:17:	set AO_S2Z (PXIDAQ1/ao3) to 0.000000Amps	 0.000V DONE
05/04/2023 15:05:18:	10	count	time	30.000000s/cts	O Det=778	H Det=2672	Mon Det=353268	Aux Det=3966	O+H=3450	 DONE
05/04/2023 15:05:51:	move motor	S18.auxiliary.LinearBlue to 25.000000mm	 DONE
05/04/2023 15:05:56:	set AO_S2Z (PXIDAQ1/ao3) to 0.000000Amps	 0.000V DONE
05/04/2023 15:05:57:	11	count	time	30.000000s/cts	O Det=533	H Det=2752	Mon Det=342203	Aux Det=3962	O+H=3285	 DONE
05/04/2023 15:06:30:	set AO_S2Z (PXIDAQ1/ao3) to 0.496000Amps	 0.496V DONE
05/04/2023 15:06:31:	12	count	time	30s/cts	O Det=693	H Det=2725	Mon Det=338580	Aux Det=3994	O+H=3418	 DONE
05/04/2023 15:07:04:	move motor	S18.auxiliary.LinearBlue to 30.000000mm	 DONE
05/04/2023 15:07:09:	set AO_S2Z (PXIDAQ1/ao3) to 0.496000Amps	 0.496V DONE
05/04/2023 15:07:10:	13	count	time	30s/cts	O Det=382	H Det=2715	Mon Det=341095	Aux Det=3893	O+H=3097	 DONE
05/04/2023 15:07:43:	set AO_S2Z (PXIDAQ1/ao3) to 0.000000Amps	 0.000V DONE
05/04/2023 15:07:44:	14	count	time	30.000000s/cts	O Det=233	H Det=2777	Mon Det=343449	Aux Det=3945	O+H=3010	 DONE
05/04/2023 15:08:17:	move motor	S18.auxiliary.LinearBlue to 35.000000mm	 DONE
05/04/2023 15:08:21:	set AO_S2Z (PXIDAQ1/ao3) to 0.000000Amps	 0.000V DONE
05/04/2023 15:08:22:	15	count	time	30.000000s/cts	O Det=93	H Det=2741	Mon Det=312557	Aux Det=3900	O+H=2834	 DONE
05/04/2023 15:08:56:	set AO_S2Z (PXIDAQ1/ao3) to 0.496000Amps	 0.496V DONE
05/04/2023 15:08:57:	16	count	time	30s/cts	O Det=138	H Det=2720	Mon Det=312135	Aux Det=3918	O+H=2858	 DONE
05/04/2023 15:09:30:	move motor	S18.auxiliary.LinearBlue to 40.000000mm	 DONE
05/04/2023 15:09:34:	set AO_S2Z (PXIDAQ1/ao3) to 0.496000Amps	 0.496V DONE
05/04/2023 15:09:35:	17	count	time	30s/cts	O Det=52	H Det=2783	Mon Det=311810	Aux Det=3913	O+H=2835	 DONE
05/04/2023 15:10:08:	set AO_S2Z (PXIDAQ1/ao3) to 0.000000Amps	 0.000V DONE
05/04/2023 15:10:09:	18	count	time	30.000000s/cts	O Det=71	H Det=2662	Mon Det=314767	Aux Det=3944	O+H=2733	 DONE
05/04/2023 15:10:43:	move motor	S18.auxiliary.LinearBlue to 45.000000mm	 DONE
05/04/2023 15:10:47:	set AO_S2Z (PXIDAQ1/ao3) to 0.000000Amps	 0.000V DONE
05/04/2023 15:10:48:	19	count	time	30.000000s/cts	O Det=228	H Det=2684	Mon Det=295451	Aux Det=3978	O+H=2912	 DONE
05/04/2023 15:11:21:	set AO_S2Z (PXIDAQ1/ao3) to 0.496000Amps	 0.496V DONE
05/04/2023 15:11:22:	20	count	time	30s/cts	O Det=118	H Det=2739	Mon Det=302720	Aux Det=3969	O+H=2857	 DONE
05/04/2023 15:11:55:	move motor	S18.auxiliary.LinearBlue to 50.000000mm	 DONE
05/04/2023 15:12:00:	set AO_S2Z (PXIDAQ1/ao3) to 0.496000Amps	 0.496V DONE
05/04/2023 15:12:01:	21	count	time	30s/cts	O Det=336	H Det=2733	Mon Det=303616	Aux Det=4004	O+H=3069	 DONE
05/04/2023 15:12:34:	set AO_S2Z (PXIDAQ1/ao3) to 0.000000Amps	 0.000V DONE
05/04/2023 15:12:35:	22	count	time	30.000000s/cts	O Det=463	H Det=2691	Mon Det=301436	Aux Det=4009	O+H=3154	 DONE
05/04/2023 15:13:08:	move motor	S18.auxiliary.LinearBlue to 55.000000mm	 DONE
05/04/2023 15:13:13:	set AO_S2Z (PXIDAQ1/ao3) to 0.000000Amps	 0.000V DONE
05/04/2023 15:13:14:	23	count	time	30.000000s/cts	O Det=777	H Det=2725	Mon Det=302591	Aux Det=4091	O+H=3502	 DONE
05/04/2023 15:13:47:	set AO_S2Z (PXIDAQ1/ao3) to 0.496000Amps	 0.496V DONE
05/04/2023 15:13:48:	24	count	time	30s/cts	O Det=621	H Det=2637	Mon Det=302870	Aux Det=4059	O+H=3258	 DONE
05/04/2023 15:14:21:	move motor	S18.auxiliary.LinearBlue to 60.000000mm	 DONE
05/04/2023 15:14:26:	set AO_S2Z (PXIDAQ1/ao3) to 0.496000Amps	 0.496V DONE
05/04/2023 15:14:27:	25	count	time	30s/cts	O Det=863	H Det=2747	Mon Det=302020	Aux Det=3928	O+H=3610	 DONE
05/04/2023 15:15:00:	set AO_S2Z (PXIDAQ1/ao3) to 0.000000Amps	 0.000V DONE
05/04/2023 15:15:01:	26	count	time	30.000000s/cts	O Det=848	H Det=2732	Mon Det=300826	Aux Det=4031	O+H=3580	 DONE
05/04/2023 15:15:34:	move motor	S18.auxiliary.LinearBlue to 65.000000mm	 DONE
05/04/2023 15:15:38:	set AO_S2Z (PXIDAQ1/ao3) to 0.000000Amps	 0.000V DONE
05/04/2023 15:15:39:	27	count	time	30.000000s/cts	O Det=937	H Det=2689	Mon Det=301148	Aux Det=3972	O+H=3626	 DONE
05/04/2023 15:16:13:	set AO_S2Z (PXIDAQ1/ao3) to 0.496000Amps	 0.496V DONE
05/04/2023 15:16:14:	28	count	time	30s/cts	O Det=955	H Det=2755	Mon Det=301408	Aux Det=4040	O+H=3710	 DONE
05/04/2023 15:16:47:	move motor	S18.auxiliary.LinearBlue to 70.000000mm	 DONE
05/04/2023 15:16:51:	set AO_S2Z (PXIDAQ1/ao3) to 0.496000Amps	 0.496V DONE
05/04/2023 15:16:52:	29	count	time	30s/cts	O Det=826	H Det=2733	Mon Det=300641	Aux Det=3976	O+H=3559	 DONE
05/04/2023 15:17:25:	set AO_S2Z (PXIDAQ1/ao3) to 0.000000Amps	 0.000V DONE
05/04/2023 15:17:26:	30	count	time	30.000000s/cts	O Det=668	H Det=2598	Mon Det=300899	Aux Det=4028	O+H=3266	 DONE
05/04/2023 15:18:00:	move motor	S18.auxiliary.LinearBlue to 75.000000mm	 DONE
05/04/2023 15:18:04:	set AO_S2Z (PXIDAQ1/ao3) to 0.000000Amps	 0.000V DONE
05/04/2023 15:18:05:	31	count	time	30.000000s/cts	O Det=464	H Det=2718	Mon Det=300902	Aux Det=4014	O+H=3182	 DONE
05/04/2023 15:18:38:	set AO_S2Z (PXIDAQ1/ao3) to 0.496000Amps	 0.496V DONE
05/04/2023 15:18:39:	32	count	time	30s/cts	O Det=585	H Det=2759	Mon Det=302056	Aux Det=3920	O+H=3344	 DONE
05/04/2023 15:19:12:	move motor	S18.auxiliary.LinearBlue to 80.000000mm	 DONE
05/04/2023 15:19:17:	set AO_S2Z (PXIDAQ1/ao3) to 0.496000Amps	 0.496V DONE
05/04/2023 15:19:18:	33	count	time	30s/cts	O Det=285	H Det=2789	Mon Det=302523	Aux Det=3961	O+H=3074	 DONE
05/04/2023 15:19:51:	set AO_S2Z (PXIDAQ1/ao3) to 0.000000Amps	 0.000V DONE
05/04/2023 15:19:52:	34	count	time	30.000000s/cts	O Det=188	H Det=2825	Mon Det=301302	Aux Det=3925	O+H=3013	 DONE
05/04/2023 15:20:25:	move motor	S18.auxiliary.LinearBlue to 85.000000mm	 DONE
05/04/2023 15:20:29:	set AO_S2Z (PXIDAQ1/ao3) to 0.000000Amps	 0.000V DONE
05/04/2023 15:20:31:	35	count	time	30.000000s/cts	O Det=51	H Det=2702	Mon Det=301962	Aux Det=4004	O+H=2753	 DONE
05/04/2023 15:21:04:	set AO_S2Z (PXIDAQ1/ao3) to 0.496000Amps	 0.496V DONE
05/04/2023 15:21:05:	36	count	time	30s/cts	O Det=76	H Det=2660	Mon Det=300649	Aux Det=3952	O+H=2736	 DONE
05/04/2023 15:21:38:	move motor	S18.auxiliary.LinearBlue to 90.000000mm	 DONE
05/04/2023 15:21:42:	set AO_S2Z (PXIDAQ1/ao3) to 0.496000Amps	 0.496V DONE
05/04/2023 15:21:43:	37	count	time	30s/cts	O Det=83	H Det=2657	Mon Det=299659	Aux Det=3921	O+H=2740	 DONE
05/04/2023 15:22:17:	set AO_S2Z (PXIDAQ1/ao3) to 0.000000Amps	 0.000V DONE
05/04/2023 15:22:18:	38	count	time	30.000000s/cts	O Det=101	H Det=2708	Mon Det=299008	Aux Det=4068	O+H=2809	 DONE
05/04/2023 15:22:51:	move motor	S18.auxiliary.LinearBlue to 95.000000mm	 DONE
05/04/2023 15:22:55:	set AO_S2Z (PXIDAQ1/ao3) to 0.000000Amps	 0.000V DONE
05/04/2023 15:22:56:	39	count	time	30.000000s/cts	O Det=357	H Det=2802	Mon Det=298723	Aux Det=3956	O+H=3159	 DONE
05/04/2023 15:23:30:	set AO_S2Z (PXIDAQ1/ao3) to 0.496000Amps	 0.496V DONE
05/04/2023 15:23:31:	40	count	time	30s/cts	O Det=281	H Det=2658	Mon Det=304046	Aux Det=3837	O+H=2939	 DONE
05/04/2023 15:24:04:	close file and end scan	 DONE
05/04/2023 15:24:05:	END OF SCRIPT	 DONE
