04/04/2023 21:07:11:	start execution of script D:\data\Cycle 192\exp_3-16-13\rawdata\sc\betaS2pi8.sc	 DONE
04/04/2023 21:07:12:	set AO_S1Z (6229/ao0) to 0.000000Amps 0.000V DONE
call of setS1Zoff.sc DONE
04/04/2023 21:07:14:	move motor	S18.auxiliary.LinearBlue to -0.010000mm	 DONE
04/04/2023 21:07:27:	create file	D:\data\Cycle 192\exp_3-16-13\rawdata\sc\betaS2pi8_ON_04Apr2107.dat	 DONE
04/04/2023 21:07:28:	create file	D:\data\Cycle 192\exp_3-16-13\rawdata\sc\betaS2pi8_OFF_04Apr2107.dat	 DONE
room to enter remarks DONE
04/04/2023 21:07:30:	move motor	S18.auxiliary.LinearBlue to 0.000000mm	 DONE
04/04/2023 21:07:34:	set AO_S2Z (PXIDAQ1/ao3) to 0.496000Amps	 0.496V DONE
04/04/2023 21:07:35:	1	count	time	30s/cts	O Det=91	H Det=858	Mon Det=301719	Aux Det=2185	O+H=949	 DONE
04/04/2023 21:08:09:	set AO_S2Z (PXIDAQ1/ao3) to 0.000000Amps	 0.000V DONE
04/04/2023 21:08:10:	2	count	time	30.000000s/cts	O Det=72	H Det=879	Mon Det=301394	Aux Det=2175	O+H=951	 DONE
04/04/2023 21:08:43:	move motor	S18.auxiliary.LinearBlue to 5.000000mm	 DONE
04/04/2023 21:08:47:	set AO_S2Z (PXIDAQ1/ao3) to 0.000000Amps	 0.000V DONE
04/04/2023 21:08:48:	3	count	time	30.000000s/cts	O Det=53	H Det=892	Mon Det=302484	Aux Det=2130	O+H=945	 DONE
04/04/2023 21:09:21:	set AO_S2Z (PXIDAQ1/ao3) to 0.496000Amps	 0.496V DONE
04/04/2023 21:09:22:	4	count	time	30s/cts	O Det=89	H Det=896	Mon Det=306555	Aux Det=2141	O+H=985	 DONE
04/04/2023 21:09:55:	move motor	S18.auxiliary.LinearBlue to 10.000000mm	 DONE
04/04/2023 21:10:00:	set AO_S2Z (PXIDAQ1/ao3) to 0.496000Amps	 0.496V DONE
04/04/2023 21:10:01:	5	count	time	30s/cts	O Det=30	H Det=918	Mon Det=307586	Aux Det=2132	O+H=948	 DONE
04/04/2023 21:10:34:	set AO_S2Z (PXIDAQ1/ao3) to 0.000000Amps	 0.000V DONE
04/04/2023 21:10:35:	6	count	time	30.000000s/cts	O Det=31	H Det=918	Mon Det=297045	Aux Det=2190	O+H=949	 DONE
04/04/2023 21:11:08:	move motor	S18.auxiliary.LinearBlue to 15.000000mm	 DONE
04/04/2023 21:11:13:	set AO_S2Z (PXIDAQ1/ao3) to 0.000000Amps	 0.000V DONE
04/04/2023 21:11:14:	7	count	time	30.000000s/cts	O Det=16	H Det=876	Mon Det=294507	Aux Det=2169	O+H=892	 DONE
04/04/2023 21:11:47:	set AO_S2Z (PXIDAQ1/ao3) to 0.496000Amps	 0.496V DONE
04/04/2023 21:11:48:	8	count	time	30s/cts	O Det=20	H Det=862	Mon Det=293301	Aux Det=2204	O+H=882	 DONE
04/04/2023 21:12:21:	move motor	S18.auxiliary.LinearBlue to 20.000000mm	 DONE
04/04/2023 21:12:25:	set AO_S2Z (PXIDAQ1/ao3) to 0.496000Amps	 0.496V DONE
04/04/2023 21:12:27:	9	count	time	30s/cts	O Det=28	H Det=866	Mon Det=301591	Aux Det=2157	O+H=894	 DONE
04/04/2023 21:13:00:	set AO_S2Z (PXIDAQ1/ao3) to 0.000000Amps	 0.000V DONE
04/04/2023 21:13:01:	10	count	time	30.000000s/cts	O Det=29	H Det=925	Mon Det=299231	Aux Det=2179	O+H=954	 DONE
04/04/2023 21:13:34:	move motor	S18.auxiliary.LinearBlue to 25.000000mm	 DONE
04/04/2023 21:13:38:	set AO_S2Z (PXIDAQ1/ao3) to 0.000000Amps	 0.000V DONE
04/04/2023 21:13:39:	11	count	time	30.000000s/cts	O Det=54	H Det=856	Mon Det=298853	Aux Det=2097	O+H=910	 DONE
04/04/2023 21:14:12:	set AO_S2Z (PXIDAQ1/ao3) to 0.496000Amps	 0.496V DONE
04/04/2023 21:14:14:	12	count	time	30s/cts	O Det=42	H Det=834	Mon Det=299689	Aux Det=2153	O+H=876	 DONE
04/04/2023 21:14:47:	move motor	S18.auxiliary.LinearBlue to 30.000000mm	 DONE
04/04/2023 21:14:51:	set AO_S2Z (PXIDAQ1/ao3) to 0.496000Amps	 0.496V DONE
04/04/2023 21:14:52:	13	count	time	30s/cts	O Det=57	H Det=863	Mon Det=298080	Aux Det=2113	O+H=920	 DONE
04/04/2023 21:15:25:	set AO_S2Z (PXIDAQ1/ao3) to 0.000000Amps	 0.000V DONE
04/04/2023 21:15:26:	14	count	time	30.000000s/cts	O Det=80	H Det=816	Mon Det=297410	Aux Det=2134	O+H=896	 DONE
04/04/2023 21:16:00:	move motor	S18.auxiliary.LinearBlue to 35.000000mm	 DONE
04/04/2023 21:16:04:	set AO_S2Z (PXIDAQ1/ao3) to 0.000000Amps	 0.000V DONE
04/04/2023 21:16:05:	15	count	time	30.000000s/cts	O Det=105	H Det=848	Mon Det=297719	Aux Det=2166	O+H=953	 DONE
04/04/2023 21:16:38:	set AO_S2Z (PXIDAQ1/ao3) to 0.496000Amps	 0.496V DONE
04/04/2023 21:16:39:	16	count	time	30s/cts	O Det=116	H Det=831	Mon Det=315491	Aux Det=2114	O+H=947	 DONE
04/04/2023 21:17:12:	move motor	S18.auxiliary.LinearBlue to 40.000000mm	 DONE
04/04/2023 21:17:17:	set AO_S2Z (PXIDAQ1/ao3) to 0.496000Amps	 0.496V DONE
04/04/2023 21:17:18:	17	count	time	30s/cts	O Det=100	H Det=859	Mon Det=319964	Aux Det=2128	O+H=959	 DONE
04/04/2023 21:17:51:	set AO_S2Z (PXIDAQ1/ao3) to 0.000000Amps	 0.000V DONE
04/04/2023 21:17:52:	18	count	time	30.000000s/cts	O Det=116	H Det=883	Mon Det=307296	Aux Det=2187	O+H=999	 DONE
04/04/2023 21:18:25:	move motor	S18.auxiliary.LinearBlue to 45.000000mm	 DONE
04/04/2023 21:18:30:	set AO_S2Z (PXIDAQ1/ao3) to 0.000000Amps	 0.000V DONE
04/04/2023 21:18:31:	19	count	time	30.000000s/cts	O Det=107	H Det=879	Mon Det=302081	Aux Det=2107	O+H=986	 DONE
04/04/2023 21:19:04:	set AO_S2Z (PXIDAQ1/ao3) to 0.496000Amps	 0.496V DONE
04/04/2023 21:19:05:	20	count	time	30s/cts	O Det=95	H Det=892	Mon Det=302582	Aux Det=2207	O+H=987	 DONE
04/04/2023 21:19:38:	move motor	S18.auxiliary.LinearBlue to 50.000000mm	 DONE
04/04/2023 21:19:42:	set AO_S2Z (PXIDAQ1/ao3) to 0.496000Amps	 0.496V DONE
04/04/2023 21:19:43:	21	count	time	30s/cts	O Det=98	H Det=828	Mon Det=328920	Aux Det=2141	O+H=926	 DONE
04/04/2023 21:20:17:	set AO_S2Z (PXIDAQ1/ao3) to 0.000000Amps	 0.000V DONE
04/04/2023 21:20:18:	22	count	time	30.000000s/cts	O Det=67	H Det=874	Mon Det=325460	Aux Det=2107	O+H=941	 DONE
04/04/2023 21:20:51:	move motor	S18.auxiliary.LinearBlue to 55.000000mm	 DONE
04/04/2023 21:20:55:	set AO_S2Z (PXIDAQ1/ao3) to 0.000000Amps	 0.000V DONE
04/04/2023 21:20:57:	23	count	time	30.000000s/cts	O Det=41	H Det=905	Mon Det=324906	Aux Det=2145	O+H=946	 DONE
04/04/2023 21:21:30:	set AO_S2Z (PXIDAQ1/ao3) to 0.496000Amps	 0.496V DONE
04/04/2023 21:21:31:	24	count	time	30s/cts	O Det=60	H Det=859	Mon Det=325156	Aux Det=2252	O+H=919	 DONE
04/04/2023 21:22:04:	move motor	S18.auxiliary.LinearBlue to 60.000000mm	 DONE
04/04/2023 21:22:08:	set AO_S2Z (PXIDAQ1/ao3) to 0.496000Amps	 0.496V DONE
04/04/2023 21:22:09:	25	count	time	30s/cts	O Det=47	H Det=867	Mon Det=323882	Aux Det=2073	O+H=914	 DONE
04/04/2023 21:22:42:	set AO_S2Z (PXIDAQ1/ao3) to 0.000000Amps	 0.000V DONE
04/04/2023 21:22:44:	26	count	time	30.000000s/cts	O Det=24	H Det=843	Mon Det=320730	Aux Det=2123	O+H=867	 DONE
04/04/2023 21:23:17:	move motor	S18.auxiliary.LinearBlue to 65.000000mm	 DONE
04/04/2023 21:23:21:	set AO_S2Z (PXIDAQ1/ao3) to 0.000000Amps	 0.000V DONE
04/04/2023 21:23:22:	27	count	time	30.000000s/cts	O Det=24	H Det=877	Mon Det=321378	Aux Det=2098	O+H=901	 DONE
04/04/2023 21:23:55:	set AO_S2Z (PXIDAQ1/ao3) to 0.496000Amps	 0.496V DONE
04/04/2023 21:23:56:	28	count	time	30s/cts	O Det=21	H Det=849	Mon Det=308201	Aux Det=2098	O+H=870	 DONE
04/04/2023 21:24:29:	move motor	S18.auxiliary.LinearBlue to 70.000000mm	 DONE
04/04/2023 21:24:34:	set AO_S2Z (PXIDAQ1/ao3) to 0.496000Amps	 0.496V DONE
04/04/2023 21:24:35:	29	count	time	30s/cts	O Det=23	H Det=822	Mon Det=304760	Aux Det=2201	O+H=845	 DONE
04/04/2023 21:25:08:	set AO_S2Z (PXIDAQ1/ao3) to 0.000000Amps	 0.000V DONE
04/04/2023 21:25:09:	30	count	time	30.000000s/cts	O Det=31	H Det=894	Mon Det=313293	Aux Det=2117	O+H=925	 DONE
04/04/2023 21:25:42:	move motor	S18.auxiliary.LinearBlue to 75.000000mm	 DONE
04/04/2023 21:25:47:	set AO_S2Z (PXIDAQ1/ao3) to 0.000000Amps	 0.000V DONE
04/04/2023 21:25:48:	31	count	time	30.000000s/cts	O Det=70	H Det=792	Mon Det=344673	Aux Det=2075	O+H=862	 DONE
04/04/2023 21:26:21:	set AO_S2Z (PXIDAQ1/ao3) to 0.496000Amps	 0.496V DONE
04/04/2023 21:26:22:	32	count	time	30s/cts	O Det=54	H Det=799	Mon Det=345173	Aux Det=2060	O+H=853	 DONE
04/04/2023 21:26:55:	move motor	S18.auxiliary.LinearBlue to 80.000000mm	 DONE
04/04/2023 21:26:59:	set AO_S2Z (PXIDAQ1/ao3) to 0.496000Amps	 0.496V DONE
04/04/2023 21:27:01:	33	count	time	30s/cts	O Det=94	H Det=837	Mon Det=324405	Aux Det=2233	O+H=931	 DONE
04/04/2023 21:27:34:	set AO_S2Z (PXIDAQ1/ao3) to 0.000000Amps	 0.000V DONE
04/04/2023 21:27:35:	34	count	time	30.000000s/cts	O Det=84	H Det=801	Mon Det=312100	Aux Det=2090	O+H=885	 DONE
04/04/2023 21:28:08:	move motor	S18.auxiliary.LinearBlue to 85.000000mm	 DONE
04/04/2023 21:28:12:	set AO_S2Z (PXIDAQ1/ao3) to 0.000000Amps	 0.000V DONE
04/04/2023 21:28:13:	35	count	time	30.000000s/cts	O Det=122	H Det=852	Mon Det=315248	Aux Det=2161	O+H=974	 DONE
04/04/2023 21:28:46:	set AO_S2Z (PXIDAQ1/ao3) to 0.496000Amps	 0.496V DONE
04/04/2023 21:28:48:	36	count	time	30s/cts	O Det=95	H Det=897	Mon Det=307383	Aux Det=2195	O+H=992	 DONE
04/04/2023 21:29:21:	move motor	S18.auxiliary.LinearBlue to 90.000000mm	 DONE
04/04/2023 21:29:25:	set AO_S2Z (PXIDAQ1/ao3) to 0.496000Amps	 0.496V DONE
04/04/2023 21:29:26:	37	count	time	30s/cts	O Det=95	H Det=878	Mon Det=304691	Aux Det=2132	O+H=973	 DONE
04/04/2023 21:29:59:	set AO_S2Z (PXIDAQ1/ao3) to 0.000000Amps	 0.000V DONE
04/04/2023 21:30:00:	38	count	time	30.000000s/cts	O Det=116	H Det=879	Mon Det=311587	Aux Det=2183	O+H=995	 DONE
04/04/2023 21:30:33:	move motor	S18.auxiliary.LinearBlue to 95.000000mm	 DONE
04/04/2023 21:30:38:	set AO_S2Z (PXIDAQ1/ao3) to 0.000000Amps	 0.000V DONE
04/04/2023 21:30:39:	39	count	time	30.000000s/cts	O Det=85	H Det=842	Mon Det=306077	Aux Det=2115	O+H=927	 DONE
04/04/2023 21:31:12:	set AO_S2Z (PXIDAQ1/ao3) to 0.496000Amps	 0.496V DONE
04/04/2023 21:31:13:	40	count	time	30s/cts	O Det=73	H Det=847	Mon Det=302912	Aux Det=2063	O+H=920	 DONE
04/04/2023 21:31:46:	close file and end scan	 DONE
04/04/2023 21:31:47:	END OF SCRIPT	 DONE
