05/04/2023 07:37:56:	start execution of script D:\data\Cycle 192\exp_3-16-13\rawdata\sc\betaS2pi8.sc	 DONE
05/04/2023 07:37:57:	set AO_S1Z (6229/ao0) to 0.000000Amps 0.000V DONE
call of setS1Zoff.sc DONE
05/04/2023 07:37:59:	move motor	S18.auxiliary.LinearBlue to -0.010000mm	 DONE
05/04/2023 07:38:12:	create file	D:\data\Cycle 192\exp_3-16-13\rawdata\sc\betaS2pi8_ON_05Apr0738.dat	 DONE
05/04/2023 07:38:13:	create file	D:\data\Cycle 192\exp_3-16-13\rawdata\sc\betaS2pi8_OFF_05Apr0738.dat	 DONE
room to enter remarks DONE
05/04/2023 07:38:15:	move motor	S18.auxiliary.LinearBlue to 0.000000mm	 DONE
05/04/2023 07:38:19:	set AO_S2Z (PXIDAQ1/ao3) to 0.496000Amps	 0.496V DONE
05/04/2023 07:38:20:	1	count	time	30s/cts	O Det=89	H Det=563	Mon Det=304315	Aux Det=1893	O+H=652	 DONE
05/04/2023 07:38:53:	set AO_S2Z (PXIDAQ1/ao3) to 0.000000Amps	 0.000V DONE
05/04/2023 07:38:54:	2	count	time	30.000000s/cts	O Det=81	H Det=593	Mon Det=301710	Aux Det=1905	O+H=674	 DONE
05/04/2023 07:39:27:	move motor	S18.auxiliary.LinearBlue to 5.000000mm	 DONE
05/04/2023 07:39:32:	set AO_S2Z (PXIDAQ1/ao3) to 0.000000Amps	 0.000V DONE
05/04/2023 07:39:33:	3	count	time	30.000000s/cts	O Det=50	H Det=539	Mon Det=337075	Aux Det=1895	O+H=589	 DONE
05/04/2023 07:40:06:	set AO_S2Z (PXIDAQ1/ao3) to 0.496000Amps	 0.496V DONE
05/04/2023 07:40:07:	4	count	time	30s/cts	O Det=47	H Det=503	Mon Det=341379	Aux Det=1895	O+H=550	 DONE
05/04/2023 07:40:40:	move motor	S18.auxiliary.LinearBlue to 10.000000mm	 DONE
05/04/2023 07:40:44:	set AO_S2Z (PXIDAQ1/ao3) to 0.496000Amps	 0.496V DONE
05/04/2023 07:40:46:	5	count	time	30s/cts	O Det=32	H Det=579	Mon Det=341598	Aux Det=1905	O+H=611	 DONE
05/04/2023 07:41:19:	set AO_S2Z (PXIDAQ1/ao3) to 0.000000Amps	 0.000V DONE
05/04/2023 07:41:20:	6	count	time	30.000000s/cts	O Det=34	H Det=542	Mon Det=340173	Aux Det=1928	O+H=576	 DONE
05/04/2023 07:41:53:	move motor	S18.auxiliary.LinearBlue to 15.000000mm	 DONE
05/04/2023 07:41:57:	set AO_S2Z (PXIDAQ1/ao3) to 0.000000Amps	 0.000V DONE
05/04/2023 07:41:58:	7	count	time	30.000000s/cts	O Det=19	H Det=529	Mon Det=345744	Aux Det=1942	O+H=548	 DONE
05/04/2023 07:42:32:	set AO_S2Z (PXIDAQ1/ao3) to 0.496000Amps	 0.496V DONE
05/04/2023 07:42:33:	8	count	time	30s/cts	O Det=25	H Det=586	Mon Det=317394	Aux Det=1872	O+H=611	 DONE
05/04/2023 07:43:06:	move motor	S18.auxiliary.LinearBlue to 20.000000mm	 DONE
05/04/2023 07:43:10:	set AO_S2Z (PXIDAQ1/ao3) to 0.496000Amps	 0.496V DONE
05/04/2023 07:43:11:	9	count	time	30s/cts	O Det=32	H Det=580	Mon Det=295978	Aux Det=1896	O+H=612	 DONE
05/04/2023 07:43:44:	set AO_S2Z (PXIDAQ1/ao3) to 0.000000Amps	 0.000V DONE
05/04/2023 07:43:45:	10	count	time	30.000000s/cts	O Det=26	H Det=555	Mon Det=297852	Aux Det=1925	O+H=581	 DONE
05/04/2023 07:44:18:	move motor	S18.auxiliary.LinearBlue to 25.000000mm	 DONE
05/04/2023 07:44:23:	set AO_S2Z (PXIDAQ1/ao3) to 0.000000Amps	 0.000V DONE
05/04/2023 07:44:24:	11	count	time	30.000000s/cts	O Det=55	H Det=535	Mon Det=302694	Aux Det=1960	O+H=590	 DONE
05/04/2023 07:44:57:	set AO_S2Z (PXIDAQ1/ao3) to 0.496000Amps	 0.496V DONE
05/04/2023 07:44:58:	12	count	time	30s/cts	O Det=59	H Det=544	Mon Det=299759	Aux Det=1889	O+H=603	 DONE
05/04/2023 07:45:31:	move motor	S18.auxiliary.LinearBlue to 30.000000mm	 DONE
05/04/2023 07:45:36:	set AO_S2Z (PXIDAQ1/ao3) to 0.496000Amps	 0.496V DONE
05/04/2023 07:45:37:	13	count	time	30s/cts	O Det=81	H Det=536	Mon Det=304894	Aux Det=1910	O+H=617	 DONE
05/04/2023 07:46:10:	set AO_S2Z (PXIDAQ1/ao3) to 0.000000Amps	 0.000V DONE
05/04/2023 07:46:11:	14	count	time	30.000000s/cts	O Det=99	H Det=587	Mon Det=306424	Aux Det=1869	O+H=686	 DONE
05/04/2023 07:46:44:	move motor	S18.auxiliary.LinearBlue to 35.000000mm	 DONE
05/04/2023 07:46:49:	set AO_S2Z (PXIDAQ1/ao3) to 0.000000Amps	 0.000V DONE
05/04/2023 07:46:50:	15	count	time	30.000000s/cts	O Det=99	H Det=544	Mon Det=306503	Aux Det=1928	O+H=643	 DONE
05/04/2023 07:47:23:	set AO_S2Z (PXIDAQ1/ao3) to 0.496000Amps	 0.496V DONE
05/04/2023 07:47:24:	16	count	time	30s/cts	O Det=116	H Det=538	Mon Det=306880	Aux Det=2000	O+H=654	 DONE
05/04/2023 07:47:57:	move motor	S18.auxiliary.LinearBlue to 40.000000mm	 DONE
05/04/2023 07:48:01:	set AO_S2Z (PXIDAQ1/ao3) to 0.496000Amps	 0.496V DONE
05/04/2023 07:48:02:	17	count	time	30s/cts	O Det=125	H Det=572	Mon Det=307404	Aux Det=1933	O+H=697	 DONE
05/04/2023 07:48:36:	set AO_S2Z (PXIDAQ1/ao3) to 0.000000Amps	 0.000V DONE
05/04/2023 07:48:37:	18	count	time	30.000000s/cts	O Det=120	H Det=547	Mon Det=301984	Aux Det=1903	O+H=667	 DONE
05/04/2023 07:49:10:	move motor	S18.auxiliary.LinearBlue to 45.000000mm	 DONE
05/04/2023 07:49:14:	set AO_S2Z (PXIDAQ1/ao3) to 0.000000Amps	 0.000V DONE
05/04/2023 07:49:15:	19	count	time	30.000000s/cts	O Det=83	H Det=541	Mon Det=306779	Aux Det=1862	O+H=624	 DONE
05/04/2023 07:49:48:	set AO_S2Z (PXIDAQ1/ao3) to 0.496000Amps	 0.496V DONE
05/04/2023 07:49:49:	20	count	time	30s/cts	O Det=96	H Det=628	Mon Det=302059	Aux Det=1869	O+H=724	 DONE
05/04/2023 07:50:23:	move motor	S18.auxiliary.LinearBlue to 50.000000mm	 DONE
05/04/2023 07:50:27:	set AO_S2Z (PXIDAQ1/ao3) to 0.496000Amps	 0.496V DONE
05/04/2023 07:50:28:	21	count	time	30s/cts	O Det=92	H Det=582	Mon Det=307469	Aux Det=1858	O+H=674	 DONE
05/04/2023 07:51:01:	set AO_S2Z (PXIDAQ1/ao3) to 0.000000Amps	 0.000V DONE
05/04/2023 07:51:02:	22	count	time	30.000000s/cts	O Det=70	H Det=565	Mon Det=307131	Aux Det=1885	O+H=635	 DONE
05/04/2023 07:51:35:	move motor	S18.auxiliary.LinearBlue to 55.000000mm	 DONE
05/04/2023 07:51:40:	set AO_S2Z (PXIDAQ1/ao3) to 0.000000Amps	 0.000V DONE
05/04/2023 07:51:41:	23	count	time	30.000000s/cts	O Det=42	H Det=570	Mon Det=313165	Aux Det=1870	O+H=612	 DONE
05/04/2023 07:52:14:	set AO_S2Z (PXIDAQ1/ao3) to 0.496000Amps	 0.496V DONE
05/04/2023 07:52:15:	24	count	time	30s/cts	O Det=42	H Det=553	Mon Det=309523	Aux Det=1902	O+H=595	 DONE
05/04/2023 07:52:48:	move motor	S18.auxiliary.LinearBlue to 60.000000mm	 DONE
05/04/2023 07:52:53:	set AO_S2Z (PXIDAQ1/ao3) to 0.496000Amps	 0.496V DONE
05/04/2023 07:52:54:	25	count	time	30s/cts	O Det=27	H Det=528	Mon Det=304036	Aux Det=1856	O+H=555	 DONE
05/04/2023 07:53:27:	set AO_S2Z (PXIDAQ1/ao3) to 0.000000Amps	 0.000V DONE
05/04/2023 07:53:28:	26	count	time	30.000000s/cts	O Det=25	H Det=543	Mon Det=305512	Aux Det=1926	O+H=568	 DONE
05/04/2023 07:54:01:	move motor	S18.auxiliary.LinearBlue to 65.000000mm	 DONE
05/04/2023 07:54:05:	set AO_S2Z (PXIDAQ1/ao3) to 0.000000Amps	 0.000V DONE
05/04/2023 07:54:07:	27	count	time	30.000000s/cts	O Det=26	H Det=560	Mon Det=311968	Aux Det=1943	O+H=586	 DONE
05/04/2023 07:54:40:	set AO_S2Z (PXIDAQ1/ao3) to 0.496000Amps	 0.496V DONE
05/04/2023 07:54:41:	28	count	time	30s/cts	O Det=29	H Det=511	Mon Det=315035	Aux Det=1909	O+H=540	 DONE
05/04/2023 07:55:14:	move motor	S18.auxiliary.LinearBlue to 70.000000mm	 DONE
05/04/2023 07:55:18:	set AO_S2Z (PXIDAQ1/ao3) to 0.496000Amps	 0.496V DONE
05/04/2023 07:55:19:	29	count	time	30s/cts	O Det=36	H Det=576	Mon Det=312505	Aux Det=1924	O+H=612	 DONE
05/04/2023 07:55:53:	set AO_S2Z (PXIDAQ1/ao3) to 0.000000Amps	 0.000V DONE
05/04/2023 07:55:54:	30	count	time	30.000000s/cts	O Det=42	H Det=541	Mon Det=302376	Aux Det=1964	O+H=583	 DONE
05/04/2023 07:56:27:	move motor	S18.auxiliary.LinearBlue to 75.000000mm	 DONE
05/04/2023 07:56:31:	set AO_S2Z (PXIDAQ1/ao3) to 0.000000Amps	 0.000V DONE
05/04/2023 07:56:32:	31	count	time	30.000000s/cts	O Det=74	H Det=596	Mon Det=299576	Aux Det=1813	O+H=670	 DONE
05/04/2023 07:57:05:	set AO_S2Z (PXIDAQ1/ao3) to 0.496000Amps	 0.496V DONE
05/04/2023 07:57:07:	32	count	time	30s/cts	O Det=68	H Det=545	Mon Det=320133	Aux Det=1909	O+H=613	 DONE
05/04/2023 07:57:40:	move motor	S18.auxiliary.LinearBlue to 80.000000mm	 DONE
05/04/2023 07:57:44:	set AO_S2Z (PXIDAQ1/ao3) to 0.496000Amps	 0.496V DONE
05/04/2023 07:57:45:	33	count	time	30s/cts	O Det=87	H Det=564	Mon Det=327142	Aux Det=1859	O+H=651	 DONE
05/04/2023 07:58:18:	set AO_S2Z (PXIDAQ1/ao3) to 0.000000Amps	 0.000V DONE
05/04/2023 07:58:20:	34	count	time	30.000000s/cts	O Det=99	H Det=576	Mon Det=334046	Aux Det=1927	O+H=675	 DONE
05/04/2023 07:58:53:	move motor	S18.auxiliary.LinearBlue to 85.000000mm	 DONE
05/04/2023 07:58:57:	set AO_S2Z (PXIDAQ1/ao3) to 0.000000Amps	 0.000V DONE
05/04/2023 07:58:58:	35	count	time	30.000000s/cts	O Det=110	H Det=514	Mon Det=341263	Aux Det=1922	O+H=624	 DONE
05/04/2023 07:59:31:	set AO_S2Z (PXIDAQ1/ao3) to 0.496000Amps	 0.496V DONE
05/04/2023 07:59:32:	36	count	time	30s/cts	O Det=95	H Det=562	Mon Det=344985	Aux Det=1853	O+H=657	 DONE
05/04/2023 08:00:06:	move motor	S18.auxiliary.LinearBlue to 90.000000mm	 DONE
05/04/2023 08:00:10:	set AO_S2Z (PXIDAQ1/ao3) to 0.496000Amps	 0.496V DONE
05/04/2023 08:00:11:	37	count	time	30s/cts	O Det=92	H Det=526	Mon Det=330034	Aux Det=1882	O+H=618	 DONE
05/04/2023 08:00:44:	set AO_S2Z (PXIDAQ1/ao3) to 0.000000Amps	 0.000V DONE
05/04/2023 08:00:45:	38	count	time	30.000000s/cts	O Det=141	H Det=559	Mon Det=327569	Aux Det=1858	O+H=700	 DONE
05/04/2023 08:01:18:	move motor	S18.auxiliary.LinearBlue to 95.000000mm	 DONE
05/04/2023 08:01:23:	set AO_S2Z (PXIDAQ1/ao3) to 0.000000Amps	 0.000V DONE
05/04/2023 08:01:24:	39	count	time	30.000000s/cts	O Det=86	H Det=553	Mon Det=331385	Aux Det=1876	O+H=639	 DONE
05/04/2023 08:01:57:	set AO_S2Z (PXIDAQ1/ao3) to 0.496000Amps	 0.496V DONE
05/04/2023 08:01:58:	40	count	time	30s/cts	O Det=108	H Det=607	Mon Det=329043	Aux Det=1902	O+H=715	 DONE
05/04/2023 08:02:31:	close file and end scan	 DONE
05/04/2023 08:02:32:	END OF SCRIPT	 DONE
