31/03/2023 12:04:25:	start execution of script D:\data\Cycle 192\exp_3-16-13\rawdata\sc\DC1Yrocker1.sc	 DONE
31/03/2023 12:04:26:	set AO_DC1Z (PXIDAQ2/ao1) to 3.440000Amps 1.720V DONE
31/03/2023 12:04:27:	move motor	S18.auxiliary.Rocker1 to -6.00000mm	reached -5.99994  DONE
31/03/2023 12:04:29:	create file	D:\data\Cycle 192\exp_3-16-13\rawdata\sc\rocker1_0_31Mar1204.dat	 DONE
room to enter remarks DONE
31/03/2023 12:04:31:	set AO_DC1Y (6229/ao1) to -5.000000Amps -10.000V DONE
31/03/2023 12:04:32:	1	count	time	10.000000s/cts	O Det=98	H Det=918	Mon Det=96397	Aux Det=1380	O+H=1016	 DONE
31/03/2023 12:04:45:	set AO_DC1Y (6229/ao1) to -4.500000Amps -9.000V DONE
31/03/2023 12:04:46:	2	count	time	10.000000s/cts	O Det=120	H Det=884	Mon Det=92979	Aux Det=1321	O+H=1004	 DONE
31/03/2023 12:05:00:	set AO_DC1Y (6229/ao1) to -4.000000Amps -8.000V DONE
31/03/2023 12:05:01:	3	count	time	10.000000s/cts	O Det=127	H Det=903	Mon Det=105309	Aux Det=1331	O+H=1030	 DONE
31/03/2023 12:05:14:	set AO_DC1Y (6229/ao1) to -3.500000Amps -7.000V DONE
31/03/2023 12:05:15:	4	count	time	10.000000s/cts	O Det=155	H Det=874	Mon Det=107084	Aux Det=1322	O+H=1029	 DONE
31/03/2023 12:05:28:	set AO_DC1Y (6229/ao1) to -3.000000Amps -6.000V DONE
31/03/2023 12:05:29:	5	count	time	10.000000s/cts	O Det=166	H Det=901	Mon Det=105017	Aux Det=1352	O+H=1067	 DONE
31/03/2023 12:05:42:	set AO_DC1Y (6229/ao1) to -2.500000Amps -5.000V DONE
31/03/2023 12:05:43:	6	count	time	10.000000s/cts	O Det=140	H Det=844	Mon Det=105120	Aux Det=1323	O+H=984	 DONE
31/03/2023 12:05:56:	set AO_DC1Y (6229/ao1) to -2.000000Amps -4.000V DONE
31/03/2023 12:05:57:	7	count	time	10.000000s/cts	O Det=109	H Det=906	Mon Det=105487	Aux Det=1350	O+H=1015	 DONE
31/03/2023 12:06:10:	set AO_DC1Y (6229/ao1) to -1.500000Amps -3.000V DONE
31/03/2023 12:06:11:	8	count	time	10.000000s/cts	O Det=88	H Det=941	Mon Det=97797	Aux Det=1319	O+H=1029	 DONE
31/03/2023 12:06:25:	set AO_DC1Y (6229/ao1) to -1.000000Amps -2.000V DONE
31/03/2023 12:06:26:	9	count	time	10.000000s/cts	O Det=42	H Det=840	Mon Det=102961	Aux Det=1317	O+H=882	 DONE
31/03/2023 12:06:39:	set AO_DC1Y (6229/ao1) to -0.500000Amps -1.000V DONE
31/03/2023 12:06:40:	10	count	time	10.000000s/cts	O Det=17	H Det=885	Mon Det=101179	Aux Det=1362	O+H=902	 DONE
31/03/2023 12:06:53:	set AO_DC1Y (6229/ao1) to 0.000000Amps 0.000V DONE
31/03/2023 12:06:54:	11	count	time	10.000000s/cts	O Det=5	H Det=864	Mon Det=89245	Aux Det=1314	O+H=869	 DONE
31/03/2023 12:07:07:	set AO_DC1Y (6229/ao1) to 0.500000Amps 1.000V DONE
31/03/2023 12:07:08:	12	count	time	10.000000s/cts	O Det=8	H Det=900	Mon Det=90160	Aux Det=1413	O+H=908	 DONE
31/03/2023 12:07:21:	set AO_DC1Y (6229/ao1) to 1.000000Amps 2.000V DONE
31/03/2023 12:07:22:	13	count	time	10.000000s/cts	O Det=24	H Det=840	Mon Det=88941	Aux Det=1373	O+H=864	 DONE
31/03/2023 12:07:36:	set AO_DC1Y (6229/ao1) to 1.500000Amps 3.000V DONE
31/03/2023 12:07:37:	14	count	time	10.000000s/cts	O Det=49	H Det=867	Mon Det=102023	Aux Det=1362	O+H=916	 DONE
31/03/2023 12:07:50:	set AO_DC1Y (6229/ao1) to 2.000000Amps 4.000V DONE
31/03/2023 12:07:51:	15	count	time	10.000000s/cts	O Det=115	H Det=880	Mon Det=97871	Aux Det=1307	O+H=995	 DONE
31/03/2023 12:08:04:	set AO_DC1Y (6229/ao1) to 2.500000Amps 5.000V DONE
31/03/2023 12:08:05:	16	count	time	10.000000s/cts	O Det=122	H Det=876	Mon Det=97433	Aux Det=1360	O+H=998	 DONE
31/03/2023 12:08:18:	set AO_DC1Y (6229/ao1) to 3.000000Amps 6.000V DONE
31/03/2023 12:08:19:	17	count	time	10.000000s/cts	O Det=162	H Det=900	Mon Det=98507	Aux Det=1346	O+H=1062	 DONE
31/03/2023 12:08:32:	set AO_DC1Y (6229/ao1) to 3.500000Amps 7.000V DONE
31/03/2023 12:08:34:	18	count	time	10.000000s/cts	O Det=193	H Det=882	Mon Det=98142	Aux Det=1372	O+H=1075	 DONE
31/03/2023 12:08:47:	set AO_DC1Y (6229/ao1) to 4.000000Amps 8.000V DONE
31/03/2023 12:08:48:	19	count	time	10.000000s/cts	O Det=166	H Det=872	Mon Det=97901	Aux Det=1366	O+H=1038	 DONE
31/03/2023 12:09:01:	set AO_DC1Y (6229/ao1) to 4.500000Amps 9.000V DONE
31/03/2023 12:09:02:	20	count	time	10.000000s/cts	O Det=141	H Det=919	Mon Det=97024	Aux Det=1328	O+H=1060	 DONE
31/03/2023 12:09:15:	set AO_DC1Y (6229/ao1) to 5.000000Amps 10.000V DONE
31/03/2023 12:09:16:	21	count	time	10.000000s/cts	O Det=108	H Det=869	Mon Det=98808	Aux Det=1356	O+H=977	 DONE
31/03/2023 12:09:29:	close file and end scan	 DONE
31/03/2023 12:09:30:	move motor	S18.auxiliary.Rocker1 to -5.00000mm	reached -5.00006  DONE
31/03/2023 12:09:34:	create file	D:\data\Cycle 192\exp_3-16-13\rawdata\sc\rocker1_1_31Mar1209.dat	 DONE
room to enter remarks DONE
31/03/2023 12:09:36:	set AO_DC1Y (6229/ao1) to -5.000000Amps -10.000V DONE
31/03/2023 12:09:37:	1	count	time	10.000000s/cts	O Det=107	H Det=816	Mon Det=96787	Aux Det=1372	O+H=923	 DONE
31/03/2023 12:09:50:	set AO_DC1Y (6229/ao1) to -4.500000Amps -9.000V DONE
31/03/2023 12:09:51:	2	count	time	10.000000s/cts	O Det=147	H Det=915	Mon Det=98977	Aux Det=1387	O+H=1062	 DONE
31/03/2023 12:10:04:	set AO_DC1Y (6229/ao1) to -4.000000Amps -8.000V DONE
31/03/2023 12:10:05:	3	count	time	10.000000s/cts	O Det=144	H Det=933	Mon Det=97367	Aux Det=1330	O+H=1077	 DONE
31/03/2023 12:10:19:	set AO_DC1Y (6229/ao1) to -3.500000Amps -7.000V DONE
31/03/2023 12:10:20:	4	count	time	10.000000s/cts	O Det=182	H Det=877	Mon Det=98319	Aux Det=1220	O+H=1059	 DONE
31/03/2023 12:10:33:	set AO_DC1Y (6229/ao1) to -3.000000Amps -6.000V DONE
31/03/2023 12:10:34:	5	count	time	10.000000s/cts	O Det=135	H Det=876	Mon Det=92364	Aux Det=1310	O+H=1011	 DONE
31/03/2023 12:10:47:	set AO_DC1Y (6229/ao1) to -2.500000Amps -5.000V DONE
31/03/2023 12:10:48:	6	count	time	10.000000s/cts	O Det=125	H Det=844	Mon Det=112827	Aux Det=1357	O+H=969	 DONE
31/03/2023 12:11:01:	set AO_DC1Y (6229/ao1) to -2.000000Amps -4.000V DONE
31/03/2023 12:11:02:	7	count	time	10.000000s/cts	O Det=95	H Det=852	Mon Det=113591	Aux Det=1330	O+H=947	 DONE
31/03/2023 12:11:15:	set AO_DC1Y (6229/ao1) to -1.500000Amps -3.000V DONE
31/03/2023 12:11:17:	8	count	time	10.000000s/cts	O Det=61	H Det=867	Mon Det=113381	Aux Det=1359	O+H=928	 DONE
31/03/2023 12:11:30:	set AO_DC1Y (6229/ao1) to -1.000000Amps -2.000V DONE
31/03/2023 12:11:31:	9	count	time	10.000000s/cts	O Det=40	H Det=876	Mon Det=114079	Aux Det=1387	O+H=916	 DONE
31/03/2023 12:11:44:	set AO_DC1Y (6229/ao1) to -0.500000Amps -1.000V DONE
31/03/2023 12:11:45:	10	count	time	10.000000s/cts	O Det=15	H Det=886	Mon Det=104616	Aux Det=1385	O+H=901	 DONE
31/03/2023 12:11:58:	set AO_DC1Y (6229/ao1) to 0.000000Amps 0.000V DONE
31/03/2023 12:11:59:	11	count	time	10.000000s/cts	O Det=1	H Det=911	Mon Det=103340	Aux Det=1427	O+H=912	 DONE
31/03/2023 12:12:12:	set AO_DC1Y (6229/ao1) to 0.500000Amps 1.000V DONE
31/03/2023 12:12:13:	12	count	time	10.000000s/cts	O Det=14	H Det=882	Mon Det=98203	Aux Det=1336	O+H=896	 DONE
31/03/2023 12:12:26:	set AO_DC1Y (6229/ao1) to 1.000000Amps 2.000V DONE
31/03/2023 12:12:27:	13	count	time	10.000000s/cts	O Det=34	H Det=872	Mon Det=103091	Aux Det=1329	O+H=906	 DONE
31/03/2023 12:12:41:	set AO_DC1Y (6229/ao1) to 1.500000Amps 3.000V DONE
31/03/2023 12:12:42:	14	count	time	10.000000s/cts	O Det=67	H Det=888	Mon Det=101202	Aux Det=1381	O+H=955	 DONE
31/03/2023 12:12:55:	set AO_DC1Y (6229/ao1) to 2.000000Amps 4.000V DONE
31/03/2023 12:12:56:	15	count	time	10.000000s/cts	O Det=111	H Det=901	Mon Det=102016	Aux Det=1332	O+H=1012	 DONE
31/03/2023 12:13:09:	set AO_DC1Y (6229/ao1) to 2.500000Amps 5.000V DONE
31/03/2023 12:13:10:	16	count	time	10.000000s/cts	O Det=135	H Det=841	Mon Det=100304	Aux Det=1322	O+H=976	 DONE
31/03/2023 12:13:23:	set AO_DC1Y (6229/ao1) to 3.000000Amps 6.000V DONE
31/03/2023 12:13:24:	17	count	time	10.000000s/cts	O Det=144	H Det=902	Mon Det=100684	Aux Det=1333	O+H=1046	 DONE
31/03/2023 12:13:37:	set AO_DC1Y (6229/ao1) to 3.500000Amps 7.000V DONE
31/03/2023 12:13:38:	18	count	time	10.000000s/cts	O Det=151	H Det=884	Mon Det=121156	Aux Det=1398	O+H=1035	 DONE
31/03/2023 12:13:52:	set AO_DC1Y (6229/ao1) to 4.000000Amps 8.000V DONE
31/03/2023 12:13:53:	19	count	time	10.000000s/cts	O Det=169	H Det=869	Mon Det=121410	Aux Det=1375	O+H=1038	 DONE
31/03/2023 12:14:06:	set AO_DC1Y (6229/ao1) to 4.500000Amps 9.000V DONE
31/03/2023 12:14:07:	20	count	time	10.000000s/cts	O Det=112	H Det=923	Mon Det=123645	Aux Det=1381	O+H=1035	 DONE
31/03/2023 12:14:20:	set AO_DC1Y (6229/ao1) to 5.000000Amps 10.000V DONE
31/03/2023 12:14:21:	21	count	time	10.000000s/cts	O Det=114	H Det=789	Mon Det=117967	Aux Det=1284	O+H=903	 DONE
31/03/2023 12:14:34:	close file and end scan	 DONE
31/03/2023 12:14:35:	move motor	S18.auxiliary.Rocker1 to -4.00000mm	reached -3.99988  DONE
31/03/2023 12:14:39:	create file	D:\data\Cycle 192\exp_3-16-13\rawdata\sc\rocker1_2_31Mar1214.dat	 DONE
room to enter remarks DONE
31/03/2023 12:14:41:	set AO_DC1Y (6229/ao1) to -5.000000Amps -10.000V DONE
31/03/2023 12:14:42:	1	count	time	10.000000s/cts	O Det=135	H Det=905	Mon Det=99281	Aux Det=1333	O+H=1040	 DONE
31/03/2023 12:14:56:	set AO_DC1Y (6229/ao1) to -4.500000Amps -9.000V DONE
31/03/2023 12:14:57:	2	count	time	10.000000s/cts	O Det=155	H Det=884	Mon Det=104553	Aux Det=1376	O+H=1039	 DONE
31/03/2023 12:15:10:	set AO_DC1Y (6229/ao1) to -4.000000Amps -8.000V DONE
31/03/2023 12:15:11:	3	count	time	10.000000s/cts	O Det=174	H Det=861	Mon Det=102256	Aux Det=1358	O+H=1035	 DONE
31/03/2023 12:15:24:	set AO_DC1Y (6229/ao1) to -3.500000Amps -7.000V DONE
31/03/2023 12:15:25:	4	count	time	10.000000s/cts	O Det=188	H Det=867	Mon Det=102366	Aux Det=1411	O+H=1055	 DONE
31/03/2023 12:15:38:	set AO_DC1Y (6229/ao1) to -3.000000Amps -6.000V DONE
31/03/2023 12:15:39:	5	count	time	10.000000s/cts	O Det=135	H Det=886	Mon Det=98218	Aux Det=1351	O+H=1021	 DONE
31/03/2023 12:15:52:	set AO_DC1Y (6229/ao1) to -2.500000Amps -5.000V DONE
31/03/2023 12:15:53:	6	count	time	10.000000s/cts	O Det=146	H Det=836	Mon Det=99941	Aux Det=1406	O+H=982	 DONE
31/03/2023 12:16:07:	set AO_DC1Y (6229/ao1) to -2.000000Amps -4.000V DONE
31/03/2023 12:16:08:	7	count	time	10.000000s/cts	O Det=101	H Det=976	Mon Det=96249	Aux Det=1395	O+H=1077	 DONE
31/03/2023 12:16:21:	set AO_DC1Y (6229/ao1) to -1.500000Amps -3.000V DONE
31/03/2023 12:16:22:	8	count	time	10.000000s/cts	O Det=54	H Det=892	Mon Det=102186	Aux Det=1345	O+H=946	 DONE
31/03/2023 12:16:35:	set AO_DC1Y (6229/ao1) to -1.000000Amps -2.000V DONE
31/03/2023 12:16:36:	9	count	time	10.000000s/cts	O Det=28	H Det=917	Mon Det=101229	Aux Det=1296	O+H=945	 DONE
31/03/2023 12:16:49:	set AO_DC1Y (6229/ao1) to -0.500000Amps -1.000V DONE
31/03/2023 12:16:50:	10	count	time	10.000000s/cts	O Det=10	H Det=869	Mon Det=99079	Aux Det=1305	O+H=879	 DONE
31/03/2023 12:17:03:	set AO_DC1Y (6229/ao1) to 0.000000Amps 0.000V DONE
31/03/2023 12:17:04:	11	count	time	10.000000s/cts	O Det=4	H Det=825	Mon Det=95241	Aux Det=1337	O+H=829	 DONE
31/03/2023 12:17:18:	set AO_DC1Y (6229/ao1) to 0.500000Amps 1.000V DONE
31/03/2023 12:17:19:	12	count	time	10.000000s/cts	O Det=22	H Det=949	Mon Det=97499	Aux Det=1354	O+H=971	 DONE
31/03/2023 12:17:32:	set AO_DC1Y (6229/ao1) to 1.000000Amps 2.000V DONE
31/03/2023 12:17:33:	13	count	time	10.000000s/cts	O Det=43	H Det=919	Mon Det=111155	Aux Det=1344	O+H=962	 DONE
31/03/2023 12:17:46:	set AO_DC1Y (6229/ao1) to 1.500000Amps 3.000V DONE
31/03/2023 12:17:47:	14	count	time	10.000000s/cts	O Det=70	H Det=879	Mon Det=112170	Aux Det=1406	O+H=949	 DONE
31/03/2023 12:18:00:	set AO_DC1Y (6229/ao1) to 2.000000Amps 4.000V DONE
31/03/2023 12:18:01:	15	count	time	10.000000s/cts	O Det=121	H Det=884	Mon Det=111005	Aux Det=1352	O+H=1005	 DONE
31/03/2023 12:18:14:	set AO_DC1Y (6229/ao1) to 2.500000Amps 5.000V DONE
31/03/2023 12:18:15:	16	count	time	10.000000s/cts	O Det=143	H Det=878	Mon Det=104699	Aux Det=1348	O+H=1021	 DONE
31/03/2023 12:18:29:	set AO_DC1Y (6229/ao1) to 3.000000Amps 6.000V DONE
31/03/2023 12:18:30:	17	count	time	10.000000s/cts	O Det=176	H Det=846	Mon Det=99470	Aux Det=1248	O+H=1022	 DONE
31/03/2023 12:18:43:	set AO_DC1Y (6229/ao1) to 3.500000Amps 7.000V DONE
31/03/2023 12:18:44:	18	count	time	10.000000s/cts	O Det=137	H Det=900	Mon Det=94536	Aux Det=1373	O+H=1037	 DONE
31/03/2023 12:18:57:	set AO_DC1Y (6229/ao1) to 4.000000Amps 8.000V DONE
31/03/2023 12:18:58:	19	count	time	10.000000s/cts	O Det=166	H Det=884	Mon Det=131417	Aux Det=1321	O+H=1050	 DONE
31/03/2023 12:19:11:	set AO_DC1Y (6229/ao1) to 4.500000Amps 9.000V DONE
31/03/2023 12:19:12:	20	count	time	10.000000s/cts	O Det=154	H Det=854	Mon Det=129462	Aux Det=1378	O+H=1008	 DONE
31/03/2023 12:19:25:	set AO_DC1Y (6229/ao1) to 5.000000Amps 10.000V DONE
31/03/2023 12:19:26:	21	count	time	10.000000s/cts	O Det=111	H Det=923	Mon Det=129953	Aux Det=1389	O+H=1034	 DONE
31/03/2023 12:19:40:	close file and end scan	 DONE
31/03/2023 12:19:41:	move motor	S18.auxiliary.Rocker1 to -3.00000mm	reached -2.99988  DONE
31/03/2023 12:19:45:	create file	D:\data\Cycle 192\exp_3-16-13\rawdata\sc\rocker1_3_31Mar1219.dat	 DONE
room to enter remarks DONE
31/03/2023 12:19:47:	set AO_DC1Y (6229/ao1) to -5.000000Amps -10.000V DONE
31/03/2023 12:19:48:	1	count	time	10.000000s/cts	O Det=157	H Det=848	Mon Det=107539	Aux Det=1379	O+H=1005	 DONE
31/03/2023 12:20:01:	set AO_DC1Y (6229/ao1) to -4.500000Amps -9.000V DONE
31/03/2023 12:20:02:	2	count	time	10.000000s/cts	O Det=150	H Det=901	Mon Det=99531	Aux Det=1290	O+H=1051	 DONE
31/03/2023 12:20:15:	set AO_DC1Y (6229/ao1) to -4.000000Amps -8.000V DONE
31/03/2023 12:20:16:	3	count	time	10.000000s/cts	O Det=175	H Det=862	Mon Det=102949	Aux Det=1382	O+H=1037	 DONE
31/03/2023 12:20:29:	set AO_DC1Y (6229/ao1) to -3.500000Amps -7.000V DONE
31/03/2023 12:20:30:	4	count	time	10.000000s/cts	O Det=168	H Det=901	Mon Det=104546	Aux Det=1404	O+H=1069	 DONE
31/03/2023 12:20:44:	set AO_DC1Y (6229/ao1) to -3.000000Amps -6.000V DONE
31/03/2023 12:20:45:	5	count	time	10.000000s/cts	O Det=153	H Det=918	Mon Det=103593	Aux Det=1352	O+H=1071	 DONE
31/03/2023 12:20:58:	set AO_DC1Y (6229/ao1) to -2.500000Amps -5.000V DONE
31/03/2023 12:20:59:	6	count	time	10.000000s/cts	O Det=121	H Det=944	Mon Det=101277	Aux Det=1400	O+H=1065	 DONE
31/03/2023 12:21:12:	set AO_DC1Y (6229/ao1) to -2.000000Amps -4.000V DONE
31/03/2023 12:21:13:	7	count	time	10.000000s/cts	O Det=85	H Det=878	Mon Det=101294	Aux Det=1336	O+H=963	 DONE
31/03/2023 12:21:26:	set AO_DC1Y (6229/ao1) to -1.500000Amps -3.000V DONE
31/03/2023 12:21:27:	8	count	time	10.000000s/cts	O Det=51	H Det=873	Mon Det=97139	Aux Det=1310	O+H=924	 DONE
31/03/2023 12:21:40:	set AO_DC1Y (6229/ao1) to -1.000000Amps -2.000V DONE
31/03/2023 12:21:41:	9	count	time	10.000000s/cts	O Det=23	H Det=810	Mon Det=99842	Aux Det=1343	O+H=833	 DONE
31/03/2023 12:21:54:	set AO_DC1Y (6229/ao1) to -0.500000Amps -1.000V DONE
31/03/2023 12:21:55:	10	count	time	10.000000s/cts	O Det=10	H Det=866	Mon Det=100522	Aux Det=1358	O+H=876	 DONE
31/03/2023 12:22:09:	set AO_DC1Y (6229/ao1) to 0.000000Amps 0.000V DONE
31/03/2023 12:22:10:	11	count	time	10.000000s/cts	O Det=6	H Det=900	Mon Det=100974	Aux Det=1354	O+H=906	 DONE
31/03/2023 12:22:23:	set AO_DC1Y (6229/ao1) to 0.500000Amps 1.000V DONE
31/03/2023 12:22:24:	12	count	time	10.000000s/cts	O Det=16	H Det=886	Mon Det=98818	Aux Det=1352	O+H=902	 DONE
31/03/2023 12:22:37:	set AO_DC1Y (6229/ao1) to 1.000000Amps 2.000V DONE
31/03/2023 12:22:38:	13	count	time	10.000000s/cts	O Det=41	H Det=901	Mon Det=100657	Aux Det=1354	O+H=942	 DONE
31/03/2023 12:22:51:	set AO_DC1Y (6229/ao1) to 1.500000Amps 3.000V DONE
31/03/2023 12:22:52:	14	count	time	10.000000s/cts	O Det=90	H Det=868	Mon Det=103660	Aux Det=1360	O+H=958	 DONE
31/03/2023 12:23:05:	set AO_DC1Y (6229/ao1) to 2.000000Amps 4.000V DONE
31/03/2023 12:23:06:	15	count	time	10.000000s/cts	O Det=124	H Det=829	Mon Det=103518	Aux Det=1306	O+H=953	 DONE
31/03/2023 12:23:20:	set AO_DC1Y (6229/ao1) to 2.500000Amps 5.000V DONE
31/03/2023 12:23:21:	16	count	time	10.000000s/cts	O Det=144	H Det=897	Mon Det=102784	Aux Det=1307	O+H=1041	 DONE
31/03/2023 12:23:34:	set AO_DC1Y (6229/ao1) to 3.000000Amps 6.000V DONE
31/03/2023 12:23:35:	17	count	time	10.000000s/cts	O Det=153	H Det=897	Mon Det=99525	Aux Det=1302	O+H=1050	 DONE
31/03/2023 12:23:48:	set AO_DC1Y (6229/ao1) to 3.500000Amps 7.000V DONE
31/03/2023 12:23:49:	18	count	time	10.000000s/cts	O Det=152	H Det=870	Mon Det=99082	Aux Det=1343	O+H=1022	 DONE
31/03/2023 12:24:02:	set AO_DC1Y (6229/ao1) to 4.000000Amps 8.000V DONE
31/03/2023 12:24:03:	19	count	time	10.000000s/cts	O Det=143	H Det=803	Mon Det=95335	Aux Det=1268	O+H=946	 DONE
31/03/2023 12:24:16:	set AO_DC1Y (6229/ao1) to 4.500000Amps 9.000V DONE
31/03/2023 12:24:17:	20	count	time	10.000000s/cts	O Det=120	H Det=847	Mon Det=101812	Aux Det=1418	O+H=967	 DONE
31/03/2023 12:24:31:	set AO_DC1Y (6229/ao1) to 5.000000Amps 10.000V DONE
31/03/2023 12:24:32:	21	count	time	10.000000s/cts	O Det=83	H Det=917	Mon Det=102563	Aux Det=1320	O+H=1000	 DONE
31/03/2023 12:24:45:	close file and end scan	 DONE
31/03/2023 12:24:46:	move motor	S18.auxiliary.Rocker1 to -2.00000mm	reached -1.99985  DONE
31/03/2023 12:24:50:	create file	D:\data\Cycle 192\exp_3-16-13\rawdata\sc\rocker1_4_31Mar1224.dat	 DONE
room to enter remarks DONE
31/03/2023 12:24:52:	set AO_DC1Y (6229/ao1) to -5.000000Amps -10.000V DONE
31/03/2023 12:24:53:	1	count	time	10.000000s/cts	O Det=142	H Det=908	Mon Det=100885	Aux Det=1363	O+H=1050	 DONE
31/03/2023 12:25:06:	set AO_DC1Y (6229/ao1) to -4.500000Amps -9.000V DONE
31/03/2023 12:25:07:	2	count	time	10.000000s/cts	O Det=171	H Det=862	Mon Det=103255	Aux Det=1385	O+H=1033	 DONE
31/03/2023 12:25:20:	set AO_DC1Y (6229/ao1) to -4.000000Amps -8.000V DONE
31/03/2023 12:25:21:	3	count	time	10.000000s/cts	O Det=175	H Det=888	Mon Det=100230	Aux Det=1334	O+H=1063	 DONE
31/03/2023 12:25:35:	set AO_DC1Y (6229/ao1) to -3.500000Amps -7.000V DONE
31/03/2023 12:25:36:	4	count	time	10.000000s/cts	O Det=179	H Det=834	Mon Det=102289	Aux Det=1350	O+H=1013	 DONE
31/03/2023 12:25:49:	set AO_DC1Y (6229/ao1) to -3.000000Amps -6.000V DONE
31/03/2023 12:25:50:	5	count	time	10.000000s/cts	O Det=132	H Det=897	Mon Det=102286	Aux Det=1356	O+H=1029	 DONE
31/03/2023 12:26:03:	set AO_DC1Y (6229/ao1) to -2.500000Amps -5.000V DONE
31/03/2023 12:26:04:	6	count	time	10.000000s/cts	O Det=113	H Det=928	Mon Det=102266	Aux Det=1338	O+H=1041	 DONE
31/03/2023 12:26:17:	set AO_DC1Y (6229/ao1) to -2.000000Amps -4.000V DONE
31/03/2023 12:26:18:	7	count	time	10.000000s/cts	O Det=65	H Det=900	Mon Det=97836	Aux Det=1344	O+H=965	 DONE
31/03/2023 12:26:31:	set AO_DC1Y (6229/ao1) to -1.500000Amps -3.000V DONE
31/03/2023 12:26:32:	8	count	time	10.000000s/cts	O Det=36	H Det=867	Mon Det=97609	Aux Det=1317	O+H=903	 DONE
31/03/2023 12:26:46:	set AO_DC1Y (6229/ao1) to -1.000000Amps -2.000V DONE
31/03/2023 12:26:47:	9	count	time	10.000000s/cts	O Det=23	H Det=860	Mon Det=94213	Aux Det=1379	O+H=883	 DONE
31/03/2023 12:27:00:	set AO_DC1Y (6229/ao1) to -0.500000Amps -1.000V DONE
31/03/2023 12:27:01:	10	count	time	10.000000s/cts	O Det=9	H Det=868	Mon Det=95957	Aux Det=1396	O+H=877	 DONE
31/03/2023 12:27:14:	set AO_DC1Y (6229/ao1) to 0.000000Amps 0.000V DONE
31/03/2023 12:27:15:	11	count	time	10.000000s/cts	O Det=5	H Det=888	Mon Det=96043	Aux Det=1376	O+H=893	 DONE
31/03/2023 12:27:28:	set AO_DC1Y (6229/ao1) to 0.500000Amps 1.000V DONE
31/03/2023 12:27:29:	12	count	time	10.000000s/cts	O Det=31	H Det=869	Mon Det=95581	Aux Det=1330	O+H=900	 DONE
31/03/2023 12:27:42:	set AO_DC1Y (6229/ao1) to 1.000000Amps 2.000V DONE
31/03/2023 12:27:43:	13	count	time	10.000000s/cts	O Det=43	H Det=859	Mon Det=93574	Aux Det=1353	O+H=902	 DONE
31/03/2023 12:27:57:	set AO_DC1Y (6229/ao1) to 1.500000Amps 3.000V DONE
31/03/2023 12:27:58:	14	count	time	10.000000s/cts	O Det=98	H Det=895	Mon Det=97344	Aux Det=1304	O+H=993	 DONE
31/03/2023 12:28:11:	set AO_DC1Y (6229/ao1) to 2.000000Amps 4.000V DONE
31/03/2023 12:28:12:	15	count	time	10.000000s/cts	O Det=125	H Det=856	Mon Det=100861	Aux Det=1331	O+H=981	 DONE
31/03/2023 12:28:25:	set AO_DC1Y (6229/ao1) to 2.500000Amps 5.000V DONE
31/03/2023 12:28:26:	16	count	time	10.000000s/cts	O Det=152	H Det=896	Mon Det=99651	Aux Det=1327	O+H=1048	 DONE
31/03/2023 12:28:39:	set AO_DC1Y (6229/ao1) to 3.000000Amps 6.000V DONE
31/03/2023 12:28:40:	17	count	time	10.000000s/cts	O Det=149	H Det=899	Mon Det=100379	Aux Det=1379	O+H=1048	 DONE
31/03/2023 12:28:53:	set AO_DC1Y (6229/ao1) to 3.500000Amps 7.000V DONE
31/03/2023 12:28:54:	18	count	time	10.000000s/cts	O Det=127	H Det=839	Mon Det=99163	Aux Det=1426	O+H=966	 DONE
31/03/2023 12:29:08:	set AO_DC1Y (6229/ao1) to 4.000000Amps 8.000V DONE
31/03/2023 12:29:09:	19	count	time	10.000000s/cts	O Det=157	H Det=919	Mon Det=96883	Aux Det=1340	O+H=1076	 DONE
31/03/2023 12:29:22:	set AO_DC1Y (6229/ao1) to 4.500000Amps 9.000V DONE
31/03/2023 12:29:23:	20	count	time	10.000000s/cts	O Det=118	H Det=810	Mon Det=102263	Aux Det=1350	O+H=928	 DONE
31/03/2023 12:29:36:	set AO_DC1Y (6229/ao1) to 5.000000Amps 10.000V DONE
31/03/2023 12:29:37:	21	count	time	10.000000s/cts	O Det=79	H Det=812	Mon Det=100598	Aux Det=1335	O+H=891	 DONE
31/03/2023 12:29:50:	close file and end scan	 DONE
31/03/2023 12:29:51:	move motor	S18.auxiliary.Rocker1 to -1.00000mm	reached -0.99985  DONE
31/03/2023 12:29:55:	create file	D:\data\Cycle 192\exp_3-16-13\rawdata\sc\rocker1_5_31Mar1229.dat	 DONE
room to enter remarks DONE
31/03/2023 12:29:57:	set AO_DC1Y (6229/ao1) to -5.000000Amps -10.000V DONE
31/03/2023 12:29:58:	1	count	time	10.000000s/cts	O Det=168	H Det=860	Mon Det=114709	Aux Det=1348	O+H=1028	 DONE
31/03/2023 12:30:12:	set AO_DC1Y (6229/ao1) to -4.500000Amps -9.000V DONE
31/03/2023 12:30:13:	2	count	time	10.000000s/cts	O Det=161	H Det=856	Mon Det=115791	Aux Det=1303	O+H=1017	 DONE
31/03/2023 12:30:26:	set AO_DC1Y (6229/ao1) to -4.000000Amps -8.000V DONE
31/03/2023 12:30:27:	3	count	time	10.000000s/cts	O Det=174	H Det=871	Mon Det=110865	Aux Det=1311	O+H=1045	 DONE
31/03/2023 12:30:40:	set AO_DC1Y (6229/ao1) to -3.500000Amps -7.000V DONE
31/03/2023 12:30:41:	4	count	time	10.000000s/cts	O Det=153	H Det=833	Mon Det=99263	Aux Det=1319	O+H=986	 DONE
31/03/2023 12:30:54:	set AO_DC1Y (6229/ao1) to -3.000000Amps -6.000V DONE
31/03/2023 12:30:55:	5	count	time	10.000000s/cts	O Det=125	H Det=856	Mon Det=102956	Aux Det=1299	O+H=981	 DONE
31/03/2023 12:31:08:	set AO_DC1Y (6229/ao1) to -2.500000Amps -5.000V DONE
31/03/2023 12:31:09:	6	count	time	10.000000s/cts	O Det=101	H Det=806	Mon Det=112419	Aux Det=1382	O+H=907	 DONE
31/03/2023 12:31:23:	set AO_DC1Y (6229/ao1) to -2.000000Amps -4.000V DONE
31/03/2023 12:31:24:	7	count	time	10.000000s/cts	O Det=69	H Det=816	Mon Det=112014	Aux Det=1321	O+H=885	 DONE
31/03/2023 12:31:37:	set AO_DC1Y (6229/ao1) to -1.500000Amps -3.000V DONE
31/03/2023 12:31:38:	8	count	time	10.000000s/cts	O Det=29	H Det=826	Mon Det=111984	Aux Det=1368	O+H=855	 DONE
31/03/2023 12:31:51:	set AO_DC1Y (6229/ao1) to -1.000000Amps -2.000V DONE
31/03/2023 12:31:52:	9	count	time	10.000000s/cts	O Det=10	H Det=847	Mon Det=99788	Aux Det=1356	O+H=857	 DONE
31/03/2023 12:32:05:	set AO_DC1Y (6229/ao1) to -0.500000Amps -1.000V DONE
31/03/2023 12:32:06:	10	count	time	10.000000s/cts	O Det=4	H Det=795	Mon Det=99637	Aux Det=1362	O+H=799	 DONE
31/03/2023 12:32:19:	set AO_DC1Y (6229/ao1) to 0.000000Amps 0.000V DONE
31/03/2023 12:32:20:	11	count	time	10.000000s/cts	O Det=4	H Det=783	Mon Det=89794	Aux Det=1350	O+H=787	 DONE
31/03/2023 12:32:34:	set AO_DC1Y (6229/ao1) to 0.500000Amps 1.000V DONE
31/03/2023 12:32:35:	12	count	time	10.000000s/cts	O Det=24	H Det=830	Mon Det=108721	Aux Det=1339	O+H=854	 DONE
31/03/2023 12:32:48:	set AO_DC1Y (6229/ao1) to 1.000000Amps 2.000V DONE
31/03/2023 12:32:49:	13	count	time	10.000000s/cts	O Det=54	H Det=801	Mon Det=107996	Aux Det=1377	O+H=855	 DONE
31/03/2023 12:33:02:	set AO_DC1Y (6229/ao1) to 1.500000Amps 3.000V DONE
31/03/2023 12:33:03:	14	count	time	10.000000s/cts	O Det=88	H Det=858	Mon Det=106813	Aux Det=1388	O+H=946	 DONE
31/03/2023 12:33:16:	set AO_DC1Y (6229/ao1) to 2.000000Amps 4.000V DONE
31/03/2023 12:33:17:	15	count	time	10.000000s/cts	O Det=119	H Det=859	Mon Det=95880	Aux Det=1347	O+H=978	 DONE
31/03/2023 12:33:30:	set AO_DC1Y (6229/ao1) to 2.500000Amps 5.000V DONE
31/03/2023 12:33:31:	16	count	time	10.000000s/cts	O Det=131	H Det=858	Mon Det=101324	Aux Det=1382	O+H=989	 DONE
31/03/2023 12:33:45:	set AO_DC1Y (6229/ao1) to 3.000000Amps 6.000V DONE
31/03/2023 12:33:46:	17	count	time	10.000000s/cts	O Det=171	H Det=833	Mon Det=108640	Aux Det=1359	O+H=1004	 DONE
31/03/2023 12:33:59:	set AO_DC1Y (6229/ao1) to 3.500000Amps 7.000V DONE
31/03/2023 12:34:00:	18	count	time	10.000000s/cts	O Det=152	H Det=842	Mon Det=108683	Aux Det=1344	O+H=994	 DONE
31/03/2023 12:34:13:	set AO_DC1Y (6229/ao1) to 4.000000Amps 8.000V DONE
31/03/2023 12:34:14:	19	count	time	10.000000s/cts	O Det=135	H Det=805	Mon Det=108283	Aux Det=1322	O+H=940	 DONE
31/03/2023 12:34:27:	set AO_DC1Y (6229/ao1) to 4.500000Amps 9.000V DONE
31/03/2023 12:34:28:	20	count	time	10.000000s/cts	O Det=101	H Det=896	Mon Det=106848	Aux Det=1294	O+H=997	 DONE
31/03/2023 12:34:41:	set AO_DC1Y (6229/ao1) to 5.000000Amps 10.000V DONE
31/03/2023 12:34:42:	21	count	time	10.000000s/cts	O Det=75	H Det=894	Mon Det=100340	Aux Det=1321	O+H=969	 DONE
31/03/2023 12:34:56:	close file and end scan	 DONE
31/03/2023 12:34:57:	move motor	S18.auxiliary.Rocker1 to 0.00000mm	reached 0.00000  DONE
31/03/2023 12:35:00:	create file	D:\data\Cycle 192\exp_3-16-13\rawdata\sc\rocker1_6_31Mar1235.dat	 DONE
room to enter remarks DONE
31/03/2023 12:35:02:	set AO_DC1Y (6229/ao1) to -5.000000Amps -10.000V DONE
31/03/2023 12:35:04:	1	count	time	10.000000s/cts	O Det=163	H Det=847	Mon Det=104397	Aux Det=1357	O+H=1010	 DONE
31/03/2023 12:35:17:	set AO_DC1Y (6229/ao1) to -4.500000Amps -9.000V DONE
31/03/2023 12:35:18:	2	count	time	10.000000s/cts	O Det=173	H Det=869	Mon Det=107762	Aux Det=1311	O+H=1042	 DONE
31/03/2023 12:35:31:	set AO_DC1Y (6229/ao1) to -4.000000Amps -8.000V DONE
31/03/2023 12:35:32:	3	count	time	10.000000s/cts	O Det=161	H Det=844	Mon Det=109686	Aux Det=1328	O+H=1005	 DONE
31/03/2023 12:35:45:	set AO_DC1Y (6229/ao1) to -3.500000Amps -7.000V DONE
31/03/2023 12:35:46:	4	count	time	10.000000s/cts	O Det=164	H Det=880	Mon Det=110334	Aux Det=1373	O+H=1044	 DONE
31/03/2023 12:35:59:	set AO_DC1Y (6229/ao1) to -3.000000Amps -6.000V DONE
31/03/2023 12:36:00:	5	count	time	10.000000s/cts	O Det=134	H Det=816	Mon Det=108830	Aux Det=1397	O+H=950	 DONE
31/03/2023 12:36:13:	set AO_DC1Y (6229/ao1) to -2.500000Amps -5.000V DONE
31/03/2023 12:36:14:	6	count	time	10.000000s/cts	O Det=84	H Det=857	Mon Det=103673	Aux Det=1335	O+H=941	 DONE
31/03/2023 12:36:28:	set AO_DC1Y (6229/ao1) to -2.000000Amps -4.000V DONE
31/03/2023 12:36:29:	7	count	time	10.000000s/cts	O Det=61	H Det=833	Mon Det=100450	Aux Det=1347	O+H=894	 DONE
31/03/2023 12:36:42:	set AO_DC1Y (6229/ao1) to -1.500000Amps -3.000V DONE
31/03/2023 12:36:43:	8	count	time	10.000000s/cts	O Det=25	H Det=823	Mon Det=103165	Aux Det=1366	O+H=848	 DONE
31/03/2023 12:36:56:	set AO_DC1Y (6229/ao1) to -1.000000Amps -2.000V DONE
31/03/2023 12:36:57:	9	count	time	10.000000s/cts	O Det=8	H Det=871	Mon Det=105797	Aux Det=1326	O+H=879	 DONE
31/03/2023 12:37:10:	set AO_DC1Y (6229/ao1) to -0.500000Amps -1.000V DONE
31/03/2023 12:37:11:	10	count	time	10.000000s/cts	O Det=5	H Det=820	Mon Det=105346	Aux Det=1369	O+H=825	 DONE
31/03/2023 12:37:24:	set AO_DC1Y (6229/ao1) to 0.000000Amps 0.000V DONE
31/03/2023 12:37:25:	11	count	time	10.000000s/cts	O Det=9	H Det=928	Mon Det=104642	Aux Det=1368	O+H=937	 DONE
31/03/2023 12:37:39:	set AO_DC1Y (6229/ao1) to 0.500000Amps 1.000V DONE
31/03/2023 12:37:40:	12	count	time	10.000000s/cts	O Det=42	H Det=884	Mon Det=101334	Aux Det=1314	O+H=926	 DONE
31/03/2023 12:37:53:	set AO_DC1Y (6229/ao1) to 1.000000Amps 2.000V DONE
31/03/2023 12:37:54:	13	count	time	10.000000s/cts	O Det=64	H Det=854	Mon Det=99029	Aux Det=1414	O+H=918	 DONE
31/03/2023 12:38:07:	set AO_DC1Y (6229/ao1) to 1.500000Amps 3.000V DONE
31/03/2023 12:38:08:	14	count	time	10.000000s/cts	O Det=95	H Det=840	Mon Det=100673	Aux Det=1297	O+H=935	 DONE
31/03/2023 12:38:21:	set AO_DC1Y (6229/ao1) to 2.000000Amps 4.000V DONE
31/03/2023 12:38:22:	15	count	time	10.000000s/cts	O Det=152	H Det=871	Mon Det=100457	Aux Det=1399	O+H=1023	 DONE
31/03/2023 12:38:35:	set AO_DC1Y (6229/ao1) to 2.500000Amps 5.000V DONE
31/03/2023 12:38:36:	16	count	time	10.000000s/cts	O Det=163	H Det=847	Mon Det=98533	Aux Det=1351	O+H=1010	 DONE
31/03/2023 12:38:50:	set AO_DC1Y (6229/ao1) to 3.000000Amps 6.000V DONE
31/03/2023 12:38:51:	17	count	time	10.000000s/cts	O Det=152	H Det=864	Mon Det=99749	Aux Det=1372	O+H=1016	 DONE
31/03/2023 12:39:04:	set AO_DC1Y (6229/ao1) to 3.500000Amps 7.000V DONE
31/03/2023 12:39:05:	18	count	time	10.000000s/cts	O Det=124	H Det=911	Mon Det=102276	Aux Det=1369	O+H=1035	 DONE
31/03/2023 12:39:18:	set AO_DC1Y (6229/ao1) to 4.000000Amps 8.000V DONE
31/03/2023 12:39:19:	19	count	time	10.000000s/cts	O Det=121	H Det=864	Mon Det=95915	Aux Det=1352	O+H=985	 DONE
31/03/2023 12:39:32:	set AO_DC1Y (6229/ao1) to 4.500000Amps 9.000V DONE
31/03/2023 12:39:33:	20	count	time	10.000000s/cts	O Det=96	H Det=870	Mon Det=103826	Aux Det=1297	O+H=966	 DONE
31/03/2023 12:39:46:	set AO_DC1Y (6229/ao1) to 5.000000Amps 10.000V DONE
31/03/2023 12:39:47:	21	count	time	10.000000s/cts	O Det=71	H Det=881	Mon Det=104053	Aux Det=1332	O+H=952	 DONE
31/03/2023 12:40:01:	close file and end scan	 DONE
31/03/2023 12:40:02:	move motor	S18.auxiliary.Rocker1 to 1.00000mm	reached 0.40380  DONE
31/03/2023 12:40:05:	create file	D:\data\Cycle 192\exp_3-16-13\rawdata\sc\rocker1_7_31Mar1240.dat	 DONE
room to enter remarks DONE
31/03/2023 12:40:07:	set AO_DC1Y (6229/ao1) to -5.000000Amps -10.000V DONE
31/03/2023 12:40:08:	1	count	time	10.000000s/cts	O Det=160	H Det=858	Mon Det=104939	Aux Det=1371	O+H=1018	 DONE
31/03/2023 12:40:21:	set AO_DC1Y (6229/ao1) to -4.500000Amps -9.000V DONE
31/03/2023 12:40:22:	2	count	time	10.000000s/cts	O Det=176	H Det=849	Mon Det=95487	Aux Det=1324	O+H=1025	 DONE
31/03/2023 12:40:35:	set AO_DC1Y (6229/ao1) to -4.000000Amps -8.000V DONE
31/03/2023 12:40:36:	3	count	time	10.000000s/cts	O Det=176	H Det=880	Mon Det=99562	Aux Det=1290	O+H=1056	 DONE
31/03/2023 12:40:49:	set AO_DC1Y (6229/ao1) to -3.500000Amps -7.000V DONE
31/03/2023 12:40:50:	4	count	time	10.000000s/cts	O Det=149	H Det=837	Mon Det=120762	Aux Det=1315	O+H=986	 DONE
31/03/2023 12:41:04:	set AO_DC1Y (6229/ao1) to -3.000000Amps -6.000V DONE
31/03/2023 12:41:05:	5	count	time	10.000000s/cts	O Det=118	H Det=835	Mon Det=124237	Aux Det=1383	O+H=953	 DONE
31/03/2023 12:41:18:	set AO_DC1Y (6229/ao1) to -2.500000Amps -5.000V DONE
31/03/2023 12:41:19:	6	count	time	10.000000s/cts	O Det=83	H Det=816	Mon Det=126709	Aux Det=1391	O+H=899	 DONE
31/03/2023 12:41:32:	set AO_DC1Y (6229/ao1) to -2.000000Amps -4.000V DONE
31/03/2023 12:41:33:	7	count	time	10.000000s/cts	O Det=59	H Det=878	Mon Det=125916	Aux Det=1386	O+H=937	 DONE
31/03/2023 12:41:46:	set AO_DC1Y (6229/ao1) to -1.500000Amps -3.000V DONE
31/03/2023 12:41:47:	8	count	time	10.000000s/cts	O Det=28	H Det=885	Mon Det=107557	Aux Det=1435	O+H=913	 DONE
31/03/2023 12:42:00:	set AO_DC1Y (6229/ao1) to -1.000000Amps -2.000V DONE
31/03/2023 12:42:01:	9	count	time	10.000000s/cts	O Det=9	H Det=833	Mon Det=94914	Aux Det=1373	O+H=842	 DONE
31/03/2023 12:42:15:	set AO_DC1Y (6229/ao1) to -0.500000Amps -1.000V DONE
31/03/2023 12:42:16:	10	count	time	10.000000s/cts	O Det=1	H Det=810	Mon Det=106303	Aux Det=1322	O+H=811	 DONE
31/03/2023 12:42:29:	set AO_DC1Y (6229/ao1) to 0.000000Amps 0.000V DONE
31/03/2023 12:42:30:	11	count	time	10.000000s/cts	O Det=10	H Det=843	Mon Det=110361	Aux Det=1370	O+H=853	 DONE
31/03/2023 12:42:43:	set AO_DC1Y (6229/ao1) to 0.500000Amps 1.000V DONE
31/03/2023 12:42:44:	12	count	time	10.000000s/cts	O Det=40	H Det=863	Mon Det=110154	Aux Det=1380	O+H=903	 DONE
31/03/2023 12:42:57:	set AO_DC1Y (6229/ao1) to 1.000000Amps 2.000V DONE
31/03/2023 12:42:58:	13	count	time	10.000000s/cts	O Det=59	H Det=820	Mon Det=109905	Aux Det=1361	O+H=879	 DONE
31/03/2023 12:43:11:	set AO_DC1Y (6229/ao1) to 1.500000Amps 3.000V DONE
31/03/2023 12:43:12:	14	count	time	10.000000s/cts	O Det=98	H Det=831	Mon Det=94663	Aux Det=1367	O+H=929	 DONE
31/03/2023 12:43:26:	set AO_DC1Y (6229/ao1) to 2.000000Amps 4.000V DONE
31/03/2023 12:43:27:	15	count	time	10.000000s/cts	O Det=132	H Det=871	Mon Det=95588	Aux Det=1317	O+H=1003	 DONE
31/03/2023 12:43:40:	set AO_DC1Y (6229/ao1) to 2.500000Amps 5.000V DONE
31/03/2023 12:43:41:	16	count	time	10.000000s/cts	O Det=141	H Det=855	Mon Det=112048	Aux Det=1392	O+H=996	 DONE
31/03/2023 12:43:54:	set AO_DC1Y (6229/ao1) to 3.000000Amps 6.000V DONE
31/03/2023 12:43:55:	17	count	time	10.000000s/cts	O Det=136	H Det=906	Mon Det=113717	Aux Det=1367	O+H=1042	 DONE
31/03/2023 12:44:08:	set AO_DC1Y (6229/ao1) to 3.500000Amps 7.000V DONE
31/03/2023 12:44:09:	18	count	time	10.000000s/cts	O Det=142	H Det=928	Mon Det=112598	Aux Det=1298	O+H=1070	 DONE
31/03/2023 12:44:22:	set AO_DC1Y (6229/ao1) to 4.000000Amps 8.000V DONE
31/03/2023 12:44:23:	19	count	time	10.000000s/cts	O Det=107	H Det=838	Mon Det=111393	Aux Det=1398	O+H=945	 DONE
31/03/2023 12:44:37:	set AO_DC1Y (6229/ao1) to 4.500000Amps 9.000V DONE
31/03/2023 12:44:38:	20	count	time	10.000000s/cts	O Det=108	H Det=837	Mon Det=103855	Aux Det=1326	O+H=945	 DONE
31/03/2023 12:44:51:	set AO_DC1Y (6229/ao1) to 5.000000Amps 10.000V DONE
31/03/2023 12:44:52:	21	count	time	10.000000s/cts	O Det=60	H Det=899	Mon Det=99251	Aux Det=1368	O+H=959	 DONE
31/03/2023 12:45:05:	close file and end scan	 DONE
31/03/2023 12:45:06:	move motor	S18.auxiliary.Rocker1 to 2.00000mm	reached 0.40383  DONE
31/03/2023 12:45:08:	create file	D:\data\Cycle 192\exp_3-16-13\rawdata\sc\rocker1_8_31Mar1245.dat	 DONE
room to enter remarks DONE
31/03/2023 12:45:10:	set AO_DC1Y (6229/ao1) to -5.000000Amps -10.000V DONE
31/03/2023 12:45:11:	1	count	time	10.000000s/cts	O Det=161	H Det=860	Mon Det=84226	Aux Det=1390	O+H=1021	 DONE
31/03/2023 12:45:25:	set AO_DC1Y (6229/ao1) to -4.500000Amps -9.000V DONE
31/03/2023 12:45:26:	2	count	time	10.000000s/cts	O Det=185	H Det=824	Mon Det=85910	Aux Det=1350	O+H=1009	 DONE
31/03/2023 12:45:39:	set AO_DC1Y (6229/ao1) to -4.000000Amps -8.000V DONE
31/03/2023 12:45:40:	3	count	time	10.000000s/cts	O Det=170	H Det=822	Mon Det=84816	Aux Det=1378	O+H=992	 DONE
31/03/2023 12:45:53:	set AO_DC1Y (6229/ao1) to -3.500000Amps -7.000V DONE
31/03/2023 12:45:54:	4	count	time	10.000000s/cts	O Det=136	H Det=844	Mon Det=90049	Aux Det=1341	O+H=980	 DONE
31/03/2023 12:46:07:	set AO_DC1Y (6229/ao1) to -3.000000Amps -6.000V DONE
31/03/2023 12:46:08:	5	count	time	10.000000s/cts	O Det=130	H Det=812	Mon Det=100319	Aux Det=1377	O+H=942	 DONE
31/03/2023 12:46:21:	set AO_DC1Y (6229/ao1) to -2.500000Amps -5.000V DONE
31/03/2023 12:46:22:	6	count	time	10.000000s/cts	O Det=75	H Det=857	Mon Det=95449	Aux Det=1333	O+H=932	 DONE
31/03/2023 12:46:36:	set AO_DC1Y (6229/ao1) to -2.000000Amps -4.000V DONE
31/03/2023 12:46:37:	7	count	time	10.000000s/cts	O Det=47	H Det=829	Mon Det=98367	Aux Det=1321	O+H=876	 DONE
31/03/2023 12:46:50:	set AO_DC1Y (6229/ao1) to -1.500000Amps -3.000V DONE
31/03/2023 12:46:51:	8	count	time	10.000000s/cts	O Det=18	H Det=833	Mon Det=98839	Aux Det=1343	O+H=851	 DONE
31/03/2023 12:47:04:	set AO_DC1Y (6229/ao1) to -1.000000Amps -2.000V DONE
31/03/2023 12:47:05:	9	count	time	10.000000s/cts	O Det=15	H Det=857	Mon Det=96319	Aux Det=1326	O+H=872	 DONE
31/03/2023 12:47:18:	set AO_DC1Y (6229/ao1) to -0.500000Amps -1.000V DONE
31/03/2023 12:47:19:	10	count	time	10.000000s/cts	O Det=1	H Det=801	Mon Det=100204	Aux Det=1331	O+H=802	 DONE
31/03/2023 12:47:32:	set AO_DC1Y (6229/ao1) to 0.000000Amps 0.000V DONE
31/03/2023 12:47:33:	11	count	time	10.000000s/cts	O Det=15	H Det=854	Mon Det=100857	Aux Det=1295	O+H=869	 DONE
31/03/2023 12:47:47:	set AO_DC1Y (6229/ao1) to 0.500000Amps 1.000V DONE
31/03/2023 12:47:48:	12	count	time	10.000000s/cts	O Det=40	H Det=795	Mon Det=97978	Aux Det=1322	O+H=835	 DONE
31/03/2023 12:48:01:	set AO_DC1Y (6229/ao1) to 1.000000Amps 2.000V DONE
31/03/2023 12:48:02:	13	count	time	10.000000s/cts	O Det=54	H Det=878	Mon Det=101027	Aux Det=1322	O+H=932	 DONE
31/03/2023 12:48:15:	set AO_DC1Y (6229/ao1) to 1.500000Amps 3.000V DONE
31/03/2023 12:48:16:	14	count	time	10.000000s/cts	O Det=84	H Det=838	Mon Det=99673	Aux Det=1296	O+H=922	 DONE
31/03/2023 12:48:29:	set AO_DC1Y (6229/ao1) to 2.000000Amps 4.000V DONE
31/03/2023 12:48:30:	15	count	time	10.000000s/cts	O Det=102	H Det=816	Mon Det=101578	Aux Det=1396	O+H=918	 DONE
31/03/2023 12:48:43:	set AO_DC1Y (6229/ao1) to 2.500000Amps 5.000V DONE
31/03/2023 12:48:44:	16	count	time	10.000000s/cts	O Det=145	H Det=783	Mon Det=101938	Aux Det=1310	O+H=928	 DONE
31/03/2023 12:48:58:	set AO_DC1Y (6229/ao1) to 3.000000Amps 6.000V DONE
31/03/2023 12:48:59:	17	count	time	10.000000s/cts	O Det=161	H Det=839	Mon Det=97854	Aux Det=1249	O+H=1000	 DONE
31/03/2023 12:49:12:	set AO_DC1Y (6229/ao1) to 3.500000Amps 7.000V DONE
31/03/2023 12:49:13:	18	count	time	10.000000s/cts	O Det=145	H Det=834	Mon Det=96044	Aux Det=1361	O+H=979	 DONE
31/03/2023 12:49:26:	set AO_DC1Y (6229/ao1) to 4.000000Amps 8.000V DONE
31/03/2023 12:49:27:	19	count	time	10.000000s/cts	O Det=104	H Det=830	Mon Det=108989	Aux Det=1409	O+H=934	 DONE
31/03/2023 12:49:40:	set AO_DC1Y (6229/ao1) to 4.500000Amps 9.000V DONE
31/03/2023 12:49:41:	20	count	time	10.000000s/cts	O Det=86	H Det=826	Mon Det=108181	Aux Det=1375	O+H=912	 DONE
31/03/2023 12:49:54:	set AO_DC1Y (6229/ao1) to 5.000000Amps 10.000V DONE
31/03/2023 12:49:55:	21	count	time	10.000000s/cts	O Det=57	H Det=817	Mon Det=108942	Aux Det=1372	O+H=874	 DONE
31/03/2023 12:50:09:	close file and end scan	 DONE
31/03/2023 12:50:10:	move motor	S18.auxiliary.Rocker1 to 3.00000mm	reached 0.40383  DONE
31/03/2023 12:50:12:	create file	D:\data\Cycle 192\exp_3-16-13\rawdata\sc\rocker1_9_31Mar1250.dat	 DONE
room to enter remarks DONE
31/03/2023 12:50:14:	set AO_DC1Y (6229/ao1) to -5.000000Amps -10.000V DONE
31/03/2023 12:50:15:	1	count	time	10.000000s/cts	O Det=163	H Det=847	Mon Det=100653	Aux Det=1328	O+H=1010	 DONE
31/03/2023 12:50:28:	set AO_DC1Y (6229/ao1) to -4.500000Amps -9.000V DONE
31/03/2023 12:50:29:	2	count	time	10.000000s/cts	O Det=170	H Det=822	Mon Det=103780	Aux Det=1346	O+H=992	 DONE
31/03/2023 12:50:42:	set AO_DC1Y (6229/ao1) to -4.000000Amps -8.000V DONE
31/03/2023 12:50:44:	3	count	time	10.000000s/cts	O Det=162	H Det=790	Mon Det=96368	Aux Det=1297	O+H=952	 DONE
31/03/2023 12:50:57:	set AO_DC1Y (6229/ao1) to -3.500000Amps -7.000V DONE
31/03/2023 12:50:58:	4	count	time	10.000000s/cts	O Det=157	H Det=836	Mon Det=99046	Aux Det=1392	O+H=993	 DONE
31/03/2023 12:51:11:	set AO_DC1Y (6229/ao1) to -3.000000Amps -6.000V DONE
31/03/2023 12:51:12:	5	count	time	10.000000s/cts	O Det=101	H Det=809	Mon Det=101926	Aux Det=1370	O+H=910	 DONE
31/03/2023 12:51:25:	set AO_DC1Y (6229/ao1) to -2.500000Amps -5.000V DONE
31/03/2023 12:51:26:	6	count	time	10.000000s/cts	O Det=94	H Det=827	Mon Det=100369	Aux Det=1329	O+H=921	 DONE
31/03/2023 12:51:39:	set AO_DC1Y (6229/ao1) to -2.000000Amps -4.000V DONE
31/03/2023 12:51:40:	7	count	time	10.000000s/cts	O Det=60	H Det=810	Mon Det=99213	Aux Det=1339	O+H=870	 DONE
31/03/2023 12:51:53:	set AO_DC1Y (6229/ao1) to -1.500000Amps -3.000V DONE
31/03/2023 12:51:54:	8	count	time	10.000000s/cts	O Det=18	H Det=844	Mon Det=98121	Aux Det=1356	O+H=862	 DONE
31/03/2023 12:52:08:	set AO_DC1Y (6229/ao1) to -1.000000Amps -2.000V DONE
31/03/2023 12:52:09:	9	count	time	10.000000s/cts	O Det=6	H Det=787	Mon Det=97694	Aux Det=1377	O+H=793	 DONE
31/03/2023 12:52:22:	set AO_DC1Y (6229/ao1) to -0.500000Amps -1.000V DONE
31/03/2023 12:52:23:	10	count	time	10.000000s/cts	O Det=1	H Det=761	Mon Det=124684	Aux Det=1345	O+H=762	 DONE
31/03/2023 12:52:36:	set AO_DC1Y (6229/ao1) to 0.000000Amps 0.000V DONE
31/03/2023 12:52:37:	11	count	time	10.000000s/cts	O Det=10	H Det=788	Mon Det=128932	Aux Det=1335	O+H=798	 DONE
31/03/2023 12:52:50:	set AO_DC1Y (6229/ao1) to 0.500000Amps 1.000V DONE
31/03/2023 12:52:51:	12	count	time	10.000000s/cts	O Det=36	H Det=830	Mon Det=125496	Aux Det=1338	O+H=866	 DONE
31/03/2023 12:53:04:	set AO_DC1Y (6229/ao1) to 1.000000Amps 2.000V DONE
31/03/2023 12:53:05:	13	count	time	10.000000s/cts	O Det=55	H Det=853	Mon Det=109420	Aux Det=1342	O+H=908	 DONE
31/03/2023 12:53:19:	set AO_DC1Y (6229/ao1) to 1.500000Amps 3.000V DONE
31/03/2023 12:53:20:	14	count	time	10.000000s/cts	O Det=90	H Det=855	Mon Det=99487	Aux Det=1357	O+H=945	 DONE
31/03/2023 12:53:33:	set AO_DC1Y (6229/ao1) to 2.000000Amps 4.000V DONE
31/03/2023 12:53:34:	15	count	time	10.000000s/cts	O Det=136	H Det=816	Mon Det=87934	Aux Det=1329	O+H=952	 DONE
31/03/2023 12:53:47:	set AO_DC1Y (6229/ao1) to 2.500000Amps 5.000V DONE
31/03/2023 12:53:48:	16	count	time	10.000000s/cts	O Det=131	H Det=832	Mon Det=101781	Aux Det=1282	O+H=963	 DONE
31/03/2023 12:54:01:	set AO_DC1Y (6229/ao1) to 3.000000Amps 6.000V DONE
31/03/2023 12:54:02:	17	count	time	10.000000s/cts	O Det=137	H Det=807	Mon Det=101492	Aux Det=1317	O+H=944	 DONE
31/03/2023 12:54:15:	set AO_DC1Y (6229/ao1) to 3.500000Amps 7.000V DONE
31/03/2023 12:54:16:	18	count	time	10.000000s/cts	O Det=134	H Det=824	Mon Det=101624	Aux Det=1271	O+H=958	 DONE
31/03/2023 12:54:30:	set AO_DC1Y (6229/ao1) to 4.000000Amps 8.000V DONE
31/03/2023 12:54:31:	19	count	time	10.000000s/cts	O Det=114	H Det=809	Mon Det=96838	Aux Det=1365	O+H=923	 DONE
31/03/2023 12:54:44:	set AO_DC1Y (6229/ao1) to 4.500000Amps 9.000V DONE
31/03/2023 12:54:45:	20	count	time	10.000000s/cts	O Det=103	H Det=804	Mon Det=99886	Aux Det=1348	O+H=907	 DONE
31/03/2023 12:54:58:	set AO_DC1Y (6229/ao1) to 5.000000Amps 10.000V DONE
31/03/2023 12:54:59:	21	count	time	10.000000s/cts	O Det=50	H Det=788	Mon Det=90665	Aux Det=1324	O+H=838	 DONE
31/03/2023 12:55:12:	close file and end scan	 DONE
31/03/2023 12:55:13:	move motor	S18.auxiliary.Rocker1 to 4.00000mm	reached 0.40383  DONE
31/03/2023 12:55:16:	create file	D:\data\Cycle 192\exp_3-16-13\rawdata\sc\rocker1_10_31Mar1255.dat	 DONE
room to enter remarks DONE
31/03/2023 12:55:18:	set AO_DC1Y (6229/ao1) to -5.000000Amps -10.000V DONE
31/03/2023 12:55:19:	1	count	time	10.000000s/cts	O Det=158	H Det=813	Mon Det=102742	Aux Det=1319	O+H=971	 DONE
31/03/2023 12:55:32:	set AO_DC1Y (6229/ao1) to -4.500000Amps -9.000V DONE
31/03/2023 12:55:33:	2	count	time	10.000000s/cts	O Det=142	H Det=869	Mon Det=102773	Aux Det=1341	O+H=1011	 DONE
31/03/2023 12:55:46:	set AO_DC1Y (6229/ao1) to -4.000000Amps -8.000V DONE
31/03/2023 12:55:47:	3	count	time	10.000000s/cts	O Det=159	H Det=856	Mon Det=100786	Aux Det=1349	O+H=1015	 DONE
31/03/2023 12:56:00:	set AO_DC1Y (6229/ao1) to -3.500000Amps -7.000V DONE
31/03/2023 12:56:01:	4	count	time	10.000000s/cts	O Det=150	H Det=789	Mon Det=99912	Aux Det=1326	O+H=939	 DONE
31/03/2023 12:56:14:	set AO_DC1Y (6229/ao1) to -3.000000Amps -6.000V DONE
31/03/2023 12:56:15:	5	count	time	10.000000s/cts	O Det=118	H Det=767	Mon Det=98443	Aux Det=1399	O+H=885	 DONE
31/03/2023 12:56:29:	set AO_DC1Y (6229/ao1) to -2.500000Amps -5.000V DONE
31/03/2023 12:56:30:	6	count	time	10.000000s/cts	O Det=84	H Det=775	Mon Det=106272	Aux Det=1395	O+H=859	 DONE
31/03/2023 12:56:43:	set AO_DC1Y (6229/ao1) to -2.000000Amps -4.000V DONE
31/03/2023 12:56:44:	7	count	time	10.000000s/cts	O Det=58	H Det=839	Mon Det=113852	Aux Det=1326	O+H=897	 DONE
31/03/2023 12:56:57:	set AO_DC1Y (6229/ao1) to -1.500000Amps -3.000V DONE
31/03/2023 12:56:58:	8	count	time	10.000000s/cts	O Det=26	H Det=827	Mon Det=112147	Aux Det=1344	O+H=853	 DONE
31/03/2023 12:57:11:	set AO_DC1Y (6229/ao1) to -1.000000Amps -2.000V DONE
31/03/2023 12:57:12:	9	count	time	10.000000s/cts	O Det=5	H Det=828	Mon Det=113593	Aux Det=1316	O+H=833	 DONE
31/03/2023 12:57:25:	set AO_DC1Y (6229/ao1) to -0.500000Amps -1.000V DONE
31/03/2023 12:57:26:	10	count	time	10.000000s/cts	O Det=4	H Det=794	Mon Det=101571	Aux Det=1392	O+H=798	 DONE
31/03/2023 12:57:40:	set AO_DC1Y (6229/ao1) to 0.000000Amps 0.000V DONE
31/03/2023 12:57:41:	11	count	time	10.000000s/cts	O Det=14	H Det=799	Mon Det=98336	Aux Det=1338	O+H=813	 DONE
31/03/2023 12:57:54:	set AO_DC1Y (6229/ao1) to 0.500000Amps 1.000V DONE
31/03/2023 12:57:55:	12	count	time	10.000000s/cts	O Det=28	H Det=813	Mon Det=99693	Aux Det=1361	O+H=841	 DONE
31/03/2023 12:58:08:	set AO_DC1Y (6229/ao1) to 1.000000Amps 2.000V DONE
31/03/2023 12:58:09:	13	count	time	10.000000s/cts	O Det=63	H Det=828	Mon Det=106543	Aux Det=1292	O+H=891	 DONE
31/03/2023 12:58:22:	set AO_DC1Y (6229/ao1) to 1.500000Amps 3.000V DONE
31/03/2023 12:58:23:	14	count	time	10.000000s/cts	O Det=86	H Det=867	Mon Det=110347	Aux Det=1352	O+H=953	 DONE
31/03/2023 12:58:37:	set AO_DC1Y (6229/ao1) to 2.000000Amps 4.000V DONE
31/03/2023 12:58:38:	15	count	time	10.000000s/cts	O Det=103	H Det=849	Mon Det=107564	Aux Det=1353	O+H=952	 DONE
31/03/2023 12:58:51:	set AO_DC1Y (6229/ao1) to 2.500000Amps 5.000V DONE
31/03/2023 12:58:52:	16	count	time	10.000000s/cts	O Det=134	H Det=823	Mon Det=102307	Aux Det=1345	O+H=957	 DONE
31/03/2023 12:59:05:	set AO_DC1Y (6229/ao1) to 3.000000Amps 6.000V DONE
31/03/2023 12:59:06:	17	count	time	10.000000s/cts	O Det=142	H Det=774	Mon Det=101525	Aux Det=1368	O+H=916	 DONE
31/03/2023 12:59:19:	set AO_DC1Y (6229/ao1) to 3.500000Amps 7.000V DONE
31/03/2023 12:59:20:	18	count	time	10.000000s/cts	O Det=135	H Det=835	Mon Det=88758	Aux Det=1420	O+H=970	 DONE
31/03/2023 12:59:33:	set AO_DC1Y (6229/ao1) to 4.000000Amps 8.000V DONE
31/03/2023 12:59:34:	19	count	time	10.000000s/cts	O Det=109	H Det=825	Mon Det=87962	Aux Det=1373	O+H=934	 DONE
31/03/2023 12:59:48:	set AO_DC1Y (6229/ao1) to 4.500000Amps 9.000V DONE
31/03/2023 12:59:49:	20	count	time	10.000000s/cts	O Det=103	H Det=798	Mon Det=86607	Aux Det=1325	O+H=901	 DONE
31/03/2023 13:00:02:	set AO_DC1Y (6229/ao1) to 5.000000Amps 10.000V DONE
31/03/2023 13:00:03:	21	count	time	10.000000s/cts	O Det=59	H Det=780	Mon Det=86413	Aux Det=1388	O+H=839	 DONE
31/03/2023 13:00:16:	close file and end scan	 DONE
31/03/2023 13:00:17:	move motor	S18.auxiliary.Rocker1 to 5.00000mm	reached 0.40383  DONE
31/03/2023 13:00:19:	create file	D:\data\Cycle 192\exp_3-16-13\rawdata\sc\rocker1_11_31Mar1300.dat	 DONE
room to enter remarks DONE
31/03/2023 13:00:21:	set AO_DC1Y (6229/ao1) to -5.000000Amps -10.000V DONE
31/03/2023 13:00:22:	1	count	time	10.000000s/cts	O Det=155	H Det=875	Mon Det=99510	Aux Det=1324	O+H=1030	 DONE
31/03/2023 13:00:36:	set AO_DC1Y (6229/ao1) to -4.500000Amps -9.000V DONE
31/03/2023 13:00:37:	2	count	time	10.000000s/cts	O Det=173	H Det=897	Mon Det=97410	Aux Det=1403	O+H=1070	 DONE
31/03/2023 13:00:50:	set AO_DC1Y (6229/ao1) to -4.000000Amps -8.000V DONE
31/03/2023 13:00:51:	3	count	time	10.000000s/cts	O Det=166	H Det=822	Mon Det=99465	Aux Det=1303	O+H=988	 DONE
31/03/2023 13:01:04:	set AO_DC1Y (6229/ao1) to -3.500000Amps -7.000V DONE
31/03/2023 13:01:05:	4	count	time	10.000000s/cts	O Det=139	H Det=867	Mon Det=100289	Aux Det=1380	O+H=1006	 DONE
31/03/2023 13:01:18:	set AO_DC1Y (6229/ao1) to -3.000000Amps -6.000V DONE
31/03/2023 13:01:19:	5	count	time	10.000000s/cts	O Det=131	H Det=780	Mon Det=99383	Aux Det=1325	O+H=911	 DONE
31/03/2023 13:01:32:	set AO_DC1Y (6229/ao1) to -2.500000Amps -5.000V DONE
31/03/2023 13:01:33:	6	count	time	10.000000s/cts	O Det=83	H Det=788	Mon Det=98040	Aux Det=1369	O+H=871	 DONE
31/03/2023 13:01:47:	set AO_DC1Y (6229/ao1) to -2.000000Amps -4.000V DONE
31/03/2023 13:01:48:	7	count	time	10.000000s/cts	O Det=44	H Det=823	Mon Det=102994	Aux Det=1313	O+H=867	 DONE
31/03/2023 13:02:01:	set AO_DC1Y (6229/ao1) to -1.500000Amps -3.000V DONE
31/03/2023 13:02:02:	8	count	time	10.000000s/cts	O Det=26	H Det=782	Mon Det=101015	Aux Det=1298	O+H=808	 DONE
31/03/2023 13:02:15:	set AO_DC1Y (6229/ao1) to -1.000000Amps -2.000V DONE
31/03/2023 13:02:16:	9	count	time	10.000000s/cts	O Det=3	H Det=873	Mon Det=103465	Aux Det=1385	O+H=876	 DONE
31/03/2023 13:02:29:	set AO_DC1Y (6229/ao1) to -0.500000Amps -1.000V DONE
31/03/2023 13:02:30:	10	count	time	10.000000s/cts	O Det=4	H Det=796	Mon Det=105018	Aux Det=1328	O+H=800	 DONE
31/03/2023 13:02:43:	set AO_DC1Y (6229/ao1) to 0.000000Amps 0.000V DONE
31/03/2023 13:02:44:	11	count	time	10.000000s/cts	O Det=9	H Det=790	Mon Det=102875	Aux Det=1255	O+H=799	 DONE
31/03/2023 13:02:58:	set AO_DC1Y (6229/ao1) to 0.500000Amps 1.000V DONE
31/03/2023 13:02:59:	12	count	time	10.000000s/cts	O Det=28	H Det=790	Mon Det=102422	Aux Det=1320	O+H=818	 DONE
31/03/2023 13:03:12:	set AO_DC1Y (6229/ao1) to 1.000000Amps 2.000V DONE
31/03/2023 13:03:13:	13	count	time	10.000000s/cts	O Det=63	H Det=800	Mon Det=102366	Aux Det=1349	O+H=863	 DONE
31/03/2023 13:03:26:	set AO_DC1Y (6229/ao1) to 1.500000Amps 3.000V DONE
31/03/2023 13:03:27:	14	count	time	10.000000s/cts	O Det=83	H Det=802	Mon Det=115599	Aux Det=1390	O+H=885	 DONE
31/03/2023 13:03:40:	set AO_DC1Y (6229/ao1) to 2.000000Amps 4.000V DONE
31/03/2023 13:03:41:	15	count	time	10.000000s/cts	O Det=115	H Det=842	Mon Det=116204	Aux Det=1323	O+H=957	 DONE
31/03/2023 13:03:54:	set AO_DC1Y (6229/ao1) to 2.500000Amps 5.000V DONE
31/03/2023 13:03:55:	16	count	time	10.000000s/cts	O Det=128	H Det=778	Mon Det=114035	Aux Det=1321	O+H=906	 DONE
31/03/2023 13:04:09:	set AO_DC1Y (6229/ao1) to 3.000000Amps 6.000V DONE
31/03/2023 13:04:10:	17	count	time	10.000000s/cts	O Det=144	H Det=751	Mon Det=111079	Aux Det=1372	O+H=895	 DONE
31/03/2023 13:04:23:	set AO_DC1Y (6229/ao1) to 3.500000Amps 7.000V DONE
31/03/2023 13:04:24:	18	count	time	10.000000s/cts	O Det=129	H Det=833	Mon Det=98377	Aux Det=1341	O+H=962	 DONE
31/03/2023 13:04:37:	set AO_DC1Y (6229/ao1) to 4.000000Amps 8.000V DONE
31/03/2023 13:04:38:	19	count	time	10.000000s/cts	O Det=125	H Det=840	Mon Det=103329	Aux Det=1314	O+H=965	 DONE
31/03/2023 13:04:51:	set AO_DC1Y (6229/ao1) to 4.500000Amps 9.000V DONE
31/03/2023 13:04:52:	20	count	time	10.000000s/cts	O Det=89	H Det=808	Mon Det=114873	Aux Det=1321	O+H=897	 DONE
31/03/2023 13:05:05:	set AO_DC1Y (6229/ao1) to 5.000000Amps 10.000V DONE
31/03/2023 13:05:07:	21	count	time	10.000000s/cts	O Det=68	H Det=817	Mon Det=115900	Aux Det=1297	O+H=885	 DONE
31/03/2023 13:05:20:	close file and end scan	 DONE
31/03/2023 13:05:21:	move motor	S18.auxiliary.Rocker1 to 6.00000mm	reached 0.40383  DONE
31/03/2023 13:05:23:	create file	D:\data\Cycle 192\exp_3-16-13\rawdata\sc\rocker1_12_31Mar1305.dat	 DONE
room to enter remarks DONE
31/03/2023 13:05:25:	set AO_DC1Y (6229/ao1) to -5.000000Amps -10.000V DONE
31/03/2023 13:05:26:	1	count	time	10.000000s/cts	O Det=166	H Det=831	Mon Det=116883	Aux Det=1302	O+H=997	 DONE
31/03/2023 13:05:39:	set AO_DC1Y (6229/ao1) to -4.500000Amps -9.000V DONE
31/03/2023 13:05:40:	2	count	time	10.000000s/cts	O Det=168	H Det=783	Mon Det=113997	Aux Det=1315	O+H=951	 DONE
31/03/2023 13:05:54:	set AO_DC1Y (6229/ao1) to -4.000000Amps -8.000V DONE
31/03/2023 13:05:55:	3	count	time	10.000000s/cts	O Det=162	H Det=808	Mon Det=115540	Aux Det=1331	O+H=970	 DONE
31/03/2023 13:06:08:	set AO_DC1Y (6229/ao1) to -3.500000Amps -7.000V DONE
31/03/2023 13:06:09:	4	count	time	10.000000s/cts	O Det=81	H Det=463	Mon Det=61380	Aux Det=709	O+H=544	STOPPED BY USER	31/03/2023 13:06:17:	close file and end scan	 DONE
31/03/2023 13:06:18:	set AO_DC1Y (6229/ao1) to 0.000000Amps 0.000V DONE
31/03/2023 13:06:19:	END OF SCRIPT	 DONE
