31/03/2023 13:13:03:	start execution of script D:\data\Cycle 192\exp_3-16-13\rawdata\sc\DC1Z.sc	 DONE
31/03/2023 13:13:04:	set AO_DC1Y (6229/ao1) to -3.560000Amps -7.120V DONE
31/03/2023 13:13:05:	create file	D:\data\Cycle 192\exp_3-16-13\rawdata\sc\DC1Z_31Mar1313.dat	 DONE
room to enter remarks DONE
31/03/2023 13:13:07:	set AO_DC1Z (PXIDAQ2/ao1) to 0.000000Amps 0.000V DONE
31/03/2023 13:13:08:	1	count	time	10.000000s/cts	O Det=31	H Det=749	Mon Det=115785	Aux Det=1356	O+H=780	 DONE
31/03/2023 13:13:21:	set AO_DC1Z (PXIDAQ2/ao1) to 0.500000Amps 0.250V DONE
31/03/2023 13:13:22:	2	count	time	10.000000s/cts	O Det=39	H Det=804	Mon Det=115701	Aux Det=1285	O+H=843	 DONE
31/03/2023 13:13:35:	set AO_DC1Z (PXIDAQ2/ao1) to 1.000000Amps 0.500V DONE
31/03/2023 13:13:36:	3	count	time	10.000000s/cts	O Det=74	H Det=797	Mon Det=112142	Aux Det=1390	O+H=871	 DONE
31/03/2023 13:13:49:	set AO_DC1Z (PXIDAQ2/ao1) to 1.500000Amps 0.750V DONE
31/03/2023 13:13:50:	4	count	time	10.000000s/cts	O Det=80	H Det=753	Mon Det=114194	Aux Det=1434	O+H=833	 DONE
31/03/2023 13:14:04:	set AO_DC1Z (PXIDAQ2/ao1) to 2.000000Amps 1.000V DONE
31/03/2023 13:14:05:	5	count	time	10.000000s/cts	O Det=111	H Det=798	Mon Det=116274	Aux Det=1302	O+H=909	 DONE
31/03/2023 13:14:18:	set AO_DC1Z (PXIDAQ2/ao1) to 2.500000Amps 1.250V DONE
31/03/2023 13:14:19:	6	count	time	10.000000s/cts	O Det=121	H Det=776	Mon Det=118111	Aux Det=1328	O+H=897	 DONE
31/03/2023 13:14:32:	set AO_DC1Z (PXIDAQ2/ao1) to 3.000000Amps 1.500V DONE
31/03/2023 13:14:33:	7	count	time	10.000000s/cts	O Det=131	H Det=769	Mon Det=115536	Aux Det=1387	O+H=900	 DONE
31/03/2023 13:14:46:	set AO_DC1Z (PXIDAQ2/ao1) to 3.500000Amps 1.750V DONE
31/03/2023 13:14:47:	8	count	time	10.000000s/cts	O Det=153	H Det=795	Mon Det=116143	Aux Det=1341	O+H=948	 DONE
31/03/2023 13:15:00:	set AO_DC1Z (PXIDAQ2/ao1) to 4.000000Amps 2.000V DONE
31/03/2023 13:15:01:	9	count	time	10.000000s/cts	O Det=174	H Det=754	Mon Det=115479	Aux Det=1299	O+H=928	 DONE
31/03/2023 13:15:15:	set AO_DC1Z (PXIDAQ2/ao1) to 4.500000Amps 2.250V DONE
31/03/2023 13:15:16:	10	count	time	10.000000s/cts	O Det=176	H Det=802	Mon Det=113789	Aux Det=1317	O+H=978	 DONE
31/03/2023 13:15:29:	set AO_DC1Z (PXIDAQ2/ao1) to 5.000000Amps 2.500V DONE
31/03/2023 13:15:30:	11	count	time	10.000000s/cts	O Det=150	H Det=792	Mon Det=114685	Aux Det=1310	O+H=942	 DONE
31/03/2023 13:15:43:	close file and end scan	 DONE
31/03/2023 13:15:44:	END OF SCRIPT	 DONE
