31/03/2023 13:16:59:	start execution of script D:\data\Cycle 192\exp_3-16-13\rawdata\sc\DC1Z.sc	 DONE
31/03/2023 13:17:00:	set AO_DC1Y (6229/ao1) to -3.560000Amps -7.120V DONE
31/03/2023 13:17:01:	create file	D:\data\Cycle 192\exp_3-16-13\rawdata\sc\DC1Z_31Mar1317.dat	 DONE
room to enter remarks DONE
31/03/2023 13:17:03:	set AO_DC1Z (PXIDAQ2/ao1) to 3.000000Amps 1.500V DONE
31/03/2023 13:17:04:	1	count	time	10.000000s/cts	O Det=145	H Det=815	Mon Det=114440	Aux Det=1414	O+H=960	 DONE
31/03/2023 13:17:17:	set AO_DC1Z (PXIDAQ2/ao1) to 3.250000Amps 1.625V DONE
31/03/2023 13:17:18:	2	count	time	10.000000s/cts	O Det=134	H Det=760	Mon Det=114792	Aux Det=1334	O+H=894	 DONE
31/03/2023 13:17:31:	set AO_DC1Z (PXIDAQ2/ao1) to 3.500000Amps 1.750V DONE
31/03/2023 13:17:32:	3	count	time	10.000000s/cts	O Det=172	H Det=769	Mon Det=115577	Aux Det=1312	O+H=941	 DONE
31/03/2023 13:17:45:	set AO_DC1Z (PXIDAQ2/ao1) to 3.750000Amps 1.875V DONE
31/03/2023 13:17:46:	4	count	time	10.000000s/cts	O Det=154	H Det=790	Mon Det=115615	Aux Det=1396	O+H=944	 DONE
31/03/2023 13:17:59:	set AO_DC1Z (PXIDAQ2/ao1) to 4.000000Amps 2.000V DONE
31/03/2023 13:18:00:	5	count	time	10.000000s/cts	O Det=161	H Det=801	Mon Det=116502	Aux Det=1302	O+H=962	 DONE
31/03/2023 13:18:14:	set AO_DC1Z (PXIDAQ2/ao1) to 4.250000Amps 2.125V DONE
31/03/2023 13:18:15:	6	count	time	10.000000s/cts	O Det=170	H Det=758	Mon Det=114841	Aux Det=1306	O+H=928	 DONE
31/03/2023 13:18:28:	set AO_DC1Z (PXIDAQ2/ao1) to 4.500000Amps 2.250V DONE
31/03/2023 13:18:29:	7	count	time	10.000000s/cts	O Det=140	H Det=711	Mon Det=114711	Aux Det=1311	O+H=851	 DONE
31/03/2023 13:18:42:	set AO_DC1Z (PXIDAQ2/ao1) to 4.750000Amps 2.375V DONE
31/03/2023 13:18:43:	8	count	time	10.000000s/cts	O Det=170	H Det=748	Mon Det=115509	Aux Det=1347	O+H=918	 DONE
31/03/2023 13:18:56:	set AO_DC1Z (PXIDAQ2/ao1) to 5.000000Amps 2.500V DONE
31/03/2023 13:18:57:	9	count	time	10.000000s/cts	O Det=158	H Det=787	Mon Det=115464	Aux Det=1272	O+H=945	 DONE
31/03/2023 13:19:10:	set AO_DC1Z (PXIDAQ2/ao1) to 5.250000Amps 2.625V DONE
31/03/2023 13:19:11:	10	count	time	10.000000s/cts	O Det=152	H Det=818	Mon Det=114858	Aux Det=1290	O+H=970	 DONE
31/03/2023 13:19:25:	set AO_DC1Z (PXIDAQ2/ao1) to 5.500000Amps 2.750V DONE
31/03/2023 13:19:26:	11	count	time	10.000000s/cts	O Det=158	H Det=792	Mon Det=117882	Aux Det=1312	O+H=950	 DONE
31/03/2023 13:19:39:	set AO_DC1Z (PXIDAQ2/ao1) to 5.750000Amps 2.875V DONE
31/03/2023 13:19:40:	12	count	time	10.000000s/cts	O Det=144	H Det=717	Mon Det=116096	Aux Det=1362	O+H=861	 DONE
31/03/2023 13:19:53:	set AO_DC1Z (PXIDAQ2/ao1) to 6.000000Amps 3.000V DONE
31/03/2023 13:19:54:	13	count	time	10.000000s/cts	O Det=155	H Det=751	Mon Det=115538	Aux Det=1341	O+H=906	 DONE
31/03/2023 13:20:07:	set AO_DC1Z (PXIDAQ2/ao1) to 6.250000Amps 3.125V DONE
31/03/2023 13:20:08:	14	count	time	10.000000s/cts	O Det=155	H Det=767	Mon Det=116806	Aux Det=1329	O+H=922	 DONE
31/03/2023 13:20:21:	set AO_DC1Z (PXIDAQ2/ao1) to 6.500000Amps 3.250V DONE
31/03/2023 13:20:22:	15	count	time	10.000000s/cts	O Det=117	H Det=750	Mon Det=115883	Aux Det=1347	O+H=867	 DONE
31/03/2023 13:20:36:	close file and end scan	 DONE
31/03/2023 13:20:37:	END OF SCRIPT	 DONE
