31/03/2023 15:07:42:	start execution of script D:\data\Cycle 192\exp_3-16-13\rawdata\sc\DC2Yrocker2.sc	 DONE
31/03/2023 15:07:43:	set AO_DC2Z (PXIDAQ2/ao0) to 1.000000Amps 1.000V DONE
31/03/2023 15:07:44:	move motor	S18.auxiliary.Rocker2 to -6.00000mm	reached -5.99997  DONE
31/03/2023 15:07:51:	create file	D:\data\Cycle 192\exp_3-16-13\rawdata\sc\rocker2_0_31Mar1507.dat	 DONE
room to enter remarks DONE
31/03/2023 15:07:53:	set AO_DC2Y (PXIDAQ2/ao2) to -1.800000Amps -3.600V DONE
31/03/2023 15:07:54:	1	count	time	10.000000s/cts	O Det=24	H Det=555	Mon Det=107780	Aux Det=1253	O+H=579	 DONE
31/03/2023 15:08:07:	set AO_DC2Y (PXIDAQ2/ao2) to -1.600000Amps -3.200V DONE
31/03/2023 15:08:08:	2	count	time	10.000000s/cts	O Det=55	H Det=591	Mon Det=105812	Aux Det=1291	O+H=646	 DONE
31/03/2023 15:08:21:	set AO_DC2Y (PXIDAQ2/ao2) to -1.400000Amps -2.800V DONE
31/03/2023 15:08:22:	3	count	time	10.000000s/cts	O Det=84	H Det=592	Mon Det=108673	Aux Det=1286	O+H=676	 DONE
31/03/2023 15:08:35:	set AO_DC2Y (PXIDAQ2/ao2) to -1.200000Amps -2.400V DONE
31/03/2023 15:08:36:	4	count	time	10.000000s/cts	O Det=136	H Det=576	Mon Det=110161	Aux Det=1271	O+H=712	 DONE
31/03/2023 15:08:50:	set AO_DC2Y (PXIDAQ2/ao2) to -1.000000Amps -2.000V DONE
31/03/2023 15:08:51:	5	count	time	10.000000s/cts	O Det=137	H Det=629	Mon Det=109023	Aux Det=1305	O+H=766	 DONE
31/03/2023 15:09:04:	set AO_DC2Y (PXIDAQ2/ao2) to -0.800000Amps -1.600V DONE
31/03/2023 15:09:05:	6	count	time	10.000000s/cts	O Det=125	H Det=553	Mon Det=110550	Aux Det=1271	O+H=678	 DONE
31/03/2023 15:09:18:	set AO_DC2Y (PXIDAQ2/ao2) to -0.600000Amps -1.200V DONE
31/03/2023 15:09:19:	7	count	time	10.000000s/cts	O Det=96	H Det=624	Mon Det=108612	Aux Det=1219	O+H=720	 DONE
31/03/2023 15:09:32:	set AO_DC2Y (PXIDAQ2/ao2) to -0.400000Amps -0.800V DONE
31/03/2023 15:09:33:	8	count	time	10.000000s/cts	O Det=79	H Det=592	Mon Det=106277	Aux Det=1286	O+H=671	 DONE
31/03/2023 15:09:46:	set AO_DC2Y (PXIDAQ2/ao2) to -0.200000Amps -0.400V DONE
31/03/2023 15:09:47:	9	count	time	10.000000s/cts	O Det=30	H Det=547	Mon Det=106944	Aux Det=1261	O+H=577	 DONE
31/03/2023 15:10:01:	set AO_DC2Y (PXIDAQ2/ao2) to 0.000000Amps 0.000V DONE
31/03/2023 15:10:02:	10	count	time	10.000000s/cts	O Det=7	H Det=589	Mon Det=109261	Aux Det=1257	O+H=596	 DONE
31/03/2023 15:10:15:	set AO_DC2Y (PXIDAQ2/ao2) to 0.200000Amps 0.400V DONE
31/03/2023 15:10:16:	11	count	time	10.000000s/cts	O Det=3	H Det=613	Mon Det=109065	Aux Det=1284	O+H=616	 DONE
31/03/2023 15:10:29:	set AO_DC2Y (PXIDAQ2/ao2) to 0.400000Amps 0.800V DONE
31/03/2023 15:10:30:	12	count	time	10.000000s/cts	O Det=20	H Det=617	Mon Det=107078	Aux Det=1242	O+H=637	 DONE
31/03/2023 15:10:43:	set AO_DC2Y (PXIDAQ2/ao2) to 0.600000Amps 1.200V DONE
31/03/2023 15:10:44:	13	count	time	10.000000s/cts	O Det=49	H Det=636	Mon Det=110440	Aux Det=1253	O+H=685	 DONE
31/03/2023 15:10:57:	set AO_DC2Y (PXIDAQ2/ao2) to 0.800000Amps 1.600V DONE
31/03/2023 15:10:58:	14	count	time	10.000000s/cts	O Det=80	H Det=617	Mon Det=109025	Aux Det=1258	O+H=697	 DONE
31/03/2023 15:11:12:	set AO_DC2Y (PXIDAQ2/ao2) to 1.000000Amps 2.000V DONE
31/03/2023 15:11:13:	15	count	time	10.000000s/cts	O Det=94	H Det=587	Mon Det=106148	Aux Det=1225	O+H=681	 DONE
31/03/2023 15:11:26:	set AO_DC2Y (PXIDAQ2/ao2) to 1.200000Amps 2.400V DONE
31/03/2023 15:11:27:	16	count	time	10.000000s/cts	O Det=117	H Det=641	Mon Det=107152	Aux Det=1248	O+H=758	 DONE
31/03/2023 15:11:40:	set AO_DC2Y (PXIDAQ2/ao2) to 1.400000Amps 2.800V DONE
31/03/2023 15:11:41:	17	count	time	10.000000s/cts	O Det=105	H Det=637	Mon Det=107442	Aux Det=1285	O+H=742	 DONE
31/03/2023 15:11:54:	set AO_DC2Y (PXIDAQ2/ao2) to 1.600000Amps 3.200V DONE
31/03/2023 15:11:55:	18	count	time	10.000000s/cts	O Det=101	H Det=589	Mon Det=109137	Aux Det=1257	O+H=690	 DONE
31/03/2023 15:12:08:	set AO_DC2Y (PXIDAQ2/ao2) to 1.800000Amps 3.600V DONE
31/03/2023 15:12:09:	19	count	time	10.000000s/cts	O Det=61	H Det=597	Mon Det=109000	Aux Det=1245	O+H=658	 DONE
31/03/2023 15:12:23:	close file and end scan	 DONE
31/03/2023 15:12:24:	move motor	S18.auxiliary.Rocker2 to -5.00000mm	reached -4.99991  DONE
31/03/2023 15:12:28:	create file	D:\data\Cycle 192\exp_3-16-13\rawdata\sc\rocker2_1_31Mar1512.dat	 DONE
room to enter remarks DONE
31/03/2023 15:12:30:	set AO_DC2Y (PXIDAQ2/ao2) to -1.800000Amps -3.600V DONE
31/03/2023 15:12:31:	1	count	time	10.000000s/cts	O Det=32	H Det=594	Mon Det=107686	Aux Det=1315	O+H=626	 DONE
31/03/2023 15:12:44:	set AO_DC2Y (PXIDAQ2/ao2) to -1.600000Amps -3.200V DONE
31/03/2023 15:12:45:	2	count	time	10.000000s/cts	O Det=56	H Det=566	Mon Det=107039	Aux Det=1257	O+H=622	 DONE
31/03/2023 15:12:58:	set AO_DC2Y (PXIDAQ2/ao2) to -1.400000Amps -2.800V DONE
31/03/2023 15:12:59:	3	count	time	10.000000s/cts	O Det=92	H Det=583	Mon Det=109386	Aux Det=1215	O+H=675	 DONE
31/03/2023 15:13:12:	set AO_DC2Y (PXIDAQ2/ao2) to -1.200000Amps -2.400V DONE
31/03/2023 15:13:13:	4	count	time	10.000000s/cts	O Det=120	H Det=595	Mon Det=106961	Aux Det=1227	O+H=715	 DONE
31/03/2023 15:13:27:	set AO_DC2Y (PXIDAQ2/ao2) to -1.000000Amps -2.000V DONE
31/03/2023 15:13:28:	5	count	time	10.000000s/cts	O Det=134	H Det=620	Mon Det=109676	Aux Det=1336	O+H=754	 DONE
31/03/2023 15:13:41:	set AO_DC2Y (PXIDAQ2/ao2) to -0.800000Amps -1.600V DONE
31/03/2023 15:13:42:	6	count	time	10.000000s/cts	O Det=132	H Det=601	Mon Det=107637	Aux Det=1322	O+H=733	 DONE
31/03/2023 15:13:55:	set AO_DC2Y (PXIDAQ2/ao2) to -0.600000Amps -1.200V DONE
31/03/2023 15:13:56:	7	count	time	10.000000s/cts	O Det=94	H Det=641	Mon Det=108543	Aux Det=1282	O+H=735	 DONE
31/03/2023 15:14:09:	set AO_DC2Y (PXIDAQ2/ao2) to -0.400000Amps -0.800V DONE
31/03/2023 15:14:10:	8	count	time	10.000000s/cts	O Det=52	H Det=568	Mon Det=107360	Aux Det=1235	O+H=620	 DONE
31/03/2023 15:14:23:	set AO_DC2Y (PXIDAQ2/ao2) to -0.200000Amps -0.400V DONE
31/03/2023 15:14:24:	9	count	time	10.000000s/cts	O Det=30	H Det=646	Mon Det=108864	Aux Det=1296	O+H=676	 DONE
31/03/2023 15:14:38:	set AO_DC2Y (PXIDAQ2/ao2) to 0.000000Amps 0.000V DONE
31/03/2023 15:14:39:	10	count	time	10.000000s/cts	O Det=6	H Det=585	Mon Det=107607	Aux Det=1214	O+H=591	 DONE
31/03/2023 15:14:52:	set AO_DC2Y (PXIDAQ2/ao2) to 0.200000Amps 0.400V DONE
31/03/2023 15:14:53:	11	count	time	10.000000s/cts	O Det=4	H Det=606	Mon Det=108262	Aux Det=1271	O+H=610	 DONE
31/03/2023 15:15:06:	set AO_DC2Y (PXIDAQ2/ao2) to 0.400000Amps 0.800V DONE
31/03/2023 15:15:07:	12	count	time	10.000000s/cts	O Det=14	H Det=591	Mon Det=107115	Aux Det=1289	O+H=605	 DONE
31/03/2023 15:15:20:	set AO_DC2Y (PXIDAQ2/ao2) to 0.600000Amps 1.200V DONE
31/03/2023 15:15:21:	13	count	time	10.000000s/cts	O Det=44	H Det=619	Mon Det=108284	Aux Det=1277	O+H=663	 DONE
31/03/2023 15:15:34:	set AO_DC2Y (PXIDAQ2/ao2) to 0.800000Amps 1.600V DONE
31/03/2023 15:15:35:	14	count	time	10.000000s/cts	O Det=87	H Det=593	Mon Det=109146	Aux Det=1286	O+H=680	 DONE
31/03/2023 15:15:49:	set AO_DC2Y (PXIDAQ2/ao2) to 1.000000Amps 2.000V DONE
31/03/2023 15:15:50:	15	count	time	10.000000s/cts	O Det=122	H Det=606	Mon Det=108136	Aux Det=1292	O+H=728	 DONE
31/03/2023 15:16:03:	set AO_DC2Y (PXIDAQ2/ao2) to 1.200000Amps 2.400V DONE
31/03/2023 15:16:04:	16	count	time	10.000000s/cts	O Det=110	H Det=596	Mon Det=108431	Aux Det=1296	O+H=706	 DONE
31/03/2023 15:16:17:	set AO_DC2Y (PXIDAQ2/ao2) to 1.400000Amps 2.800V DONE
31/03/2023 15:16:18:	17	count	time	10.000000s/cts	O Det=120	H Det=629	Mon Det=108680	Aux Det=1272	O+H=749	 DONE
31/03/2023 15:16:31:	set AO_DC2Y (PXIDAQ2/ao2) to 1.600000Amps 3.200V DONE
31/03/2023 15:16:32:	18	count	time	10.000000s/cts	O Det=94	H Det=612	Mon Det=108555	Aux Det=1314	O+H=706	 DONE
31/03/2023 15:16:45:	set AO_DC2Y (PXIDAQ2/ao2) to 1.800000Amps 3.600V DONE
31/03/2023 15:16:46:	19	count	time	10.000000s/cts	O Det=56	H Det=633	Mon Det=109994	Aux Det=1269	O+H=689	 DONE
31/03/2023 15:17:00:	close file and end scan	 DONE
31/03/2023 15:17:01:	move motor	S18.auxiliary.Rocker2 to -4.00000mm	reached -3.99997  DONE
31/03/2023 15:17:04:	create file	D:\data\Cycle 192\exp_3-16-13\rawdata\sc\rocker2_2_31Mar1517.dat	 DONE
room to enter remarks DONE
31/03/2023 15:17:06:	set AO_DC2Y (PXIDAQ2/ao2) to -1.800000Amps -3.600V DONE
31/03/2023 15:17:07:	1	count	time	10.000000s/cts	O Det=29	H Det=544	Mon Det=108847	Aux Det=1206	O+H=573	 DONE
31/03/2023 15:17:21:	set AO_DC2Y (PXIDAQ2/ao2) to -1.600000Amps -3.200V DONE
31/03/2023 15:17:22:	2	count	time	10.000000s/cts	O Det=78	H Det=616	Mon Det=108082	Aux Det=1270	O+H=694	 DONE
31/03/2023 15:17:35:	paused
31/03/2023 15:17:37:	set AO_DC2Y (PXIDAQ2/ao2) to -1.400000Amps -2.800V DONE
31/03/2023 15:17:38:	3	count	time	10.000000s/cts	O Det=116	H Det=628	Mon Det=109054	Aux Det=1296	O+H=744	 DONE
31/03/2023 15:17:51:	set AO_DC2Y (PXIDAQ2/ao2) to -1.200000Amps -2.400V DONE
31/03/2023 15:17:52:	4	count	time	10.000000s/cts	O Det=101	H Det=610	Mon Det=108657	Aux Det=1250	O+H=711	 DONE
31/03/2023 15:18:05:	set AO_DC2Y (PXIDAQ2/ao2) to -1.000000Amps -2.000V DONE
31/03/2023 15:18:06:	5	count	time	10.000000s/cts	O Det=121	H Det=623	Mon Det=107696	Aux Det=1286	O+H=744	 DONE
31/03/2023 15:18:19:	set AO_DC2Y (PXIDAQ2/ao2) to -0.800000Amps -1.600V DONE
31/03/2023 15:18:20:	6	count	time	10.000000s/cts	O Det=121	H Det=633	Mon Det=108400	Aux Det=1337	O+H=754	 DONE
31/03/2023 15:18:34:	set AO_DC2Y (PXIDAQ2/ao2) to -0.600000Amps -1.200V DONE
31/03/2023 15:18:35:	7	count	time	10.000000s/cts	O Det=100	H Det=617	Mon Det=108216	Aux Det=1300	O+H=717	 DONE
31/03/2023 15:18:48:	set AO_DC2Y (PXIDAQ2/ao2) to -0.400000Amps -0.800V DONE
31/03/2023 15:18:49:	8	count	time	10.000000s/cts	O Det=57	H Det=630	Mon Det=107868	Aux Det=1276	O+H=687	 DONE
31/03/2023 15:19:02:	set AO_DC2Y (PXIDAQ2/ao2) to -0.200000Amps -0.400V DONE
31/03/2023 15:19:03:	9	count	time	10.000000s/cts	O Det=24	H Det=619	Mon Det=107185	Aux Det=1274	O+H=643	 DONE
31/03/2023 15:19:16:	set AO_DC2Y (PXIDAQ2/ao2) to 0.000000Amps 0.000V DONE
31/03/2023 15:19:17:	10	count	time	10.000000s/cts	O Det=3	H Det=591	Mon Det=107830	Aux Det=1298	O+H=594	 DONE
31/03/2023 15:19:30:	set AO_DC2Y (PXIDAQ2/ao2) to 0.200000Amps 0.400V DONE
31/03/2023 15:19:31:	11	count	time	10.000000s/cts	O Det=2	H Det=614	Mon Det=109326	Aux Det=1266	O+H=616	 DONE
31/03/2023 15:19:45:	set AO_DC2Y (PXIDAQ2/ao2) to 0.400000Amps 0.800V DONE
31/03/2023 15:19:46:	12	count	time	10.000000s/cts	O Det=20	H Det=578	Mon Det=108250	Aux Det=1293	O+H=598	 DONE
31/03/2023 15:19:59:	set AO_DC2Y (PXIDAQ2/ao2) to 0.600000Amps 1.200V DONE
31/03/2023 15:20:00:	13	count	time	10.000000s/cts	O Det=44	H Det=596	Mon Det=106178	Aux Det=1254	O+H=640	 DONE
31/03/2023 15:20:13:	set AO_DC2Y (PXIDAQ2/ao2) to 0.800000Amps 1.600V DONE
31/03/2023 15:20:14:	14	count	time	10.000000s/cts	O Det=81	H Det=599	Mon Det=106657	Aux Det=1272	O+H=680	 DONE
31/03/2023 15:20:27:	set AO_DC2Y (PXIDAQ2/ao2) to 1.000000Amps 2.000V DONE
31/03/2023 15:20:28:	15	count	time	10.000000s/cts	O Det=100	H Det=587	Mon Det=107874	Aux Det=1281	O+H=687	 DONE
31/03/2023 15:20:41:	set AO_DC2Y (PXIDAQ2/ao2) to 1.200000Amps 2.400V DONE
31/03/2023 15:20:42:	16	count	time	10.000000s/cts	O Det=117	H Det=593	Mon Det=108135	Aux Det=1269	O+H=710	 DONE
31/03/2023 15:20:56:	set AO_DC2Y (PXIDAQ2/ao2) to 1.400000Amps 2.800V DONE
31/03/2023 15:20:57:	17	count	time	10.000000s/cts	O Det=105	H Det=628	Mon Det=108186	Aux Det=1279	O+H=733	 DONE
31/03/2023 15:21:10:	set AO_DC2Y (PXIDAQ2/ao2) to 1.600000Amps 3.200V DONE
31/03/2023 15:21:11:	18	count	time	10.000000s/cts	O Det=89	H Det=639	Mon Det=108549	Aux Det=1313	O+H=728	 DONE
31/03/2023 15:21:24:	set AO_DC2Y (PXIDAQ2/ao2) to 1.800000Amps 3.600V DONE
31/03/2023 15:21:25:	19	count	time	10.000000s/cts	O Det=51	H Det=618	Mon Det=108499	Aux Det=1286	O+H=669	 DONE
31/03/2023 15:21:38:	close file and end scan	 DONE
31/03/2023 15:21:39:	move motor	S18.auxiliary.Rocker2 to -3.00000mm	reached -2.99991  DONE
31/03/2023 15:21:44:	create file	D:\data\Cycle 192\exp_3-16-13\rawdata\sc\rocker2_3_31Mar1521.dat	 DONE
31/03/2023 15:21:45:	paused
room to enter remarks DONE
31/03/2023 15:23:37:	set AO_DC2Y (PXIDAQ2/ao2) to -1.800000Amps -3.600V DONE
31/03/2023 15:23:38:	1	count	time	10.000000s/cts	O Det=35	H Det=636	Mon Det=107833	Aux Det=1311	O+H=671	 DONE
31/03/2023 15:23:51:	set AO_DC2Y (PXIDAQ2/ao2) to -1.600000Amps -3.200V DONE
31/03/2023 15:23:52:	2	count	time	10.000000s/cts	O Det=71	H Det=633	Mon Det=107038	Aux Det=1195	O+H=704	 DONE
31/03/2023 15:24:05:	set AO_DC2Y (PXIDAQ2/ao2) to -1.400000Amps -2.800V DONE
31/03/2023 15:24:06:	3	count	time	10.000000s/cts	O Det=90	H Det=645	Mon Det=108906	Aux Det=1230	O+H=735	 DONE
31/03/2023 15:24:20:	set AO_DC2Y (PXIDAQ2/ao2) to -1.200000Amps -2.400V DONE
31/03/2023 15:24:21:	4	count	time	10.000000s/cts	O Det=123	H Det=613	Mon Det=109357	Aux Det=1300	O+H=736	 DONE
31/03/2023 15:24:34:	set AO_DC2Y (PXIDAQ2/ao2) to -1.000000Amps -2.000V DONE
31/03/2023 15:24:35:	5	count	time	10.000000s/cts	O Det=125	H Det=626	Mon Det=108079	Aux Det=1290	O+H=751	 DONE
31/03/2023 15:24:48:	set AO_DC2Y (PXIDAQ2/ao2) to -0.800000Amps -1.600V DONE
31/03/2023 15:24:49:	6	count	time	10.000000s/cts	O Det=120	H Det=628	Mon Det=108240	Aux Det=1291	O+H=748	 DONE
31/03/2023 15:25:02:	set AO_DC2Y (PXIDAQ2/ao2) to -0.600000Amps -1.200V DONE
31/03/2023 15:25:03:	7	count	time	10.000000s/cts	O Det=122	H Det=586	Mon Det=108229	Aux Det=1239	O+H=708	 DONE
31/03/2023 15:25:16:	set AO_DC2Y (PXIDAQ2/ao2) to -0.400000Amps -0.800V DONE
31/03/2023 15:25:17:	8	count	time	10.000000s/cts	O Det=53	H Det=634	Mon Det=111775	Aux Det=1283	O+H=687	 DONE
31/03/2023 15:25:31:	set AO_DC2Y (PXIDAQ2/ao2) to -0.200000Amps -0.400V DONE
31/03/2023 15:25:32:	9	count	time	10.000000s/cts	O Det=24	H Det=619	Mon Det=109020	Aux Det=1294	O+H=643	 DONE
31/03/2023 15:25:45:	set AO_DC2Y (PXIDAQ2/ao2) to 0.000000Amps 0.000V DONE
31/03/2023 15:25:46:	10	count	time	10.000000s/cts	O Det=6	H Det=630	Mon Det=108271	Aux Det=1272	O+H=636	 DONE
31/03/2023 15:25:59:	set AO_DC2Y (PXIDAQ2/ao2) to 0.200000Amps 0.400V DONE
31/03/2023 15:26:00:	11	count	time	10.000000s/cts	O Det=3	H Det=644	Mon Det=109668	Aux Det=1261	O+H=647	 DONE
31/03/2023 15:26:13:	set AO_DC2Y (PXIDAQ2/ao2) to 0.400000Amps 0.800V DONE
31/03/2023 15:26:14:	12	count	time	10.000000s/cts	O Det=29	H Det=657	Mon Det=110545	Aux Det=1295	O+H=686	 DONE
31/03/2023 15:26:27:	set AO_DC2Y (PXIDAQ2/ao2) to 0.600000Amps 1.200V DONE
31/03/2023 15:26:28:	13	count	time	10.000000s/cts	O Det=55	H Det=678	Mon Det=109086	Aux Det=1226	O+H=733	 DONE
31/03/2023 15:26:42:	set AO_DC2Y (PXIDAQ2/ao2) to 0.800000Amps 1.600V DONE
31/03/2023 15:26:43:	14	count	time	10.000000s/cts	O Det=91	H Det=626	Mon Det=108816	Aux Det=1288	O+H=717	 DONE
31/03/2023 15:26:56:	set AO_DC2Y (PXIDAQ2/ao2) to 1.000000Amps 2.000V DONE
31/03/2023 15:26:57:	15	count	time	10.000000s/cts	O Det=117	H Det=587	Mon Det=108790	Aux Det=1279	O+H=704	 DONE
31/03/2023 15:27:10:	set AO_DC2Y (PXIDAQ2/ao2) to 1.200000Amps 2.400V DONE
31/03/2023 15:27:11:	16	count	time	10.000000s/cts	O Det=137	H Det=653	Mon Det=108670	Aux Det=1262	O+H=790	 DONE
31/03/2023 15:27:24:	set AO_DC2Y (PXIDAQ2/ao2) to 1.400000Amps 2.800V DONE
31/03/2023 15:27:25:	17	count	time	10.000000s/cts	O Det=123	H Det=634	Mon Det=110601	Aux Det=1260	O+H=757	 DONE
31/03/2023 15:27:39:	set AO_DC2Y (PXIDAQ2/ao2) to 1.600000Amps 3.200V DONE
31/03/2023 15:27:40:	18	count	time	10.000000s/cts	O Det=90	H Det=659	Mon Det=108195	Aux Det=1360	O+H=749	 DONE
31/03/2023 15:27:53:	set AO_DC2Y (PXIDAQ2/ao2) to 1.800000Amps 3.600V DONE
31/03/2023 15:27:54:	19	count	time	10.000000s/cts	O Det=58	H Det=595	Mon Det=107840	Aux Det=1222	O+H=653	 DONE
31/03/2023 15:28:07:	close file and end scan	 DONE
31/03/2023 15:28:08:	move motor	S18.auxiliary.Rocker2 to -2.00000mm	reached -1.99971  DONE
31/03/2023 15:28:12:	create file	D:\data\Cycle 192\exp_3-16-13\rawdata\sc\rocker2_4_31Mar1528.dat	 DONE
room to enter remarks DONE
31/03/2023 15:28:14:	set AO_DC2Y (PXIDAQ2/ao2) to -1.800000Amps -3.600V DONE
31/03/2023 15:28:15:	1	count	time	10.000000s/cts	O Det=36	H Det=670	Mon Det=108013	Aux Det=1292	O+H=706	 DONE
31/03/2023 15:28:28:	set AO_DC2Y (PXIDAQ2/ao2) to -1.600000Amps -3.200V DONE
31/03/2023 15:28:29:	2	count	time	10.000000s/cts	O Det=78	H Det=625	Mon Det=110370	Aux Det=1297	O+H=703	 DONE
31/03/2023 15:28:43:	set AO_DC2Y (PXIDAQ2/ao2) to -1.400000Amps -2.800V DONE
31/03/2023 15:28:44:	3	count	time	10.000000s/cts	O Det=106	H Det=633	Mon Det=110706	Aux Det=1263	O+H=739	 DONE
31/03/2023 15:28:57:	set AO_DC2Y (PXIDAQ2/ao2) to -1.200000Amps -2.400V DONE
31/03/2023 15:28:58:	4	count	time	10.000000s/cts	O Det=114	H Det=652	Mon Det=109965	Aux Det=1305	O+H=766	 DONE
31/03/2023 15:29:11:	set AO_DC2Y (PXIDAQ2/ao2) to -1.000000Amps -2.000V DONE
31/03/2023 15:29:12:	5	count	time	10.000000s/cts	O Det=130	H Det=611	Mon Det=107994	Aux Det=1300	O+H=741	 DONE
31/03/2023 15:29:25:	set AO_DC2Y (PXIDAQ2/ao2) to -0.800000Amps -1.600V DONE
31/03/2023 15:29:26:	6	count	time	10.000000s/cts	O Det=116	H Det=623	Mon Det=109252	Aux Det=1260	O+H=739	 DONE
31/03/2023 15:29:39:	set AO_DC2Y (PXIDAQ2/ao2) to -0.600000Amps -1.200V DONE
31/03/2023 15:29:40:	7	count	time	10.000000s/cts	O Det=65	H Det=647	Mon Det=108020	Aux Det=1232	O+H=712	 DONE
31/03/2023 15:29:54:	set AO_DC2Y (PXIDAQ2/ao2) to -0.400000Amps -0.800V DONE
31/03/2023 15:29:55:	8	count	time	10.000000s/cts	O Det=39	H Det=616	Mon Det=107797	Aux Det=1311	O+H=655	 DONE
31/03/2023 15:30:08:	set AO_DC2Y (PXIDAQ2/ao2) to -0.200000Amps -0.400V DONE
31/03/2023 15:30:09:	9	count	time	10.000000s/cts	O Det=22	H Det=610	Mon Det=107186	Aux Det=1237	O+H=632	 DONE
31/03/2023 15:30:22:	set AO_DC2Y (PXIDAQ2/ao2) to 0.000000Amps 0.000V DONE
31/03/2023 15:30:23:	10	count	time	10.000000s/cts	O Det=1	H Det=631	Mon Det=111041	Aux Det=1274	O+H=632	 DONE
31/03/2023 15:30:36:	set AO_DC2Y (PXIDAQ2/ao2) to 0.200000Amps 0.400V DONE
31/03/2023 15:30:37:	11	count	time	10.000000s/cts	O Det=8	H Det=673	Mon Det=108983	Aux Det=1280	O+H=681	 DONE
31/03/2023 15:30:50:	set AO_DC2Y (PXIDAQ2/ao2) to 0.400000Amps 0.800V DONE
31/03/2023 15:30:51:	12	count	time	10.000000s/cts	O Det=20	H Det=660	Mon Det=109838	Aux Det=1299	O+H=680	 DONE
31/03/2023 15:31:05:	set AO_DC2Y (PXIDAQ2/ao2) to 0.600000Amps 1.200V DONE
31/03/2023 15:31:06:	13	count	time	10.000000s/cts	O Det=58	H Det=596	Mon Det=108120	Aux Det=1209	O+H=654	 DONE
31/03/2023 15:31:19:	set AO_DC2Y (PXIDAQ2/ao2) to 0.800000Amps 1.600V DONE
31/03/2023 15:31:20:	14	count	time	10.000000s/cts	O Det=106	H Det=590	Mon Det=108942	Aux Det=1314	O+H=696	 DONE
31/03/2023 15:31:33:	set AO_DC2Y (PXIDAQ2/ao2) to 1.000000Amps 2.000V DONE
31/03/2023 15:31:34:	15	count	time	10.000000s/cts	O Det=115	H Det=618	Mon Det=107872	Aux Det=1226	O+H=733	 DONE
31/03/2023 15:31:47:	set AO_DC2Y (PXIDAQ2/ao2) to 1.200000Amps 2.400V DONE
31/03/2023 15:31:48:	16	count	time	10.000000s/cts	O Det=115	H Det=653	Mon Det=108495	Aux Det=1313	O+H=768	 DONE
31/03/2023 15:32:01:	set AO_DC2Y (PXIDAQ2/ao2) to 1.400000Amps 2.800V DONE
31/03/2023 15:32:02:	17	count	time	10.000000s/cts	O Det=108	H Det=676	Mon Det=108952	Aux Det=1288	O+H=784	 DONE
31/03/2023 15:32:16:	set AO_DC2Y (PXIDAQ2/ao2) to 1.600000Amps 3.200V DONE
31/03/2023 15:32:17:	18	count	time	10.000000s/cts	O Det=75	H Det=649	Mon Det=110102	Aux Det=1221	O+H=724	 DONE
31/03/2023 15:32:30:	set AO_DC2Y (PXIDAQ2/ao2) to 1.800000Amps 3.600V DONE
31/03/2023 15:32:31:	19	count	time	10.000000s/cts	O Det=54	H Det=667	Mon Det=107449	Aux Det=1364	O+H=721	 DONE
31/03/2023 15:32:44:	close file and end scan	 DONE
31/03/2023 15:32:45:	move motor	S18.auxiliary.Rocker2 to -1.00000steps	reached -0.99991  DONE
31/03/2023 15:32:49:	create file	D:\data\Cycle 192\exp_3-16-13\rawdata\sc\rocker2_5_31Mar1532.dat	 DONE
room to enter remarks DONE
31/03/2023 15:32:52:	set AO_DC2Y (PXIDAQ2/ao2) to -1.800000Amps -3.600V DONE
31/03/2023 15:32:53:	1	count	time	10.000000s/cts	O Det=46	H Det=649	Mon Det=108089	Aux Det=1258	O+H=695	 DONE
31/03/2023 15:33:06:	set AO_DC2Y (PXIDAQ2/ao2) to -1.600000Amps -3.200V DONE
31/03/2023 15:33:07:	2	count	time	10.000000s/cts	O Det=71	H Det=633	Mon Det=107982	Aux Det=1355	O+H=704	 DONE
31/03/2023 15:33:20:	set AO_DC2Y (PXIDAQ2/ao2) to -1.400000Amps -2.800V DONE
31/03/2023 15:33:21:	3	count	time	10.000000s/cts	O Det=104	H Det=670	Mon Det=109411	Aux Det=1268	O+H=774	 DONE
31/03/2023 15:33:34:	set AO_DC2Y (PXIDAQ2/ao2) to -1.200000Amps -2.400V DONE
31/03/2023 15:33:35:	4	count	time	10.000000s/cts	O Det=133	H Det=629	Mon Det=106589	Aux Det=1238	O+H=762	 DONE
31/03/2023 15:33:48:	set AO_DC2Y (PXIDAQ2/ao2) to -1.000000Amps -2.000V DONE
31/03/2023 15:33:49:	5	count	time	10.000000s/cts	O Det=137	H Det=653	Mon Det=109418	Aux Det=1255	O+H=790	 DONE
31/03/2023 15:34:03:	set AO_DC2Y (PXIDAQ2/ao2) to -0.800000Amps -1.600V DONE
31/03/2023 15:34:04:	6	count	time	10.000000s/cts	O Det=131	H Det=643	Mon Det=108177	Aux Det=1293	O+H=774	 DONE
31/03/2023 15:34:17:	set AO_DC2Y (PXIDAQ2/ao2) to -0.600000Amps -1.200V DONE
31/03/2023 15:34:18:	7	count	time	10.000000s/cts	O Det=90	H Det=661	Mon Det=109001	Aux Det=1338	O+H=751	 DONE
31/03/2023 15:34:31:	set AO_DC2Y (PXIDAQ2/ao2) to -0.400000Amps -0.800V DONE
31/03/2023 15:34:32:	8	count	time	10.000000s/cts	O Det=38	H Det=600	Mon Det=109684	Aux Det=1241	O+H=638	 DONE
31/03/2023 15:34:45:	set AO_DC2Y (PXIDAQ2/ao2) to -0.200000Amps -0.400V DONE
31/03/2023 15:34:46:	9	count	time	10.000000s/cts	O Det=19	H Det=664	Mon Det=110389	Aux Det=1309	O+H=683	 DONE
31/03/2023 15:34:59:	set AO_DC2Y (PXIDAQ2/ao2) to 0.000000Amps 0.000V DONE
31/03/2023 15:35:01:	10	count	time	10.000000s/cts	O Det=2	H Det=644	Mon Det=107897	Aux Det=1296	O+H=646	 DONE
31/03/2023 15:35:14:	set AO_DC2Y (PXIDAQ2/ao2) to 0.200000Amps 0.400V DONE
31/03/2023 15:35:15:	11	count	time	10.000000s/cts	O Det=7	H Det=682	Mon Det=108598	Aux Det=1302	O+H=689	 DONE
31/03/2023 15:35:28:	set AO_DC2Y (PXIDAQ2/ao2) to 0.400000Amps 0.800V DONE
31/03/2023 15:35:29:	12	count	time	10.000000s/cts	O Det=23	H Det=642	Mon Det=108954	Aux Det=1270	O+H=665	 DONE
31/03/2023 15:35:42:	set AO_DC2Y (PXIDAQ2/ao2) to 0.600000Amps 1.200V DONE
31/03/2023 15:35:43:	13	count	time	10.000000s/cts	O Det=75	H Det=668	Mon Det=110098	Aux Det=1208	O+H=743	 DONE
31/03/2023 15:35:56:	set AO_DC2Y (PXIDAQ2/ao2) to 0.800000Amps 1.600V DONE
31/03/2023 15:35:57:	14	count	time	10.000000s/cts	O Det=94	H Det=648	Mon Det=107281	Aux Det=1265	O+H=742	 DONE
31/03/2023 15:36:11:	set AO_DC2Y (PXIDAQ2/ao2) to 1.000000Amps 2.000V DONE
31/03/2023 15:36:12:	15	count	time	10.000000s/cts	O Det=141	H Det=665	Mon Det=107852	Aux Det=1303	O+H=806	 DONE
31/03/2023 15:36:25:	set AO_DC2Y (PXIDAQ2/ao2) to 1.200000Amps 2.400V DONE
31/03/2023 15:36:26:	16	count	time	10.000000s/cts	O Det=146	H Det=638	Mon Det=108067	Aux Det=1233	O+H=784	 DONE
31/03/2023 15:36:39:	set AO_DC2Y (PXIDAQ2/ao2) to 1.400000Amps 2.800V DONE
31/03/2023 15:36:40:	17	count	time	10.000000s/cts	O Det=111	H Det=693	Mon Det=108272	Aux Det=1309	O+H=804	 DONE
31/03/2023 15:36:53:	set AO_DC2Y (PXIDAQ2/ao2) to 1.600000Amps 3.200V DONE
31/03/2023 15:36:54:	18	count	time	10.000000s/cts	O Det=103	H Det=646	Mon Det=108991	Aux Det=1293	O+H=749	 DONE
31/03/2023 15:37:07:	set AO_DC2Y (PXIDAQ2/ao2) to 1.800000Amps 3.600V DONE
31/03/2023 15:37:08:	19	count	time	10.000000s/cts	O Det=62	H Det=663	Mon Det=110459	Aux Det=1272	O+H=725	 DONE
31/03/2023 15:37:22:	close file and end scan	 DONE
31/03/2023 15:37:23:	move motor	S18.auxiliary.Rocker2 to 0.00000mm	reached 0.00009  DONE
31/03/2023 15:37:27:	create file	D:\data\Cycle 192\exp_3-16-13\rawdata\sc\rocker2_6_31Mar1537.dat	 DONE
room to enter remarks DONE
31/03/2023 15:37:29:	set AO_DC2Y (PXIDAQ2/ao2) to -1.800000Amps -3.600V DONE
31/03/2023 15:37:30:	1	count	time	10.000000s/cts	O Det=45	H Det=618	Mon Det=108531	Aux Det=1293	O+H=663	 DONE
31/03/2023 15:37:43:	set AO_DC2Y (PXIDAQ2/ao2) to -1.600000Amps -3.200V DONE
31/03/2023 15:37:44:	2	count	time	10.000000s/cts	O Det=89	H Det=662	Mon Det=107540	Aux Det=1271	O+H=751	 DONE
31/03/2023 15:37:58:	set AO_DC2Y (PXIDAQ2/ao2) to -1.400000Amps -2.800V DONE
31/03/2023 15:37:59:	3	count	time	10.000000s/cts	O Det=110	H Det=701	Mon Det=111512	Aux Det=1280	O+H=811	 DONE
31/03/2023 15:38:12:	set AO_DC2Y (PXIDAQ2/ao2) to -1.200000Amps -2.400V DONE
31/03/2023 15:38:13:	4	count	time	10.000000s/cts	O Det=161	H Det=621	Mon Det=108549	Aux Det=1273	O+H=782	 DONE
31/03/2023 15:38:26:	set AO_DC2Y (PXIDAQ2/ao2) to -1.000000Amps -2.000V DONE
31/03/2023 15:38:27:	5	count	time	10.000000s/cts	O Det=137	H Det=666	Mon Det=110162	Aux Det=1267	O+H=803	 DONE
31/03/2023 15:38:40:	set AO_DC2Y (PXIDAQ2/ao2) to -0.800000Amps -1.600V DONE
31/03/2023 15:38:41:	6	count	time	10.000000s/cts	O Det=99	H Det=639	Mon Det=110798	Aux Det=1299	O+H=738	 DONE
31/03/2023 15:38:54:	set AO_DC2Y (PXIDAQ2/ao2) to -0.600000Amps -1.200V DONE
31/03/2023 15:38:55:	7	count	time	10.000000s/cts	O Det=77	H Det=615	Mon Det=107380	Aux Det=1297	O+H=692	 DONE
31/03/2023 15:39:09:	set AO_DC2Y (PXIDAQ2/ao2) to -0.400000Amps -0.800V DONE
31/03/2023 15:39:10:	8	count	time	10.000000s/cts	O Det=37	H Det=689	Mon Det=111130	Aux Det=1319	O+H=726	 DONE
31/03/2023 15:39:23:	set AO_DC2Y (PXIDAQ2/ao2) to -0.200000Amps -0.400V DONE
31/03/2023 15:39:24:	9	count	time	10.000000s/cts	O Det=12	H Det=666	Mon Det=109855	Aux Det=1217	O+H=678	 DONE
31/03/2023 15:39:37:	set AO_DC2Y (PXIDAQ2/ao2) to 0.000000Amps 0.000V DONE
31/03/2023 15:39:38:	10	count	time	10.000000s/cts	O Det=0	H Det=694	Mon Det=109421	Aux Det=1246	O+H=694	 DONE
31/03/2023 15:39:51:	set AO_DC2Y (PXIDAQ2/ao2) to 0.200000Amps 0.400V DONE
31/03/2023 15:39:52:	11	count	time	10.000000s/cts	O Det=6	H Det=610	Mon Det=109153	Aux Det=1310	O+H=616	 DONE
31/03/2023 15:40:05:	set AO_DC2Y (PXIDAQ2/ao2) to 0.400000Amps 0.800V DONE
31/03/2023 15:40:06:	12	count	time	10.000000s/cts	O Det=42	H Det=638	Mon Det=108008	Aux Det=1280	O+H=680	 DONE
31/03/2023 15:40:20:	set AO_DC2Y (PXIDAQ2/ao2) to 0.600000Amps 1.200V DONE
31/03/2023 15:40:21:	13	count	time	10.000000s/cts	O Det=75	H Det=595	Mon Det=109188	Aux Det=1314	O+H=670	 DONE
31/03/2023 15:40:34:	set AO_DC2Y (PXIDAQ2/ao2) to 0.800000Amps 1.600V DONE
31/03/2023 15:40:35:	14	count	time	10.000000s/cts	O Det=109	H Det=683	Mon Det=107561	Aux Det=1241	O+H=792	 DONE
31/03/2023 15:40:48:	set AO_DC2Y (PXIDAQ2/ao2) to 1.000000Amps 2.000V DONE
31/03/2023 15:40:49:	15	count	time	10.000000s/cts	O Det=153	H Det=666	Mon Det=110365	Aux Det=1250	O+H=819	 DONE
31/03/2023 15:41:02:	set AO_DC2Y (PXIDAQ2/ao2) to 1.200000Amps 2.400V DONE
31/03/2023 15:41:03:	16	count	time	10.000000s/cts	O Det=135	H Det=669	Mon Det=108896	Aux Det=1284	O+H=804	 DONE
31/03/2023 15:41:16:	set AO_DC2Y (PXIDAQ2/ao2) to 1.400000Amps 2.800V DONE
31/03/2023 15:41:17:	17	count	time	10.000000s/cts	O Det=118	H Det=613	Mon Det=109118	Aux Det=1284	O+H=731	 DONE
31/03/2023 15:41:31:	set AO_DC2Y (PXIDAQ2/ao2) to 1.600000Amps 3.200V DONE
31/03/2023 15:41:32:	18	count	time	10.000000s/cts	O Det=74	H Det=659	Mon Det=109958	Aux Det=1331	O+H=733	 DONE
31/03/2023 15:41:45:	set AO_DC2Y (PXIDAQ2/ao2) to 1.800000Amps 3.600V DONE
31/03/2023 15:41:46:	19	count	time	10.000000s/cts	O Det=53	H Det=641	Mon Det=108197	Aux Det=1308	O+H=694	 DONE
31/03/2023 15:41:59:	close file and end scan	 DONE
31/03/2023 15:42:00:	move motor	S18.auxiliary.Rocker2 to 1.00000mm	reached 1.00023  DONE
31/03/2023 15:42:04:	create file	D:\data\Cycle 192\exp_3-16-13\rawdata\sc\rocker2_7_31Mar1542.dat	 DONE
room to enter remarks DONE
31/03/2023 15:42:06:	set AO_DC2Y (PXIDAQ2/ao2) to -1.800000Amps -3.600V DONE
31/03/2023 15:42:07:	1	count	time	10.000000s/cts	O Det=54	H Det=651	Mon Det=97426	Aux Det=1308	O+H=705	 DONE
31/03/2023 15:42:20:	set AO_DC2Y (PXIDAQ2/ao2) to -1.600000Amps -3.200V DONE
31/03/2023 15:42:21:	2	count	time	10.000000s/cts	O Det=85	H Det=707	Mon Det=99039	Aux Det=1267	O+H=792	 DONE
31/03/2023 15:42:35:	set AO_DC2Y (PXIDAQ2/ao2) to -1.400000Amps -2.800V DONE
31/03/2023 15:42:36:	3	count	time	10.000000s/cts	O Det=131	H Det=638	Mon Det=98230	Aux Det=1272	O+H=769	 DONE
31/03/2023 15:42:49:	set AO_DC2Y (PXIDAQ2/ao2) to -1.200000Amps -2.400V DONE
31/03/2023 15:42:50:	4	count	time	10.000000s/cts	O Det=133	H Det=639	Mon Det=98700	Aux Det=1249	O+H=772	 DONE
31/03/2023 15:43:03:	set AO_DC2Y (PXIDAQ2/ao2) to -1.000000Amps -2.000V DONE
31/03/2023 15:43:04:	5	count	time	10.000000s/cts	O Det=107	H Det=710	Mon Det=98441	Aux Det=1299	O+H=817	 DONE
31/03/2023 15:43:17:	set AO_DC2Y (PXIDAQ2/ao2) to -0.800000Amps -1.600V DONE
31/03/2023 15:43:18:	6	count	time	10.000000s/cts	O Det=130	H Det=653	Mon Det=99096	Aux Det=1253	O+H=783	 DONE
31/03/2023 15:43:31:	set AO_DC2Y (PXIDAQ2/ao2) to -0.600000Amps -1.200V DONE
31/03/2023 15:43:32:	7	count	time	10.000000s/cts	O Det=79	H Det=677	Mon Det=98816	Aux Det=1336	O+H=756	 DONE
31/03/2023 15:43:46:	set AO_DC2Y (PXIDAQ2/ao2) to -0.400000Amps -0.800V DONE
31/03/2023 15:43:47:	8	count	time	10.000000s/cts	O Det=38	H Det=684	Mon Det=99933	Aux Det=1262	O+H=722	 DONE
31/03/2023 15:44:00:	set AO_DC2Y (PXIDAQ2/ao2) to -0.200000Amps -0.400V DONE
31/03/2023 15:44:01:	9	count	time	10.000000s/cts	O Det=13	H Det=690	Mon Det=98507	Aux Det=1311	O+H=703	 DONE
31/03/2023 15:44:14:	set AO_DC2Y (PXIDAQ2/ao2) to 0.000000Amps 0.000V DONE
31/03/2023 15:44:15:	10	count	time	10.000000s/cts	O Det=5	H Det=672	Mon Det=99622	Aux Det=1307	O+H=677	 DONE
31/03/2023 15:44:28:	set AO_DC2Y (PXIDAQ2/ao2) to 0.200000Amps 0.400V DONE
31/03/2023 15:44:29:	11	count	time	10.000000s/cts	O Det=15	H Det=633	Mon Det=101533	Aux Det=1258	O+H=648	 DONE
31/03/2023 15:44:42:	set AO_DC2Y (PXIDAQ2/ao2) to 0.400000Amps 0.800V DONE
31/03/2023 15:44:43:	12	count	time	10.000000s/cts	O Det=30	H Det=696	Mon Det=100092	Aux Det=1264	O+H=726	 DONE
31/03/2023 15:44:57:	set AO_DC2Y (PXIDAQ2/ao2) to 0.600000Amps 1.200V DONE
31/03/2023 15:44:58:	13	count	time	10.000000s/cts	O Det=78	H Det=666	Mon Det=100144	Aux Det=1348	O+H=744	 DONE
31/03/2023 15:45:11:	set AO_DC2Y (PXIDAQ2/ao2) to 0.800000Amps 1.600V DONE
31/03/2023 15:45:12:	14	count	time	10.000000s/cts	O Det=122	H Det=681	Mon Det=103283	Aux Det=1325	O+H=803	 DONE
31/03/2023 15:45:25:	set AO_DC2Y (PXIDAQ2/ao2) to 1.000000Amps 2.000V DONE
31/03/2023 15:45:26:	15	count	time	10.000000s/cts	O Det=128	H Det=651	Mon Det=103533	Aux Det=1299	O+H=779	 DONE
31/03/2023 15:45:39:	set AO_DC2Y (PXIDAQ2/ao2) to 1.200000Amps 2.400V DONE
31/03/2023 15:45:40:	16	count	time	10.000000s/cts	O Det=134	H Det=679	Mon Det=108060	Aux Det=1316	O+H=813	 DONE
31/03/2023 15:45:53:	set AO_DC2Y (PXIDAQ2/ao2) to 1.400000Amps 2.800V DONE
31/03/2023 15:45:54:	17	count	time	10.000000s/cts	O Det=120	H Det=661	Mon Det=101552	Aux Det=1263	O+H=781	 DONE
31/03/2023 15:46:08:	set AO_DC2Y (PXIDAQ2/ao2) to 1.600000Amps 3.200V DONE
31/03/2023 15:46:09:	18	count	time	10.000000s/cts	O Det=97	H Det=665	Mon Det=103298	Aux Det=1302	O+H=762	 DONE
31/03/2023 15:46:22:	set AO_DC2Y (PXIDAQ2/ao2) to 1.800000Amps 3.600V DONE
31/03/2023 15:46:23:	19	count	time	10.000000s/cts	O Det=49	H Det=661	Mon Det=104327	Aux Det=1326	O+H=710	 DONE
31/03/2023 15:46:36:	close file and end scan	 DONE
31/03/2023 15:46:37:	move motor	S18.auxiliary.Rocker2 to 2.00000mm	reached 2.00017  DONE
31/03/2023 15:46:41:	create file	D:\data\Cycle 192\exp_3-16-13\rawdata\sc\rocker2_8_31Mar1546.dat	 DONE
room to enter remarks DONE
31/03/2023 15:46:43:	set AO_DC2Y (PXIDAQ2/ao2) to -1.800000Amps -3.600V DONE
31/03/2023 15:46:44:	1	count	time	10.000000s/cts	O Det=65	H Det=677	Mon Det=102950	Aux Det=1245	O+H=742	 DONE
31/03/2023 15:46:57:	set AO_DC2Y (PXIDAQ2/ao2) to -1.600000Amps -3.200V DONE
31/03/2023 15:46:58:	2	count	time	10.000000s/cts	O Det=107	H Det=657	Mon Det=104169	Aux Det=1321	O+H=764	 DONE
31/03/2023 15:47:12:	set AO_DC2Y (PXIDAQ2/ao2) to -1.400000Amps -2.800V DONE
31/03/2023 15:47:13:	3	count	time	10.000000s/cts	O Det=122	H Det=649	Mon Det=102861	Aux Det=1316	O+H=771	 DONE
31/03/2023 15:47:26:	set AO_DC2Y (PXIDAQ2/ao2) to -1.200000Amps -2.400V DONE
31/03/2023 15:47:27:	4	count	time	10.000000s/cts	O Det=136	H Det=650	Mon Det=103427	Aux Det=1286	O+H=786	 DONE
31/03/2023 15:47:40:	set AO_DC2Y (PXIDAQ2/ao2) to -1.000000Amps -2.000V DONE
31/03/2023 15:47:41:	5	count	time	10.000000s/cts	O Det=133	H Det=682	Mon Det=107114	Aux Det=1263	O+H=815	 DONE
31/03/2023 15:47:54:	set AO_DC2Y (PXIDAQ2/ao2) to -0.800000Amps -1.600V DONE
31/03/2023 15:47:55:	6	count	time	10.000000s/cts	O Det=109	H Det=673	Mon Det=100425	Aux Det=1316	O+H=782	 DONE
31/03/2023 15:48:08:	set AO_DC2Y (PXIDAQ2/ao2) to -0.600000Amps -1.200V DONE
31/03/2023 15:48:09:	7	count	time	10.000000s/cts	O Det=52	H Det=665	Mon Det=100455	Aux Det=1329	O+H=717	 DONE
31/03/2023 15:48:23:	set AO_DC2Y (PXIDAQ2/ao2) to -0.400000Amps -0.800V DONE
31/03/2023 15:48:24:	8	count	time	10.000000s/cts	O Det=34	H Det=666	Mon Det=97799	Aux Det=1241	O+H=700	 DONE
31/03/2023 15:48:37:	set AO_DC2Y (PXIDAQ2/ao2) to -0.200000Amps -0.400V DONE
31/03/2023 15:48:38:	9	count	time	10.000000s/cts	O Det=10	H Det=681	Mon Det=99746	Aux Det=1327	O+H=691	 DONE
31/03/2023 15:48:51:	set AO_DC2Y (PXIDAQ2/ao2) to 0.000000Amps 0.000V DONE
31/03/2023 15:48:52:	10	count	time	10.000000s/cts	O Det=6	H Det=676	Mon Det=100740	Aux Det=1254	O+H=682	 DONE
31/03/2023 15:49:05:	set AO_DC2Y (PXIDAQ2/ao2) to 0.200000Amps 0.400V DONE
31/03/2023 15:49:06:	11	count	time	10.000000s/cts	O Det=15	H Det=648	Mon Det=101068	Aux Det=1263	O+H=663	 DONE
31/03/2023 15:49:19:	set AO_DC2Y (PXIDAQ2/ao2) to 0.400000Amps 0.800V DONE
31/03/2023 15:49:20:	12	count	time	10.000000s/cts	O Det=50	H Det=643	Mon Det=95730	Aux Det=1240	O+H=693	 DONE
31/03/2023 15:49:34:	set AO_DC2Y (PXIDAQ2/ao2) to 0.600000Amps 1.200V DONE
31/03/2023 15:49:35:	13	count	time	10.000000s/cts	O Det=84	H Det=671	Mon Det=100406	Aux Det=1249	O+H=755	 DONE
31/03/2023 15:49:48:	set AO_DC2Y (PXIDAQ2/ao2) to 0.800000Amps 1.600V DONE
31/03/2023 15:49:49:	14	count	time	10.000000s/cts	O Det=104	H Det=719	Mon Det=91273	Aux Det=1269	O+H=823	 DONE
31/03/2023 15:50:02:	set AO_DC2Y (PXIDAQ2/ao2) to 1.000000Amps 2.000V DONE
31/03/2023 15:50:03:	15	count	time	10.000000s/cts	O Det=132	H Det=700	Mon Det=98061	Aux Det=1307	O+H=832	 DONE
31/03/2023 15:50:16:	set AO_DC2Y (PXIDAQ2/ao2) to 1.200000Amps 2.400V DONE
31/03/2023 15:50:17:	16	count	time	10.000000s/cts	O Det=156	H Det=665	Mon Det=98038	Aux Det=1240	O+H=821	 DONE
31/03/2023 15:50:30:	set AO_DC2Y (PXIDAQ2/ao2) to 1.400000Amps 2.800V DONE
31/03/2023 15:50:31:	17	count	time	10.000000s/cts	O Det=121	H Det=696	Mon Det=98266	Aux Det=1302	O+H=817	 DONE
31/03/2023 15:50:45:	set AO_DC2Y (PXIDAQ2/ao2) to 1.600000Amps 3.200V DONE
31/03/2023 15:50:46:	18	count	time	10.000000s/cts	O Det=81	H Det=642	Mon Det=97425	Aux Det=1292	O+H=723	 DONE
31/03/2023 15:50:59:	set AO_DC2Y (PXIDAQ2/ao2) to 1.800000Amps 3.600V DONE
31/03/2023 15:51:00:	19	count	time	10.000000s/cts	O Det=44	H Det=741	Mon Det=99465	Aux Det=1285	O+H=785	 DONE
31/03/2023 15:51:13:	close file and end scan	 DONE
31/03/2023 15:51:14:	move motor	S18.auxiliary.Rocker2 to 3.00000mm	reached 3.00015  DONE
31/03/2023 15:51:18:	create file	D:\data\Cycle 192\exp_3-16-13\rawdata\sc\rocker2_9_31Mar1551.dat	 DONE
room to enter remarks DONE
31/03/2023 15:51:20:	set AO_DC2Y (PXIDAQ2/ao2) to -1.800000Amps -3.600V DONE
31/03/2023 15:51:21:	1	count	time	10.000000s/cts	O Det=63	H Det=664	Mon Det=99504	Aux Det=1264	O+H=727	 DONE
31/03/2023 15:51:34:	set AO_DC2Y (PXIDAQ2/ao2) to -1.600000Amps -3.200V DONE
31/03/2023 15:51:35:	2	count	time	10.000000s/cts	O Det=84	H Det=687	Mon Det=105616	Aux Det=1318	O+H=771	 DONE
31/03/2023 15:51:49:	set AO_DC2Y (PXIDAQ2/ao2) to -1.400000Amps -2.800V DONE
31/03/2023 15:51:50:	3	count	time	10.000000s/cts	O Det=121	H Det=701	Mon Det=114238	Aux Det=1322	O+H=822	 DONE
31/03/2023 15:52:03:	set AO_DC2Y (PXIDAQ2/ao2) to -1.200000Amps -2.400V DONE
31/03/2023 15:52:04:	4	count	time	10.000000s/cts	O Det=137	H Det=669	Mon Det=112965	Aux Det=1234	O+H=806	 DONE
31/03/2023 15:52:17:	set AO_DC2Y (PXIDAQ2/ao2) to -1.000000Amps -2.000V DONE
31/03/2023 15:52:18:	5	count	time	10.000000s/cts	O Det=135	H Det=701	Mon Det=115028	Aux Det=1340	O+H=836	 DONE
31/03/2023 15:52:31:	set AO_DC2Y (PXIDAQ2/ao2) to -0.800000Amps -1.600V DONE
31/03/2023 15:52:32:	6	count	time	10.000000s/cts	O Det=85	H Det=620	Mon Det=98890	Aux Det=1271	O+H=705	 DONE
31/03/2023 15:52:45:	set AO_DC2Y (PXIDAQ2/ao2) to -0.600000Amps -1.200V DONE
31/03/2023 15:52:46:	7	count	time	10.000000s/cts	O Det=57	H Det=695	Mon Det=101506	Aux Det=1218	O+H=752	 DONE
31/03/2023 15:53:00:	set AO_DC2Y (PXIDAQ2/ao2) to -0.400000Amps -0.800V DONE
31/03/2023 15:53:01:	8	count	time	10.000000s/cts	O Det=32	H Det=684	Mon Det=89083	Aux Det=1232	O+H=716	 DONE
31/03/2023 15:53:14:	set AO_DC2Y (PXIDAQ2/ao2) to -0.200000Amps -0.400V DONE
31/03/2023 15:53:15:	9	count	time	10.000000s/cts	O Det=4	H Det=696	Mon Det=91406	Aux Det=1242	O+H=700	 DONE
31/03/2023 15:53:28:	set AO_DC2Y (PXIDAQ2/ao2) to 0.000000Amps 0.000V DONE
31/03/2023 15:53:29:	10	count	time	10.000000s/cts	O Det=3	H Det=689	Mon Det=91197	Aux Det=1266	O+H=692	 DONE
31/03/2023 15:53:42:	set AO_DC2Y (PXIDAQ2/ao2) to 0.200000Amps 0.400V DONE
31/03/2023 15:53:43:	11	count	time	10.000000s/cts	O Det=18	H Det=708	Mon Det=92641	Aux Det=1282	O+H=726	 DONE
31/03/2023 15:53:56:	set AO_DC2Y (PXIDAQ2/ao2) to 0.400000Amps 0.800V DONE
31/03/2023 15:53:57:	12	count	time	10.000000s/cts	O Det=54	H Det=672	Mon Det=90674	Aux Det=1319	O+H=726	 DONE
31/03/2023 15:54:11:	set AO_DC2Y (PXIDAQ2/ao2) to 0.600000Amps 1.200V DONE
31/03/2023 15:54:12:	13	count	time	10.000000s/cts	O Det=79	H Det=709	Mon Det=90188	Aux Det=1351	O+H=788	 DONE
31/03/2023 15:54:25:	set AO_DC2Y (PXIDAQ2/ao2) to 0.800000Amps 1.600V DONE
31/03/2023 15:54:26:	14	count	time	10.000000s/cts	O Det=134	H Det=717	Mon Det=90971	Aux Det=1313	O+H=851	 DONE
31/03/2023 15:54:39:	set AO_DC2Y (PXIDAQ2/ao2) to 1.000000Amps 2.000V DONE
31/03/2023 15:54:40:	15	count	time	10.000000s/cts	O Det=135	H Det=701	Mon Det=91634	Aux Det=1231	O+H=836	 DONE
31/03/2023 15:54:53:	set AO_DC2Y (PXIDAQ2/ao2) to 1.200000Amps 2.400V DONE
31/03/2023 15:54:54:	16	count	time	10.000000s/cts	O Det=131	H Det=679	Mon Det=90107	Aux Det=1289	O+H=810	 DONE
31/03/2023 15:55:07:	set AO_DC2Y (PXIDAQ2/ao2) to 1.400000Amps 2.800V DONE
31/03/2023 15:55:08:	17	count	time	10.000000s/cts	O Det=118	H Det=722	Mon Det=110346	Aux Det=1315	O+H=840	 DONE
31/03/2023 15:55:22:	set AO_DC2Y (PXIDAQ2/ao2) to 1.600000Amps 3.200V DONE
31/03/2023 15:55:23:	18	count	time	10.000000s/cts	O Det=95	H Det=691	Mon Det=102566	Aux Det=1294	O+H=786	 DONE
31/03/2023 15:55:36:	set AO_DC2Y (PXIDAQ2/ao2) to 1.800000Amps 3.600V DONE
31/03/2023 15:55:37:	19	count	time	10.000000s/cts	O Det=55	H Det=699	Mon Det=101367	Aux Det=1334	O+H=754	 DONE
31/03/2023 15:55:50:	close file and end scan	 DONE
31/03/2023 15:55:51:	move motor	S18.auxiliary.Rocker2 to 4.00000mm	reached 4.00009  DONE
31/03/2023 15:55:55:	create file	D:\data\Cycle 192\exp_3-16-13\rawdata\sc\rocker2_10_31Mar1555.dat	 DONE
room to enter remarks DONE
31/03/2023 15:55:57:	set AO_DC2Y (PXIDAQ2/ao2) to -1.800000Amps -3.600V DONE
31/03/2023 15:55:58:	1	count	time	10.000000s/cts	O Det=61	H Det=708	Mon Det=97986	Aux Det=1322	O+H=769	 DONE
31/03/2023 15:56:11:	set AO_DC2Y (PXIDAQ2/ao2) to -1.600000Amps -3.200V DONE
31/03/2023 15:56:12:	2	count	time	10.000000s/cts	O Det=117	H Det=717	Mon Det=104137	Aux Det=1342	O+H=834	 DONE
31/03/2023 15:56:25:	set AO_DC2Y (PXIDAQ2/ao2) to -1.400000Amps -2.800V DONE
31/03/2023 15:56:26:	3	count	time	10.000000s/cts	O Det=125	H Det=669	Mon Det=105886	Aux Det=1250	O+H=794	 DONE
31/03/2023 15:56:40:	set AO_DC2Y (PXIDAQ2/ao2) to -1.200000Amps -2.400V DONE
31/03/2023 15:56:41:	4	count	time	10.000000s/cts	O Det=141	H Det=664	Mon Det=110664	Aux Det=1253	O+H=805	 DONE
31/03/2023 15:56:54:	set AO_DC2Y (PXIDAQ2/ao2) to -1.000000Amps -2.000V DONE
31/03/2023 15:56:55:	5	count	time	10.000000s/cts	O Det=116	H Det=663	Mon Det=110079	Aux Det=1311	O+H=779	 DONE
31/03/2023 15:57:08:	set AO_DC2Y (PXIDAQ2/ao2) to -0.800000Amps -1.600V DONE
31/03/2023 15:57:09:	6	count	time	10.000000s/cts	O Det=107	H Det=697	Mon Det=104305	Aux Det=1251	O+H=804	 DONE
31/03/2023 15:57:22:	set AO_DC2Y (PXIDAQ2/ao2) to -0.600000Amps -1.200V DONE
31/03/2023 15:57:23:	7	count	time	10.000000s/cts	O Det=50	H Det=670	Mon Det=103614	Aux Det=1309	O+H=720	 DONE
31/03/2023 15:57:36:	set AO_DC2Y (PXIDAQ2/ao2) to -0.400000Amps -0.800V DONE
31/03/2023 15:57:37:	8	count	time	10.000000s/cts	O Det=28	H Det=739	Mon Det=94172	Aux Det=1263	O+H=767	 DONE
31/03/2023 15:57:51:	set AO_DC2Y (PXIDAQ2/ao2) to -0.200000Amps -0.400V DONE
31/03/2023 15:57:52:	9	count	time	10.000000s/cts	O Det=2	H Det=668	Mon Det=97715	Aux Det=1308	O+H=670	 DONE
31/03/2023 15:58:05:	set AO_DC2Y (PXIDAQ2/ao2) to 0.000000Amps 0.000V DONE
31/03/2023 15:58:06:	10	count	time	10.000000s/cts	O Det=7	H Det=711	Mon Det=97436	Aux Det=1281	O+H=718	 DONE
31/03/2023 15:58:19:	set AO_DC2Y (PXIDAQ2/ao2) to 0.200000Amps 0.400V DONE
31/03/2023 15:58:20:	11	count	time	10.000000s/cts	O Det=23	H Det=699	Mon Det=98512	Aux Det=1259	O+H=722	 DONE
31/03/2023 15:58:33:	set AO_DC2Y (PXIDAQ2/ao2) to 0.400000Amps 0.800V DONE
31/03/2023 15:58:34:	12	count	time	10.000000s/cts	O Det=58	H Det=661	Mon Det=98059	Aux Det=1295	O+H=719	 DONE
31/03/2023 15:58:47:	set AO_DC2Y (PXIDAQ2/ao2) to 0.600000Amps 1.200V DONE
31/03/2023 15:58:48:	13	count	time	10.000000s/cts	O Det=108	H Det=700	Mon Det=103384	Aux Det=1275	O+H=808	 DONE
31/03/2023 15:59:02:	set AO_DC2Y (PXIDAQ2/ao2) to 0.800000Amps 1.600V DONE
31/03/2023 15:59:03:	14	count	time	10.000000s/cts	O Det=123	H Det=699	Mon Det=129279	Aux Det=1309	O+H=822	 DONE
31/03/2023 15:59:16:	set AO_DC2Y (PXIDAQ2/ao2) to 1.000000Amps 2.000V DONE
31/03/2023 15:59:17:	15	count	time	10.000000s/cts	O Det=144	H Det=647	Mon Det=127762	Aux Det=1314	O+H=791	 DONE
31/03/2023 15:59:30:	set AO_DC2Y (PXIDAQ2/ao2) to 1.200000Amps 2.400V DONE
31/03/2023 15:59:31:	16	count	time	10.000000s/cts	O Det=156	H Det=649	Mon Det=129487	Aux Det=1318	O+H=805	 DONE
31/03/2023 15:59:44:	set AO_DC2Y (PXIDAQ2/ao2) to 1.400000Amps 2.800V DONE
31/03/2023 15:59:45:	17	count	time	10.000000s/cts	O Det=125	H Det=692	Mon Det=99225	Aux Det=1299	O+H=817	 DONE
31/03/2023 15:59:58:	set AO_DC2Y (PXIDAQ2/ao2) to 1.600000Amps 3.200V DONE
31/03/2023 15:59:59:	18	count	time	10.000000s/cts	O Det=89	H Det=685	Mon Det=99178	Aux Det=1259	O+H=774	 DONE
31/03/2023 16:00:13:	set AO_DC2Y (PXIDAQ2/ao2) to 1.800000Amps 3.600V DONE
31/03/2023 16:00:14:	19	count	time	10.000000s/cts	O Det=48	H Det=709	Mon Det=101995	Aux Det=1260	O+H=757	 DONE
31/03/2023 16:00:27:	close file and end scan	 DONE
31/03/2023 16:00:28:	move motor	S18.auxiliary.Rocker2 to 5.00000mm	reached 5.00009  DONE
31/03/2023 16:00:32:	create file	D:\data\Cycle 192\exp_3-16-13\rawdata\sc\rocker2_11_31Mar1600.dat	 DONE
room to enter remarks DONE
31/03/2023 16:00:34:	set AO_DC2Y (PXIDAQ2/ao2) to -1.800000Amps -3.600V DONE
31/03/2023 16:00:35:	1	count	time	10.000000s/cts	O Det=68	H Det=663	Mon Det=100611	Aux Det=1273	O+H=731	 DONE
31/03/2023 16:00:48:	set AO_DC2Y (PXIDAQ2/ao2) to -1.600000Amps -3.200V DONE
31/03/2023 16:00:49:	2	count	time	10.000000s/cts	O Det=100	H Det=707	Mon Det=101269	Aux Det=1194	O+H=807	 DONE
31/03/2023 16:01:02:	set AO_DC2Y (PXIDAQ2/ao2) to -1.400000Amps -2.800V DONE
31/03/2023 16:01:03:	3	count	time	10.000000s/cts	O Det=121	H Det=689	Mon Det=101416	Aux Det=1267	O+H=810	 DONE
31/03/2023 16:01:16:	set AO_DC2Y (PXIDAQ2/ao2) to -1.200000Amps -2.400V DONE
31/03/2023 16:01:17:	4	count	time	10.000000s/cts	O Det=120	H Det=710	Mon Det=100172	Aux Det=1305	O+H=830	 DONE
31/03/2023 16:01:31:	set AO_DC2Y (PXIDAQ2/ao2) to -1.000000Amps -2.000V DONE
31/03/2023 16:01:32:	5	count	time	10.000000s/cts	O Det=108	H Det=693	Mon Det=96337	Aux Det=1289	O+H=801	 DONE
31/03/2023 16:01:45:	set AO_DC2Y (PXIDAQ2/ao2) to -0.800000Amps -1.600V DONE
31/03/2023 16:01:46:	6	count	time	10.000000s/cts	O Det=92	H Det=737	Mon Det=100568	Aux Det=1256	O+H=829	 DONE
31/03/2023 16:01:59:	set AO_DC2Y (PXIDAQ2/ao2) to -0.600000Amps -1.200V DONE
31/03/2023 16:02:00:	7	count	time	10.000000s/cts	O Det=47	H Det=699	Mon Det=100982	Aux Det=1314	O+H=746	 DONE
31/03/2023 16:02:13:	set AO_DC2Y (PXIDAQ2/ao2) to -0.400000Amps -0.800V DONE
31/03/2023 16:02:14:	8	count	time	10.000000s/cts	O Det=22	H Det=698	Mon Det=100348	Aux Det=1332	O+H=720	 DONE
31/03/2023 16:02:27:	set AO_DC2Y (PXIDAQ2/ao2) to -0.200000Amps -0.400V DONE
31/03/2023 16:02:28:	9	count	time	10.000000s/cts	O Det=3	H Det=718	Mon Det=98536	Aux Det=1261	O+H=721	 DONE
31/03/2023 16:02:42:	set AO_DC2Y (PXIDAQ2/ao2) to 0.000000Amps 0.000V DONE
31/03/2023 16:02:43:	10	count	time	10.000000s/cts	O Det=5	H Det=684	Mon Det=97242	Aux Det=1280	O+H=689	 DONE
31/03/2023 16:02:56:	set AO_DC2Y (PXIDAQ2/ao2) to 0.200000Amps 0.400V DONE
31/03/2023 16:02:57:	11	count	time	10.000000s/cts	O Det=25	H Det=718	Mon Det=88517	Aux Det=1279	O+H=743	 DONE
31/03/2023 16:03:10:	set AO_DC2Y (PXIDAQ2/ao2) to 0.400000Amps 0.800V DONE
31/03/2023 16:03:11:	12	count	time	10.000000s/cts	O Det=60	H Det=712	Mon Det=84025	Aux Det=1307	O+H=772	 DONE
31/03/2023 16:03:24:	set AO_DC2Y (PXIDAQ2/ao2) to 0.600000Amps 1.200V DONE
31/03/2023 16:03:25:	13	count	time	10.000000s/cts	O Det=86	H Det=684	Mon Det=83498	Aux Det=1251	O+H=770	 DONE
31/03/2023 16:03:38:	set AO_DC2Y (PXIDAQ2/ao2) to 0.800000Amps 1.600V DONE
31/03/2023 16:03:39:	14	count	time	10.000000s/cts	O Det=118	H Det=704	Mon Det=82646	Aux Det=1269	O+H=822	 DONE
31/03/2023 16:03:53:	set AO_DC2Y (PXIDAQ2/ao2) to 1.000000Amps 2.000V DONE
31/03/2023 16:03:54:	15	count	time	10.000000s/cts	O Det=145	H Det=683	Mon Det=94573	Aux Det=1315	O+H=828	 DONE
31/03/2023 16:04:07:	set AO_DC2Y (PXIDAQ2/ao2) to 1.200000Amps 2.400V DONE
31/03/2023 16:04:08:	16	count	time	10.000000s/cts	O Det=138	H Det=709	Mon Det=100715	Aux Det=1242	O+H=847	 DONE
31/03/2023 16:04:21:	set AO_DC2Y (PXIDAQ2/ao2) to 1.400000Amps 2.800V DONE
31/03/2023 16:04:22:	17	count	time	10.000000s/cts	O Det=121	H Det=745	Mon Det=121569	Aux Det=1285	O+H=866	 DONE
31/03/2023 16:04:35:	set AO_DC2Y (PXIDAQ2/ao2) to 1.600000Amps 3.200V DONE
31/03/2023 16:04:36:	18	count	time	10.000000s/cts	O Det=86	H Det=732	Mon Det=120356	Aux Det=1267	O+H=818	 DONE
31/03/2023 16:04:50:	set AO_DC2Y (PXIDAQ2/ao2) to 1.800000Amps 3.600V DONE
31/03/2023 16:04:51:	19	count	time	10.000000s/cts	O Det=61	H Det=704	Mon Det=119497	Aux Det=1349	O+H=765	 DONE
31/03/2023 16:05:04:	close file and end scan	 DONE
31/03/2023 16:05:05:	move motor	S18.auxiliary.Rocker2 to 6.00000mm	reached 6.00009  DONE
31/03/2023 16:05:09:	create file	D:\data\Cycle 192\exp_3-16-13\rawdata\sc\rocker2_12_31Mar1605.dat	 DONE
room to enter remarks DONE
31/03/2023 16:05:11:	set AO_DC2Y (PXIDAQ2/ao2) to -1.800000Amps -3.600V DONE
31/03/2023 16:05:12:	1	count	time	10.000000s/cts	O Det=90	H Det=731	Mon Det=100718	Aux Det=1292	O+H=821	 DONE
31/03/2023 16:05:25:	set AO_DC2Y (PXIDAQ2/ao2) to -1.600000Amps -3.200V DONE
31/03/2023 16:05:26:	2	count	time	10.000000s/cts	O Det=131	H Det=763	Mon Det=91574	Aux Det=1338	O+H=894	 DONE
31/03/2023 16:05:39:	set AO_DC2Y (PXIDAQ2/ao2) to -1.400000Amps -2.800V DONE
31/03/2023 16:05:40:	3	count	time	10.000000s/cts	O Det=119	H Det=724	Mon Det=97169	Aux Det=1273	O+H=843	 DONE
31/03/2023 16:05:53:	set AO_DC2Y (PXIDAQ2/ao2) to -1.200000Amps -2.400V DONE
31/03/2023 16:05:54:	4	count	time	10.000000s/cts	O Det=136	H Det=714	Mon Det=99650	Aux Det=1305	O+H=850	 DONE
31/03/2023 16:06:08:	set AO_DC2Y (PXIDAQ2/ao2) to -1.000000Amps -2.000V DONE
31/03/2023 16:06:09:	5	count	time	10.000000s/cts	O Det=99	H Det=755	Mon Det=100021	Aux Det=1326	O+H=854	 DONE
31/03/2023 16:06:22:	set AO_DC2Y (PXIDAQ2/ao2) to -0.800000Amps -1.600V DONE
31/03/2023 16:06:23:	6	count	time	10.000000s/cts	O Det=91	H Det=691	Mon Det=98912	Aux Det=1298	O+H=782	 DONE
31/03/2023 16:06:36:	set AO_DC2Y (PXIDAQ2/ao2) to -0.600000Amps -1.200V DONE
31/03/2023 16:06:37:	7	count	time	10.000000s/cts	O Det=45	H Det=746	Mon Det=102037	Aux Det=1297	O+H=791	 DONE
31/03/2023 16:06:50:	set AO_DC2Y (PXIDAQ2/ao2) to -0.400000Amps -0.800V DONE
31/03/2023 16:06:51:	8	count	time	10.000000s/cts	O Det=21	H Det=743	Mon Det=100887	Aux Det=1300	O+H=764	 DONE
31/03/2023 16:07:04:	set AO_DC2Y (PXIDAQ2/ao2) to -0.200000Amps -0.400V DONE
31/03/2023 16:07:05:	9	count	time	10.000000s/cts	O Det=3	H Det=701	Mon Det=100640	Aux Det=1252	O+H=704	 DONE
31/03/2023 16:07:19:	set AO_DC2Y (PXIDAQ2/ao2) to 0.000000Amps 0.000V DONE
31/03/2023 16:07:20:	10	count	time	10.000000s/cts	O Det=5	H Det=706	Mon Det=98171	Aux Det=1324	O+H=711	 DONE
31/03/2023 16:07:33:	set AO_DC2Y (PXIDAQ2/ao2) to 0.200000Amps 0.400V DONE
31/03/2023 16:07:34:	11	count	time	10.000000s/cts	O Det=37	H Det=710	Mon Det=96195	Aux Det=1263	O+H=747	 DONE
31/03/2023 16:07:47:	set AO_DC2Y (PXIDAQ2/ao2) to 0.400000Amps 0.800V DONE
31/03/2023 16:07:48:	12	count	time	10.000000s/cts	O Det=63	H Det=766	Mon Det=100196	Aux Det=1267	O+H=829	 DONE
31/03/2023 16:08:01:	set AO_DC2Y (PXIDAQ2/ao2) to 0.600000Amps 1.200V DONE
31/03/2023 16:08:02:	13	count	time	10.000000s/cts	O Det=108	H Det=710	Mon Det=102514	Aux Det=1340	O+H=818	 DONE
31/03/2023 16:08:15:	set AO_DC2Y (PXIDAQ2/ao2) to 0.800000Amps 1.600V DONE
31/03/2023 16:08:16:	14	count	time	10.000000s/cts	O Det=144	H Det=697	Mon Det=112721	Aux Det=1271	O+H=841	 DONE
31/03/2023 16:08:30:	set AO_DC2Y (PXIDAQ2/ao2) to 1.000000Amps 2.000V DONE
31/03/2023 16:08:31:	15	count	time	10.000000s/cts	O Det=146	H Det=731	Mon Det=111569	Aux Det=1347	O+H=877	 DONE
31/03/2023 16:08:44:	set AO_DC2Y (PXIDAQ2/ao2) to 1.200000Amps 2.400V DONE
31/03/2023 16:08:45:	16	count	time	10.000000s/cts	O Det=145	H Det=706	Mon Det=112535	Aux Det=1306	O+H=851	 DONE
31/03/2023 16:08:58:	set AO_DC2Y (PXIDAQ2/ao2) to 1.400000Amps 2.800V DONE
31/03/2023 16:08:59:	17	count	time	10.000000s/cts	O Det=129	H Det=690	Mon Det=100807	Aux Det=1330	O+H=819	 DONE
31/03/2023 16:09:12:	set AO_DC2Y (PXIDAQ2/ao2) to 1.600000Amps 3.200V DONE
31/03/2023 16:09:13:	18	count	time	10.000000s/cts	O Det=80	H Det=661	Mon Det=102809	Aux Det=1334	O+H=741	 DONE
31/03/2023 16:09:26:	set AO_DC2Y (PXIDAQ2/ao2) to 1.800000Amps 3.600V DONE
31/03/2023 16:09:27:	19	count	time	10.000000s/cts	O Det=54	H Det=728	Mon Det=109542	Aux Det=1311	O+H=782	 DONE
31/03/2023 16:09:41:	close file and end scan	 DONE
31/03/2023 16:09:42:	set AO_DC2Y (PXIDAQ2/ao2) to 0.000000Amps 0.000V DONE
31/03/2023 16:09:43:	END OF SCRIPT	 DONE
