31/03/2023 17:39:02:	start execution of script D:\data\Cycle 192\exp_3-16-13\rawdata\sc\DC2Y.sc	 DONE
31/03/2023 17:39:03:	set AO_DC2Z (PXIDAQ2/ao0) to 0.740000Amps 0.740V DONE
31/03/2023 17:39:04:	create file	D:\data\Cycle 192\exp_3-16-13\rawdata\sc\DC2Y_31Mar1739.dat	 DONE
room to enter remarks DONE
31/03/2023 17:39:06:	set AO_DC2Y (PXIDAQ2/ao2) to -1.750000Amps -3.500V DONE
31/03/2023 17:39:07:	1	count	time	10.000000s/cts	O Det=60	H Det=868	Mon Det=105348	Aux Det=1331	O+H=928	 DONE
31/03/2023 17:39:20:	set AO_DC2Y (PXIDAQ2/ao2) to -1.500000Amps -3.000V DONE
31/03/2023 17:39:21:	2	count	time	10.000000s/cts	O Det=112	H Det=837	Mon Det=110390	Aux Det=1283	O+H=949	 DONE
31/03/2023 17:39:34:	set AO_DC2Y (PXIDAQ2/ao2) to -1.250000Amps -2.500V DONE
31/03/2023 17:39:35:	3	count	time	10.000000s/cts	O Det=155	H Det=791	Mon Det=111300	Aux Det=1320	O+H=946	 DONE
31/03/2023 17:39:48:	set AO_DC2Y (PXIDAQ2/ao2) to -1.000000Amps -2.000V DONE
31/03/2023 17:39:49:	4	count	time	10.000000s/cts	O Det=163	H Det=845	Mon Det=112013	Aux Det=1344	O+H=1008	 DONE
31/03/2023 17:40:03:	set AO_DC2Y (PXIDAQ2/ao2) to -0.750000Amps -1.500V DONE
31/03/2023 17:40:04:	5	count	time	10.000000s/cts	O Det=137	H Det=785	Mon Det=109418	Aux Det=1322	O+H=922	 DONE
31/03/2023 17:40:17:	set AO_DC2Y (PXIDAQ2/ao2) to -0.500000Amps -1.000V DONE
31/03/2023 17:40:18:	6	count	time	10.000000s/cts	O Det=80	H Det=812	Mon Det=97955	Aux Det=1336	O+H=892	 DONE
31/03/2023 17:40:31:	set AO_DC2Y (PXIDAQ2/ao2) to -0.250000Amps -0.500V DONE
31/03/2023 17:40:32:	7	count	time	10.000000s/cts	O Det=19	H Det=799	Mon Det=104168	Aux Det=1300	O+H=818	 DONE
31/03/2023 17:40:45:	set AO_DC2Y (PXIDAQ2/ao2) to 0.000000Amps 0.000V DONE
31/03/2023 17:40:46:	8	count	time	10.000000s/cts	O Det=4	H Det=788	Mon Det=110656	Aux Det=1252	O+H=792	 DONE
31/03/2023 17:40:59:	set AO_DC2Y (PXIDAQ2/ao2) to 0.250000Amps 0.500V DONE
31/03/2023 17:41:00:	9	count	time	10.000000s/cts	O Det=27	H Det=805	Mon Det=106648	Aux Det=1346	O+H=832	 DONE
31/03/2023 17:41:14:	set AO_DC2Y (PXIDAQ2/ao2) to 0.500000Amps 1.000V DONE
31/03/2023 17:41:15:	10	count	time	10.000000s/cts	O Det=76	H Det=838	Mon Det=108936	Aux Det=1355	O+H=914	 DONE
31/03/2023 17:41:28:	set AO_DC2Y (PXIDAQ2/ao2) to 0.750000Amps 1.500V DONE
31/03/2023 17:41:29:	11	count	time	10.000000s/cts	O Det=127	H Det=818	Mon Det=103059	Aux Det=1331	O+H=945	 DONE
31/03/2023 17:41:42:	set AO_DC2Y (PXIDAQ2/ao2) to 1.000000Amps 2.000V DONE
31/03/2023 17:41:43:	12	count	time	10.000000s/cts	O Det=162	H Det=799	Mon Det=112730	Aux Det=1304	O+H=961	 DONE
31/03/2023 17:41:56:	set AO_DC2Y (PXIDAQ2/ao2) to 1.250000Amps 2.500V DONE
31/03/2023 17:41:57:	13	count	time	10.000000s/cts	O Det=152	H Det=871	Mon Det=106838	Aux Det=1375	O+H=1023	 DONE
31/03/2023 17:42:10:	set AO_DC2Y (PXIDAQ2/ao2) to 1.500000Amps 3.000V DONE
31/03/2023 17:42:11:	14	count	time	10.000000s/cts	O Det=111	H Det=826	Mon Det=106443	Aux Det=1355	O+H=937	 DONE
31/03/2023 17:42:25:	set AO_DC2Y (PXIDAQ2/ao2) to 1.750000Amps 3.500V DONE
31/03/2023 17:42:26:	15	count	time	10.000000s/cts	O Det=76	H Det=806	Mon Det=100030	Aux Det=1330	O+H=882	 DONE
31/03/2023 17:42:39:	close file and end scan	 DONE
31/03/2023 17:42:40:	set AO_DC2Y (PXIDAQ2/ao2) to 0.000000Amps 0.000V DONE
31/03/2023 17:42:41:	END OF SCRIPT	 DONE
