31/03/2023 16:23:13:	start execution of script D:\data\Cycle 192\exp_3-16-13\rawdata\sc\DC2Y.sc	 DONE
31/03/2023 16:23:14:	set AO_DC2Z (PXIDAQ2/ao0) to 1.000000Amps 1.000V DONE
31/03/2023 16:23:15:	create file	D:\data\Cycle 192\exp_3-16-13\rawdata\sc\DC2Y_31Mar1623.dat	 DONE
room to enter remarks DONE
31/03/2023 16:23:17:	set AO_DC2Y (PXIDAQ2/ao2) to -1.800000Amps -3.600V DONE
31/03/2023 16:23:18:	1	count	time	10.000000s/cts	O Det=58	H Det=781	Mon Det=100328	Aux Det=1275	O+H=839	 DONE
31/03/2023 16:23:31:	set AO_DC2Y (PXIDAQ2/ao2) to -1.300000Amps -2.600V DONE
31/03/2023 16:23:32:	2	count	time	10.000000s/cts	O Det=124	H Det=762	Mon Det=102576	Aux Det=1340	O+H=886	 DONE
31/03/2023 16:23:46:	set AO_DC2Y (PXIDAQ2/ao2) to -0.800000Amps -1.600V DONE
31/03/2023 16:23:47:	3	count	time	10.000000s/cts	O Det=98	H Det=734	Mon Det=95612	Aux Det=1265	O+H=832	 DONE
31/03/2023 16:24:00:	set AO_DC2Y (PXIDAQ2/ao2) to -0.300000Amps -0.600V DONE
31/03/2023 16:24:01:	4	count	time	10.000000s/cts	O Det=22	H Det=741	Mon Det=102662	Aux Det=1348	O+H=763	 DONE
31/03/2023 16:24:14:	set AO_DC2Y (PXIDAQ2/ao2) to 0.200000Amps 0.400V DONE
31/03/2023 16:24:15:	5	count	time	10.000000s/cts	O Det=7	H Det=734	Mon Det=101846	Aux Det=1348	O+H=741	 DONE
31/03/2023 16:24:28:	set AO_DC2Y (PXIDAQ2/ao2) to 0.700000Amps 1.400V DONE
31/03/2023 16:24:29:	6	count	time	10.000000s/cts	O Det=101	H Det=734	Mon Det=103117	Aux Det=1327	O+H=835	 DONE
31/03/2023 16:24:42:	set AO_DC2Y (PXIDAQ2/ao2) to 1.200000Amps 2.400V DONE
31/03/2023 16:24:43:	7	count	time	10.000000s/cts	O Det=153	H Det=761	Mon Det=101896	Aux Det=1287	O+H=914	 DONE
31/03/2023 16:24:57:	set AO_DC2Y (PXIDAQ2/ao2) to 1.700000Amps 3.400V DONE
31/03/2023 16:24:58:	8	count	time	10.000000s/cts	O Det=64	H Det=758	Mon Det=102404	Aux Det=1266	O+H=822	 DONE
31/03/2023 16:25:11:	close file and end scan	 DONE
31/03/2023 16:25:12:	set AO_DC2Y (PXIDAQ2/ao2) to 0.000000Amps 0.000V DONE
31/03/2023 16:25:13:	END OF SCRIPT	 DONE
