31/03/2023 14:39:57:	start execution of script D:\data\Cycle 192\exp_3-16-13\rawdata\sc\DC2Y.sc	 DONE
31/03/2023 14:39:58:	set AO_DC2Z (PXIDAQ2/ao0) to 1.000000Amps 1.000V DONE
31/03/2023 14:39:59:	create file	D:\data\Cycle 192\exp_3-16-13\rawdata\sc\DC2Y_31Mar1439.dat	 DONE
room to enter remarks DONE
31/03/2023 14:40:01:	set AO_DC2Y (PXIDAQ2/ao2) to -1.600000Amps -3.200V DONE
31/03/2023 14:40:02:	1	count	time	10.000000s/cts	O Det=78	H Det=513	Mon Det=109270	Aux Det=1349	O+H=591	 DONE
31/03/2023 14:40:15:	set AO_DC2Y (PXIDAQ2/ao2) to -1.100000Amps -2.200V DONE
31/03/2023 14:40:16:	2	count	time	10.000000s/cts	O Det=134	H Det=556	Mon Det=106926	Aux Det=1222	O+H=690	 DONE
31/03/2023 14:40:29:	set AO_DC2Y (PXIDAQ2/ao2) to -0.600000Amps -1.200V DONE
31/03/2023 14:40:30:	3	count	time	10.000000s/cts	O Det=45	H Det=504	Mon Det=109574	Aux Det=1201	O+H=549	 DONE
31/03/2023 14:40:43:	set AO_DC2Y (PXIDAQ2/ao2) to -0.100000Amps -0.200V DONE
31/03/2023 14:40:44:	4	count	time	10.000000s/cts	O Det=7	H Det=560	Mon Det=108342	Aux Det=1315	O+H=567	 DONE
31/03/2023 14:40:57:	set AO_DC2Y (PXIDAQ2/ao2) to 0.400000Amps 0.800V DONE
31/03/2023 14:40:58:	5	count	time	10.000000s/cts	O Det=33	H Det=519	Mon Det=106866	Aux Det=1319	O+H=552	 DONE
31/03/2023 14:41:12:	set AO_DC2Y (PXIDAQ2/ao2) to 0.900000Amps 1.800V DONE
31/03/2023 14:41:13:	6	count	time	10.000000s/cts	O Det=97	H Det=550	Mon Det=107595	Aux Det=1269	O+H=647	 DONE
31/03/2023 14:41:26:	set AO_DC2Y (PXIDAQ2/ao2) to 1.400000Amps 2.800V DONE
31/03/2023 14:41:27:	7	count	time	10.000000s/cts	O Det=90	H Det=578	Mon Det=108493	Aux Det=1229	O+H=668	 DONE
31/03/2023 14:41:40:	close file and end scan	 DONE
31/03/2023 14:41:41:	set AO_DC2Y (PXIDAQ2/ao2) to 0.000000Amps 0.000V DONE
31/03/2023 14:41:42:	END OF SCRIPT	 DONE
