04/03/2023 19:02:51:	start execution of script D:\data\Cycle 192\exp_3-16-13\rawdata\sc\ifg_20s_6p.sc	 DONE
04/03/2023 19:02:52:	move motor	S18.axis2.phase shifter to 106.500000deg	 DONE
04/03/2023 19:03:47:	create file	D:\data\Cycle 192\exp_3-16-13\rawdata\sc\ifg_20s_6p_04Mar1903.dat	 DONE
room to enter remarks DONE
04/03/2023 19:03:49:	move motor	S18.axis2.phase shifter to 106.600000deg	 DONE
04/03/2023 19:03:54:	1	count	time	20.000000s/cts	O Det=2815	H Det=4041	Mon Det=305365	Aux Det=4861	O+H=6856	 DONE
04/03/2023 19:04:17:	move motor	S18.axis2.phase shifter to 106.675000deg	 DONE
04/03/2023 19:04:21:	2	count	time	20.000000s/cts	O Det=3248	H Det=3685	Mon Det=302549	Aux Det=4980	O+H=6933	 DONE
04/03/2023 19:04:45:	move motor	S18.axis2.phase shifter to 106.750000deg	 DONE
04/03/2023 19:04:49:	3	count	time	20.000000s/cts	O Det=3231	H Det=3527	Mon Det=301971	Aux Det=4891	O+H=6758	 DONE
04/03/2023 19:05:12:	move motor	S18.axis2.phase shifter to 106.825000deg	 DONE
04/03/2023 19:05:17:	4	count	time	20.000000s/cts	O Det=3106	H Det=3776	Mon Det=302882	Aux Det=4889	O+H=6882	 DONE
04/03/2023 19:05:40:	move motor	S18.axis2.phase shifter to 106.900000deg	 DONE
04/03/2023 19:05:45:	5	count	time	20.000000s/cts	O Det=2528	H Det=4221	Mon Det=302119	Aux Det=5054	O+H=6749	 DONE
04/03/2023 19:06:08:	move motor	S18.axis2.phase shifter to 106.975000deg	 DONE
04/03/2023 19:06:13:	6	count	time	20.000000s/cts	O Det=2047	H Det=4858	Mon Det=302219	Aux Det=4936	O+H=6905	 DONE
04/03/2023 19:06:36:	move motor	S18.axis2.phase shifter to 107.050000deg	 DONE
04/03/2023 19:06:41:	7	count	time	20.000000s/cts	O Det=1547	H Det=5364	Mon Det=303915	Aux Det=4918	O+H=6911	 DONE
04/03/2023 19:07:04:	move motor	S18.axis2.phase shifter to 107.125000deg	 DONE
04/03/2023 19:07:09:	8	count	time	20.000000s/cts	O Det=1243	H Det=5676	Mon Det=301884	Aux Det=4884	O+H=6919	 DONE
04/03/2023 19:07:32:	move motor	S18.axis2.phase shifter to 107.200000deg	 DONE
04/03/2023 19:07:36:	9	count	time	20.000000s/cts	O Det=1285	H Det=5570	Mon Det=301231	Aux Det=4942	O+H=6855	 DONE
04/03/2023 19:08:00:	move motor	S18.axis2.phase shifter to 107.275000deg	 DONE
04/03/2023 19:08:04:	10	count	time	20.000000s/cts	O Det=1574	H Det=5290	Mon Det=300991	Aux Det=5013	O+H=6864	 DONE
04/03/2023 19:08:27:	move motor	S18.axis2.phase shifter to 107.350000deg	 DONE
04/03/2023 19:08:32:	11	count	time	20.000000s/cts	O Det=2107	H Det=4818	Mon Det=301646	Aux Det=4971	O+H=6925	 DONE
04/03/2023 19:08:55:	move motor	S18.axis2.phase shifter to 107.425000deg	 DONE
04/03/2023 19:09:00:	12	count	time	20.000000s/cts	O Det=2645	H Det=4085	Mon Det=304705	Aux Det=4920	O+H=6730	 DONE
04/03/2023 19:09:23:	move motor	S18.axis2.phase shifter to 107.500000deg	 DONE
04/03/2023 19:09:28:	13	count	time	20.000000s/cts	O Det=3049	H Det=3833	Mon Det=300968	Aux Det=5001	O+H=6882	 DONE
04/03/2023 19:09:51:	move motor	S18.axis2.phase shifter to 107.575000deg	 DONE
04/03/2023 19:09:55:	14	count	time	20.000000s/cts	O Det=3252	H Det=3615	Mon Det=302244	Aux Det=4945	O+H=6867	 DONE
04/03/2023 19:10:18:	move motor	S18.axis2.phase shifter to 107.650000deg	 DONE
04/03/2023 19:10:23:	15	count	time	20.000000s/cts	O Det=2847	H Det=3734	Mon Det=300736	Aux Det=5047	O+H=6581	 DONE
04/03/2023 19:10:46:	move motor	S18.axis2.phase shifter to 107.725000deg	 DONE
04/03/2023 19:10:51:	16	count	time	20.000000s/cts	O Det=2519	H Det=4353	Mon Det=304023	Aux Det=5034	O+H=6872	 DONE
04/03/2023 19:11:14:	move motor	S18.axis2.phase shifter to 107.800000deg	 DONE
04/03/2023 19:11:19:	17	count	time	20.000000s/cts	O Det=2035	H Det=4880	Mon Det=302911	Aux Det=5117	O+H=6915	 DONE
04/03/2023 19:11:42:	move motor	S18.axis2.phase shifter to 107.875000deg	 DONE
04/03/2023 19:11:47:	18	count	time	20.000000s/cts	O Det=1495	H Det=5586	Mon Det=304511	Aux Det=5073	O+H=7081	 DONE
04/03/2023 19:12:10:	move motor	S18.axis2.phase shifter to 107.950000deg	 DONE
04/03/2023 19:12:15:	19	count	time	20.000000s/cts	O Det=1164	H Det=5847	Mon Det=303480	Aux Det=4991	O+H=7011	 DONE
04/03/2023 19:12:38:	move motor	S18.axis2.phase shifter to 108.025000deg	 DONE
04/03/2023 19:12:42:	20	count	time	20.000000s/cts	O Det=1185	H Det=5644	Mon Det=302564	Aux Det=5086	O+H=6829	 DONE
04/03/2023 19:13:05:	move motor	S18.axis2.phase shifter to 108.100000deg	 DONE
04/03/2023 19:13:10:	21	count	time	20.000000s/cts	O Det=1514	H Det=5307	Mon Det=303041	Aux Det=5043	O+H=6821	 DONE
04/03/2023 19:13:33:	move motor	S18.axis2.phase shifter to 108.175000deg	 DONE
04/03/2023 19:13:38:	22	count	time	20.000000s/cts	O Det=2028	H Det=4636	Mon Det=302874	Aux Det=4934	O+H=6664	 DONE
04/03/2023 19:14:01:	move motor	S18.axis2.phase shifter to 108.250000deg	 DONE
04/03/2023 19:14:06:	23	count	time	20.000000s/cts	O Det=2853	H Det=4013	Mon Det=304840	Aux Det=4914	O+H=6866	 DONE
04/03/2023 19:14:29:	move motor	S18.axis2.phase shifter to 108.325000deg	 DONE
04/03/2023 19:14:34:	24	count	time	20.000000s/cts	O Det=3312	H Det=3566	Mon Det=305543	Aux Det=4924	O+H=6878	 DONE
04/03/2023 19:14:57:	move motor	S18.axis2.phase shifter to 108.400000deg	 DONE
04/03/2023 19:15:02:	25	count	time	20.000000s/cts	O Det=3475	H Det=3517	Mon Det=303794	Aux Det=4916	O+H=6992	 DONE
04/03/2023 19:15:25:	move motor	S18.axis2.phase shifter to 108.475000deg	 DONE
04/03/2023 19:15:30:	26	count	time	20.000000s/cts	O Det=3053	H Det=3852	Mon Det=305015	Aux Det=4909	O+H=6905	 DONE
04/03/2023 19:15:53:	move motor	S18.axis2.phase shifter to 108.550000deg	 DONE
04/03/2023 19:15:57:	27	count	time	20.000000s/cts	O Det=2446	H Det=4409	Mon Det=304064	Aux Det=5054	O+H=6855	 DONE
04/03/2023 19:16:21:	move motor	S18.axis2.phase shifter to 108.625000deg	 DONE
04/03/2023 19:16:25:	28	count	time	20.000000s/cts	O Det=1697	H Det=5167	Mon Det=302994	Aux Det=4986	O+H=6864	 DONE
04/03/2023 19:16:48:	move motor	S18.axis2.phase shifter to 108.700000deg	 DONE
04/03/2023 19:16:53:	29	count	time	20.000000s/cts	O Det=1156	H Det=5802	Mon Det=302423	Aux Det=4962	O+H=6958	 DONE
04/03/2023 19:17:16:	move motor	S18.axis2.phase shifter to 108.775000deg	 DONE
04/03/2023 19:17:21:	30	count	time	20.000000s/cts	O Det=992	H Det=5973	Mon Det=303520	Aux Det=5066	O+H=6965	 DONE
04/03/2023 19:17:44:	move motor	S18.axis2.phase shifter to 108.850000deg	 DONE
04/03/2023 19:17:49:	31	count	time	20.000000s/cts	O Det=1259	H Det=5681	Mon Det=304822	Aux Det=4969	O+H=6940	 DONE
04/03/2023 19:18:12:	move motor	S18.axis2.phase shifter to 108.925000deg	 DONE
04/03/2023 19:18:16:	32	count	time	20.000000s/cts	O Det=1899	H Det=5075	Mon Det=302432	Aux Det=5086	O+H=6974	 DONE
04/03/2023 19:18:40:	move motor	S18.axis2.phase shifter to 109.000000deg	 DONE
04/03/2023 19:18:44:	33	count	time	20.000000s/cts	O Det=2574	H Det=4334	Mon Det=302084	Aux Det=4908	O+H=6908	 DONE
04/03/2023 19:19:07:	move motor	S18.axis2.phase shifter to 109.075000deg	 DONE
04/03/2023 19:19:12:	34	count	time	20.000000s/cts	O Det=3136	H Det=3668	Mon Det=303355	Aux Det=4995	O+H=6804	 DONE
04/03/2023 19:19:35:	move motor	S18.axis2.phase shifter to 109.150000deg	 DONE
04/03/2023 19:19:40:	35	count	time	20.000000s/cts	O Det=3341	H Det=3251	Mon Det=302040	Aux Det=5035	O+H=6592	 DONE
04/03/2023 19:20:03:	move motor	S18.axis2.phase shifter to 109.225000deg	 DONE
04/03/2023 19:20:08:	36	count	time	20.000000s/cts	O Det=3400	H Det=3416	Mon Det=304897	Aux Det=4956	O+H=6816	 DONE
04/03/2023 19:20:31:	move motor	S18.axis2.phase shifter to 109.300000deg	 DONE
04/03/2023 19:20:36:	37	count	time	20.000000s/cts	O Det=2806	H Det=4004	Mon Det=302585	Aux Det=5049	O+H=6810	 DONE
04/03/2023 19:20:59:	move motor	S18.axis2.phase shifter to 109.375000deg	 DONE
04/03/2023 19:21:04:	38	count	time	20.000000s/cts	O Det=2195	H Det=4755	Mon Det=302264	Aux Det=4984	O+H=6950	 DONE
04/03/2023 19:21:27:	move motor	S18.axis2.phase shifter to 109.450000deg	 DONE
04/03/2023 19:21:32:	39	count	time	20.000000s/cts	O Det=1482	H Det=5548	Mon Det=304840	Aux Det=4898	O+H=7030	 DONE
04/03/2023 19:21:55:	move motor	S18.axis2.phase shifter to 109.525000deg	 DONE
04/03/2023 19:21:59:	40	count	time	20.000000s/cts	O Det=1023	H Det=5751	Mon Det=304568	Aux Det=4905	O+H=6774	 DONE
04/03/2023 19:22:23:	move motor	S18.axis2.phase shifter to 109.600000deg	 DONE
04/03/2023 19:22:27:	41	count	time	20.000000s/cts	O Det=1061	H Det=5905	Mon Det=301882	Aux Det=4889	O+H=6966	 DONE
04/03/2023 19:22:50:	move motor	S18.axis2.phase shifter to 109.675000deg	 DONE
04/03/2023 19:22:55:	42	count	time	20.000000s/cts	O Det=1462	H Det=5476	Mon Det=303408	Aux Det=5038	O+H=6938	 DONE
04/03/2023 19:23:18:	move motor	S18.axis2.phase shifter to 109.750000deg	 DONE
04/03/2023 19:23:23:	43	count	time	20.000000s/cts	O Det=2028	H Det=4832	Mon Det=300413	Aux Det=4874	O+H=6860	 DONE
04/03/2023 19:23:46:	move motor	S18.axis2.phase shifter to 109.825000deg	 DONE
04/03/2023 19:23:51:	44	count	time	20.000000s/cts	O Det=2720	H Det=3984	Mon Det=301971	Aux Det=4964	O+H=6704	 DONE
04/03/2023 19:24:14:	move motor	S18.axis2.phase shifter to 109.900000deg	 DONE
04/03/2023 19:24:19:	45	count	time	20.000000s/cts	O Det=3208	H Det=3667	Mon Det=304682	Aux Det=4987	O+H=6875	 DONE
04/03/2023 19:24:42:	move motor	S18.axis2.phase shifter to 109.975000deg	 DONE
04/03/2023 19:24:47:	46	count	time	20.000000s/cts	O Det=3365	H Det=3495	Mon Det=303643	Aux Det=4964	O+H=6860	 DONE
04/03/2023 19:25:10:	move motor	S18.axis2.phase shifter to 110.050000deg	 DONE
04/03/2023 19:25:15:	47	count	time	20.000000s/cts	O Det=3070	H Det=3717	Mon Det=303103	Aux Det=4923	O+H=6787	 DONE
04/03/2023 19:25:38:	move motor	S18.axis2.phase shifter to 110.125000deg	 DONE
04/03/2023 19:25:42:	48	count	time	20.000000s/cts	O Det=2563	H Det=4286	Mon Det=303449	Aux Det=4939	O+H=6849	 DONE
04/03/2023 19:26:06:	move motor	S18.axis2.phase shifter to 110.200000deg	 DONE
04/03/2023 19:26:10:	49	count	time	20.000000s/cts	O Det=1823	H Det=5062	Mon Det=303336	Aux Det=4951	O+H=6885	 DONE
04/03/2023 19:26:33:	move motor	S18.axis2.phase shifter to 110.275000deg	 DONE
04/03/2023 19:26:38:	50	count	time	20.000000s/cts	O Det=1209	H Det=5544	Mon Det=304311	Aux Det=4960	O+H=6753	 DONE
04/03/2023 19:27:01:	move motor	S18.axis2.phase shifter to 110.350000deg	 DONE
04/03/2023 19:27:06:	51	count	time	20.000000s/cts	O Det=1081	H Det=5886	Mon Det=302857	Aux Det=4880	O+H=6967	 DONE
04/03/2023 19:27:29:	move motor	S18.axis2.phase shifter to 110.425000deg	 DONE
04/03/2023 19:27:34:	52	count	time	20.000000s/cts	O Det=1275	H Det=5543	Mon Det=302619	Aux Det=4997	O+H=6818	 DONE
04/03/2023 19:27:57:	move motor	S18.axis2.phase shifter to 110.500000deg	 DONE
04/03/2023 19:28:02:	53	count	time	20.000000s/cts	O Det=1825	H Det=5132	Mon Det=302822	Aux Det=5068	O+H=6957	 DONE
04/03/2023 19:28:25:	move motor	S18.axis2.phase shifter to 110.575000deg	 DONE
04/03/2023 19:28:29:	54	count	time	20.000000s/cts	O Det=2500	H Det=4371	Mon Det=303937	Aux Det=4875	O+H=6871	 DONE
04/03/2023 19:28:53:	move motor	S18.axis2.phase shifter to 110.650000deg	 DONE
04/03/2023 19:28:57:	55	count	time	20.000000s/cts	O Det=3061	H Det=3782	Mon Det=303531	Aux Det=5087	O+H=6843	 DONE
04/03/2023 19:29:20:	move motor	S18.axis2.phase shifter to 110.725000deg	 DONE
04/03/2023 19:29:25:	56	count	time	20.000000s/cts	O Det=3459	H Det=3464	Mon Det=303020	Aux Det=4836	O+H=6923	 DONE
04/03/2023 19:29:48:	move motor	S18.axis2.phase shifter to 110.800000deg	 DONE
04/03/2023 19:29:53:	57	count	time	20.000000s/cts	O Det=3405	H Det=3560	Mon Det=306707	Aux Det=4946	O+H=6965	 DONE
04/03/2023 19:30:16:	move motor	S18.axis2.phase shifter to 110.875000deg	 DONE
04/03/2023 19:30:21:	58	count	time	20.000000s/cts	O Det=2877	H Det=3974	Mon Det=301583	Aux Det=4876	O+H=6851	 DONE
04/03/2023 19:30:44:	move motor	S18.axis2.phase shifter to 110.950000deg	 DONE
04/03/2023 19:30:49:	59	count	time	20.000000s/cts	O Det=2302	H Det=4453	Mon Det=303454	Aux Det=5077	O+H=6755	 DONE
04/03/2023 19:31:12:	move motor	S18.axis2.phase shifter to 111.025000deg	 DONE
04/03/2023 19:31:17:	60	count	time	20.000000s/cts	O Det=1669	H Det=5175	Mon Det=305985	Aux Det=4811	O+H=6844	 DONE
04/03/2023 19:31:40:	move motor	S18.axis2.phase shifter to 111.100000deg	 DONE
04/03/2023 19:31:44:	61	count	time	20.000000s/cts	O Det=1153	H Det=5665	Mon Det=304035	Aux Det=5069	O+H=6818	 DONE
04/03/2023 19:32:08:	move motor	S18.axis2.phase shifter to 111.175000deg	 DONE
04/03/2023 19:32:12:	62	count	time	20.000000s/cts	O Det=1070	H Det=5807	Mon Det=301867	Aux Det=4994	O+H=6877	 DONE
04/03/2023 19:32:35:	move motor	S18.axis2.phase shifter to 111.250000deg	 DONE
04/03/2023 19:32:40:	63	count	time	20.000000s/cts	O Det=1359	H Det=5537	Mon Det=301088	Aux Det=4982	O+H=6896	 DONE
04/03/2023 19:33:03:	move motor	S18.axis2.phase shifter to 111.325000deg	 DONE
04/03/2023 19:33:08:	64	count	time	20.000000s/cts	O Det=1943	H Det=4987	Mon Det=303972	Aux Det=5003	O+H=6930	 DONE
04/03/2023 19:33:31:	move motor	S18.axis2.phase shifter to 111.400000deg	 DONE
04/03/2023 19:33:36:	65	count	time	20.000000s/cts	O Det=2452	H Det=4224	Mon Det=305397	Aux Det=4905	O+H=6676	 DONE
04/03/2023 19:33:59:	move motor	S18.axis2.phase shifter to 111.475000deg	 DONE
04/03/2023 19:34:03:	66	count	time	20.000000s/cts	O Det=3082	H Det=3673	Mon Det=303909	Aux Det=4987	O+H=6755	 DONE
04/03/2023 19:34:27:	move motor	S18.axis2.phase shifter to 111.550000deg	 DONE
04/03/2023 19:34:31:	67	count	time	20.000000s/cts	O Det=3401	H Det=3374	Mon Det=301244	Aux Det=4843	O+H=6775	 DONE
04/03/2023 19:34:54:	close file and end scan	 DONE
04/03/2023 19:34:55:	END OF SCRIPT	 DONE
