03/03/2023 11:22:46:	start execution of script D:\data\Cycle 192\exp_3-16-13\rawdata\sc\ifg_vs_aperturY.sc	 DONE
03/03/2023 11:22:47:	move motor	S18.axis2.Aperture Y to 1.00000mm	reached 1.00000  DONE
03/03/2023 11:22:51:	move motor	S18.axis2.phase shifter to 107.700000deg	 DONE
03/03/2023 11:23:19:	create file	D:\data\Cycle 192\exp_3-16-13\rawdata\sc\_0_03Mar1123.dat	 DONE
room to enter remarks DONE
03/03/2023 11:23:21:	move motor	S18.axis2.phase shifter to 107.800000deg	 DONE
03/03/2023 11:23:26:	1	count	time	10.000000s/cts	O Det=1986	H Det=2830	Mon Det=167600	Aux Det=2247	O+H=4816	 DONE
03/03/2023 11:23:39:	move motor	S18.axis2.phase shifter to 107.875000deg	 DONE
03/03/2023 11:23:44:	2	count	time	10.000000s/cts	O Det=2331	H Det=2491	Mon Det=166792	Aux Det=2248	O+H=4822	 DONE
03/03/2023 11:23:57:	move motor	S18.axis2.phase shifter to 107.950000deg	 DONE
03/03/2023 11:24:02:	3	count	time	10.000000s/cts	O Det=2583	H Det=2072	Mon Det=167937	Aux Det=2235	O+H=4655	 DONE
03/03/2023 11:24:15:	move motor	S18.axis2.phase shifter to 108.025000deg	 DONE
03/03/2023 11:24:20:	4	count	time	10.000000s/cts	O Det=2572	H Det=2238	Mon Det=167509	Aux Det=2208	O+H=4810	 DONE
03/03/2023 11:24:33:	move motor	S18.axis2.phase shifter to 108.100000deg	 DONE
03/03/2023 11:24:37:	5	count	time	10.000000s/cts	O Det=2228	H Det=2575	Mon Det=168912	Aux Det=2219	O+H=4803	 DONE
03/03/2023 11:24:50:	move motor	S18.axis2.phase shifter to 108.175000deg	 DONE
03/03/2023 11:24:55:	6	count	time	10.000000s/cts	O Det=1675	H Det=3074	Mon Det=168593	Aux Det=2310	O+H=4749	 DONE
03/03/2023 11:25:08:	move motor	S18.axis2.phase shifter to 108.250000deg	 DONE
03/03/2023 11:25:13:	7	count	time	10.000000s/cts	O Det=1165	H Det=3695	Mon Det=167872	Aux Det=2183	O+H=4860	 DONE
03/03/2023 11:25:26:	move motor	S18.axis2.phase shifter to 108.325000deg	 DONE
03/03/2023 11:25:31:	8	count	time	10.000000s/cts	O Det=805	H Det=4122	Mon Det=168555	Aux Det=2116	O+H=4927	 DONE
03/03/2023 11:25:44:	move motor	S18.axis2.phase shifter to 108.400000deg	 DONE
03/03/2023 11:25:48:	9	count	time	10.000000s/cts	O Det=717	H Det=4158	Mon Det=167368	Aux Det=2151	O+H=4875	 DONE
03/03/2023 11:26:01:	move motor	S18.axis2.phase shifter to 108.475000deg	 DONE
03/03/2023 11:26:06:	10	count	time	10.000000s/cts	O Det=1030	H Det=3803	Mon Det=167729	Aux Det=2255	O+H=4833	 DONE
03/03/2023 11:26:19:	move motor	S18.axis2.phase shifter to 108.550000deg	 DONE
03/03/2023 11:26:24:	11	count	time	10.000000s/cts	O Det=1475	H Det=3281	Mon Det=167896	Aux Det=2230	O+H=4756	 DONE
03/03/2023 11:26:37:	move motor	S18.axis2.phase shifter to 108.625000deg	 DONE
03/03/2023 11:26:41:	12	count	time	10.000000s/cts	O Det=2081	H Det=2746	Mon Det=167910	Aux Det=2226	O+H=4827	 DONE
03/03/2023 11:26:54:	move motor	S18.axis2.phase shifter to 108.700000deg	 DONE
03/03/2023 11:26:59:	13	count	time	10.000000s/cts	O Det=2546	H Det=2234	Mon Det=167942	Aux Det=2192	O+H=4780	 DONE
03/03/2023 11:27:12:	move motor	S18.axis2.phase shifter to 108.775000deg	 DONE
03/03/2023 11:27:17:	14	count	time	10.000000s/cts	O Det=2677	H Det=2097	Mon Det=168611	Aux Det=2186	O+H=4774	 DONE
03/03/2023 11:27:30:	move motor	S18.axis2.phase shifter to 108.850000deg	 DONE
03/03/2023 11:27:35:	15	count	time	10.000000s/cts	O Det=2551	H Det=2225	Mon Det=168939	Aux Det=2162	O+H=4776	 DONE
03/03/2023 11:27:48:	move motor	S18.axis2.phase shifter to 108.925000deg	 DONE
03/03/2023 11:27:52:	16	count	time	10.000000s/cts	O Det=2105	H Det=2697	Mon Det=168886	Aux Det=2254	O+H=4802	 DONE
03/03/2023 11:28:06:	move motor	S18.axis2.phase shifter to 109.000000deg	 DONE
03/03/2023 11:28:10:	17	count	time	10.000000s/cts	O Det=1412	H Det=3454	Mon Det=169008	Aux Det=2144	O+H=4866	 DONE
03/03/2023 11:28:23:	move motor	S18.axis2.phase shifter to 109.075000deg	 DONE
03/03/2023 11:28:28:	18	count	time	10.000000s/cts	O Det=1266	H Det=3508	Mon Det=168491	Aux Det=2239	O+H=4774	 DONE
03/03/2023 11:28:41:	move motor	S18.axis2.phase shifter to 109.150000deg	 DONE
03/03/2023 11:28:46:	19	count	time	10.000000s/cts	O Det=479	H Det=4417	Mon Det=168054	Aux Det=2181	O+H=4896	 DONE
03/03/2023 11:28:59:	move motor	S18.axis2.phase shifter to 109.225000deg	 DONE
03/03/2023 11:29:03:	20	count	time	10.000000s/cts	O Det=670	H Det=4198	Mon Det=167255	Aux Det=2226	O+H=4868	 DONE
03/03/2023 11:29:16:	move motor	S18.axis2.phase shifter to 109.300000deg	 DONE
03/03/2023 11:29:21:	21	count	time	10.000000s/cts	O Det=1123	H Det=3698	Mon Det=167805	Aux Det=2148	O+H=4821	 DONE
03/03/2023 11:29:34:	move motor	S18.axis2.phase shifter to 109.375000deg	 DONE
03/03/2023 11:29:39:	22	count	time	10.000000s/cts	O Det=1791	H Det=3002	Mon Det=168817	Aux Det=2189	O+H=4793	 DONE
03/03/2023 11:29:52:	move motor	S18.axis2.phase shifter to 109.450000deg	 DONE
03/03/2023 11:29:56:	23	count	time	10.000000s/cts	O Det=2349	H Det=2362	Mon Det=168246	Aux Det=2263	O+H=4711	 DONE
03/03/2023 11:30:10:	move motor	S18.axis2.phase shifter to 109.525000deg	 DONE
03/03/2023 11:30:14:	24	count	time	10.000000s/cts	O Det=2760	H Det=1993	Mon Det=169139	Aux Det=2279	O+H=4753	 DONE
03/03/2023 11:30:27:	move motor	S18.axis2.phase shifter to 109.600000deg	 DONE
03/03/2023 11:30:32:	25	count	time	10.000000s/cts	O Det=2692	H Det=1978	Mon Det=170578	Aux Det=2199	O+H=4670	 DONE
03/03/2023 11:30:45:	move motor	S18.axis2.phase shifter to 109.675000deg	 DONE
03/03/2023 11:30:50:	26	count	time	10.000000s/cts	O Det=2320	H Det=2305	Mon Det=166513	Aux Det=2201	O+H=4625	 DONE
03/03/2023 11:31:03:	move motor	S18.axis2.phase shifter to 109.750000deg	 DONE
03/03/2023 11:31:07:	27	count	time	10.000000s/cts	O Det=1642	H Det=3020	Mon Det=170238	Aux Det=2195	O+H=4662	 DONE
03/03/2023 11:31:20:	move motor	S18.axis2.phase shifter to 109.825000deg	 DONE
03/03/2023 11:31:25:	28	count	time	10.000000s/cts	O Det=1201	H Det=3562	Mon Det=168357	Aux Det=2188	O+H=4763	 DONE
03/03/2023 11:31:38:	move motor	S18.axis2.phase shifter to 109.900000deg	 DONE
03/03/2023 11:31:43:	29	count	time	10.000000s/cts	O Det=826	H Det=4068	Mon Det=168483	Aux Det=2188	O+H=4894	 DONE
03/03/2023 11:31:56:	move motor	S18.axis2.phase shifter to 109.975000deg	 DONE
03/03/2023 11:32:01:	30	count	time	10.000000s/cts	O Det=662	H Det=4295	Mon Det=167539	Aux Det=2222	O+H=4957	 DONE
03/03/2023 11:32:14:	move motor	S18.axis2.phase shifter to 110.050000deg	 DONE
03/03/2023 11:32:18:	31	count	time	10.000000s/cts	O Det=924	H Det=3922	Mon Det=167711	Aux Det=2178	O+H=4846	 DONE
03/03/2023 11:32:31:	move motor	S18.axis2.phase shifter to 110.125000deg	 DONE
03/03/2023 11:32:36:	32	count	time	10.000000s/cts	O Det=1434	H Det=3388	Mon Det=166813	Aux Det=2260	O+H=4822	 DONE
03/03/2023 11:32:49:	close file and end scan	 DONE
03/03/2023 11:32:50:	move motor	S18.axis2.Aperture Y to 2.00000mm	reached 2.00000  DONE
03/03/2023 11:32:54:	move motor	S18.axis2.phase shifter to 107.700000deg	 DONE
03/03/2023 11:33:22:	create file	D:\data\Cycle 192\exp_3-16-13\rawdata\sc\_1_03Mar1133.dat	 DONE
room to enter remarks DONE
03/03/2023 11:33:24:	move motor	S18.axis2.phase shifter to 107.800000deg	 DONE
03/03/2023 11:33:29:	1	count	time	10.000000s/cts	O Det=1913	H Det=2977	Mon Det=168973	Aux Det=2357	O+H=4890	 DONE
03/03/2023 11:33:42:	move motor	S18.axis2.phase shifter to 107.875000deg	 DONE
03/03/2023 11:33:47:	2	count	time	10.000000s/cts	O Det=166	H Det=235	Mon Det=14519	Aux Det=214	O+H=401	STOPPED BY USER	