05/03/2023 05:30:35:	start execution of script D:\data\Cycle 192\exp_3-16-13\rawdata\sc\ifg_20s_6p.sc	 DONE
05/03/2023 05:30:36:	move motor	S18.axis2.phase shifter to 106.500000deg	 DONE
05/03/2023 05:31:30:	create file	D:\data\Cycle 192\exp_3-16-13\rawdata\sc\ifg_20s_6p_05Mar0531.dat	 DONE
room to enter remarks DONE
05/03/2023 05:31:32:	move motor	S18.axis2.phase shifter to 106.600000deg	 DONE
05/03/2023 05:31:37:	1	count	time	20.000000s/cts	O Det=3369	H Det=6977	Mon Det=286731	Aux Det=4961	O+H=10346	 DONE
05/03/2023 05:32:01:	move motor	S18.axis2.phase shifter to 106.675000deg	 DONE
05/03/2023 05:32:05:	2	count	time	20.000000s/cts	O Det=2009	H Det=8450	Mon Det=287863	Aux Det=4874	O+H=10459	 DONE
05/03/2023 05:32:28:	move motor	S18.axis2.phase shifter to 106.750000deg	 DONE
05/03/2023 05:32:33:	3	count	time	20.000000s/cts	O Det=1212	H Det=9264	Mon Det=288965	Aux Det=4875	O+H=10476	 DONE
05/03/2023 05:32:56:	move motor	S18.axis2.phase shifter to 106.825000deg	 DONE
05/03/2023 05:33:01:	4	count	time	20.000000s/cts	O Det=1084	H Det=9345	Mon Det=287499	Aux Det=4779	O+H=10429	 DONE
05/03/2023 05:33:24:	move motor	S18.axis2.phase shifter to 106.900000deg	 DONE
05/03/2023 05:33:29:	5	count	time	20.000000s/cts	O Det=1840	H Det=8536	Mon Det=285767	Aux Det=4821	O+H=10376	 DONE
05/03/2023 05:33:52:	move motor	S18.axis2.phase shifter to 106.975000deg	 DONE
05/03/2023 05:33:57:	6	count	time	20.000000s/cts	O Det=2894	H Det=7390	Mon Det=283699	Aux Det=4813	O+H=10284	 DONE
05/03/2023 05:34:20:	move motor	S18.axis2.phase shifter to 107.050000deg	 DONE
05/03/2023 05:34:24:	7	count	time	20.000000s/cts	O Det=4241	H Det=6071	Mon Det=285671	Aux Det=4819	O+H=10312	 DONE
05/03/2023 05:34:48:	move motor	S18.axis2.phase shifter to 107.125000deg	 DONE
05/03/2023 05:34:52:	8	count	time	20.000000s/cts	O Det=5272	H Det=4739	Mon Det=285362	Aux Det=4901	O+H=10011	 DONE
05/03/2023 05:35:15:	move motor	S18.axis2.phase shifter to 107.200000deg	 DONE
05/03/2023 05:35:20:	9	count	time	20.000000s/cts	O Det=5845	H Det=4368	Mon Det=285382	Aux Det=5011	O+H=10213	 DONE
05/03/2023 05:35:43:	move motor	S18.axis2.phase shifter to 107.275000deg	 DONE
05/03/2023 05:35:48:	10	count	time	20.000000s/cts	O Det=5611	H Det=4642	Mon Det=284248	Aux Det=4824	O+H=10253	 DONE
05/03/2023 05:36:11:	move motor	S18.axis2.phase shifter to 107.350000deg	 DONE
05/03/2023 05:36:16:	11	count	time	20.000000s/cts	O Det=4650	H Det=5699	Mon Det=284847	Aux Det=4888	O+H=10349	 DONE
05/03/2023 05:36:39:	move motor	S18.axis2.phase shifter to 107.425000deg	 DONE
05/03/2023 05:36:44:	12	count	time	20.000000s/cts	O Det=3281	H Det=6985	Mon Det=285810	Aux Det=4894	O+H=10266	 DONE
05/03/2023 05:37:07:	move motor	S18.axis2.phase shifter to 107.500000deg	 DONE
05/03/2023 05:37:12:	13	count	time	20.000000s/cts	O Det=2078	H Det=8235	Mon Det=285929	Aux Det=4964	O+H=10313	 DONE
05/03/2023 05:37:35:	move motor	S18.axis2.phase shifter to 107.575000deg	 DONE
05/03/2023 05:37:40:	14	count	time	20.000000s/cts	O Det=1211	H Det=9250	Mon Det=284383	Aux Det=5002	O+H=10461	 DONE
05/03/2023 05:38:03:	move motor	S18.axis2.phase shifter to 107.650000deg	 DONE
05/03/2023 05:38:07:	15	count	time	20.000000s/cts	O Det=1259	H Det=9225	Mon Det=284799	Aux Det=4878	O+H=10484	 DONE
05/03/2023 05:38:30:	move motor	S18.axis2.phase shifter to 107.725000deg	 DONE
05/03/2023 05:38:35:	16	count	time	20.000000s/cts	O Det=2073	H Det=8167	Mon Det=284399	Aux Det=4951	O+H=10240	 DONE
05/03/2023 05:38:58:	move motor	S18.axis2.phase shifter to 107.800000deg	 DONE
05/03/2023 05:39:03:	17	count	time	20.000000s/cts	O Det=3343	H Det=6872	Mon Det=285234	Aux Det=4900	O+H=10215	 DONE
05/03/2023 05:39:26:	move motor	S18.axis2.phase shifter to 107.875000deg	 DONE
05/03/2023 05:39:31:	18	count	time	20.000000s/cts	O Det=4731	H Det=5429	Mon Det=287591	Aux Det=4886	O+H=10160	 DONE
05/03/2023 05:39:54:	move motor	S18.axis2.phase shifter to 107.950000deg	 DONE
05/03/2023 05:39:59:	19	count	time	20.000000s/cts	O Det=5609	H Det=4542	Mon Det=283145	Aux Det=4758	O+H=10151	 DONE
05/03/2023 05:40:22:	move motor	S18.axis2.phase shifter to 108.025000deg	 DONE
05/03/2023 05:40:27:	20	count	time	20.000000s/cts	O Det=5871	H Det=4291	Mon Det=287326	Aux Det=4838	O+H=10162	 DONE
05/03/2023 05:40:50:	move motor	S18.axis2.phase shifter to 108.100000deg	 DONE
05/03/2023 05:40:54:	21	count	time	20.000000s/cts	O Det=5493	H Det=4865	Mon Det=283268	Aux Det=4822	O+H=10358	 DONE
05/03/2023 05:41:18:	move motor	S18.axis2.phase shifter to 108.175000deg	 DONE
05/03/2023 05:41:22:	22	count	time	20.000000s/cts	O Det=4318	H Det=5864	Mon Det=284904	Aux Det=4809	O+H=10182	 DONE
05/03/2023 05:41:45:	move motor	S18.axis2.phase shifter to 108.250000deg	 DONE
05/03/2023 05:41:50:	23	count	time	20.000000s/cts	O Det=2820	H Det=7344	Mon Det=283488	Aux Det=4821	O+H=10164	 DONE
05/03/2023 05:42:13:	move motor	S18.axis2.phase shifter to 108.325000deg	 DONE
05/03/2023 05:42:18:	24	count	time	20.000000s/cts	O Det=1714	H Det=8592	Mon Det=284498	Aux Det=4932	O+H=10306	 DONE
05/03/2023 05:42:41:	move motor	S18.axis2.phase shifter to 108.400000deg	 DONE
05/03/2023 05:42:46:	25	count	time	20.000000s/cts	O Det=985	H Det=9501	Mon Det=285122	Aux Det=5003	O+H=10486	 DONE
05/03/2023 05:43:09:	move motor	S18.axis2.phase shifter to 108.475000deg	 DONE
05/03/2023 05:43:13:	26	count	time	20.000000s/cts	O Det=1247	H Det=9052	Mon Det=283632	Aux Det=4887	O+H=10299	 DONE
05/03/2023 05:43:37:	move motor	S18.axis2.phase shifter to 108.550000deg	 DONE
05/03/2023 05:43:41:	27	count	time	20.000000s/cts	O Det=2140	H Det=8289	Mon Det=284555	Aux Det=4930	O+H=10429	 DONE
05/03/2023 05:44:04:	move motor	S18.axis2.phase shifter to 108.625000deg	 DONE
05/03/2023 05:44:09:	28	count	time	20.000000s/cts	O Det=3671	H Det=6516	Mon Det=286727	Aux Det=4880	O+H=10187	 DONE
05/03/2023 05:44:32:	move motor	S18.axis2.phase shifter to 108.700000deg	 DONE
05/03/2023 05:44:37:	29	count	time	20.000000s/cts	O Det=5185	H Det=5041	Mon Det=284251	Aux Det=4861	O+H=10226	 DONE
05/03/2023 05:45:00:	move motor	S18.axis2.phase shifter to 108.775000deg	 DONE
05/03/2023 05:45:05:	30	count	time	20.000000s/cts	O Det=6096	H Det=4016	Mon Det=284195	Aux Det=5067	O+H=10112	 DONE
05/03/2023 05:45:28:	move motor	S18.axis2.phase shifter to 108.850000deg	 DONE
05/03/2023 05:45:33:	31	count	time	20.000000s/cts	O Det=5950	H Det=4108	Mon Det=284658	Aux Det=4956	O+H=10058	 DONE
05/03/2023 05:45:56:	move motor	S18.axis2.phase shifter to 108.925000deg	 DONE
05/03/2023 05:46:00:	32	count	time	20.000000s/cts	O Det=5225	H Det=4982	Mon Det=285372	Aux Det=4846	O+H=10207	 DONE
05/03/2023 05:46:23:	move motor	S18.axis2.phase shifter to 109.000000deg	 DONE
05/03/2023 05:46:28:	33	count	time	20.000000s/cts	O Det=3816	H Det=6318	Mon Det=283507	Aux Det=4850	O+H=10134	 DONE
05/03/2023 05:46:51:	move motor	S18.axis2.phase shifter to 109.075000deg	 DONE
05/03/2023 05:46:56:	34	count	time	20.000000s/cts	O Det=2269	H Det=7741	Mon Det=285005	Aux Det=4903	O+H=10010	 DONE
05/03/2023 05:47:19:	move motor	S18.axis2.phase shifter to 109.150000deg	 DONE
05/03/2023 05:47:24:	35	count	time	20.000000s/cts	O Det=1044	H Det=9326	Mon Det=283137	Aux Det=4876	O+H=10370	 DONE
05/03/2023 05:47:47:	move motor	S18.axis2.phase shifter to 109.225000deg	 DONE
05/03/2023 05:47:52:	36	count	time	20.000000s/cts	O Det=851	H Det=9447	Mon Det=288627	Aux Det=4882	O+H=10298	 DONE
05/03/2023 05:48:15:	move motor	S18.axis2.phase shifter to 109.300000deg	 DONE
05/03/2023 05:48:20:	37	count	time	20.000000s/cts	O Det=1499	H Det=8740	Mon Det=288362	Aux Det=4859	O+H=10239	 DONE
05/03/2023 05:48:43:	move motor	S18.axis2.phase shifter to 109.375000deg	 DONE
05/03/2023 05:48:47:	38	count	time	20.000000s/cts	O Det=2819	H Det=7517	Mon Det=289043	Aux Det=4932	O+H=10336	 DONE
05/03/2023 05:49:10:	move motor	S18.axis2.phase shifter to 109.450000deg	 DONE
05/03/2023 05:49:15:	39	count	time	20.000000s/cts	O Det=4368	H Det=5822	Mon Det=288542	Aux Det=4818	O+H=10190	 DONE
05/03/2023 05:49:38:	move motor	S18.axis2.phase shifter to 109.525000deg	 DONE
05/03/2023 05:49:43:	40	count	time	20.000000s/cts	O Det=5711	H Det=4393	Mon Det=289884	Aux Det=4820	O+H=10104	 DONE
05/03/2023 05:50:06:	move motor	S18.axis2.phase shifter to 109.600000deg	 DONE
05/03/2023 05:50:11:	41	count	time	20.000000s/cts	O Det=6096	H Det=4110	Mon Det=289596	Aux Det=4856	O+H=10206	 DONE
05/03/2023 05:50:34:	move motor	S18.axis2.phase shifter to 109.675000deg	 DONE
05/03/2023 05:50:39:	42	count	time	20.000000s/cts	O Det=5812	H Det=4367	Mon Det=285501	Aux Det=4856	O+H=10179	 DONE
05/03/2023 05:51:02:	move motor	S18.axis2.phase shifter to 109.750000deg	 DONE
05/03/2023 05:51:06:	43	count	time	20.000000s/cts	O Det=4541	H Det=5662	Mon Det=287731	Aux Det=4881	O+H=10203	 DONE
05/03/2023 05:51:30:	move motor	S18.axis2.phase shifter to 109.825000deg	 DONE
05/03/2023 05:51:34:	44	count	time	20.000000s/cts	O Det=3015	H Det=7132	Mon Det=285785	Aux Det=4810	O+H=10147	 DONE
05/03/2023 05:51:57:	move motor	S18.axis2.phase shifter to 109.900000deg	 DONE
05/03/2023 05:52:02:	45	count	time	20.000000s/cts	O Det=1720	H Det=8387	Mon Det=285199	Aux Det=4826	O+H=10107	 DONE
05/03/2023 05:52:25:	move motor	S18.axis2.phase shifter to 109.975000deg	 DONE
05/03/2023 05:52:30:	46	count	time	20.000000s/cts	O Det=1000	H Det=9251	Mon Det=287341	Aux Det=4754	O+H=10251	 DONE
05/03/2023 05:52:53:	move motor	S18.axis2.phase shifter to 110.050000deg	 DONE
05/03/2023 05:52:58:	47	count	time	20.000000s/cts	O Det=1109	H Det=9116	Mon Det=287355	Aux Det=4900	O+H=10225	 DONE
05/03/2023 05:53:21:	move motor	S18.axis2.phase shifter to 110.125000deg	 DONE
05/03/2023 05:53:26:	48	count	time	20.000000s/cts	O Det=1989	H Det=8152	Mon Det=287122	Aux Det=4790	O+H=10141	 DONE
05/03/2023 05:53:49:	move motor	S18.axis2.phase shifter to 110.200000deg	 DONE
05/03/2023 05:53:54:	49	count	time	20.000000s/cts	O Det=3406	H Det=6693	Mon Det=288305	Aux Det=4918	O+H=10099	 DONE
05/03/2023 05:54:17:	move motor	S18.axis2.phase shifter to 110.275000deg	 DONE
05/03/2023 05:54:22:	50	count	time	20.000000s/cts	O Det=4893	H Det=5313	Mon Det=288170	Aux Det=4888	O+H=10206	 DONE
05/03/2023 05:54:45:	move motor	S18.axis2.phase shifter to 110.350000deg	 DONE
05/03/2023 05:54:50:	51	count	time	20.000000s/cts	O Det=5847	H Det=4277	Mon Det=287512	Aux Det=4970	O+H=10124	 DONE
05/03/2023 05:55:13:	move motor	S18.axis2.phase shifter to 110.425000deg	 DONE
05/03/2023 05:55:17:	52	count	time	20.000000s/cts	O Det=5792	H Det=4243	Mon Det=286912	Aux Det=4894	O+H=10035	 DONE
05/03/2023 05:55:41:	move motor	S18.axis2.phase shifter to 110.500000deg	 DONE
05/03/2023 05:55:45:	53	count	time	20.000000s/cts	O Det=5015	H Det=4966	Mon Det=289479	Aux Det=4775	O+H=9981	 DONE
05/03/2023 05:56:08:	move motor	S18.axis2.phase shifter to 110.575000deg	 DONE
05/03/2023 05:56:13:	54	count	time	20.000000s/cts	O Det=3791	H Det=6464	Mon Det=288565	Aux Det=4959	O+H=10255	 DONE
05/03/2023 05:56:36:	move motor	S18.axis2.phase shifter to 110.650000deg	 DONE
05/03/2023 05:56:41:	55	count	time	20.000000s/cts	O Det=2615	H Det=7700	Mon Det=287873	Aux Det=4834	O+H=10315	 DONE
05/03/2023 05:57:04:	move motor	S18.axis2.phase shifter to 110.725000deg	 DONE
05/03/2023 05:57:09:	56	count	time	20.000000s/cts	O Det=1510	H Det=8878	Mon Det=286981	Aux Det=4896	O+H=10388	 DONE
05/03/2023 05:57:32:	move motor	S18.axis2.phase shifter to 110.800000deg	 DONE
05/03/2023 05:57:37:	57	count	time	20.000000s/cts	O Det=1200	H Det=9039	Mon Det=286800	Aux Det=4945	O+H=10239	 DONE
05/03/2023 05:58:00:	move motor	S18.axis2.phase shifter to 110.875000deg	 DONE
05/03/2023 05:58:05:	58	count	time	20.000000s/cts	O Det=1560	H Det=8743	Mon Det=287180	Aux Det=4820	O+H=10303	 DONE
05/03/2023 05:58:28:	move motor	S18.axis2.phase shifter to 110.950000deg	 DONE
05/03/2023 05:58:32:	59	count	time	20.000000s/cts	O Det=2451	H Det=7814	Mon Det=286998	Aux Det=4962	O+H=10265	 DONE
05/03/2023 05:58:56:	move motor	S18.axis2.phase shifter to 111.025000deg	 DONE
05/03/2023 05:59:00:	60	count	time	20.000000s/cts	O Det=3944	H Det=6095	Mon Det=288473	Aux Det=4860	O+H=10039	 DONE
05/03/2023 05:59:23:	move motor	S18.axis2.phase shifter to 111.100000deg	 DONE
05/03/2023 05:59:28:	61	count	time	20.000000s/cts	O Det=5274	H Det=4863	Mon Det=283783	Aux Det=4774	O+H=10137	 DONE
05/03/2023 05:59:51:	move motor	S18.axis2.phase shifter to 111.175000deg	 DONE
05/03/2023 05:59:56:	62	count	time	20.000000s/cts	O Det=5709	H Det=4289	Mon Det=288234	Aux Det=4773	O+H=9998	 DONE
05/03/2023 06:00:19:	move motor	S18.axis2.phase shifter to 111.250000deg	 DONE
05/03/2023 06:00:24:	63	count	time	20.000000s/cts	O Det=5560	H Det=4420	Mon Det=288915	Aux Det=4857	O+H=9980	 DONE
05/03/2023 06:00:47:	move motor	S18.axis2.phase shifter to 111.325000deg	 DONE
05/03/2023 06:00:52:	64	count	time	20.000000s/cts	O Det=4722	H Det=5459	Mon Det=289972	Aux Det=4848	O+H=10181	 DONE
05/03/2023 06:01:15:	move motor	S18.axis2.phase shifter to 111.400000deg	 DONE
05/03/2023 06:01:20:	65	count	time	20.000000s/cts	O Det=3537	H Det=6725	Mon Det=288598	Aux Det=4779	O+H=10262	 DONE
05/03/2023 06:01:43:	move motor	S18.axis2.phase shifter to 111.475000deg	 DONE
05/03/2023 06:01:48:	66	count	time	20.000000s/cts	O Det=2239	H Det=7850	Mon Det=289370	Aux Det=4831	O+H=10089	 DONE
05/03/2023 06:02:11:	move motor	S18.axis2.phase shifter to 111.550000deg	 DONE
05/03/2023 06:02:15:	67	count	time	20.000000s/cts	O Det=1546	H Det=8911	Mon Det=289157	Aux Det=4914	O+H=10457	 DONE
05/03/2023 06:02:39:	close file and end scan	 DONE
05/03/2023 06:02:40:	END OF SCRIPT	 DONE
