05/04/2023 22:27:17:	start execution of script D:\data\Cycle 192\exp_3-16-13\rawdata\sc\movePS_180.sc	 DONE
05/04/2023 22:27:18:	move motor	S18.axis2.phase shifter to 107.900000deg	 DONE
05/04/2023 22:27:37:	create file	D:\data\Cycle 192\exp_3-16-13\rawdata\sc\movePS_180_05Apr2227.dat	 DONE
room to enter remarks DONE
05/04/2023 22:27:39:	move motor	S18.axis2.phase shifter to 108.000000deg	 DONE
05/04/2023 22:27:44:	1	count	time	30.000000s/cts	O Det=267	H Det=2836	Mon Det=307348	Aux Det=3953	O+H=3103	 DONE
05/04/2023 22:28:17:	move motor	S18.axis2.phase shifter to 108.075000deg	 DONE
05/04/2023 22:28:22:	2	count	time	30.000000s/cts	O Det=187	H Det=3177	Mon Det=306390	Aux Det=4029	O+H=3364	 DONE
05/04/2023 22:28:55:	move motor	S18.axis2.phase shifter to 108.150000deg	 DONE
05/04/2023 22:29:00:	3	count	time	30.000000s/cts	O Det=141	H Det=3802	Mon Det=304701	Aux Det=3903	O+H=3943	 DONE
05/04/2023 22:29:33:	move motor	S18.axis2.phase shifter to 108.225000deg	 DONE
05/04/2023 22:29:38:	4	count	time	30.000000s/cts	O Det=78	H Det=4059	Mon Det=317505	Aux Det=3980	O+H=4137	 DONE
05/04/2023 22:30:11:	move motor	S18.axis2.phase shifter to 108.300000deg	 DONE
05/04/2023 22:30:16:	5	count	time	30.000000s/cts	O Det=88	H Det=4197	Mon Det=316843	Aux Det=3946	O+H=4285	 DONE
05/04/2023 22:30:49:	move motor	S18.axis2.phase shifter to 108.375000deg	 DONE
05/04/2023 22:30:54:	6	count	time	30.000000s/cts	O Det=123	H Det=3884	Mon Det=318636	Aux Det=3987	O+H=4007	 DONE
05/04/2023 22:31:27:	move motor	S18.axis2.phase shifter to 108.450000deg	 DONE
05/04/2023 22:31:32:	7	count	time	30.000000s/cts	O Det=196	H Det=3436	Mon Det=316412	Aux Det=4006	O+H=3632	 DONE
05/04/2023 22:32:05:	move motor	S18.axis2.phase shifter to 108.525000deg	 DONE
05/04/2023 22:32:09:	8	count	time	30.000000s/cts	O Det=213	H Det=2992	Mon Det=337938	Aux Det=4042	O+H=3205	 DONE
05/04/2023 22:32:43:	move motor	S18.axis2.phase shifter to 108.600000deg	 DONE
05/04/2023 22:32:47:	9	count	time	30.000000s/cts	O Det=254	H Det=2660	Mon Det=337832	Aux Det=4028	O+H=2914	 DONE
05/04/2023 22:33:20:	move motor	S18.axis2.phase shifter to 108.675000deg	 DONE
05/04/2023 22:33:25:	10	count	time	30.000000s/cts	O Det=310	H Det=2410	Mon Det=331579	Aux Det=3976	O+H=2720	 DONE
05/04/2023 22:33:58:	move motor	S18.axis2.phase shifter to 108.750000deg	 DONE
05/04/2023 22:34:03:	11	count	time	30.000000s/cts	O Det=264	H Det=2758	Mon Det=337336	Aux Det=3982	O+H=3022	 DONE
05/04/2023 22:34:36:	move motor	S18.axis2.phase shifter to 108.825000deg	 DONE
05/04/2023 22:34:41:	12	count	time	30.000000s/cts	O Det=222	H Det=3090	Mon Det=311362	Aux Det=4026	O+H=3312	 DONE
05/04/2023 22:35:14:	move motor	S18.axis2.phase shifter to 108.900000deg	 DONE
05/04/2023 22:35:19:	13	count	time	30.000000s/cts	O Det=153	H Det=3540	Mon Det=307944	Aux Det=3953	O+H=3693	 DONE
05/04/2023 22:35:52:	move motor	S18.axis2.phase shifter to 108.975000deg	 DONE
05/04/2023 22:35:57:	14	count	time	30.000000s/cts	O Det=94	H Det=4069	Mon Det=309811	Aux Det=3950	O+H=4163	 DONE
05/04/2023 22:36:30:	move motor	S18.axis2.phase shifter to 109.050000deg	 DONE
05/04/2023 22:36:35:	15	count	time	30.000000s/cts	O Det=60	H Det=4271	Mon Det=310316	Aux Det=3928	O+H=4331	 DONE
05/04/2023 22:37:08:	move motor	S18.axis2.phase shifter to 109.125000deg	 DONE
05/04/2023 22:37:13:	16	count	time	30.000000s/cts	O Det=81	H Det=4112	Mon Det=316721	Aux Det=3987	O+H=4193	 DONE
05/04/2023 22:37:46:	move motor	S18.axis2.phase shifter to 109.200000deg	 DONE
05/04/2023 22:37:51:	17	count	time	30.000000s/cts	O Det=153	H Det=3639	Mon Det=347646	Aux Det=3972	O+H=3792	 DONE
05/04/2023 22:38:24:	move motor	S18.axis2.phase shifter to 109.275000deg	 DONE
05/04/2023 22:38:29:	18	count	time	30.000000s/cts	O Det=202	H Det=3181	Mon Det=349376	Aux Det=3922	O+H=3383	 DONE
05/04/2023 22:39:02:	move motor	S18.axis2.phase shifter to 109.350000deg	 DONE
05/04/2023 22:39:07:	19	count	time	30.000000s/cts	O Det=281	H Det=2805	Mon Det=348128	Aux Det=4045	O+H=3086	 DONE
05/04/2023 22:39:40:	move motor	S18.axis2.phase shifter to 109.425000deg	 DONE
05/04/2023 22:39:45:	20	count	time	30.000000s/cts	O Det=306	H Det=2505	Mon Det=346541	Aux Det=3991	O+H=2811	 DONE
05/04/2023 22:40:18:	move motor	S18.axis2.phase shifter to 109.500000deg	 DONE
05/04/2023 22:40:23:	21	count	time	30.000000s/cts	O Det=325	H Det=2625	Mon Det=348781	Aux Det=4017	O+H=2950	 DONE
05/04/2023 22:40:56:	move motor	S18.axis2.phase shifter to 109.575000deg	 DONE
05/04/2023 22:41:01:	22	count	time	30.000000s/cts	O Det=266	H Det=2958	Mon Det=349216	Aux Det=3955	O+H=3224	 DONE
05/04/2023 22:41:34:	move motor	S18.axis2.phase shifter to 109.650000deg	 DONE
05/04/2023 22:41:38:	23	count	time	30.000000s/cts	O Det=179	H Det=3465	Mon Det=350190	Aux Det=3946	O+H=3644	 DONE
05/04/2023 22:42:12:	move motor	S18.axis2.phase shifter to 109.725000deg	 DONE
05/04/2023 22:42:16:	24	count	time	30.000000s/cts	O Det=126	H Det=3914	Mon Det=329751	Aux Det=4066	O+H=4040	 DONE
05/04/2023 22:42:50:	move motor	S18.axis2.phase shifter to 109.800000deg	 DONE
05/04/2023 22:42:54:	25	count	time	30.000000s/cts	O Det=89	H Det=4212	Mon Det=314176	Aux Det=3973	O+H=4301	 DONE
05/04/2023 22:43:28:	move motor	S18.axis2.phase shifter to 109.875000deg	 DONE
05/04/2023 22:43:33:	26	count	time	30.000000s/cts	O Det=89	H Det=4254	Mon Det=311513	Aux Det=4023	O+H=4343	 DONE
05/04/2023 22:44:06:	move motor	S18.axis2.phase shifter to 109.950000deg	 DONE
05/04/2023 22:44:11:	27	count	time	30.000000s/cts	O Det=145	H Det=3921	Mon Det=310302	Aux Det=4017	O+H=4066	 DONE
05/04/2023 22:44:44:	move motor	S18.axis2.phase shifter to 110.025000deg	 DONE
05/04/2023 22:44:49:	28	count	time	30.000000s/cts	O Det=157	H Det=3540	Mon Det=298441	Aux Det=3993	O+H=3697	 DONE
05/04/2023 22:45:22:	move motor	S18.axis2.phase shifter to 110.100000deg	 DONE
05/04/2023 22:45:27:	29	count	time	30.000000s/cts	O Det=226	H Det=2873	Mon Det=305048	Aux Det=3972	O+H=3099	 DONE
05/04/2023 22:46:00:	move motor	S18.axis2.phase shifter to 110.175000deg	 DONE
05/04/2023 22:46:05:	30	count	time	30.000000s/cts	O Det=269	H Det=2529	Mon Det=306745	Aux Det=4030	O+H=2798	 DONE
05/04/2023 22:46:38:	move motor	S18.axis2.phase shifter to 110.250000deg	 DONE
05/04/2023 22:46:43:	31	count	time	30.000000s/cts	O Det=303	H Det=2559	Mon Det=304968	Aux Det=3924	O+H=2862	 DONE
05/04/2023 22:47:16:	move motor	S18.axis2.phase shifter to 110.325000deg	 DONE
05/04/2023 22:47:20:	32	count	time	30.000000s/cts	O Det=267	H Det=2690	Mon Det=305276	Aux Det=3855	O+H=2957	 DONE
05/04/2023 22:47:53:	close file and end scan	 DONE
05/04/2023 22:47:54:	move motor	S18.axis2.phase shifter to fit H COS0O	109.057392reached 109.06348  DONE
05/04/2023 22:48:10:	END OF SCRIPT	 DONE
