04/03/2023 16:19:58:	start execution of script D:\data\Cycle 192\exp_3-16-13\rawdata\sc\rocking.sc	 DONE
04/03/2023 16:19:59:	create file	D:\data\Cycle 192\exp_3-16-13\rawdata\sc\rocking_04Mar1619.dat	 DONE
room to enter remarks DONE
04/03/2023 16:20:01:	move motor	S18.axis2.piezo rotation to 1.674200deg	 DONE
04/03/2023 16:20:05:	1	count	time	5.000000s/cts	O Det=2	H Det=33	Mon Det=74682	Aux Det=120	O+H=35	 DONE
04/03/2023 16:20:13:	move motor	S18.axis2.piezo rotation to 1.674250deg	 DONE
04/03/2023 16:20:17:	2	count	time	5.000000s/cts	O Det=4	H Det=42	Mon Det=77264	Aux Det=113	O+H=46	 DONE
04/03/2023 16:20:25:	move motor	S18.axis2.piezo rotation to 1.674300deg	 DONE
04/03/2023 16:20:29:	3	count	time	5.000000s/cts	O Det=3	H Det=21	Mon Det=75744	Aux Det=111	O+H=24	 DONE
04/03/2023 16:20:37:	move motor	S18.axis2.piezo rotation to 1.674350deg	 DONE
04/03/2023 16:20:40:	4	count	time	5.000000s/cts	O Det=3	H Det=50	Mon Det=75039	Aux Det=156	O+H=53	 DONE
04/03/2023 16:20:48:	move motor	S18.axis2.piezo rotation to 1.674400deg	 DONE
04/03/2023 16:20:52:	5	count	time	5.000000s/cts	O Det=2	H Det=55	Mon Det=74708	Aux Det=185	O+H=57	 DONE
04/03/2023 16:21:00:	move motor	S18.axis2.piezo rotation to 1.674450deg	 DONE
04/03/2023 16:21:04:	6	count	time	5.000000s/cts	O Det=7	H Det=66	Mon Det=75782	Aux Det=208	O+H=73	 DONE
04/03/2023 16:21:12:	move motor	S18.axis2.piezo rotation to 1.674500deg	 DONE
04/03/2023 16:21:16:	7	count	time	5.000000s/cts	O Det=9	H Det=67	Mon Det=74121	Aux Det=241	O+H=76	 DONE
04/03/2023 16:21:24:	move motor	S18.axis2.piezo rotation to 1.674550deg	 DONE
04/03/2023 16:21:27:	8	count	time	5.000000s/cts	O Det=10	H Det=77	Mon Det=74058	Aux Det=256	O+H=87	 DONE
04/03/2023 16:21:35:	move motor	S18.axis2.piezo rotation to 1.674600deg	 DONE
04/03/2023 16:21:39:	9	count	time	5.000000s/cts	O Det=18	H Det=95	Mon Det=74891	Aux Det=394	O+H=113	 DONE
04/03/2023 16:21:47:	move motor	S18.axis2.piezo rotation to 1.674650deg	 DONE
04/03/2023 16:21:51:	10	count	time	5.000000s/cts	O Det=24	H Det=122	Mon Det=75038	Aux Det=468	O+H=146	 DONE
04/03/2023 16:21:59:	move motor	S18.axis2.piezo rotation to 1.674700deg	 DONE
04/03/2023 16:22:02:	11	count	time	5.000000s/cts	O Det=41	H Det=168	Mon Det=76611	Aux Det=514	O+H=209	 DONE
04/03/2023 16:22:11:	move motor	S18.axis2.piezo rotation to 1.674750deg	 DONE
04/03/2023 16:22:14:	12	count	time	5.000000s/cts	O Det=41	H Det=237	Mon Det=75955	Aux Det=642	O+H=278	 DONE
04/03/2023 16:22:22:	move motor	S18.axis2.piezo rotation to 1.674800deg	 DONE
04/03/2023 16:22:26:	13	count	time	5.000000s/cts	O Det=89	H Det=343	Mon Det=74448	Aux Det=850	O+H=432	 DONE
04/03/2023 16:22:34:	move motor	S18.axis2.piezo rotation to 1.674850deg	 DONE
04/03/2023 16:22:38:	14	count	time	5.000000s/cts	O Det=107	H Det=508	Mon Det=74558	Aux Det=976	O+H=615	 DONE
04/03/2023 16:22:46:	move motor	S18.axis2.piezo rotation to 1.674900deg	 DONE
04/03/2023 16:22:49:	15	count	time	5.000000s/cts	O Det=206	H Det=783	Mon Det=75312	Aux Det=1154	O+H=989	 DONE
04/03/2023 16:22:57:	move motor	S18.axis2.piezo rotation to 1.674950deg	 DONE
04/03/2023 16:23:01:	16	count	time	5.000000s/cts	O Det=297	H Det=1058	Mon Det=74037	Aux Det=1298	O+H=1355	 DONE
04/03/2023 16:23:09:	move motor	S18.axis2.piezo rotation to 1.675000deg	 DONE
04/03/2023 16:23:13:	17	count	time	5.000000s/cts	O Det=292	H Det=1243	Mon Det=75605	Aux Det=1293	O+H=1535	 DONE
04/03/2023 16:23:21:	move motor	S18.axis2.piezo rotation to 1.675050deg	 DONE
04/03/2023 16:23:24:	18	count	time	5.000000s/cts	O Det=314	H Det=1353	Mon Det=75418	Aux Det=1323	O+H=1667	 DONE
04/03/2023 16:23:32:	move motor	S18.axis2.piezo rotation to 1.675100deg	 DONE
04/03/2023 16:23:36:	19	count	time	5.000000s/cts	O Det=312	H Det=1412	Mon Det=75226	Aux Det=1253	O+H=1724	 DONE
04/03/2023 16:23:44:	move motor	S18.axis2.piezo rotation to 1.675150deg	 DONE
04/03/2023 16:23:48:	20	count	time	5.000000s/cts	O Det=334	H Det=1344	Mon Det=76188	Aux Det=1251	O+H=1678	 DONE
04/03/2023 16:23:56:	move motor	S18.axis2.piezo rotation to 1.675200deg	 DONE
04/03/2023 16:23:59:	21	count	time	5.000000s/cts	O Det=270	H Det=1199	Mon Det=76295	Aux Det=1089	O+H=1469	 DONE
04/03/2023 16:24:07:	move motor	S18.axis2.piezo rotation to 1.675250deg	 DONE
04/03/2023 16:24:11:	22	count	time	5.000000s/cts	O Det=253	H Det=830	Mon Det=73962	Aux Det=930	O+H=1083	 DONE
04/03/2023 16:24:19:	move motor	S18.axis2.piezo rotation to 1.675300deg	 DONE
04/03/2023 16:24:23:	23	count	time	5.000000s/cts	O Det=180	H Det=723	Mon Det=73907	Aux Det=944	O+H=903	 DONE
04/03/2023 16:24:31:	move motor	S18.axis2.piezo rotation to 1.675350deg	 DONE
04/03/2023 16:24:35:	24	count	time	5.000000s/cts	O Det=117	H Det=506	Mon Det=74225	Aux Det=754	O+H=623	 DONE
04/03/2023 16:24:43:	move motor	S18.axis2.piezo rotation to 1.675400deg	 DONE
04/03/2023 16:24:46:	25	count	time	5.000000s/cts	O Det=61	H Det=320	Mon Det=75728	Aux Det=669	O+H=381	 DONE
04/03/2023 16:24:54:	move motor	S18.axis2.piezo rotation to 1.675450deg	 DONE
04/03/2023 16:24:58:	26	count	time	5.000000s/cts	O Det=50	H Det=249	Mon Det=76946	Aux Det=535	O+H=299	 DONE
04/03/2023 16:25:06:	move motor	S18.axis2.piezo rotation to 1.675500deg	 DONE
04/03/2023 16:25:10:	27	count	time	5.000000s/cts	O Det=39	H Det=156	Mon Det=75173	Aux Det=467	O+H=195	 DONE
04/03/2023 16:25:18:	move motor	S18.axis2.piezo rotation to 1.675550deg	 DONE
04/03/2023 16:25:21:	28	count	time	5.000000s/cts	O Det=28	H Det=148	Mon Det=75674	Aux Det=383	O+H=176	 DONE
04/03/2023 16:25:29:	move motor	S18.axis2.piezo rotation to 1.675600deg	 DONE
04/03/2023 16:25:33:	29	count	time	5.000000s/cts	O Det=10	H Det=102	Mon Det=75566	Aux Det=315	O+H=112	 DONE
04/03/2023 16:25:41:	move motor	S18.axis2.piezo rotation to 1.675650deg	 DONE
04/03/2023 16:25:44:	30	count	time	5.000000s/cts	O Det=10	H Det=81	Mon Det=75343	Aux Det=245	O+H=91	 DONE
04/03/2023 16:25:53:	move motor	S18.axis2.piezo rotation to 1.675700deg	 DONE
04/03/2023 16:25:56:	31	count	time	5.000000s/cts	O Det=4	H Det=72	Mon Det=74668	Aux Det=249	O+H=76	 DONE
04/03/2023 16:26:04:	move motor	S18.axis2.piezo rotation to 1.675750deg	 DONE
04/03/2023 16:26:08:	32	count	time	5.000000s/cts	O Det=4	H Det=49	Mon Det=75466	Aux Det=170	O+H=53	 DONE
04/03/2023 16:26:16:	move motor	S18.axis2.piezo rotation to 1.675800deg	 DONE
04/03/2023 16:26:20:	33	count	time	5.000000s/cts	O Det=5	H Det=51	Mon Det=75419	Aux Det=156	O+H=56	 DONE
04/03/2023 16:26:28:	move motor	S18.axis2.piezo rotation to 1.675850deg	 DONE
04/03/2023 16:26:31:	34	count	time	5.000000s/cts	O Det=2	H Det=50	Mon Det=75861	Aux Det=150	O+H=52	 DONE
04/03/2023 16:26:39:	move motor	S18.axis2.piezo rotation to 1.675900deg	 DONE
04/03/2023 16:26:43:	35	count	time	5.000000s/cts	O Det=2	H Det=46	Mon Det=75267	Aux Det=134	O+H=48	 DONE
04/03/2023 16:26:51:	close file and end scan	 DONE
04/03/2023 16:26:52:	move motor	S18.axis2.piezo rotation to fit SUM PEAK30	1.675095reached 1.67510  DONE
04/03/2023 16:26:55:	END OF SCRIPT	 DONE
