02/04/2023 15:08:29:	start execution of script D:\data\Cycle 192\exp_3-16-13\rawdata\sc\rocking.sc	 DONE
02/04/2023 15:08:30:	create file	D:\data\Cycle 192\exp_3-16-13\rawdata\sc\rocking_02Apr1508.dat	 DONE
room to enter remarks DONE
02/04/2023 15:08:32:	move motor	S18.axis2.piezo rotation to 1.672200deg	 DONE
02/04/2023 15:08:35:	1	count	time	1.000000s/cts	O Det=0	H Det=46	Mon Det=10403	Aux Det=51	O+H=46	 DONE
02/04/2023 15:08:39:	move motor	S18.axis2.piezo rotation to 1.672250deg	 DONE
02/04/2023 15:08:43:	2	count	time	1.000000s/cts	O Det=1	H Det=51	Mon Det=11073	Aux Det=48	O+H=52	 DONE
02/04/2023 15:08:47:	move motor	S18.axis2.piezo rotation to 1.672300deg	 DONE
02/04/2023 15:08:51:	3	count	time	1.000000s/cts	O Det=0	H Det=63	Mon Det=10789	Aux Det=75	O+H=63	 DONE
02/04/2023 15:08:55:	move motor	S18.axis2.piezo rotation to 1.672350deg	 DONE
02/04/2023 15:08:59:	4	count	time	1.000000s/cts	O Det=1	H Det=53	Mon Det=10623	Aux Det=77	O+H=54	 DONE
02/04/2023 15:09:03:	move motor	S18.axis2.piezo rotation to 1.672400deg	 DONE
02/04/2023 15:09:06:	5	count	time	1.000000s/cts	O Det=0	H Det=53	Mon Det=11923	Aux Det=91	O+H=53	 DONE
02/04/2023 15:09:10:	move motor	S18.axis2.piezo rotation to 1.672450deg	 DONE
02/04/2023 15:09:14:	6	count	time	1.000000s/cts	O Det=1	H Det=77	Mon Det=11606	Aux Det=95	O+H=78	 DONE
02/04/2023 15:09:18:	move motor	S18.axis2.piezo rotation to 1.672500deg	 DONE
02/04/2023 15:09:22:	7	count	time	1.000000s/cts	O Det=1	H Det=79	Mon Det=11564	Aux Det=112	O+H=80	 DONE
02/04/2023 15:09:26:	move motor	S18.axis2.piezo rotation to 1.672550deg	 DONE
02/04/2023 15:09:30:	8	count	time	1.000000s/cts	O Det=1	H Det=103	Mon Det=11565	Aux Det=114	O+H=104	 DONE
02/04/2023 15:09:34:	move motor	S18.axis2.piezo rotation to 1.672600deg	 DONE
02/04/2023 15:09:38:	9	count	time	1.000000s/cts	O Det=3	H Det=116	Mon Det=10269	Aux Det=135	O+H=119	 DONE
02/04/2023 15:09:42:	move motor	S18.axis2.piezo rotation to 1.672650deg	 DONE
02/04/2023 15:09:45:	10	count	time	1.000000s/cts	O Det=3	H Det=98	Mon Det=10533	Aux Det=126	O+H=101	 DONE
02/04/2023 15:09:50:	move motor	S18.axis2.piezo rotation to 1.672700deg	 DONE
02/04/2023 15:09:53:	11	count	time	1.000000s/cts	O Det=5	H Det=109	Mon Det=10478	Aux Det=152	O+H=114	 DONE
02/04/2023 15:09:57:	move motor	S18.axis2.piezo rotation to 1.672750deg	 DONE
02/04/2023 15:10:01:	12	count	time	1.000000s/cts	O Det=0	H Det=127	Mon Det=10385	Aux Det=125	O+H=127	 DONE
02/04/2023 15:10:05:	move motor	S18.axis2.piezo rotation to 1.672800deg	 DONE
02/04/2023 15:10:09:	13	count	time	1.000000s/cts	O Det=5	H Det=115	Mon Det=11173	Aux Det=119	O+H=120	 DONE
02/04/2023 15:10:13:	move motor	S18.axis2.piezo rotation to 1.672850deg	 DONE
02/04/2023 15:10:17:	14	count	time	1.000000s/cts	O Det=2	H Det=90	Mon Det=10931	Aux Det=147	O+H=92	 DONE
02/04/2023 15:10:21:	move motor	S18.axis2.piezo rotation to 1.672900deg	 DONE
02/04/2023 15:10:24:	15	count	time	1.000000s/cts	O Det=3	H Det=97	Mon Det=10651	Aux Det=106	O+H=100	 DONE
02/04/2023 15:10:28:	move motor	S18.axis2.piezo rotation to 1.672950deg	 DONE
02/04/2023 15:10:32:	16	count	time	1.000000s/cts	O Det=2	H Det=75	Mon Det=11076	Aux Det=110	O+H=77	 DONE
02/04/2023 15:10:36:	move motor	S18.axis2.piezo rotation to 1.673000deg	 DONE
02/04/2023 15:10:40:	17	count	time	1.000000s/cts	O Det=2	H Det=73	Mon Det=11510	Aux Det=96	O+H=75	 DONE
02/04/2023 15:10:44:	move motor	S18.axis2.piezo rotation to 1.673050deg	 DONE
02/04/2023 15:10:48:	18	count	time	1.000000s/cts	O Det=1	H Det=72	Mon Det=11850	Aux Det=107	O+H=73	 DONE
02/04/2023 15:10:52:	move motor	S18.axis2.piezo rotation to 1.673100deg	 DONE
02/04/2023 15:10:56:	19	count	time	1.000000s/cts	O Det=2	H Det=88	Mon Det=11328	Aux Det=81	O+H=90	 DONE
02/04/2023 15:11:00:	move motor	S18.axis2.piezo rotation to 1.673150deg	 DONE
02/04/2023 15:11:04:	20	count	time	1.000000s/cts	O Det=2	H Det=77	Mon Det=11304	Aux Det=77	O+H=79	 DONE
02/04/2023 15:11:08:	move motor	S18.axis2.piezo rotation to 1.673200deg	 DONE
02/04/2023 15:11:11:	21	count	time	1.000000s/cts	O Det=3	H Det=55	Mon Det=11085	Aux Det=53	O+H=58	 DONE
02/04/2023 15:11:15:	move motor	S18.axis2.piezo rotation to 1.673250deg	 DONE
02/04/2023 15:11:19:	22	count	time	1.000000s/cts	O Det=3	H Det=56	Mon Det=11324	Aux Det=51	O+H=59	 DONE
02/04/2023 15:11:23:	move motor	S18.axis2.piezo rotation to 1.673300deg	 DONE
02/04/2023 15:11:27:	23	count	time	1.000000s/cts	O Det=2	H Det=57	Mon Det=10782	Aux Det=50	O+H=59	 DONE
02/04/2023 15:11:31:	move motor	S18.axis2.piezo rotation to 1.673350deg	 DONE
02/04/2023 15:11:35:	24	count	time	1.000000s/cts	O Det=1	H Det=53	Mon Det=10894	Aux Det=54	O+H=54	 DONE
02/04/2023 15:11:39:	move motor	S18.axis2.piezo rotation to 1.673400deg	 DONE
02/04/2023 15:11:43:	25	count	time	1.000000s/cts	O Det=0	H Det=68	Mon Det=11224	Aux Det=63	O+H=68	 DONE
02/04/2023 15:11:47:	move motor	S18.axis2.piezo rotation to 1.673450deg	 DONE
02/04/2023 15:11:50:	26	count	time	1.000000s/cts	O Det=0	H Det=62	Mon Det=10950	Aux Det=53	O+H=62	 DONE
02/04/2023 15:11:55:	move motor	S18.axis2.piezo rotation to 1.673500deg	 DONE
02/04/2023 15:11:58:	27	count	time	1.000000s/cts	O Det=3	H Det=61	Mon Det=10597	Aux Det=62	O+H=64	 DONE
02/04/2023 15:12:02:	move motor	S18.axis2.piezo rotation to 1.673550deg	 DONE
02/04/2023 15:12:06:	28	count	time	1.000000s/cts	O Det=3	H Det=60	Mon Det=11169	Aux Det=66	O+H=63	 DONE
02/04/2023 15:12:10:	move motor	S18.axis2.piezo rotation to 1.673600deg	 DONE
02/04/2023 15:12:14:	29	count	time	1.000000s/cts	O Det=6	H Det=65	Mon Det=11046	Aux Det=62	O+H=71	 DONE
02/04/2023 15:12:18:	move motor	S18.axis2.piezo rotation to 1.673650deg	 DONE
02/04/2023 15:12:22:	30	count	time	1.000000s/cts	O Det=6	H Det=64	Mon Det=10230	Aux Det=84	O+H=70	 DONE
02/04/2023 15:12:26:	move motor	S18.axis2.piezo rotation to 1.673700deg	 DONE
02/04/2023 15:12:29:	31	count	time	1.000000s/cts	O Det=11	H Det=88	Mon Det=10437	Aux Det=94	O+H=99	 DONE
02/04/2023 15:12:33:	move motor	S18.axis2.piezo rotation to 1.673750deg	 DONE
02/04/2023 15:12:37:	32	count	time	1.000000s/cts	O Det=16	H Det=68	Mon Det=10854	Aux Det=101	O+H=84	 DONE
02/04/2023 15:12:41:	move motor	S18.axis2.piezo rotation to 1.673800deg	 DONE
02/04/2023 15:12:45:	33	count	time	1.000000s/cts	O Det=24	H Det=92	Mon Det=11022	Aux Det=118	O+H=116	 DONE
02/04/2023 15:12:49:	move motor	S18.axis2.piezo rotation to 1.673850deg	 DONE
02/04/2023 15:12:53:	34	count	time	1.000000s/cts	O Det=30	H Det=96	Mon Det=9912	Aux Det=131	O+H=126	 DONE
02/04/2023 15:12:57:	move motor	S18.axis2.piezo rotation to 1.673900deg	 DONE
02/04/2023 15:13:01:	35	count	time	1.000000s/cts	O Det=43	H Det=117	Mon Det=9962	Aux Det=125	O+H=160	 DONE
02/04/2023 15:13:05:	move motor	S18.axis2.piezo rotation to 1.673950deg	 DONE
02/04/2023 15:13:08:	36	count	time	1.000000s/cts	O Det=45	H Det=92	Mon Det=11577	Aux Det=119	O+H=137	 DONE
02/04/2023 15:13:12:	move motor	S18.axis2.piezo rotation to 1.674000deg	 DONE
02/04/2023 15:13:16:	37	count	time	1.000000s/cts	O Det=51	H Det=135	Mon Det=10888	Aux Det=146	O+H=186	 DONE
02/04/2023 15:13:20:	move motor	S18.axis2.piezo rotation to 1.674050deg	 DONE
02/04/2023 15:13:24:	38	count	time	1.000000s/cts	O Det=47	H Det=140	Mon Det=11460	Aux Det=135	O+H=187	 DONE
02/04/2023 15:13:28:	move motor	S18.axis2.piezo rotation to 1.674100deg	 DONE
02/04/2023 15:13:31:	39	count	time	1.000000s/cts	O Det=56	H Det=117	Mon Det=10733	Aux Det=126	O+H=173	 DONE
02/04/2023 15:13:36:	move motor	S18.axis2.piezo rotation to 1.674150deg	 DONE
02/04/2023 15:13:39:	40	count	time	1.000000s/cts	O Det=68	H Det=111	Mon Det=10473	Aux Det=123	O+H=179	 DONE
02/04/2023 15:13:43:	move motor	S18.axis2.piezo rotation to 1.674200deg	 DONE
02/04/2023 15:13:47:	41	count	time	1.000000s/cts	O Det=51	H Det=95	Mon Det=10771	Aux Det=107	O+H=146	 DONE
02/04/2023 15:13:51:	move motor	S18.axis2.piezo rotation to 1.674250deg	 DONE
02/04/2023 15:13:55:	42	count	time	1.000000s/cts	O Det=50	H Det=74	Mon Det=10540	Aux Det=107	O+H=124	 DONE
02/04/2023 15:13:59:	move motor	S18.axis2.piezo rotation to 1.674300deg	 DONE
02/04/2023 15:14:02:	43	count	time	1.000000s/cts	O Det=33	H Det=65	Mon Det=10966	Aux Det=110	O+H=98	 DONE
02/04/2023 15:14:06:	move motor	S18.axis2.piezo rotation to 1.674350deg	 DONE
02/04/2023 15:14:10:	44	count	time	1.000000s/cts	O Det=23	H Det=57	Mon Det=11449	Aux Det=67	O+H=80	 DONE
02/04/2023 15:14:14:	move motor	S18.axis2.piezo rotation to 1.674400deg	 DONE
02/04/2023 15:14:18:	45	count	time	1.000000s/cts	O Det=19	H Det=43	Mon Det=8958	Aux Det=61	O+H=62	 DONE
02/04/2023 15:14:22:	move motor	S18.axis2.piezo rotation to 1.674450deg	 DONE
02/04/2023 15:14:26:	46	count	time	1.000000s/cts	O Det=20	H Det=43	Mon Det=10287	Aux Det=60	O+H=63	 DONE
02/04/2023 15:14:30:	move motor	S18.axis2.piezo rotation to 1.674500deg	 DONE
02/04/2023 15:14:33:	47	count	time	1.000000s/cts	O Det=13	H Det=36	Mon Det=10490	Aux Det=57	O+H=49	 DONE
02/04/2023 15:14:37:	move motor	S18.axis2.piezo rotation to 1.674550deg	 DONE
02/04/2023 15:14:41:	48	count	time	1.000000s/cts	O Det=13	H Det=61	Mon Det=11428	Aux Det=48	O+H=74	 DONE
02/04/2023 15:14:45:	move motor	S18.axis2.piezo rotation to 1.674600deg	 DONE
02/04/2023 15:14:49:	49	count	time	1.000000s/cts	O Det=2	H Det=38	Mon Det=10934	Aux Det=44	O+H=40	 DONE
02/04/2023 15:14:53:	move motor	S18.axis2.piezo rotation to 1.674650deg	 DONE
02/04/2023 15:14:56:	50	count	time	1.000000s/cts	O Det=1	H Det=26	Mon Det=11214	Aux Det=37	O+H=27	 DONE
02/04/2023 15:15:01:	close file and end scan	 DONE
02/04/2023 15:15:02:	move motor	S18.axis2.piezo rotation to fit SUM PEAK30	NaNreached 1.67466  DONE
02/04/2023 15:15:07:	END OF SCRIPT	 DONE
