05/03/2023 22:16:03:	start execution of script D:\data\Cycle 192\exp_3-16-13\rawdata\sc\rocking.sc	 DONE
05/03/2023 22:16:04:	create file	D:\data\Cycle 192\exp_3-16-13\rawdata\sc\rocking_05Mar2216.dat	 DONE
room to enter remarks DONE
05/03/2023 22:16:06:	move motor	S18.axis2.piezo rotation to 1.674200deg	 DONE
05/03/2023 22:16:10:	1	count	time	5.000000s/cts	O Det=6	H Det=173	Mon Det=71586	Aux Det=137	O+H=179	 DONE
05/03/2023 22:16:19:	move motor	S18.axis2.piezo rotation to 1.674250deg	 DONE
05/03/2023 22:16:22:	2	count	time	5.000000s/cts	O Det=7	H Det=170	Mon Det=71909	Aux Det=172	O+H=177	 DONE
05/03/2023 22:16:30:	move motor	S18.axis2.piezo rotation to 1.674300deg	 DONE
05/03/2023 22:16:34:	3	count	time	5.000000s/cts	O Det=9	H Det=226	Mon Det=71837	Aux Det=227	O+H=235	 DONE
05/03/2023 22:16:42:	move motor	S18.axis2.piezo rotation to 1.674350deg	 DONE
05/03/2023 22:16:46:	4	count	time	5.000000s/cts	O Det=10	H Det=303	Mon Det=72481	Aux Det=275	O+H=313	 DONE
05/03/2023 22:16:55:	move motor	S18.axis2.piezo rotation to 1.674400deg	 DONE
05/03/2023 22:16:59:	5	count	time	5.000000s/cts	O Det=16	H Det=335	Mon Det=71529	Aux Det=309	O+H=351	 DONE
05/03/2023 22:17:07:	move motor	S18.axis2.piezo rotation to 1.674450deg	 DONE
05/03/2023 22:17:11:	6	count	time	5.000000s/cts	O Det=15	H Det=381	Mon Det=73035	Aux Det=347	O+H=396	 DONE
05/03/2023 22:17:19:	move motor	S18.axis2.piezo rotation to 1.674500deg	 DONE
05/03/2023 22:17:23:	7	count	time	5.000000s/cts	O Det=31	H Det=462	Mon Det=73462	Aux Det=398	O+H=493	 DONE
05/03/2023 22:17:31:	move motor	S18.axis2.piezo rotation to 1.674550deg	 DONE
05/03/2023 22:17:34:	8	count	time	5.000000s/cts	O Det=42	H Det=584	Mon Det=72862	Aux Det=532	O+H=626	 DONE
05/03/2023 22:17:43:	move motor	S18.axis2.piezo rotation to 1.674600deg	 DONE
05/03/2023 22:17:46:	9	count	time	5.000000s/cts	O Det=58	H Det=695	Mon Det=71544	Aux Det=633	O+H=753	 DONE
05/03/2023 22:17:55:	move motor	S18.axis2.piezo rotation to 1.674650deg	 DONE
05/03/2023 22:17:58:	10	count	time	5.000000s/cts	O Det=117	H Det=962	Mon Det=72319	Aux Det=857	O+H=1079	 DONE
05/03/2023 22:18:06:	move motor	S18.axis2.piezo rotation to 1.674700deg	 DONE
05/03/2023 22:18:10:	11	count	time	5.000000s/cts	O Det=165	H Det=1276	Mon Det=72181	Aux Det=945	O+H=1441	 DONE
05/03/2023 22:18:18:	move motor	S18.axis2.piezo rotation to 1.674750deg	 DONE
05/03/2023 22:18:22:	12	count	time	5.000000s/cts	O Det=240	H Det=1513	Mon Det=72963	Aux Det=1073	O+H=1753	 DONE
05/03/2023 22:18:30:	move motor	S18.axis2.piezo rotation to 1.674800deg	 DONE
05/03/2023 22:18:34:	13	count	time	5.000000s/cts	O Det=292	H Det=1949	Mon Det=72099	Aux Det=1274	O+H=2241	 DONE
05/03/2023 22:18:42:	move motor	S18.axis2.piezo rotation to 1.674850deg	 DONE
05/03/2023 22:18:46:	14	count	time	5.000000s/cts	O Det=404	H Det=2066	Mon Det=72400	Aux Det=1359	O+H=2470	 DONE
05/03/2023 22:18:55:	move motor	S18.axis2.piezo rotation to 1.674900deg	 DONE
05/03/2023 22:18:58:	15	count	time	5.000000s/cts	O Det=390	H Det=2160	Mon Det=72066	Aux Det=1269	O+H=2550	 DONE
05/03/2023 22:19:07:	move motor	S18.axis2.piezo rotation to 1.674950deg	 DONE
05/03/2023 22:19:10:	16	count	time	5.000000s/cts	O Det=421	H Det=2193	Mon Det=71894	Aux Det=1288	O+H=2614	 DONE
05/03/2023 22:19:18:	move motor	S18.axis2.piezo rotation to 1.675000deg	 DONE
05/03/2023 22:19:22:	17	count	time	5.000000s/cts	O Det=401	H Det=2162	Mon Det=73610	Aux Det=1199	O+H=2563	 DONE
05/03/2023 22:19:30:	move motor	S18.axis2.piezo rotation to 1.675050deg	 DONE
05/03/2023 22:19:34:	18	count	time	5.000000s/cts	O Det=359	H Det=1958	Mon Det=71760	Aux Det=1098	O+H=2317	 DONE
05/03/2023 22:19:42:	move motor	S18.axis2.piezo rotation to 1.675100deg	 DONE
05/03/2023 22:19:46:	19	count	time	5.000000s/cts	O Det=299	H Det=1655	Mon Det=72865	Aux Det=1035	O+H=1954	 DONE
05/03/2023 22:19:54:	move motor	S18.axis2.piezo rotation to 1.675150deg	 DONE
05/03/2023 22:19:58:	20	count	time	5.000000s/cts	O Det=236	H Det=1460	Mon Det=71914	Aux Det=956	O+H=1696	 DONE
05/03/2023 22:20:06:	move motor	S18.axis2.piezo rotation to 1.675200deg	 DONE
05/03/2023 22:20:10:	21	count	time	5.000000s/cts	O Det=176	H Det=1183	Mon Det=72326	Aux Det=814	O+H=1359	 DONE
05/03/2023 22:20:18:	move motor	S18.axis2.piezo rotation to 1.675250deg	 DONE
05/03/2023 22:20:22:	22	count	time	5.000000s/cts	O Det=95	H Det=804	Mon Det=73794	Aux Det=604	O+H=899	 DONE
05/03/2023 22:20:30:	move motor	S18.axis2.piezo rotation to 1.675300deg	 DONE
05/03/2023 22:20:34:	23	count	time	5.000000s/cts	O Det=89	H Det=708	Mon Det=72512	Aux Det=563	O+H=797	 DONE
05/03/2023 22:20:42:	move motor	S18.axis2.piezo rotation to 1.675350deg	 DONE
05/03/2023 22:20:46:	24	count	time	5.000000s/cts	O Det=49	H Det=540	Mon Det=74499	Aux Det=470	O+H=589	 DONE
05/03/2023 22:20:54:	move motor	S18.axis2.piezo rotation to 1.675400deg	 DONE
05/03/2023 22:20:58:	25	count	time	5.000000s/cts	O Det=45	H Det=419	Mon Det=72978	Aux Det=368	O+H=464	 DONE
05/03/2023 22:21:06:	move motor	S18.axis2.piezo rotation to 1.675450deg	 DONE
05/03/2023 22:21:10:	26	count	time	5.000000s/cts	O Det=32	H Det=364	Mon Det=72087	Aux Det=353	O+H=396	 DONE
05/03/2023 22:21:18:	move motor	S18.axis2.piezo rotation to 1.675500deg	 DONE
05/03/2023 22:21:22:	27	count	time	5.000000s/cts	O Det=23	H Det=313	Mon Det=73564	Aux Det=279	O+H=336	 DONE
05/03/2023 22:21:30:	move motor	S18.axis2.piezo rotation to 1.675550deg	 DONE
05/03/2023 22:21:33:	28	count	time	5.000000s/cts	O Det=12	H Det=253	Mon Det=72164	Aux Det=209	O+H=265	 DONE
05/03/2023 22:21:41:	move motor	S18.axis2.piezo rotation to 1.675600deg	 DONE
05/03/2023 22:21:45:	29	count	time	5.000000s/cts	O Det=8	H Det=226	Mon Det=74902	Aux Det=211	O+H=234	 DONE
05/03/2023 22:21:54:	move motor	S18.axis2.piezo rotation to 1.675650deg	 DONE
05/03/2023 22:21:57:	30	count	time	5.000000s/cts	O Det=3	H Det=193	Mon Det=72027	Aux Det=169	O+H=196	 DONE
05/03/2023 22:22:06:	move motor	S18.axis2.piezo rotation to 1.675700deg	 DONE
05/03/2023 22:22:09:	31	count	time	5.000000s/cts	O Det=4	H Det=189	Mon Det=71987	Aux Det=153	O+H=193	 DONE
05/03/2023 22:22:17:	move motor	S18.axis2.piezo rotation to 1.675750deg	 DONE
05/03/2023 22:22:22:	32	count	time	5.000000s/cts	O Det=3	H Det=173	Mon Det=70970	Aux Det=133	O+H=176	 DONE
05/03/2023 22:22:30:	move motor	S18.axis2.piezo rotation to 1.675800deg	 DONE
05/03/2023 22:22:33:	33	count	time	5.000000s/cts	O Det=8	H Det=143	Mon Det=72377	Aux Det=130	O+H=151	 DONE
05/03/2023 22:22:41:	move motor	S18.axis2.piezo rotation to 1.675850deg	 DONE
05/03/2023 22:22:45:	34	count	time	5.000000s/cts	O Det=3	H Det=125	Mon Det=72592	Aux Det=107	O+H=128	 DONE
05/03/2023 22:22:53:	move motor	S18.axis2.piezo rotation to 1.675900deg	 DONE
05/03/2023 22:22:57:	35	count	time	5.000000s/cts	O Det=4	H Det=124	Mon Det=73707	Aux Det=97	O+H=128	 DONE
05/03/2023 22:23:05:	close file and end scan	 DONE
05/03/2023 22:23:06:	move motor	S18.axis2.piezo rotation to fit SUM PEAK30	1.674942reached 1.67495  DONE
05/03/2023 22:23:10:	END OF SCRIPT	 DONE
