04/03/2023 17:37:38:	start execution of script D:\data\Cycle 192\exp_3-16-13\rawdata\sc\rocking.sc	 DONE
04/03/2023 17:37:39:	create file	D:\data\Cycle 192\exp_3-16-13\rawdata\sc\rocking_04Mar1737.dat	 DONE
room to enter remarks DONE
04/03/2023 17:37:41:	move motor	S18.axis2.piezo rotation to 1.674200deg	 DONE
04/03/2023 17:37:46:	1	count	time	5.000000s/cts	O Det=5	H Det=34	Mon Det=75567	Aux Det=137	O+H=39	 DONE
04/03/2023 17:37:54:	move motor	S18.axis2.piezo rotation to 1.674250deg	 DONE
04/03/2023 17:37:57:	2	count	time	5.000000s/cts	O Det=8	H Det=34	Mon Det=75068	Aux Det=122	O+H=42	 DONE
04/03/2023 17:38:05:	move motor	S18.axis2.piezo rotation to 1.674300deg	 DONE
04/03/2023 17:38:09:	3	count	time	5.000000s/cts	O Det=3	H Det=35	Mon Det=74366	Aux Det=144	O+H=38	 DONE
04/03/2023 17:38:17:	move motor	S18.axis2.piezo rotation to 1.674350deg	 DONE
04/03/2023 17:38:20:	4	count	time	5.000000s/cts	O Det=7	H Det=37	Mon Det=75463	Aux Det=156	O+H=44	 DONE
04/03/2023 17:38:29:	move motor	S18.axis2.piezo rotation to 1.674400deg	 DONE
04/03/2023 17:38:32:	5	count	time	5.000000s/cts	O Det=12	H Det=66	Mon Det=75825	Aux Det=209	O+H=78	 DONE
04/03/2023 17:38:40:	move motor	S18.axis2.piezo rotation to 1.674450deg	 DONE
04/03/2023 17:38:44:	6	count	time	5.000000s/cts	O Det=14	H Det=64	Mon Det=75162	Aux Det=235	O+H=78	 DONE
04/03/2023 17:38:52:	move motor	S18.axis2.piezo rotation to 1.674500deg	 DONE
04/03/2023 17:38:56:	7	count	time	5.000000s/cts	O Det=28	H Det=80	Mon Det=74459	Aux Det=280	O+H=108	 DONE
04/03/2023 17:39:04:	move motor	S18.axis2.piezo rotation to 1.674550deg	 DONE
04/03/2023 17:39:07:	8	count	time	5.000000s/cts	O Det=30	H Det=110	Mon Det=74650	Aux Det=354	O+H=140	 DONE
04/03/2023 17:39:16:	move motor	S18.axis2.piezo rotation to 1.674600deg	 DONE
04/03/2023 17:39:20:	9	count	time	5.000000s/cts	O Det=40	H Det=75	Mon Det=74339	Aux Det=388	O+H=115	 DONE
04/03/2023 17:39:28:	move motor	S18.axis2.piezo rotation to 1.674650deg	 DONE
04/03/2023 17:39:31:	10	count	time	5.000000s/cts	O Det=65	H Det=112	Mon Det=75458	Aux Det=447	O+H=177	 DONE
04/03/2023 17:39:39:	move motor	S18.axis2.piezo rotation to 1.674700deg	 DONE
04/03/2023 17:39:43:	11	count	time	5.000000s/cts	O Det=113	H Det=142	Mon Det=74484	Aux Det=591	O+H=255	 DONE
04/03/2023 17:39:51:	move motor	S18.axis2.piezo rotation to 1.674750deg	 DONE
04/03/2023 17:39:55:	12	count	time	5.000000s/cts	O Det=166	H Det=160	Mon Det=74627	Aux Det=756	O+H=326	 DONE
04/03/2023 17:40:03:	move motor	S18.axis2.piezo rotation to 1.674800deg	 DONE
04/03/2023 17:40:06:	13	count	time	5.000000s/cts	O Det=298	H Det=277	Mon Det=74540	Aux Det=947	O+H=575	 DONE
04/03/2023 17:40:15:	move motor	S18.axis2.piezo rotation to 1.674850deg	 DONE
04/03/2023 17:40:18:	14	count	time	5.000000s/cts	O Det=510	H Det=517	Mon Det=74418	Aux Det=1161	O+H=1027	 DONE
04/03/2023 17:40:26:	move motor	S18.axis2.piezo rotation to 1.674900deg	 DONE
04/03/2023 17:40:30:	15	count	time	5.000000s/cts	O Det=611	H Det=694	Mon Det=75298	Aux Det=1248	O+H=1305	 DONE
04/03/2023 17:40:38:	move motor	S18.axis2.piezo rotation to 1.674950deg	 DONE
04/03/2023 17:40:42:	16	count	time	5.000000s/cts	O Det=689	H Det=838	Mon Det=74300	Aux Det=1356	O+H=1527	 DONE
04/03/2023 17:40:50:	move motor	S18.axis2.piezo rotation to 1.675000deg	 DONE
04/03/2023 17:40:53:	17	count	time	5.000000s/cts	O Det=823	H Det=829	Mon Det=74752	Aux Det=1255	O+H=1652	 DONE
04/03/2023 17:41:01:	move motor	S18.axis2.piezo rotation to 1.675050deg	 DONE
04/03/2023 17:41:05:	18	count	time	5.000000s/cts	O Det=869	H Det=929	Mon Det=75444	Aux Det=1258	O+H=1798	 DONE
04/03/2023 17:41:13:	move motor	S18.axis2.piezo rotation to 1.675100deg	 DONE
04/03/2023 17:41:17:	19	count	time	5.000000s/cts	O Det=882	H Det=823	Mon Det=73894	Aux Det=1125	O+H=1705	 DONE
04/03/2023 17:41:25:	move motor	S18.axis2.piezo rotation to 1.675150deg	 DONE
04/03/2023 17:41:28:	20	count	time	5.000000s/cts	O Det=772	H Det=726	Mon Det=73364	Aux Det=1154	O+H=1498	 DONE
04/03/2023 17:41:36:	move motor	S18.axis2.piezo rotation to 1.675200deg	 DONE
04/03/2023 17:41:40:	21	count	time	5.000000s/cts	O Det=716	H Det=559	Mon Det=76141	Aux Det=1013	O+H=1275	 DONE
04/03/2023 17:41:48:	move motor	S18.axis2.piezo rotation to 1.675250deg	 DONE
04/03/2023 17:41:52:	22	count	time	5.000000s/cts	O Det=526	H Det=379	Mon Det=73623	Aux Det=915	O+H=905	 DONE
04/03/2023 17:42:00:	move motor	S18.axis2.piezo rotation to 1.675300deg	 DONE
04/03/2023 17:42:04:	23	count	time	5.000000s/cts	O Det=436	H Det=242	Mon Det=74785	Aux Det=799	O+H=678	 DONE
04/03/2023 17:42:12:	move motor	S18.axis2.piezo rotation to 1.675350deg	 DONE
04/03/2023 17:42:16:	24	count	time	5.000000s/cts	O Det=272	H Det=142	Mon Det=76292	Aux Det=759	O+H=414	 DONE
04/03/2023 17:42:24:	move motor	S18.axis2.piezo rotation to 1.675400deg	 DONE
04/03/2023 17:42:28:	25	count	time	5.000000s/cts	O Det=200	H Det=117	Mon Det=74826	Aux Det=576	O+H=317	 DONE
04/03/2023 17:42:36:	move motor	S18.axis2.piezo rotation to 1.675450deg	 DONE
04/03/2023 17:42:39:	26	count	time	5.000000s/cts	O Det=114	H Det=73	Mon Det=75520	Aux Det=502	O+H=187	 DONE
04/03/2023 17:42:47:	move motor	S18.axis2.piezo rotation to 1.675500deg	 DONE
04/03/2023 17:42:51:	27	count	time	5.000000s/cts	O Det=83	H Det=90	Mon Det=76999	Aux Det=402	O+H=173	 DONE
04/03/2023 17:42:59:	move motor	S18.axis2.piezo rotation to 1.675550deg	 DONE
04/03/2023 17:43:02:	28	count	time	5.000000s/cts	O Det=43	H Det=78	Mon Det=74475	Aux Det=373	O+H=121	 DONE
04/03/2023 17:43:11:	move motor	S18.axis2.piezo rotation to 1.675600deg	 DONE
04/03/2023 17:43:14:	29	count	time	5.000000s/cts	O Det=43	H Det=62	Mon Det=74743	Aux Det=267	O+H=105	 DONE
04/03/2023 17:43:22:	move motor	S18.axis2.piezo rotation to 1.675650deg	 DONE
04/03/2023 17:43:26:	30	count	time	5.000000s/cts	O Det=21	H Det=65	Mon Det=75534	Aux Det=258	O+H=86	 DONE
04/03/2023 17:43:34:	move motor	S18.axis2.piezo rotation to 1.675700deg	 DONE
04/03/2023 17:43:38:	31	count	time	5.000000s/cts	O Det=20	H Det=33	Mon Det=74578	Aux Det=200	O+H=53	 DONE
04/03/2023 17:43:46:	move motor	S18.axis2.piezo rotation to 1.675750deg	 DONE
04/03/2023 17:43:50:	32	count	time	5.000000s/cts	O Det=18	H Det=48	Mon Det=76303	Aux Det=168	O+H=66	 DONE
04/03/2023 17:43:58:	move motor	S18.axis2.piezo rotation to 1.675800deg	 DONE
04/03/2023 17:44:01:	33	count	time	5.000000s/cts	O Det=8	H Det=31	Mon Det=73799	Aux Det=163	O+H=39	 DONE
04/03/2023 17:44:09:	move motor	S18.axis2.piezo rotation to 1.675850deg	 DONE
04/03/2023 17:44:13:	34	count	time	5.000000s/cts	O Det=10	H Det=32	Mon Det=76354	Aux Det=140	O+H=42	 DONE
04/03/2023 17:44:21:	move motor	S18.axis2.piezo rotation to 1.675900deg	 DONE
04/03/2023 17:44:24:	35	count	time	5.000000s/cts	O Det=11	H Det=26	Mon Det=75640	Aux Det=131	O+H=37	 DONE
04/03/2023 17:44:33:	close file and end scan	 DONE
04/03/2023 17:44:34:	move motor	S18.axis2.piezo rotation to fit SUM PEAK30	1.675050reached 1.67505  DONE
04/03/2023 17:44:38:	END OF SCRIPT	 DONE
