02/04/2023 15:33:00:	start execution of script D:\data\Cycle 192\exp_3-16-13\rawdata\sc\rocking.sc	 DONE
02/04/2023 15:33:01:	create file	D:\data\Cycle 192\exp_3-16-13\rawdata\sc\rocking_02Apr1533.dat	 DONE
room to enter remarks DONE
02/04/2023 15:33:04:	move motor	S18.axis2.piezo rotation to 1.673250deg	 DONE
02/04/2023 15:33:08:	1	count	time	10.000000s/cts	O Det=13	H Det=610	Mon Det=101622	Aux Det=596	O+H=623	 DONE
02/04/2023 15:33:21:	move motor	S18.axis2.piezo rotation to 1.673300deg	 DONE
02/04/2023 15:33:24:	2	count	time	10.000000s/cts	O Det=10	H Det=539	Mon Det=101402	Aux Det=578	O+H=549	 DONE
02/04/2023 15:33:38:	move motor	S18.axis2.piezo rotation to 1.673350deg	 DONE
02/04/2023 15:33:41:	3	count	time	10.000000s/cts	O Det=18	H Det=590	Mon Det=111784	Aux Det=524	O+H=608	 DONE
02/04/2023 15:33:55:	move motor	S18.axis2.piezo rotation to 1.673400deg	 DONE
02/04/2023 15:33:58:	4	count	time	10.000000s/cts	O Det=20	H Det=630	Mon Det=106043	Aux Det=596	O+H=650	 DONE
02/04/2023 15:34:11:	move motor	S18.axis2.piezo rotation to 1.673450deg	 DONE
02/04/2023 15:34:15:	5	count	time	10.000000s/cts	O Det=28	H Det=621	Mon Det=112325	Aux Det=616	O+H=649	 DONE
02/04/2023 15:34:28:	move motor	S18.axis2.piezo rotation to 1.673500deg	 DONE
02/04/2023 15:34:32:	6	count	time	10.000000s/cts	O Det=36	H Det=657	Mon Det=107216	Aux Det=596	O+H=693	 DONE
02/04/2023 15:34:45:	move motor	S18.axis2.piezo rotation to 1.673550deg	 DONE
02/04/2023 15:34:49:	7	count	time	10.000000s/cts	O Det=34	H Det=547	Mon Det=107940	Aux Det=553	O+H=581	 DONE
02/04/2023 15:35:02:	move motor	S18.axis2.piezo rotation to 1.673600deg	 DONE
02/04/2023 15:35:06:	8	count	time	10.000000s/cts	O Det=59	H Det=623	Mon Det=113322	Aux Det=673	O+H=682	 DONE
02/04/2023 15:35:19:	move motor	S18.axis2.piezo rotation to 1.673650deg	 DONE
02/04/2023 15:35:23:	9	count	time	10.000000s/cts	O Det=75	H Det=673	Mon Det=110921	Aux Det=727	O+H=748	 DONE
02/04/2023 15:35:36:	move motor	S18.axis2.piezo rotation to 1.673700deg	 DONE
02/04/2023 15:35:39:	10	count	time	10.000000s/cts	O Det=113	H Det=714	Mon Det=107304	Aux Det=813	O+H=827	 DONE
02/04/2023 15:35:52:	move motor	S18.axis2.piezo rotation to 1.673750deg	 DONE
02/04/2023 15:35:56:	11	count	time	10.000000s/cts	O Det=172	H Det=797	Mon Det=105382	Aux Det=907	O+H=969	 DONE
02/04/2023 15:36:09:	move motor	S18.axis2.piezo rotation to 1.673800deg	 DONE
02/04/2023 15:36:13:	12	count	time	10.000000s/cts	O Det=196	H Det=913	Mon Det=106583	Aux Det=1055	O+H=1109	 DONE
02/04/2023 15:36:26:	move motor	S18.axis2.piezo rotation to 1.673850deg	 DONE
02/04/2023 15:36:30:	13	count	time	10.000000s/cts	O Det=270	H Det=963	Mon Det=112146	Aux Det=1197	O+H=1233	 DONE
02/04/2023 15:36:43:	move motor	S18.axis2.piezo rotation to 1.673900deg	 DONE
02/04/2023 15:36:46:	14	count	time	10.000000s/cts	O Det=350	H Det=1101	Mon Det=109125	Aux Det=1281	O+H=1451	 DONE
02/04/2023 15:37:00:	move motor	S18.axis2.piezo rotation to 1.673950deg	 DONE
02/04/2023 15:37:03:	15	count	time	10.000000s/cts	O Det=423	H Det=1236	Mon Det=107187	Aux Det=1318	O+H=1659	 DONE
02/04/2023 15:37:16:	move motor	S18.axis2.piezo rotation to 1.674000deg	 DONE
02/04/2023 15:37:20:	16	count	time	10.000000s/cts	O Det=527	H Det=1328	Mon Det=112446	Aux Det=1303	O+H=1855	 DONE
02/04/2023 15:37:33:	move motor	S18.axis2.piezo rotation to 1.674050deg	 DONE
02/04/2023 15:37:37:	17	count	time	10.000000s/cts	O Det=518	H Det=1245	Mon Det=107970	Aux Det=1338	O+H=1763	 DONE
02/04/2023 15:37:50:	move motor	S18.axis2.piezo rotation to 1.674100deg	 DONE
02/04/2023 15:37:53:	18	count	time	10.000000s/cts	O Det=555	H Det=1214	Mon Det=107787	Aux Det=1316	O+H=1769	 DONE
02/04/2023 15:38:07:	move motor	S18.axis2.piezo rotation to 1.674150deg	 DONE
02/04/2023 15:38:10:	19	count	time	10.000000s/cts	O Det=509	H Det=1191	Mon Det=106852	Aux Det=1293	O+H=1700	 DONE
02/04/2023 15:38:23:	move motor	S18.axis2.piezo rotation to 1.674200deg	 DONE
02/04/2023 15:38:27:	20	count	time	10.000000s/cts	O Det=433	H Det=1023	Mon Det=111546	Aux Det=1140	O+H=1456	 DONE
02/04/2023 15:38:40:	move motor	S18.axis2.piezo rotation to 1.674250deg	 DONE
02/04/2023 15:38:44:	21	count	time	10.000000s/cts	O Det=406	H Det=947	Mon Det=109841	Aux Det=1017	O+H=1353	 DONE
02/04/2023 15:38:57:	move motor	S18.axis2.piezo rotation to 1.674300deg	 DONE
02/04/2023 15:39:01:	22	count	time	10.000000s/cts	O Det=312	H Det=805	Mon Det=108623	Aux Det=968	O+H=1117	 DONE
02/04/2023 15:39:14:	move motor	S18.axis2.piezo rotation to 1.674350deg	 DONE
02/04/2023 15:39:18:	23	count	time	10.000000s/cts	O Det=269	H Det=677	Mon Det=105967	Aux Det=894	O+H=946	 DONE
02/04/2023 15:39:31:	move motor	S18.axis2.piezo rotation to 1.674400deg	 DONE
02/04/2023 15:39:34:	24	count	time	10.000000s/cts	O Det=184	H Det=633	Mon Det=112178	Aux Det=709	O+H=817	 DONE
02/04/2023 15:39:48:	move motor	S18.axis2.piezo rotation to 1.674450deg	 DONE
02/04/2023 15:39:51:	25	count	time	10.000000s/cts	O Det=139	H Det=545	Mon Det=109324	Aux Det=617	O+H=684	 DONE
02/04/2023 15:40:04:	move motor	S18.axis2.piezo rotation to 1.674500deg	 DONE
02/04/2023 15:40:08:	26	count	time	10.000000s/cts	O Det=96	H Det=460	Mon Det=111877	Aux Det=509	O+H=556	 DONE
02/04/2023 15:40:21:	move motor	S18.axis2.piezo rotation to 1.674550deg	 DONE
02/04/2023 15:40:25:	27	count	time	10.000000s/cts	O Det=57	H Det=399	Mon Det=108229	Aux Det=415	O+H=456	 DONE
02/04/2023 15:40:38:	move motor	S18.axis2.piezo rotation to 1.674600deg	 DONE
02/04/2023 15:40:41:	28	count	time	10.000000s/cts	O Det=45	H Det=348	Mon Det=106524	Aux Det=391	O+H=393	 DONE
02/04/2023 15:40:55:	move motor	S18.axis2.piezo rotation to 1.674650deg	 DONE
02/04/2023 15:40:58:	29	count	time	10.000000s/cts	O Det=42	H Det=304	Mon Det=107581	Aux Det=355	O+H=346	 DONE
02/04/2023 15:41:11:	move motor	S18.axis2.piezo rotation to 1.674700deg	 DONE
02/04/2023 15:41:15:	30	count	time	10.000000s/cts	O Det=30	H Det=281	Mon Det=111300	Aux Det=294	O+H=311	 DONE
02/04/2023 15:41:28:	move motor	S18.axis2.piezo rotation to 1.674750deg	 DONE
02/04/2023 15:41:32:	31	count	time	10.000000s/cts	O Det=22	H Det=256	Mon Det=106755	Aux Det=274	O+H=278	 DONE
02/04/2023 15:41:45:	move motor	S18.axis2.piezo rotation to 1.674800deg	 DONE
02/04/2023 15:41:49:	32	count	time	10.000000s/cts	O Det=14	H Det=213	Mon Det=110473	Aux Det=222	O+H=227	 DONE
02/04/2023 15:42:02:	move motor	S18.axis2.piezo rotation to 1.674850deg	 DONE
02/04/2023 15:42:06:	33	count	time	10.000000s/cts	O Det=12	H Det=200	Mon Det=110224	Aux Det=205	O+H=212	 DONE
02/04/2023 15:42:19:	move motor	S18.axis2.piezo rotation to 1.674900deg	 DONE
02/04/2023 15:42:23:	34	count	time	10.000000s/cts	O Det=13	H Det=196	Mon Det=106728	Aux Det=168	O+H=209	 DONE
02/04/2023 15:42:36:	move motor	S18.axis2.piezo rotation to 1.674950deg	 DONE
02/04/2023 15:42:40:	35	count	time	10.000000s/cts	O Det=14	H Det=182	Mon Det=106133	Aux Det=188	O+H=196	 DONE
02/04/2023 15:42:53:	move motor	S18.axis2.piezo rotation to 1.675000deg	 DONE
02/04/2023 15:42:56:	36	count	time	10.000000s/cts	O Det=7	H Det=141	Mon Det=107279	Aux Det=139	O+H=148	 DONE
02/04/2023 15:43:10:	move motor	S18.axis2.piezo rotation to 1.675050deg	 DONE
02/04/2023 15:43:13:	37	count	time	10.000000s/cts	O Det=7	H Det=142	Mon Det=111726	Aux Det=149	O+H=149	 DONE
02/04/2023 15:43:26:	move motor	S18.axis2.piezo rotation to 1.675100deg	 DONE
02/04/2023 15:43:30:	38	count	time	10.000000s/cts	O Det=6	H Det=153	Mon Det=109464	Aux Det=119	O+H=159	 DONE
02/04/2023 15:43:43:	move motor	S18.axis2.piezo rotation to 1.675150deg	 DONE
02/04/2023 15:43:47:	39	count	time	10.000000s/cts	O Det=8	H Det=116	Mon Det=108852	Aux Det=134	O+H=124	 DONE
02/04/2023 15:44:00:	move motor	S18.axis2.piezo rotation to 1.675200deg	 DONE
02/04/2023 15:44:03:	40	count	time	10.000000s/cts	O Det=5	H Det=129	Mon Det=110456	Aux Det=109	O+H=134	 DONE
02/04/2023 15:44:17:	close file and end scan	 DONE
02/04/2023 15:44:18:	move motor	S18.axis2.piezo rotation to fit O PEAK30	1.674092reached 1.67409  DONE
02/04/2023 15:44:21:	END OF SCRIPT	 DONE
