04/03/2023 20:14:03:	start execution of script D:\data\Cycle 192\exp_3-16-13\rawdata\sc\rocking.sc	 DONE
04/03/2023 20:14:04:	create file	D:\data\Cycle 192\exp_3-16-13\rawdata\sc\rocking_04Mar2014.dat	 DONE
room to enter remarks DONE
04/03/2023 20:14:06:	move motor	S18.axis2.piezo rotation to 1.674200deg	 DONE
04/03/2023 20:14:10:	1	count	time	5.000000s/cts	O Det=8	H Det=45	Mon Det=76296	Aux Det=139	O+H=53	 DONE
04/03/2023 20:14:18:	move motor	S18.axis2.piezo rotation to 1.674250deg	 DONE
04/03/2023 20:14:22:	2	count	time	5.000000s/cts	O Det=6	H Det=48	Mon Det=74661	Aux Det=169	O+H=54	 DONE
04/03/2023 20:14:30:	move motor	S18.axis2.piezo rotation to 1.674300deg	 DONE
04/03/2023 20:14:33:	3	count	time	5.000000s/cts	O Det=7	H Det=40	Mon Det=76022	Aux Det=169	O+H=47	 DONE
04/03/2023 20:14:42:	move motor	S18.axis2.piezo rotation to 1.674350deg	 DONE
04/03/2023 20:14:45:	4	count	time	5.000000s/cts	O Det=14	H Det=45	Mon Det=75982	Aux Det=210	O+H=59	 DONE
04/03/2023 20:14:53:	move motor	S18.axis2.piezo rotation to 1.674400deg	 DONE
04/03/2023 20:14:57:	5	count	time	5.000000s/cts	O Det=17	H Det=64	Mon Det=74722	Aux Det=253	O+H=81	 DONE
04/03/2023 20:15:05:	move motor	S18.axis2.piezo rotation to 1.674450deg	 DONE
04/03/2023 20:15:09:	6	count	time	5.000000s/cts	O Det=18	H Det=87	Mon Det=75324	Aux Det=304	O+H=105	 DONE
04/03/2023 20:15:17:	move motor	S18.axis2.piezo rotation to 1.674500deg	 DONE
04/03/2023 20:15:21:	7	count	time	5.000000s/cts	O Det=37	H Det=93	Mon Det=76086	Aux Det=341	O+H=130	 DONE
04/03/2023 20:15:29:	move motor	S18.axis2.piezo rotation to 1.674550deg	 DONE
04/03/2023 20:15:33:	8	count	time	5.000000s/cts	O Det=32	H Det=107	Mon Det=75303	Aux Det=404	O+H=139	 DONE
04/03/2023 20:15:41:	move motor	S18.axis2.piezo rotation to 1.674600deg	 DONE
04/03/2023 20:15:44:	9	count	time	5.000000s/cts	O Det=78	H Det=136	Mon Det=76313	Aux Det=513	O+H=214	 DONE
04/03/2023 20:15:53:	move motor	S18.axis2.piezo rotation to 1.674650deg	 DONE
04/03/2023 20:15:56:	10	count	time	5.000000s/cts	O Det=131	H Det=141	Mon Det=76989	Aux Det=664	O+H=272	 DONE
04/03/2023 20:16:04:	move motor	S18.axis2.piezo rotation to 1.674700deg	 DONE
04/03/2023 20:16:08:	11	count	time	5.000000s/cts	O Det=250	H Det=195	Mon Det=76565	Aux Det=790	O+H=445	 DONE
04/03/2023 20:16:16:	move motor	S18.axis2.piezo rotation to 1.674750deg	 DONE
04/03/2023 20:16:20:	12	count	time	5.000000s/cts	O Det=272	H Det=303	Mon Det=75764	Aux Det=925	O+H=575	 DONE
04/03/2023 20:16:28:	move motor	S18.axis2.piezo rotation to 1.674800deg	 DONE
04/03/2023 20:16:32:	13	count	time	5.000000s/cts	O Det=521	H Det=525	Mon Det=77084	Aux Det=1155	O+H=1046	 DONE
04/03/2023 20:16:40:	move motor	S18.axis2.piezo rotation to 1.674850deg	 DONE
04/03/2023 20:16:44:	14	count	time	5.000000s/cts	O Det=665	H Det=764	Mon Det=76612	Aux Det=1233	O+H=1429	 DONE
04/03/2023 20:16:52:	move motor	S18.axis2.piezo rotation to 1.674900deg	 DONE
04/03/2023 20:16:55:	15	count	time	5.000000s/cts	O Det=779	H Det=796	Mon Det=76120	Aux Det=1353	O+H=1575	 DONE
04/03/2023 20:17:04:	move motor	S18.axis2.piezo rotation to 1.674950deg	 DONE
04/03/2023 20:17:07:	16	count	time	5.000000s/cts	O Det=799	H Det=860	Mon Det=76384	Aux Det=1294	O+H=1659	 DONE
04/03/2023 20:17:15:	move motor	S18.axis2.piezo rotation to 1.675000deg	 DONE
04/03/2023 20:17:19:	17	count	time	5.000000s/cts	O Det=809	H Det=870	Mon Det=75582	Aux Det=1241	O+H=1679	 DONE
04/03/2023 20:17:27:	move motor	S18.axis2.piezo rotation to 1.675050deg	 DONE
04/03/2023 20:17:30:	18	count	time	5.000000s/cts	O Det=861	H Det=754	Mon Det=76690	Aux Det=1188	O+H=1615	 DONE
04/03/2023 20:17:39:	move motor	S18.axis2.piezo rotation to 1.675100deg	 DONE
04/03/2023 20:17:42:	19	count	time	5.000000s/cts	O Det=747	H Det=632	Mon Det=75503	Aux Det=1124	O+H=1379	 DONE
04/03/2023 20:17:50:	move motor	S18.axis2.piezo rotation to 1.675150deg	 DONE
04/03/2023 20:17:54:	20	count	time	5.000000s/cts	O Det=642	H Det=499	Mon Det=75721	Aux Det=1022	O+H=1141	 DONE
04/03/2023 20:18:02:	move motor	S18.axis2.piezo rotation to 1.675200deg	 DONE
04/03/2023 20:18:06:	21	count	time	5.000000s/cts	O Det=477	H Det=293	Mon Det=76287	Aux Det=880	O+H=770	 DONE
04/03/2023 20:18:14:	move motor	S18.axis2.piezo rotation to 1.675250deg	 DONE
04/03/2023 20:18:17:	22	count	time	5.000000s/cts	O Det=366	H Det=196	Mon Det=75856	Aux Det=727	O+H=562	 DONE
04/03/2023 20:18:25:	move motor	S18.axis2.piezo rotation to 1.675300deg	 DONE
04/03/2023 20:18:29:	23	count	time	5.000000s/cts	O Det=262	H Det=130	Mon Det=76732	Aux Det=622	O+H=392	 DONE
04/03/2023 20:18:37:	move motor	S18.axis2.piezo rotation to 1.675350deg	 DONE
04/03/2023 20:18:41:	24	count	time	5.000000s/cts	O Det=176	H Det=78	Mon Det=75576	Aux Det=558	O+H=254	 DONE
04/03/2023 20:18:49:	move motor	S18.axis2.piezo rotation to 1.675400deg	 DONE
04/03/2023 20:18:53:	25	count	time	5.000000s/cts	O Det=108	H Det=96	Mon Det=75878	Aux Det=457	O+H=204	 DONE
04/03/2023 20:19:01:	move motor	S18.axis2.piezo rotation to 1.675450deg	 DONE
04/03/2023 20:19:04:	26	count	time	5.000000s/cts	O Det=51	H Det=62	Mon Det=76322	Aux Det=357	O+H=113	 DONE
04/03/2023 20:19:12:	move motor	S18.axis2.piezo rotation to 1.675500deg	 DONE
04/03/2023 20:19:16:	27	count	time	5.000000s/cts	O Det=55	H Det=66	Mon Det=75280	Aux Det=346	O+H=121	 DONE
04/03/2023 20:19:24:	move motor	S18.axis2.piezo rotation to 1.675550deg	 DONE
04/03/2023 20:19:28:	28	count	time	5.000000s/cts	O Det=29	H Det=73	Mon Det=75392	Aux Det=281	O+H=102	 DONE
04/03/2023 20:19:36:	move motor	S18.axis2.piezo rotation to 1.675600deg	 DONE
04/03/2023 20:19:39:	29	count	time	5.000000s/cts	O Det=28	H Det=55	Mon Det=75892	Aux Det=217	O+H=83	 DONE
04/03/2023 20:19:48:	move motor	S18.axis2.piezo rotation to 1.675650deg	 DONE
04/03/2023 20:19:52:	30	count	time	5.000000s/cts	O Det=15	H Det=50	Mon Det=76081	Aux Det=185	O+H=65	 DONE
04/03/2023 20:20:00:	move motor	S18.axis2.piezo rotation to 1.675700deg	 DONE
04/03/2023 20:20:03:	31	count	time	5.000000s/cts	O Det=13	H Det=59	Mon Det=76233	Aux Det=173	O+H=72	 DONE
04/03/2023 20:20:11:	move motor	S18.axis2.piezo rotation to 1.675750deg	 DONE
04/03/2023 20:20:15:	32	count	time	5.000000s/cts	O Det=10	H Det=42	Mon Det=75754	Aux Det=149	O+H=52	 DONE
04/03/2023 20:20:23:	move motor	S18.axis2.piezo rotation to 1.675800deg	 DONE
04/03/2023 20:20:27:	33	count	time	5.000000s/cts	O Det=5	H Det=34	Mon Det=75942	Aux Det=123	O+H=39	 DONE
04/03/2023 20:20:35:	move motor	S18.axis2.piezo rotation to 1.675850deg	 DONE
04/03/2023 20:20:38:	34	count	time	5.000000s/cts	O Det=7	H Det=33	Mon Det=76310	Aux Det=109	O+H=40	 DONE
04/03/2023 20:20:46:	move motor	S18.axis2.piezo rotation to 1.675900deg	 DONE
04/03/2023 20:20:50:	35	count	time	5.000000s/cts	O Det=3	H Det=31	Mon Det=75774	Aux Det=123	O+H=34	 DONE
04/03/2023 20:20:58:	close file and end scan	 DONE
04/03/2023 20:20:59:	move motor	S18.axis2.piezo rotation to fit SUM PEAK30	1.674985reached 1.67500  DONE
04/03/2023 20:21:02:	END OF SCRIPT	 DONE
