04/03/2023 23:31:42:	start execution of script D:\data\Cycle 192\exp_3-16-13\rawdata\sc\rocking.sc	 DONE
04/03/2023 23:31:43:	create file	D:\data\Cycle 192\exp_3-16-13\rawdata\sc\rocking_04Mar2331.dat	 DONE
room to enter remarks DONE
04/03/2023 23:31:45:	move motor	S18.axis2.piezo rotation to 1.674200deg	 DONE
04/03/2023 23:31:49:	1	count	time	5.000000s/cts	O Det=5	H Det=157	Mon Det=71130	Aux Det=139	O+H=162	 DONE
04/03/2023 23:31:57:	move motor	S18.axis2.piezo rotation to 1.674250deg	 DONE
04/03/2023 23:32:02:	2	count	time	5.000000s/cts	O Det=8	H Det=171	Mon Det=70561	Aux Det=176	O+H=179	 DONE
04/03/2023 23:32:10:	move motor	S18.axis2.piezo rotation to 1.674300deg	 DONE
04/03/2023 23:32:13:	3	count	time	5.000000s/cts	O Det=8	H Det=210	Mon Det=71776	Aux Det=179	O+H=218	 DONE
04/03/2023 23:32:21:	move motor	S18.axis2.piezo rotation to 1.674350deg	 DONE
04/03/2023 23:32:25:	4	count	time	5.000000s/cts	O Det=10	H Det=205	Mon Det=71331	Aux Det=187	O+H=215	 DONE
04/03/2023 23:32:33:	move motor	S18.axis2.piezo rotation to 1.674400deg	 DONE
04/03/2023 23:32:37:	5	count	time	5.000000s/cts	O Det=10	H Det=274	Mon Det=70877	Aux Det=278	O+H=284	 DONE
04/03/2023 23:32:45:	move motor	S18.axis2.piezo rotation to 1.674450deg	 DONE
04/03/2023 23:32:49:	6	count	time	5.000000s/cts	O Det=19	H Det=356	Mon Det=72085	Aux Det=324	O+H=375	 DONE
04/03/2023 23:32:57:	move motor	S18.axis2.piezo rotation to 1.674500deg	 DONE
04/03/2023 23:33:00:	7	count	time	5.000000s/cts	O Det=25	H Det=367	Mon Det=71644	Aux Det=357	O+H=392	 DONE
04/03/2023 23:33:08:	move motor	S18.axis2.piezo rotation to 1.674550deg	 DONE
04/03/2023 23:33:12:	8	count	time	5.000000s/cts	O Det=33	H Det=515	Mon Det=70802	Aux Det=440	O+H=548	 DONE
04/03/2023 23:33:20:	move motor	S18.axis2.piezo rotation to 1.674600deg	 DONE
04/03/2023 23:33:24:	9	count	time	5.000000s/cts	O Det=54	H Det=629	Mon Det=72375	Aux Det=565	O+H=683	 DONE
04/03/2023 23:33:32:	move motor	S18.axis2.piezo rotation to 1.674650deg	 DONE
04/03/2023 23:33:35:	10	count	time	5.000000s/cts	O Det=83	H Det=775	Mon Det=70946	Aux Det=659	O+H=858	 DONE
04/03/2023 23:33:43:	move motor	S18.axis2.piezo rotation to 1.674700deg	 DONE
04/03/2023 23:33:47:	11	count	time	5.000000s/cts	O Det=100	H Det=959	Mon Det=72194	Aux Det=818	O+H=1059	 DONE
04/03/2023 23:33:55:	move motor	S18.axis2.piezo rotation to 1.674750deg	 DONE
04/03/2023 23:33:59:	12	count	time	5.000000s/cts	O Det=171	H Det=1317	Mon Det=71690	Aux Det=961	O+H=1488	 DONE
04/03/2023 23:34:07:	move motor	S18.axis2.piezo rotation to 1.674800deg	 DONE
04/03/2023 23:34:11:	13	count	time	5.000000s/cts	O Det=272	H Det=1584	Mon Det=72226	Aux Det=1199	O+H=1856	 DONE
04/03/2023 23:34:19:	move motor	S18.axis2.piezo rotation to 1.674850deg	 DONE
04/03/2023 23:34:22:	14	count	time	5.000000s/cts	O Det=409	H Det=2055	Mon Det=73414	Aux Det=1235	O+H=2464	 DONE
04/03/2023 23:34:30:	move motor	S18.axis2.piezo rotation to 1.674900deg	 DONE
04/03/2023 23:34:34:	15	count	time	5.000000s/cts	O Det=374	H Det=2163	Mon Det=71553	Aux Det=1367	O+H=2537	 DONE
04/03/2023 23:34:42:	move motor	S18.axis2.piezo rotation to 1.674950deg	 DONE
04/03/2023 23:34:46:	16	count	time	5.000000s/cts	O Det=365	H Det=2195	Mon Det=69903	Aux Det=1319	O+H=2560	 DONE
04/03/2023 23:34:54:	move motor	S18.axis2.piezo rotation to 1.675000deg	 DONE
04/03/2023 23:34:57:	17	count	time	5.000000s/cts	O Det=344	H Det=2270	Mon Det=71990	Aux Det=1173	O+H=2614	 DONE
04/03/2023 23:35:06:	move motor	S18.axis2.piezo rotation to 1.675050deg	 DONE
04/03/2023 23:35:09:	18	count	time	5.000000s/cts	O Det=347	H Det=2146	Mon Det=70853	Aux Det=1124	O+H=2493	 DONE
04/03/2023 23:35:17:	move motor	S18.axis2.piezo rotation to 1.675100deg	 DONE
04/03/2023 23:35:21:	19	count	time	5.000000s/cts	O Det=275	H Det=1980	Mon Det=71457	Aux Det=1126	O+H=2255	 DONE
04/03/2023 23:35:29:	move motor	S18.axis2.piezo rotation to 1.675150deg	 DONE
04/03/2023 23:35:33:	20	count	time	5.000000s/cts	O Det=214	H Det=1678	Mon Det=72837	Aux Det=1001	O+H=1892	 DONE
04/03/2023 23:35:41:	move motor	S18.axis2.piezo rotation to 1.675200deg	 DONE
04/03/2023 23:35:44:	21	count	time	5.000000s/cts	O Det=187	H Det=1326	Mon Det=72695	Aux Det=900	O+H=1513	 DONE
04/03/2023 23:35:52:	move motor	S18.axis2.piezo rotation to 1.675250deg	 DONE
04/03/2023 23:35:56:	22	count	time	5.000000s/cts	O Det=135	H Det=964	Mon Det=71488	Aux Det=743	O+H=1099	 DONE
04/03/2023 23:36:04:	move motor	S18.axis2.piezo rotation to 1.675300deg	 DONE
04/03/2023 23:36:08:	23	count	time	5.000000s/cts	O Det=85	H Det=837	Mon Det=71489	Aux Det=665	O+H=922	 DONE
04/03/2023 23:36:16:	move motor	S18.axis2.piezo rotation to 1.675350deg	 DONE
04/03/2023 23:36:20:	24	count	time	5.000000s/cts	O Det=62	H Det=639	Mon Det=71067	Aux Det=537	O+H=701	 DONE
04/03/2023 23:36:28:	move motor	S18.axis2.piezo rotation to 1.675400deg	 DONE
04/03/2023 23:36:31:	25	count	time	5.000000s/cts	O Det=33	H Det=528	Mon Det=71126	Aux Det=437	O+H=561	 DONE
04/03/2023 23:36:39:	move motor	S18.axis2.piezo rotation to 1.675450deg	 DONE
04/03/2023 23:36:43:	26	count	time	5.000000s/cts	O Det=27	H Det=414	Mon Det=71254	Aux Det=357	O+H=441	 DONE
04/03/2023 23:36:51:	move motor	S18.axis2.piezo rotation to 1.675500deg	 DONE
04/03/2023 23:36:55:	27	count	time	5.000000s/cts	O Det=21	H Det=351	Mon Det=71289	Aux Det=320	O+H=372	 DONE
04/03/2023 23:37:03:	move motor	S18.axis2.piezo rotation to 1.675550deg	 DONE
04/03/2023 23:37:06:	28	count	time	5.000000s/cts	O Det=14	H Det=281	Mon Det=71885	Aux Det=233	O+H=295	 DONE
04/03/2023 23:37:14:	move motor	S18.axis2.piezo rotation to 1.675600deg	 DONE
04/03/2023 23:37:18:	29	count	time	5.000000s/cts	O Det=13	H Det=256	Mon Det=71671	Aux Det=220	O+H=269	 DONE
04/03/2023 23:37:26:	move motor	S18.axis2.piezo rotation to 1.675650deg	 DONE
04/03/2023 23:37:30:	30	count	time	5.000000s/cts	O Det=10	H Det=247	Mon Det=72377	Aux Det=192	O+H=257	 DONE
04/03/2023 23:37:38:	move motor	S18.axis2.piezo rotation to 1.675700deg	 DONE
04/03/2023 23:37:42:	31	count	time	5.000000s/cts	O Det=8	H Det=191	Mon Det=70935	Aux Det=174	O+H=199	 DONE
04/03/2023 23:37:50:	move motor	S18.axis2.piezo rotation to 1.675750deg	 DONE
04/03/2023 23:37:53:	32	count	time	5.000000s/cts	O Det=4	H Det=182	Mon Det=71634	Aux Det=128	O+H=186	 DONE
04/03/2023 23:38:01:	move motor	S18.axis2.piezo rotation to 1.675800deg	 DONE
04/03/2023 23:38:05:	33	count	time	5.000000s/cts	O Det=6	H Det=155	Mon Det=72268	Aux Det=130	O+H=161	 DONE
04/03/2023 23:38:13:	move motor	S18.axis2.piezo rotation to 1.675850deg	 DONE
04/03/2023 23:38:17:	34	count	time	5.000000s/cts	O Det=7	H Det=133	Mon Det=71678	Aux Det=110	O+H=140	 DONE
04/03/2023 23:38:25:	move motor	S18.axis2.piezo rotation to 1.675900deg	 DONE
04/03/2023 23:38:28:	35	count	time	5.000000s/cts	O Det=6	H Det=109	Mon Det=72271	Aux Det=90	O+H=115	 DONE
04/03/2023 23:38:36:	close file and end scan	 DONE
04/03/2023 23:38:37:	move motor	S18.axis2.piezo rotation to fit SUM PEAK30	1.674978reached 1.67498  DONE
04/03/2023 23:38:41:	END OF SCRIPT	 DONE
