05/04/2023 11:30:41:	start execution of script D:\data\Cycle 192\exp_3-16-13\rawdata\sc\rocking.sc	 DONE
05/04/2023 11:30:42:	set AO_DC2Z (PXIDAQ2/ao0) to 0.740000Amps 0.740V DONE
05/04/2023 11:30:43:	set AO_DC2Y (PXIDAQ2/ao2) to -0.547000Amps -1.094V DONE
05/04/2023 11:30:44:	set AO_DC1Z (PXIDAQ2/ao1) to 4.430000Amps 2.215V DONE
05/04/2023 11:30:45:	set AO_DC1Y (6229/ao1) to 1.668000Amps 3.336V DONE
call of setDCpi2.sc DONE
05/04/2023 11:30:47:	create file	D:\data\Cycle 192\exp_3-16-13\rawdata\sc\rocking_05Apr1130.dat	 DONE
room to enter remarks DONE
05/04/2023 11:30:49:	move motor	S18.axis2.piezo rotation to 1.673200deg	 DONE
05/04/2023 11:30:53:	1	count	time	10.000000s/cts	O Det=16	H Det=174	Mon Det=109659	Aux Det=567	O+H=190	 DONE
05/04/2023 11:31:06:	move motor	S18.axis2.piezo rotation to 1.673250deg	 DONE
05/04/2023 11:31:10:	2	count	time	10.000000s/cts	O Det=16	H Det=160	Mon Det=109039	Aux Det=552	O+H=176	 DONE
05/04/2023 11:31:23:	move motor	S18.axis2.piezo rotation to 1.673300deg	 DONE
05/04/2023 11:31:27:	3	count	time	10.000000s/cts	O Det=14	H Det=184	Mon Det=112980	Aux Det=572	O+H=198	 DONE
05/04/2023 11:31:40:	move motor	S18.axis2.piezo rotation to 1.673350deg	 DONE
05/04/2023 11:31:44:	4	count	time	10.000000s/cts	O Det=21	H Det=253	Mon Det=109529	Aux Det=588	O+H=274	 DONE
05/04/2023 11:31:57:	move motor	S18.axis2.piezo rotation to 1.673400deg	 DONE
05/04/2023 11:32:01:	5	count	time	10.000000s/cts	O Det=14	H Det=327	Mon Det=108869	Aux Det=595	O+H=341	 DONE
05/04/2023 11:32:14:	move motor	S18.axis2.piezo rotation to 1.673450deg	 DONE
05/04/2023 11:32:17:	6	count	time	10.000000s/cts	O Det=14	H Det=263	Mon Det=109029	Aux Det=643	O+H=277	 DONE
05/04/2023 11:32:31:	move motor	S18.axis2.piezo rotation to 1.673500deg	 DONE
05/04/2023 11:32:34:	7	count	time	10.000000s/cts	O Det=4	H Det=229	Mon Det=110568	Aux Det=665	O+H=233	 DONE
05/04/2023 11:32:48:	move motor	S18.axis2.piezo rotation to 1.673550deg	 DONE
05/04/2023 11:32:51:	8	count	time	10.000000s/cts	O Det=5	H Det=225	Mon Det=101268	Aux Det=661	O+H=230	 DONE
05/04/2023 11:33:05:	move motor	S18.axis2.piezo rotation to 1.673600deg	 DONE
05/04/2023 11:33:08:	9	count	time	10.000000s/cts	O Det=4	H Det=269	Mon Det=101060	Aux Det=689	O+H=273	 DONE
05/04/2023 11:33:22:	move motor	S18.axis2.piezo rotation to 1.673650deg	 DONE
05/04/2023 11:33:25:	10	count	time	10.000000s/cts	O Det=8	H Det=280	Mon Det=101085	Aux Det=830	O+H=288	 DONE
05/04/2023 11:33:38:	move motor	S18.axis2.piezo rotation to 1.673700deg	 DONE
05/04/2023 11:33:42:	11	count	time	10.000000s/cts	O Det=8	H Det=364	Mon Det=101445	Aux Det=977	O+H=372	 DONE
05/04/2023 11:33:55:	move motor	S18.axis2.piezo rotation to 1.673750deg	 DONE
05/04/2023 11:33:59:	12	count	time	10.000000s/cts	O Det=10	H Det=487	Mon Det=101575	Aux Det=1098	O+H=497	 DONE
05/04/2023 11:34:12:	move motor	S18.axis2.piezo rotation to 1.673800deg	 DONE
05/04/2023 11:34:16:	13	count	time	10.000000s/cts	O Det=10	H Det=644	Mon Det=101757	Aux Det=1147	O+H=654	 DONE
05/04/2023 11:34:29:	move motor	S18.axis2.piezo rotation to 1.673850deg	 DONE
05/04/2023 11:34:33:	14	count	time	10.000000s/cts	O Det=16	H Det=714	Mon Det=100198	Aux Det=1324	O+H=730	 DONE
05/04/2023 11:34:46:	move motor	S18.axis2.piezo rotation to 1.673900deg	 DONE
05/04/2023 11:34:50:	15	count	time	10.000000s/cts	O Det=11	H Det=856	Mon Det=101856	Aux Det=1294	O+H=867	 DONE
05/04/2023 11:35:03:	move motor	S18.axis2.piezo rotation to 1.673950deg	 DONE
05/04/2023 11:35:07:	16	count	time	10.000000s/cts	O Det=11	H Det=966	Mon Det=101547	Aux Det=1334	O+H=977	 DONE
05/04/2023 11:35:20:	move motor	S18.axis2.piezo rotation to 1.674000deg	 DONE
05/04/2023 11:35:24:	17	count	time	10.000000s/cts	O Det=16	H Det=957	Mon Det=89500	Aux Det=1329	O+H=973	 DONE
05/04/2023 11:35:37:	move motor	S18.axis2.piezo rotation to 1.674050deg	 DONE
05/04/2023 11:35:41:	18	count	time	10.000000s/cts	O Det=21	H Det=915	Mon Det=87614	Aux Det=1287	O+H=936	 DONE
05/04/2023 11:35:54:	move motor	S18.axis2.piezo rotation to 1.674100deg	 DONE
05/04/2023 11:35:58:	19	count	time	10.000000s/cts	O Det=21	H Det=850	Mon Det=86466	Aux Det=1138	O+H=871	 DONE
05/04/2023 11:36:11:	move motor	S18.axis2.piezo rotation to 1.674150deg	 DONE
05/04/2023 11:36:15:	20	count	time	10.000000s/cts	O Det=10	H Det=672	Mon Det=87576	Aux Det=1171	O+H=682	 DONE
05/04/2023 11:36:28:	move motor	S18.axis2.piezo rotation to 1.674200deg	 DONE
05/04/2023 11:36:32:	21	count	time	10.000000s/cts	O Det=15	H Det=481	Mon Det=88490	Aux Det=1056	O+H=496	 DONE
05/04/2023 11:36:45:	move motor	S18.axis2.piezo rotation to 1.674250deg	 DONE
05/04/2023 11:36:48:	22	count	time	10.000000s/cts	O Det=10	H Det=363	Mon Det=87828	Aux Det=912	O+H=373	 DONE
05/04/2023 11:37:02:	move motor	S18.axis2.piezo rotation to 1.674300deg	 DONE
05/04/2023 11:37:05:	23	count	time	10.000000s/cts	O Det=6	H Det=284	Mon Det=88195	Aux Det=825	O+H=290	 DONE
05/04/2023 11:37:18:	move motor	S18.axis2.piezo rotation to 1.674350deg	 DONE
05/04/2023 11:37:22:	24	count	time	10.000000s/cts	O Det=10	H Det=243	Mon Det=86750	Aux Det=701	O+H=253	 DONE
05/04/2023 11:37:35:	move motor	S18.axis2.piezo rotation to 1.674400deg	 DONE
05/04/2023 11:37:39:	25	count	time	10.000000s/cts	O Det=7	H Det=189	Mon Det=87792	Aux Det=571	O+H=196	 DONE
05/04/2023 11:37:52:	move motor	S18.axis2.piezo rotation to 1.674450deg	 DONE
05/04/2023 11:37:56:	26	count	time	10.000000s/cts	O Det=1	H Det=150	Mon Det=94074	Aux Det=562	O+H=151	 DONE
05/04/2023 11:38:09:	move motor	S18.axis2.piezo rotation to 1.674500deg	 DONE
05/04/2023 11:38:13:	27	count	time	10.000000s/cts	O Det=4	H Det=111	Mon Det=111565	Aux Det=489	O+H=115	 DONE
05/04/2023 11:38:26:	move motor	S18.axis2.piezo rotation to 1.674550deg	 DONE
05/04/2023 11:38:30:	28	count	time	10.000000s/cts	O Det=1	H Det=100	Mon Det=111172	Aux Det=401	O+H=101	 DONE
05/04/2023 11:38:43:	move motor	S18.axis2.piezo rotation to 1.674600deg	 DONE
05/04/2023 11:38:46:	29	count	time	10.000000s/cts	O Det=1	H Det=98	Mon Det=112114	Aux Det=364	O+H=99	 DONE
05/04/2023 11:39:00:	move motor	S18.axis2.piezo rotation to 1.674650deg	 DONE
05/04/2023 11:39:03:	30	count	time	10.000000s/cts	O Det=0	H Det=92	Mon Det=113996	Aux Det=300	O+H=92	 DONE
05/04/2023 11:39:16:	move motor	S18.axis2.piezo rotation to 1.674700deg	 DONE
05/04/2023 11:39:20:	31	count	time	10.000000s/cts	O Det=1	H Det=65	Mon Det=111349	Aux Det=245	O+H=66	 DONE
05/04/2023 11:39:33:	move motor	S18.axis2.piezo rotation to 1.674750deg	 DONE
05/04/2023 11:39:37:	32	count	time	10.000000s/cts	O Det=0	H Det=49	Mon Det=112987	Aux Det=226	O+H=49	 DONE
05/04/2023 11:39:55:	move motor	S18.axis2.piezo rotation to 1.674800deg	 DONE
05/04/2023 11:39:59:	33	count	time	10.000000s/cts	O Det=1	H Det=64	Mon Det=113427	Aux Det=215	O+H=65	 DONE
05/04/2023 11:40:12:	move motor	S18.axis2.piezo rotation to 1.674850deg	 DONE
05/04/2023 11:40:16:	34	count	time	10.000000s/cts	O Det=0	H Det=61	Mon Det=114317	Aux Det=180	O+H=61	 DONE
05/04/2023 11:40:29:	move motor	S18.axis2.piezo rotation to 1.674900deg	 DONE
05/04/2023 11:40:33:	35	count	time	10.000000s/cts	O Det=2	H Det=58	Mon Det=107330	Aux Det=182	O+H=60	 DONE
05/04/2023 11:40:46:	move motor	S18.axis2.piezo rotation to 1.674950deg	 DONE
05/04/2023 11:40:50:	36	count	time	10.000000s/cts	O Det=0	H Det=43	Mon Det=105015	Aux Det=146	O+H=43	 DONE
05/04/2023 11:41:03:	move motor	S18.axis2.piezo rotation to 1.675000deg	 DONE
05/04/2023 11:41:06:	37	count	time	10.000000s/cts	O Det=3	H Det=47	Mon Det=105657	Aux Det=136	O+H=50	 DONE
05/04/2023 11:41:20:	move motor	S18.axis2.piezo rotation to 1.675050deg	 DONE
05/04/2023 11:41:23:	38	count	time	10.000000s/cts	O Det=0	H Det=40	Mon Det=106221	Aux Det=109	O+H=40	 DONE
05/04/2023 11:41:36:	move motor	S18.axis2.piezo rotation to 1.675100deg	 DONE
05/04/2023 11:41:40:	39	count	time	10.000000s/cts	O Det=0	H Det=31	Mon Det=105929	Aux Det=120	O+H=31	 DONE
05/04/2023 11:41:53:	move motor	S18.axis2.piezo rotation to 1.675150deg	 DONE
05/04/2023 11:41:57:	40	count	time	10.000000s/cts	O Det=2	H Det=36	Mon Det=103165	Aux Det=112	O+H=38	 DONE
05/04/2023 11:42:10:	close file and end scan	 DONE
05/04/2023 11:42:11:	set AO_S1Z (6229/ao0) to 0.000000Amps 0.000V DONE
call of setS1Zoff.sc DONE
05/04/2023 11:42:13:	move motor	S18.axis2.piezo rotation to fit AUX PEAK65	1.673964reached 1.67397  DONE
05/04/2023 11:42:17:	END OF SCRIPT	 DONE
