03/04/2023 16:50:47:	start execution of script D:\data\Cycle 192\exp_3-16-13\rawdata\sc\rocking.sc	 DONE
03/04/2023 16:50:48:	set AO_DC2Z (PXIDAQ2/ao0) to 0.740000Amps 0.740V DONE
03/04/2023 16:50:49:	set AO_DC2Y (PXIDAQ2/ao2) to -0.547000Amps -1.094V DONE
03/04/2023 16:50:50:	set AO_DC1Z (PXIDAQ2/ao1) to 4.430000Amps 2.215V DONE
03/04/2023 16:50:51:	set AO_DC1Y (6229/ao1) to 1.668000Amps 3.336V DONE
call of setDCpi2.sc DONE
03/04/2023 16:50:53:	create file	D:\data\Cycle 192\exp_3-16-13\rawdata\sc\rocking_03Apr1650.dat	 DONE
room to enter remarks DONE
03/04/2023 16:50:55:	move motor	S18.axis2.piezo rotation to 1.673200deg	 DONE
03/04/2023 16:51:00:	1	count	time	10.000000s/cts	O Det=46	H Det=241	Mon Det=105195	Aux Det=734	O+H=287	 DONE
03/04/2023 16:51:13:	move motor	S18.axis2.piezo rotation to 1.673250deg	 DONE
03/04/2023 16:51:18:	2	count	time	10.000000s/cts	O Det=41	H Det=190	Mon Det=107054	Aux Det=591	O+H=231	 DONE
03/04/2023 16:51:31:	move motor	S18.axis2.piezo rotation to 1.673300deg	 DONE
03/04/2023 16:51:35:	3	count	time	10.000000s/cts	O Det=27	H Det=175	Mon Det=107188	Aux Det=569	O+H=202	 DONE
03/04/2023 16:51:48:	move motor	S18.axis2.piezo rotation to 1.673350deg	 DONE
03/04/2023 16:51:51:	4	count	time	10.000000s/cts	O Det=18	H Det=138	Mon Det=105948	Aux Det=538	O+H=156	 DONE
03/04/2023 16:52:05:	move motor	S18.axis2.piezo rotation to 1.673400deg	 DONE
03/04/2023 16:52:08:	5	count	time	10.000000s/cts	O Det=12	H Det=207	Mon Det=105291	Aux Det=591	O+H=219	 DONE
03/04/2023 16:52:22:	move motor	S18.axis2.piezo rotation to 1.673450deg	 DONE
03/04/2023 16:52:27:	6	count	time	10.000000s/cts	O Det=6	H Det=289	Mon Det=104166	Aux Det=559	O+H=295	 DONE
03/04/2023 16:52:40:	move motor	S18.axis2.piezo rotation to 1.673500deg	 DONE
03/04/2023 16:52:44:	7	count	time	10.000000s/cts	O Det=13	H Det=287	Mon Det=102376	Aux Det=639	O+H=300	 DONE
03/04/2023 16:52:57:	move motor	S18.axis2.piezo rotation to 1.673550deg	 DONE
03/04/2023 16:53:01:	8	count	time	10.000000s/cts	O Det=8	H Det=218	Mon Det=100320	Aux Det=642	O+H=226	 DONE
03/04/2023 16:53:14:	move motor	S18.axis2.piezo rotation to 1.673600deg	 DONE
03/04/2023 16:53:18:	9	count	time	10.000000s/cts	O Det=8	H Det=190	Mon Det=99862	Aux Det=614	O+H=198	 DONE
03/04/2023 16:53:31:	move motor	S18.axis2.piezo rotation to 1.673650deg	 DONE
03/04/2023 16:53:35:	10	count	time	10.000000s/cts	O Det=8	H Det=181	Mon Det=101297	Aux Det=702	O+H=189	 DONE
03/04/2023 16:53:48:	move motor	S18.axis2.piezo rotation to 1.673700deg	 DONE
03/04/2023 16:53:52:	11	count	time	10.000000s/cts	O Det=8	H Det=204	Mon Det=89387	Aux Det=759	O+H=212	 DONE
03/04/2023 16:54:05:	move motor	S18.axis2.piezo rotation to 1.673750deg	 DONE
03/04/2023 16:54:08:	12	count	time	10.000000s/cts	O Det=12	H Det=266	Mon Det=113392	Aux Det=890	O+H=278	 DONE
03/04/2023 16:54:22:	move motor	S18.axis2.piezo rotation to 1.673800deg	 DONE
03/04/2023 16:54:25:	13	count	time	10.000000s/cts	O Det=13	H Det=330	Mon Det=112752	Aux Det=962	O+H=343	 DONE
03/04/2023 16:54:38:	move motor	S18.axis2.piezo rotation to 1.673850deg	 DONE
03/04/2023 16:54:42:	14	count	time	10.000000s/cts	O Det=12	H Det=411	Mon Det=112001	Aux Det=1144	O+H=423	 DONE
03/04/2023 16:54:55:	move motor	S18.axis2.piezo rotation to 1.673900deg	 DONE
03/04/2023 16:54:59:	15	count	time	10.000000s/cts	O Det=22	H Det=555	Mon Det=111687	Aux Det=1187	O+H=577	 DONE
03/04/2023 16:55:12:	move motor	S18.axis2.piezo rotation to 1.673950deg	 DONE
03/04/2023 16:55:16:	16	count	time	10.000000s/cts	O Det=38	H Det=657	Mon Det=106990	Aux Det=1236	O+H=695	 DONE
03/04/2023 16:55:29:	move motor	S18.axis2.piezo rotation to 1.674000deg	 DONE
03/04/2023 16:55:33:	17	count	time	10.000000s/cts	O Det=48	H Det=872	Mon Det=108105	Aux Det=1316	O+H=920	 DONE
03/04/2023 16:55:46:	move motor	S18.axis2.piezo rotation to 1.674050deg	 DONE
03/04/2023 16:55:50:	18	count	time	10.000000s/cts	O Det=34	H Det=875	Mon Det=108495	Aux Det=1350	O+H=909	 DONE
03/04/2023 16:56:03:	move motor	S18.axis2.piezo rotation to 1.674100deg	 DONE
03/04/2023 16:56:07:	19	count	time	10.000000s/cts	O Det=47	H Det=862	Mon Det=105961	Aux Det=1347	O+H=909	 DONE
03/04/2023 16:56:20:	move motor	S18.axis2.piezo rotation to 1.674150deg	 DONE
03/04/2023 16:56:24:	20	count	time	10.000000s/cts	O Det=32	H Det=808	Mon Det=105175	Aux Det=1226	O+H=840	 DONE
03/04/2023 16:56:37:	move motor	S18.axis2.piezo rotation to 1.674200deg	 DONE
03/04/2023 16:56:41:	21	count	time	10.000000s/cts	O Det=43	H Det=726	Mon Det=106512	Aux Det=1173	O+H=769	 DONE
03/04/2023 16:56:54:	move motor	S18.axis2.piezo rotation to 1.674250deg	 DONE
03/04/2023 16:56:58:	22	count	time	10.000000s/cts	O Det=32	H Det=604	Mon Det=105151	Aux Det=1178	O+H=636	 DONE
03/04/2023 16:57:12:	move motor	S18.axis2.piezo rotation to 1.674300deg	 DONE
03/04/2023 16:57:15:	23	count	time	10.000000s/cts	O Det=20	H Det=498	Mon Det=99184	Aux Det=1077	O+H=518	 DONE
03/04/2023 16:57:28:	move motor	S18.axis2.piezo rotation to 1.674350deg	 DONE
03/04/2023 16:57:32:	24	count	time	10.000000s/cts	O Det=21	H Det=355	Mon Det=100850	Aux Det=924	O+H=376	 DONE
03/04/2023 16:57:45:	move motor	S18.axis2.piezo rotation to 1.674400deg	 DONE
03/04/2023 16:57:49:	25	count	time	10.000000s/cts	O Det=9	H Det=259	Mon Det=101283	Aux Det=732	O+H=268	 DONE
03/04/2023 16:58:03:	move motor	S18.axis2.piezo rotation to 1.674450deg	 DONE
03/04/2023 16:58:07:	26	count	time	10.000000s/cts	O Det=14	H Det=186	Mon Det=101612	Aux Det=672	O+H=200	 DONE
03/04/2023 16:58:20:	move motor	S18.axis2.piezo rotation to 1.674500deg	 DONE
03/04/2023 16:58:23:	27	count	time	10.000000s/cts	O Det=6	H Det=166	Mon Det=100068	Aux Det=570	O+H=172	 DONE
03/04/2023 16:58:37:	move motor	S18.axis2.piezo rotation to 1.674550deg	 DONE
03/04/2023 16:58:40:	28	count	time	10.000000s/cts	O Det=7	H Det=146	Mon Det=100223	Aux Det=512	O+H=153	 DONE
03/04/2023 16:58:54:	move motor	S18.axis2.piezo rotation to 1.674600deg	 DONE
03/04/2023 16:58:57:	29	count	time	10.000000s/cts	O Det=5	H Det=118	Mon Det=97928	Aux Det=419	O+H=123	 DONE
03/04/2023 16:59:10:	move motor	S18.axis2.piezo rotation to 1.674650deg	 DONE
03/04/2023 16:59:14:	30	count	time	10.000000s/cts	O Det=3	H Det=105	Mon Det=99401	Aux Det=345	O+H=108	 DONE
03/04/2023 16:59:27:	move motor	S18.axis2.piezo rotation to 1.674700deg	 DONE
03/04/2023 16:59:31:	31	count	time	10.000000s/cts	O Det=1	H Det=74	Mon Det=97433	Aux Det=324	O+H=75	 DONE
03/04/2023 16:59:44:	move motor	S18.axis2.piezo rotation to 1.674750deg	 DONE
03/04/2023 16:59:48:	32	count	time	10.000000s/cts	O Det=3	H Det=80	Mon Det=99805	Aux Det=285	O+H=83	 DONE
03/04/2023 17:00:01:	move motor	S18.axis2.piezo rotation to 1.674800deg	 DONE
03/04/2023 17:00:05:	33	count	time	10.000000s/cts	O Det=1	H Det=75	Mon Det=99836	Aux Det=244	O+H=76	 DONE
03/04/2023 17:00:18:	move motor	S18.axis2.piezo rotation to 1.674850deg	 DONE
03/04/2023 17:00:22:	34	count	time	10.000000s/cts	O Det=1	H Det=66	Mon Det=101053	Aux Det=224	O+H=67	 DONE
03/04/2023 17:00:35:	move motor	S18.axis2.piezo rotation to 1.674900deg	 DONE
03/04/2023 17:00:39:	35	count	time	10.000000s/cts	O Det=2	H Det=59	Mon Det=100746	Aux Det=190	O+H=61	 DONE
03/04/2023 17:00:52:	move motor	S18.axis2.piezo rotation to 1.674950deg	 DONE
03/04/2023 17:00:56:	36	count	time	10.000000s/cts	O Det=2	H Det=47	Mon Det=103386	Aux Det=175	O+H=49	 DONE
03/04/2023 17:01:09:	move motor	S18.axis2.piezo rotation to 1.675000deg	 DONE
03/04/2023 17:01:13:	37	count	time	10.000000s/cts	O Det=0	H Det=67	Mon Det=104286	Aux Det=146	O+H=67	 DONE
03/04/2023 17:01:26:	move motor	S18.axis2.piezo rotation to 1.675050deg	 DONE
03/04/2023 17:01:30:	38	count	time	10.000000s/cts	O Det=1	H Det=42	Mon Det=102620	Aux Det=148	O+H=43	 DONE
03/04/2023 17:01:43:	move motor	S18.axis2.piezo rotation to 1.675100deg	 DONE
03/04/2023 17:01:47:	39	count	time	10.000000s/cts	O Det=2	H Det=37	Mon Det=104538	Aux Det=144	O+H=39	 DONE
03/04/2023 17:02:00:	move motor	S18.axis2.piezo rotation to 1.675150deg	 DONE
03/04/2023 17:02:04:	40	count	time	10.000000s/cts	O Det=1	H Det=34	Mon Det=108583	Aux Det=127	O+H=35	 DONE
03/04/2023 17:02:17:	close file and end scan	 DONE
03/04/2023 17:02:18:	set AO_S1Z (6229/ao0) to 0.000000Amps 0.000V DONE
call of setS1Zoff.sc DONE
03/04/2023 17:02:20:	move motor	S18.axis2.piezo rotation to fit AUX PEAK60	1.674061reached 1.67406  DONE
03/04/2023 17:02:24:	END OF SCRIPT	 DONE
