05/03/2023 07:20:54:	start execution of script D:\data\Cycle 192\exp_3-16-13\rawdata\sc\rocking.sc	 DONE
05/03/2023 07:20:55:	create file	D:\data\Cycle 192\exp_3-16-13\rawdata\sc\rocking_05Mar0720.dat	 DONE
room to enter remarks DONE
05/03/2023 07:20:57:	move motor	S18.axis2.piezo rotation to 1.674200deg	 DONE
05/03/2023 07:21:01:	1	count	time	5.000000s/cts	O Det=5	H Det=165	Mon Det=71583	Aux Det=149	O+H=170	 DONE
05/03/2023 07:21:09:	move motor	S18.axis2.piezo rotation to 1.674250deg	 DONE
05/03/2023 07:21:13:	2	count	time	5.000000s/cts	O Det=4	H Det=193	Mon Det=71658	Aux Det=166	O+H=197	 DONE
05/03/2023 07:21:21:	move motor	S18.axis2.piezo rotation to 1.674300deg	 DONE
05/03/2023 07:21:25:	3	count	time	5.000000s/cts	O Det=7	H Det=203	Mon Det=71123	Aux Det=175	O+H=210	 DONE
05/03/2023 07:21:33:	move motor	S18.axis2.piezo rotation to 1.674350deg	 DONE
05/03/2023 07:21:36:	4	count	time	5.000000s/cts	O Det=7	H Det=248	Mon Det=71684	Aux Det=245	O+H=255	 DONE
05/03/2023 07:21:44:	move motor	S18.axis2.piezo rotation to 1.674400deg	 DONE
05/03/2023 07:21:48:	5	count	time	5.000000s/cts	O Det=14	H Det=260	Mon Det=72034	Aux Det=261	O+H=274	 DONE
05/03/2023 07:21:56:	move motor	S18.axis2.piezo rotation to 1.674450deg	 DONE
05/03/2023 07:22:01:	6	count	time	5.000000s/cts	O Det=23	H Det=340	Mon Det=71311	Aux Det=316	O+H=363	 DONE
05/03/2023 07:22:09:	move motor	S18.axis2.piezo rotation to 1.674500deg	 DONE
05/03/2023 07:22:12:	7	count	time	5.000000s/cts	O Det=26	H Det=457	Mon Det=71753	Aux Det=403	O+H=483	 DONE
05/03/2023 07:22:20:	move motor	S18.axis2.piezo rotation to 1.674550deg	 DONE
05/03/2023 07:22:24:	8	count	time	5.000000s/cts	O Det=44	H Det=531	Mon Det=72252	Aux Det=485	O+H=575	 DONE
05/03/2023 07:22:32:	move motor	S18.axis2.piezo rotation to 1.674600deg	 DONE
05/03/2023 07:22:36:	9	count	time	5.000000s/cts	O Det=61	H Det=670	Mon Det=71965	Aux Det=604	O+H=731	 DONE
05/03/2023 07:22:44:	move motor	S18.axis2.piezo rotation to 1.674650deg	 DONE
05/03/2023 07:22:47:	10	count	time	5.000000s/cts	O Det=95	H Det=894	Mon Det=73162	Aux Det=764	O+H=989	 DONE
05/03/2023 07:22:55:	move motor	S18.axis2.piezo rotation to 1.674700deg	 DONE
05/03/2023 07:22:59:	11	count	time	5.000000s/cts	O Det=148	H Det=1145	Mon Det=71471	Aux Det=926	O+H=1293	 DONE
05/03/2023 07:23:07:	move motor	S18.axis2.piezo rotation to 1.674750deg	 DONE
05/03/2023 07:23:11:	12	count	time	5.000000s/cts	O Det=213	H Det=1411	Mon Det=72092	Aux Det=1035	O+H=1624	 DONE
05/03/2023 07:23:19:	move motor	S18.axis2.piezo rotation to 1.674800deg	 DONE
05/03/2023 07:23:23:	13	count	time	5.000000s/cts	O Det=319	H Det=1691	Mon Det=72782	Aux Det=1194	O+H=2010	 DONE
05/03/2023 07:23:31:	move motor	S18.axis2.piezo rotation to 1.674850deg	 DONE
05/03/2023 07:23:34:	14	count	time	5.000000s/cts	O Det=416	H Det=1988	Mon Det=72715	Aux Det=1332	O+H=2404	 DONE
05/03/2023 07:23:42:	move motor	S18.axis2.piezo rotation to 1.674900deg	 DONE
05/03/2023 07:23:46:	15	count	time	5.000000s/cts	O Det=381	H Det=2232	Mon Det=72518	Aux Det=1295	O+H=2613	 DONE
05/03/2023 07:23:54:	move motor	S18.axis2.piezo rotation to 1.674950deg	 DONE
05/03/2023 07:23:58:	16	count	time	5.000000s/cts	O Det=338	H Det=2257	Mon Det=72086	Aux Det=1287	O+H=2595	 DONE
05/03/2023 07:24:06:	move motor	S18.axis2.piezo rotation to 1.675000deg	 DONE
05/03/2023 07:24:09:	17	count	time	5.000000s/cts	O Det=373	H Det=2228	Mon Det=70828	Aux Det=1130	O+H=2601	 DONE
05/03/2023 07:24:18:	move motor	S18.axis2.piezo rotation to 1.675050deg	 DONE
05/03/2023 07:24:21:	18	count	time	5.000000s/cts	O Det=305	H Det=2111	Mon Det=72986	Aux Det=1176	O+H=2416	 DONE
05/03/2023 07:24:29:	move motor	S18.axis2.piezo rotation to 1.675100deg	 DONE
05/03/2023 07:24:33:	19	count	time	5.000000s/cts	O Det=289	H Det=1912	Mon Det=71719	Aux Det=1081	O+H=2201	 DONE
05/03/2023 07:24:41:	move motor	S18.axis2.piezo rotation to 1.675150deg	 DONE
05/03/2023 07:24:45:	20	count	time	5.000000s/cts	O Det=201	H Det=1548	Mon Det=71854	Aux Det=916	O+H=1749	 DONE
05/03/2023 07:24:53:	move motor	S18.axis2.piezo rotation to 1.675200deg	 DONE
05/03/2023 07:24:56:	21	count	time	5.000000s/cts	O Det=159	H Det=1277	Mon Det=72028	Aux Det=794	O+H=1436	 DONE
05/03/2023 07:25:04:	move motor	S18.axis2.piezo rotation to 1.675250deg	 DONE
05/03/2023 07:25:08:	22	count	time	5.000000s/cts	O Det=98	H Det=1001	Mon Det=72668	Aux Det=702	O+H=1099	 DONE
05/03/2023 07:25:16:	move motor	S18.axis2.piezo rotation to 1.675300deg	 DONE
05/03/2023 07:25:20:	23	count	time	5.000000s/cts	O Det=89	H Det=734	Mon Det=69860	Aux Det=595	O+H=823	 DONE
05/03/2023 07:25:28:	move motor	S18.axis2.piezo rotation to 1.675350deg	 DONE
05/03/2023 07:25:31:	24	count	time	5.000000s/cts	O Det=50	H Det=591	Mon Det=72258	Aux Det=541	O+H=641	 DONE
05/03/2023 07:25:40:	move motor	S18.axis2.piezo rotation to 1.675400deg	 DONE
05/03/2023 07:25:43:	25	count	time	5.000000s/cts	O Det=31	H Det=445	Mon Det=70818	Aux Det=385	O+H=476	 DONE
05/03/2023 07:25:51:	move motor	S18.axis2.piezo rotation to 1.675450deg	 DONE
05/03/2023 07:25:55:	26	count	time	5.000000s/cts	O Det=30	H Det=412	Mon Det=72163	Aux Det=323	O+H=442	 DONE
05/03/2023 07:26:03:	move motor	S18.axis2.piezo rotation to 1.675500deg	 DONE
05/03/2023 07:26:07:	27	count	time	5.000000s/cts	O Det=26	H Det=344	Mon Det=71069	Aux Det=311	O+H=370	 DONE
05/03/2023 07:26:15:	move motor	S18.axis2.piezo rotation to 1.675550deg	 DONE
05/03/2023 07:26:19:	28	count	time	5.000000s/cts	O Det=15	H Det=272	Mon Det=72572	Aux Det=261	O+H=287	 DONE
05/03/2023 07:26:27:	move motor	S18.axis2.piezo rotation to 1.675600deg	 DONE
05/03/2023 07:26:30:	29	count	time	5.000000s/cts	O Det=4	H Det=267	Mon Det=73688	Aux Det=218	O+H=271	 DONE
05/03/2023 07:26:38:	move motor	S18.axis2.piezo rotation to 1.675650deg	 DONE
05/03/2023 07:26:42:	30	count	time	5.000000s/cts	O Det=5	H Det=196	Mon Det=72332	Aux Det=181	O+H=201	 DONE
05/03/2023 07:26:50:	move motor	S18.axis2.piezo rotation to 1.675700deg	 DONE
05/03/2023 07:26:54:	31	count	time	5.000000s/cts	O Det=5	H Det=169	Mon Det=72671	Aux Det=170	O+H=174	 DONE
05/03/2023 07:27:02:	move motor	S18.axis2.piezo rotation to 1.675750deg	 DONE
05/03/2023 07:27:05:	32	count	time	5.000000s/cts	O Det=5	H Det=157	Mon Det=72037	Aux Det=150	O+H=162	 DONE
05/03/2023 07:27:13:	move motor	S18.axis2.piezo rotation to 1.675800deg	 DONE
05/03/2023 07:27:17:	33	count	time	5.000000s/cts	O Det=8	H Det=131	Mon Det=72245	Aux Det=117	O+H=139	 DONE
05/03/2023 07:27:25:	move motor	S18.axis2.piezo rotation to 1.675850deg	 DONE
05/03/2023 07:27:29:	34	count	time	5.000000s/cts	O Det=3	H Det=125	Mon Det=71490	Aux Det=120	O+H=128	 DONE
05/03/2023 07:27:37:	move motor	S18.axis2.piezo rotation to 1.675900deg	 DONE
05/03/2023 07:27:41:	35	count	time	5.000000s/cts	O Det=5	H Det=118	Mon Det=71321	Aux Det=99	O+H=123	 DONE
05/03/2023 07:27:49:	close file and end scan	 DONE
05/03/2023 07:27:50:	move motor	S18.axis2.piezo rotation to fit SUM PEAK30	1.674959reached 1.67497  DONE
05/03/2023 07:27:53:	END OF SCRIPT	 DONE
