03/04/2023 02:06:05:	start execution of script D:\data\Cycle 192\exp_3-16-13\rawdata\sc\rocking.sc	 DONE
03/04/2023 02:06:06:	create file	D:\data\Cycle 192\exp_3-16-13\rawdata\sc\rocking_03Apr0206.dat	 DONE
room to enter remarks DONE
03/04/2023 02:06:08:	move motor	S18.axis2.piezo rotation to 1.673200deg	 DONE
03/04/2023 02:06:12:	1	count	time	10.000000s/cts	O Det=14	H Det=791	Mon Det=104115	Aux Det=749	O+H=805	 DONE
03/04/2023 02:06:25:	move motor	S18.axis2.piezo rotation to 1.673250deg	 DONE
03/04/2023 02:06:29:	2	count	time	10.000000s/cts	O Det=11	H Det=667	Mon Det=101092	Aux Det=606	O+H=678	 DONE
03/04/2023 02:06:42:	move motor	S18.axis2.piezo rotation to 1.673300deg	 DONE
03/04/2023 02:06:46:	3	count	time	10.000000s/cts	O Det=7	H Det=634	Mon Det=99641	Aux Det=589	O+H=641	 DONE
03/04/2023 02:06:59:	move motor	S18.axis2.piezo rotation to 1.673350deg	 DONE
03/04/2023 02:07:03:	4	count	time	10.000000s/cts	O Det=6	H Det=601	Mon Det=103708	Aux Det=538	O+H=607	 DONE
03/04/2023 02:07:16:	move motor	S18.axis2.piezo rotation to 1.673400deg	 DONE
03/04/2023 02:07:19:	5	count	time	10.000000s/cts	O Det=5	H Det=612	Mon Det=100820	Aux Det=539	O+H=617	 DONE
03/04/2023 02:07:33:	move motor	S18.axis2.piezo rotation to 1.673450deg	 DONE
03/04/2023 02:07:36:	6	count	time	10.000000s/cts	O Det=12	H Det=709	Mon Det=97940	Aux Det=606	O+H=721	 DONE
03/04/2023 02:07:50:	move motor	S18.axis2.piezo rotation to 1.673500deg	 DONE
03/04/2023 02:07:53:	7	count	time	10.000000s/cts	O Det=13	H Det=679	Mon Det=102818	Aux Det=610	O+H=692	 DONE
03/04/2023 02:08:06:	move motor	S18.axis2.piezo rotation to 1.673550deg	 DONE
03/04/2023 02:08:10:	8	count	time	10.000000s/cts	O Det=13	H Det=686	Mon Det=97397	Aux Det=622	O+H=699	 DONE
03/04/2023 02:08:23:	move motor	S18.axis2.piezo rotation to 1.673600deg	 DONE
03/04/2023 02:08:27:	9	count	time	10.000000s/cts	O Det=10	H Det=661	Mon Det=112218	Aux Det=561	O+H=671	 DONE
03/04/2023 02:08:40:	move motor	S18.axis2.piezo rotation to 1.673650deg	 DONE
03/04/2023 02:08:44:	10	count	time	10.000000s/cts	O Det=22	H Det=722	Mon Det=110271	Aux Det=628	O+H=744	 DONE
03/04/2023 02:08:57:	move motor	S18.axis2.piezo rotation to 1.673700deg	 DONE
03/04/2023 02:09:00:	11	count	time	10.000000s/cts	O Det=18	H Det=789	Mon Det=101704	Aux Det=737	O+H=807	 DONE
03/04/2023 02:09:14:	move motor	S18.axis2.piezo rotation to 1.673750deg	 DONE
03/04/2023 02:09:17:	12	count	time	10.000000s/cts	O Det=28	H Det=909	Mon Det=102438	Aux Det=794	O+H=937	 DONE
03/04/2023 02:09:31:	move motor	S18.axis2.piezo rotation to 1.673800deg	 DONE
03/04/2023 02:09:34:	13	count	time	10.000000s/cts	O Det=60	H Det=1137	Mon Det=100839	Aux Det=916	O+H=1197	 DONE
03/04/2023 02:09:47:	move motor	S18.axis2.piezo rotation to 1.673850deg	 DONE
03/04/2023 02:09:51:	14	count	time	10.000000s/cts	O Det=67	H Det=1293	Mon Det=101840	Aux Det=1107	O+H=1360	 DONE
03/04/2023 02:10:04:	move motor	S18.axis2.piezo rotation to 1.673900deg	 DONE
03/04/2023 02:10:08:	15	count	time	10.000000s/cts	O Det=104	H Det=1540	Mon Det=101388	Aux Det=1168	O+H=1644	 DONE
03/04/2023 02:10:21:	move motor	S18.axis2.piezo rotation to 1.673950deg	 DONE
03/04/2023 02:10:25:	16	count	time	10.000000s/cts	O Det=134	H Det=1645	Mon Det=100539	Aux Det=1275	O+H=1779	 DONE
03/04/2023 02:10:38:	move motor	S18.axis2.piezo rotation to 1.674000deg	 DONE
03/04/2023 02:10:41:	17	count	time	10.000000s/cts	O Det=205	H Det=1957	Mon Det=94398	Aux Det=1250	O+H=2162	 DONE
03/04/2023 02:10:55:	move motor	S18.axis2.piezo rotation to 1.674050deg	 DONE
03/04/2023 02:10:58:	18	count	time	10.000000s/cts	O Det=163	H Det=2161	Mon Det=110258	Aux Det=1312	O+H=2324	 DONE
03/04/2023 02:11:11:	move motor	S18.axis2.piezo rotation to 1.674100deg	 DONE
03/04/2023 02:11:15:	19	count	time	10.000000s/cts	O Det=181	H Det=2242	Mon Det=110417	Aux Det=1343	O+H=2423	 DONE
03/04/2023 02:11:28:	move motor	S18.axis2.piezo rotation to 1.674150deg	 DONE
03/04/2023 02:11:32:	20	count	time	10.000000s/cts	O Det=197	H Det=2198	Mon Det=111752	Aux Det=1338	O+H=2395	 DONE
03/04/2023 02:11:45:	move motor	S18.axis2.piezo rotation to 1.674200deg	 DONE
03/04/2023 02:11:48:	21	count	time	10.000000s/cts	O Det=209	H Det=1954	Mon Det=105210	Aux Det=1288	O+H=2163	 DONE
03/04/2023 02:12:01:	move motor	S18.axis2.piezo rotation to 1.674250deg	 DONE
03/04/2023 02:12:05:	22	count	time	10.000000s/cts	O Det=195	H Det=1732	Mon Det=96941	Aux Det=1112	O+H=1927	 DONE
03/04/2023 02:12:18:	move motor	S18.axis2.piezo rotation to 1.674300deg	 DONE
03/04/2023 02:12:22:	23	count	time	10.000000s/cts	O Det=134	H Det=1569	Mon Det=99722	Aux Det=1073	O+H=1703	 DONE
03/04/2023 02:12:35:	move motor	S18.axis2.piezo rotation to 1.674350deg	 DONE
03/04/2023 02:12:39:	24	count	time	10.000000s/cts	O Det=129	H Det=1247	Mon Det=101553	Aux Det=960	O+H=1376	 DONE
03/04/2023 02:12:52:	move motor	S18.axis2.piezo rotation to 1.674400deg	 DONE
03/04/2023 02:12:56:	25	count	time	10.000000s/cts	O Det=82	H Det=1040	Mon Det=96877	Aux Det=843	O+H=1122	 DONE
03/04/2023 02:13:09:	move motor	S18.axis2.piezo rotation to 1.674450deg	 DONE
03/04/2023 02:13:12:	26	count	time	10.000000s/cts	O Det=54	H Det=847	Mon Det=100704	Aux Det=703	O+H=901	 DONE
03/04/2023 02:13:25:	move motor	S18.axis2.piezo rotation to 1.674500deg	 DONE
03/04/2023 02:13:29:	27	count	time	10.000000s/cts	O Det=55	H Det=710	Mon Det=108666	Aux Det=607	O+H=765	 DONE
03/04/2023 02:13:42:	move motor	S18.axis2.piezo rotation to 1.674550deg	 DONE
03/04/2023 02:13:46:	28	count	time	10.000000s/cts	O Det=35	H Det=618	Mon Det=107928	Aux Det=543	O+H=653	 DONE
03/04/2023 02:13:59:	move motor	S18.axis2.piezo rotation to 1.674600deg	 DONE
03/04/2023 02:14:02:	29	count	time	10.000000s/cts	O Det=34	H Det=538	Mon Det=108092	Aux Det=442	O+H=572	 DONE
03/04/2023 02:14:15:	move motor	S18.axis2.piezo rotation to 1.674650deg	 DONE
03/04/2023 02:14:19:	30	count	time	10.000000s/cts	O Det=21	H Det=444	Mon Det=97730	Aux Det=383	O+H=465	 DONE
03/04/2023 02:14:32:	move motor	S18.axis2.piezo rotation to 1.674700deg	 DONE
03/04/2023 02:14:36:	31	count	time	10.000000s/cts	O Det=12	H Det=403	Mon Det=98857	Aux Det=327	O+H=415	 DONE
03/04/2023 02:14:49:	move motor	S18.axis2.piezo rotation to 1.674750deg	 DONE
03/04/2023 02:14:53:	32	count	time	10.000000s/cts	O Det=9	H Det=340	Mon Det=102885	Aux Det=303	O+H=349	 DONE
03/04/2023 02:15:06:	move motor	S18.axis2.piezo rotation to 1.674800deg	 DONE
03/04/2023 02:15:10:	33	count	time	10.000000s/cts	O Det=8	H Det=303	Mon Det=103403	Aux Det=258	O+H=311	 DONE
03/04/2023 02:15:23:	move motor	S18.axis2.piezo rotation to 1.674850deg	 DONE
03/04/2023 02:15:26:	34	count	time	10.000000s/cts	O Det=1	H Det=261	Mon Det=100725	Aux Det=202	O+H=262	 DONE
03/04/2023 02:15:39:	move motor	S18.axis2.piezo rotation to 1.674900deg	 DONE
03/04/2023 02:15:43:	35	count	time	10.000000s/cts	O Det=8	H Det=242	Mon Det=101974	Aux Det=214	O+H=250	 DONE
03/04/2023 02:15:56:	move motor	S18.axis2.piezo rotation to 1.674950deg	 DONE
03/04/2023 02:16:00:	36	count	time	10.000000s/cts	O Det=6	H Det=207	Mon Det=81496	Aux Det=218	O+H=213	 DONE
03/04/2023 02:16:13:	move motor	S18.axis2.piezo rotation to 1.675000deg	 DONE
03/04/2023 02:16:16:	37	count	time	10.000000s/cts	O Det=6	H Det=199	Mon Det=113317	Aux Det=183	O+H=205	 DONE
03/04/2023 02:16:30:	move motor	S18.axis2.piezo rotation to 1.675050deg	 DONE
03/04/2023 02:16:33:	38	count	time	10.000000s/cts	O Det=5	H Det=162	Mon Det=113022	Aux Det=166	O+H=167	 DONE
03/04/2023 02:16:46:	move motor	S18.axis2.piezo rotation to 1.675100deg	 DONE
03/04/2023 02:16:50:	39	count	time	10.000000s/cts	O Det=2	H Det=135	Mon Det=112759	Aux Det=131	O+H=137	 DONE
03/04/2023 02:17:03:	move motor	S18.axis2.piezo rotation to 1.675150deg	 DONE
03/04/2023 02:17:07:	40	count	time	10.000000s/cts	O Det=5	H Det=152	Mon Det=103124	Aux Det=121	O+H=157	 DONE
03/04/2023 02:17:20:	close file and end scan	 DONE
03/04/2023 02:17:21:	move motor	S18.axis2.piezo rotation to fit O PEAK30	1.674137reached 1.67415  DONE
03/04/2023 02:17:24:	END OF SCRIPT	 DONE
