05/03/2023 14:05:45:	start execution of script D:\data\Cycle 192\exp_3-16-13\rawdata\sc\rocking.sc	 DONE
05/03/2023 14:05:46:	create file	D:\data\Cycle 192\exp_3-16-13\rawdata\sc\rocking_05Mar1405.dat	 DONE
room to enter remarks DONE
05/03/2023 14:05:48:	move motor	S18.axis2.piezo rotation to 1.674200deg	 DONE
05/03/2023 14:05:52:	1	count	time	5.000000s/cts	O Det=5	H Det=176	Mon Det=72269	Aux Det=170	O+H=181	 DONE
05/03/2023 14:06:00:	move motor	S18.axis2.piezo rotation to 1.674250deg	 DONE
05/03/2023 14:06:04:	2	count	time	5.000000s/cts	O Det=7	H Det=174	Mon Det=72532	Aux Det=186	O+H=181	 DONE
05/03/2023 14:06:12:	move motor	S18.axis2.piezo rotation to 1.674300deg	 DONE
05/03/2023 14:06:16:	3	count	time	5.000000s/cts	O Det=5	H Det=233	Mon Det=71579	Aux Det=204	O+H=238	 DONE
05/03/2023 14:06:24:	move motor	S18.axis2.piezo rotation to 1.674350deg	 DONE
05/03/2023 14:06:27:	4	count	time	5.000000s/cts	O Det=6	H Det=245	Mon Det=74099	Aux Det=243	O+H=251	 DONE
05/03/2023 14:06:36:	move motor	S18.axis2.piezo rotation to 1.674400deg	 DONE
05/03/2023 14:06:40:	5	count	time	5.000000s/cts	O Det=19	H Det=290	Mon Det=72988	Aux Det=312	O+H=309	 DONE
05/03/2023 14:06:48:	move motor	S18.axis2.piezo rotation to 1.674450deg	 DONE
05/03/2023 14:06:52:	6	count	time	5.000000s/cts	O Det=27	H Det=411	Mon Det=74006	Aux Det=382	O+H=438	 DONE
05/03/2023 14:07:00:	move motor	S18.axis2.piezo rotation to 1.674500deg	 DONE
05/03/2023 14:07:04:	7	count	time	5.000000s/cts	O Det=30	H Det=499	Mon Det=71602	Aux Det=474	O+H=529	 DONE
05/03/2023 14:07:12:	move motor	S18.axis2.piezo rotation to 1.674550deg	 DONE
05/03/2023 14:07:16:	8	count	time	5.000000s/cts	O Det=39	H Det=555	Mon Det=73225	Aux Det=497	O+H=594	 DONE
05/03/2023 14:07:24:	move motor	S18.axis2.piezo rotation to 1.674600deg	 DONE
05/03/2023 14:07:28:	9	count	time	5.000000s/cts	O Det=62	H Det=790	Mon Det=71766	Aux Det=663	O+H=852	 DONE
05/03/2023 14:07:36:	move motor	S18.axis2.piezo rotation to 1.674650deg	 DONE
05/03/2023 14:07:40:	10	count	time	5.000000s/cts	O Det=93	H Det=886	Mon Det=73012	Aux Det=809	O+H=979	 DONE
05/03/2023 14:07:48:	move motor	S18.axis2.piezo rotation to 1.674700deg	 DONE
05/03/2023 14:07:52:	11	count	time	5.000000s/cts	O Det=140	H Det=1246	Mon Det=73621	Aux Det=980	O+H=1386	 DONE
05/03/2023 14:08:00:	move motor	S18.axis2.piezo rotation to 1.674750deg	 DONE
05/03/2023 14:08:04:	12	count	time	5.000000s/cts	O Det=236	H Det=1477	Mon Det=72845	Aux Det=1028	O+H=1713	 DONE
05/03/2023 14:08:12:	move motor	S18.axis2.piezo rotation to 1.674800deg	 DONE
05/03/2023 14:08:16:	13	count	time	5.000000s/cts	O Det=329	H Det=1943	Mon Det=71450	Aux Det=1224	O+H=2272	 DONE
05/03/2023 14:08:24:	move motor	S18.axis2.piezo rotation to 1.674850deg	 DONE
05/03/2023 14:08:28:	14	count	time	5.000000s/cts	O Det=355	H Det=2072	Mon Det=73386	Aux Det=1318	O+H=2427	 DONE
05/03/2023 14:08:36:	move motor	S18.axis2.piezo rotation to 1.674900deg	 DONE
05/03/2023 14:08:40:	15	count	time	5.000000s/cts	O Det=382	H Det=2252	Mon Det=73350	Aux Det=1321	O+H=2634	 DONE
05/03/2023 14:08:48:	move motor	S18.axis2.piezo rotation to 1.674950deg	 DONE
05/03/2023 14:08:52:	16	count	time	5.000000s/cts	O Det=430	H Det=2192	Mon Det=72008	Aux Det=1259	O+H=2622	 DONE
05/03/2023 14:09:00:	move motor	S18.axis2.piezo rotation to 1.675000deg	 DONE
05/03/2023 14:09:04:	17	count	time	5.000000s/cts	O Det=406	H Det=2068	Mon Det=73797	Aux Det=1200	O+H=2474	 DONE
05/03/2023 14:09:12:	move motor	S18.axis2.piezo rotation to 1.675050deg	 DONE
05/03/2023 14:09:16:	18	count	time	5.000000s/cts	O Det=347	H Det=1962	Mon Det=73103	Aux Det=1073	O+H=2309	 DONE
05/03/2023 14:09:24:	move motor	S18.axis2.piezo rotation to 1.675100deg	 DONE
05/03/2023 14:09:28:	19	count	time	5.000000s/cts	O Det=293	H Det=1645	Mon Det=74006	Aux Det=969	O+H=1938	 DONE
05/03/2023 14:09:36:	move motor	S18.axis2.piezo rotation to 1.675150deg	 DONE
05/03/2023 14:09:40:	20	count	time	5.000000s/cts	O Det=226	H Det=1341	Mon Det=72303	Aux Det=880	O+H=1567	 DONE
05/03/2023 14:09:48:	move motor	S18.axis2.piezo rotation to 1.675200deg	 DONE
05/03/2023 14:09:51:	21	count	time	5.000000s/cts	O Det=164	H Det=1086	Mon Det=72789	Aux Det=767	O+H=1250	 DONE
05/03/2023 14:10:00:	move motor	S18.axis2.piezo rotation to 1.675250deg	 DONE
05/03/2023 14:10:03:	22	count	time	5.000000s/cts	O Det=87	H Det=789	Mon Det=71291	Aux Det=634	O+H=876	 DONE
05/03/2023 14:10:11:	move motor	S18.axis2.piezo rotation to 1.675300deg	 DONE
05/03/2023 14:10:15:	23	count	time	5.000000s/cts	O Det=58	H Det=667	Mon Det=73492	Aux Det=528	O+H=725	 DONE
05/03/2023 14:10:23:	move motor	S18.axis2.piezo rotation to 1.675350deg	 DONE
05/03/2023 14:10:27:	24	count	time	5.000000s/cts	O Det=39	H Det=543	Mon Det=72189	Aux Det=458	O+H=582	 DONE
05/03/2023 14:10:35:	move motor	S18.axis2.piezo rotation to 1.675400deg	 DONE
05/03/2023 14:10:39:	25	count	time	5.000000s/cts	O Det=31	H Det=433	Mon Det=73186	Aux Det=391	O+H=464	 DONE
05/03/2023 14:10:47:	move motor	S18.axis2.piezo rotation to 1.675450deg	 DONE
05/03/2023 14:10:51:	26	count	time	5.000000s/cts	O Det=27	H Det=401	Mon Det=73117	Aux Det=340	O+H=428	 DONE
05/03/2023 14:10:59:	move motor	S18.axis2.piezo rotation to 1.675500deg	 DONE
05/03/2023 14:11:02:	27	count	time	5.000000s/cts	O Det=15	H Det=275	Mon Det=72712	Aux Det=257	O+H=290	 DONE
05/03/2023 14:11:11:	move motor	S18.axis2.piezo rotation to 1.675550deg	 DONE
05/03/2023 14:11:14:	28	count	time	5.000000s/cts	O Det=12	H Det=295	Mon Det=73745	Aux Det=229	O+H=307	 DONE
05/03/2023 14:11:22:	move motor	S18.axis2.piezo rotation to 1.675600deg	 DONE
05/03/2023 14:11:27:	29	count	time	5.000000s/cts	O Det=13	H Det=249	Mon Det=72348	Aux Det=204	O+H=262	 DONE
05/03/2023 14:11:35:	move motor	S18.axis2.piezo rotation to 1.675650deg	 DONE
05/03/2023 14:11:39:	30	count	time	5.000000s/cts	O Det=6	H Det=188	Mon Det=71900	Aux Det=167	O+H=194	 DONE
05/03/2023 14:11:47:	move motor	S18.axis2.piezo rotation to 1.675700deg	 DONE
05/03/2023 14:11:51:	31	count	time	5.000000s/cts	O Det=13	H Det=157	Mon Det=72359	Aux Det=138	O+H=170	 DONE
05/03/2023 14:11:59:	move motor	S18.axis2.piezo rotation to 1.675750deg	 DONE
05/03/2023 14:12:03:	32	count	time	5.000000s/cts	O Det=3	H Det=170	Mon Det=73190	Aux Det=132	O+H=173	 DONE
05/03/2023 14:12:11:	move motor	S18.axis2.piezo rotation to 1.675800deg	 DONE
05/03/2023 14:12:14:	33	count	time	5.000000s/cts	O Det=3	H Det=125	Mon Det=73526	Aux Det=119	O+H=128	 DONE
05/03/2023 14:12:23:	move motor	S18.axis2.piezo rotation to 1.675850deg	 DONE
05/03/2023 14:12:26:	34	count	time	5.000000s/cts	O Det=2	H Det=130	Mon Det=73139	Aux Det=109	O+H=132	 DONE
05/03/2023 14:12:34:	move motor	S18.axis2.piezo rotation to 1.675900deg	 DONE
05/03/2023 14:12:38:	35	count	time	5.000000s/cts	O Det=4	H Det=115	Mon Det=73032	Aux Det=109	O+H=119	 DONE
05/03/2023 14:12:46:	close file and end scan	 DONE
05/03/2023 14:12:47:	move motor	S18.axis2.piezo rotation to fit SUM PEAK30	1.674937reached 1.67494  DONE
05/03/2023 14:12:51:	END OF SCRIPT	 DONE
