05/03/2023 12:36:39:	start execution of script D:\data\Cycle 192\exp_3-16-13\rawdata\sc\rocking.sc	 DONE
05/03/2023 12:36:40:	create file	D:\data\Cycle 192\exp_3-16-13\rawdata\sc\rocking_05Mar1236.dat	 DONE
room to enter remarks DONE
05/03/2023 12:36:42:	move motor	S18.axis2.piezo rotation to 1.674200deg	 DONE
05/03/2023 12:36:47:	1	count	time	5.000000s/cts	O Det=5	H Det=188	Mon Det=72948	Aux Det=167	O+H=193	 DONE
05/03/2023 12:36:55:	move motor	S18.axis2.piezo rotation to 1.674250deg	 DONE
05/03/2023 12:36:59:	2	count	time	5.000000s/cts	O Det=7	H Det=179	Mon Det=73427	Aux Det=177	O+H=186	 DONE
05/03/2023 12:37:07:	move motor	S18.axis2.piezo rotation to 1.674300deg	 DONE
05/03/2023 12:37:11:	3	count	time	5.000000s/cts	O Det=8	H Det=213	Mon Det=72395	Aux Det=200	O+H=221	 DONE
05/03/2023 12:37:19:	move motor	S18.axis2.piezo rotation to 1.674350deg	 DONE
05/03/2023 12:37:23:	4	count	time	5.000000s/cts	O Det=10	H Det=245	Mon Det=72585	Aux Det=237	O+H=255	 DONE
05/03/2023 12:37:31:	move motor	S18.axis2.piezo rotation to 1.674400deg	 DONE
05/03/2023 12:37:35:	5	count	time	5.000000s/cts	O Det=10	H Det=315	Mon Det=71800	Aux Det=275	O+H=325	 DONE
05/03/2023 12:37:44:	move motor	S18.axis2.piezo rotation to 1.674450deg	 DONE
05/03/2023 12:37:47:	6	count	time	5.000000s/cts	O Det=17	H Det=404	Mon Det=73013	Aux Det=336	O+H=421	 DONE
05/03/2023 12:37:56:	move motor	S18.axis2.piezo rotation to 1.674500deg	 DONE
05/03/2023 12:37:59:	7	count	time	5.000000s/cts	O Det=29	H Det=429	Mon Det=71752	Aux Det=414	O+H=458	 DONE
05/03/2023 12:38:08:	move motor	S18.axis2.piezo rotation to 1.674550deg	 DONE
05/03/2023 12:38:11:	8	count	time	5.000000s/cts	O Det=45	H Det=547	Mon Det=72503	Aux Det=520	O+H=592	 DONE
05/03/2023 12:38:19:	move motor	S18.axis2.piezo rotation to 1.674600deg	 DONE
05/03/2023 12:38:23:	9	count	time	5.000000s/cts	O Det=73	H Det=700	Mon Det=72970	Aux Det=640	O+H=773	 DONE
05/03/2023 12:38:31:	move motor	S18.axis2.piezo rotation to 1.674650deg	 DONE
05/03/2023 12:38:35:	10	count	time	5.000000s/cts	O Det=113	H Det=949	Mon Det=72733	Aux Det=826	O+H=1062	 DONE
05/03/2023 12:38:43:	move motor	S18.axis2.piezo rotation to 1.674700deg	 DONE
05/03/2023 12:38:47:	11	count	time	5.000000s/cts	O Det=130	H Det=1125	Mon Det=72441	Aux Det=906	O+H=1255	 DONE
05/03/2023 12:38:55:	move motor	S18.axis2.piezo rotation to 1.674750deg	 DONE
05/03/2023 12:38:59:	12	count	time	5.000000s/cts	O Det=235	H Det=1488	Mon Det=73439	Aux Det=1076	O+H=1723	 DONE
05/03/2023 12:39:07:	move motor	S18.axis2.piezo rotation to 1.674800deg	 DONE
05/03/2023 12:39:11:	13	count	time	5.000000s/cts	O Det=296	H Det=1945	Mon Det=72474	Aux Det=1199	O+H=2241	 DONE
05/03/2023 12:39:20:	move motor	S18.axis2.piezo rotation to 1.674850deg	 DONE
05/03/2023 12:39:23:	14	count	time	5.000000s/cts	O Det=337	H Det=2114	Mon Det=72177	Aux Det=1291	O+H=2451	 DONE
05/03/2023 12:39:32:	move motor	S18.axis2.piezo rotation to 1.674900deg	 DONE
05/03/2023 12:39:35:	15	count	time	5.000000s/cts	O Det=383	H Det=2241	Mon Det=72748	Aux Det=1294	O+H=2624	 DONE
05/03/2023 12:39:44:	move motor	S18.axis2.piezo rotation to 1.674950deg	 DONE
05/03/2023 12:39:47:	16	count	time	5.000000s/cts	O Det=399	H Det=2221	Mon Det=71393	Aux Det=1294	O+H=2620	 DONE
05/03/2023 12:39:56:	move motor	S18.axis2.piezo rotation to 1.675000deg	 DONE
05/03/2023 12:39:59:	17	count	time	5.000000s/cts	O Det=346	H Det=2181	Mon Det=73589	Aux Det=1197	O+H=2527	 DONE
05/03/2023 12:40:07:	move motor	S18.axis2.piezo rotation to 1.675050deg	 DONE
05/03/2023 12:40:11:	18	count	time	5.000000s/cts	O Det=303	H Det=2022	Mon Det=72237	Aux Det=1052	O+H=2325	 DONE
05/03/2023 12:40:19:	move motor	S18.axis2.piezo rotation to 1.675100deg	 DONE
05/03/2023 12:40:23:	19	count	time	5.000000s/cts	O Det=270	H Det=1711	Mon Det=72137	Aux Det=987	O+H=1981	 DONE
05/03/2023 12:40:31:	move motor	S18.axis2.piezo rotation to 1.675150deg	 DONE
05/03/2023 12:40:35:	20	count	time	5.000000s/cts	O Det=195	H Det=1338	Mon Det=71906	Aux Det=890	O+H=1533	 DONE
05/03/2023 12:40:43:	move motor	S18.axis2.piezo rotation to 1.675200deg	 DONE
05/03/2023 12:40:47:	21	count	time	5.000000s/cts	O Det=164	H Det=1137	Mon Det=71443	Aux Det=792	O+H=1301	 DONE
05/03/2023 12:40:55:	move motor	S18.axis2.piezo rotation to 1.675250deg	 DONE
05/03/2023 12:40:59:	22	count	time	5.000000s/cts	O Det=90	H Det=838	Mon Det=72707	Aux Det=678	O+H=928	 DONE
05/03/2023 12:41:07:	move motor	S18.axis2.piezo rotation to 1.675300deg	 DONE
05/03/2023 12:41:11:	23	count	time	5.000000s/cts	O Det=81	H Det=640	Mon Det=73813	Aux Det=555	O+H=721	 DONE
05/03/2023 12:41:19:	move motor	S18.axis2.piezo rotation to 1.675350deg	 DONE
05/03/2023 12:41:23:	24	count	time	5.000000s/cts	O Det=46	H Det=567	Mon Det=72852	Aux Det=465	O+H=613	 DONE
05/03/2023 12:41:31:	move motor	S18.axis2.piezo rotation to 1.675400deg	 DONE
05/03/2023 12:41:34:	25	count	time	5.000000s/cts	O Det=38	H Det=454	Mon Det=71685	Aux Det=388	O+H=492	 DONE
05/03/2023 12:41:43:	move motor	S18.axis2.piezo rotation to 1.675450deg	 DONE
05/03/2023 12:41:46:	26	count	time	5.000000s/cts	O Det=30	H Det=380	Mon Det=72831	Aux Det=321	O+H=410	 DONE
05/03/2023 12:41:55:	move motor	S18.axis2.piezo rotation to 1.675500deg	 DONE
05/03/2023 12:41:59:	27	count	time	5.000000s/cts	O Det=14	H Det=302	Mon Det=71668	Aux Det=260	O+H=316	 DONE
05/03/2023 12:42:07:	move motor	S18.axis2.piezo rotation to 1.675550deg	 DONE
05/03/2023 12:42:10:	28	count	time	5.000000s/cts	O Det=9	H Det=285	Mon Det=71540	Aux Det=248	O+H=294	 DONE
05/03/2023 12:42:18:	move motor	S18.axis2.piezo rotation to 1.675600deg	 DONE
05/03/2023 12:42:22:	29	count	time	5.000000s/cts	O Det=6	H Det=209	Mon Det=71250	Aux Det=204	O+H=215	 DONE
05/03/2023 12:42:30:	move motor	S18.axis2.piezo rotation to 1.675650deg	 DONE
05/03/2023 12:42:34:	30	count	time	5.000000s/cts	O Det=9	H Det=193	Mon Det=70816	Aux Det=211	O+H=202	 DONE
05/03/2023 12:42:42:	move motor	S18.axis2.piezo rotation to 1.675700deg	 DONE
05/03/2023 12:42:46:	31	count	time	5.000000s/cts	O Det=8	H Det=152	Mon Det=71387	Aux Det=150	O+H=160	 DONE
05/03/2023 12:42:54:	move motor	S18.axis2.piezo rotation to 1.675750deg	 DONE
05/03/2023 12:42:58:	32	count	time	5.000000s/cts	O Det=8	H Det=132	Mon Det=72006	Aux Det=138	O+H=140	 DONE
05/03/2023 12:43:06:	move motor	S18.axis2.piezo rotation to 1.675800deg	 DONE
05/03/2023 12:43:10:	33	count	time	5.000000s/cts	O Det=6	H Det=132	Mon Det=72290	Aux Det=114	O+H=138	 DONE
05/03/2023 12:43:18:	move motor	S18.axis2.piezo rotation to 1.675850deg	 DONE
05/03/2023 12:43:21:	34	count	time	5.000000s/cts	O Det=2	H Det=139	Mon Det=71144	Aux Det=103	O+H=141	 DONE
05/03/2023 12:43:30:	move motor	S18.axis2.piezo rotation to 1.675900deg	 DONE
05/03/2023 12:43:33:	35	count	time	5.000000s/cts	O Det=6	H Det=110	Mon Det=70915	Aux Det=97	O+H=116	 DONE
05/03/2023 12:43:41:	close file and end scan	 DONE
05/03/2023 12:43:42:	move motor	S18.axis2.piezo rotation to fit SUM PEAK30	1.674944reached 1.67496  DONE
05/03/2023 12:43:46:	END OF SCRIPT	 DONE
