05/03/2023 21:31:26:	start execution of script D:\data\Cycle 192\exp_3-16-13\rawdata\sc\rocking.sc	 DONE
05/03/2023 21:31:27:	create file	D:\data\Cycle 192\exp_3-16-13\rawdata\sc\rocking_05Mar2131.dat	 DONE
room to enter remarks DONE
05/03/2023 21:31:29:	move motor	S18.axis2.piezo rotation to 1.674200deg	 DONE
05/03/2023 21:31:34:	1	count	time	5.000000s/cts	O Det=9	H Det=212	Mon Det=72971	Aux Det=161	O+H=221	 DONE
05/03/2023 21:31:42:	move motor	S18.axis2.piezo rotation to 1.674250deg	 DONE
05/03/2023 21:31:45:	2	count	time	5.000000s/cts	O Det=2	H Det=193	Mon Det=70670	Aux Det=179	O+H=195	 DONE
05/03/2023 21:31:54:	move motor	S18.axis2.piezo rotation to 1.674300deg	 DONE
05/03/2023 21:31:57:	3	count	time	5.000000s/cts	O Det=9	H Det=215	Mon Det=72154	Aux Det=194	O+H=224	 DONE
05/03/2023 21:32:05:	move motor	S18.axis2.piezo rotation to 1.674350deg	 DONE
05/03/2023 21:32:10:	4	count	time	5.000000s/cts	O Det=13	H Det=252	Mon Det=72727	Aux Det=233	O+H=265	 DONE
05/03/2023 21:32:18:	move motor	S18.axis2.piezo rotation to 1.674400deg	 DONE
05/03/2023 21:32:22:	5	count	time	5.000000s/cts	O Det=12	H Det=317	Mon Det=71038	Aux Det=267	O+H=329	 DONE
05/03/2023 21:32:30:	move motor	S18.axis2.piezo rotation to 1.674450deg	 DONE
05/03/2023 21:32:33:	6	count	time	5.000000s/cts	O Det=27	H Det=360	Mon Det=71778	Aux Det=305	O+H=387	 DONE
05/03/2023 21:32:42:	move motor	S18.axis2.piezo rotation to 1.674500deg	 DONE
05/03/2023 21:32:45:	7	count	time	5.000000s/cts	O Det=21	H Det=450	Mon Det=71556	Aux Det=430	O+H=471	 DONE
05/03/2023 21:32:54:	move motor	S18.axis2.piezo rotation to 1.674550deg	 DONE
05/03/2023 21:32:57:	8	count	time	5.000000s/cts	O Det=33	H Det=542	Mon Det=72145	Aux Det=538	O+H=575	 DONE
05/03/2023 21:33:05:	move motor	S18.axis2.piezo rotation to 1.674600deg	 DONE
05/03/2023 21:33:09:	9	count	time	5.000000s/cts	O Det=63	H Det=797	Mon Det=70342	Aux Det=645	O+H=860	 DONE
05/03/2023 21:33:17:	move motor	S18.axis2.piezo rotation to 1.674650deg	 DONE
05/03/2023 21:33:21:	10	count	time	5.000000s/cts	O Det=85	H Det=890	Mon Det=72491	Aux Det=732	O+H=975	 DONE
05/03/2023 21:33:29:	move motor	S18.axis2.piezo rotation to 1.674700deg	 DONE
05/03/2023 21:33:33:	11	count	time	5.000000s/cts	O Det=168	H Det=1278	Mon Det=73081	Aux Det=1022	O+H=1446	 DONE
05/03/2023 21:33:41:	move motor	S18.axis2.piezo rotation to 1.674750deg	 DONE
05/03/2023 21:33:45:	12	count	time	5.000000s/cts	O Det=213	H Det=1490	Mon Det=72280	Aux Det=1164	O+H=1703	 DONE
05/03/2023 21:33:53:	move motor	S18.axis2.piezo rotation to 1.674800deg	 DONE
05/03/2023 21:33:57:	13	count	time	5.000000s/cts	O Det=306	H Det=1963	Mon Det=72890	Aux Det=1266	O+H=2269	 DONE
05/03/2023 21:34:05:	move motor	S18.axis2.piezo rotation to 1.674850deg	 DONE
05/03/2023 21:34:09:	14	count	time	5.000000s/cts	O Det=354	H Det=2101	Mon Det=71464	Aux Det=1301	O+H=2455	 DONE
05/03/2023 21:34:18:	move motor	S18.axis2.piezo rotation to 1.674900deg	 DONE
05/03/2023 21:34:21:	15	count	time	5.000000s/cts	O Det=431	H Det=2134	Mon Det=72283	Aux Det=1290	O+H=2565	 DONE
05/03/2023 21:34:30:	move motor	S18.axis2.piezo rotation to 1.674950deg	 DONE
05/03/2023 21:34:33:	16	count	time	5.000000s/cts	O Det=439	H Det=2100	Mon Det=71497	Aux Det=1276	O+H=2539	 DONE
05/03/2023 21:34:41:	move motor	S18.axis2.piezo rotation to 1.675000deg	 DONE
05/03/2023 21:34:45:	17	count	time	5.000000s/cts	O Det=372	H Det=2142	Mon Det=71841	Aux Det=1166	O+H=2514	 DONE
05/03/2023 21:34:53:	move motor	S18.axis2.piezo rotation to 1.675050deg	 DONE
05/03/2023 21:34:57:	18	count	time	5.000000s/cts	O Det=396	H Det=1855	Mon Det=71849	Aux Det=1122	O+H=2251	 DONE
05/03/2023 21:35:05:	move motor	S18.axis2.piezo rotation to 1.675100deg	 DONE
05/03/2023 21:35:09:	19	count	time	5.000000s/cts	O Det=288	H Det=1693	Mon Det=72369	Aux Det=1041	O+H=1981	 DONE
05/03/2023 21:35:17:	move motor	S18.axis2.piezo rotation to 1.675150deg	 DONE
05/03/2023 21:35:21:	20	count	time	5.000000s/cts	O Det=247	H Det=1426	Mon Det=71589	Aux Det=913	O+H=1673	 DONE
05/03/2023 21:35:29:	move motor	S18.axis2.piezo rotation to 1.675200deg	 DONE
05/03/2023 21:35:33:	21	count	time	5.000000s/cts	O Det=205	H Det=1116	Mon Det=72525	Aux Det=779	O+H=1321	 DONE
05/03/2023 21:35:41:	move motor	S18.axis2.piezo rotation to 1.675250deg	 DONE
05/03/2023 21:35:45:	22	count	time	5.000000s/cts	O Det=112	H Det=905	Mon Det=73788	Aux Det=693	O+H=1017	 DONE
05/03/2023 21:35:53:	move motor	S18.axis2.piezo rotation to 1.675300deg	 DONE
05/03/2023 21:35:56:	23	count	time	5.000000s/cts	O Det=85	H Det=700	Mon Det=73316	Aux Det=552	O+H=785	 DONE
05/03/2023 21:36:05:	move motor	S18.axis2.piezo rotation to 1.675350deg	 DONE
05/03/2023 21:36:08:	24	count	time	5.000000s/cts	O Det=55	H Det=527	Mon Det=73226	Aux Det=458	O+H=582	 DONE
05/03/2023 21:36:16:	move motor	S18.axis2.piezo rotation to 1.675400deg	 DONE
05/03/2023 21:36:20:	25	count	time	5.000000s/cts	O Det=43	H Det=452	Mon Det=71389	Aux Det=363	O+H=495	 DONE
05/03/2023 21:36:28:	move motor	S18.axis2.piezo rotation to 1.675450deg	 DONE
05/03/2023 21:36:32:	26	count	time	5.000000s/cts	O Det=26	H Det=390	Mon Det=72992	Aux Det=306	O+H=416	 DONE
05/03/2023 21:36:41:	move motor	S18.axis2.piezo rotation to 1.675500deg	 DONE
05/03/2023 21:36:44:	27	count	time	5.000000s/cts	O Det=17	H Det=298	Mon Det=72278	Aux Det=258	O+H=315	 DONE
05/03/2023 21:36:53:	move motor	S18.axis2.piezo rotation to 1.675550deg	 DONE
05/03/2023 21:36:56:	28	count	time	5.000000s/cts	O Det=10	H Det=260	Mon Det=71566	Aux Det=206	O+H=270	 DONE
05/03/2023 21:37:04:	move motor	S18.axis2.piezo rotation to 1.675600deg	 DONE
05/03/2023 21:37:08:	29	count	time	5.000000s/cts	O Det=15	H Det=236	Mon Det=73597	Aux Det=211	O+H=251	 DONE
05/03/2023 21:37:16:	move motor	S18.axis2.piezo rotation to 1.675650deg	 DONE
05/03/2023 21:37:20:	30	count	time	5.000000s/cts	O Det=8	H Det=203	Mon Det=72296	Aux Det=185	O+H=211	 DONE
05/03/2023 21:37:28:	move motor	S18.axis2.piezo rotation to 1.675700deg	 DONE
05/03/2023 21:37:32:	31	count	time	5.000000s/cts	O Det=5	H Det=175	Mon Det=72511	Aux Det=158	O+H=180	 DONE
05/03/2023 21:37:40:	move motor	S18.axis2.piezo rotation to 1.675750deg	 DONE
05/03/2023 21:37:44:	32	count	time	5.000000s/cts	O Det=5	H Det=145	Mon Det=72930	Aux Det=137	O+H=150	 DONE
05/03/2023 21:37:52:	move motor	S18.axis2.piezo rotation to 1.675800deg	 DONE
05/03/2023 21:37:56:	33	count	time	5.000000s/cts	O Det=3	H Det=145	Mon Det=72848	Aux Det=109	O+H=148	 DONE
05/03/2023 21:38:04:	move motor	S18.axis2.piezo rotation to 1.675850deg	 DONE
05/03/2023 21:38:08:	34	count	time	5.000000s/cts	O Det=3	H Det=111	Mon Det=71953	Aux Det=102	O+H=114	 DONE
05/03/2023 21:38:16:	move motor	S18.axis2.piezo rotation to 1.675900deg	 DONE
05/03/2023 21:38:20:	35	count	time	5.000000s/cts	O Det=5	H Det=107	Mon Det=72242	Aux Det=87	O+H=112	 DONE
05/03/2023 21:38:28:	close file and end scan	 DONE
05/03/2023 21:38:29:	move motor	S18.axis2.piezo rotation to fit SUM PEAK30	1.674942reached 1.67494  DONE
05/03/2023 21:38:34:	END OF SCRIPT	 DONE
