06/04/2023 07:12:33:	start execution of script D:\data\Cycle 192\exp_3-16-13\rawdata\sc\rocking.sc	 DONE
06/04/2023 07:12:34:	set AO_DC2Z (PXIDAQ2/ao0) to 0.740000Amps 0.740V DONE
06/04/2023 07:12:35:	set AO_DC2Y (PXIDAQ2/ao2) to -0.547000Amps -1.094V DONE
06/04/2023 07:12:36:	set AO_DC1Z (PXIDAQ2/ao1) to 4.430000Amps 2.215V DONE
06/04/2023 07:12:37:	set AO_DC1Y (6229/ao1) to 1.668000Amps 3.336V DONE
call of setDCpi2.sc DONE
06/04/2023 07:12:39:	create file	D:\data\Cycle 192\exp_3-16-13\rawdata\sc\rocking_06Apr0712.dat	 DONE
room to enter remarks DONE
06/04/2023 07:12:41:	move motor	S18.axis2.piezo rotation to 1.673200deg	 DONE
06/04/2023 07:12:45:	1	count	time	10.000000s/cts	O Det=8	H Det=188	Mon Det=105412	Aux Det=543	O+H=196	 DONE
06/04/2023 07:12:59:	move motor	S18.axis2.piezo rotation to 1.673250deg	 DONE
06/04/2023 07:13:02:	2	count	time	10.000000s/cts	O Det=5	H Det=186	Mon Det=105017	Aux Det=608	O+H=191	 DONE
06/04/2023 07:13:16:	move motor	S18.axis2.piezo rotation to 1.673300deg	 DONE
06/04/2023 07:13:19:	3	count	time	10.000000s/cts	O Det=4	H Det=274	Mon Det=104903	Aux Det=564	O+H=278	 DONE
06/04/2023 07:13:33:	move motor	S18.axis2.piezo rotation to 1.673350deg	 DONE
06/04/2023 07:13:36:	4	count	time	10.000000s/cts	O Det=7	H Det=375	Mon Det=116133	Aux Det=628	O+H=382	 DONE
06/04/2023 07:13:49:	move motor	S18.axis2.piezo rotation to 1.673400deg	 DONE
06/04/2023 07:13:53:	5	count	time	10.000000s/cts	O Det=5	H Det=260	Mon Det=115108	Aux Det=594	O+H=265	 DONE
06/04/2023 07:14:07:	move motor	S18.axis2.piezo rotation to 1.673450deg	 DONE
06/04/2023 07:14:10:	6	count	time	10.000000s/cts	O Det=1	H Det=215	Mon Det=115877	Aux Det=574	O+H=216	 DONE
06/04/2023 07:14:24:	move motor	S18.axis2.piezo rotation to 1.673500deg	 DONE
06/04/2023 07:14:27:	7	count	time	10.000000s/cts	O Det=2	H Det=220	Mon Det=114376	Aux Det=648	O+H=222	 DONE
06/04/2023 07:14:41:	move motor	S18.axis2.piezo rotation to 1.673550deg	 DONE
06/04/2023 07:14:44:	8	count	time	10.000000s/cts	O Det=7	H Det=252	Mon Det=113741	Aux Det=740	O+H=259	 DONE
06/04/2023 07:14:58:	move motor	S18.axis2.piezo rotation to 1.673600deg	 DONE
06/04/2023 07:15:01:	9	count	time	10.000000s/cts	O Det=9	H Det=305	Mon Det=116337	Aux Det=841	O+H=314	 DONE
06/04/2023 07:15:14:	move motor	S18.axis2.piezo rotation to 1.673650deg	 DONE
06/04/2023 07:15:18:	10	count	time	10.000000s/cts	O Det=7	H Det=478	Mon Det=114616	Aux Det=1006	O+H=485	 DONE
06/04/2023 07:15:31:	move motor	S18.axis2.piezo rotation to 1.673700deg	 DONE
06/04/2023 07:15:35:	11	count	time	10.000000s/cts	O Det=14	H Det=593	Mon Det=113357	Aux Det=1061	O+H=607	 DONE
06/04/2023 07:15:48:	move motor	S18.axis2.piezo rotation to 1.673750deg	 DONE
06/04/2023 07:15:52:	12	count	time	10.000000s/cts	O Det=8	H Det=700	Mon Det=112582	Aux Det=1030	O+H=708	 DONE
06/04/2023 07:16:05:	move motor	S18.axis2.piezo rotation to 1.673800deg	 DONE
06/04/2023 07:16:09:	13	count	time	10.000000s/cts	O Det=19	H Det=977	Mon Det=102638	Aux Det=1243	O+H=996	 DONE
06/04/2023 07:16:22:	move motor	S18.axis2.piezo rotation to 1.673850deg	 DONE
06/04/2023 07:16:26:	14	count	time	10.000000s/cts	O Det=31	H Det=1108	Mon Det=103079	Aux Det=1294	O+H=1139	 DONE
06/04/2023 07:16:39:	move motor	S18.axis2.piezo rotation to 1.673900deg	 DONE
06/04/2023 07:16:43:	15	count	time	10.000000s/cts	O Det=18	H Det=1252	Mon Det=102830	Aux Det=1373	O+H=1270	 DONE
06/04/2023 07:16:56:	move motor	S18.axis2.piezo rotation to 1.673950deg	 DONE
06/04/2023 07:17:00:	16	count	time	10.000000s/cts	O Det=29	H Det=1403	Mon Det=103009	Aux Det=1343	O+H=1432	 DONE
06/04/2023 07:17:13:	move motor	S18.axis2.piezo rotation to 1.674000deg	 DONE
06/04/2023 07:17:17:	17	count	time	10.000000s/cts	O Det=19	H Det=1444	Mon Det=103150	Aux Det=1330	O+H=1463	 DONE
06/04/2023 07:17:30:	move motor	S18.axis2.piezo rotation to 1.674050deg	 DONE
06/04/2023 07:17:33:	18	count	time	10.000000s/cts	O Det=16	H Det=1262	Mon Det=103001	Aux Det=1235	O+H=1278	 DONE
06/04/2023 07:17:47:	move motor	S18.axis2.piezo rotation to 1.674100deg	 DONE
06/04/2023 07:17:50:	19	count	time	10.000000s/cts	O Det=23	H Det=1107	Mon Det=102181	Aux Det=1193	O+H=1130	 DONE
06/04/2023 07:18:04:	move motor	S18.axis2.piezo rotation to 1.674150deg	 DONE
06/04/2023 07:18:07:	20	count	time	10.000000s/cts	O Det=18	H Det=885	Mon Det=103607	Aux Det=1071	O+H=903	 DONE
06/04/2023 07:18:20:	move motor	S18.axis2.piezo rotation to 1.674200deg	 DONE
06/04/2023 07:18:24:	21	count	time	10.000000s/cts	O Det=24	H Det=762	Mon Det=103699	Aux Det=933	O+H=786	 DONE
06/04/2023 07:18:38:	move motor	S18.axis2.piezo rotation to 1.674250deg	 DONE
06/04/2023 07:18:41:	22	count	time	10.000000s/cts	O Det=10	H Det=528	Mon Det=109481	Aux Det=861	O+H=538	 DONE
06/04/2023 07:18:54:	move motor	S18.axis2.piezo rotation to 1.674300deg	 DONE
06/04/2023 07:18:58:	23	count	time	10.000000s/cts	O Det=9	H Det=421	Mon Det=110063	Aux Det=714	O+H=430	 DONE
06/04/2023 07:19:11:	move motor	S18.axis2.piezo rotation to 1.674350deg	 DONE
06/04/2023 07:19:15:	24	count	time	10.000000s/cts	O Det=2	H Det=336	Mon Det=109092	Aux Det=651	O+H=338	 DONE
06/04/2023 07:19:28:	move motor	S18.axis2.piezo rotation to 1.674400deg	 DONE
06/04/2023 07:19:32:	25	count	time	10.000000s/cts	O Det=3	H Det=233	Mon Det=108921	Aux Det=529	O+H=236	 DONE
06/04/2023 07:19:46:	move motor	S18.axis2.piezo rotation to 1.674450deg	 DONE
06/04/2023 07:19:49:	26	count	time	10.000000s/cts	O Det=2	H Det=179	Mon Det=109160	Aux Det=522	O+H=181	 DONE
06/04/2023 07:20:02:	move motor	S18.axis2.piezo rotation to 1.674500deg	 DONE
06/04/2023 07:20:06:	27	count	time	10.000000s/cts	O Det=3	H Det=136	Mon Det=112194	Aux Det=374	O+H=139	 DONE
06/04/2023 07:20:20:	move motor	S18.axis2.piezo rotation to 1.674550deg	 DONE
06/04/2023 07:20:23:	28	count	time	10.000000s/cts	O Det=6	H Det=140	Mon Det=110965	Aux Det=335	O+H=146	 DONE
06/04/2023 07:20:37:	move motor	S18.axis2.piezo rotation to 1.674600deg	 DONE
06/04/2023 07:20:40:	29	count	time	10.000000s/cts	O Det=2	H Det=111	Mon Det=109060	Aux Det=314	O+H=113	 DONE
06/04/2023 07:20:54:	move motor	S18.axis2.piezo rotation to 1.674650deg	 DONE
06/04/2023 07:20:57:	30	count	time	10.000000s/cts	O Det=2	H Det=113	Mon Det=108945	Aux Det=254	O+H=115	 DONE
06/04/2023 07:21:11:	move motor	S18.axis2.piezo rotation to 1.674700deg	 DONE
06/04/2023 07:21:14:	31	count	time	10.000000s/cts	O Det=2	H Det=72	Mon Det=103254	Aux Det=234	O+H=74	 DONE
06/04/2023 07:21:27:	move motor	S18.axis2.piezo rotation to 1.674750deg	 DONE
06/04/2023 07:21:31:	32	count	time	10.000000s/cts	O Det=3	H Det=104	Mon Det=103257	Aux Det=206	O+H=107	 DONE
06/04/2023 07:21:44:	move motor	S18.axis2.piezo rotation to 1.674800deg	 DONE
06/04/2023 07:21:48:	33	count	time	10.000000s/cts	O Det=2	H Det=75	Mon Det=104105	Aux Det=177	O+H=77	 DONE
06/04/2023 07:22:01:	move motor	S18.axis2.piezo rotation to 1.674850deg	 DONE
06/04/2023 07:22:05:	34	count	time	10.000000s/cts	O Det=1	H Det=55	Mon Det=103351	Aux Det=155	O+H=56	 DONE
06/04/2023 07:22:18:	move motor	S18.axis2.piezo rotation to 1.674900deg	 DONE
06/04/2023 07:22:22:	35	count	time	10.000000s/cts	O Det=1	H Det=64	Mon Det=104391	Aux Det=155	O+H=65	 DONE
06/04/2023 07:22:35:	move motor	S18.axis2.piezo rotation to 1.674950deg	 DONE
06/04/2023 07:22:39:	36	count	time	10.000000s/cts	O Det=2	H Det=53	Mon Det=103656	Aux Det=162	O+H=55	 DONE
06/04/2023 07:22:52:	move motor	S18.axis2.piezo rotation to 1.675000deg	 DONE
06/04/2023 07:22:56:	37	count	time	10.000000s/cts	O Det=0	H Det=50	Mon Det=104368	Aux Det=138	O+H=50	 DONE
06/04/2023 07:23:09:	move motor	S18.axis2.piezo rotation to 1.675050deg	 DONE
06/04/2023 07:23:12:	38	count	time	10.000000s/cts	O Det=1	H Det=45	Mon Det=103237	Aux Det=121	O+H=46	 DONE
06/04/2023 07:23:26:	move motor	S18.axis2.piezo rotation to 1.675100deg	 DONE
06/04/2023 07:23:29:	39	count	time	10.000000s/cts	O Det=2	H Det=38	Mon Det=102501	Aux Det=98	O+H=40	 DONE
06/04/2023 07:23:43:	move motor	S18.axis2.piezo rotation to 1.675150deg	 DONE
06/04/2023 07:23:46:	40	count	time	10.000000s/cts	O Det=0	H Det=45	Mon Det=110392	Aux Det=108	O+H=45	 DONE
06/04/2023 07:23:59:	close file and end scan	 DONE
06/04/2023 07:24:00:	set AO_S1Z (6229/ao0) to 0.000000Amps 0.000V DONE
call of setS1Zoff.sc DONE
06/04/2023 07:24:02:	move motor	S18.axis2.piezo rotation to fit AUX PEAK65	1.673932reached 1.67394  DONE
06/04/2023 07:24:06:	END OF SCRIPT	 DONE
