01/04/2023 15:32:52:	start execution of script D:\data\Cycle 192\exp_3-16-13\rawdata\sc\S1Z.sc	 DONE
01/04/2023 15:32:53:	set AO_DC2Z (PXIDAQ2/ao0) to 0.740000Amps 0.740V DONE
01/04/2023 15:32:54:	set AO_DC2Y (PXIDAQ2/ao2) to -0.547000Amps -1.094V DONE
01/04/2023 15:32:55:	set AO_DC1Z (PXIDAQ2/ao1) to 4.430000Amps 2.215V DONE
01/04/2023 15:32:56:	set AO_DC1Y (6229/ao1) to 1.668000Amps 3.336V DONE
01/04/2023 15:32:57:	create file	D:\data\Cycle 192\exp_3-16-13\rawdata\sc\S1Z_01Apr1532.dat	 DONE
room to enter remarks DONE
01/04/2023 15:32:59:	set AO_S1Z (6229/ao0) to 0.000000Amps 0.000V DONE
01/04/2023 15:33:00:	1	count	time	20.000000s/cts	O Det=198	H Det=1510	Mon Det=223481	Aux Det=2	O+H=1708	 DONE
01/04/2023 15:33:23:	set AO_S1Z (6229/ao0) to 0.100000Amps 0.050V DONE
01/04/2023 15:33:24:	2	count	time	20.000000s/cts	O Det=191	H Det=1473	Mon Det=211494	Aux Det=4	O+H=1664	 DONE
01/04/2023 15:33:47:	set AO_S1Z (6229/ao0) to 0.200000Amps 0.100V DONE
01/04/2023 15:33:48:	3	count	time	20.000000s/cts	O Det=212	H Det=1516	Mon Det=217749	Aux Det=2	O+H=1728	 DONE
01/04/2023 15:34:11:	set AO_S1Z (6229/ao0) to 0.300000Amps 0.150V DONE
01/04/2023 15:34:12:	4	count	time	20.000000s/cts	O Det=201	H Det=1472	Mon Det=213248	Aux Det=1	O+H=1673	 DONE
01/04/2023 15:34:36:	set AO_S1Z (6229/ao0) to 0.400000Amps 0.200V DONE
01/04/2023 15:34:37:	5	count	time	20.000000s/cts	O Det=196	H Det=1521	Mon Det=217581	Aux Det=1	O+H=1717	 DONE
01/04/2023 15:35:00:	set AO_S1Z (6229/ao0) to 0.500000Amps 0.250V DONE
01/04/2023 15:35:01:	6	count	time	20.000000s/cts	O Det=199	H Det=1465	Mon Det=218814	Aux Det=7	O+H=1664	 DONE
01/04/2023 15:35:24:	set AO_S1Z (6229/ao0) to 0.600000Amps 0.300V DONE
01/04/2023 15:35:25:	7	count	time	20.000000s/cts	O Det=225	H Det=1482	Mon Det=214160	Aux Det=1	O+H=1707	 DONE
01/04/2023 15:35:48:	set AO_S1Z (6229/ao0) to 0.700000Amps 0.350V DONE
01/04/2023 15:35:49:	8	count	time	20.000000s/cts	O Det=196	H Det=1461	Mon Det=219557	Aux Det=5	O+H=1657	 DONE
01/04/2023 15:36:12:	set AO_S1Z (6229/ao0) to 0.800000Amps 0.400V DONE
01/04/2023 15:36:13:	9	count	time	20.000000s/cts	O Det=207	H Det=1486	Mon Det=212981	Aux Det=3	O+H=1693	 DONE
01/04/2023 15:36:37:	set AO_S1Z (6229/ao0) to 0.900000Amps 0.450V DONE
01/04/2023 15:36:38:	10	count	time	20.000000s/cts	O Det=216	H Det=1431	Mon Det=219657	Aux Det=4	O+H=1647	 DONE
01/04/2023 15:37:01:	set AO_S1Z (6229/ao0) to 1.000000Amps 0.500V DONE
01/04/2023 15:37:02:	11	count	time	20.000000s/cts	O Det=227	H Det=1504	Mon Det=208141	Aux Det=2	O+H=1731	 DONE
01/04/2023 15:37:25:	close file and end scan	 DONE
01/04/2023 15:37:26:	END OF SCRIPT	 DONE
