02/04/2023 12:36:27:	start execution of script D:\data\Cycle 192\exp_3-16-13\rawdata\sc\S1Z.sc	 DONE
02/04/2023 12:36:28:	set AO_DC2Z (PXIDAQ2/ao0) to 0.740000Amps 0.740V DONE
02/04/2023 12:36:29:	set AO_DC2Y (PXIDAQ2/ao2) to -0.547000Amps -1.094V DONE
02/04/2023 12:36:30:	set AO_DC1Z (PXIDAQ2/ao1) to 4.430000Amps 2.215V DONE
02/04/2023 12:36:31:	set AO_DC1Y (6229/ao1) to 1.668000Amps 3.336V DONE
call of setDCpi2.sc DONE
02/04/2023 12:36:33:	create file	D:\data\Cycle 192\exp_3-16-13\rawdata\sc\S1Z_02Apr1236.dat	 DONE
room to enter remarks DONE
02/04/2023 12:36:35:	set AO_S1Z (6229/ao0) to 0.000000Amps 0.000V DONE
02/04/2023 12:36:36:	1	count	time	100.000000s/cts	O Det=1325	H Det=9619	Mon Det=1124333	Aux Det=15	O+H=10944	 DONE
02/04/2023 12:38:19:	set AO_S1Z (6229/ao0) to 0.250000Amps 0.125V DONE
02/04/2023 12:38:20:	2	count	time	100.000000s/cts	O Det=1288	H Det=9565	Mon Det=1124887	Aux Det=17	O+H=10853	 DONE
02/04/2023 12:40:03:	set AO_S1Z (6229/ao0) to 0.500000Amps 0.250V DONE
02/04/2023 12:40:04:	3	count	time	100.000000s/cts	O Det=1217	H Det=9668	Mon Det=1128979	Aux Det=15	O+H=10885	 DONE
02/04/2023 12:41:47:	set AO_S1Z (6229/ao0) to 0.750000Amps 0.375V DONE
02/04/2023 12:41:48:	4	count	time	100.000000s/cts	O Det=1315	H Det=9745	Mon Det=1124152	Aux Det=14	O+H=11060	 DONE
02/04/2023 12:43:31:	set AO_S1Z (6229/ao0) to 1.000000Amps 0.500V DONE
02/04/2023 12:43:32:	5	count	time	100.000000s/cts	O Det=1344	H Det=9491	Mon Det=1125646	Aux Det=14	O+H=10835	 DONE
02/04/2023 12:45:15:	set AO_S1Z (6229/ao0) to 1.250000Amps 0.625V DONE
02/04/2023 12:45:16:	6	count	time	100.000000s/cts	O Det=1362	H Det=9625	Mon Det=1118432	Aux Det=14	O+H=10987	 DONE
02/04/2023 12:46:59:	set AO_S1Z (6229/ao0) to 1.500000Amps 0.750V DONE
02/04/2023 12:47:00:	7	count	time	100.000000s/cts	O Det=1344	H Det=9813	Mon Det=1124910	Aux Det=12	O+H=11157	 DONE
02/04/2023 12:48:44:	set AO_S1Z (6229/ao0) to 1.750000Amps 0.875V DONE
02/04/2023 12:48:45:	8	count	time	100.000000s/cts	O Det=1374	H Det=9573	Mon Det=1123071	Aux Det=25	O+H=10947	 DONE
02/04/2023 12:50:28:	set AO_S1Z (6229/ao0) to 2.000000Amps 1.000V DONE
02/04/2023 12:50:29:	9	count	time	100.000000s/cts	O Det=1365	H Det=9871	Mon Det=1119409	Aux Det=10	O+H=11236	 DONE
02/04/2023 12:52:12:	set AO_S1Z (6229/ao0) to 2.250000Amps 1.125V DONE
02/04/2023 12:52:13:	10	count	time	100.000000s/cts	O Det=1352	H Det=9926	Mon Det=979209	Aux Det=24	O+H=11278	 DONE
02/04/2023 12:53:56:	set AO_S1Z (6229/ao0) to 2.500000Amps 1.250V DONE
02/04/2023 12:53:57:	11	count	time	100.000000s/cts	O Det=1390	H Det=9709	Mon Det=972147	Aux Det=17	O+H=11099	 DONE
02/04/2023 12:55:40:	set AO_S1Z (6229/ao0) to 2.750000Amps 1.375V DONE
02/04/2023 12:55:41:	12	count	time	100.000000s/cts	O Det=1394	H Det=9837	Mon Det=977078	Aux Det=14	O+H=11231	 DONE
02/04/2023 12:57:24:	set AO_S1Z (6229/ao0) to 3.000000Amps 1.500V DONE
02/04/2023 12:57:25:	13	count	time	100.000000s/cts	O Det=1421	H Det=9881	Mon Det=979322	Aux Det=22	O+H=11302	 DONE
02/04/2023 12:59:08:	set AO_S1Z (6229/ao0) to 3.250000Amps 1.625V DONE
02/04/2023 12:59:09:	14	count	time	100.000000s/cts	O Det=1369	H Det=10014	Mon Det=990886	Aux Det=13	O+H=11383	 DONE
02/04/2023 13:00:53:	set AO_S1Z (6229/ao0) to 3.500000Amps 1.750V DONE
02/04/2023 13:00:54:	15	count	time	100.000000s/cts	O Det=1416	H Det=9934	Mon Det=1062699	Aux Det=13	O+H=11350	 DONE
02/04/2023 13:02:37:	set AO_S1Z (6229/ao0) to 3.750000Amps 1.875V DONE
02/04/2023 13:02:38:	16	count	time	100.000000s/cts	O Det=1400	H Det=10048	Mon Det=1064123	Aux Det=15	O+H=11448	 DONE
02/04/2023 13:04:21:	set AO_S1Z (6229/ao0) to 4.000000Amps 2.000V DONE
02/04/2023 13:04:22:	17	count	time	100.000000s/cts	O Det=1465	H Det=9926	Mon Det=997757	Aux Det=9	O+H=11391	 DONE
02/04/2023 13:06:05:	set AO_S1Z (6229/ao0) to 4.250000Amps 2.125V DONE
02/04/2023 13:06:06:	18	count	time	100.000000s/cts	O Det=1508	H Det=9976	Mon Det=1040818	Aux Det=12	O+H=11484	 DONE
02/04/2023 13:07:49:	set AO_S1Z (6229/ao0) to 4.500000Amps 2.250V DONE
02/04/2023 13:07:50:	19	count	time	100.000000s/cts	O Det=1477	H Det=9867	Mon Det=984308	Aux Det=21	O+H=11344	 DONE
02/04/2023 13:09:33:	set AO_S1Z (6229/ao0) to 4.750000Amps 2.375V DONE
02/04/2023 13:09:34:	20	count	time	100.000000s/cts	O Det=1463	H Det=9995	Mon Det=997497	Aux Det=20	O+H=11458	 DONE
02/04/2023 13:11:17:	set AO_S1Z (6229/ao0) to 5.000000Amps 2.500V DONE
02/04/2023 13:11:18:	21	count	time	100.000000s/cts	O Det=1401	H Det=10139	Mon Det=984199	Aux Det=19	O+H=11540	 DONE
02/04/2023 13:13:02:	close file and end scan	 DONE
02/04/2023 13:13:03:	set AO_DC2Z (PXIDAQ2/ao0) to 0.000000Amps 0.000V DONE
02/04/2023 13:13:04:	set AO_DC2Y (PXIDAQ2/ao2) to 0.000000Amps 0.000V DONE
02/04/2023 13:13:05:	set AO_DC1Z (PXIDAQ2/ao1) to 0.000000Amps 0.000V DONE
02/04/2023 13:13:06:	set AO_DC1Y (6229/ao1) to 0.000000Amps 0.000V DONE
call of setDCoff.sc DONE
02/04/2023 13:13:08:	END OF SCRIPT	 DONE
