01/04/2023 16:38:18:	start execution of script D:\data\Cycle 192\exp_3-16-13\rawdata\sc\S1Z.sc	 DONE
01/04/2023 16:38:19:	set AO_DC2Z (PXIDAQ2/ao0) to 0.740000Amps 0.740V DONE
01/04/2023 16:38:20:	set AO_DC2Y (PXIDAQ2/ao2) to -0.547000Amps -1.094V DONE
01/04/2023 16:38:21:	set AO_DC1Z (PXIDAQ2/ao1) to 4.430000Amps 2.215V DONE
01/04/2023 16:38:22:	set AO_DC1Y (6229/ao1) to 1.668000Amps 3.336V DONE
01/04/2023 16:38:23:	create file	D:\data\Cycle 192\exp_3-16-13\rawdata\sc\S1Z_01Apr1638.dat	 DONE
room to enter remarks DONE
01/04/2023 16:38:25:	set AO_S1Z (6229/ao0) to 0.000000Amps 0.000V DONE
01/04/2023 16:38:26:	1	count	time	100.000000s/cts	O Det=1211	H Det=7758	Mon Det=1019353	Aux Det=16	O+H=8969	 DONE
01/04/2023 16:40:10:	set AO_S1Z (6229/ao0) to 0.100000Amps 0.050V DONE
01/04/2023 16:40:11:	2	count	time	100.000000s/cts	O Det=1142	H Det=7732	Mon Det=1047992	Aux Det=13	O+H=8874	 DONE
01/04/2023 16:41:54:	set AO_S1Z (6229/ao0) to 0.200000Amps 0.100V DONE
01/04/2023 16:41:55:	3	count	time	100.000000s/cts	O Det=1199	H Det=7820	Mon Det=1061968	Aux Det=14	O+H=9019	 DONE
01/04/2023 16:43:38:	set AO_S1Z (6229/ao0) to 0.300000Amps 0.150V DONE
01/04/2023 16:43:39:	4	count	time	100.000000s/cts	O Det=1283	H Det=7789	Mon Det=1060777	Aux Det=13	O+H=9072	 DONE
01/04/2023 16:45:22:	set AO_S1Z (6229/ao0) to 0.400000Amps 0.200V DONE
01/04/2023 16:45:23:	5	count	time	100.000000s/cts	O Det=1254	H Det=7709	Mon Det=1060618	Aux Det=16	O+H=8963	 DONE
01/04/2023 16:47:06:	set AO_S1Z (6229/ao0) to 0.500000Amps 0.250V DONE
01/04/2023 16:47:07:	6	count	time	100.000000s/cts	O Det=1279	H Det=7599	Mon Det=1076885	Aux Det=16	O+H=8878	 DONE
01/04/2023 16:48:50:	set AO_S1Z (6229/ao0) to 0.600000Amps 0.300V DONE
01/04/2023 16:48:52:	7	count	time	100.000000s/cts	O Det=1288	H Det=7740	Mon Det=1079666	Aux Det=19	O+H=9028	 DONE
01/04/2023 16:50:35:	set AO_S1Z (6229/ao0) to 0.700000Amps 0.350V DONE
01/04/2023 16:50:36:	8	count	time	100.000000s/cts	O Det=1227	H Det=7812	Mon Det=1074858	Aux Det=10	O+H=9039	 DONE
01/04/2023 16:52:19:	set AO_S1Z (6229/ao0) to 0.800000Amps 0.400V DONE
01/04/2023 16:52:20:	9	count	time	100.000000s/cts	O Det=1253	H Det=7898	Mon Det=1073162	Aux Det=12	O+H=9151	 DONE
01/04/2023 16:54:03:	set AO_S1Z (6229/ao0) to 0.900000Amps 0.450V DONE
01/04/2023 16:54:04:	10	count	time	100.000000s/cts	O Det=1263	H Det=7755	Mon Det=1066746	Aux Det=19	O+H=9018	 DONE
01/04/2023 16:55:47:	set AO_S1Z (6229/ao0) to 1.000000Amps 0.500V DONE
01/04/2023 16:55:48:	11	count	time	100.000000s/cts	O Det=1316	H Det=7874	Mon Det=1082071	Aux Det=17	O+H=9190	 DONE
01/04/2023 16:57:32:	set AO_S1Z (6229/ao0) to 1.100000Amps 0.550V DONE
01/04/2023 16:57:33:	12	count	time	100.000000s/cts	O Det=1311	H Det=7964	Mon Det=1083419	Aux Det=8	O+H=9275	 DONE
01/04/2023 16:59:16:	set AO_S1Z (6229/ao0) to 1.200000Amps 0.600V DONE
01/04/2023 16:59:17:	13	count	time	100.000000s/cts	O Det=1278	H Det=7771	Mon Det=1065298	Aux Det=9	O+H=9049	 DONE
01/04/2023 17:01:00:	close file and end scan	 DONE
01/04/2023 17:01:01:	END OF SCRIPT	 DONE
