02/04/2023 13:49:42:	start execution of script D:\data\Cycle 192\exp_3-16-13\rawdata\sc\S1Z.sc	 DONE
02/04/2023 13:49:43:	set AO_DC2Z (PXIDAQ2/ao0) to 0.740000Amps 0.740V DONE
02/04/2023 13:49:44:	set AO_DC2Y (PXIDAQ2/ao2) to -0.547000Amps -1.094V DONE
02/04/2023 13:49:45:	set AO_DC1Z (PXIDAQ2/ao1) to 4.430000Amps 2.215V DONE
02/04/2023 13:49:46:	set AO_DC1Y (6229/ao1) to 1.668000Amps 3.336V DONE
call of setDCpi2.sc DONE
02/04/2023 13:49:48:	create file	D:\data\Cycle 192\exp_3-16-13\rawdata\sc\S1Z_02Apr1349.dat	 DONE
room to enter remarks DONE
02/04/2023 13:49:50:	set AO_S1X (PXIDAQ2/ao3) to 0.000000Amps 0.000V DONE
02/04/2023 13:49:51:	1	count	time	100.000000s/cts	O Det=204	H Det=9053	Mon Det=935751	Aux Det=10	O+H=9257	 DONE
02/04/2023 13:51:34:	set AO_S1X (PXIDAQ2/ao3) to 0.250000Amps 0.500V DONE
02/04/2023 13:51:35:	2	count	time	100.000000s/cts	O Det=199	H Det=8994	Mon Det=1033616	Aux Det=11	O+H=9193	 DONE
02/04/2023 13:53:19:	set AO_S1X (PXIDAQ2/ao3) to 0.500000Amps 1.000V DONE
02/04/2023 13:53:20:	3	count	time	100.000000s/cts	O Det=334	H Det=9202	Mon Det=983187	Aux Det=15	O+H=9536	 DONE
02/04/2023 13:55:03:	set AO_S1X (PXIDAQ2/ao3) to 0.750000Amps 1.500V DONE
02/04/2023 13:55:04:	4	count	time	100.000000s/cts	O Det=40	H Det=686	Mon Det=77261	Aux Det=1	O+H=726	STOPPED BY USER	02/04/2023 13:55:15:	close file and end scan	 DONE
02/04/2023 13:55:16:	set AO_DC2Z (PXIDAQ2/ao0) to 0.000000Amps 0.000V DONE
02/04/2023 13:55:17:	set AO_DC2Y (PXIDAQ2/ao2) to 0.000000Amps 0.000V DONE
02/04/2023 13:55:18:	set AO_DC1Z (PXIDAQ2/ao1) to 0.000000Amps 0.000V DONE
02/04/2023 13:55:19:	set AO_DC1Y (6229/ao1) to 0.000000Amps 0.000V DONE
call of setDCoff.sc DONE
02/04/2023 13:55:21:	END OF SCRIPT	 DONE
