01/04/2023 18:10:10:	start execution of script D:\data\Cycle 192\exp_3-16-13\rawdata\sc\S1Z.sc	 DONE
01/04/2023 18:10:11:	set AO_DC2Z (PXIDAQ2/ao0) to 0.740000Amps 0.740V DONE
01/04/2023 18:10:12:	set AO_DC2Y (PXIDAQ2/ao2) to -0.547000Amps -1.094V DONE
01/04/2023 18:10:13:	set AO_DC1Z (PXIDAQ2/ao1) to 4.430000Amps 2.215V DONE
01/04/2023 18:10:14:	set AO_DC1Y (6229/ao1) to 1.668000Amps 3.336V DONE
01/04/2023 18:10:15:	create file	D:\data\Cycle 192\exp_3-16-13\rawdata\sc\S1Z_01Apr1810.dat	 DONE
room to enter remarks DONE
01/04/2023 18:10:17:	set AO_S1Z (6229/ao0) to 0.000000Amps 0.000V DONE
01/04/2023 18:10:18:	1	count	time	20.000000s/cts	O Det=283	H Det=1545	Mon Det=220681	Aux Det=4	O+H=1828	 DONE
01/04/2023 18:10:41:	set AO_S1Z (6229/ao0) to 0.100000Amps 0.050V DONE
01/04/2023 18:10:42:	2	count	time	20.000000s/cts	O Det=242	H Det=1546	Mon Det=218817	Aux Det=5	O+H=1788	 DONE
01/04/2023 18:11:06:	set AO_S1Z (6229/ao0) to 0.200000Amps 0.100V DONE
01/04/2023 18:11:07:	3	count	time	20.000000s/cts	O Det=265	H Det=1583	Mon Det=221286	Aux Det=1	O+H=1848	 DONE
01/04/2023 18:11:30:	set AO_S1Z (6229/ao0) to 0.300000Amps 0.150V DONE
01/04/2023 18:11:31:	4	count	time	20.000000s/cts	O Det=285	H Det=1584	Mon Det=221349	Aux Det=0	O+H=1869	 DONE
01/04/2023 18:11:54:	set AO_S1Z (6229/ao0) to 0.400000Amps 0.200V DONE
01/04/2023 18:11:55:	5	count	time	20.000000s/cts	O Det=270	H Det=1570	Mon Det=218613	Aux Det=3	O+H=1840	 DONE
01/04/2023 18:12:18:	set AO_S1Z (6229/ao0) to 0.500000Amps 0.250V DONE
01/04/2023 18:12:19:	6	count	time	20.000000s/cts	O Det=249	H Det=1566	Mon Det=218910	Aux Det=0	O+H=1815	 DONE
01/04/2023 18:12:42:	set AO_S1Z (6229/ao0) to 0.600000Amps 0.300V DONE
01/04/2023 18:12:43:	7	count	time	20.000000s/cts	O Det=254	H Det=1670	Mon Det=220208	Aux Det=5	O+H=1924	 DONE
01/04/2023 18:13:06:	set AO_S1Z (6229/ao0) to 0.700000Amps 0.350V DONE
01/04/2023 18:13:07:	8	count	time	20.000000s/cts	O Det=289	H Det=1612	Mon Det=221484	Aux Det=0	O+H=1901	 DONE
01/04/2023 18:13:31:	set AO_S1Z (6229/ao0) to 0.800000Amps 0.400V DONE
01/04/2023 18:13:32:	9	count	time	20.000000s/cts	O Det=284	H Det=1599	Mon Det=220444	Aux Det=0	O+H=1883	 DONE
01/04/2023 18:13:55:	set AO_S1Z (6229/ao0) to 0.900000Amps 0.450V DONE
01/04/2023 18:13:56:	10	count	time	20.000000s/cts	O Det=277	H Det=1546	Mon Det=217558	Aux Det=4	O+H=1823	 DONE
01/04/2023 18:14:19:	set AO_S1Z (6229/ao0) to 1.000000Amps 0.500V DONE
01/04/2023 18:14:20:	11	count	time	20.000000s/cts	O Det=265	H Det=1588	Mon Det=221150	Aux Det=3	O+H=1853	 DONE
01/04/2023 18:14:43:	set AO_S1Z (6229/ao0) to 1.100000Amps 0.550V DONE
01/04/2023 18:14:44:	12	count	time	20.000000s/cts	O Det=267	H Det=1595	Mon Det=222415	Aux Det=4	O+H=1862	 DONE
01/04/2023 18:15:07:	set AO_S1Z (6229/ao0) to 1.200000Amps 0.600V DONE
01/04/2023 18:15:08:	13	count	time	20.000000s/cts	O Det=270	H Det=1604	Mon Det=221790	Aux Det=7	O+H=1874	 DONE
01/04/2023 18:15:31:	set AO_S1Z (6229/ao0) to 1.300000Amps 0.650V DONE
01/04/2023 18:15:33:	14	count	time	20.000000s/cts	O Det=291	H Det=1612	Mon Det=222898	Aux Det=3	O+H=1903	 DONE
01/04/2023 18:15:56:	set AO_S1Z (6229/ao0) to 1.400000Amps 0.700V DONE
01/04/2023 18:15:57:	15	count	time	20.000000s/cts	O Det=267	H Det=1614	Mon Det=221251	Aux Det=3	O+H=1881	 DONE
01/04/2023 18:16:20:	set AO_S1Z (6229/ao0) to 1.500000Amps 0.750V DONE
01/04/2023 18:16:21:	16	count	time	20.000000s/cts	O Det=289	H Det=1625	Mon Det=223648	Aux Det=3	O+H=1914	 DONE
01/04/2023 18:16:44:	close file and end scan	 DONE
01/04/2023 18:16:45:	END OF SCRIPT	 DONE
