01/04/2023 20:30:19:	start execution of script D:\data\Cycle 192\exp_3-16-13\rawdata\sc\S2Z.sc	 DONE
01/04/2023 20:30:20:	set AO_DC2Z (PXIDAQ2/ao0) to 0.740000Amps 0.740V DONE
01/04/2023 20:30:21:	set AO_DC2Y (PXIDAQ2/ao2) to -0.547000Amps -1.094V DONE
01/04/2023 20:30:22:	set AO_DC1Z (PXIDAQ2/ao1) to 4.430000Amps 2.215V DONE
01/04/2023 20:30:23:	set AO_DC1Y (6229/ao1) to 1.668000Amps 3.336V DONE
01/04/2023 20:30:24:	create file	D:\data\Cycle 192\exp_3-16-13\rawdata\sc\S2Z_01Apr2030.dat	 DONE
room to enter remarks DONE
01/04/2023 20:30:26:	set AO_S2Z (PXIDAQ1/ao3) to 0.000000Amps 0.000V DONE
01/04/2023 20:30:27:	1	count	time	100.000000s/cts	O Det=1373	H Det=4917	Mon Det=1067187	Aux Det=10866	O+H=6290	 DONE
01/04/2023 20:32:10:	set AO_S2Z (PXIDAQ1/ao3) to 0.100000Amps 0.100V DONE
01/04/2023 20:32:11:	2	count	time	100.000000s/cts	O Det=1293	H Det=4911	Mon Det=1073501	Aux Det=10757	O+H=6204	 DONE
01/04/2023 20:33:54:	set AO_S2Z (PXIDAQ1/ao3) to 0.200000Amps 0.200V DONE
01/04/2023 20:33:55:	3	count	time	100.000000s/cts	O Det=1422	H Det=4980	Mon Det=981070	Aux Det=10647	O+H=6402	 DONE
01/04/2023 20:35:38:	set AO_S2Z (PXIDAQ1/ao3) to 0.300000Amps 0.300V DONE
01/04/2023 20:35:39:	4	count	time	100.000000s/cts	O Det=1371	H Det=4941	Mon Det=973032	Aux Det=10758	O+H=6312	 DONE
01/04/2023 20:37:23:	set AO_S2Z (PXIDAQ1/ao3) to 0.400000Amps 0.400V DONE
01/04/2023 20:37:24:	5	count	time	100.000000s/cts	O Det=1386	H Det=4955	Mon Det=977307	Aux Det=10665	O+H=6341	 DONE
01/04/2023 20:39:07:	set AO_S2Z (PXIDAQ1/ao3) to 0.500000Amps 0.500V DONE
01/04/2023 20:39:08:	6	count	time	100.000000s/cts	O Det=1425	H Det=4843	Mon Det=973129	Aux Det=10761	O+H=6268	 DONE
01/04/2023 20:40:51:	set AO_S2Z (PXIDAQ1/ao3) to 0.600000Amps 0.600V DONE
01/04/2023 20:40:52:	7	count	time	100.000000s/cts	O Det=1287	H Det=5013	Mon Det=979144	Aux Det=10868	O+H=6300	 DONE
01/04/2023 20:42:35:	set AO_S2Z (PXIDAQ1/ao3) to 0.700000Amps 0.700V DONE
01/04/2023 20:42:36:	8	count	time	100.000000s/cts	O Det=1367	H Det=5049	Mon Det=972666	Aux Det=10738	O+H=6416	 DONE
01/04/2023 20:44:19:	set AO_S2Z (PXIDAQ1/ao3) to 0.800000Amps 0.800V DONE
01/04/2023 20:44:20:	9	count	time	100.000000s/cts	O Det=1355	H Det=4902	Mon Det=974946	Aux Det=10922	O+H=6257	 DONE
01/04/2023 20:46:04:	set AO_S2Z (PXIDAQ1/ao3) to 0.900000Amps 0.900V DONE
01/04/2023 20:46:05:	10	count	time	100.000000s/cts	O Det=1237	H Det=4966	Mon Det=971287	Aux Det=10914	O+H=6203	 DONE
01/04/2023 20:47:48:	set AO_S2Z (PXIDAQ1/ao3) to 1.000000Amps 1.000V DONE
01/04/2023 20:47:49:	11	count	time	100.000000s/cts	O Det=1294	H Det=5132	Mon Det=974576	Aux Det=10729	O+H=6426	 DONE
01/04/2023 20:49:32:	set AO_S2Z (PXIDAQ1/ao3) to 1.100000Amps 1.100V DONE
01/04/2023 20:49:33:	12	count	time	100.000000s/cts	O Det=1217	H Det=5039	Mon Det=975116	Aux Det=10707	O+H=6256	 DONE
01/04/2023 20:51:16:	set AO_S2Z (PXIDAQ1/ao3) to 1.200000Amps 1.200V DONE
01/04/2023 20:51:17:	13	count	time	100.000000s/cts	O Det=1179	H Det=5152	Mon Det=976163	Aux Det=10770	O+H=6331	 DONE
01/04/2023 20:53:00:	set AO_S2Z (PXIDAQ1/ao3) to 1.300000Amps 1.300V DONE
01/04/2023 20:53:01:	14	count	time	100.000000s/cts	O Det=1190	H Det=5143	Mon Det=972031	Aux Det=10889	O+H=6333	 DONE
01/04/2023 20:54:45:	set AO_S2Z (PXIDAQ1/ao3) to 1.400000Amps 1.400V DONE
01/04/2023 20:54:46:	15	count	time	100.000000s/cts	O Det=1198	H Det=5196	Mon Det=972553	Aux Det=10827	O+H=6394	 DONE
01/04/2023 20:56:29:	set AO_S2Z (PXIDAQ1/ao3) to 1.500000Amps 1.500V DONE
01/04/2023 20:56:30:	16	count	time	100.000000s/cts	O Det=1084	H Det=5282	Mon Det=966970	Aux Det=10879	O+H=6366	 DONE
01/04/2023 20:58:13:	close file and end scan	 DONE
01/04/2023 20:58:14:	END OF SCRIPT	 DONE
