02/04/2023 10:44:15:	start execution of script D:\data\Cycle 192\exp_3-16-13\rawdata\sc\S2Z.sc	 DONE
02/04/2023 10:44:16:	set AO_DC2Z (PXIDAQ2/ao0) to 0.740000Amps 0.740V DONE
02/04/2023 10:44:17:	set AO_DC2Y (PXIDAQ2/ao2) to -0.547000Amps -1.094V DONE
02/04/2023 10:44:18:	set AO_DC1Z (PXIDAQ2/ao1) to 4.430000Amps 2.215V DONE
02/04/2023 10:44:19:	set AO_DC1Y (6229/ao1) to 1.668000Amps 3.336V DONE
call of setDCpi2.sc DONE
02/04/2023 10:44:21:	create file	D:\data\Cycle 192\exp_3-16-13\rawdata\sc\S2Z_02Apr1044.dat	 DONE
room to enter remarks DONE
02/04/2023 10:44:23:	set AO_S2Z (PXIDAQ1/ao3) to 0.000000Amps 0.000V DONE
02/04/2023 10:44:24:	1	count	time	100.000000s/cts	O Det=1849	H Det=8706	Mon Det=996485	Aux Det=13906	O+H=10555	 DONE
02/04/2023 10:46:07:	set AO_S2Z (PXIDAQ1/ao3) to 0.250000Amps 0.250V DONE
02/04/2023 10:46:08:	2	count	time	100.000000s/cts	O Det=1762	H Det=8751	Mon Det=987268	Aux Det=13778	O+H=10513	 DONE
02/04/2023 10:47:52:	set AO_S2Z (PXIDAQ1/ao3) to 0.500000Amps 0.500V DONE
02/04/2023 10:47:53:	3	count	time	100.000000s/cts	O Det=1628	H Det=8744	Mon Det=990204	Aux Det=13868	O+H=10372	 DONE
02/04/2023 10:49:36:	set AO_S2Z (PXIDAQ1/ao3) to 0.750000Amps 0.750V DONE
02/04/2023 10:49:37:	4	count	time	100.000000s/cts	O Det=1684	H Det=8817	Mon Det=985638	Aux Det=13934	O+H=10501	 DONE
02/04/2023 10:51:20:	set AO_S2Z (PXIDAQ1/ao3) to 1.000000Amps 1.000V DONE
02/04/2023 10:51:21:	5	count	time	100.000000s/cts	O Det=1506	H Det=8888	Mon Det=989961	Aux Det=13976	O+H=10394	 DONE
02/04/2023 10:53:04:	set AO_S2Z (PXIDAQ1/ao3) to 1.250000Amps 1.250V DONE
02/04/2023 10:53:05:	6	count	time	100.000000s/cts	O Det=1400	H Det=8826	Mon Det=986485	Aux Det=13720	O+H=10226	 DONE
02/04/2023 10:54:48:	set AO_S2Z (PXIDAQ1/ao3) to 1.500000Amps 1.500V DONE
02/04/2023 10:54:49:	7	count	time	100.000000s/cts	O Det=1255	H Det=8832	Mon Det=989685	Aux Det=13684	O+H=10087	 DONE
02/04/2023 10:56:32:	set AO_S2Z (PXIDAQ1/ao3) to 1.750000Amps 1.750V DONE
02/04/2023 10:56:33:	8	count	time	100.000000s/cts	O Det=1084	H Det=8969	Mon Det=990426	Aux Det=13753	O+H=10053	 DONE
02/04/2023 10:58:16:	set AO_S2Z (PXIDAQ1/ao3) to 2.000000Amps 2.000V DONE
02/04/2023 10:58:17:	9	count	time	100.000000s/cts	O Det=902	H Det=8889	Mon Det=993198	Aux Det=13788	O+H=9791	 DONE
02/04/2023 11:00:01:	set AO_S2Z (PXIDAQ1/ao3) to 2.250000Amps 2.250V DONE
02/04/2023 11:00:02:	10	count	time	100.000000s/cts	O Det=769	H Det=8956	Mon Det=947933	Aux Det=13706	O+H=9725	 DONE
02/04/2023 11:01:45:	set AO_S2Z (PXIDAQ1/ao3) to 2.500000Amps 2.500V DONE
02/04/2023 11:01:46:	11	count	time	100.000000s/cts	O Det=593	H Det=8862	Mon Det=968006	Aux Det=13664	O+H=9455	 DONE
02/04/2023 11:03:29:	set AO_S2Z (PXIDAQ1/ao3) to 2.750000Amps 2.750V DONE
02/04/2023 11:03:30:	12	count	time	100.000000s/cts	O Det=424	H Det=8913	Mon Det=975711	Aux Det=13726	O+H=9337	 DONE
02/04/2023 11:05:13:	set AO_S2Z (PXIDAQ1/ao3) to 3.000000Amps 3.000V DONE
02/04/2023 11:05:14:	13	count	time	100.000000s/cts	O Det=325	H Det=8755	Mon Det=970527	Aux Det=13776	O+H=9080	 DONE
02/04/2023 11:06:57:	set AO_S2Z (PXIDAQ1/ao3) to 3.250000Amps 3.250V DONE
02/04/2023 11:06:58:	14	count	time	100.000000s/cts	O Det=226	H Det=8741	Mon Det=971489	Aux Det=13864	O+H=8967	 DONE
02/04/2023 11:08:41:	set AO_S2Z (PXIDAQ1/ao3) to 3.500000Amps 3.500V DONE
02/04/2023 11:08:42:	15	count	time	100.000000s/cts	O Det=152	H Det=8774	Mon Det=969114	Aux Det=13895	O+H=8926	 DONE
02/04/2023 11:10:25:	set AO_S2Z (PXIDAQ1/ao3) to 3.750000Amps 3.750V DONE
02/04/2023 11:10:26:	16	count	time	100.000000s/cts	O Det=128	H Det=8830	Mon Det=972117	Aux Det=13771	O+H=8958	 DONE
02/04/2023 11:12:10:	set AO_S2Z (PXIDAQ1/ao3) to 4.000000Amps 4.000V DONE
02/04/2023 11:12:11:	17	count	time	100.000000s/cts	O Det=116	H Det=8759	Mon Det=972182	Aux Det=13861	O+H=8875	 DONE
02/04/2023 11:13:54:	set AO_S2Z (PXIDAQ1/ao3) to 4.250000Amps 4.250V DONE
02/04/2023 11:13:55:	18	count	time	100.000000s/cts	O Det=99	H Det=8890	Mon Det=971540	Aux Det=13837	O+H=8989	 DONE
02/04/2023 11:15:38:	set AO_S2Z (PXIDAQ1/ao3) to 4.500000Amps 4.500V DONE
02/04/2023 11:15:39:	19	count	time	100.000000s/cts	O Det=153	H Det=8531	Mon Det=973302	Aux Det=14027	O+H=8684	 DONE
02/04/2023 11:17:22:	set AO_S2Z (PXIDAQ1/ao3) to 4.750000Amps 4.750V DONE
02/04/2023 11:17:23:	20	count	time	100.000000s/cts	O Det=251	H Det=8631	Mon Det=968648	Aux Det=13903	O+H=8882	 DONE
02/04/2023 11:19:06:	set AO_S2Z (PXIDAQ1/ao3) to 5.000000Amps 5.000V DONE
02/04/2023 11:19:07:	21	count	time	100.000000s/cts	O Det=335	H Det=8478	Mon Det=972309	Aux Det=13997	O+H=8813	 DONE
02/04/2023 11:20:50:	close file and end scan	 DONE
02/04/2023 11:20:51:	set AO_DC2Z (PXIDAQ2/ao0) to 0.000000Amps 0.000V DONE
02/04/2023 11:20:52:	set AO_DC2Y (PXIDAQ2/ao2) to 0.000000Amps 0.000V DONE
02/04/2023 11:20:53:	set AO_DC1Z (PXIDAQ2/ao1) to 0.000000Amps 0.000V DONE
02/04/2023 11:20:54:	set AO_DC1Y (6229/ao1) to 0.000000Amps 0.000V DONE
call of setDCoff.sc DONE
02/04/2023 11:20:56:	END OF SCRIPT	 DONE
