02/04/2023 10:31:01:	start execution of script D:\data\Cycle 192\exp_3-16-13\rawdata\sc\S2Z.sc	 DONE
02/04/2023 10:31:02:	set AO_DC2Z (PXIDAQ2/ao0) to 0.740000Amps 0.740V DONE
02/04/2023 10:31:03:	set AO_DC2Y (PXIDAQ2/ao2) to -0.547000Amps -1.094V DONE
02/04/2023 10:31:04:	set AO_DC1Z (PXIDAQ2/ao1) to 4.430000Amps 2.215V DONE
02/04/2023 10:31:05:	set AO_DC1Y (6229/ao1) to 1.668000Amps 3.336V DONE
call of setDCpi2.sc DONE
02/04/2023 10:31:07:	create file	D:\data\Cycle 192\exp_3-16-13\rawdata\sc\S2Z_02Apr1031.dat	 DONE
room to enter remarks DONE
02/04/2023 10:31:09:	set AO_S2Z (PXIDAQ1/ao3) to 0.000000Amps 0.000V DONE
02/04/2023 10:31:10:	1	count	time	20.000000s/cts	O Det=371	H Det=1770	Mon Det=197802	Aux Det=2661	O+H=2141	 DONE
02/04/2023 10:31:33:	set AO_S2Z (PXIDAQ1/ao3) to 0.250000Amps 0.250V DONE
02/04/2023 10:31:34:	2	count	time	20.000000s/cts	O Det=420	H Det=1760	Mon Det=197788	Aux Det=2614	O+H=2180	 DONE
02/04/2023 10:31:57:	set AO_S2Z (PXIDAQ1/ao3) to 0.500000Amps 0.500V DONE
02/04/2023 10:31:58:	3	count	time	20.000000s/cts	O Det=400	H Det=1788	Mon Det=198489	Aux Det=2714	O+H=2188	 DONE
02/04/2023 10:32:21:	set AO_S2Z (PXIDAQ1/ao3) to 0.750000Amps 0.750V DONE
02/04/2023 10:32:22:	4	count	time	20.000000s/cts	O Det=362	H Det=1772	Mon Det=198237	Aux Det=2778	O+H=2134	 DONE
02/04/2023 10:32:46:	set AO_S2Z (PXIDAQ1/ao3) to 1.000000Amps 1.000V DONE
02/04/2023 10:32:47:	5	count	time	20.000000s/cts	O Det=319	H Det=1735	Mon Det=195782	Aux Det=2709	O+H=2054	 DONE
02/04/2023 10:33:10:	set AO_S2Z (PXIDAQ1/ao3) to 1.250000Amps 1.250V DONE
02/04/2023 10:33:11:	6	count	time	20.000000s/cts	O Det=297	H Det=1836	Mon Det=199295	Aux Det=2820	O+H=2133	 DONE
02/04/2023 10:33:34:	set AO_S2Z (PXIDAQ1/ao3) to 1.500000Amps 1.500V DONE
02/04/2023 10:33:35:	7	count	time	20.000000s/cts	O Det=242	H Det=1722	Mon Det=199344	Aux Det=2707	O+H=1964	 DONE
02/04/2023 10:33:58:	set AO_S2Z (PXIDAQ1/ao3) to 1.750000Amps 1.750V DONE
02/04/2023 10:33:59:	8	count	time	20.000000s/cts	O Det=198	H Det=1810	Mon Det=200613	Aux Det=2626	O+H=2008	 DONE
02/04/2023 10:34:22:	set AO_S2Z (PXIDAQ1/ao3) to 2.000000Amps 2.000V DONE
02/04/2023 10:34:23:	9	count	time	20.000000s/cts	O Det=207	H Det=1809	Mon Det=195790	Aux Det=2793	O+H=2016	 DONE
02/04/2023 10:34:46:	set AO_S2Z (PXIDAQ1/ao3) to 2.250000Amps 2.250V DONE
02/04/2023 10:34:47:	10	count	time	20.000000s/cts	O Det=195	H Det=1806	Mon Det=199587	Aux Det=2640	O+H=2001	 DONE
02/04/2023 10:35:10:	set AO_S2Z (PXIDAQ1/ao3) to 2.500000Amps 2.500V DONE
02/04/2023 10:35:11:	11	count	time	20.000000s/cts	O Det=114	H Det=1829	Mon Det=198142	Aux Det=2743	O+H=1943	 DONE
02/04/2023 10:35:35:	set AO_S2Z (PXIDAQ1/ao3) to 2.750000Amps 2.750V DONE
02/04/2023 10:35:36:	12	count	time	20.000000s/cts	O Det=81	H Det=1874	Mon Det=198532	Aux Det=2678	O+H=1955	 DONE
02/04/2023 10:35:59:	set AO_S2Z (PXIDAQ1/ao3) to 3.000000Amps 3.000V DONE
02/04/2023 10:36:00:	13	count	time	20.000000s/cts	O Det=73	H Det=1797	Mon Det=198281	Aux Det=2674	O+H=1870	 DONE
02/04/2023 10:36:23:	set AO_S2Z (PXIDAQ1/ao3) to 3.250000Amps 3.250V DONE
02/04/2023 10:36:24:	14	count	time	20.000000s/cts	O Det=53	H Det=1865	Mon Det=199521	Aux Det=2700	O+H=1918	 DONE
02/04/2023 10:36:47:	set AO_S2Z (PXIDAQ1/ao3) to 3.500000Amps 3.500V DONE
02/04/2023 10:36:48:	15	count	time	20.000000s/cts	O Det=27	H Det=1862	Mon Det=199595	Aux Det=2795	O+H=1889	 DONE
02/04/2023 10:37:11:	set AO_S2Z (PXIDAQ1/ao3) to 3.750000Amps 3.750V DONE
02/04/2023 10:37:12:	16	count	time	20.000000s/cts	O Det=25	H Det=1746	Mon Det=197267	Aux Det=2626	O+H=1771	 DONE
02/04/2023 10:37:35:	set AO_S2Z (PXIDAQ1/ao3) to 4.000000Amps 4.000V DONE
02/04/2023 10:37:36:	17	count	time	20.000000s/cts	O Det=32	H Det=1791	Mon Det=197928	Aux Det=2666	O+H=1823	 DONE
02/04/2023 10:37:59:	set AO_S2Z (PXIDAQ1/ao3) to 4.250000Amps 4.250V DONE
02/04/2023 10:38:00:	18	count	time	20.000000s/cts	O Det=33	H Det=1819	Mon Det=200703	Aux Det=2687	O+H=1852	 DONE
02/04/2023 10:38:24:	set AO_S2Z (PXIDAQ1/ao3) to 4.500000Amps 4.500V DONE
02/04/2023 10:38:25:	19	count	time	20.000000s/cts	O Det=39	H Det=1817	Mon Det=199952	Aux Det=2676	O+H=1856	 DONE
02/04/2023 10:38:48:	set AO_S2Z (PXIDAQ1/ao3) to 4.750000Amps 4.750V DONE
02/04/2023 10:38:49:	20	count	time	20.000000s/cts	O Det=53	H Det=1774	Mon Det=197337	Aux Det=2714	O+H=1827	 DONE
02/04/2023 10:39:12:	set AO_S2Z (PXIDAQ1/ao3) to 5.000000Amps 5.000V DONE
02/04/2023 10:39:13:	21	count	time	20.000000s/cts	O Det=80	H Det=1855	Mon Det=198962	Aux Det=2737	O+H=1935	 DONE
02/04/2023 10:39:36:	close file and end scan	 DONE
02/04/2023 10:39:37:	set AO_DC2Z (PXIDAQ2/ao0) to 0.000000Amps 0.000V DONE
02/04/2023 10:39:38:	set AO_DC2Y (PXIDAQ2/ao2) to 0.000000Amps 0.000V DONE
02/04/2023 10:39:39:	set AO_DC1Z (PXIDAQ2/ao1) to 0.000000Amps 0.000V DONE
02/04/2023 10:39:40:	set AO_DC1Y (6229/ao1) to 0.000000Amps 0.000V DONE
call of setDCoff.sc DONE
02/04/2023 10:39:42:	END OF SCRIPT	 DONE
